999 -318.621384
1999 -298.193980
2999 -339.887563
3999 -381.016784
4999 -338.534133
5999 -480.680540
6999 -484.891576
7999 -356.271844
8999 -376.222656
9999 -205.668675
10999 -174.955392
11999 -258.835702
12999 -410.884510
13999 -361.522893
14999 -264.605538
15999 -202.030458
16999 -280.657372
17999 -272.771174
18999 -304.667320
19999 -278.103809
20999 -216.558614
21999 -119.787637
22999 -166.438873
23999 -307.724731
24999 -248.025677
25999 -242.486083
26999 -142.949220
27999 -215.565227
28999 -226.921189
29999 -241.135379
30999 -241.873792
31999 -166.781585
32999 -187.775749
33999 -130.041315
34999 -189.085090
35999 -173.786518
36999 -261.315663
37999 -184.005772
38999 -108.278391
39999 -156.485235
40999 -119.635103
41999 -145.126395
42999 -201.884275
43999 -223.593597
44999 -236.285160
45999 -114.571055
46999 -147.145715
47999 -72.976604
48999 -148.768728
49999 -94.857175
50999 -156.466050
51999 -77.483966
52999 -194.870929
53999 -99.824901
54999 -33.538646
55999 -191.407395
56999 -120.291653
57999 -24.020934
58999 -98.667739
59999 -11.588373
60999 28.167744
61999 -185.459087
62999 -197.874116
63999 -6.768942
64999 18.793538
65999 -117.390513
66999 91.175707
67999 43.778187
68999 0.400945
69999 88.006403
70999 -20.556115
71999 67.759461
72999 110.273191
73999 118.790550
74999 52.229786
75999 21.520448
76999 43.718304
77999 90.455267
78999 -61.819498
79999 32.493297
80999 194.984322
81999 -63.568182
82999 106.873782
83999 167.544422
84999 281.855207
85999 336.243371
86999 116.191228
87999 237.570381
88999 122.010306
89999 227.747433
90999 224.207748
91999 197.760182
92999 318.566704
93999 301.141831
94999 204.583285
95999 244.288272
96999 295.306597
97999 473.339638
98999 171.307127
99999 448.581929
100999 508.211777
101999 426.470903
102999 369.132591
103999 510.861792
104999 612.301125
105999 470.269938
106999 407.430560
107999 531.750634
108999 575.190124
109999 534.674990
110999 543.580342
111999 402.788755
112999 132.795743
113999 609.712951
114999 559.950569
115999 591.485268
116999 602.867603
117999 450.664166
118999 -147.993010
119999 595.424397
120999 544.407715
121999 768.635016
122999 672.927874
123999 611.942128
124999 569.431330
125999 36.107541
126999 788.115991
127999 704.567121
128999 671.077897
129999 803.001805
130999 619.491648
131999 440.764973
132999 28.839803
133999 658.836148
134999 786.841878
135999 727.704432
136999 598.384593
137999 768.658154
138999 824.136903
139999 637.675597
140999 878.227065
141999 716.209978
142999 710.920668
143999 1000.460186
144999 991.254468
145999 336.974172
146999 455.635507
147999 914.873546
148999 729.651632
149999 888.279624
150999 341.866761
151999 785.417601
152999 822.344086
153999 304.821693
154999 908.928960
155999 855.128159
156999 910.518048
157999 648.318372
158999 1085.014982
159999 903.033849
160999 730.197454
161999 943.033625
162999 1200.459434
163999 933.419419
164999 868.799497
165999 971.824295
166999 636.385448
167999 498.736402
168999 1084.660898
169999 818.494863
170999 594.179207
171999 1274.740507
172999 949.348898
173999 1045.521390
174999 1298.001611
175999 1285.568207
176999 1201.322260
177999 1178.409823
178999 890.010107
179999 1189.795789
180999 1084.074115
181999 1286.685704
182999 1351.381512
183999 771.559177
184999 197.497881
185999 1125.629477
186999 1238.056912
187999 1088.325602
188999 1218.715984
189999 1303.268955
190999 344.735766
191999 1191.383347
192999 1286.567258
193999 1311.404973
194999 1202.834813
195999 458.693571
196999 1265.807635
197999 84.726887
198999 1382.497197
199999 1307.382955
200999 863.912118
201999 1135.267833
202999 1342.744652
203999 1302.224187
204999 1398.693754
205999 -34.869883
206999 1378.790703
207999 61.508092
208999 1139.287095
209999 1418.425205
210999 1440.833127
211999 1328.057584
212999 1482.009385
213999 1230.442154
214999 1308.629848
215999 1272.907423
216999 1204.175359
217999 1201.815709
218999 -33.832980
219999 1372.220205
220999 74.699006
221999 65.199627
222999 543.066487
223999 1477.697699
224999 1594.548240
225999 1577.028833
226999 1096.878250
227999 1592.603598
228999 1452.582433
229999 1567.371265
230999 1316.402329
231999 1338.246385
232999 1596.339593
233999 1429.513999
234999 1424.313505
235999 1480.399285
236999 1703.331642
237999 979.048641
238999 1670.545799
239999 1610.888308
240999 1458.673513
241999 1291.374132
242999 1617.158204
243999 1604.649008
244999 1547.891475
245999 1498.940219
246999 1688.163215
247999 1533.687657
248999 1585.922952
249999 1770.056618
250999 1530.245230
251999 1498.570959
252999 1546.476093
253999 1685.804640
254999 1499.869794
255999 1896.023182
256999 1561.340599
257999 1593.336806
258999 1728.055056
259999 1729.105340
260999 487.042552
261999 1629.121169
262999 1594.236618
263999 1668.054867
264999 1610.472725
265999 1882.351066
266999 1672.466471
267999 1213.828747
268999 1593.803181
269999 1687.735531
270999 1892.867484
271999 1674.828261
272999 1918.542436
273999 1568.667333
274999 1731.389558
275999 421.275607
276999 1769.647268
277999 854.345775
278999 1656.969945
279999 1668.732571
280999 1917.507183
281999 1943.603314
282999 1850.045458
283999 1648.556925
284999 1815.319003
285999 1833.548043
286999 1856.925180
287999 1879.959366
288999 850.658181
289999 1845.566276
290999 1752.142745
291999 1550.153405
292999 1987.249850
293999 1705.322028
294999 1695.398434
295999 1745.374076
296999 1843.209547
297999 1806.710963
298999 1876.987030
299999 1825.320010
300999 1704.998089
301999 1504.369934
302999 1723.750510
303999 1663.197600
304999 1840.637934
305999 1615.496579
306999 1835.102557
307999 1838.319730
308999 2045.888763
309999 1692.560259
310999 1772.732668
311999 1760.195279
312999 1778.922943
313999 1997.685020
314999 1696.901477
315999 1969.343717
316999 1990.294313
317999 1820.692626
318999 1817.669630
319999 1980.477990
320999 1933.410655
321999 1836.211059
322999 1772.343834
323999 2036.985106
324999 2041.872902
325999 1997.348989
326999 1730.535306
327999 1847.192988
328999 1820.921333
329999 1833.741902
330999 1917.306761
331999 1710.814733
332999 1970.027342
333999 1974.489966
334999 1739.730406
335999 1665.683259
336999 1967.023398
337999 1975.070463
338999 1838.647827
339999 2149.072842
340999 2000.446142
341999 1612.788469
342999 1841.588901
343999 2010.812958
344999 1842.316723
345999 2019.514776
346999 2104.458286
347999 1879.668220
348999 1942.683692
349999 2121.612473
350999 1822.565106
351999 1967.607862
352999 2126.209955
353999 2117.161657
354999 2125.621720
355999 1933.223872
356999 2049.289222
357999 1804.142454
358999 1954.122863
359999 2191.097285
360999 2106.846313
361999 2181.314708
362999 2129.429153
363999 2045.557545
364999 1988.345059
365999 1897.238487
366999 1724.222234
367999 1901.264046
368999 2032.737654
369999 2225.631277
370999 1981.575637
371999 1982.084454
372999 2144.125841
373999 2137.178369
374999 2217.686147
375999 2250.755508
376999 2117.681693
377999 1971.945187
378999 2039.697575
379999 2309.457774
380999 2145.841711
381999 2052.905013
382999 1753.312773
383999 2197.312770
384999 2136.718419
385999 2121.613707
386999 1840.129189
387999 2177.639062
388999 2101.847364
389999 2059.965682
390999 1964.235541
391999 2245.817085
392999 2054.650095
393999 1975.046359
394999 2251.949423
395999 2070.008749
396999 2206.952422
397999 2128.923923
398999 2322.457083
399999 235.520814
400999 2243.801742
401999 2074.501950
402999 2219.741456
403999 2228.884895
404999 2286.015190
405999 2139.804039
406999 2079.957809
407999 2245.141918
408999 2052.871996
409999 2244.546292
410999 2135.614939
411999 2177.517442
412999 2293.144341
413999 2226.239476
414999 2321.556709
415999 2213.112668
416999 2154.383228
417999 2263.540463
418999 2198.586411
419999 2141.823215
420999 2332.587719
421999 2150.202391
422999 2204.903137
423999 2192.398980
424999 2264.488664
425999 1345.022358
426999 2147.497384
427999 2397.837951
428999 2294.318224
429999 2435.627876
430999 2358.305432
431999 2416.484060
432999 2278.129821
433999 2232.660145
434999 2300.326787
435999 2394.708473
436999 2517.610214
437999 2475.189478
438999 2335.582356
439999 2284.059953
440999 1967.043024
441999 2240.069192
442999 2421.251722
443999 2061.677213
444999 2322.726634
445999 2265.070863
446999 2302.552081
447999 2305.920324
448999 2479.849146
449999 2325.384391
450999 2259.291541
451999 2442.368358
452999 2388.269286
453999 2512.252204
454999 2496.313903
455999 2516.612142
456999 2356.968221
457999 2127.146533
458999 2413.740577
459999 2554.025249
460999 2374.273229
461999 2350.423568
462999 2253.333093
463999 2335.431404
464999 2404.203742
465999 2368.389520
466999 2512.621878
467999 2428.187136
468999 2337.641829
469999 -23.805572
470999 2340.795377
471999 2385.309655
472999 2502.550720
473999 2276.920786
474999 2324.020965
475999 2257.255387
476999 2490.732177
477999 2424.990154
478999 2346.131916
479999 2492.089989
480999 2327.545646
481999 2410.497851
482999 2367.231446
483999 2372.069506
484999 2450.879346
485999 2267.988106
486999 2381.008770
487999 2209.089931
488999 2205.112800
489999 2250.970852
490999 2312.556166
491999 2385.292488
492999 2368.047710
493999 2417.736246
494999 2429.690415
495999 2305.450412
496999 2314.172752
497999 2380.300754
498999 2405.892595
499999 2205.511089
500999 2240.124750
501999 2362.939555
502999 2443.917749
503999 2442.633260
504999 2395.231755
505999 2460.211750
506999 2479.869178
507999 2434.388058
508999 2342.008066
509999 2320.924211
510999 2470.600715
511999 2372.163172
512999 2086.564387
513999 2438.057510
514999 2614.295482
515999 2386.890917
516999 2597.336745
517999 2299.155440
518999 2273.291853
519999 2496.637288
520999 2504.717732
521999 2328.244565
522999 2401.094457
523999 2647.290295
524999 2421.856874
525999 2474.589849
526999 2659.300790
527999 2455.952401
528999 2508.998950
529999 2641.006587
530999 2507.404462
531999 2545.224626
532999 2364.244485
533999 2346.844942
534999 2350.815720
535999 2434.791460
536999 2576.411234
537999 2556.882171
538999 2455.862278
539999 2479.384341
540999 2538.166799
541999 2352.073808
542999 2463.800102
543999 2729.890213
544999 2708.768194
545999 2424.721219
546999 2371.462903
547999 2655.727516
548999 2770.966304
549999 2417.670667
550999 2609.991873
551999 2583.237816
552999 2602.262766
553999 2617.820777
554999 2744.498003
555999 2431.881581
556999 2639.926053
557999 2505.520815
558999 2651.514091
559999 2680.947569
560999 2654.724548
561999 2564.932710
562999 2592.538541
563999 2359.134822
564999 2803.601386
565999 2279.431323
566999 2671.465449
567999 2753.278853
568999 2556.025510
569999 2504.740206
570999 2521.746978
571999 2529.430246
572999 2784.197171
573999 2608.591034
574999 2670.332607
575999 2739.252591
576999 2589.173831
577999 2748.267836
578999 2733.060938
579999 2612.338378
580999 2686.449916
581999 2826.748710
582999 2891.149730
583999 2707.018158
584999 2784.063267
585999 2612.348905
586999 2766.703538
587999 2675.544221
588999 2699.160110
589999 2653.056563
590999 2731.058897
591999 2836.963235
592999 2610.403205
593999 2775.420965
594999 2843.115010
595999 2812.177669
596999 2402.945679
597999 2850.571897
598999 2757.532885
599999 2596.809500
600999 2823.152804
601999 2719.776790
602999 2611.087734
603999 2757.897048
604999 2673.884816
605999 2843.764771
606999 2817.095290
607999 2797.407165
608999 2889.182095
609999 2746.202273
610999 2792.899576
611999 2823.551065
612999 2876.212754
613999 2880.775275
614999 2792.264043
615999 2994.114695
616999 2404.158055
617999 2837.679831
618999 2486.142818
619999 2583.004213
620999 2762.900806
621999 2647.767293
622999 2740.529437
623999 2803.441434
624999 2700.938489
625999 2919.733464
626999 2560.820647
627999 2827.943879
628999 2555.463283
629999 2780.135303
630999 2864.027060
631999 3053.522801
632999 2803.203518
633999 2999.448542
634999 2849.934826
635999 2874.769063
636999 2742.432909
637999 2850.114957
638999 2719.470300
639999 2940.134978
640999 2649.436031
641999 2762.552386
642999 2918.885031
643999 2451.205654
644999 2802.141801
645999 2612.105444
646999 2781.327584
647999 2848.574836
648999 3049.391284
649999 2846.286876
650999 2805.691931
651999 2895.024223
652999 2920.684170
653999 2923.834923
654999 2700.114639
655999 3107.396045
656999 2873.001023
657999 2792.728600
658999 2787.181327
659999 2920.965784
660999 2978.254677
661999 -94.069630
662999 2877.292228
663999 2825.688188
664999 3087.804720
665999 2994.840332
666999 3052.985073
667999 2929.981686
668999 2933.841892
669999 2898.166160
670999 2765.246013
671999 2872.521411
672999 2932.567012
673999 2929.873103
674999 2916.560450
675999 2731.283367
676999 2934.862299
677999 3035.807603
678999 3012.715192
679999 2984.572067
680999 2969.845973
681999 3156.583023
682999 2988.434047
683999 3115.724901
684999 3135.112825
685999 2902.696389
686999 2716.059196
687999 3084.485363
688999 2929.219093
689999 3131.050421
690999 3077.047630
691999 2912.109256
692999 2995.313619
693999 2955.152628
694999 2852.384431
695999 3036.981613
696999 2849.485631
697999 2867.622751
698999 2855.596802
699999 2962.528706
700999 2821.825640
701999 3003.085673
702999 2944.938567
703999 2941.774400
704999 3054.830040
705999 2877.256643
706999 2997.159039
707999 2904.089246
708999 2907.629825
709999 3082.337029
710999 2891.156106
711999 2724.869206
712999 3035.805916
713999 3153.314956
714999 2857.697855
715999 2997.389456
716999 2885.418049
717999 2981.747538
718999 3003.202556
719999 2945.612886
720999 3085.738375
721999 2913.579306
722999 3085.777921
723999 3002.714307
724999 2971.506064
725999 3009.228506
726999 2896.713873
727999 2966.701033
728999 3206.198530
729999 2871.538336
730999 2928.703357
731999 2894.883760
732999 2946.321807
733999 2835.846458
734999 3023.450892
735999 3005.593494
736999 2945.603935
737999 3107.693150
738999 2925.218776
739999 3003.193829
740999 2922.828196
741999 3027.981102
742999 3072.804136
743999 2788.678771
744999 3092.429224
745999 2950.178625
746999 3004.532043
747999 2749.528885
748999 3016.485692
749999 2922.953739
750999 3214.457481
751999 3006.946652
752999 3031.570178
753999 2959.510287
754999 3120.196617
755999 2949.330126
756999 3059.860275
757999 3118.379117
758999 3005.183295
759999 3168.438169
760999 2851.880891
761999 2961.759338
762999 2867.427972
763999 2865.738429
764999 2943.893513
765999 2869.935127
766999 3175.884552
767999 3157.521886
768999 2845.098036
769999 3035.640023
770999 3012.786903
771999 2991.187644
772999 3052.068125
773999 2983.791636
774999 3237.902055
775999 3095.705369
776999 3214.678708
777999 3105.871791
778999 2957.996124
779999 3100.752100
780999 2925.435480
781999 3298.817581
782999 3056.083702
783999 2934.140671
784999 3128.650873
785999 3036.482966
786999 3103.797314
787999 3052.862432
788999 2905.487485
789999 2997.337678
790999 2856.566428
791999 3033.898550
792999 1483.510651
793999 3031.876840
794999 3033.037025
795999 2895.915786
796999 3235.908430
797999 3181.453582
798999 3373.353924
799999 3147.169643
800999 3259.029865
801999 3017.162281
802999 3297.263974
803999 3200.804047
804999 3275.686269
805999 3245.964869
806999 3167.459691
807999 3153.065681
808999 3258.844918
809999 3252.830580
810999 2950.400455
811999 3009.355341
812999 3379.538391
813999 3321.851460
814999 3170.824286
815999 3221.768375
816999 3100.030210
817999 3044.061999
818999 3051.028456
819999 3530.187873
820999 3204.718397
821999 3244.210136
822999 3156.742614
823999 3279.274918
824999 3196.001335
825999 3177.754424
826999 3222.239597
827999 2982.309446
828999 3125.609183
829999 3311.325909
830999 3087.312984
831999 3086.733718
832999 3122.296986
833999 2937.330534
834999 3162.988560
835999 3149.141053
836999 2976.560524
837999 3214.608154
838999 3140.684923
839999 3193.427423
840999 3119.700343
841999 3353.956037
842999 3022.919534
843999 3138.942556
844999 2734.680723
845999 3140.609909
846999 3074.606866
847999 3144.009939
848999 3164.730344
849999 3341.372672
850999 3107.641907
851999 3074.113113
852999 3147.868577
853999 2916.453642
854999 3247.352898
855999 3284.434194
856999 3134.543839
857999 3175.975036
858999 3088.393405
859999 3007.434473
860999 3246.679178
861999 3035.894707
862999 3046.714190
863999 3170.545107
864999 3114.993554
865999 3116.407380
866999 3057.979366
867999 3193.573487
868999 3030.424120
869999 3079.272345
870999 3024.887834
871999 3151.450609
872999 3123.330679
873999 2878.490769
874999 3103.695818
875999 3109.851017
876999 3300.997632
877999 3344.459481
878999 3217.539666
879999 3214.995568
880999 3166.560910
881999 3167.748322
882999 3140.603707
883999 3352.748139
884999 3265.334917
885999 3083.967509
886999 3200.582392
887999 3115.423090
888999 3290.032873
889999 3146.536793
890999 3226.590716
891999 3149.727354
892999 3175.337687
893999 3267.166632
894999 3217.088439
895999 3242.836492
896999 3401.570684
897999 3070.402620
898999 3339.039674
899999 3268.564051
900999 3273.467729
901999 3263.463706
902999 3377.953395
903999 3119.471366
904999 3328.609460
905999 3286.216595
906999 3094.456976
907999 3093.811665
908999 3111.073100
909999 3336.681782
910999 3181.630306
911999 3291.298089
912999 3359.173392
913999 2984.380610
914999 3145.442321
915999 3074.087291
916999 3398.829036
917999 3360.779781
918999 3254.495580
919999 3376.509986
920999 3236.027256
921999 3440.097549
922999 3280.774438
923999 3297.768889
924999 3373.906957
925999 3334.227747
926999 3440.269302
927999 3327.490386
928999 3304.912546
929999 3402.304451
930999 3263.565896
931999 3430.475279
932999 3449.145100
933999 3238.848086
934999 3404.187247
935999 3319.194647
936999 3536.691863
937999 3196.068583
938999 3390.663788
939999 3279.425703
940999 3443.137605
941999 3198.806934
942999 3047.194780
943999 3532.236108
944999 3217.818514
945999 3123.404714
946999 3297.640955
947999 3560.202561
948999 3244.167454
949999 3376.799553
950999 3094.987763
951999 3446.556676
952999 3360.885063
953999 3219.693632
954999 3507.525873
955999 3110.462495
956999 3343.513073
957999 3254.693437
958999 3084.789769
959999 3414.294749
960999 3320.987041
961999 3310.037524
962999 3256.569194
963999 3426.151043
964999 3209.368702
965999 3377.395134
966999 3432.129532
967999 3238.125646
968999 3223.113866
969999 3485.871664
970999 3007.074844
971999 3328.757935
972999 3368.690912
973999 3316.132180
974999 3324.154712
975999 3490.021965
976999 3171.199725
977999 3541.566751
978999 3412.198732
979999 3156.244327
980999 3440.220802
981999 3294.687487
982999 3261.732510
983999 3323.231637
984999 3442.177725
985999 3407.894955
986999 607.583898
987999 3194.700352
988999 3156.811064
989999 3557.777266
990999 3248.611124
991999 3481.310892
992999 3101.160668
993999 3258.753005
994999 3348.170697
995999 3344.439814
996999 3371.712333
997999 3270.480350
998999 3363.649501
999999 3027.901349
1000999 3128.757777
1001999 3073.088254
1002999 3336.879849
1003999 3538.598822
1004999 3289.867374
1005999 3283.426186
1006999 3342.232014
1007999 3173.452390
1008999 3380.585365
1009999 3311.973230
1010999 3268.871020
1011999 3620.139961
1012999 3234.379879
1013999 3187.181574
1014999 3175.849347
1015999 3251.063528
1016999 3341.506622
1017999 3387.882935
1018999 3475.504650
1019999 3284.732675
1020999 3440.543704
1021999 3461.369466
1022999 3333.746986
1023999 3271.005322
1024999 3263.257075
1025999 3275.311333
1026999 3370.995255
1027999 3215.523740
1028999 3362.213596
1029999 3385.371791
1030999 3304.606570
1031999 3248.975894
1032999 3195.487905
1033999 3322.030278
1034999 3548.862824
1035999 3417.383272
1036999 3221.350317
1037999 3221.350195
1038999 3514.516504
1039999 3400.358298
1040999 3371.269103
1041999 3353.471927
1042999 1543.675528
1043999 3514.427355
1044999 3474.368374
1045999 3350.802288
1046999 3467.738076
1047999 3337.234079
1048999 3253.985120
1049999 3330.714145
1050999 3380.880149
1051999 -359.969019
1052999 3379.749500
1053999 1966.619442
1054999 3165.396390
1055999 3194.653186
1056999 3470.191177
1057999 3541.622018
1058999 3489.718861
1059999 3447.809239
1060999 3412.408372
1061999 -319.641602
1062999 -345.180624
1063999 3225.736723
1064999 3243.648853
1065999 3457.887414
1066999 3560.518584
1067999 3291.975719
1068999 3328.270869
1069999 3240.583784
1070999 3509.401456
1071999 3389.927850
1072999 3362.230003
1073999 3323.771015
1074999 3260.318828
1075999 1709.488683
1076999 3330.248438
1077999 3304.171586
1078999 3529.188823
1079999 3504.976701
1080999 3352.030392
1081999 3428.125334
1082999 3284.611653
1083999 3528.118497
1084999 3544.000171
1085999 3401.642542
1086999 3384.777182
1087999 3369.875560
1088999 3296.844301
1089999 3281.670148
1090999 3154.949473
1091999 3176.018814
1092999 3406.058781
1093999 3323.007848
1094999 3491.074034
1095999 3301.217939
1096999 3334.966852
1097999 3301.834177
1098999 3274.327529
1099999 3403.977174
1100999 3285.116608
1101999 3425.840545
1102999 3498.496210
1103999 3158.381237
1104999 3582.050058
1105999 3380.855380
1106999 3486.198492
1107999 3437.322709
1108999 3222.590573
1109999 3432.583435
1110999 3386.030230
1111999 3429.468232
1112999 3487.162661
1113999 3231.427954
1114999 3386.650285
1115999 3395.318115
1116999 3595.589934
1117999 3371.816460
1118999 3436.336931
1119999 3509.191775
1120999 3660.808887
1121999 3493.983759
1122999 3493.740511
1123999 3305.978263
1124999 3478.384745
1125999 3322.425206
1126999 3408.882139
1127999 3609.413020
1128999 3539.619316
1129999 3376.165521
1130999 3381.515333
1131999 3286.721544
1132999 3430.227702
1133999 3571.270596
1134999 3385.378808
1135999 3402.920595
1136999 3227.022776
1137999 3282.874370
1138999 3343.015389
1139999 3435.424900
1140999 3513.183093
1141999 3051.296290
1142999 3416.551787
1143999 3370.278075
1144999 3369.737327
1145999 3360.571854
1146999 3424.674366
1147999 3597.596459
1148999 3594.100622
1149999 3564.113128
1150999 3549.556146
1151999 3385.998301
1152999 3687.810323
1153999 3495.159147
1154999 3464.542817
1155999 3569.858543
1156999 3505.796141
1157999 3446.642286
1158999 3675.762906
1159999 3275.308015
1160999 3406.359131
1161999 3512.545501
1162999 3476.361692
1163999 3467.546252
1164999 3570.664450
1165999 3353.330623
1166999 3472.992533
1167999 3458.812837
1168999 3519.074844
1169999 3357.304261
1170999 3528.531190
1171999 3640.628149
1172999 3579.331532
1173999 3561.152286
1174999 3478.571961
1175999 3780.810144
1176999 3416.740157
1177999 3761.501378
1178999 3646.321734
1179999 3538.371340
1180999 3396.532241
1181999 3558.625596
1182999 3462.480600
1183999 3676.613471
1184999 3393.625552
1185999 3489.164453
1186999 3400.966823
1187999 3485.875832
1188999 3453.816936
1189999 3678.105644
1190999 3676.722413
1191999 3560.870872
1192999 3565.839608
1193999 3342.459743
1194999 3651.791119
1195999 3548.733712
1196999 3568.453350
1197999 3374.571673
1198999 3354.037479
1199999 3378.888831
1200999 3571.685194
1201999 3547.529145
1202999 3672.474438
1203999 3403.015033
1204999 3760.898386
1205999 3601.775035
1206999 2251.316124
1207999 3574.161099
1208999 3439.440675
1209999 3297.244486
1210999 3754.018389
1211999 3404.714895
1212999 3456.506835
1213999 3709.414330
1214999 3385.009167
1215999 3539.166221
1216999 3584.170663
1217999 3586.563645
1218999 3443.914671
1219999 3565.442369
1220999 3361.875361
1221999 3607.329649
1222999 3685.736631
1223999 3663.389266
1224999 3516.257816
1225999 3628.876251
1226999 3642.021371
1227999 3675.173251
1228999 3528.742922
1229999 3525.451783
1230999 3380.134238
1231999 3628.976701
1232999 3794.158168
1233999 3332.744673
1234999 3631.362277
1235999 3437.313913
1236999 3489.286032
1237999 3448.640253
1238999 3628.598407
1239999 3626.616101
1240999 3613.249093
1241999 3663.192873
1242999 3487.893817
1243999 3628.287489
1244999 3615.009274
1245999 3656.784807
1246999 3521.644167
1247999 3674.041890
1248999 3582.914575
1249999 3544.914441
1250999 3706.152141
1251999 3735.480728
1252999 3529.665528
1253999 3617.241294
1254999 3670.634023
1255999 3481.203688
1256999 3521.638804
1257999 3211.026398
1258999 3492.183970
1259999 3737.421298
1260999 3353.173805
1261999 3610.041243
1262999 3394.246419
1263999 3526.003245
1264999 3622.846567
1265999 3531.959718
1266999 3576.799771
1267999 3545.957423
1268999 3686.527888
1269999 3513.337736
1270999 3536.067052
1271999 3541.368314
1272999 3747.499405
1273999 3629.375886
1274999 3551.232198
1275999 3491.654121
1276999 3758.779564
1277999 3784.161972
1278999 3610.803710
1279999 3582.538593
1280999 2817.224527
1281999 3502.200434
1282999 3572.082367
1283999 3394.719463
1284999 3807.354839
1285999 3635.601763
1286999 3690.576198
1287999 3672.374049
1288999 3549.348574
1289999 3672.314572
1290999 3693.879057
1291999 3528.445922
1292999 3725.131745
1293999 3969.051688
1294999 3701.539698
1295999 3622.723043
1296999 3669.631270
1297999 3828.324074
1298999 3633.015080
1299999 3535.652629
1300999 3443.188424
1301999 3814.251266
1302999 3882.398803
1303999 3704.084077
1304999 3393.886012
1305999 3633.252016
1306999 3363.902194
1307999 3549.067782
1308999 3540.899421
1309999 3906.922656
1310999 3508.006996
1311999 3595.260586
1312999 3844.709691
1313999 3393.176158
1314999 3552.543130
1315999 3532.763928
1316999 3551.021463
1317999 3718.261894
1318999 3836.213113
1319999 3478.867129
1320999 3582.104970
1321999 3735.943996
1322999 3712.249111
1323999 3283.579445
1324999 3464.987688
1325999 3749.229869
1326999 3793.763780
1327999 3719.994974
1328999 3736.322104
1329999 3467.754218
1330999 3694.413527
1331999 3595.204806
1332999 3867.794074
1333999 3624.292977
1334999 3961.655076
1335999 3699.627146
1336999 3754.532855
1337999 3799.613654
1338999 3737.053064
1339999 3657.983154
1340999 3505.756802
1341999 3521.406004
1342999 3663.425241
1343999 3652.711717
1344999 3487.009703
1345999 3739.404929
1346999 3692.186430
1347999 3495.619829
1348999 3596.761498
1349999 3541.093242
1350999 3765.572885
1351999 3650.921274
1352999 3782.152203
1353999 3613.085004
1354999 3824.876078
1355999 3957.225560
1356999 3670.021472
1357999 3378.910003
1358999 3447.092699
1359999 3623.667486
1360999 3850.655531
1361999 3591.375751
1362999 3505.746814
1363999 3638.424875
1364999 3637.867113
1365999 3448.108861
1366999 3712.364261
1367999 3590.474374
1368999 3847.470833
1369999 3554.872598
1370999 3651.799942
1371999 3691.935320
1372999 3771.752236
1373999 3541.487577
1374999 3483.208555
1375999 3756.032260
1376999 3723.359212
1377999 3749.570835
1378999 3325.082774
1379999 3696.772713
1380999 3689.511666
1381999 3447.361298
1382999 3765.789963
1383999 3804.172577
1384999 3857.085726
1385999 3882.434264
1386999 3652.377385
1387999 3777.459933
1388999 3909.662805
1389999 3880.445530
1390999 3681.382499
1391999 3824.145966
1392999 3549.848725
1393999 3713.509096
1394999 3630.413032
1395999 3673.875462
1396999 3646.492745
1397999 3595.589563
1398999 3755.840231
1399999 3676.703254
1400999 3624.739762
1401999 3740.563062
1402999 3721.711543
1403999 3292.751084
1404999 3795.105017
1405999 3479.595284
1406999 3923.259038
1407999 3805.345861
1408999 3751.371107
1409999 3643.544697
1410999 3902.277170
1411999 3845.626416
1412999 3629.180630
1413999 3742.527912
1414999 3735.909512
1415999 -294.000373
1416999 3613.699057
1417999 3702.736430
1418999 3735.072123
1419999 3722.881850
1420999 3580.255159
1421999 3619.306834
1422999 3616.548894
1423999 3542.150058
1424999 3738.506623
1425999 3952.701970
1426999 3807.727209
1427999 3706.596897
1428999 3975.751365
1429999 3652.311143
1430999 3574.211585
1431999 3707.882601
1432999 3571.076804
1433999 3747.232867
1434999 3692.691588
1435999 3680.695799
1436999 3788.765316
1437999 3557.688028
1438999 3721.886020
1439999 1097.397651
1440999 3620.530752
1441999 3641.668309
1442999 3334.253997
1443999 3732.955877
1444999 3454.814018
1445999 3818.170671
1446999 3698.859315
1447999 3693.614171
1448999 3684.422689
1449999 3894.984224
1450999 3753.291908
1451999 3699.394098
1452999 3647.590610
1453999 3611.296298
1454999 3810.524662
1455999 3716.989079
1456999 3566.650526
1457999 3733.875300
1458999 3750.383071
1459999 3823.478829
1460999 3743.937869
1461999 3964.713013
1462999 3537.380601
1463999 3724.192339
1464999 3651.239433
1465999 3984.149315
1466999 4051.357657
1467999 3701.529884
1468999 4076.011794
1469999 3782.033079
1470999 3762.703947
1471999 3709.479976
1472999 3721.284292
1473999 3555.221177
1474999 3646.635439
1475999 2397.012828
1476999 3846.821984
1477999 3929.141808
1478999 3787.859202
1479999 3762.501293
1480999 3629.893513
1481999 3650.319532
1482999 3764.425093
1483999 3960.915230
1484999 2229.261283
1485999 3825.008809
1486999 3549.786658
1487999 3632.170574
1488999 3629.268438
1489999 3990.149813
1490999 3670.380902
1491999 3612.865089
1492999 3996.473324
1493999 3728.654311
1494999 3974.402020
1495999 3858.029787
1496999 3861.365862
1497999 3965.445946
1498999 3788.295926
1499999 3909.172667
1500999 3907.052371
1501999 3922.161321
1502999 3752.577156
1503999 3710.607061
1504999 3902.777208
1505999 3804.332642
1506999 3711.778413
1507999 3888.106325
1508999 3820.065287
1509999 3706.386917
1510999 4008.337280
1511999 3845.451382
1512999 3987.387640
1513999 3960.578937
1514999 3953.503781
1515999 3745.655154
1516999 3843.515278
1517999 3711.656604
1518999 3689.308976
1519999 3808.321169
1520999 3711.820607
1521999 3608.722240
1522999 3930.112575
1523999 -383.961066
1524999 3693.242106
1525999 3986.799552
1526999 3715.007635
1527999 3609.135720
1528999 3815.401489
1529999 3877.199928
1530999 3886.464641
1531999 3895.637630
1532999 -349.748124
1533999 3860.113570
1534999 3672.973612
1535999 3949.994067
1536999 3588.458551
1537999 3813.794140
1538999 3790.014704
1539999 3492.178975
1540999 3690.659496
1541999 3719.987243
1542999 3747.399178
1543999 3920.887331
1544999 3976.238447
1545999 3749.575490
1546999 3525.031140
1547999 3976.703015
1548999 3857.858903
1549999 3757.530885
1550999 3636.203167
1551999 3509.715286
1552999 3860.185979
1553999 3769.601345
1554999 3999.476631
1555999 3841.456041
1556999 3501.982454
1557999 3865.392052
1558999 3837.221866
1559999 3802.135629
1560999 3844.724952
1561999 3585.445457
1562999 3661.829801
1563999 3858.827830
1564999 3511.728875
1565999 3788.825632
1566999 3612.273175
1567999 3640.277422
1568999 3854.734601
1569999 4077.617585
1570999 3812.947054
1571999 3915.337517
1572999 3696.352178
1573999 3843.393375
1574999 3994.823841
1575999 3781.419601
1576999 3864.555568
1577999 3791.652318
1578999 3936.803077
1579999 3730.215902
1580999 1478.767365
1581999 3641.815340
1582999 3643.807955
1583999 3631.037138
1584999 3506.901215
1585999 3820.322614
1586999 3944.540578
1587999 3925.511602
1588999 4045.870983
1589999 3782.088605
1590999 3762.592075
1591999 3879.589757
1592999 3851.538273
1593999 3807.291402
1594999 3712.947471
1595999 2062.110202
1596999 3655.293222
1597999 4053.388517
1598999 3918.973906
1599999 3453.265487
1600999 3646.544989
1601999 3849.127319
1602999 3863.670181
1603999 3727.598513
1604999 3827.580659
1605999 3797.034929
1606999 3813.419847
1607999 4090.811767
1608999 3948.620386
1609999 3886.221810
1610999 3913.038612
1611999 3867.789664
1612999 3829.995989
1613999 4097.864963
1614999 3757.023595
1615999 4055.721375
1616999 3845.860272
1617999 606.187691
1618999 3783.487333
1619999 3986.695424
1620999 3824.666576
1621999 3648.473704
1622999 3968.833259
1623999 3683.677228
1624999 3995.256353
1625999 3907.280602
1626999 3857.852679
1627999 4063.984329
1628999 3142.844502
1629999 3878.733753
1630999 3819.757495
1631999 4055.202581
1632999 3838.333563
1633999 3782.662491
1634999 3748.576397
1635999 3447.210923
1636999 3826.747131
1637999 3897.798959
1638999 3920.923928
1639999 3744.985413
1640999 3789.955313
1641999 3722.187337
1642999 3751.734301
1643999 3857.601232
1644999 3904.826038
1645999 3950.064690
1646999 3868.398030
1647999 3555.444678
1648999 3946.243209
1649999 4055.891438
1650999 3864.126154
1651999 3708.516723
1652999 4002.164831
1653999 3781.749780
1654999 4049.863699
1655999 3883.031034
1656999 4018.458185
1657999 4163.016729
1658999 4005.336640
1659999 3907.383730
1660999 3992.876074
1661999 3687.731727
1662999 3856.340333
1663999 3825.413855
1664999 3742.745580
1665999 3662.261204
1666999 3797.610151
1667999 3586.082082
1668999 3901.614711
1669999 3692.611725
1670999 3812.515687
1671999 3715.856354
1672999 3862.333533
1673999 3850.010045
1674999 3736.644508
1675999 3782.914111
1676999 3681.274841
1677999 3636.685453
1678999 3669.986740
1679999 3888.236580
1680999 3760.531782
1681999 3741.745145
1682999 3775.124377
1683999 3855.783254
1684999 3585.963972
1685999 3914.979727
1686999 3766.726682
1687999 3773.089212
1688999 3878.132046
1689999 3791.079060
1690999 3826.286924
1691999 3830.772825
1692999 3686.965182
1693999 3583.447298
1694999 3897.999358
1695999 3868.812766
1696999 3813.159823
1697999 3533.049869
1698999 3811.197091
1699999 860.342331
1700999 3759.184428
1701999 3698.064913
1702999 3790.745679
1703999 3996.832671
1704999 4047.082725
1705999 3692.575258
1706999 3529.749803
1707999 3545.491727
1708999 3541.634637
1709999 3575.917743
1710999 3688.474928
1711999 3905.019333
1712999 3731.846597
1713999 3811.377113
1714999 3543.375563
1715999 4003.167893
1716999 3618.917757
1717999 3853.934450
1718999 3919.477802
1719999 3650.024793
1720999 3801.813636
1721999 3750.276368
1722999 116.721283
1723999 3832.971520
1724999 3841.413628
1725999 3582.353432
1726999 3524.714282
1727999 3802.549793
1728999 3930.348868
1729999 3827.741353
1730999 3909.792119
1731999 3854.253263
1732999 3512.872582
1733999 3704.299254
1734999 3573.085410
1735999 3839.534752
1736999 3614.805500
1737999 3808.017442
1738999 3489.152409
1739999 3644.449187
1740999 3610.687828
1741999 3398.060407
1742999 3548.715580
1743999 3738.375945
1744999 3414.210499
1745999 3583.336320
1746999 3563.218557
1747999 3871.358624
1748999 3516.755705
1749999 3797.695598
1750999 3432.956563
1751999 3707.018280
1752999 3625.986875
1753999 3556.910223
1754999 3766.685232
1755999 3930.179824
1756999 3821.014452
1757999 3593.348942
1758999 3688.559552
1759999 908.652748
1760999 3569.052943
1761999 3093.174242
1762999 3694.672641
1763999 3851.869969
1764999 3781.993003
1765999 3736.235581
1766999 3756.379263
1767999 3406.666122
1768999 3680.842128
1769999 3861.469976
1770999 3650.555551
1771999 3937.674401
1772999 3791.484518
1773999 3750.835289
1774999 3811.434095
1775999 3556.845160
1776999 3651.093000
1777999 3820.974380
1778999 3885.779663
1779999 3879.804549
1780999 3738.489098
1781999 3193.852303
1782999 4138.994374
1783999 3829.515996
1784999 3782.299961
1785999 4189.808707
1786999 3949.953504
1787999 3791.872102
1788999 3945.935018
1789999 4020.035686
1790999 3801.363137
1791999 3887.094798
1792999 3975.599345
1793999 3807.919081
1794999 3690.148797
1795999 3885.914164
1796999 3725.768805
1797999 4067.039954
1798999 3932.929227
1799999 4008.191283
1800999 3637.548063
1801999 4168.132233
1802999 3768.852234
1803999 3888.797192
1804999 4066.400629
1805999 4023.621482
1806999 3830.330432
1807999 3897.288130
1808999 3993.380749
1809999 3849.131588
1810999 4085.378878
1811999 4015.529174
1812999 4118.451541
1813999 3784.549246
1814999 4096.327710
1815999 2254.584279
1816999 3657.676574
1817999 4072.501508
1818999 4049.340156
1819999 3838.672435
1820999 3915.146515
1821999 3989.700297
1822999 3827.079127
1823999 3981.306953
1824999 3897.787454
1825999 3846.010797
1826999 4119.413711
1827999 4016.365436
1828999 4111.083012
1829999 4097.999737
1830999 3934.600978
1831999 3869.911860
1832999 3942.967762
1833999 1689.296535
1834999 3847.074110
1835999 631.094699
1836999 4016.634784
1837999 4113.526575
1838999 3688.708738
1839999 2620.351544
1840999 3945.321709
1841999 2680.289603
1842999 1270.981048
1843999 2380.748833
1844999 4064.867437
1845999 3795.609241
1846999 3950.855406
1847999 4194.522378
1848999 3843.243843
1849999 4043.001841
1850999 3934.697662
1851999 385.345499
1852999 55.344887
1853999 4155.187009
1854999 4111.183232
1855999 4039.460878
1856999 4115.938804
1857999 -411.328439
1858999 531.638323
1859999 3867.421649
1860999 1716.949805
1861999 4110.447855
1862999 4198.440523
1863999 4046.230891
1864999 3516.459841
1865999 3967.726990
1866999 -390.663657
1867999 4095.022832
1868999 4108.051609
1869999 3881.699319
1870999 3801.942309
1871999 -384.400138
1872999 485.204173
1873999 3954.392098
1874999 3839.047660
1875999 3019.962098
1876999 3977.311842
1877999 3996.529683
1878999 -309.081276
1879999 2314.058838
1880999 4047.264749
1881999 3914.041613
1882999 3768.368258
1883999 -319.016625
1884999 3984.404992
1885999 4084.745961
1886999 2616.312211
1887999 1967.322099
1888999 911.697169
1889999 3974.459977
1890999 3609.157613
1891999 3969.633384
1892999 3894.787471
1893999 3681.962808
1894999 4218.702427
1895999 3911.327493
1896999 4169.065133
1897999 3667.954677
1898999 3767.870890
1899999 3639.138441
1900999 3816.272833
1901999 3623.685566
1902999 3644.402280
1903999 3675.279030
1904999 3759.483342
1905999 3688.687494
1906999 3787.784062
1907999 4086.116047
1908999 4079.166984
1909999 3586.185985
1910999 3923.495327
1911999 3905.412664
1912999 3831.361503
1913999 3866.761811
1914999 4185.057946
1915999 3585.237276
1916999 3520.866179
1917999 3552.564452
1918999 3771.564704
1919999 3933.587099
1920999 3892.636637
1921999 3994.147605
1922999 3737.952593
1923999 3932.521490
1924999 1858.935856
1925999 3865.945170
1926999 3936.031002
1927999 4025.083432
1928999 4066.667067
1929999 3961.901872
1930999 3908.311756
1931999 3784.961397
1932999 4034.777445
1933999 3388.137086
1934999 4070.414640
1935999 3852.809941
1936999 3684.082653
1937999 3860.581765
1938999 4050.032254
1939999 3841.032310
1940999 3879.643266
1941999 3997.845945
1942999 3995.376079
1943999 3515.458627
1944999 3836.478528
1945999 3773.729873
1946999 3713.071668
1947999 3849.726379
1948999 3462.597122
1949999 3775.939501
1950999 3717.264267
1951999 143.315499
1952999 3780.090719
1953999 -367.020620
1954999 -439.933650
1955999 -428.813364
1956999 3907.920801
1957999 3843.003740
1958999 3852.957695
1959999 3818.767286
1960999 3984.854797
1961999 3992.449446
1962999 2873.677924
1963999 3853.653862
1964999 2423.827094
1965999 3643.779598
1966999 -346.876150
1967999 2701.421685
1968999 3653.170516
1969999 3789.612769
1970999 -305.234090
1971999 3800.759221
1972999 3831.081711
1973999 -271.124318
1974999 2595.841245
1975999 4022.625930
1976999 3824.031498
1977999 3796.603976
1978999 3745.088837
1979999 4015.195192
1980999 3725.124470
1981999 3932.799843
1982999 3815.641324
1983999 3922.177745
1984999 3977.092837
1985999 3763.473148
1986999 4003.495535
1987999 3809.107489
1988999 3738.486918
1989999 3742.821915
1990999 4060.324728
1991999 1292.940886
1992999 3892.938235
1993999 4006.752062
1994999 3904.455865
1995999 4045.443651
1996999 4141.330082
1997999 3843.308259
1998999 3888.598984
1999999 4072.693382
