999 -281.917342
1999 -314.070048
2999 -395.364863
3999 -425.126179
4999 -274.102911
5999 -352.391343
6999 -299.299999
7999 -458.545377
8999 -427.200152
9999 -193.321831
10999 -334.912935
11999 -242.843645
12999 -310.761727
13999 -219.082466
14999 -299.300655
15999 -186.375100
16999 -157.590488
17999 -253.969264
18999 -284.851349
19999 -263.917002
20999 -223.278204
21999 -269.398607
22999 -234.150758
23999 -220.848007
24999 -255.929072
25999 -284.544165
26999 -261.330840
27999 -248.969579
28999 -285.079618
29999 -238.352683
30999 -227.180783
31999 -278.628406
32999 -268.212800
33999 -161.654307
34999 -215.324860
35999 -165.547320
36999 -108.905293
37999 -161.228048
38999 -118.522197
39999 -121.722586
40999 -156.708031
41999 -142.465174
42999 -119.361168
43999 -153.610001
44999 -94.901249
45999 -155.401206
46999 -37.826053
47999 -311.565111
48999 -135.435637
49999 -140.719927
50999 -80.618832
51999 -71.913021
52999 -43.492034
53999 -58.232138
54999 -10.013170
55999 28.321189
56999 -38.007466
57999 -94.294460
58999 16.322980
59999 22.047867
60999 -72.175601
61999 53.739271
62999 75.341927
63999 144.371964
64999 62.358150
65999 171.169171
66999 90.097360
67999 155.586635
68999 28.374344
69999 151.391538
70999 149.533487
71999 203.753790
72999 279.340377
73999 252.526536
74999 261.811304
75999 297.415655
76999 -39.426626
77999 339.166822
78999 261.678698
79999 149.404022
80999 399.450416
81999 400.771686
82999 -66.604021
83999 467.887266
84999 267.024277
85999 300.580068
86999 513.814898
87999 437.720853
88999 570.117844
89999 -34.787827
90999 376.489533
91999 130.474874
92999 469.915024
93999 521.253390
94999 654.489231
95999 593.389940
96999 695.380962
97999 240.441042
98999 447.868042
99999 592.057242
100999 621.194966
101999 716.800816
102999 381.268179
103999 122.794345
104999 199.812104
105999 152.631816
106999 81.318773
107999 486.503153
108999 710.208479
109999 670.939167
110999 830.043946
111999 276.979354
112999 634.791486
113999 877.131560
114999 718.146688
115999 732.219691
116999 632.185111
117999 860.072213
118999 906.677204
119999 903.214974
120999 906.381215
121999 923.897662
122999 936.998736
123999 834.409322
124999 930.099353
125999 961.119093
126999 378.238017
127999 856.393464
128999 919.426966
129999 566.860328
130999 945.261805
131999 971.635121
132999 1058.213850
133999 1077.042693
134999 475.446888
135999 984.942052
136999 998.947471
137999 979.038325
138999 577.539753
139999 1216.959867
140999 1173.835965
141999 1053.468907
142999 188.808896
143999 871.630144
144999 1162.004736
145999 -62.204252
146999 221.944453
147999 1113.950825
148999 1203.454263
149999 1204.679615
150999 1039.913345
151999 1053.572822
152999 739.241010
153999 320.706816
154999 561.649634
155999 1118.128498
156999 282.621722
157999 1105.527901
158999 579.347036
159999 1186.007227
160999 1058.557035
161999 1211.894403
162999 1141.223991
163999 1071.814205
164999 1386.367273
165999 1326.737680
166999 1324.679943
167999 18.937458
168999 1190.912506
169999 882.550343
170999 321.787286
171999 1217.405800
172999 1264.707687
173999 1236.130669
174999 1225.476345
175999 483.099151
176999 1222.665229
177999 987.504905
178999 1351.427526
179999 477.943355
180999 160.600893
181999 33.545897
182999 170.811099
183999 1282.508800
184999 1343.156739
185999 1206.312886
186999 1356.582233
187999 1453.488575
188999 1144.175267
189999 540.224155
190999 1217.882089
191999 1093.211360
192999 1387.346500
193999 1355.256673
194999 1264.450585
195999 1259.052924
196999 1409.707397
197999 1334.646599
198999 428.153549
199999 1473.151689
200999 1406.299729
201999 1257.450984
202999 1441.271671
203999 -0.481969
204999 1150.231200
205999 1459.269480
206999 1284.889979
207999 1427.395324
208999 1497.790151
209999 -13.180510
210999 1552.594277
211999 47.038417
212999 1483.070242
213999 1543.883200
214999 343.492399
215999 1295.834848
216999 547.802385
217999 1106.700885
218999 1312.587863
219999 1394.474607
220999 1488.633777
221999 1459.222180
222999 1466.712950
223999 1593.296881
224999 1595.692741
225999 587.748799
226999 1476.324315
227999 1412.143493
228999 1525.339094
229999 1355.299048
230999 -5.639094
231999 1005.805083
232999 1404.997771
233999 1475.266126
234999 1416.625032
235999 1552.783694
236999 1607.302614
237999 1427.234327
238999 1490.118797
239999 1476.007705
240999 227.284312
241999 1439.604390
242999 897.264488
243999 1128.314028
244999 1623.295838
245999 1601.518052
246999 1586.337205
247999 1322.332921
248999 1640.115285
249999 1590.369688
250999 1507.584962
251999 240.278873
252999 1492.108005
253999 1597.545294
254999 1673.266549
255999 1670.150969
256999 1556.923230
257999 1737.735999
258999 1684.635203
259999 1628.454103
260999 288.128929
261999 480.298130
262999 1585.664431
263999 1579.295141
264999 1712.011450
265999 1572.405890
266999 1850.136996
267999 1663.882670
268999 1712.555668
269999 558.569088
270999 1571.373050
271999 1538.986814
272999 1588.122662
273999 1592.425581
274999 1625.572607
275999 1053.401809
276999 1668.366316
277999 1726.624718
278999 1698.301168
279999 1679.046784
280999 1624.613065
281999 571.700578
282999 1721.350911
283999 1659.129976
284999 1695.925549
285999 317.960041
286999 1753.429776
287999 1736.777053
288999 1658.142345
289999 1662.444060
290999 -30.002816
291999 1701.975511
292999 1672.762380
293999 1650.301320
294999 1661.963939
295999 1860.374967
296999 1796.873412
297999 1096.791352
298999 1809.363157
299999 1700.777825
300999 1019.793258
301999 1865.966851
302999 577.567066
303999 1745.129545
304999 1539.944526
305999 277.787696
306999 1304.246509
307999 1779.314338
308999 1756.980862
309999 1759.328853
310999 1765.300489
311999 1799.871625
312999 1714.963298
313999 1837.257807
314999 1684.972323
315999 1893.676120
316999 1790.782229
317999 1677.358982
318999 1729.153864
319999 1641.467493
320999 1792.613621
321999 1677.803122
322999 1743.707068
323999 1893.065557
324999 1729.296282
325999 1861.349144
326999 1872.489629
327999 1797.456038
328999 1696.331389
329999 1770.561561
330999 1708.817664
331999 1900.015438
332999 958.069950
333999 1858.877148
334999 1728.387862
335999 1919.683267
336999 1264.752471
337999 1769.837725
338999 1780.082090
339999 1959.746387
340999 1823.029539
341999 1873.534913
342999 1813.885299
343999 1666.508445
344999 1831.933195
345999 1988.273127
346999 1829.200380
347999 1871.060284
348999 -63.390928
349999 1294.643018
350999 1819.688272
351999 1939.031689
352999 1722.652700
353999 1844.994016
354999 1773.540450
355999 1999.911327
356999 1868.737675
357999 1930.078242
358999 1986.090860
359999 2018.972764
360999 1873.321651
361999 1653.626338
362999 1985.798548
363999 1830.238252
364999 1812.185718
365999 1861.327964
366999 953.096756
367999 1936.442651
368999 1830.943708
369999 1938.910266
370999 1782.499358
371999 1919.608697
372999 1840.106170
373999 1892.458740
374999 1989.109097
375999 1773.382222
376999 1881.874494
377999 1842.887689
378999 1916.906837
379999 1940.213573
380999 1996.208418
381999 1919.420401
382999 1792.631356
383999 2058.049091
384999 1921.918196
385999 1954.979712
386999 1707.490224
387999 1857.403174
388999 1807.085993
389999 239.348257
390999 1743.580180
391999 1310.229288
392999 1896.869587
393999 1897.061363
394999 2099.185162
395999 1346.831293
396999 1876.511567
397999 2090.610961
398999 2069.908192
399999 1769.556410
400999 1990.056880
401999 2018.102339
402999 1953.019004
403999 2045.377522
404999 2109.420495
405999 1923.841295
406999 1870.203011
407999 2101.150290
408999 2015.130765
409999 1938.540344
410999 1854.544112
411999 2038.354259
412999 1831.654157
413999 1893.324053
414999 2093.441045
415999 1955.112439
416999 2184.889833
417999 2060.352836
418999 1976.417386
419999 1925.414441
420999 1968.458291
421999 1992.015365
422999 2062.042387
423999 1987.214809
424999 2037.471157
425999 1992.788449
426999 2102.874714
427999 2073.602170
428999 1976.114034
429999 2044.747796
430999 2049.111503
431999 2013.796351
432999 2190.107362
433999 1873.026514
434999 1965.225677
435999 1825.938323
436999 1968.548641
437999 2118.827774
438999 1940.055894
439999 1205.179523
440999 1984.692306
441999 2322.448857
442999 2077.920553
443999 2081.827309
444999 2184.495729
445999 1946.911971
446999 2082.671069
447999 2157.854531
448999 2014.359561
449999 1980.703458
450999 2080.737043
451999 2164.878709
452999 2066.656841
453999 2077.385987
454999 2182.275278
455999 512.588353
456999 2134.987995
457999 2117.234638
458999 993.373813
459999 2144.789366
460999 2150.019424
461999 2028.140178
462999 1269.413873
463999 2104.153506
464999 2168.955809
465999 2130.859689
466999 2001.303956
467999 2013.320975
468999 2042.912545
469999 2107.073700
470999 2237.387483
471999 2031.596571
472999 1987.210184
473999 2149.305026
474999 2002.717791
475999 2204.239948
476999 2129.317326
477999 1896.589647
478999 1947.454563
479999 2083.968555
480999 2067.770406
481999 2134.754888
482999 2121.794354
483999 2046.168103
484999 2134.963611
485999 1963.400300
486999 2041.495233
487999 2150.546923
488999 2172.671169
489999 2115.021840
490999 2015.575505
491999 1897.827146
492999 2010.039423
493999 2176.189477
494999 2220.551936
495999 2219.239371
496999 2114.806625
497999 2173.364584
498999 2019.768304
499999 2095.284623
500999 2207.362254
501999 2003.159370
502999 2026.302330
503999 2052.994507
504999 2081.127550
505999 2160.254983
506999 2132.890350
507999 2177.318403
508999 171.641596
509999 2161.635768
510999 2040.796777
511999 1978.832690
512999 1796.688640
513999 73.374854
514999 2148.173025
515999 2012.962902
516999 2171.214124
517999 2205.617551
518999 2174.635702
519999 2118.446895
520999 2084.766429
521999 2008.595324
522999 1928.243259
523999 2049.226759
524999 2175.415265
525999 2111.381722
526999 2169.247259
527999 2096.458127
528999 2271.610493
529999 565.768271
530999 2130.876193
531999 2035.227981
532999 2156.106464
533999 2007.982310
534999 2131.203438
535999 2137.176372
536999 2198.823222
537999 2173.703033
538999 2144.995168
539999 2203.702580
540999 2237.947464
541999 890.651575
542999 2237.576911
543999 2307.147857
544999 2236.294800
545999 2280.480210
546999 2222.594841
547999 2099.135634
548999 2105.907953
549999 2078.052413
550999 2056.156277
551999 2146.470125
552999 1017.034960
553999 2276.341219
554999 2337.007558
555999 2173.243992
556999 2145.837040
557999 2106.149318
558999 2088.023352
559999 700.167381
560999 2156.603751
561999 2245.361961
562999 2246.851685
563999 2202.628049
564999 2162.795957
565999 1974.462806
566999 1864.612486
567999 2032.321624
568999 2293.328412
569999 2208.215843
570999 2067.357849
571999 2318.709873
572999 2318.484412
573999 2208.900223
574999 2181.652713
575999 2172.924731
576999 2344.728575
577999 2310.142779
578999 1105.658686
579999 2319.005703
580999 2198.322166
581999 2222.986061
582999 2211.568974
583999 2371.565361
584999 2225.324847
585999 2210.545549
586999 2204.094308
587999 2231.691519
588999 1909.119962
589999 2342.584707
590999 2360.289811
591999 2163.459380
592999 456.013071
593999 2305.450243
594999 2312.245322
595999 2259.117691
596999 2224.539716
597999 727.028869
598999 2098.598468
599999 2205.912378
600999 2211.402919
601999 2379.374542
602999 2339.135831
603999 1903.839880
604999 2164.278520
605999 2142.216777
606999 2223.176483
607999 2322.385315
608999 2184.526134
609999 2341.124493
610999 2281.981651
611999 2292.763780
612999 2355.760588
613999 2278.025709
614999 2320.899392
615999 2283.903498
616999 2341.896306
617999 2122.032275
618999 1700.256458
619999 2293.201590
620999 2239.464791
621999 2169.399810
622999 2332.278936
623999 2218.542095
624999 2483.658834
625999 494.270026
626999 2189.777250
627999 2304.934305
628999 2200.106508
629999 2263.088297
630999 2241.569808
631999 2339.402746
632999 2043.979575
633999 2125.591917
634999 2144.403102
635999 2210.117194
636999 1386.779840
637999 2343.891064
638999 2420.000445
639999 2333.895813
640999 2187.693194
641999 2265.893978
642999 2082.690971
643999 2381.631449
644999 2294.606695
645999 2553.696263
646999 2379.396405
647999 2387.408232
648999 2332.674445
649999 2344.020113
650999 2525.416179
651999 2242.063474
652999 2461.682900
653999 2336.082768
654999 2273.410390
655999 2239.365937
656999 2299.426275
657999 2294.442279
658999 2323.069233
659999 995.283315
660999 2359.422114
661999 564.038402
662999 2302.065024
663999 2394.611098
664999 2240.221624
665999 2411.273884
666999 2539.369444
667999 2281.710652
668999 2345.164304
669999 2364.027045
670999 2369.312125
671999 2150.146871
672999 2238.017879
673999 2482.025387
674999 2156.803094
675999 2428.451748
676999 2339.782995
677999 2241.763838
678999 2363.900159
679999 2405.784128
680999 2607.409379
681999 2418.621455
682999 2525.259776
683999 2232.922724
684999 2510.160248
685999 2416.025781
686999 2454.408524
687999 2586.920498
688999 2496.182472
689999 2371.707213
690999 2369.824727
691999 2378.586658
692999 2197.495642
693999 2408.046775
694999 2429.608110
695999 2407.867503
696999 2358.602659
697999 2299.407563
698999 2439.186444
699999 2609.435794
700999 2496.366525
701999 2231.511001
702999 2392.760178
703999 2504.377118
704999 2576.670593
705999 1009.453570
706999 2343.331845
707999 1478.828560
708999 2571.471270
709999 2391.521234
710999 2643.724527
711999 2380.135244
712999 2390.282090
713999 2277.321814
714999 2567.752236
715999 2338.003400
716999 2439.651083
717999 -50.242979
718999 2296.202842
719999 2658.151509
720999 2279.178775
721999 2522.836307
722999 2483.179373
723999 2449.492679
724999 2704.498983
725999 1431.262663
726999 938.726901
727999 2625.594891
728999 2687.069688
729999 2717.166718
730999 1887.300331
731999 2438.399395
732999 2629.019151
733999 2502.315939
734999 2432.278147
735999 2513.213042
736999 2690.516802
737999 2661.982824
738999 2202.246505
739999 2337.317932
740999 -144.674078
741999 2486.934922
742999 2579.408273
743999 2422.120230
744999 2358.028669
745999 2710.739872
746999 2548.992149
747999 2672.967895
748999 2434.019746
749999 2334.988110
750999 1447.971080
751999 2553.181337
752999 2585.991178
753999 2568.482671
754999 2507.126992
755999 2433.500294
756999 2456.795724
757999 2394.725895
758999 2513.522175
759999 2015.338406
760999 2507.411053
761999 2512.395973
762999 2820.446033
763999 2343.901974
764999 2455.509044
765999 2544.811731
766999 2374.147780
767999 2338.395960
768999 2444.089542
769999 2615.221873
770999 2610.604782
771999 2417.670636
772999 1789.012633
773999 2489.847271
774999 -20.724036
775999 1838.507835
776999 2691.694865
777999 2506.049231
778999 1327.830156
779999 2607.216992
780999 2718.232265
781999 2617.527659
782999 2670.034693
783999 2605.416839
784999 2487.940041
785999 2568.288793
786999 2595.325367
787999 2641.535102
788999 2713.595909
789999 2714.140366
790999 2571.872626
791999 2545.407014
792999 2503.496804
793999 2558.160208
794999 1496.391218
795999 1677.206966
796999 2761.946626
797999 -69.502612
798999 2677.385621
799999 2636.853507
800999 2730.307342
801999 2372.507346
802999 2492.016800
803999 2520.464597
804999 2682.415001
805999 2483.080405
806999 2557.653780
807999 2748.987494
808999 2580.152023
809999 2559.388617
810999 2521.964707
811999 2424.280121
812999 2592.106297
813999 2420.024913
814999 2462.858893
815999 2340.391521
816999 2532.415152
817999 2861.077111
818999 2414.474767
819999 2189.896085
820999 257.925917
821999 2516.567869
822999 2580.947909
823999 2107.571173
824999 2357.221775
825999 2458.382803
826999 2239.578615
827999 2090.916503
828999 1953.843082
829999 2192.131130
830999 2285.391304
831999 1985.987235
832999 259.576296
833999 2256.834376
834999 2145.430888
835999 905.032135
836999 21.266614
837999 2177.190228
838999 2190.784548
839999 1999.473517
840999 2179.135976
841999 280.407218
842999 2234.338642
843999 2263.955360
844999 2429.261794
845999 2371.965590
846999 2328.797028
847999 2173.638341
848999 2204.204422
849999 2241.152584
850999 1964.442317
851999 2342.997577
852999 2297.230141
853999 2342.392848
854999 2380.461105
855999 2350.922672
856999 2273.154940
857999 2262.638291
858999 2255.657478
859999 2368.308077
860999 -245.919972
861999 286.675741
862999 2574.175857
863999 2337.875172
864999 2571.536902
865999 2443.255931
866999 2241.954991
867999 2397.205805
868999 2393.447976
869999 2458.282250
870999 2518.325096
871999 1418.112254
872999 2683.298389
873999 1438.883336
874999 2254.945325
875999 2541.091617
876999 2402.158401
877999 2435.319459
878999 2502.264746
879999 2610.223760
880999 2368.144914
881999 2612.808609
882999 2754.133888
883999 2463.067642
884999 2622.647765
885999 2583.211509
886999 2681.913997
887999 2536.784906
888999 2451.713975
889999 802.041300
890999 2421.663318
891999 2513.107568
892999 2840.089396
893999 2479.641007
894999 2557.815795
895999 2599.382028
896999 2622.378885
897999 2596.748182
898999 2787.489376
899999 2685.809414
900999 2283.308451
901999 2733.840835
902999 2604.653453
903999 1330.044166
904999 2328.320016
905999 2664.833921
906999 2657.668714
907999 2461.454185
908999 2440.686150
909999 2661.879345
910999 1868.491388
911999 1087.985571
912999 2646.814983
913999 2553.066441
914999 2653.585983
915999 2618.279281
916999 2729.941524
917999 1683.113707
918999 2594.399266
919999 1222.538526
920999 390.381108
921999 2597.561053
922999 1071.418649
923999 2541.319409
924999 2583.130960
925999 2475.011882
926999 1792.508350
927999 2486.131227
928999 2431.957538
929999 2558.908287
930999 2730.353719
931999 2351.285220
932999 2630.531564
933999 2536.086401
934999 -222.352639
935999 2495.084342
936999 501.968630
937999 1960.467976
938999 1338.919449
939999 2437.783661
940999 2604.496746
941999 2667.644868
942999 385.074011
943999 2533.633123
944999 456.811143
945999 2751.361178
946999 2796.508991
947999 2409.200854
948999 2761.262338
949999 2721.373419
950999 795.518558
951999 1083.212281
952999 2723.049453
953999 2464.858418
954999 2700.482206
955999 1034.250844
956999 1178.022409
957999 2447.637637
958999 2415.146517
959999 2605.057491
960999 108.677973
961999 2676.799333
962999 2729.589488
963999 2464.404947
964999 2557.821360
965999 2557.917813
966999 2617.194234
967999 190.681868
968999 2442.357802
969999 2396.351582
970999 840.493297
971999 2675.279457
972999 2586.501716
973999 2473.876146
974999 2462.711455
975999 2658.934239
976999 2546.385300
977999 1646.279969
978999 2735.017813
979999 2634.475164
980999 2762.676483
981999 2781.697358
982999 2440.817717
983999 2705.732109
984999 2772.379968
985999 2630.663203
986999 1598.302915
987999 2433.867032
988999 2385.886830
989999 2674.936794
990999 2675.745979
991999 2023.136080
992999 2682.382596
993999 2693.893876
994999 2582.112307
995999 2518.704741
996999 2494.968104
997999 2639.287538
998999 2551.816772
999999 2639.480581
1000999 2654.761217
1001999 2619.187854
1002999 2528.117801
1003999 2663.693282
1004999 2741.586202
1005999 2746.795537
1006999 2577.906703
1007999 2471.581722
1008999 2487.220337
1009999 2657.700002
1010999 2561.474610
1011999 2743.492095
1012999 575.170886
1013999 407.457955
1014999 2732.087553
1015999 2793.426206
1016999 2739.968725
1017999 2907.852012
1018999 508.593300
1019999 1191.001410
1020999 2744.436313
1021999 2734.164240
1022999 1487.911240
1023999 194.813228
1024999 2789.219372
1025999 2710.862449
1026999 2396.003052
1027999 2491.090247
1028999 2892.544414
1029999 2529.662377
1030999 2519.055504
1031999 2642.658610
1032999 2602.899572
1033999 2458.630860
1034999 2512.954486
1035999 2487.372546
1036999 2644.117176
1037999 2701.234430
1038999 2701.936976
1039999 2593.983533
1040999 2502.655931
1041999 2801.964240
1042999 1763.424977
1043999 434.312024
1044999 2660.584045
1045999 2659.658632
1046999 2781.965250
1047999 1955.626858
1048999 2563.894817
1049999 2595.968585
1050999 2526.618066
1051999 2740.790956
1052999 2644.015528
1053999 2828.486152
1054999 2330.791655
1055999 2595.435491
1056999 2792.358390
1057999 2625.442128
1058999 2453.456292
1059999 854.355582
1060999 2581.226876
1061999 2581.245949
1062999 2832.579336
1063999 2682.248028
1064999 2601.576100
1065999 2656.278301
1066999 2829.317657
1067999 2411.200147
1068999 2702.557908
1069999 2820.719866
1070999 2635.124480
1071999 2738.605981
1072999 2652.727922
1073999 2716.966812
1074999 2714.978345
1075999 2732.412003
1076999 2761.814726
1077999 2744.729428
1078999 2674.590102
1079999 2711.400618
1080999 2631.904408
1081999 2610.051663
1082999 283.220843
1083999 2541.459571
1084999 2572.363107
1085999 2504.970256
1086999 2225.901389
1087999 -22.538494
1088999 740.734062
1089999 1750.649199
1090999 2438.179618
1091999 803.059460
1092999 2518.075497
1093999 2521.439876
1094999 2733.909107
1095999 -258.298819
1096999 2368.694190
1097999 2620.184056
1098999 2733.318244
1099999 1393.604151
1100999 2566.679033
1101999 2786.166083
1102999 2627.759544
1103999 2790.328345
1104999 2397.771326
1105999 2622.374115
1106999 2347.003033
1107999 2614.588354
1108999 2466.985630
1109999 2668.559948
1110999 2627.977848
1111999 2765.116452
1112999 2477.709788
1113999 2478.771307
1114999 2492.488853
1115999 2658.083754
1116999 2360.880716
1117999 2509.922465
1118999 728.491786
1119999 2473.546177
1120999 2547.810715
1121999 2795.503684
1122999 2524.101773
1123999 2558.125902
1124999 2340.190042
1125999 2447.392877
1126999 2634.647804
1127999 2567.361070
1128999 -18.754059
1129999 2451.436866
1130999 2544.627066
1131999 2021.208534
1132999 2575.786022
1133999 2199.124885
1134999 2403.032672
1135999 2226.608072
1136999 631.823843
1137999 2455.655363
1138999 2379.946390
1139999 2452.799279
1140999 2413.413263
1141999 2480.254561
1142999 2425.558428
1143999 2439.058073
1144999 2329.433525
1145999 2376.442709
1146999 2716.203692
1147999 2311.997488
1148999 2636.828650
1149999 2487.555407
1150999 2522.241733
1151999 2233.566469
1152999 2317.452572
1153999 2512.242797
1154999 2422.330518
1155999 2508.404761
1156999 2445.312459
1157999 2529.332403
1158999 1650.086793
1159999 2372.187011
1160999 2459.071775
1161999 2440.335493
1162999 2425.358736
1163999 2417.363935
1164999 2223.399535
1165999 2258.172026
1166999 2372.183939
1167999 2375.333635
1168999 1444.197529
1169999 673.644054
1170999 2567.624812
1171999 2384.077443
1172999 2520.225425
1173999 2276.767814
1174999 2607.896878
1175999 2281.765594
1176999 2514.479431
1177999 2493.501722
1178999 2420.116057
1179999 2370.764081
1180999 2493.128007
1181999 2549.385484
1182999 2537.525452
1183999 2378.574765
1184999 2402.810298
1185999 2593.081043
1186999 2541.732706
1187999 2438.548880
1188999 830.121174
1189999 2302.585611
1190999 2519.566041
1191999 2566.098862
1192999 2391.323321
1193999 2288.337889
1194999 2394.483467
1195999 2463.553806
1196999 2264.403280
1197999 2407.596212
1198999 2494.645408
1199999 2394.425385
1200999 2237.145858
1201999 2280.521159
1202999 2592.008029
1203999 2259.747671
1204999 2424.361043
1205999 2373.893818
1206999 2240.405154
1207999 2601.871273
1208999 2525.218723
1209999 2383.687727
1210999 2478.029961
1211999 2339.583186
1212999 2399.057318
1213999 -3.689140
1214999 2508.036168
1215999 2564.338974
1216999 2353.084155
1217999 2300.193710
1218999 2152.700392
1219999 2191.931060
1220999 2320.279192
1221999 2299.362869
1222999 2665.507731
1223999 2505.553312
1224999 2193.270313
1225999 2268.428164
1226999 2226.653878
1227999 2085.911820
1228999 2183.179066
1229999 2294.750917
1230999 2487.442712
1231999 2475.374528
1232999 2400.706874
1233999 2080.093963
1234999 1995.735497
1235999 2372.992635
1236999 2502.552219
1237999 2492.535658
1238999 1637.198342
1239999 2423.225277
1240999 1143.437707
1241999 2298.199112
1242999 2274.282302
1243999 2314.138214
1244999 2336.464855
1245999 2297.262834
1246999 2384.939414
1247999 2137.946384
1248999 2297.718151
1249999 2390.058194
1250999 2315.183534
1251999 2284.498303
1252999 2339.902363
1253999 2182.970218
1254999 2256.657214
1255999 2379.347413
1256999 2491.924577
1257999 2394.220312
1258999 2123.354659
1259999 2387.195011
1260999 2318.697700
1261999 2394.185759
1262999 2294.739033
1263999 2651.735517
1264999 2675.310968
1265999 2369.468227
1266999 2289.649078
1267999 2439.419901
1268999 2430.501117
1269999 2264.840745
1270999 2188.647046
1271999 2403.252514
1272999 2517.637629
1273999 2311.306814
1274999 2403.522128
1275999 2413.445524
1276999 2242.609797
1277999 2470.706600
1278999 2393.424108
1279999 2312.731165
1280999 2373.856769
1281999 2432.045376
1282999 2311.692107
1283999 2443.088311
1284999 2289.560586
1285999 2159.127930
1286999 2255.714958
1287999 2049.006279
1288999 2327.810867
1289999 2324.081280
1290999 2411.189162
1291999 2541.859356
1292999 2590.854443
1293999 2385.858251
1294999 2643.861584
1295999 2445.807246
1296999 2471.365632
1297999 2558.359095
1298999 2442.080143
1299999 2795.775945
1300999 2541.764803
1301999 2326.188263
1302999 2640.840117
1303999 2759.745858
1304999 2566.847347
1305999 2578.014165
1306999 2360.181732
1307999 2345.892672
1308999 2577.107092
1309999 2495.061887
1310999 2667.952246
1311999 2577.075335
1312999 1946.332283
1313999 2761.333444
1314999 2587.320586
1315999 2477.990265
1316999 2564.786976
1317999 2206.491979
1318999 2711.011379
1319999 2597.355312
1320999 2540.335429
1321999 2724.137639
1322999 2617.959152
1323999 2768.030812
1324999 2619.063605
1325999 2611.774785
1326999 2510.592522
1327999 2557.790117
1328999 2585.381854
1329999 2680.499215
1330999 2695.513134
1331999 2463.264948
1332999 2590.960781
1333999 2630.877953
1334999 2707.432194
1335999 2427.336698
1336999 2676.350071
1337999 2457.283711
1338999 2455.040647
1339999 2264.566916
1340999 2202.212351
1341999 2559.771836
1342999 2270.509539
1343999 2390.210924
1344999 2515.498464
1345999 2542.848468
1346999 2821.389113
1347999 2295.674527
1348999 2469.553949
1349999 2599.536809
1350999 2633.106241
1351999 2672.491812
1352999 2595.013978
1353999 2485.592928
1354999 2579.435118
1355999 2693.674868
1356999 2571.105174
1357999 2443.412544
1358999 2770.968768
1359999 2622.881898
1360999 2727.478115
1361999 2625.664946
1362999 2737.651603
1363999 2541.288643
1364999 2771.691783
1365999 2699.496081
1366999 2575.054562
1367999 2523.120329
1368999 628.262117
1369999 2429.861056
1370999 2825.023115
1371999 2684.599583
1372999 2865.334153
1373999 2597.001456
1374999 2869.050657
1375999 2900.746346
1376999 2778.624834
1377999 1787.728387
1378999 2837.762653
1379999 3034.266809
1380999 2794.134455
1381999 2737.330559
1382999 2825.902788
1383999 2814.425067
1384999 2896.204711
1385999 864.372018
1386999 2736.476708
1387999 2675.396672
1388999 2927.327802
1389999 2815.920247
1390999 2787.580816
1391999 2696.987217
1392999 2785.317407
1393999 1478.234538
1394999 3005.380636
1395999 2681.723797
1396999 2924.895031
1397999 2767.632245
1398999 2883.481472
1399999 2780.391834
1400999 2681.035525
1401999 2829.298552
1402999 2752.464610
1403999 -242.962407
1404999 2816.806041
1405999 2420.601534
1406999 2806.479617
1407999 2745.045468
1408999 2865.672410
1409999 3000.083732
1410999 2940.128848
1411999 2738.565595
1412999 2745.607444
1413999 2923.410312
1414999 2888.193036
1415999 2937.222483
1416999 2963.446073
1417999 2793.712208
1418999 2945.070581
1419999 2822.122810
1420999 2790.798815
1421999 2578.737785
1422999 2681.617784
1423999 2690.548251
1424999 2799.094263
1425999 2908.020217
1426999 2829.452633
1427999 2875.285822
1428999 2661.823601
1429999 2801.234835
1430999 2578.601578
1431999 2854.249668
1432999 2735.857723
1433999 2874.630363
1434999 2780.358247
1435999 2784.528209
1436999 2878.932021
1437999 2795.813872
1438999 3000.856448
1439999 2769.156653
1440999 2880.672657
1441999 2810.972254
1442999 2823.010232
1443999 2798.272405
1444999 2909.391144
1445999 3016.268613
1446999 2689.926404
1447999 2700.175734
1448999 2977.407390
1449999 2685.361042
1450999 2488.190428
1451999 2292.637420
1452999 2608.243017
1453999 2424.711182
1454999 2436.995648
1455999 2802.442173
1456999 2570.179115
1457999 2576.754647
1458999 2621.893958
1459999 2671.906354
1460999 2719.052949
1461999 2501.232088
1462999 2450.924279
1463999 2784.540207
1464999 2750.394664
1465999 2676.958688
1466999 2629.034127
1467999 2653.934424
1468999 2726.217797
1469999 2481.655779
1470999 2515.368200
1471999 2442.037777
1472999 2634.672175
1473999 2636.132030
1474999 1562.596285
1475999 2775.332677
1476999 2576.413713
1477999 2536.141138
1478999 2566.717264
1479999 2881.471878
1480999 2695.466538
1481999 2575.860051
1482999 2719.615198
1483999 2839.937968
1484999 2718.707394
1485999 2587.215336
1486999 2756.329094
1487999 2507.986028
1488999 2811.437505
1489999 2761.250031
1490999 2495.924138
1491999 2665.027698
1492999 2794.413815
1493999 -102.959783
1494999 2749.260981
1495999 2504.731820
1496999 2716.341344
1497999 2699.847220
1498999 2561.669565
1499999 2685.977028
1500999 2557.892968
1501999 2644.153438
1502999 2798.348924
1503999 1918.031136
1504999 2566.804622
1505999 2643.108441
1506999 2614.959170
1507999 2585.533377
1508999 2595.714424
1509999 2593.375870
1510999 1554.737841
1511999 2742.687963
1512999 2611.390424
1513999 2520.361835
1514999 2701.532086
1515999 2659.388725
1516999 2937.153346
1517999 2795.971272
1518999 2790.931325
1519999 2783.756167
1520999 2452.069255
1521999 2728.218707
1522999 2780.813634
1523999 2662.294920
1524999 2844.307295
1525999 2835.007614
1526999 2606.197891
1527999 2593.907118
1528999 2666.810083
1529999 139.407163
1530999 2699.120420
1531999 2762.628163
1532999 2574.601919
1533999 2794.268447
1534999 2828.911116
1535999 2680.394712
1536999 2753.527367
1537999 2950.377506
1538999 2634.945929
1539999 2618.830656
1540999 2812.404906
1541999 2530.718312
1542999 2531.744488
1543999 2673.712323
1544999 2911.182192
1545999 2786.108104
1546999 2903.117560
1547999 2577.373374
1548999 2793.078704
1549999 2750.911951
1550999 2742.828125
1551999 2811.657385
1552999 2787.804177
1553999 2707.169771
1554999 2587.326721
1555999 2789.746669
1556999 2664.877917
1557999 2683.053023
1558999 2809.840907
1559999 2668.331105
1560999 2770.624113
1561999 2842.211061
1562999 2682.251820
1563999 2524.534591
1564999 2705.851624
1565999 2405.327979
1566999 2878.731694
1567999 2748.057606
1568999 2933.997878
1569999 2929.523130
1570999 2880.677581
1571999 2836.412117
1572999 2852.433651
1573999 2814.252897
1574999 2938.661702
1575999 2760.280171
1576999 2752.212374
1577999 2719.252624
1578999 2976.148446
1579999 2719.462972
1580999 2662.730927
1581999 2869.478586
1582999 2656.911059
1583999 2982.778199
1584999 2901.002995
1585999 2950.214852
1586999 2806.965443
1587999 2845.205412
1588999 2768.448959
1589999 2838.688843
1590999 2697.744754
1591999 2883.653919
1592999 2791.260523
1593999 2585.514117
1594999 2898.588714
1595999 2666.857382
1596999 2812.926156
1597999 2566.101353
1598999 2524.932202
1599999 2602.246144
1600999 2367.379758
1601999 2656.107397
1602999 2465.332411
1603999 2637.424451
1604999 2847.309103
1605999 2830.439000
1606999 2690.583234
1607999 2605.449324
1608999 2681.100491
1609999 2604.391855
1610999 2573.635009
1611999 2758.173811
1612999 2020.234531
1613999 1969.379610
1614999 2071.703983
1615999 1969.161649
1616999 1921.673989
1617999 2289.265241
1618999 1993.120753
1619999 1956.901071
1620999 2233.072746
1621999 2174.791396
1622999 2032.815417
1623999 2157.660726
1624999 2198.206149
1625999 1973.717275
1626999 2105.603827
1627999 2217.904425
1628999 2160.008410
1629999 2279.367702
1630999 2120.898817
1631999 2068.615055
1632999 2301.431484
1633999 2546.843568
1634999 2215.828520
1635999 2159.243500
1636999 2224.456068
1637999 2464.925909
1638999 2199.038078
1639999 2347.407005
1640999 2570.914761
1641999 2153.648621
1642999 2124.099230
1643999 2249.702092
1644999 2477.967956
1645999 2691.708325
1646999 2487.537003
1647999 2397.739865
1648999 2288.756393
1649999 2475.568420
1650999 2158.932446
1651999 684.732841
1652999 2470.808762
1653999 2261.006310
1654999 2400.363649
1655999 2438.323472
1656999 2300.010877
1657999 2294.124060
1658999 2235.262759
1659999 2141.383232
1660999 2069.247635
1661999 2373.320955
1662999 2249.486784
1663999 2092.186903
1664999 2309.326585
1665999 2439.694841
1666999 2574.754175
1667999 2125.152810
1668999 2642.552226
1669999 2432.003050
1670999 2432.449612
1671999 2329.049538
1672999 512.504317
1673999 2313.853650
1674999 2470.784265
1675999 2278.280547
1676999 2629.810551
1677999 2276.139040
1678999 2509.878227
1679999 2321.396357
1680999 1989.736475
1681999 2357.116240
1682999 2323.235337
1683999 2406.287114
1684999 2469.750952
1685999 2790.151354
1686999 2362.877199
1687999 2382.923928
1688999 2393.919516
1689999 2179.969936
1690999 2330.034571
1691999 2848.616348
1692999 981.241697
1693999 2281.432034
1694999 2670.590608
1695999 2746.525686
1696999 2482.874163
1697999 2368.765060
1698999 443.688144
1699999 2568.723389
1700999 2432.275561
1701999 2472.432440
1702999 2832.194086
1703999 2400.389726
1704999 2434.448469
1705999 2506.795669
1706999 2768.896085
1707999 2308.501419
1708999 2370.120278
1709999 2634.929677
1710999 2761.668395
1711999 2265.470569
1712999 2380.073420
1713999 2479.459439
1714999 2329.844358
1715999 2840.179277
1716999 3179.668253
1717999 2373.609129
1718999 2392.370397
1719999 2926.634602
1720999 2801.433884
1721999 1529.760873
1722999 2545.657180
1723999 2711.101393
1724999 2721.169399
1725999 2464.890270
1726999 2529.226254
1727999 2911.645309
1728999 2872.834027
1729999 2750.768486
1730999 2737.165785
1731999 2954.464453
1732999 2725.276141
1733999 3062.359430
1734999 2688.567824
1735999 1476.875644
1736999 1883.015228
1737999 2664.844452
1738999 1146.797007
1739999 2584.069634
1740999 2884.625432
1741999 2894.229364
1742999 2800.927227
1743999 2289.746888
1744999 2688.056238
1745999 2759.260912
1746999 2542.172723
1747999 2621.845753
1748999 2504.549623
1749999 2729.458776
1750999 -53.603873
1751999 2988.281291
1752999 2759.084811
1753999 885.915672
1754999 2087.525207
1755999 3072.543430
1756999 2870.545112
1757999 2365.997239
1758999 2458.013705
1759999 2471.079585
1760999 2268.650293
1761999 2715.485309
1762999 842.710762
1763999 2287.341928
1764999 3038.006387
1765999 2443.274956
1766999 2452.329021
1767999 2863.368157
1768999 2423.692848
1769999 2862.676875
1770999 2393.469361
1771999 2933.497290
1772999 2554.954761
1773999 3240.999790
1774999 3026.860332
1775999 3058.659489
1776999 2396.917594
1777999 2805.743875
1778999 1472.964785
1779999 2573.943173
1780999 2658.413645
1781999 2846.481378
1782999 668.961745
1783999 2839.077133
1784999 3283.731994
1785999 2901.872132
1786999 1933.853549
1787999 1024.858190
1788999 2595.385885
1789999 2377.130546
1790999 2542.400333
1791999 2949.014356
1792999 3130.487793
1793999 3264.507282
1794999 2949.757264
1795999 2896.670646
1796999 2631.056200
1797999 2721.507388
1798999 2769.541832
1799999 2536.396116
1800999 129.178252
1801999 2720.880924
1802999 3101.269505
1803999 2994.889523
1804999 3054.158899
1805999 2785.109226
1806999 3037.325896
1807999 2767.864567
1808999 3295.333732
1809999 2879.812213
1810999 2999.952378
1811999 2633.227676
1812999 3086.884819
1813999 2653.147692
1814999 3158.295910
1815999 3178.235824
1816999 283.040202
1817999 3021.117894
1818999 2876.260894
1819999 2775.651862
1820999 2998.858062
1821999 3085.231353
1822999 833.057960
1823999 3049.408131
1824999 1064.714345
1825999 3064.416920
1826999 3173.405894
1827999 2660.482846
1828999 3389.149345
1829999 3142.977281
1830999 3096.987217
1831999 2959.773792
1832999 3319.734156
1833999 2973.072324
1834999 2979.393775
1835999 3324.521779
1836999 3005.472917
1837999 3117.391934
1838999 3168.969491
1839999 3047.230911
1840999 2861.046356
1841999 3074.738620
1842999 3291.583282
1843999 2906.486571
1844999 3152.837858
1845999 478.455732
1846999 3391.826011
1847999 3212.741878
1848999 3282.816516
1849999 3047.032777
1850999 3435.517385
1851999 2984.828095
1852999 3261.447178
1853999 2322.238950
1854999 2726.089065
1855999 3037.435283
1856999 3266.648940
1857999 2794.069383
1858999 2399.032122
1859999 -45.819673
1860999 3449.837905
1861999 2640.482874
1862999 3296.057677
1863999 3266.449515
1864999 3015.471877
1865999 1110.020566
1866999 2976.140060
1867999 2593.212689
1868999 12.105043
1869999 2967.973771
1870999 2989.771542
1871999 668.962140
1872999 2889.686599
1873999 3102.547745
1874999 -447.525017
1875999 2946.164746
1876999 3165.188186
1877999 2975.212825
1878999 1295.795376
1879999 3074.742932
1880999 3148.537457
1881999 3155.855085
1882999 -371.895621
1883999 3053.845569
1884999 2911.910897
1885999 -458.061432
1886999 2931.225555
1887999 667.790687
1888999 2730.196781
1889999 3409.730826
1890999 3371.413042
1891999 3115.642299
1892999 3192.266865
1893999 3353.571692
1894999 3270.400931
1895999 2575.445426
1896999 3060.146112
1897999 2673.027425
1898999 3359.709269
1899999 3502.448947
1900999 3352.326185
1901999 2605.390029
1902999 3626.525087
1903999 629.088246
1904999 3322.782427
1905999 3080.091797
1906999 3103.017900
1907999 2799.073035
1908999 2253.176964
1909999 3017.148996
1910999 452.090742
1911999 1653.974022
1912999 1995.050883
1913999 3134.841181
1914999 1662.947754
1915999 3132.060802
1916999 3049.187619
1917999 2856.323657
1918999 645.083862
1919999 3098.733222
1920999 1566.601138
1921999 3208.553939
1922999 3188.249923
1923999 3043.829882
1924999 3084.990629
1925999 788.541899
1926999 3154.832816
1927999 962.990626
1928999 3427.168337
1929999 715.418575
1930999 2844.678922
1931999 -413.612157
1932999 1558.824571
1933999 -282.207800
1934999 2362.229480
1935999 1180.090898
1936999 472.707647
1937999 474.266894
1938999 448.173798
1939999 375.719877
1940999 288.175954
1941999 215.562764
1942999 148.852562
1943999 223.826286
1944999 309.750153
1945999 186.484443
1946999 205.334323
1947999 241.225429
1948999 422.580021
1949999 304.479058
1950999 423.366948
1951999 231.605833
1952999 223.519164
1953999 299.083691
1954999 320.443445
1955999 532.020647
1956999 468.875297
1957999 524.153706
1958999 768.896855
1959999 336.978535
1960999 716.432413
1961999 437.683010
1962999 703.024521
1963999 355.745081
1964999 825.358489
1965999 970.271641
1966999 515.664857
1967999 736.909264
1968999 812.465250
1969999 781.308468
1970999 599.548181
1971999 1056.491216
1972999 997.257182
1973999 724.161471
1974999 733.250142
1975999 852.446798
1976999 921.138627
1977999 878.472603
1978999 773.245686
1979999 783.201622
1980999 1045.618945
1981999 930.514105
1982999 739.239306
1983999 764.797833
1984999 638.404968
1985999 959.956068
1986999 637.005221
1987999 1101.079963
1988999 680.709255
1989999 1005.884308
1990999 1463.492544
1991999 1001.594870
1992999 940.986727
1993999 918.411455
1994999 953.517289
1995999 1094.255635
1996999 1448.763562
1997999 1001.905179
1998999 1399.831543
1999999 1246.355394
