999 -332.751994
1999 -323.967181
2999 -348.976958
3999 -447.500228
4999 -263.285509
5999 -385.761906
6999 -212.783064
7999 -404.286354
8999 -278.491188
9999 -286.113079
10999 -229.852660
11999 -396.842321
12999 -225.128211
13999 -92.103647
14999 -221.171932
15999 -264.634820
16999 -101.014752
17999 -294.025768
18999 -262.274924
19999 -238.484279
20999 -135.470471
21999 -163.137449
22999 -182.030172
23999 -125.948779
24999 -240.200851
25999 -91.564042
26999 -191.398823
27999 -58.884604
28999 -131.868028
29999 -71.578825
30999 -54.546148
31999 -68.896489
32999 -35.024083
33999 -31.134079
34999 13.910551
35999 -81.927589
36999 37.692057
37999 -44.649947
38999 22.097355
39999 89.265230
40999 107.521823
41999 -2.548220
42999 -39.489658
43999 84.389627
44999 -120.478821
45999 111.643593
46999 62.180990
47999 -23.495612
48999 -32.178484
49999 140.574204
50999 141.295010
51999 45.916525
52999 223.331804
53999 -189.663041
54999 -92.820177
55999 172.724776
56999 154.399332
57999 129.180067
58999 257.890724
59999 155.374551
60999 190.381224
61999 268.783308
62999 316.246478
63999 423.629888
64999 148.281879
65999 299.842683
66999 18.785172
67999 239.132208
68999 336.364372
69999 360.412618
70999 85.250408
71999 473.724197
72999 350.248521
73999 575.634026
74999 291.942070
75999 389.603035
76999 490.546993
77999 427.180244
78999 377.170363
79999 599.529448
80999 421.213378
81999 440.573324
82999 78.978297
83999 508.325034
84999 365.814363
85999 584.487292
86999 523.755432
87999 -178.824832
88999 399.846309
89999 77.527864
90999 775.037629
91999 197.505879
92999 425.057171
93999 680.761746
94999 452.621791
95999 450.533368
96999 584.996039
97999 198.953114
98999 -89.767083
99999 749.021662
100999 592.073877
101999 654.304899
102999 776.238857
103999 663.435583
104999 552.896481
105999 735.907963
106999 572.291980
107999 149.017573
108999 758.912580
109999 672.698539
110999 893.719185
111999 688.459629
112999 741.607143
113999 818.103817
114999 812.209620
115999 998.032789
116999 901.597187
117999 683.271672
118999 -29.677167
119999 864.696328
120999 747.750742
121999 885.287856
122999 773.201992
123999 886.109352
124999 899.101079
125999 851.992016
126999 1003.699899
127999 812.470434
128999 911.691457
129999 965.877673
130999 934.589633
131999 956.461244
132999 959.206721
133999 -94.568118
134999 -43.755897
135999 -88.632871
136999 1168.289010
137999 1016.184586
138999 1057.925406
139999 837.696873
140999 933.088666
141999 956.210599
142999 676.517803
143999 993.903565
144999 909.014964
145999 1040.625675
146999 1175.758306
147999 1089.558854
148999 1101.157068
149999 1126.374159
150999 1167.558473
151999 -174.802585
152999 600.314726
153999 826.837583
154999 255.315453
155999 1118.699922
156999 1119.657691
157999 1209.026612
158999 1185.504517
159999 1011.694949
160999 1202.632994
161999 1224.028320
162999 -24.426608
163999 1122.995568
164999 1102.451264
165999 1157.322868
166999 1063.471102
167999 1111.689372
168999 1214.120413
169999 1156.750851
170999 -166.895835
171999 1214.971983
172999 1052.173622
173999 47.485163
174999 1048.583054
175999 960.660598
176999 1159.758450
177999 1219.046941
178999 1088.173713
179999 1105.019210
180999 1158.165122
181999 -37.686025
182999 1174.620644
183999 1140.278934
184999 1150.130308
185999 1275.600512
186999 1255.216566
187999 1303.315290
188999 335.375478
189999 1178.463088
190999 1415.279914
191999 1285.964999
192999 1149.104705
193999 1204.178475
194999 1360.796197
195999 1224.307859
196999 1413.735613
197999 1390.532298
198999 1171.695404
199999 1092.161202
200999 1213.928099
201999 1310.135482
202999 1252.171272
203999 1324.975565
204999 1263.961848
205999 1542.682174
206999 1244.324875
207999 1351.702152
208999 1392.581307
209999 1497.895402
210999 1530.484028
211999 1457.591488
212999 1250.142431
213999 1435.718953
214999 1307.293051
215999 1791.006969
216999 1274.671652
217999 1463.272959
218999 1357.677701
219999 1490.050529
220999 904.976537
221999 -146.630929
222999 1510.338040
223999 426.167601
224999 1530.586592
225999 1518.975393
226999 1538.936099
227999 374.160257
228999 1397.908525
229999 1569.276377
230999 728.466290
231999 1383.813143
232999 1396.001591
233999 1346.995541
234999 1401.849419
235999 591.077563
236999 1556.852321
237999 1520.221139
238999 1685.932288
239999 1529.544080
240999 387.983517
241999 1639.540228
242999 1714.845771
243999 1582.436894
244999 1573.746930
245999 1744.270708
246999 1440.647363
247999 1613.200557
248999 1326.252229
249999 1682.322962
250999 1449.198164
251999 1523.178030
252999 1597.207710
253999 1599.789125
254999 1604.105667
255999 1351.977060
256999 1573.828553
257999 1478.780684
258999 1604.036302
259999 134.776774
260999 79.304977
261999 1490.178249
262999 984.058725
263999 1679.710054
264999 1724.138615
265999 1451.260241
266999 1684.551369
267999 1522.167256
268999 969.282547
269999 1706.667048
270999 1650.484104
271999 1533.877460
272999 1707.780922
273999 1787.485547
274999 1536.128176
275999 1760.803695
276999 1623.184790
277999 1632.283903
278999 1512.962802
279999 1613.089388
280999 1617.273697
281999 1773.816314
282999 1704.650734
283999 1615.793758
284999 284.407719
285999 1734.886809
286999 1731.122786
287999 1754.405071
288999 1147.556888
289999 1769.528867
290999 1933.634999
291999 1617.996923
292999 1620.946553
293999 1646.162594
294999 1578.897984
295999 1694.196764
296999 1691.277267
297999 1969.530908
298999 1719.415489
299999 1870.082328
300999 1506.759863
301999 1604.570099
302999 1818.296440
303999 1557.064645
304999 64.492188
305999 1792.650008
306999 990.626769
307999 1774.955010
308999 52.671866
309999 1823.849107
310999 1775.930798
311999 1637.277294
312999 1688.835377
313999 1768.571276
314999 1720.994036
315999 325.286312
316999 1779.747520
317999 1784.963498
318999 1712.148682
319999 1824.966994
320999 1673.662424
321999 1715.795565
322999 1828.435466
323999 1683.002077
324999 1865.885891
325999 1882.006852
326999 1662.926266
327999 1829.376680
328999 744.324099
329999 1863.057873
330999 1836.507095
331999 1751.425140
332999 727.969123
333999 1947.010675
334999 242.228592
335999 1764.917851
336999 1766.910374
337999 1700.768776
338999 1697.693321
339999 1928.445426
340999 1625.953609
341999 1752.503177
342999 1682.325695
343999 1903.072957
344999 1655.362160
345999 1767.897253
346999 1740.637196
347999 1870.397687
348999 1715.750129
349999 1938.936274
350999 632.759018
351999 2052.680597
352999 45.587509
353999 1920.819205
354999 1906.071817
355999 1921.535927
356999 2010.006487
357999 1975.839064
358999 1919.499651
359999 494.209242
360999 1784.679763
361999 1809.175777
362999 1805.686464
363999 1874.114683
364999 1752.562961
365999 1746.089011
366999 1774.957326
367999 1892.740250
368999 1543.768061
369999 2051.990298
370999 1969.905206
371999 1791.893565
372999 1846.541093
373999 1776.485717
374999 1786.868850
375999 1713.704293
376999 1772.324872
377999 1949.030060
378999 1815.625347
379999 1874.822128
380999 1945.219814
381999 1818.935925
382999 1919.903554
383999 1574.002273
384999 1787.765398
385999 1045.770952
386999 1873.986975
387999 1417.190955
388999 1817.264001
389999 1890.867701
390999 1795.154626
391999 1970.588343
392999 1865.040069
393999 2065.953041
394999 1960.970537
395999 1718.133261
396999 1040.399463
397999 1967.086530
398999 1869.688578
399999 1756.757912
400999 2014.258566
401999 1776.063305
402999 1826.883720
403999 1993.823440
404999 1738.024272
405999 1859.302270
406999 1963.054776
407999 174.430620
408999 2005.939429
409999 1801.591953
410999 1822.363846
411999 1941.299612
412999 1937.992480
413999 1053.617346
414999 1805.559031
415999 1906.224603
416999 1837.041685
417999 2253.747579
418999 1118.130808
419999 1966.967174
420999 1895.562440
421999 1961.522082
422999 1793.797409
423999 1864.474263
424999 1895.464171
425999 1950.503504
426999 884.595638
427999 1777.593217
428999 1948.880544
429999 2111.081945
430999 1920.234201
431999 1969.333962
432999 1984.750200
433999 1697.111175
434999 1864.441581
435999 493.489367
436999 1973.218239
437999 1971.392701
438999 2035.347575
439999 2006.723513
440999 2070.022646
441999 2125.410703
442999 1200.290972
443999 2021.405656
444999 2103.161219
445999 1847.103873
446999 2034.977459
447999 131.707441
448999 2058.110756
449999 2083.174204
450999 928.826979
451999 2076.222338
452999 2279.706415
453999 1972.533831
454999 2159.524712
455999 2209.619709
456999 2033.450635
457999 2112.761856
458999 1980.571388
459999 2068.168878
460999 1544.452294
461999 1990.532490
462999 2267.836450
463999 1959.876931
464999 1042.541480
465999 2047.320422
466999 1689.634688
467999 2195.969924
468999 996.762272
469999 1901.764562
470999 2203.082360
471999 2081.990432
472999 2060.828884
473999 2194.363145
474999 496.776119
475999 2169.528336
476999 2114.198834
477999 2045.262184
478999 2182.810334
479999 2195.719902
480999 1981.794954
481999 1944.490115
482999 2030.201913
483999 2042.142432
484999 2405.437361
485999 2082.999735
486999 1887.814633
487999 2262.427694
488999 2084.737994
489999 686.271559
490999 2135.138245
491999 2221.368407
492999 1903.060248
493999 1564.468828
494999 2246.231605
495999 2003.508545
496999 2070.134870
497999 2216.511989
498999 2177.779774
499999 2179.102244
500999 2211.512532
501999 2318.697761
502999 2305.444661
503999 2219.303548
504999 2034.572585
505999 2224.474026
506999 2215.529393
507999 2209.148178
508999 2167.215426
509999 1913.119412
510999 2243.850236
511999 2221.479945
512999 2064.030554
513999 2092.179823
514999 2112.881723
515999 2165.383586
516999 2126.283894
517999 2312.186211
518999 2090.239454
519999 2064.681603
520999 2185.652972
521999 623.940145
522999 2096.165466
523999 1178.729632
524999 2279.007060
525999 2138.831468
526999 371.226996
527999 2347.638883
528999 2120.974798
529999 2015.814435
530999 2228.891593
531999 2173.052618
532999 2110.305556
533999 2088.412234
534999 2130.314023
535999 2162.101775
536999 2154.106576
537999 2098.863628
538999 190.294247
539999 2224.191006
540999 2426.837008
541999 2177.212330
542999 2134.229303
543999 1953.505402
544999 2340.925184
545999 738.371648
546999 2227.073009
547999 2335.999164
548999 2186.426274
549999 2311.900474
550999 2068.471024
551999 2029.393910
552999 2135.621970
553999 2222.919026
554999 2234.699697
555999 2330.928080
556999 2229.427246
557999 1620.583153
558999 2094.821352
559999 2058.147088
560999 2266.026678
561999 2174.307692
562999 2138.493113
563999 434.270290
564999 1316.872594
565999 2272.274477
566999 2243.747386
567999 2350.254503
568999 2411.461929
569999 2475.641363
570999 2491.492413
571999 1320.474458
572999 1826.420573
573999 2256.978963
574999 2170.925988
575999 2247.737324
576999 1484.182565
577999 2305.585286
578999 2288.066163
579999 2255.860740
580999 2374.747823
581999 275.075190
582999 2275.972922
583999 2205.271776
584999 1331.136259
585999 2214.885540
586999 2426.488583
587999 2256.371031
588999 2173.968343
589999 2208.004052
590999 2399.051178
591999 2148.864503
592999 847.559576
593999 2427.526635
594999 2360.806256
595999 2299.528191
596999 1943.070637
597999 2243.465441
598999 2267.779303
599999 41.822824
600999 2190.549387
601999 2466.926338
602999 2409.269914
603999 2219.022880
604999 2132.046323
605999 2244.487346
606999 618.753702
607999 2386.768726
608999 2321.481705
609999 2372.084923
610999 2191.025368
611999 2364.933661
612999 2198.299747
613999 2356.982558
614999 2101.857939
615999 2386.136650
616999 2384.158017
617999 2053.559276
618999 2267.251297
619999 2383.820563
620999 2455.358453
621999 2325.048455
622999 2135.254894
623999 2081.482817
624999 2494.443273
625999 2302.666497
626999 2218.530238
627999 307.471363
628999 2387.781493
629999 2155.543368
630999 2214.032589
631999 2334.731904
632999 1405.163058
633999 2442.343092
634999 823.515840
635999 2224.964791
636999 2435.732971
637999 2357.857707
638999 2362.428071
639999 2232.638960
640999 1057.424853
641999 2060.188702
642999 2172.307402
643999 22.994370
644999 2336.870701
645999 2429.171413
646999 2052.083189
647999 1671.728225
648999 2329.382667
649999 281.945865
650999 2175.591538
651999 2127.509075
652999 2266.810066
653999 2212.397892
654999 2286.552194
655999 2257.587639
656999 1937.506080
657999 675.702441
658999 2208.577621
659999 2546.392186
660999 2283.417152
661999 1267.284136
662999 2490.517116
663999 2389.770102
664999 928.839040
665999 840.554108
666999 1221.294663
667999 1100.856674
668999 2379.766017
669999 1906.486005
670999 764.033982
671999 2348.915950
672999 664.054868
673999 1071.379827
674999 2595.294573
675999 2321.082952
676999 150.768374
677999 2406.710065
678999 1397.823547
679999 1448.594615
680999 2456.060488
681999 1590.480896
682999 2568.258127
683999 2470.659125
684999 64.363067
685999 1587.792563
686999 2347.051535
687999 2227.845492
688999 2386.493694
689999 253.303585
690999 739.218151
691999 2445.091533
692999 1191.954469
693999 2523.805189
694999 2463.265199
695999 2223.705518
696999 415.362270
697999 1227.317505
698999 2252.730302
699999 2363.131052
700999 2499.156353
701999 2450.030809
702999 2406.753746
703999 2450.547470
704999 2277.617173
705999 2669.407053
706999 2543.732921
707999 1286.869237
708999 2357.307531
709999 2518.173785
710999 134.004530
711999 872.185073
712999 2353.185794
713999 2427.517942
714999 932.770253
715999 2422.801698
716999 2427.245349
717999 2256.265287
718999 2336.666860
719999 2434.228886
720999 2437.462509
721999 2250.497414
722999 2513.065804
723999 2411.524942
724999 2312.883892
725999 2487.260118
726999 2456.460955
727999 2571.159837
728999 2222.943575
729999 2389.795409
730999 2347.111549
731999 2157.904773
732999 242.246621
733999 2418.022700
734999 1041.939097
735999 398.335934
736999 958.505430
737999 2452.512482
738999 538.224345
739999 2580.855257
740999 1747.881235
741999 1803.840187
742999 2374.225701
743999 2244.777672
744999 879.727710
745999 2643.419761
746999 2371.762678
747999 2298.205998
748999 2180.853323
749999 2451.218697
750999 2277.005156
751999 479.716724
752999 2196.125061
753999 2162.499481
754999 1078.934217
755999 2520.558821
756999 2528.346094
757999 1874.385910
758999 2487.512687
759999 2281.120454
760999 2518.583781
761999 2586.589456
762999 2091.099693
763999 1161.149180
764999 2305.192973
765999 2559.640077
766999 2368.893340
767999 1628.257243
768999 2258.255734
769999 2192.755924
770999 1731.960262
771999 1985.391062
772999 2288.995496
773999 255.472810
774999 2522.784208
775999 2453.859376
776999 2601.303081
777999 2544.687664
778999 1064.158662
779999 1000.858235
780999 2524.858081
781999 2473.098133
782999 2413.300727
783999 2250.203169
784999 2159.601567
785999 2353.965555
786999 2149.472619
787999 2301.768912
788999 2405.518142
789999 2507.136290
790999 2180.930950
791999 2500.176937
792999 2295.060486
793999 2346.294695
794999 2285.732057
795999 2508.194136
796999 1533.593957
797999 2613.405107
798999 2519.090194
799999 1502.552674
800999 2381.726061
801999 2460.311314
802999 539.018674
803999 2504.968326
804999 2618.828594
805999 2662.452506
806999 2600.652521
807999 1623.812266
808999 2489.536962
809999 149.432172
810999 2496.046474
811999 2292.105910
812999 2296.826135
813999 2331.333277
814999 890.849089
815999 2339.893775
816999 567.670308
817999 2420.609622
818999 2134.692004
819999 2211.862692
820999 2153.613808
821999 670.411840
822999 2535.861606
823999 1014.666486
824999 2355.545677
825999 2240.750054
826999 2234.898895
827999 2733.527394
828999 2610.448060
829999 2256.978116
830999 2276.512904
831999 2521.971594
832999 871.139109
833999 2203.663332
834999 874.216171
835999 958.482450
836999 2198.530120
837999 1705.129362
838999 2476.526954
839999 737.052475
840999 1125.349319
841999 592.474149
842999 1645.547226
843999 2414.770900
844999 67.677480
845999 2312.800034
846999 2567.057345
847999 2451.395851
848999 2497.569793
849999 2584.988486
850999 2272.774485
851999 1127.927845
852999 2536.386201
853999 2111.179614
854999 2363.796134
855999 2553.857296
856999 712.332144
857999 2525.713918
858999 679.767241
859999 751.753519
860999 2658.909739
861999 229.732909
862999 1787.549713
863999 2479.745172
864999 2495.731246
865999 122.020277
866999 830.259614
867999 2509.278660
868999 1929.520697
869999 2303.726260
870999 811.416556
871999 2535.968051
872999 1712.345306
873999 728.266859
874999 2408.926597
875999 2171.977338
876999 2486.522847
877999 2482.948850
878999 2346.516444
879999 710.819045
880999 1443.306098
881999 2050.826598
882999 2082.564718
883999 2545.537885
884999 879.281133
885999 433.033196
886999 2573.366541
887999 2502.992137
888999 2164.335353
889999 2551.681703
890999 1496.528028
891999 792.012310
892999 1211.523393
893999 1259.151333
894999 1342.937570
895999 2577.389374
896999 1079.987614
897999 2448.540929
898999 2176.906108
899999 719.572058
900999 1415.098014
901999 2448.557118
902999 2487.454073
903999 2531.824362
904999 2463.750259
905999 2421.009831
906999 1200.810385
907999 2536.047448
908999 2393.471827
909999 2431.595401
910999 645.514525
911999 2197.345271
912999 2260.159134
913999 2383.902148
914999 2611.510448
915999 2330.514492
916999 2448.169282
917999 2395.085787
918999 2373.065848
919999 2407.261422
920999 370.112318
921999 2065.861346
922999 1820.220934
923999 569.866690
924999 2358.541980
925999 893.651182
926999 167.617988
927999 602.319888
928999 1718.039360
929999 2390.216375
930999 539.231860
931999 2365.010498
932999 2484.328143
933999 315.303810
934999 2509.611244
935999 852.716871
936999 2530.703605
937999 2492.581491
938999 2452.257154
939999 1344.092822
940999 2155.796996
941999 2472.381258
942999 2183.061744
943999 245.357528
944999 2259.758096
945999 2470.748896
946999 2167.800942
947999 2549.593158
948999 1761.134176
949999 2585.259052
950999 2631.709496
951999 926.484278
952999 2334.018548
953999 1784.162295
954999 2227.849519
955999 2516.774256
956999 13.437017
957999 2533.225581
958999 -141.179485
959999 2484.572703
960999 2422.551745
961999 2542.361683
962999 2461.834290
963999 272.111366
964999 2404.975071
965999 2555.541204
966999 2496.263780
967999 2112.417976
968999 2424.678525
969999 2371.290415
970999 2375.114470
971999 2282.111253
972999 2282.901648
973999 2439.216122
974999 2247.808116
975999 2143.878052
976999 2418.078761
977999 2275.469637
978999 2068.271833
979999 2258.505010
980999 2446.100912
981999 358.156567
982999 2308.912869
983999 2531.917855
984999 2339.452382
985999 2350.090528
986999 2385.176406
987999 2360.182669
988999 2333.632198
989999 1376.486337
990999 2199.534778
991999 2391.342646
992999 2450.031302
993999 2271.756991
994999 1798.716318
995999 2413.761687
996999 2055.946315
997999 2021.747259
998999 2005.902337
999999 2338.195944
1000999 2395.520196
1001999 2260.572019
1002999 2263.657202
1003999 1724.068628
1004999 2309.457355
1005999 2220.391442
1006999 2504.560871
1007999 2403.420104
1008999 2034.205303
1009999 2296.893299
1010999 664.706905
1011999 1222.207346
1012999 2255.153224
1013999 1477.418937
1014999 2462.686045
1015999 2411.557277
1016999 2675.759177
1017999 2407.453770
1018999 2727.910147
1019999 2445.416115
1020999 2314.839905
1021999 1611.068426
1022999 2312.699125
1023999 2425.410332
1024999 77.737039
1025999 2559.708326
1026999 2278.153050
1027999 2475.192792
1028999 2571.184729
1029999 2169.998809
1030999 2654.566463
1031999 2442.876542
1032999 2212.977672
1033999 2433.291279
1034999 2363.193278
1035999 2471.972347
1036999 2356.240212
1037999 2525.343971
1038999 2278.213860
1039999 2623.565374
1040999 2388.028323
1041999 2502.133259
1042999 2079.822610
1043999 1250.950710
1044999 2175.788674
1045999 2377.784507
1046999 2391.836690
1047999 2397.703171
1048999 2402.195830
1049999 1732.555785
1050999 2231.187815
1051999 2366.701180
1052999 2520.272274
1053999 2487.829221
1054999 2424.658963
1055999 2484.967117
1056999 2417.405286
1057999 2543.886167
1058999 2645.950359
1059999 2423.750716
1060999 2593.553608
1061999 2427.298286
1062999 2341.346357
1063999 2451.856327
1064999 2490.572410
1065999 2322.423082
1066999 2337.429117
1067999 2354.476275
1068999 2087.278473
1069999 -246.712208
1070999 2339.618875
1071999 2250.266914
1072999 2311.939098
1073999 1594.878765
1074999 2223.086264
1075999 2324.182680
1076999 2153.954870
1077999 2325.771473
1078999 66.723983
1079999 2336.991578
1080999 2345.476060
1081999 2206.991547
1082999 1019.404142
1083999 1459.666872
1084999 2266.635132
1085999 2238.918211
1086999 2296.434254
1087999 2359.849308
1088999 2238.902779
1089999 1945.519407
1090999 2050.033416
1091999 2335.994170
1092999 1828.570974
1093999 2378.677060
1094999 2221.590365
1095999 2252.830577
1096999 2406.263324
1097999 2419.664279
1098999 2616.121677
1099999 2427.129735
1100999 2417.227243
1101999 2413.832520
1102999 2170.377453
1103999 2145.143140
1104999 2350.136237
1105999 2184.227057
1106999 -280.151511
1107999 2570.929657
1108999 450.679557
1109999 2239.963997
1110999 2378.015829
1111999 -71.067643
1112999 2372.463100
1113999 2278.339107
1114999 2485.215281
1115999 2426.871574
1116999 2412.795318
1117999 2165.647101
1118999 2314.198956
1119999 2333.516332
1120999 2422.096527
1121999 2336.942084
1122999 2232.142204
1123999 2364.720409
1124999 2725.594189
1125999 2314.661173
1126999 2424.247914
1127999 2587.114377
1128999 2341.302080
1129999 2448.115469
1130999 2452.043132
1131999 2145.145470
1132999 2532.364495
1133999 2505.111822
1134999 2214.131636
1135999 2463.232571
1136999 2662.648282
1137999 2367.869083
1138999 321.996725
1139999 2524.152701
1140999 2484.477685
1141999 2324.125965
1142999 2250.084244
1143999 2447.420845
1144999 2331.267447
1145999 2476.793188
1146999 2231.904948
1147999 2660.399491
1148999 2291.744783
1149999 2380.531674
1150999 2435.522388
1151999 1310.970918
1152999 2388.276106
1153999 2446.515625
1154999 2484.245954
1155999 2334.478479
1156999 2488.487904
1157999 2482.099500
1158999 1112.201880
1159999 2444.370201
1160999 2603.277371
1161999 435.688791
1162999 2314.703007
1163999 2542.842562
1164999 2344.930756
1165999 2282.245831
1166999 2543.642323
1167999 2332.684875
1168999 2249.323042
1169999 2333.201372
1170999 2499.663456
1171999 2210.413546
1172999 2294.932475
1173999 2491.995343
1174999 2490.447027
1175999 2249.813113
1176999 2516.594744
1177999 2370.873718
1178999 2471.047057
1179999 2339.066881
1180999 2322.558688
1181999 2318.067826
1182999 2497.434965
1183999 2411.265893
1184999 2562.463239
1185999 2717.094776
1186999 2277.632926
1187999 2326.033454
1188999 2443.181193
1189999 2621.204341
1190999 2290.058656
1191999 234.212057
1192999 1353.896560
1193999 2297.442075
1194999 859.501059
1195999 2340.105158
1196999 2200.070856
1197999 2415.201227
1198999 2303.929351
1199999 2434.253957
1200999 2348.348207
1201999 797.395839
1202999 1566.734062
1203999 2524.553753
1204999 2410.262877
1205999 2375.314852
1206999 2635.951310
1207999 2452.082664
1208999 2395.493813
1209999 2451.509522
1210999 2502.764503
1211999 2580.898129
1212999 2503.735241
1213999 2282.647935
1214999 2548.188124
1215999 2360.359666
1216999 2619.310533
1217999 2475.831787
1218999 2563.180393
1219999 2561.791021
1220999 2676.466431
1221999 2557.469392
1222999 2025.197462
1223999 -59.659374
1224999 2126.990071
1225999 1299.135209
1226999 2577.454173
1227999 2207.794288
1228999 2363.430731
1229999 2463.425561
1230999 500.248059
1231999 1952.420689
1232999 2454.778143
1233999 1645.127065
1234999 1272.119630
1235999 2711.744609
1236999 -90.602439
1237999 144.450808
1238999 2419.918317
1239999 2691.955346
1240999 706.658075
1241999 2561.880966
1242999 1453.822251
1243999 2381.467094
1244999 2342.810917
1245999 263.781650
1246999 2610.091064
1247999 -109.184923
1248999 2462.245901
1249999 2457.697919
1250999 1492.940442
1251999 2423.900811
1252999 1659.767234
1253999 2475.618548
1254999 2592.197465
1255999 2613.206691
1256999 5.166880
1257999 1887.476110
1258999 2280.573243
1259999 2453.756116
1260999 2410.714762
1261999 1158.716186
1262999 -39.286862
1263999 2002.186782
1264999 615.312916
1265999 2385.838441
1266999 -192.643791
1267999 2583.388067
1268999 1528.496153
1269999 2593.687527
1270999 2528.636197
1271999 2615.606794
1272999 202.323616
1273999 2417.513718
1274999 2437.225769
1275999 1446.809595
1276999 2324.541994
1277999 2412.726174
1278999 2194.618994
1279999 2515.187855
1280999 2400.490000
1281999 2518.870964
1282999 2382.667845
1283999 2312.427506
1284999 2664.177483
1285999 2438.865625
1286999 2425.486538
1287999 2593.904543
1288999 2583.296423
1289999 2401.958854
1290999 2790.323178
1291999 -279.095222
1292999 2637.197165
1293999 1574.302809
1294999 2608.523902
1295999 2525.521174
1296999 2621.882384
1297999 -210.322171
1298999 2615.301834
1299999 2559.744062
1300999 221.803941
1301999 2377.809702
1302999 2689.004461
1303999 2653.107467
1304999 2518.037098
1305999 2562.433858
1306999 1690.357989
1307999 434.330894
1308999 -36.494951
1309999 321.228687
1310999 336.984437
1311999 -310.960323
1312999 -190.178365
1313999 106.629452
1314999 2019.147916
1315999 398.934809
1316999 1356.729622
1317999 -224.541288
1318999 1034.832106
1319999 -271.424395
1320999 -114.900176
1321999 336.520867
1322999 1458.452585
1323999 -190.778746
1324999 70.580919
1325999 267.489984
1326999 519.346341
1327999 -281.674329
1328999 2139.140710
1329999 328.332369
1330999 298.773128
1331999 -165.039919
1332999 249.296548
1333999 523.440438
1334999 393.951129
1335999 -171.895474
1336999 -180.762444
1337999 1599.301089
1338999 409.077823
1339999 2020.322965
1340999 181.945022
1341999 1112.132834
1342999 215.866081
1343999 111.876368
1344999 690.286077
1345999 301.587881
1346999 2006.371156
1347999 21.326434
1348999 -198.954465
1349999 2108.043548
1350999 2069.302811
1351999 2278.654289
1352999 640.841468
1353999 546.119236
1354999 -86.662454
1355999 309.299108
1356999 1607.802355
1357999 1942.341140
1358999 2092.071094
1359999 95.805079
1360999 321.246045
1361999 2058.439709
1362999 239.759762
1363999 273.467215
1364999 2010.745657
1365999 1923.405958
1366999 2039.904356
1367999 1420.466211
1368999 2199.973787
1369999 2443.945891
1370999 2479.137646
1371999 1296.097889
1372999 121.881872
1373999 366.741581
1374999 2120.397263
1375999 -95.573873
1376999 2202.764110
1377999 2021.082198
1378999 1580.015033
1379999 2061.138956
1380999 2031.107070
1381999 2087.836582
1382999 756.819248
1383999 225.328629
1384999 1959.864512
1385999 871.440360
1386999 2223.144536
1387999 1916.730546
1388999 548.316733
1389999 1083.114567
1390999 184.444563
1391999 2068.063506
1392999 395.152536
1393999 285.651451
1394999 1819.291856
1395999 1694.363147
1396999 994.791638
1397999 1910.733228
1398999 2063.988505
1399999 790.124491
1400999 2166.561550
1401999 2142.129938
1402999 1731.594654
1403999 1873.470684
1404999 761.010704
1405999 176.971017
1406999 1488.467877
1407999 336.450683
1408999 1958.369253
1409999 1944.821319
1410999 452.684048
1411999 452.632426
1412999 214.061508
1413999 2081.175533
1414999 1363.994798
1415999 419.014764
1416999 2269.383072
1417999 110.784293
1418999 1886.145741
1419999 10.402878
1420999 60.457412
1421999 1956.790111
1422999 2338.669428
1423999 1755.425547
1424999 898.657408
1425999 622.324120
1426999 1694.767601
1427999 1237.004230
1428999 2254.901638
1429999 518.161315
1430999 2042.927608
1431999 22.777438
1432999 493.161979
1433999 932.164053
1434999 2038.285374
1435999 2076.812253
1436999 1930.813419
1437999 2170.790768
1438999 1198.642464
1439999 47.638614
1440999 1465.626035
1441999 2103.156095
1442999 748.559524
1443999 927.648372
1444999 1323.586803
1445999 81.735524
1446999 2214.727464
1447999 2067.539204
1448999 1493.768609
1449999 1885.615829
1450999 2140.041828
1451999 2191.104688
1452999 2196.874700
1453999 514.106856
1454999 2072.129312
1455999 2101.197266
1456999 2213.613518
1457999 2144.085237
1458999 2012.891528
1459999 2040.320878
1460999 1255.849263
1461999 1991.095391
1462999 2333.080903
1463999 2050.879123
1464999 2208.180708
1465999 966.138887
1466999 2139.083764
1467999 2540.356202
1468999 2198.226336
1469999 1283.606366
1470999 2234.737570
1471999 2010.406553
1472999 2506.894919
1473999 2229.266758
1474999 2412.654740
1475999 417.169813
1476999 2172.569657
1477999 2272.274090
1478999 2062.659506
1479999 2327.950032
1480999 99.096187
1481999 2185.086912
1482999 2327.099710
1483999 2097.574589
1484999 2241.100797
1485999 2315.667317
1486999 2087.860987
1487999 1581.107603
1488999 2197.689312
1489999 128.957644
1490999 1161.993340
1491999 38.059396
1492999 2021.410804
1493999 100.845210
1494999 674.179256
1495999 1533.945033
1496999 2139.797758
1497999 1984.499338
1498999 2062.683917
1499999 2308.884483
1500999 1319.216599
1501999 738.306292
1502999 2068.719350
1503999 2326.063377
1504999 2205.090812
1505999 2227.047732
1506999 2273.542424
1507999 2312.605049
1508999 2283.516906
1509999 2030.833638
1510999 125.781106
1511999 2107.808790
1512999 2341.804385
1513999 2388.796114
1514999 2489.153758
1515999 2220.773589
1516999 2442.119609
1517999 2206.284158
1518999 2282.424458
1519999 2165.989305
1520999 2182.677181
1521999 2321.999546
1522999 2300.082903
1523999 2243.712294
1524999 1669.050066
1525999 2467.384940
1526999 658.171989
1527999 2107.451210
1528999 2050.995670
1529999 2502.612936
1530999 2441.781178
1531999 2599.338928
1532999 2339.958376
1533999 2138.619441
1534999 2234.563859
1535999 710.211377
1536999 2309.632599
1537999 2496.529116
1538999 2512.321017
1539999 2463.241588
1540999 2635.508282
1541999 2451.616713
1542999 2518.396629
1543999 1464.461440
1544999 2323.110832
1545999 2305.386943
1546999 2411.040638
1547999 2610.056604
1548999 2383.237597
1549999 2509.670912
1550999 2025.077809
1551999 1856.285523
1552999 2356.594519
1553999 2252.047557
1554999 2420.732975
1555999 -158.918727
1556999 1805.599081
1557999 2385.840818
1558999 2262.300468
1559999 2598.857889
1560999 2268.992734
1561999 2534.270010
1562999 1022.369274
1563999 2659.224034
1564999 2449.231256
1565999 1571.876632
1566999 2254.075615
1567999 2521.321384
1568999 2393.465827
1569999 2484.000176
1570999 -53.480295
1571999 1628.885190
1572999 2213.246901
1573999 2574.698981
1574999 2534.465219
1575999 2275.034144
1576999 2550.730901
1577999 -341.283903
1578999 678.993092
1579999 2508.406715
1580999 2633.871710
1581999 475.327892
1582999 2385.016025
1583999 -458.977468
1584999 2375.818693
1585999 2470.111771
1586999 451.388946
1587999 2640.931149
1588999 2612.602047
1589999 2466.239356
1590999 2599.955727
1591999 422.658408
1592999 2467.452187
1593999 2208.748502
1594999 2396.873949
1595999 2525.922634
1596999 2427.609866
1597999 2606.159693
1598999 -356.136009
1599999 2453.013406
1600999 2305.653334
1601999 2626.880733
1602999 2433.445800
1603999 -166.007006
1604999 527.872434
1605999 2411.360373
1606999 2360.814416
1607999 2666.221149
1608999 2317.247159
1609999 2453.459910
1610999 2751.910427
1611999 2357.955826
1612999 2675.034713
1613999 2513.834506
1614999 2454.193351
1615999 2489.705441
1616999 2571.404308
1617999 2531.201069
1618999 2549.727285
1619999 2463.136037
1620999 2509.725224
1621999 2471.339971
1622999 2427.950957
1623999 2471.627220
1624999 2611.824293
1625999 2640.616809
1626999 2626.868977
1627999 -84.487757
1628999 2779.310724
1629999 2630.126476
1630999 1315.873984
1631999 2628.630019
1632999 2565.870487
1633999 620.784564
1634999 2662.042906
1635999 2294.939907
1636999 2513.646952
1637999 2593.421706
1638999 2563.716549
1639999 527.958077
1640999 2421.079863
1641999 2683.401786
1642999 2589.224544
1643999 2560.962480
1644999 1345.788999
1645999 2787.083247
1646999 2591.827798
1647999 2680.966443
1648999 2109.916910
1649999 -88.214511
1650999 2660.439954
1651999 576.001179
1652999 2624.962423
1653999 2682.693728
1654999 2608.994397
1655999 654.739070
1656999 2499.228526
1657999 -197.332241
1658999 2757.857201
1659999 2498.722088
1660999 2615.313446
1661999 2754.582793
1662999 2364.396190
1663999 2664.981627
1664999 782.469387
1665999 107.582127
1666999 2437.569496
1667999 -17.802481
1668999 2521.363573
1669999 2554.884728
1670999 2777.669731
1671999 2589.705273
1672999 2545.956143
1673999 2196.668165
1674999 2579.106062
1675999 2825.185981
1676999 2736.453836
1677999 2774.854797
1678999 2674.369456
1679999 2505.001772
1680999 2530.537628
1681999 2612.629904
1682999 2524.332958
1683999 2740.935022
1684999 2749.307993
1685999 2371.559031
1686999 2546.034217
1687999 2179.108831
1688999 2647.787848
1689999 2577.742645
1690999 2691.596644
1691999 1217.913465
1692999 2649.883321
1693999 2480.558514
1694999 2634.823891
1695999 717.405705
1696999 2730.834517
1697999 2696.658539
1698999 2774.481363
1699999 2010.386321
1700999 1544.247479
1701999 2616.789526
1702999 -272.428641
1703999 -56.592820
1704999 2648.883323
1705999 2675.116220
1706999 2548.909293
1707999 1580.021575
1708999 2662.945370
1709999 2559.641429
1710999 2589.915763
1711999 1426.322307
1712999 2555.096999
1713999 -0.542945
1714999 893.160741
1715999 426.992897
1716999 403.850112
1717999 2341.166216
1718999 2458.861146
1719999 2652.525657
1720999 2688.784309
1721999 2740.960048
1722999 327.249738
1723999 2792.965072
1724999 2401.034428
1725999 2589.234672
1726999 1522.264949
1727999 2569.711079
1728999 2797.072350
1729999 2820.959483
1730999 1265.798177
1731999 2774.845022
1732999 2743.474307
1733999 2694.316804
1734999 2835.999535
1735999 2695.184425
1736999 1050.867347
1737999 1854.939231
1738999 2878.579554
1739999 2672.181383
1740999 248.322984
1741999 2601.500403
1742999 2642.639261
1743999 2750.127549
1744999 2603.533850
1745999 2735.025319
1746999 1387.656836
1747999 2645.127435
1748999 1849.824802
1749999 2576.451061
1750999 2464.641559
1751999 2462.678813
1752999 2706.526269
1753999 2904.099590
1754999 37.208774
1755999 2020.221820
1756999 2644.240069
1757999 2738.418383
1758999 2826.195597
1759999 2879.109193
1760999 2640.751196
1761999 2712.954658
1762999 2662.913411
1763999 2586.826194
1764999 2662.807299
1765999 2570.609889
1766999 2758.700575
1767999 1755.861270
1768999 2710.652425
1769999 2827.685665
1770999 2743.730898
1771999 2602.456844
1772999 2883.055187
1773999 2729.183293
1774999 2781.286897
1775999 2991.581324
1776999 2834.762689
1777999 2711.760273
1778999 2831.199626
1779999 2848.591674
1780999 1685.297389
1781999 2892.000360
1782999 2762.692176
1783999 2946.854325
1784999 2935.842015
1785999 2744.569715
1786999 2433.857698
1787999 2852.496417
1788999 2555.404871
1789999 2715.480631
1790999 2595.533453
1791999 2530.041803
1792999 2775.500202
1793999 2627.204634
1794999 2617.438783
1795999 2828.972740
1796999 2739.473197
1797999 2919.739520
1798999 738.432105
1799999 2705.372980
1800999 2891.345406
1801999 2617.520157
1802999 2856.445230
1803999 2845.556977
1804999 2885.561730
1805999 2927.944338
1806999 1876.305720
1807999 2714.028263
1808999 2911.334530
1809999 830.240355
1810999 2400.019329
1811999 2881.172543
1812999 2845.313061
1813999 2786.247798
1814999 2579.756042
1815999 584.703732
1816999 2754.800323
1817999 2880.472650
1818999 1401.071570
1819999 2931.347101
1820999 2883.386346
1821999 2807.556455
1822999 2707.054169
1823999 2827.050299
1824999 2875.077426
1825999 2756.541855
1826999 2747.827771
1827999 2807.628892
1828999 2854.418743
1829999 2881.042028
1830999 -700.152145
1831999 2671.242201
1832999 2801.981955
1833999 2783.543067
1834999 3020.113599
1835999 2848.255344
1836999 2712.907742
1837999 2990.081705
1838999 2789.840900
1839999 729.763020
1840999 2740.970989
1841999 2632.434322
1842999 1186.930396
1843999 2887.284348
1844999 1239.068464
1845999 -12.787472
1846999 2867.916926
1847999 -809.200996
1848999 2734.675321
1849999 2791.739318
1850999 2944.985417
1851999 -189.257082
1852999 2753.680580
1853999 2855.943470
1854999 2838.239336
1855999 -407.908563
1856999 -568.253716
1857999 283.193128
1858999 2935.734585
1859999 2856.489834
1860999 2698.671874
1861999 2887.711365
1862999 2624.846406
1863999 2837.947765
1864999 2715.993484
1865999 2809.546571
1866999 2846.608772
1867999 2929.732054
1868999 2806.661190
1869999 2872.403119
1870999 2683.863504
1871999 2916.926649
1872999 2914.392297
1873999 1059.874809
1874999 2717.464798
1875999 2794.329454
1876999 2664.531822
1877999 2640.576913
1878999 785.776073
1879999 2824.406216
1880999 2485.574569
1881999 1161.336041
1882999 2787.315331
1883999 2898.628760
1884999 1553.862613
1885999 2851.490825
1886999 1829.420014
1887999 2596.730199
1888999 2776.592172
1889999 2844.088316
1890999 -147.487842
1891999 2635.147692
1892999 2915.166245
1893999 2831.952231
1894999 -331.850300
1895999 2889.630194
1896999 37.370395
1897999 2592.303100
1898999 827.220348
1899999 2597.280606
1900999 2939.316208
1901999 1115.723196
1902999 2630.519288
1903999 2811.325955
1904999 2215.600382
1905999 2678.078022
1906999 2981.625576
1907999 2743.418881
1908999 1187.715495
1909999 2492.944420
1910999 2921.533061
1911999 1636.085766
1912999 2808.902447
1913999 2807.398708
1914999 2413.181080
1915999 283.465514
1916999 2827.937977
1917999 3146.472573
1918999 2931.989904
1919999 -277.762050
1920999 2848.834164
1921999 2452.139291
1922999 2685.071826
1923999 2828.989919
1924999 453.040296
1925999 2970.247979
1926999 2871.300531
1927999 1676.478046
1928999 2849.954244
1929999 2886.762728
1930999 2877.141754
1931999 -715.308708
1932999 2758.246928
1933999 773.132503
1934999 1631.319053
1935999 -308.238409
1936999 2899.924814
1937999 2836.290402
1938999 2822.102097
1939999 2693.566981
1940999 2887.883624
1941999 1677.915680
1942999 2706.306201
1943999 2895.115406
1944999 2819.361314
1945999 486.032725
1946999 2697.683691
1947999 2865.967700
1948999 2611.158581
1949999 2871.372230
1950999 2806.229237
1951999 687.648289
1952999 2875.240062
1953999 2786.466530
1954999 2971.564021
1955999 2914.113461
1956999 610.918246
1957999 2617.146544
1958999 2531.374158
1959999 2770.184901
1960999 2845.362186
1961999 2886.563581
1962999 2958.008214
1963999 2925.961221
1964999 2718.470950
1965999 -147.067842
1966999 2621.527834
1967999 2852.253826
1968999 3023.590427
1969999 2634.570329
1970999 2868.508147
1971999 2719.386376
1972999 747.793138
1973999 2966.186357
1974999 2941.403763
1975999 2879.318824
1976999 2887.030008
1977999 868.999820
1978999 2901.178482
1979999 -52.462600
1980999 2620.078274
1981999 2946.374926
1982999 2836.024630
1983999 2780.784843
1984999 2890.560011
1985999 2940.984738
1986999 2840.611169
1987999 2767.442996
1988999 2504.996244
1989999 2827.471369
1990999 928.842254
1991999 2570.977518
1992999 2768.091138
1993999 2920.445868
1994999 2642.262656
1995999 677.263355
1996999 2878.934990
1997999 1819.289730
1998999 2609.792053
1999999 2730.567181
