999 -381.435372
1999 -350.633003
2999 -437.405105
3999 -333.771164
4999 -573.579002
5999 -433.088523
6999 -487.715514
7999 -414.855314
8999 -376.096061
9999 -337.177461
10999 -289.434539
11999 -320.190874
12999 -334.665940
13999 -228.683149
14999 -183.408770
15999 -108.506829
16999 -219.677412
17999 -257.507971
18999 -234.214356
19999 -199.732406
20999 -65.658942
21999 -197.857750
22999 -209.007938
23999 -193.553524
24999 -77.966590
25999 -278.523097
26999 -247.903385
27999 2.150435
28999 -204.906112
29999 -185.560369
30999 -209.538304
31999 -147.045416
32999 -260.782623
33999 -151.717088
34999 -166.815382
35999 -123.803790
36999 -40.815067
37999 -196.852941
38999 -50.941563
39999 -55.096735
40999 -51.857213
41999 -36.696703
42999 66.464206
43999 -4.830578
44999 35.175404
45999 -146.737856
46999 -211.388751
47999 46.763978
48999 83.520842
49999 -216.255505
50999 45.258606
51999 4.431506
52999 87.744751
53999 110.079015
54999 74.365844
55999 160.591467
56999 148.105842
57999 70.583970
58999 86.316458
59999 51.389196
60999 100.231789
61999 -132.713277
62999 276.819598
63999 220.923151
64999 174.353204
65999 223.494886
66999 154.427766
67999 283.238507
68999 17.950784
69999 247.706412
70999 328.948564
71999 262.098275
72999 290.939037
73999 215.971792
74999 306.285534
75999 412.385743
76999 424.807741
77999 293.246158
78999 348.707974
79999 380.950529
80999 372.797823
81999 400.418203
82999 490.674385
83999 524.839207
84999 455.873069
85999 441.893665
86999 494.790920
87999 554.757508
88999 446.828491
89999 469.507528
90999 621.339134
91999 596.596158
92999 542.392432
93999 520.021620
94999 510.403433
95999 647.359147
96999 543.293129
97999 640.312086
98999 695.679823
99999 188.604297
100999 335.775979
101999 646.502787
102999 616.016032
103999 511.638177
104999 679.556230
105999 653.104662
106999 830.773384
107999 598.970496
108999 610.121739
109999 751.928366
110999 734.827964
111999 676.288080
112999 671.348172
113999 752.640438
114999 847.078275
115999 717.946173
116999 653.795501
117999 867.625498
118999 647.297960
119999 871.082844
120999 937.370203
121999 948.945635
122999 211.317729
123999 912.327923
124999 848.852332
125999 763.413112
126999 974.935472
127999 982.102286
128999 938.225825
129999 983.915618
130999 -38.446981
131999 267.589841
132999 966.370172
133999 480.550516
134999 207.635128
135999 1061.096903
136999 962.529436
137999 981.629452
138999 68.152239
139999 777.796112
140999 983.721024
141999 1025.956153
142999 -114.806347
143999 937.614941
144999 640.543026
145999 1126.842799
146999 898.464605
147999 784.630293
148999 993.848727
149999 1153.489603
150999 1012.849640
151999 1152.271929
152999 1104.393755
153999 1068.212519
154999 1196.180862
155999 1100.234185
156999 1133.157396
157999 1200.813745
158999 1139.514781
159999 1146.056096
160999 1212.893762
161999 1005.058826
162999 1143.355112
163999 1165.688208
164999 1244.699986
165999 590.575092
166999 1263.067128
167999 1242.820278
168999 1297.400215
169999 1253.168703
170999 1195.881001
171999 1285.183480
172999 1182.884348
173999 1269.621446
174999 91.655382
175999 1444.511528
176999 731.140771
177999 1364.738624
178999 1277.623785
179999 244.030721
180999 1303.454612
181999 1304.332826
182999 1233.213342
183999 1009.572537
184999 1294.020263
185999 1356.720240
186999 1307.959946
187999 1295.214525
188999 1423.291369
189999 278.326641
190999 1288.981926
191999 1396.617655
192999 1410.041459
193999 633.449771
194999 142.704227
195999 924.530425
196999 1465.988805
197999 1294.633188
198999 1211.281522
199999 1441.954142
200999 1422.135007
201999 1338.086790
202999 1439.114045
203999 1455.126517
204999 1504.855926
205999 1478.355029
206999 1363.285792
207999 303.011767
208999 643.222145
209999 1356.465941
210999 1575.804357
211999 281.641058
212999 1352.836798
213999 37.302312
214999 738.012549
215999 1470.265751
216999 1489.276542
217999 1306.786872
218999 515.014798
219999 1523.519681
220999 1532.136862
221999 889.209689
222999 1521.299104
223999 304.215789
224999 1314.841019
225999 1311.252844
226999 -46.098148
227999 364.770406
228999 1377.110206
229999 1340.485790
230999 676.611018
231999 1523.555097
232999 372.178697
233999 1439.954426
234999 38.227619
235999 123.046679
236999 466.024398
237999 1397.537757
238999 1578.732498
239999 -83.153191
240999 1705.895820
241999 1621.642958
242999 473.978579
243999 1514.763273
244999 1262.493158
245999 1632.064663
246999 516.532345
247999 1714.197730
248999 1498.354907
249999 520.798173
250999 1644.280364
251999 1650.551412
252999 1576.241467
253999 872.293178
254999 872.889869
255999 1595.663801
256999 983.963761
257999 1774.691969
258999 1392.056161
259999 265.526055
260999 1653.573993
261999 1621.350593
262999 1269.139633
263999 1063.644158
264999 1546.975368
265999 1433.521626
266999 666.915879
267999 1085.354236
268999 1673.472358
269999 1525.054556
270999 1570.055158
271999 1627.519193
272999 1525.970852
273999 282.311227
274999 1586.238102
275999 368.131338
276999 1591.813756
277999 350.935804
278999 220.034351
279999 882.022679
280999 1630.587902
281999 159.269261
282999 900.972994
283999 1733.110667
284999 177.996923
285999 1487.399750
286999 552.421717
287999 1620.492756
288999 1426.240595
289999 1573.892222
290999 1620.009898
291999 1063.462274
292999 1537.854881
293999 1609.480574
294999 1525.848685
295999 1498.940029
296999 594.860765
297999 1643.606603
298999 1531.037644
299999 839.343403
300999 1548.731598
301999 1683.394813
302999 1513.719508
303999 47.076585
304999 301.566185
305999 1402.580255
306999 1498.647671
307999 1605.937757
308999 1530.800403
309999 1533.235204
310999 1551.626790
311999 1632.504821
312999 1552.675093
313999 1591.490083
314999 1704.950110
315999 1622.395820
316999 1775.639427
317999 1695.617404
318999 1548.680586
319999 1233.172946
320999 1405.290000
321999 1597.843103
322999 1891.901156
323999 1756.204756
324999 151.569651
325999 1854.839273
326999 1659.163946
327999 1868.921008
328999 1730.546160
329999 1661.830493
330999 1859.604136
331999 181.500872
332999 1755.750511
333999 834.745752
334999 1775.483790
335999 1163.759942
336999 1758.207295
337999 1664.846661
338999 1654.406541
339999 466.765096
340999 1977.579410
341999 558.643714
342999 1877.544499
343999 1745.818101
344999 1756.153830
345999 1882.668189
346999 1878.995775
347999 525.509837
348999 1984.359173
349999 1761.262281
350999 1933.249390
351999 2045.992271
352999 1745.714545
353999 1921.823086
354999 1905.070063
355999 1888.249358
356999 1962.175061
357999 1887.966605
358999 1485.378229
359999 848.414962
360999 1184.420467
361999 1765.693739
362999 1845.760782
363999 1927.905908
364999 1793.275980
365999 1999.979911
366999 904.250894
367999 1830.569434
368999 1874.568736
369999 1884.860925
370999 1780.052922
371999 1901.525545
372999 1875.711983
373999 1189.892882
374999 1919.024875
375999 1759.023925
376999 1942.323486
377999 487.198369
378999 2020.808257
379999 1848.318025
380999 2081.629968
381999 1963.328535
382999 1732.999201
383999 1843.621382
384999 1991.655267
385999 1865.387064
386999 1907.493903
387999 2120.429276
388999 1985.747719
389999 233.967027
390999 545.503885
391999 1967.923278
392999 1912.937011
393999 2017.434688
394999 2033.775350
395999 1118.774329
396999 2081.948582
397999 333.270266
398999 2034.666251
399999 1869.066413
400999 1588.138581
401999 1897.421521
402999 1995.314627
403999 1980.440400
404999 2164.741135
405999 1682.635186
406999 2034.976946
407999 2177.948285
408999 1806.644186
409999 340.066605
410999 1973.542753
411999 1824.784941
412999 1961.174514
413999 1716.175765
414999 1382.252840
415999 2024.108658
416999 1941.400339
417999 2197.571432
418999 2046.032889
419999 1841.856435
420999 1940.346038
421999 2110.735997
422999 2010.881357
423999 1821.123294
424999 2150.111938
425999 641.704671
426999 993.466193
427999 1923.335256
428999 2103.872542
429999 2267.288247
430999 2056.305037
431999 1131.216735
432999 2128.273079
433999 2131.225197
434999 2203.208804
435999 1955.943609
436999 2144.203724
437999 2009.999789
438999 47.557409
439999 1865.049886
440999 2014.187216
441999 1996.189027
442999 2003.164429
443999 2353.051877
444999 598.187051
445999 2144.247632
446999 2212.865798
447999 2165.321908
448999 2101.141511
449999 1751.325263
450999 2093.436185
451999 2229.721479
452999 2041.840209
453999 2143.669028
454999 2100.393242
455999 629.473929
456999 1982.635260
457999 2169.991398
458999 2141.608943
459999 1995.234649
460999 2052.440890
461999 2016.147820
462999 2094.226734
463999 2052.387372
464999 2330.133682
465999 2082.255353
466999 2267.951898
467999 2168.572024
468999 2162.544404
469999 2237.842389
470999 2046.722524
471999 898.618312
472999 2097.746491
473999 2067.754777
474999 2115.060411
475999 2182.752865
476999 2231.004972
477999 2195.456912
478999 753.869161
479999 2017.498283
480999 741.991147
481999 2200.635926
482999 1863.702414
483999 775.834903
484999 2073.019319
485999 1111.242744
486999 210.121739
487999 2136.667901
488999 2232.552547
489999 2162.504046
490999 2040.036662
491999 2150.195977
492999 2124.539405
493999 1471.403663
494999 1725.561770
495999 2145.098655
496999 902.445991
497999 2283.965082
498999 1503.780794
499999 1131.286066
500999 618.985586
501999 2243.187358
502999 2202.603867
503999 2157.726158
504999 2136.683288
505999 2103.533038
506999 2115.183425
507999 2090.016815
508999 2268.465878
509999 2244.195041
510999 1614.062304
511999 2401.232982
512999 1693.856432
513999 2442.742837
514999 2171.917707
515999 2398.102072
516999 2202.752158
517999 1699.183314
518999 637.091813
519999 2122.190506
520999 2087.217173
521999 2253.869627
522999 2169.748829
523999 2157.080850
524999 2204.181186
525999 2263.837043
526999 2322.687320
527999 2332.109786
528999 2323.379882
529999 2231.191586
530999 2166.790012
531999 1838.541927
532999 423.491233
533999 2328.134629
534999 2257.710786
535999 2296.089771
536999 2260.735218
537999 2177.815839
538999 1313.947745
539999 2029.738189
540999 827.048043
541999 1528.172517
542999 2369.997927
543999 1793.628108
544999 2128.570980
545999 2298.036358
546999 2380.698055
547999 1599.107609
548999 2331.105085
549999 2386.060626
550999 2323.043607
551999 2177.826090
552999 2252.061915
553999 459.160278
554999 1858.092357
555999 2456.825079
556999 2384.792498
557999 2201.907094
558999 2340.570071
559999 1761.050462
560999 2134.263503
561999 548.809895
562999 2315.934747
563999 2157.336006
564999 2524.025324
565999 2290.972483
566999 1192.408076
567999 878.243790
568999 2388.503655
569999 2473.151305
570999 2303.353861
571999 740.717846
572999 2206.787765
573999 2261.368178
574999 2426.732584
575999 2379.183729
576999 829.810979
577999 1762.233753
578999 2266.775617
579999 2382.622442
580999 2285.245457
581999 2375.517027
582999 2306.572716
583999 2224.326825
584999 2336.209669
585999 2459.271196
586999 2395.059378
587999 2295.789474
588999 1065.074746
589999 2438.221345
590999 597.749730
591999 2211.102497
592999 2370.066448
593999 2537.258190
594999 2317.472237
595999 2563.685373
596999 2359.472938
597999 2500.691363
598999 2154.345988
599999 2324.610627
600999 2262.805444
601999 1506.871384
602999 2418.674113
603999 2682.782990
604999 2276.487482
605999 1899.233269
606999 1187.613924
607999 2582.629315
608999 2619.055531
609999 2421.220104
610999 1050.001779
611999 824.291682
612999 2305.209549
613999 2060.017163
614999 2543.627232
615999 1304.546579
616999 2551.840902
617999 1119.140130
618999 2475.403853
619999 433.244620
620999 2380.164199
621999 1855.327313
622999 2390.235200
623999 558.201186
624999 2425.249351
625999 1009.408804
626999 956.181407
627999 2239.507442
628999 2420.275146
629999 2468.086629
630999 1740.136117
631999 842.054531
632999 2408.303482
633999 2586.913654
634999 910.411877
635999 2431.982851
636999 2384.715473
637999 2630.501709
638999 1789.916519
639999 1346.017731
640999 2414.961410
641999 2422.314849
642999 2332.668351
643999 2499.476158
644999 2683.552280
645999 2451.648649
646999 2326.604636
647999 2390.686924
648999 2513.472650
649999 2385.493284
650999 2543.721563
651999 2382.560723
652999 2256.358462
653999 1321.072201
654999 2533.751230
655999 2399.558090
656999 2659.252546
657999 1468.654103
658999 2487.326613
659999 1854.339964
660999 2705.642966
661999 939.468928
662999 956.302798
663999 1512.595852
664999 2165.292268
665999 631.478954
666999 2077.545232
667999 523.586032
668999 2293.493185
669999 2364.487418
670999 2429.706414
671999 2297.720548
672999 2274.294137
673999 2200.293086
674999 2292.060870
675999 2360.659647
676999 2424.149237
677999 2253.261052
678999 1376.250549
679999 2367.145641
680999 2367.303093
681999 1263.479111
682999 1308.468866
683999 2375.303213
684999 2225.708466
685999 2439.731479
686999 2612.580725
687999 2362.176950
688999 2538.125107
689999 1037.584517
690999 2349.181243
691999 2443.816640
692999 2371.308143
693999 2415.853705
694999 2559.241371
695999 2445.799283
696999 2520.390237
697999 2212.231831
698999 2425.326397
699999 2519.468004
700999 872.642049
701999 2188.088421
702999 2592.252002
703999 2636.107360
704999 2563.858545
705999 2433.748746
706999 2557.405732
707999 2460.660985
708999 1555.332356
709999 432.423259
710999 2408.259162
711999 1255.781438
712999 834.621584
713999 2523.546498
714999 1671.943737
715999 2508.169792
716999 2499.087944
717999 664.805595
718999 2537.178958
719999 2825.438581
720999 943.700299
721999 2688.167588
722999 2601.484584
723999 797.914778
724999 2721.603466
725999 2482.919226
726999 2743.302050
727999 1080.570547
728999 1032.588165
729999 2504.401880
730999 2497.136837
731999 2299.778313
732999 2600.369068
733999 2525.434330
734999 1342.680418
735999 2324.160187
736999 2583.298532
737999 999.872052
738999 2396.373103
739999 2501.277562
740999 766.463389
741999 2505.388018
742999 2496.577267
743999 1019.508572
744999 2435.224947
745999 2375.501477
746999 2413.975034
747999 2337.608397
748999 2167.162923
749999 2485.170101
750999 797.425940
751999 2221.378559
752999 2130.928161
753999 2443.841450
754999 1142.869781
755999 -327.999195
756999 2275.301325
757999 2453.583309
758999 2014.688325
759999 663.116147
760999 2334.029573
761999 2315.502705
762999 2714.732730
763999 2233.900678
764999 2474.487630
765999 1888.645467
766999 2397.029400
767999 2193.717636
768999 -187.112561
769999 2290.857733
770999 2292.132102
771999 2447.971842
772999 2453.692986
773999 2238.482820
774999 1945.835027
775999 1779.517860
776999 1725.739484
777999 1716.510813
778999 1602.324500
779999 1822.823008
780999 1930.293726
781999 1860.163268
782999 1716.891674
783999 1630.916147
784999 1044.083539
785999 1601.262536
786999 1888.782857
787999 2077.424961
788999 1888.819458
789999 1794.121204
790999 1822.099407
791999 2123.774011
792999 1358.939167
793999 2098.122849
794999 1826.812501
795999 2132.935314
796999 2087.258537
797999 2123.421440
798999 2068.593229
799999 2313.508358
800999 513.242368
801999 2360.955161
802999 2184.040805
803999 2564.082639
804999 365.423559
805999 2525.639541
806999 2171.494119
807999 2501.094782
808999 2588.530256
809999 2634.592572
810999 2387.840963
811999 2376.393258
812999 2449.108471
813999 2639.665013
814999 2626.817402
815999 2119.944890
816999 2451.717503
817999 2545.590148
818999 2537.007567
819999 2482.960663
820999 2421.796476
821999 1096.475954
822999 2587.184680
823999 1054.061207
824999 2396.568898
825999 2763.371896
826999 2491.962625
827999 2293.131240
828999 2607.365267
829999 1412.102429
830999 2493.611327
831999 2516.202971
832999 2557.481735
833999 2384.014379
834999 1944.854025
835999 182.382724
836999 2382.513028
837999 2428.278958
838999 2429.782877
839999 2571.431467
840999 2518.264411
841999 2625.966647
842999 2578.807179
843999 2769.482186
844999 2429.514434
845999 2672.141457
846999 2655.020578
847999 2646.763269
848999 2206.889238
849999 2523.768086
850999 2653.125565
851999 2649.771797
852999 2497.871221
853999 2807.428484
854999 2571.896989
855999 2714.805099
856999 2756.762117
857999 2605.352722
858999 2587.658304
859999 2568.357609
860999 2603.969567
861999 2792.290008
862999 2514.978829
863999 2555.680468
864999 2545.679544
865999 2567.107293
866999 2673.007041
867999 2520.752970
868999 2605.506404
869999 2606.108403
870999 2561.120442
871999 2591.050589
872999 2740.930359
873999 2649.541838
874999 2680.639550
875999 2607.655827
876999 2566.859487
877999 -124.416188
878999 2566.027859
879999 2775.191507
880999 2679.479227
881999 2583.384030
882999 2532.018741
883999 691.826939
884999 1903.395812
885999 2586.312416
886999 1485.621345
887999 2594.004041
888999 2689.674416
889999 219.262492
890999 312.986344
891999 2598.381709
892999 2551.023260
893999 2433.741158
894999 2267.873742
895999 2805.141331
896999 2360.000450
897999 2627.007834
898999 2548.991301
899999 2723.896124
900999 2567.708318
901999 2641.782759
902999 2419.160512
903999 2555.333254
904999 2763.729871
905999 2446.546855
906999 2720.372960
907999 2787.702251
908999 2814.790531
909999 2546.444382
910999 2502.428736
911999 2616.165241
912999 2699.675136
913999 2409.673479
914999 2554.972411
915999 2818.470197
916999 1579.977819
917999 2573.800302
918999 1397.908476
919999 1470.528480
920999 598.174954
921999 2501.386923
922999 2532.660193
923999 2463.374944
924999 2528.179479
925999 1422.580184
926999 2700.947219
927999 1957.460232
928999 773.307323
929999 2855.978671
930999 2738.070643
931999 2517.793269
932999 2550.031381
933999 2712.977494
934999 2638.085166
935999 2752.057327
936999 1657.121418
937999 2685.756543
938999 2238.969125
939999 49.381637
940999 2639.434431
941999 -89.081124
942999 2599.503103
943999 2645.929457
944999 2742.098079
945999 2812.845889
946999 2501.900594
947999 2678.445238
948999 2725.156633
949999 2574.500993
950999 2471.619162
951999 2998.952434
952999 404.674460
953999 25.065191
954999 -122.623054
955999 2640.652177
956999 2611.263362
957999 2751.154258
958999 2870.733274
959999 2913.852866
960999 2567.209225
961999 2598.301904
962999 2658.641472
963999 2576.230389
964999 1183.548708
965999 2674.170841
966999 2579.647686
967999 2820.770726
968999 2690.339535
969999 600.941308
970999 2614.317666
971999 1243.913489
972999 2834.934330
973999 2769.612326
974999 2515.290502
975999 2554.453479
976999 1954.915808
977999 2405.119017
978999 2593.608610
979999 1777.110629
980999 2710.892103
981999 2819.045556
982999 2639.775116
983999 2820.065241
984999 2908.082790
985999 3111.016220
986999 2616.851421
987999 2688.149999
988999 2860.080612
989999 421.334473
990999 2551.711988
991999 2576.376995
992999 1660.117303
993999 2650.002983
994999 903.937969
995999 2680.239056
996999 2691.782115
997999 2794.289656
998999 2672.870907
999999 2688.050956
1000999 2798.105588
1001999 2698.896587
1002999 2822.574026
1003999 2795.217944
1004999 2714.266455
1005999 2878.276014
1006999 2917.909281
1007999 2981.076433
1008999 2740.365148
1009999 3002.806479
1010999 2806.374941
1011999 1895.307468
1012999 2638.630861
1013999 2754.412226
1014999 2811.438139
1015999 2657.882016
1016999 2704.535413
1017999 2768.642035
1018999 2737.663615
1019999 2703.634876
1020999 2803.332531
1021999 1026.583455
1022999 2881.929360
1023999 2683.049037
1024999 2494.995561
1025999 2928.339485
1026999 2435.944879
1027999 2963.036688
1028999 2608.295486
1029999 1704.000317
1030999 2802.273271
1031999 1431.518285
1032999 2728.977184
1033999 2607.438532
1034999 3148.886571
1035999 2622.896342
1036999 3114.528582
1037999 2668.193109
1038999 2966.818292
1039999 2857.372068
1040999 2808.951494
1041999 2633.046928
1042999 2905.141225
1043999 2777.967075
1044999 2745.711460
1045999 2762.287429
1046999 2868.073125
1047999 3159.518936
1048999 1103.067343
1049999 2718.906176
1050999 2951.441702
1051999 783.251322
1052999 2872.433724
1053999 3119.908959
1054999 1770.111195
1055999 2986.338728
1056999 2832.285952
1057999 2720.214416
1058999 2996.249333
1059999 3090.026097
1060999 3069.745053
1061999 2922.752290
1062999 2741.674483
1063999 3033.915899
1064999 2789.561065
1065999 2987.409379
1066999 2958.022952
1067999 2868.709646
1068999 2860.619222
1069999 2897.458671
1070999 2999.924386
1071999 2949.733149
1072999 2989.998599
1073999 2783.852636
1074999 2859.143108
1075999 3045.614555
1076999 1125.682323
1077999 2977.479019
1078999 2901.104878
1079999 2841.634365
1080999 2919.294250
1081999 2912.103807
1082999 3102.901690
1083999 2529.738387
1084999 2839.973070
1085999 2837.914022
1086999 2791.240491
1087999 2968.407609
1088999 2970.849341
1089999 2906.975880
1090999 2784.075793
1091999 1955.142757
1092999 2947.238119
1093999 2116.123367
1094999 3102.084076
1095999 2904.169496
1096999 3035.878628
1097999 2770.967833
1098999 3045.221368
1099999 2895.959660
1100999 3040.063868
1101999 3070.950230
1102999 3049.258808
1103999 3137.104728
1104999 2859.099105
1105999 2895.664520
1106999 2803.799807
1107999 2578.347221
1108999 2764.162285
1109999 3090.219651
1110999 3130.845053
1111999 2891.096975
1112999 2911.976128
1113999 2996.597701
1114999 2941.574256
1115999 2975.944712
1116999 3166.710019
1117999 2921.865611
1118999 2883.149849
1119999 3040.940488
1120999 2801.631844
1121999 3064.349160
1122999 2776.830227
1123999 2943.266907
1124999 2908.417098
1125999 3027.874951
1126999 3026.030021
1127999 3226.069072
1128999 3284.458428
1129999 2974.714311
1130999 3121.789746
1131999 3023.362459
1132999 3159.829107
1133999 2810.088010
1134999 3090.526221
1135999 2909.683446
1136999 2946.630287
1137999 2834.501746
1138999 3269.105406
1139999 2719.961067
1140999 3088.837789
1141999 2888.085239
1142999 3166.808449
1143999 3041.810340
1144999 3099.870617
1145999 2999.553603
1146999 3040.909971
1147999 2874.880462
1148999 3103.460679
1149999 2962.224984
1150999 2828.358131
1151999 2951.969639
1152999 3230.689445
1153999 3113.461974
1154999 3139.528326
1155999 3024.266782
1156999 2857.105696
1157999 2997.764882
1158999 3180.201381
1159999 3133.578547
1160999 2990.719799
1161999 3050.485047
1162999 3059.511843
1163999 3187.852135
1164999 3001.631514
1165999 2964.426814
1166999 2952.923572
1167999 3328.571165
1168999 3038.407226
1169999 2995.374577
1170999 3048.268341
1171999 2871.168365
1172999 2979.097072
1173999 2921.568239
1174999 3117.951141
1175999 3194.620331
1176999 3100.873832
1177999 2945.546786
1178999 3112.430385
1179999 3164.738046
1180999 1554.735279
1181999 3084.850746
1182999 3028.507704
1183999 2957.899158
1184999 3117.271178
1185999 3203.647265
1186999 3087.943519
1187999 2911.721399
1188999 2960.412940
1189999 3164.325936
1190999 3171.848027
1191999 3192.469867
1192999 3275.577962
1193999 2830.864932
1194999 3010.239150
1195999 3016.795921
1196999 2991.731881
1197999 3078.318806
1198999 3254.672787
1199999 3055.391639
1200999 3041.677476
1201999 3114.345126
1202999 2959.140685
1203999 3104.475243
1204999 3238.956532
1205999 2910.937695
1206999 284.995451
1207999 3211.193937
1208999 2736.486211
1209999 2994.512597
1210999 3019.126613
1211999 3081.589900
1212999 2810.743593
1213999 3054.201035
1214999 2041.986122
1215999 3141.088941
1216999 2908.794131
1217999 3269.921868
1218999 2722.643671
1219999 2971.417885
1220999 2921.128180
1221999 2839.806654
1222999 3029.497769
1223999 2941.887476
1224999 2831.367041
1225999 2857.800413
1226999 2774.718619
1227999 3122.206724
1228999 3220.759118
1229999 3139.495920
1230999 2977.829054
1231999 2979.998286
1232999 3152.025409
1233999 3132.609373
1234999 2812.513553
1235999 3129.157308
1236999 3103.010141
1237999 2788.436810
1238999 3036.622759
1239999 2117.840763
1240999 3033.136967
1241999 3132.778575
1242999 3163.102570
1243999 3222.218653
1244999 3093.759341
1245999 3085.325026
1246999 3161.860216
1247999 2869.640886
1248999 3131.843845
1249999 3235.171719
1250999 3051.718856
1251999 3167.537813
1252999 3253.997738
1253999 3155.537012
1254999 3149.643858
1255999 3181.241619
1256999 3238.859116
1257999 3326.022810
1258999 3002.471418
1259999 3312.582046
1260999 3177.640449
1261999 3200.420875
1262999 3358.143466
1263999 3166.439190
1264999 3135.078249
1265999 1240.940700
1266999 2918.048358
1267999 3049.867848
1268999 2875.496667
1269999 3447.162022
1270999 3264.301794
1271999 3225.940936
1272999 2908.876016
1273999 2860.105037
1274999 3278.844043
1275999 3212.932692
1276999 3063.018780
1277999 3061.663610
1278999 3264.563775
1279999 3295.439683
1280999 3055.630334
1281999 3497.091888
1282999 3045.641528
1283999 2943.937282
1284999 2970.414381
1285999 2969.090348
1286999 2922.894652
1287999 2970.407904
1288999 3010.996117
1289999 3064.692815
1290999 2972.791398
1291999 3304.612486
1292999 2750.334983
1293999 2814.201774
1294999 3226.447712
1295999 2777.004644
1296999 3004.723220
1297999 3122.545725
1298999 3247.475431
1299999 3217.477334
1300999 3039.337374
1301999 3289.611251
1302999 2960.731683
1303999 3120.109487
1304999 3090.841300
1305999 3248.722300
1306999 2951.623038
1307999 3129.924222
1308999 3195.625432
1309999 3108.425742
1310999 3032.215633
1311999 3059.830599
1312999 3081.092904
1313999 3170.683366
1314999 2469.949875
1315999 2971.813270
1316999 3185.164367
1317999 3093.082650
1318999 3464.101597
1319999 3111.711264
1320999 3286.423726
1321999 3248.075263
1322999 3177.012074
1323999 2946.343394
1324999 3128.449597
1325999 3014.251178
1326999 3002.715461
1327999 3132.952911
1328999 3054.393876
1329999 3152.881291
1330999 275.490113
1331999 3315.889979
1332999 3212.847008
1333999 3244.024511
1334999 3108.273015
1335999 3225.554706
1336999 3000.727467
1337999 3065.789931
1338999 3287.581847
1339999 3039.554953
1340999 3258.159527
1341999 3158.359614
1342999 3109.989709
1343999 2937.860448
1344999 3018.100170
1345999 3291.840938
1346999 3059.403759
1347999 3103.901121
1348999 2983.731278
1349999 3064.484400
1350999 3112.649516
1351999 2924.256034
1352999 3083.883610
1353999 3108.828068
1354999 3258.472735
1355999 3266.047315
1356999 2877.451832
1357999 3122.783503
1358999 3128.607021
1359999 3332.166861
1360999 3340.999119
1361999 3083.494997
1362999 3195.393609
1363999 3046.800223
1364999 3386.025419
1365999 3131.384489
1366999 3047.326988
1367999 3081.216918
1368999 3275.887640
1369999 3024.062341
1370999 3188.121750
1371999 3186.041741
1372999 3117.783842
1373999 3274.821646
1374999 3100.397200
1375999 2994.293153
1376999 3260.352742
1377999 3136.381505
1378999 3073.265131
1379999 3006.079891
1380999 2784.019789
1381999 3367.823539
1382999 3295.981162
1383999 3324.561511
1384999 3334.687803
1385999 2958.782583
1386999 3169.227868
1387999 2967.721233
1388999 3306.831020
1389999 3292.647412
1390999 3207.963089
1391999 3053.090708
1392999 3219.867047
1393999 3332.117890
1394999 3171.918657
1395999 3108.214210
1396999 3307.819630
1397999 3540.969333
1398999 2988.650090
1399999 3336.772367
1400999 3033.254143
1401999 2954.286682
1402999 3216.937139
1403999 3097.334498
1404999 2973.180627
1405999 3284.304241
1406999 3262.883424
1407999 3187.907763
1408999 3163.843317
1409999 3230.999334
1410999 3133.065683
1411999 3347.975115
1412999 3338.327503
1413999 3067.892491
1414999 3324.782791
1415999 3158.826983
1416999 3126.436969
1417999 3123.730088
1418999 3268.843439
1419999 3178.523944
1420999 3525.297497
1421999 3273.974804
1422999 3166.768265
1423999 3269.836126
1424999 3490.066886
1425999 3287.856225
1426999 3270.687202
1427999 2272.850063
1428999 3490.628035
1429999 3150.662238
1430999 3270.860384
1431999 3311.122488
1432999 3493.504126
1433999 3258.778439
1434999 3396.239072
1435999 536.752911
1436999 3303.852415
1437999 3281.510662
1438999 3216.982104
1439999 3040.974159
1440999 3263.930693
1441999 3378.269403
1442999 3337.537077
1443999 3343.925510
1444999 3322.384791
1445999 86.215838
1446999 2983.478649
1447999 3239.514674
1448999 3268.830186
1449999 3109.632583
1450999 3230.005719
1451999 3243.254351
1452999 3216.274933
1453999 2964.690595
1454999 3112.819273
1455999 3209.175763
1456999 3187.536903
1457999 3255.160140
1458999 3044.390498
1459999 3353.181976
1460999 3024.506663
1461999 3430.127878
1462999 3205.552927
1463999 3260.111229
1464999 3131.857809
1465999 3358.226825
1466999 3206.023794
1467999 3354.180396
1468999 3179.216976
1469999 3128.804093
1470999 3167.440305
1471999 3391.158287
1472999 3376.468071
1473999 3194.950423
1474999 3484.255994
1475999 3277.277727
1476999 3266.467902
1477999 3215.647122
1478999 3218.891736
1479999 3337.158592
1480999 3122.518543
1481999 3236.030408
1482999 3258.623571
1483999 3241.757256
1484999 3261.445413
1485999 3184.403910
1486999 3121.478274
1487999 3278.558280
1488999 3360.832409
1489999 3378.047415
1490999 3229.993046
1491999 3347.810037
1492999 3463.202599
1493999 3416.428758
1494999 34.629570
1495999 3281.484659
1496999 3344.204962
1497999 3207.430990
1498999 3276.903682
1499999 2994.733889
1500999 3219.157475
1501999 3206.435907
1502999 3283.355982
1503999 3504.689525
1504999 3609.249762
1505999 3172.548010
1506999 3229.747002
1507999 3255.056263
1508999 723.028875
1509999 3288.315096
1510999 3200.150303
1511999 802.949058
1512999 3148.163188
1513999 3363.471374
1514999 3405.394778
1515999 3247.748550
1516999 3028.355027
1517999 347.173271
1518999 3137.153030
1519999 3484.660449
1520999 3237.614893
1521999 3214.957252
1522999 3236.582970
1523999 3059.614698
1524999 3341.401069
1525999 3332.659175
1526999 1317.202561
1527999 3312.715051
1528999 3139.655847
1529999 3473.396529
1530999 3320.922724
1531999 3211.122588
1532999 3204.850401
1533999 3158.593869
1534999 3321.134522
1535999 3376.098024
1536999 3276.608865
1537999 2241.909161
1538999 3404.911485
1539999 3470.540268
1540999 3185.341710
1541999 3395.554903
1542999 3384.879213
1543999 3198.002022
1544999 3432.499776
1545999 212.876943
1546999 3279.367339
1547999 3351.474994
1548999 3396.746681
1549999 3307.958942
1550999 3336.637643
1551999 3057.458411
1552999 3185.700962
1553999 3251.647643
1554999 3223.184768
1555999 3291.953703
1556999 3325.313247
1557999 3291.851660
1558999 3322.539113
1559999 3381.940109
1560999 3261.530526
1561999 3153.260186
1562999 3318.390804
1563999 3147.049818
1564999 3290.887497
1565999 3102.089364
1566999 3484.471245
1567999 3220.378988
1568999 3316.493836
1569999 3216.371095
1570999 3299.902557
1571999 3194.501378
1572999 3438.046417
1573999 3454.419017
1574999 3468.285587
1575999 3130.206745
1576999 3146.941057
1577999 3297.435545
1578999 3126.480323
1579999 3255.795391
1580999 3338.028985
1581999 3316.144634
1582999 -68.467233
1583999 3462.749022
1584999 3296.909249
1585999 3084.101474
1586999 3272.384906
1587999 3460.911885
1588999 3289.786070
1589999 3304.093872
1590999 2572.900979
1591999 3195.896425
1592999 3365.083060
1593999 3373.006672
1594999 3405.623213
1595999 3455.944405
1596999 3310.224773
1597999 3384.395684
1598999 3226.145754
1599999 3386.479923
1600999 3376.550529
1601999 1833.968749
1602999 1114.657482
1603999 3421.659758
1604999 3282.021566
1605999 3540.480475
1606999 3405.292737
1607999 3256.529954
1608999 3283.146862
1609999 3385.253198
1610999 3240.048140
1611999 3242.095077
1612999 3202.079908
1613999 3283.549430
1614999 3370.304797
1615999 3174.151017
1616999 3211.092946
1617999 3346.554935
1618999 3205.778254
1619999 3285.423161
1620999 3359.955967
1621999 3388.912866
1622999 3288.810004
1623999 3134.365703
1624999 3118.445782
1625999 3255.545717
1626999 3376.267964
1627999 3569.193747
1628999 3294.778192
1629999 2260.558062
1630999 3123.310663
1631999 3403.139730
1632999 3249.241661
1633999 3588.580049
1634999 3244.220560
1635999 3245.739922
1636999 3198.646967
1637999 3130.330274
1638999 3205.312937
1639999 3247.234367
1640999 3063.135029
1641999 3357.061239
1642999 3101.019328
1643999 3393.462760
1644999 3546.829417
1645999 3390.564626
1646999 3337.661655
1647999 3473.923006
1648999 3272.601853
1649999 3479.948399
1650999 3403.546568
1651999 3258.271535
1652999 3539.026336
1653999 3622.110992
1654999 3241.072918
1655999 3271.991110
1656999 3319.463350
1657999 3413.757285
1658999 3559.430800
1659999 3234.435230
1660999 3379.930957
1661999 3348.911528
1662999 3212.422527
1663999 3049.435092
1664999 3212.475575
1665999 3313.615188
1666999 3174.654326
1667999 3012.298134
1668999 2874.033834
1669999 3046.962061
1670999 3091.512125
1671999 3184.451762
1672999 3247.388685
1673999 3313.485417
1674999 3105.807359
1675999 2965.523200
1676999 3235.660068
1677999 3064.899539
1678999 3162.960838
1679999 2989.922624
1680999 3069.311149
1681999 3109.183278
1682999 3208.591441
1683999 3127.939772
1684999 3126.630138
1685999 3341.452535
1686999 3177.285501
1687999 3075.171081
1688999 3375.634978
1689999 3156.412658
1690999 3165.620166
1691999 3308.414603
1692999 3028.040777
1693999 3130.693702
1694999 3303.391970
1695999 3237.131215
1696999 3163.492082
1697999 2890.913698
1698999 1416.143394
1699999 2924.087274
1700999 3124.154790
1701999 3074.896473
1702999 2948.955030
1703999 3055.594576
1704999 3180.542997
1705999 2228.467710
1706999 3262.215677
1707999 2978.079688
1708999 3238.947533
1709999 3175.811295
1710999 2826.944454
1711999 2773.985616
1712999 3192.924786
1713999 2892.319273
1714999 3211.226263
1715999 783.186976
1716999 3233.946573
1717999 3013.672007
1718999 2903.888550
1719999 2992.379549
1720999 2849.063822
1721999 3156.678960
1722999 2991.459100
1723999 2793.535434
1724999 2979.555207
1725999 2955.553506
1726999 3217.512224
1727999 2903.070034
1728999 3266.806297
1729999 2982.014241
1730999 2889.976278
1731999 78.673088
1732999 2735.631231
1733999 2558.130708
1734999 2926.109994
1735999 3215.898743
1736999 3138.092795
1737999 3188.818199
1738999 2962.970263
1739999 3125.814793
1740999 2950.335909
1741999 2968.310756
1742999 3020.039403
1743999 3298.887632
1744999 3211.168990
1745999 3181.416135
1746999 3237.648375
1747999 3139.294497
1748999 3141.368383
1749999 3102.696690
1750999 3132.650102
1751999 2876.847682
1752999 3058.164487
1753999 3089.678201
1754999 2783.616101
1755999 2961.999017
1756999 2920.713935
1757999 3004.109807
1758999 2857.646633
1759999 3015.795111
1760999 3047.751379
1761999 3285.475476
1762999 3054.271046
1763999 3198.515638
1764999 3037.572044
1765999 3033.512599
1766999 2930.642219
1767999 2973.151215
1768999 3002.537631
1769999 3138.672212
1770999 3178.286326
1771999 2718.577553
1772999 2968.927916
1773999 3203.011105
1774999 2843.216252
1775999 3305.056572
1776999 3128.790216
1777999 3215.194695
1778999 2980.540021
1779999 3175.194371
1780999 3295.693523
1781999 3336.856573
1782999 3246.173532
1783999 3152.611918
1784999 3140.021338
1785999 2820.392289
1786999 3434.443325
1787999 2939.792152
1788999 2919.097595
1789999 2955.333726
1790999 3093.851311
1791999 2980.468107
1792999 3213.808371
1793999 3132.287734
1794999 3252.936892
1795999 3190.542789
1796999 3013.402438
1797999 3218.919973
1798999 3105.760053
1799999 3105.468217
1800999 3140.103723
1801999 3400.030578
1802999 3193.351952
1803999 3105.778823
1804999 3369.071326
1805999 3130.898493
1806999 2930.107417
1807999 3285.727217
1808999 3196.893792
1809999 3372.103423
1810999 3309.510119
1811999 2910.404693
1812999 3265.239789
1813999 3241.207184
1814999 3269.468953
1815999 3149.644130
1816999 3241.673021
1817999 3156.071114
1818999 3310.309584
1819999 3118.582853
1820999 3431.619505
1821999 3346.356599
1822999 3204.603137
1823999 3262.113088
1824999 3214.729319
1825999 3101.290139
1826999 3216.723718
1827999 3258.005504
1828999 3005.990289
1829999 3415.002409
1830999 3694.900801
1831999 2704.223188
1832999 3151.430460
1833999 3267.824013
1834999 3098.750347
1835999 2999.589617
1836999 3488.488513
1837999 3579.706474
1838999 3062.563071
1839999 3149.913309
1840999 3420.427292
1841999 3165.246013
1842999 3215.177565
1843999 3339.087867
1844999 3315.061291
1845999 3148.124764
1846999 3301.157467
1847999 3500.280774
1848999 3240.261526
1849999 3103.763393
1850999 3205.139946
1851999 3147.611221
1852999 3215.630363
1853999 3333.936965
1854999 3241.529505
1855999 3475.798052
1856999 3295.113453
1857999 3338.989796
1858999 3460.567174
1859999 3195.975955
1860999 3317.653779
1861999 3368.676977
1862999 3295.397277
1863999 3593.467870
1864999 3172.606786
1865999 3293.799724
1866999 3290.278697
1867999 3293.606954
1868999 3415.764278
1869999 3184.227450
1870999 3441.047893
1871999 3259.665696
1872999 3249.686949
1873999 3153.170190
1874999 3341.607707
1875999 3476.507181
1876999 3053.662377
1877999 3458.868680
1878999 3302.039342
1879999 3391.776507
1880999 3280.959900
1881999 3494.385919
1882999 3099.034801
1883999 3215.474251
1884999 3503.602211
1885999 3345.656711
1886999 3260.210024
1887999 3535.771874
1888999 3558.584961
1889999 3346.757413
1890999 3351.008968
1891999 3429.722190
1892999 3422.058672
1893999 3504.994599
1894999 3200.158698
1895999 3344.537861
1896999 3425.464223
1897999 3427.179709
1898999 3210.277096
1899999 3328.934306
1900999 3354.586046
1901999 3581.320926
1902999 3232.859223
1903999 3299.983882
1904999 3478.780874
1905999 3416.555197
1906999 3302.908696
1907999 3453.383462
1908999 3285.057795
1909999 3374.181781
1910999 3208.512558
1911999 3404.904812
1912999 3411.801875
1913999 3378.429479
1914999 3364.003141
1915999 3570.558860
1916999 3093.875156
1917999 3550.439016
1918999 3365.895023
1919999 3238.521432
1920999 3444.527595
1921999 3325.527182
1922999 3356.991740
1923999 3591.818069
1924999 3347.621700
1925999 3422.257189
1926999 3249.696698
1927999 3389.923308
1928999 3434.866339
1929999 3427.649878
1930999 3551.424078
1931999 3636.459459
1932999 3232.705258
1933999 3452.602005
1934999 3472.962886
1935999 3554.242243
1936999 3471.184246
1937999 3438.312772
1938999 3389.885248
1939999 3645.290473
1940999 3564.708614
1941999 3528.389345
1942999 3320.083658
1943999 3475.470225
1944999 3392.406143
1945999 3483.164594
1946999 3603.943225
1947999 3406.531955
1948999 3509.362724
1949999 3480.436190
1950999 3661.871646
1951999 3474.377863
1952999 3446.696802
1953999 3536.075929
1954999 3437.455214
1955999 3609.468141
1956999 3507.233617
1957999 3293.861299
1958999 3412.885201
1959999 3423.271517
1960999 3699.761081
1961999 3372.539675
1962999 3441.429527
1963999 3512.816857
1964999 3417.554144
1965999 3521.567099
1966999 3575.626617
1967999 3654.603901
1968999 3591.400683
1969999 3632.105276
1970999 3608.583622
1971999 3582.434770
1972999 3608.186749
1973999 3410.682664
1974999 3630.419823
1975999 3544.923115
1976999 3503.016679
1977999 3673.340904
1978999 3498.098564
1979999 3587.637772
1980999 3614.017418
1981999 3750.708149
1982999 3322.621663
1983999 3530.195909
1984999 3515.014844
1985999 3655.718765
1986999 3676.775243
1987999 3483.540062
1988999 3489.370960
1989999 3577.467707
1990999 3528.032070
1991999 3512.327287
1992999 3432.207713
1993999 3295.896541
1994999 3523.640547
1995999 3489.863516
1996999 3544.370247
1997999 3589.053843
1998999 3515.554509
1999999 3700.985647
