999 -423.054222
1999 -393.761131
2999 -252.607714
3999 -188.240926
4999 -358.116503
5999 -342.456928
6999 -214.715797
7999 -291.322600
8999 -284.421199
9999 -377.816658
10999 -359.653993
11999 -202.709260
12999 -285.202598
13999 -159.656409
14999 -152.559222
15999 -258.448655
16999 -105.293705
17999 -209.657228
18999 -251.190808
19999 -76.520406
20999 -59.698620
21999 -112.511075
22999 -137.122532
23999 -175.996229
24999 -67.383188
25999 -93.711325
26999 -217.085065
27999 -128.269617
28999 -34.816654
29999 -211.247429
30999 -53.782977
31999 -41.885676
32999 -136.175122
33999 -36.242848
34999 -149.550599
35999 -60.769521
36999 -36.513054
37999 -93.778213
38999 21.541976
39999 -3.831392
40999 -64.891135
41999 38.649894
42999 6.525334
43999 56.968938
44999 -19.628268
45999 71.167557
46999 3.071185
47999 83.445078
48999 -8.222559
49999 46.774917
50999 -219.506454
51999 106.896290
52999 119.662628
53999 136.942979
54999 -24.478433
55999 214.783761
56999 247.783294
57999 142.013170
58999 135.603206
59999 287.690555
60999 107.926126
61999 197.251243
62999 227.601900
63999 274.449713
64999 108.349605
65999 364.005368
66999 187.532025
67999 338.074243
68999 352.835068
69999 365.567500
70999 231.245194
71999 393.827991
72999 408.579328
73999 307.516326
74999 327.876881
75999 448.712505
76999 455.409377
77999 88.760303
78999 -106.462334
79999 347.592541
80999 511.381389
81999 451.634608
82999 510.087845
83999 463.554515
84999 449.146385
85999 453.160345
86999 -175.830805
87999 -160.685864
88999 496.131868
89999 515.811511
90999 579.969156
91999 624.700009
92999 692.177062
93999 494.586132
94999 604.863982
95999 607.395981
96999 614.069353
97999 650.438566
98999 126.317505
99999 688.553866
100999 662.074941
101999 622.236944
102999 598.583576
103999 788.277330
104999 747.525941
105999 700.712226
106999 675.060143
107999 682.319371
108999 810.949712
109999 702.774238
110999 798.386003
111999 915.252120
112999 674.509222
113999 946.601164
114999 726.850374
115999 724.957943
116999 767.296083
117999 759.347245
118999 875.498642
119999 795.675600
120999 761.657278
121999 -218.560757
122999 879.983449
123999 792.107381
124999 718.916538
125999 912.539069
126999 999.099274
127999 1030.920744
128999 764.117971
129999 931.376870
130999 558.956806
131999 1047.398069
132999 868.130765
133999 1112.051277
134999 743.698658
135999 964.961967
136999 993.658398
137999 947.283057
138999 -20.383955
139999 1089.845069
140999 1103.524758
141999 -87.343464
142999 1105.042086
143999 1172.100241
144999 1018.726302
145999 1070.135170
146999 44.718446
147999 1211.557668
148999 671.057989
149999 1017.949852
150999 999.756881
151999 1045.821585
152999 1094.058431
153999 1015.728107
154999 1163.342023
155999 1013.967659
156999 1089.856134
157999 1282.712286
158999 1046.528066
159999 1156.802229
160999 1120.365821
161999 1094.789729
162999 1127.196055
163999 1108.877873
164999 1172.902358
165999 1269.559975
166999 1291.197665
167999 1369.861849
168999 1310.837798
169999 1198.844065
170999 1214.676173
171999 1191.490400
172999 1202.589947
173999 1465.019811
174999 1334.093866
175999 1389.073375
176999 1265.346643
177999 1367.330873
178999 1306.070765
179999 1215.444349
180999 1081.523929
181999 1361.924205
182999 1545.321199
183999 1226.541686
184999 1281.191871
185999 1376.446587
186999 1282.229812
187999 1611.938860
188999 1367.750851
189999 1210.824103
190999 1315.697690
191999 1277.102296
192999 1295.759600
193999 1391.335246
194999 1448.225300
195999 1358.898982
196999 1361.963665
197999 1296.333435
198999 1356.431346
199999 1198.405285
200999 1438.326348
201999 1439.980993
202999 1530.520313
203999 1376.331927
204999 1398.345942
205999 1588.707498
206999 1444.357774
207999 1562.291193
208999 1583.488505
209999 1289.665175
210999 1602.130267
211999 1351.967285
212999 1413.294121
213999 1474.241427
214999 1543.212628
215999 1660.144717
216999 1704.513049
217999 1659.461638
218999 1159.009058
219999 1479.030117
220999 1509.688135
221999 1571.387794
222999 1556.296393
223999 1678.301689
224999 1519.686957
225999 1525.005154
226999 1469.094894
227999 1651.382373
228999 1695.589606
229999 1663.652665
230999 1627.005544
231999 1642.147606
232999 1602.427078
233999 1651.337814
234999 1910.143502
235999 1256.999664
236999 1558.638308
237999 1623.447419
238999 1622.958139
239999 1623.520854
240999 1840.065413
241999 1559.519766
242999 1488.109159
243999 1579.765143
244999 1657.006661
245999 1640.923273
246999 1642.859655
247999 160.720963
248999 1680.703810
249999 1736.010301
250999 1468.827715
251999 1651.457472
252999 1805.776666
253999 1789.384797
254999 1693.431867
255999 1925.684812
256999 1634.492026
257999 872.443101
258999 1765.020310
259999 1720.877778
260999 1667.539311
261999 1724.072268
262999 1782.586039
263999 1932.513181
264999 1849.540512
265999 1709.641075
266999 1810.018714
267999 1632.849234
268999 1787.696477
269999 383.310534
270999 1846.876708
271999 1737.519475
272999 1792.526617
273999 1613.123836
274999 1847.410077
275999 1883.801290
276999 1686.151214
277999 1868.551996
278999 1660.995849
279999 1863.389366
280999 1801.205037
281999 1905.335348
282999 762.370523
283999 1563.784581
284999 1898.516286
285999 1865.021446
286999 1928.672685
287999 1948.990263
288999 1995.871494
289999 1750.178194
290999 1826.831711
291999 1827.483655
292999 1985.848167
293999 1908.083027
294999 1913.454814
295999 1808.029410
296999 108.166083
297999 84.410911
298999 1870.939553
299999 1833.938168
300999 133.806671
301999 1895.488506
302999 1995.765825
303999 334.818132
304999 1877.247857
305999 1950.250366
306999 1063.588135
307999 1958.809092
308999 1968.798660
309999 534.901927
310999 2037.011141
311999 1983.017348
312999 2198.172060
313999 1814.853599
314999 2129.587244
315999 2076.760894
316999 2065.836875
317999 1843.998841
318999 1893.733362
319999 1858.225302
320999 2120.761275
321999 2000.897214
322999 193.020831
323999 1384.653900
324999 1976.498237
325999 1988.932169
326999 1844.727168
327999 1732.714798
328999 2008.274249
329999 1989.444056
330999 577.762714
331999 2134.614430
332999 1040.060828
333999 2021.282890
334999 686.580698
335999 2054.707808
336999 1958.122656
337999 2094.571215
338999 2185.458516
339999 1999.655058
340999 1959.544901
341999 1850.982662
342999 2237.763563
343999 2110.665559
344999 1775.363213
345999 1919.797969
346999 2149.857863
347999 2116.904717
348999 2153.328680
349999 2139.836505
350999 2221.617623
351999 1219.524003
352999 2125.233572
353999 373.476737
354999 2132.915979
355999 1962.005374
356999 2166.496531
357999 2205.733787
358999 2048.878907
359999 1966.736056
360999 2171.218888
361999 2135.545257
362999 2202.287807
363999 2310.324133
364999 2125.527066
365999 554.946521
366999 2097.247214
367999 2078.758214
368999 2122.029141
369999 2092.408405
370999 2130.900446
371999 2071.312497
372999 2316.263872
373999 2144.224225
374999 2117.476689
375999 2051.055413
376999 2171.646605
377999 2242.763209
378999 2188.757644
379999 2228.475351
380999 2344.441015
381999 2239.150762
382999 66.142740
383999 2238.665939
384999 2278.821989
385999 2130.324943
386999 2080.551561
387999 2201.872092
388999 2137.073030
389999 784.416614
390999 2297.334973
391999 2114.130371
392999 858.066267
393999 1972.829244
394999 2175.730016
395999 2160.646739
396999 2141.482604
397999 1120.749971
398999 2204.099036
399999 1110.487024
400999 2178.595031
401999 2348.171065
402999 2178.214171
403999 2244.775196
404999 2212.285515
405999 2273.025151
406999 2134.873508
407999 2367.465370
408999 2285.111073
409999 2181.901832
410999 2148.046335
411999 2104.778385
412999 2236.463311
413999 2357.762626
414999 2153.148178
415999 2230.337751
416999 2086.548373
417999 2199.899171
418999 2160.133886
419999 2014.629820
420999 2216.824859
421999 1064.329675
422999 2246.446470
423999 2190.878874
424999 2087.292930
425999 2457.651503
426999 2199.447535
427999 2248.557863
428999 2201.538683
429999 2255.343505
430999 2075.605610
431999 2185.415526
432999 2169.099944
433999 2058.825727
434999 2153.729061
435999 2254.427968
436999 1958.018219
437999 2277.184989
438999 1835.374441
439999 2422.327625
440999 2186.375227
441999 2002.985598
442999 2030.798183
443999 2145.332668
444999 2252.200281
445999 2249.659698
446999 2309.309019
447999 2176.316916
448999 2139.408853
449999 2366.436161
450999 2377.585111
451999 2280.878391
452999 2257.479040
453999 2340.016017
454999 2345.481575
455999 2338.086243
456999 2134.143256
457999 2221.395666
458999 1954.045954
459999 2367.246689
460999 2350.898328
461999 2256.019435
462999 2280.478309
463999 2260.296448
464999 2481.434786
465999 2117.043905
466999 2168.813244
467999 2324.035009
468999 2183.220549
469999 2438.026066
470999 2231.094478
471999 2273.177451
472999 2208.118445
473999 2317.857411
474999 2394.699030
475999 2347.379103
476999 191.632377
477999 2293.266612
478999 2476.255969
479999 2064.603601
480999 2474.397567
481999 2364.507657
482999 2378.044855
483999 2432.911924
484999 2326.971159
485999 2334.783914
486999 2270.694469
487999 -37.013067
488999 2334.880089
489999 2446.548490
490999 2447.248851
491999 2544.921924
492999 2304.385136
493999 58.770956
494999 2446.401161
495999 2243.900943
496999 45.984775
497999 2450.326801
498999 2373.151125
499999 2287.755782
500999 2251.208841
501999 2425.995784
502999 234.024515
503999 2451.423076
504999 727.327060
505999 2441.504099
506999 2456.730775
507999 2386.567220
508999 2326.187778
509999 2285.315489
510999 2429.689763
511999 2312.997843
512999 2397.911955
513999 2490.032039
514999 2456.447882
515999 2393.091486
516999 2429.829632
517999 2414.842541
518999 2329.939100
519999 2345.317682
520999 2225.035855
521999 2335.788609
522999 2305.827299
523999 2517.612964
524999 633.249889
525999 2344.560807
526999 2389.249177
527999 2326.501731
528999 1211.717676
529999 2272.247757
530999 2514.915989
531999 2307.001789
532999 2264.267813
533999 2359.719113
534999 572.616862
535999 2407.146133
536999 2395.661190
537999 2322.522779
538999 2259.317751
539999 2286.735636
540999 2434.808081
541999 2433.575363
542999 2392.026225
543999 2482.515642
544999 2489.795469
545999 2544.201103
546999 2374.063026
547999 2258.301868
548999 2306.752043
549999 2328.758295
550999 2328.245978
551999 2412.804139
552999 2397.751596
553999 2373.488737
554999 2433.297496
555999 2404.273290
556999 2391.525456
557999 2325.204892
558999 2479.404027
559999 2427.879087
560999 2441.309305
561999 2436.136438
562999 2442.884173
563999 2073.470026
564999 2404.705745
565999 2523.458329
566999 2560.553497
567999 2343.401177
568999 2427.740126
569999 2381.524316
570999 2431.046251
571999 2383.472534
572999 2640.346651
573999 2618.505491
574999 2503.611897
575999 2482.535383
576999 2428.511235
577999 2516.928218
578999 2479.562071
579999 2472.193771
580999 2388.844447
581999 2378.857878
582999 2528.279688
583999 2317.531785
584999 2579.889954
585999 2363.589053
586999 2560.560873
587999 2497.719728
588999 2403.970022
589999 2449.369354
590999 2428.115786
591999 2495.439164
592999 2513.990329
593999 2609.838464
594999 2428.674336
595999 2563.574176
596999 2613.384494
597999 2582.529109
598999 2511.799551
599999 2405.443614
600999 2655.087267
601999 2543.040321
602999 2477.419995
603999 2490.408954
604999 2342.233020
605999 2491.733583
606999 2485.109647
607999 2503.562148
608999 2468.256338
609999 2528.801669
610999 2458.136111
611999 2308.957637
612999 2511.909751
613999 2559.380897
614999 2399.144581
615999 2508.216720
616999 2530.265032
617999 2698.257356
618999 2499.994423
619999 1618.265605
620999 2433.800074
621999 2480.081908
622999 2311.664587
623999 2508.207891
624999 2287.475816
625999 2476.223384
626999 2533.374283
627999 2479.727243
628999 2491.570514
629999 2556.002406
630999 2405.171577
631999 2525.361349
632999 2368.067188
633999 2544.070887
634999 1388.648739
635999 2488.689174
636999 2455.496539
637999 2505.605892
638999 2487.649751
639999 2553.377954
640999 2508.956824
641999 2610.864105
642999 2624.235082
643999 2501.934675
644999 2720.098264
645999 2719.937950
646999 2604.308285
647999 2607.837510
648999 2596.254918
649999 2720.682080
650999 558.780620
651999 2548.184645
652999 2535.452479
653999 2442.000130
654999 1610.604167
655999 2651.308708
656999 2474.197026
657999 2477.810614
658999 2544.211209
659999 2558.956373
660999 2454.476841
661999 2713.904575
662999 2818.998618
663999 2674.716169
664999 330.576013
665999 756.304225
666999 2683.276987
667999 2583.031637
668999 1458.873354
669999 1749.045595
670999 2694.918780
671999 2644.784038
672999 2624.579571
673999 2566.879261
674999 2727.611445
675999 2480.659583
676999 2509.063709
677999 2637.198127
678999 2486.638682
679999 2631.208052
680999 2521.043599
681999 1970.168901
682999 2589.950790
683999 2699.129686
684999 2691.862835
685999 2691.418865
686999 2633.798861
687999 2635.411195
688999 1702.719137
689999 2614.601883
690999 1168.121016
691999 2805.750381
692999 2670.282989
693999 2755.061698
694999 2609.688499
695999 2668.457947
696999 2632.838902
697999 2837.617891
698999 -594.462384
699999 2669.689259
700999 2767.601917
701999 2732.268075
702999 1582.942047
703999 2623.419667
704999 2608.848466
705999 2134.755766
706999 1765.469189
707999 2764.702751
708999 -326.733592
709999 2736.078977
710999 2772.180703
711999 2854.937229
712999 2789.901591
713999 2690.556851
714999 2809.131751
715999 -314.811409
716999 2634.262911
717999 666.784427
718999 2630.912659
719999 2769.599449
720999 2788.979851
721999 2775.944721
722999 1118.545810
723999 2788.859021
724999 -475.572403
725999 2735.017838
726999 2753.475199
727999 2760.630045
728999 2550.152721
729999 2696.921575
730999 2716.784753
731999 2703.380698
732999 2852.162544
733999 2609.172407
734999 2908.781011
735999 2372.393018
736999 2872.911172
737999 -284.579968
738999 2476.134952
739999 2649.864867
740999 2570.731561
741999 2841.623933
742999 -358.885524
743999 2623.084509
744999 2667.481304
745999 2679.532049
746999 2754.621772
747999 2813.234159
748999 2591.628998
749999 2831.728126
750999 2701.382770
751999 2726.526935
752999 2672.967701
753999 2640.993829
754999 2826.746276
755999 2585.619973
756999 2657.699621
757999 2687.016529
758999 2788.355456
759999 2822.883518
760999 2706.221994
761999 2559.547411
762999 2593.692851
763999 2915.679897
764999 2879.784112
765999 2729.176209
766999 2742.217976
767999 2779.106284
768999 2737.747915
769999 1343.411300
770999 2907.455329
771999 2906.735275
772999 2746.236141
773999 2574.430665
774999 2773.617987
775999 -234.230841
776999 1867.532990
777999 2726.874922
778999 2852.077892
779999 2741.736288
780999 2250.310812
781999 1466.566741
782999 2770.599409
783999 53.573354
784999 2825.634842
785999 2523.778633
786999 2653.147125
787999 2363.364572
788999 1795.271465
789999 761.201406
790999 2728.138341
791999 2720.025616
792999 2714.208875
793999 -204.844614
794999 610.391713
795999 2597.531660
796999 2543.201302
797999 2452.921766
798999 2590.481057
799999 2692.303843
800999 2756.332788
801999 2631.968618
802999 2684.356483
803999 2578.396298
804999 -77.014639
805999 1022.811401
806999 1398.825464
807999 1037.734280
808999 2610.664471
809999 2353.105385
810999 -167.704125
811999 2858.349052
812999 2286.409823
813999 109.866230
814999 462.906434
815999 2783.623282
816999 2698.577540
817999 2732.593260
818999 2626.673934
819999 2740.969952
820999 2782.911209
821999 2706.819271
822999 2641.570858
823999 2776.400482
824999 2813.680258
825999 310.159198
826999 2830.541995
827999 2713.921089
828999 2695.882870
829999 859.127742
830999 2804.580917
831999 2680.956701
832999 2636.122780
833999 2568.946409
834999 2770.295685
835999 2733.172935
836999 2060.188356
837999 2860.649649
838999 2721.984262
839999 2804.178797
840999 2603.083508
841999 29.131425
842999 2779.231983
843999 -248.417116
844999 2867.355296
845999 2881.376315
846999 2758.710105
847999 2731.315340
848999 2883.593541
849999 2906.865818
850999 2732.280889
851999 2318.034401
852999 2815.749473
853999 2785.438700
854999 2971.221829
855999 2844.966394
856999 2281.887822
857999 2799.121313
858999 2779.654011
859999 2748.032466
860999 2799.571574
861999 2622.371284
862999 2769.240351
863999 2509.094268
864999 2735.882868
865999 2940.511873
866999 1902.343523
867999 2603.856776
868999 2581.835715
869999 2827.225109
870999 2620.609893
871999 2563.628626
872999 2655.139786
873999 2617.068670
874999 2781.248795
875999 2719.465513
876999 2710.425099
877999 2597.448905
878999 2819.024327
879999 2770.926138
880999 2917.699339
881999 2836.043589
882999 2847.886529
883999 2689.355886
884999 2662.468460
885999 -360.831104
886999 2869.512134
887999 2808.620171
888999 2785.833671
889999 2852.228136
890999 2762.092450
891999 1107.944424
892999 2818.238087
893999 2772.518609
894999 356.537757
895999 2889.339376
896999 2805.249928
897999 2407.882475
898999 -225.207577
899999 2688.632433
900999 2855.030343
901999 2902.223170
902999 2758.753385
903999 2836.756415
904999 2680.075078
905999 2933.791322
906999 2593.600216
907999 2927.790688
908999 2717.491427
909999 2700.754166
910999 2632.589487
911999 2868.640139
912999 2690.864755
913999 -44.479109
914999 2837.529157
915999 458.423057
916999 2873.124019
917999 1830.847588
918999 2855.220359
919999 2753.692651
920999 2894.553069
921999 2529.536567
922999 2614.585984
923999 2679.801162
924999 2837.101838
925999 2951.447606
926999 2640.714535
927999 2658.696976
928999 2738.252801
929999 1422.348979
930999 2646.695122
931999 1865.038571
932999 2044.429935
933999 2535.502794
934999 2668.729582
935999 2853.128880
936999 2779.457759
937999 2850.921958
938999 2646.583088
939999 2812.922014
940999 2785.211951
941999 2755.774459
942999 2768.712868
943999 2708.152887
944999 2635.344857
945999 2682.317529
946999 2842.195231
947999 2896.598041
948999 2889.838177
949999 2631.130206
950999 2907.753700
951999 2715.089978
952999 2918.452067
953999 2718.309711
954999 2909.121635
955999 2767.076427
956999 2789.399261
957999 2778.399814
958999 2689.585690
959999 2669.259801
960999 2610.202661
961999 2864.008036
962999 2954.469273
963999 2859.923220
964999 2859.793742
965999 2678.573508
966999 2742.208686
967999 2922.442123
968999 2910.936528
969999 2947.345248
970999 2869.331302
971999 2860.371228
972999 2947.158911
973999 2974.835938
974999 2911.011000
975999 1096.116584
976999 2749.267516
977999 369.729128
978999 2872.146448
979999 2839.412617
980999 -14.524853
981999 2722.812133
982999 2853.815908
983999 2841.439420
984999 2837.597882
985999 3050.610761
986999 3045.902144
987999 2380.851652
988999 2853.274451
989999 119.881562
990999 2909.012723
991999 2781.093399
992999 2877.091042
993999 2845.523940
994999 2886.170243
995999 330.520289
996999 2928.431193
997999 2827.167358
998999 2872.716864
999999 2928.968158
1000999 2923.911296
1001999 2812.867314
1002999 1427.609264
1003999 3001.993576
1004999 3093.824287
1005999 1643.549495
1006999 2768.009410
1007999 2892.196973
1008999 3032.847966
1009999 2884.095439
1010999 2943.986268
1011999 203.112891
1012999 2717.580480
1013999 3017.168779
1014999 2913.521633
1015999 2854.741364
1016999 2916.319654
1017999 2567.757630
1018999 2639.117000
1019999 2783.140201
1020999 2864.041743
1021999 2813.979810
1022999 2971.543801
1023999 2628.901381
1024999 2845.463060
1025999 2918.097865
1026999 2851.983928
1027999 2864.206127
1028999 2895.251554
1029999 2975.588983
1030999 2715.784152
1031999 2908.158573
1032999 2950.964725
1033999 2862.274994
1034999 2870.452985
1035999 2841.546657
1036999 2809.392921
1037999 2854.250350
1038999 1408.268531
1039999 2871.742848
1040999 2819.610080
1041999 2840.476180
1042999 2894.615875
1043999 3018.561260
1044999 2834.008393
1045999 3009.070217
1046999 2963.200122
1047999 2811.158633
1048999 2895.862336
1049999 2943.754515
1050999 2892.576426
1051999 3010.176262
1052999 3052.860679
1053999 3015.200286
1054999 3065.872925
1055999 2886.797511
1056999 3012.105726
1057999 2938.530036
1058999 3005.047997
1059999 2938.585365
1060999 2910.058379
1061999 2977.171313
1062999 3007.124015
1063999 2942.257646
1064999 2989.683175
1065999 2714.109462
1066999 3142.348306
1067999 2947.290131
1068999 2975.353246
1069999 2803.098503
1070999 3006.271946
1071999 2894.005591
1072999 3057.337754
1073999 2891.587675
1074999 2736.696727
1075999 2943.238838
1076999 -249.352069
1077999 2992.413275
1078999 3017.756803
1079999 3061.593324
1080999 2965.760305
1081999 3015.855901
1082999 2997.559285
1083999 2803.113970
1084999 2908.193864
1085999 2750.773186
1086999 109.100355
1087999 2782.780462
1088999 1204.070608
1089999 2736.773922
1090999 2888.099427
1091999 2727.993489
1092999 2953.899659
1093999 2851.599847
1094999 2852.729476
1095999 2816.128393
1096999 2832.564911
1097999 2969.715962
1098999 979.978578
1099999 2861.988190
1100999 968.262209
1101999 2832.730121
1102999 3070.721220
1103999 2733.928946
1104999 2876.818522
1105999 2763.298657
1106999 2398.775829
1107999 2965.341850
1108999 -30.690508
1109999 3037.523456
1110999 2907.627625
1111999 2810.797164
1112999 3141.584697
1113999 3008.490711
1114999 2850.328832
1115999 3125.319686
1116999 3004.101963
1117999 1056.071032
1118999 2991.721811
1119999 2962.203924
1120999 3132.487653
1121999 858.885905
1122999 3125.105878
1123999 3262.580110
1124999 2910.126210
1125999 3045.544656
1126999 1075.915179
1127999 2988.239308
1128999 2914.083669
1129999 2916.961411
1130999 2831.160806
1131999 2965.324863
1132999 2964.359825
1133999 3053.641703
1134999 3047.549011
1135999 3053.061218
1136999 3175.354535
1137999 3042.853715
1138999 3072.082039
1139999 3040.343463
1140999 3149.667021
1141999 3114.497176
1142999 2991.925423
1143999 2943.733207
1144999 3155.067849
1145999 3191.584032
1146999 2682.340676
1147999 3059.814872
1148999 2835.783645
1149999 2936.015675
1150999 3065.690842
1151999 3119.767853
1152999 3063.243582
1153999 3015.324309
1154999 3022.628218
1155999 3173.318213
1156999 3393.420654
1157999 3101.406493
1158999 3090.802578
1159999 3156.845381
1160999 774.521850
1161999 3256.510550
1162999 3220.920463
1163999 3126.468532
1164999 3227.576029
1165999 3245.605811
1166999 3092.777500
1167999 3206.967341
1168999 3100.282832
1169999 3227.829228
1170999 3103.997079
1171999 3165.038432
1172999 3131.284861
1173999 3089.234162
1174999 3142.557808
1175999 3215.824668
1176999 2958.495174
1177999 3082.162502
1178999 3247.604958
1179999 3130.191442
1180999 3073.831818
1181999 3170.041437
1182999 3244.482021
1183999 3049.230805
1184999 429.010281
1185999 3258.548934
1186999 3237.233357
1187999 3230.790683
1188999 3307.351027
1189999 3201.403021
1190999 3153.293877
1191999 3068.161740
1192999 3222.482181
1193999 3320.336618
1194999 3174.863727
1195999 3011.168387
1196999 3174.046624
1197999 3023.998962
1198999 3141.888343
1199999 3169.941378
1200999 3112.924966
1201999 3118.015783
1202999 3163.747872
1203999 3080.574802
1204999 3008.711094
1205999 2958.972765
1206999 2946.806536
1207999 3130.625511
1208999 3253.140634
1209999 2940.920890
1210999 3046.670992
1211999 1944.262218
1212999 3161.487285
1213999 3196.956193
1214999 3116.181109
1215999 3155.325503
1216999 3183.436075
1217999 3112.432691
1218999 3133.947517
1219999 3068.203332
1220999 3322.573461
1221999 3159.103099
1222999 3237.279830
1223999 3059.952009
1224999 3084.762896
1225999 3030.568347
1226999 3102.342608
1227999 3035.882270
1228999 3053.385492
1229999 3180.572537
1230999 3172.959609
1231999 3130.294924
1232999 3091.967112
1233999 3169.855854
1234999 3136.644420
1235999 3194.567099
1236999 3119.465851
1237999 3256.550565
1238999 3113.155885
1239999 3070.858908
1240999 3186.948043
1241999 3135.011980
1242999 3125.999033
1243999 3304.178648
1244999 3126.392264
1245999 3071.006249
1246999 3028.642234
1247999 3219.675903
1248999 3142.660082
1249999 3269.551336
1250999 3126.467543
1251999 3162.992394
1252999 3088.940830
1253999 3237.214571
1254999 3027.333843
1255999 3159.103788
1256999 3200.519339
1257999 3125.139569
1258999 3310.373823
1259999 3212.792406
1260999 3252.098090
1261999 3057.912578
1262999 3191.902267
1263999 2984.998363
1264999 3140.954542
1265999 3158.652074
1266999 3071.198254
1267999 3128.682049
1268999 3155.410047
1269999 3171.508893
1270999 3105.560479
1271999 3280.401328
1272999 3093.436726
1273999 1689.672058
1274999 3208.514340
1275999 3143.949857
1276999 3227.142316
1277999 3145.110021
1278999 3158.951814
1279999 3356.109827
1280999 3015.526841
1281999 3181.894932
1282999 3207.932537
1283999 3239.515887
1284999 3282.217772
1285999 3142.311319
1286999 3158.860520
1287999 -202.218673
1288999 2951.506280
1289999 3147.578493
1290999 3204.283314
1291999 1112.095758
1292999 3141.939777
1293999 3199.676318
1294999 3172.105860
1295999 3033.351465
1296999 3179.447707
1297999 3103.582778
1298999 3190.870709
1299999 3234.483860
1300999 3180.239234
1301999 3075.029209
1302999 2919.167840
1303999 2945.129830
1304999 3096.948521
1305999 3168.180390
1306999 3090.722059
1307999 3028.766537
1308999 3002.852861
1309999 3167.161376
1310999 3303.427570
1311999 3142.800730
1312999 3018.163820
1313999 2873.495544
1314999 3417.298145
1315999 3255.969323
1316999 3330.497397
1317999 3226.436131
1318999 3223.794612
1319999 3163.574941
1320999 3208.382677
1321999 3346.169123
1322999 3191.122383
1323999 3148.662621
1324999 3109.885413
1325999 2957.080022
1326999 3183.903853
1327999 3161.279264
1328999 3075.065935
1329999 3210.717490
1330999 3251.525286
1331999 3219.778564
1332999 3270.110785
1333999 51.091685
1334999 3017.173506
1335999 3161.305292
1336999 3149.688622
1337999 2527.823067
1338999 3339.735913
1339999 3309.952638
1340999 2795.394107
1341999 3248.000505
1342999 3285.701635
1343999 3067.095759
1344999 3058.552454
1345999 3400.405890
1346999 3040.864458
1347999 3106.828548
1348999 2885.358711
1349999 3302.247189
1350999 2999.032215
1351999 3168.551677
1352999 3137.248604
1353999 3246.657774
1354999 3129.709242
1355999 3147.754096
1356999 3173.870612
1357999 3061.805960
1358999 3001.596064
1359999 3061.992610
1360999 3176.121001
1361999 3110.553815
1362999 3096.921774
1363999 3044.976501
1364999 867.056928
1365999 723.505751
1366999 3026.027158
1367999 3218.489633
1368999 3175.729186
1369999 3129.789787
1370999 3209.762653
1371999 3219.582949
1372999 3196.045540
1373999 3205.810633
1374999 3220.128852
1375999 3036.130018
1376999 3280.438593
1377999 3222.769751
1378999 643.243150
1379999 3000.715279
1380999 3146.345498
1381999 1672.908271
1382999 3058.871177
1383999 1430.629928
1384999 3111.009476
1385999 3029.109015
1386999 3286.562166
1387999 3154.913896
1388999 2965.531827
1389999 3222.107373
1390999 3352.060211
1391999 3260.566816
1392999 2966.239598
1393999 3190.864296
1394999 3148.023053
1395999 3208.730828
1396999 3124.372565
1397999 3189.421519
1398999 3235.944374
1399999 3197.877823
1400999 3181.834965
1401999 3267.575657
1402999 3284.052060
1403999 3385.169128
1404999 3206.570541
1405999 3125.711242
1406999 3428.803119
1407999 3219.334766
1408999 3175.185398
1409999 3202.278823
1410999 3267.043459
1411999 3216.015922
1412999 3186.572175
1413999 3296.166869
1414999 2844.191169
1415999 1713.931171
1416999 3324.510054
1417999 3293.644290
1418999 3181.947022
1419999 3346.186143
1420999 3302.600960
1421999 151.609219
1422999 3248.265001
1423999 3029.920409
1424999 3131.893246
1425999 1859.707058
1426999 856.620205
1427999 1742.207163
1428999 3395.276555
1429999 -92.996864
1430999 3205.235051
1431999 3312.034902
1432999 3068.350986
1433999 1520.040601
1434999 971.773596
1435999 3168.941995
1436999 3297.903953
1437999 3195.945491
1438999 3116.480523
1439999 1231.707220
1440999 3142.187947
1441999 3466.701660
1442999 3313.766406
1443999 3087.377189
1444999 3207.320845
1445999 2192.766441
1446999 3032.327626
1447999 3354.058240
1448999 3186.628552
1449999 3028.544230
1450999 3214.042072
1451999 3081.534558
1452999 3252.768350
1453999 2801.126269
1454999 3059.184894
1455999 3050.654744
1456999 3032.567364
1457999 3139.870863
1458999 3053.637749
1459999 3212.644377
1460999 3200.040622
1461999 3170.132778
1462999 3010.069354
1463999 3202.394467
1464999 3253.231242
1465999 3085.380753
1466999 2972.971021
1467999 3195.117520
1468999 3198.069454
1469999 3022.166962
1470999 3188.025898
1471999 3182.096260
1472999 3171.810064
1473999 2930.785946
1474999 3097.396415
1475999 2998.647035
1476999 3285.829117
1477999 3200.833697
1478999 3361.058863
1479999 3163.100555
1480999 2277.093511
1481999 2995.240126
1482999 3216.004905
1483999 3135.551010
1484999 1283.600668
1485999 3131.197611
1486999 3288.054637
1487999 3218.282365
1488999 2986.566440
1489999 3123.834160
1490999 3208.818684
1491999 3303.642821
1492999 3026.118603
1493999 3191.549410
1494999 3296.701900
1495999 3156.695638
1496999 3213.319087
1497999 3250.699248
1498999 3238.992787
1499999 3025.383363
1500999 3220.130386
1501999 3353.656452
1502999 3166.865844
1503999 3190.780478
1504999 3205.659014
1505999 3148.825239
1506999 3035.152105
1507999 3211.385429
1508999 3023.622283
1509999 3371.404763
1510999 3239.020393
1511999 1540.224889
1512999 3088.380910
1513999 3170.243547
1514999 3045.478325
1515999 3348.100350
1516999 2894.710641
1517999 3321.525441
1518999 1459.770767
1519999 3172.442592
1520999 3159.323603
1521999 3114.077048
1522999 3161.781661
1523999 3037.516304
1524999 3130.060803
1525999 3281.240375
1526999 2496.501067
1527999 3152.615677
1528999 3155.607078
1529999 3208.330862
1530999 3205.765263
1531999 3018.375039
1532999 3200.926663
1533999 2985.144896
1534999 3174.239202
1535999 3385.201923
1536999 3229.771247
1537999 3176.401179
1538999 3079.552032
1539999 3168.335372
1540999 3217.265321
1541999 3196.742386
1542999 3084.200349
1543999 2919.176528
1544999 3170.588341
1545999 3104.702400
1546999 3250.646213
1547999 3179.701340
1548999 2973.303800
1549999 3152.087407
1550999 3081.521708
1551999 2930.252479
1552999 3111.138563
1553999 2950.397278
1554999 3067.970736
1555999 3057.406895
1556999 3229.846341
1557999 3314.294502
1558999 3110.057035
1559999 3132.446053
1560999 3040.016457
1561999 3220.758038
1562999 3215.704027
1563999 3074.244517
1564999 3017.025853
1565999 3070.800404
1566999 2969.786724
1567999 3142.689015
1568999 3156.699293
1569999 2916.905823
1570999 3212.329660
1571999 3061.979959
1572999 3142.541113
1573999 2988.072337
1574999 3176.665490
1575999 2872.920892
1576999 2916.061306
1577999 3004.770574
1578999 2925.362223
1579999 3059.909344
1580999 2901.020068
1581999 2994.760371
1582999 3064.566526
1583999 2897.796200
1584999 2974.971568
1585999 3071.622663
1586999 -184.151642
1587999 3020.066489
1588999 2924.471917
1589999 2894.038314
1590999 2897.352873
1591999 3157.699777
1592999 684.057118
1593999 2931.357105
1594999 2990.880570
1595999 2954.402440
1596999 2930.524093
1597999 2080.703511
1598999 2845.525525
1599999 -154.003517
1600999 3129.877294
1601999 557.431222
1602999 3066.960481
1603999 3116.498878
1604999 416.179238
1605999 1543.900084
1606999 3189.941372
1607999 2141.859301
1608999 3151.832709
1609999 2979.698266
1610999 2956.894486
1611999 -290.416966
1612999 3258.760162
1613999 3011.506606
1614999 3138.995541
1615999 3125.746854
1616999 1297.505859
1617999 3126.208451
1618999 3067.195161
1619999 3163.154322
1620999 3092.250099
1621999 3153.523766
1622999 3260.674334
1623999 848.948499
1624999 3030.243924
1625999 2988.852965
1626999 3028.835126
1627999 3217.204213
1628999 3275.451043
1629999 3052.033132
1630999 3098.397673
1631999 3155.794454
1632999 3091.507316
1633999 2276.947016
1634999 3143.364719
1635999 3096.127248
1636999 3133.305312
1637999 3161.746441
1638999 3089.446076
1639999 3070.659833
1640999 3160.062203
1641999 3258.969302
1642999 3134.223060
1643999 3230.633009
1644999 3119.216207
1645999 3248.438186
1646999 3217.241744
1647999 3160.322226
1648999 3049.267126
1649999 3176.202067
1650999 3116.619490
1651999 3209.646314
1652999 291.905846
1653999 2967.977357
1654999 3103.466630
1655999 3108.324203
1656999 3070.690069
1657999 3059.799845
1658999 3079.640214
1659999 3092.489172
1660999 2995.280210
1661999 3198.230069
1662999 3022.617875
1663999 2972.680722
1664999 1949.423319
1665999 3084.312461
1666999 432.728253
1667999 3056.806662
1668999 3254.112051
1669999 3166.470295
1670999 3112.386743
1671999 2871.859953
1672999 3164.840352
1673999 3095.577138
1674999 2982.113333
1675999 519.665567
1676999 2976.894304
1677999 3054.702667
1678999 3095.249185
1679999 3122.637914
1680999 952.977487
1681999 3287.848564
1682999 2926.058476
1683999 2477.024750
1684999 3025.331660
1685999 3268.797445
1686999 3120.603398
1687999 3078.420821
1688999 3083.583430
1689999 3129.168297
1690999 3174.519657
1691999 2951.808891
1692999 3154.347667
1693999 3069.713637
1694999 3183.436934
1695999 2977.733925
1696999 3068.567941
1697999 3080.855228
1698999 3165.109551
1699999 3067.350557
1700999 3152.879851
1701999 3183.642351
1702999 2905.727275
1703999 3045.654051
1704999 3085.537191
1705999 -207.833891
1706999 3117.415570
1707999 3001.118195
1708999 3142.349531
1709999 3083.102312
1710999 1571.131929
1711999 3093.969756
1712999 3184.794367
1713999 -130.172488
1714999 2999.051274
1715999 2932.066746
1716999 3076.797260
1717999 3082.997293
1718999 2998.044951
1719999 3128.299600
1720999 3019.294858
1721999 3020.679257
1722999 3046.574868
1723999 3098.900526
1724999 3068.311865
1725999 2953.087389
1726999 2766.454062
1727999 3127.116584
1728999 3007.985520
1729999 3047.681098
1730999 3006.062117
1731999 3050.620844
1732999 2832.456884
1733999 3029.705900
1734999 3047.020481
1735999 3113.802678
1736999 3102.977635
1737999 2754.019781
1738999 2951.164328
1739999 2984.835948
1740999 3109.904528
1741999 2984.005780
1742999 2830.806587
1743999 2802.016425
1744999 3060.034364
1745999 2977.604103
1746999 2975.199184
1747999 2977.921954
1748999 2995.265951
1749999 1111.768069
1750999 3032.309675
1751999 3071.440981
1752999 2968.529190
1753999 2994.398939
1754999 2981.259998
1755999 3113.792399
1756999 3215.699388
1757999 3189.169678
1758999 2847.867259
1759999 3072.019859
1760999 3131.820708
1761999 3043.735597
1762999 1833.659774
1763999 3158.347395
1764999 3075.405027
1765999 2820.937978
1766999 3196.675730
1767999 3124.063969
1768999 406.449257
1769999 3092.075254
1770999 2182.762211
1771999 3054.986310
1772999 3173.042918
1773999 1397.353832
1774999 3345.759679
1775999 3085.000238
1776999 3093.914697
1777999 3020.564221
1778999 982.497580
1779999 2955.712383
1780999 3092.831345
1781999 3075.530379
1782999 2424.222016
1783999 2619.830026
1784999 -37.459394
1785999 3076.029136
1786999 2966.885194
1787999 252.750033
1788999 835.419098
1789999 2946.809335
1790999 2993.486325
1791999 3115.847492
1792999 3270.412777
1793999 3100.059490
1794999 3225.343140
1795999 3190.908242
1796999 3253.262795
1797999 3105.922501
1798999 3294.296750
1799999 3211.626200
1800999 3268.685594
1801999 3154.730480
1802999 2999.321659
1803999 3241.301464
1804999 1789.026597
1805999 3066.946547
1806999 2453.458639
1807999 3179.673661
1808999 2943.162155
1809999 3104.899556
1810999 3137.414398
1811999 3287.608206
1812999 3208.800583
1813999 3239.472191
1814999 3179.713128
1815999 3165.659403
1816999 3090.922508
1817999 3223.108048
1818999 2073.257926
1819999 3309.722924
1820999 3192.715131
1821999 3170.717117
1822999 3157.414436
1823999 3212.012812
1824999 3167.888870
1825999 3244.425954
1826999 3214.738515
1827999 3256.564687
1828999 912.937025
1829999 3241.966824
1830999 3295.032193
1831999 3113.171191
1832999 3342.615209
1833999 3203.977402
1834999 3280.682935
1835999 761.996077
1836999 3255.616182
1837999 274.944854
1838999 3094.908979
1839999 2927.389393
1840999 1698.247119
1841999 1690.049771
1842999 3189.226513
1843999 3179.810160
1844999 3084.798662
1845999 3251.605062
1846999 3306.341172
1847999 2964.226313
1848999 3208.393041
1849999 1719.629410
1850999 2628.732376
1851999 3202.032290
1852999 3421.358002
1853999 3190.340835
1854999 3131.085180
1855999 1596.062986
1856999 3076.169485
1857999 3374.199450
1858999 3467.905773
1859999 3126.789760
1860999 3158.582942
1861999 3172.772539
1862999 15.004118
1863999 3078.638170
1864999 3260.620032
1865999 3252.199497
1866999 3149.441568
1867999 192.946513
1868999 -135.329161
1869999 2292.632476
1870999 1597.868701
1871999 187.646959
1872999 3147.267538
1873999 3308.319953
1874999 1721.337935
1875999 1548.372023
1876999 3415.145544
1877999 3389.581540
1878999 3249.307321
1879999 2162.669064
1880999 3344.284702
1881999 3387.357569
1882999 3272.870621
1883999 3196.681515
1884999 3434.319530
1885999 3287.487845
1886999 3458.236470
1887999 3483.693112
1888999 2661.617634
1889999 3364.713498
1890999 3420.270520
1891999 3573.238602
1892999 3285.461563
1893999 3270.924268
1894999 3495.494885
1895999 3259.350369
1896999 3333.217179
1897999 3305.717779
1898999 3241.530552
1899999 3438.939607
1900999 325.211348
1901999 3255.343664
1902999 3561.165478
1903999 1644.306520
1904999 3394.688204
1905999 3481.485941
1906999 3372.624388
1907999 3430.626505
1908999 3287.048583
1909999 3355.698969
1910999 3162.994723
1911999 3214.646000
1912999 3161.810754
1913999 3247.766280
1914999 3050.334703
1915999 3024.681985
1916999 3041.589576
1917999 3017.436628
1918999 3217.341797
1919999 3298.965570
1920999 3216.009474
1921999 3141.356647
1922999 3057.621527
1923999 1254.218688
1924999 3312.348672
1925999 3140.890339
1926999 3266.979731
1927999 3125.196916
1928999 2998.242455
1929999 3119.515214
1930999 3121.527620
1931999 3269.906334
1932999 3287.856844
1933999 3192.485447
1934999 3124.033379
1935999 3193.919448
1936999 3127.738982
1937999 3101.444860
1938999 3252.761271
1939999 3206.148930
1940999 3035.356330
1941999 3181.613074
1942999 3285.156332
1943999 3303.100835
1944999 3227.656741
1945999 3368.123592
1946999 3248.156421
1947999 3120.225216
1948999 3374.607484
1949999 3149.059243
1950999 3479.181559
1951999 3244.366457
1952999 3311.900774
1953999 3422.395776
1954999 3356.733252
1955999 3018.240227
1956999 3103.343356
1957999 3163.717658
1958999 3070.895532
1959999 3095.844453
1960999 3201.216766
1961999 3122.135795
1962999 3251.326133
1963999 3158.007272
1964999 3241.491244
1965999 3272.030431
1966999 3277.384106
1967999 3286.029280
1968999 3054.597505
1969999 3214.706032
1970999 3077.953726
1971999 3335.375634
1972999 3178.268676
1973999 3175.456149
1974999 3228.148159
1975999 3089.484939
1976999 3092.179941
1977999 3096.787046
1978999 3013.465588
1979999 3139.402798
1980999 3210.563613
1981999 3291.421745
1982999 3206.500219
1983999 3305.381230
1984999 3210.931442
1985999 3307.359362
1986999 2982.341737
1987999 3161.120918
1988999 3149.572607
1989999 2935.644428
1990999 3103.944857
1991999 2774.871744
1992999 2761.009779
1993999 1391.817401
1994999 2760.321350
1995999 2881.504416
1996999 3028.765787
1997999 2841.930318
1998999 2852.577782
1999999 2912.117204
