999 -428.061102
1999 -380.971666
2999 -424.248329
3999 -283.615710
4999 -355.391971
5999 -420.064088
6999 -270.720997
7999 -215.486465
8999 -411.128368
9999 -339.546834
10999 -281.541136
11999 -433.163281
12999 -522.063023
13999 -486.731940
14999 -313.699341
15999 -412.865381
16999 -153.044876
17999 -328.627599
18999 -278.709204
19999 -163.329758
20999 -226.181729
21999 -151.421225
22999 -209.090984
23999 -288.436409
24999 -193.314401
25999 -178.545949
26999 -317.825365
27999 -277.734252
28999 -289.843061
29999 -232.879534
30999 -151.156816
31999 -114.856257
32999 -211.274224
33999 -65.526967
34999 -202.990593
35999 -169.448373
36999 -181.217712
37999 -103.909538
38999 -93.102004
39999 -103.316675
40999 -104.273737
41999 -126.363336
42999 -116.619581
43999 -104.098807
44999 -68.355338
45999 -16.766187
46999 -12.764214
47999 -32.318203
48999 -41.005142
49999 -123.461991
50999 48.722694
51999 0.622854
52999 -80.967456
53999 58.327853
54999 -32.539031
55999 39.725688
56999 -14.198183
57999 110.313853
58999 91.002399
59999 147.200163
60999 152.621459
61999 75.934324
62999 194.330189
63999 77.348239
64999 111.472161
65999 176.456485
66999 148.508240
67999 117.108271
68999 108.667574
69999 221.878861
70999 144.658808
71999 215.178908
72999 204.344542
73999 98.598310
74999 287.564069
75999 321.117568
76999 245.179077
77999 228.092722
78999 358.845060
79999 315.506942
80999 381.069464
81999 -26.566074
82999 403.260046
83999 345.431590
84999 489.264733
85999 286.499137
86999 388.420082
87999 106.558601
88999 97.075923
89999 401.932298
90999 400.568352
91999 513.218469
92999 525.068225
93999 419.279470
94999 487.529025
95999 418.451987
96999 549.640820
97999 498.102746
98999 144.813668
99999 403.501562
100999 537.538694
101999 516.598424
102999 530.380767
103999 602.989660
104999 653.582813
105999 136.394278
106999 637.984850
107999 528.067091
108999 549.741411
109999 -74.726199
110999 620.446876
111999 675.302129
112999 635.806501
113999 761.716489
114999 783.398355
115999 701.119192
116999 626.276604
117999 526.989942
118999 746.453445
119999 829.247087
120999 750.082473
121999 272.266088
122999 752.832389
123999 865.906199
124999 301.687749
125999 734.059598
126999 319.436250
127999 848.217309
128999 784.191034
129999 745.980363
130999 837.381596
131999 756.413455
132999 893.678517
133999 916.668497
134999 874.649828
135999 891.658917
136999 956.032214
137999 219.242064
138999 912.910149
139999 929.134420
140999 962.624963
141999 924.415972
142999 907.861428
143999 966.767269
144999 1089.314389
145999 990.325092
146999 962.936890
147999 949.819000
148999 1044.702382
149999 1118.962402
150999 1108.955220
151999 1161.027048
152999 1053.503704
153999 605.941034
154999 1185.889901
155999 439.681460
156999 903.617172
157999 1208.077503
158999 1180.187520
159999 1077.706919
160999 1028.569295
161999 1129.132581
162999 980.835764
163999 1168.447519
164999 362.500004
165999 1221.172424
166999 1136.590444
167999 1017.171189
168999 1299.850796
169999 527.406510
170999 1119.468340
171999 1243.728423
172999 1185.425889
173999 1099.773503
174999 1351.656661
175999 1218.607403
176999 613.997710
177999 -149.656691
178999 1140.957034
179999 1261.418002
180999 1047.744960
181999 1314.550212
182999 1223.824404
183999 551.662024
184999 1273.466652
185999 1216.889517
186999 1023.592147
187999 1267.023457
188999 1281.013291
189999 1196.843387
190999 151.668894
191999 1395.374180
192999 -236.844534
193999 1378.577555
194999 1221.063811
195999 1317.062080
196999 1294.196550
197999 992.652789
198999 1326.285322
199999 1383.990882
200999 1280.081818
201999 1487.695962
202999 1377.742983
203999 1432.320989
204999 1368.848217
205999 1333.360097
206999 1440.588323
207999 1412.456667
208999 1098.447454
209999 1512.515903
210999 11.970503
211999 1561.587608
212999 1517.265856
213999 1416.045124
214999 1537.677826
215999 1501.505404
216999 1523.163323
217999 1514.122134
218999 1555.303666
219999 745.191070
220999 445.634186
221999 1532.519124
222999 1482.780776
223999 1492.508835
224999 1602.481947
225999 1580.237483
226999 1452.997668
227999 1703.238121
228999 1516.185571
229999 976.238009
230999 214.283467
231999 -160.134468
232999 1501.519763
233999 1357.724895
234999 1534.171013
235999 1618.131805
236999 1690.513207
237999 1525.870628
238999 1533.361196
239999 1584.749312
240999 605.796251
241999 1502.853980
242999 1514.742481
243999 1555.718560
244999 1680.266531
245999 764.150278
246999 1472.152679
247999 1645.874955
248999 1539.571834
249999 1666.394257
250999 1602.218872
251999 1680.034479
252999 1747.287625
253999 1786.433652
254999 129.927058
255999 1585.593973
256999 1791.850166
257999 1779.272275
258999 331.764936
259999 -28.186265
260999 1741.660587
261999 1625.518782
262999 1594.769654
263999 1627.204439
264999 1875.548648
265999 1836.084629
266999 1764.851725
267999 1669.739369
268999 1672.349836
269999 1676.429955
270999 1840.294301
271999 1817.689377
272999 250.663612
273999 1786.207813
274999 468.504037
275999 1653.937548
276999 1787.136544
277999 1757.252459
278999 1927.295545
279999 1870.775929
280999 1942.214993
281999 255.168236
282999 1829.337230
283999 1863.629613
284999 1870.274858
285999 -107.843928
286999 1858.190988
287999 1899.194369
288999 1653.939827
289999 386.690431
290999 1759.936357
291999 1879.292564
292999 875.862774
293999 1901.948967
294999 2109.598661
295999 1877.211606
296999 1620.118567
297999 1580.137602
298999 2058.442725
299999 1979.522334
300999 2068.689099
301999 1809.922368
302999 652.552390
303999 1766.493683
304999 1740.052208
305999 2074.883594
306999 2030.024078
307999 2029.123147
308999 2066.816520
309999 1963.871752
310999 1949.095573
311999 1940.011102
312999 2053.982968
313999 2074.717518
314999 2106.811871
315999 2090.226740
316999 2035.425429
317999 2272.557081
318999 1947.001775
319999 2104.502009
320999 623.954748
321999 1904.975348
322999 1956.690025
323999 2122.259356
324999 2174.801467
325999 2118.229981
326999 2214.258466
327999 2110.726522
328999 2106.780934
329999 2192.971696
330999 1777.665613
331999 712.790247
332999 2227.509267
333999 2148.979493
334999 299.661302
335999 1100.395044
336999 2168.831744
337999 2217.784997
338999 1533.926872
339999 1241.951732
340999 2187.983986
341999 2211.768868
342999 2286.500143
343999 2242.889063
344999 2234.549646
345999 2241.013512
346999 2221.549541
347999 2361.253686
348999 2277.186724
349999 2274.321714
350999 2119.018580
351999 2306.365344
352999 2375.704268
353999 2285.554546
354999 2353.169998
355999 2360.275904
356999 842.124323
357999 2434.356535
358999 2400.402882
359999 2375.993832
360999 2307.936324
361999 1819.236320
362999 -128.060053
363999 2250.764699
364999 2382.791772
365999 1657.992658
366999 2299.966342
367999 2386.867985
368999 2265.383389
369999 2423.715884
370999 2549.617077
371999 2302.040832
372999 2392.415668
373999 2380.769088
374999 913.988311
375999 1569.834266
376999 2468.300160
377999 2425.605188
378999 2377.428588
379999 2448.294674
380999 2260.533534
381999 2500.611336
382999 2441.658563
383999 1823.676177
384999 2393.983856
385999 2517.885156
386999 2410.958578
387999 2494.143717
388999 2177.796273
389999 2569.697020
390999 2535.615876
391999 939.676624
392999 12.185579
393999 2609.091161
394999 2432.585043
395999 2545.654602
396999 2448.914367
397999 2507.171557
398999 2579.224442
399999 1177.122817
400999 2592.747853
401999 2539.275711
402999 355.227317
403999 2733.944134
404999 2144.941597
405999 2731.656514
406999 -202.288326
407999 2462.649072
408999 2625.586268
409999 2653.112311
410999 2484.423812
411999 2757.712924
412999 2812.592229
413999 2672.557909
414999 2567.459949
415999 2686.438456
416999 2623.084334
417999 2439.528423
418999 2667.237533
419999 1260.261640
420999 1457.027801
421999 2563.451499
422999 2776.299489
423999 2813.353494
424999 2644.758332
425999 2861.075759
426999 2682.958953
427999 2636.981295
428999 2750.901142
429999 2759.986797
430999 2687.639398
431999 2603.243572
432999 2441.929815
433999 2758.040692
434999 2176.458565
435999 1832.534326
436999 658.700175
437999 2707.288231
438999 1195.399192
439999 2828.501408
440999 1093.570182
441999 2622.314211
442999 2789.888875
443999 2640.069219
444999 2675.814386
445999 2896.525839
446999 2656.725738
447999 1242.830640
448999 2631.698230
449999 2641.930062
450999 2566.572496
451999 2805.169692
452999 387.628757
453999 2530.118277
454999 1897.021066
455999 2772.012962
456999 2519.279290
457999 1012.836971
458999 2721.782881
459999 894.564002
460999 2668.980979
461999 1514.883996
462999 2609.040812
463999 2659.373059
464999 2799.951697
465999 2265.609724
466999 2804.273796
467999 2804.570011
468999 2655.259150
469999 2697.163791
470999 2898.083341
471999 2834.952533
472999 2784.783479
473999 2800.028831
474999 2519.496262
475999 2812.388455
476999 2731.556054
477999 2702.831718
478999 2662.459606
479999 2836.791116
480999 2833.173854
481999 2847.413230
482999 2718.965270
483999 2722.948352
484999 2728.149979
485999 2782.480962
486999 2811.868565
487999 2788.737715
488999 2818.603962
489999 2653.776011
490999 2946.788952
491999 2830.274539
492999 2763.084164
493999 2764.229401
494999 2772.312006
495999 2704.164913
496999 2909.267615
497999 2783.067101
498999 2721.855402
499999 2850.772949
500999 1675.761719
501999 2682.058806
502999 2921.518666
503999 2732.365797
504999 2949.822558
505999 2970.025792
506999 2940.964679
507999 2812.772598
508999 2952.854669
509999 2908.518109
510999 3031.855004
511999 2645.240261
512999 2887.671320
513999 2893.672085
514999 2983.431954
515999 2985.538776
516999 2896.193519
517999 1073.253540
518999 3001.357507
519999 3076.959131
520999 2850.929606
521999 1357.445117
522999 2994.712031
523999 3213.518819
524999 2854.803536
525999 2834.520713
526999 1436.738798
527999 2896.371268
528999 2617.453809
529999 2891.666183
530999 1430.307839
531999 2872.857764
532999 2846.878772
533999 2978.817474
534999 2988.184130
535999 2925.411397
536999 3098.941339
537999 573.024231
538999 2822.746823
539999 1121.685287
540999 483.811529
541999 2379.337586
542999 1911.752448
543999 3039.060354
544999 2920.756839
545999 2957.254577
546999 2975.221094
547999 1747.844646
548999 3091.498799
549999 2268.440857
550999 3007.630019
551999 1299.394454
552999 3175.721910
553999 2939.400823
554999 2975.380054
555999 3095.545783
556999 3106.512373
557999 2828.100583
558999 2874.880892
559999 2919.489755
560999 3110.781242
561999 2947.393918
562999 3057.171990
563999 2890.821545
564999 3160.188541
565999 39.275056
566999 2375.606663
567999 2958.051658
568999 1112.906402
569999 3112.638147
570999 2919.148691
571999 2976.954180
572999 2958.667091
573999 2824.112840
574999 3038.102631
575999 3060.268421
576999 3224.388744
577999 2615.482742
578999 2993.782029
579999 2996.502375
580999 2891.190493
581999 1522.987305
582999 1678.321065
583999 266.785532
584999 1496.526767
585999 2953.024896
586999 3129.758155
587999 3024.265709
588999 2915.283285
589999 3094.760685
590999 2992.697953
591999 3012.208434
592999 3047.491472
593999 2671.156602
594999 3096.195173
595999 2988.248790
596999 3056.258695
597999 3033.694209
598999 3159.944763
599999 3031.848953
600999 3320.871633
601999 2875.199609
602999 3027.548087
603999 3209.098565
604999 3155.127531
605999 3097.037792
606999 1646.478259
607999 3069.256190
608999 2940.559847
609999 2944.383294
610999 2995.155870
611999 3312.268732
612999 3146.338333
613999 3001.985301
614999 3133.800700
615999 3081.909841
616999 3276.522579
617999 2125.634750
618999 3402.779833
619999 3094.275850
620999 3125.524364
621999 3057.572162
622999 3287.869187
623999 3294.779440
624999 3177.924221
625999 2839.155308
626999 3052.702120
627999 3309.580090
628999 3280.607237
629999 3038.106499
630999 3242.340035
631999 3270.379694
632999 3206.250993
633999 3226.856694
634999 3072.197542
635999 3190.687340
636999 3064.373486
637999 959.084386
638999 3198.507453
639999 3214.034496
640999 3156.167831
641999 3318.377414
642999 3085.272236
643999 3213.914706
644999 3225.471781
645999 838.263034
646999 3280.251236
647999 3115.545238
648999 3205.851280
649999 3182.419624
650999 1632.026295
651999 3073.734870
652999 1342.240789
653999 2897.190002
654999 3264.137518
655999 3176.913277
656999 3243.601619
657999 3063.525021
658999 3044.805329
659999 3377.009726
660999 3276.233829
661999 3238.566513
662999 3313.541379
663999 2002.665526
664999 3301.212817
665999 3297.350150
666999 3395.179675
667999 3267.968180
668999 3314.480229
669999 3465.668034
670999 3304.823414
671999 3184.018228
672999 3357.324627
673999 3380.657249
674999 3136.782772
675999 3223.846933
676999 2921.345796
677999 3358.514828
678999 3338.012482
679999 3073.901444
680999 3311.925765
681999 3427.599425
682999 3353.280965
683999 3367.806060
684999 3196.472133
685999 3270.156008
686999 3103.204102
687999 3174.214401
688999 3295.607116
689999 459.840734
690999 3164.150246
691999 3227.119876
692999 3254.695977
693999 3138.800022
694999 3200.575218
695999 3065.740524
696999 3076.608258
697999 3301.856799
698999 3168.197951
699999 3181.345206
700999 3264.739260
701999 3251.669304
702999 3260.564722
703999 3193.083679
704999 3224.738182
705999 3113.217858
706999 3126.661627
707999 3142.790867
708999 3006.009383
709999 637.215623
710999 3414.407276
711999 3362.992516
712999 3172.819035
713999 3300.259292
714999 3221.537131
715999 3224.626308
716999 3025.761523
717999 3294.669403
718999 3367.793657
719999 3169.024761
720999 3035.087890
721999 3249.744887
722999 2893.123792
723999 3294.932278
724999 3188.540840
725999 3228.269587
726999 3211.752004
727999 3275.177601
728999 3165.919560
729999 3231.623336
730999 3288.131606
731999 3250.525013
732999 3253.089315
733999 3279.566187
734999 3347.009555
735999 3215.104986
736999 3181.346567
737999 3226.745863
738999 3256.015592
739999 3194.809993
740999 3258.516380
741999 3291.846935
742999 3279.729295
743999 3305.362442
744999 3218.350300
745999 3425.057139
746999 3312.160309
747999 3218.889333
748999 3205.557280
749999 2948.538256
750999 3068.277564
751999 3302.756952
752999 207.613858
753999 3366.060101
754999 3269.645895
755999 3162.174353
756999 3130.950883
757999 3270.424185
758999 3201.124696
759999 3257.926396
760999 3191.029668
761999 3336.440813
762999 3176.351979
763999 158.707283
764999 3243.618667
765999 3065.449869
766999 3227.366029
767999 3230.241909
768999 3110.659329
769999 3204.591755
770999 3297.790823
771999 3224.282781
772999 656.710019
773999 3162.969614
774999 3220.636986
775999 3152.902979
776999 3331.116979
777999 3471.632004
778999 3146.508648
779999 3281.254243
780999 3269.207205
781999 3317.755377
782999 3365.237447
783999 3110.275164
784999 1304.109328
785999 3307.731617
786999 3141.112600
787999 619.976321
788999 3363.097719
789999 3183.440555
790999 3357.520184
791999 3388.104091
792999 3502.261681
793999 3310.699643
794999 3177.082624
795999 782.747703
796999 3401.682826
797999 347.906787
798999 3220.329535
799999 3409.220800
800999 3196.685408
801999 3302.718793
802999 3299.479294
803999 3192.317418
804999 3373.025265
805999 3072.056383
806999 3351.051053
807999 1006.944507
808999 1233.356192
809999 3296.787134
810999 3361.092038
811999 3334.062268
812999 1383.052001
813999 3273.684439
814999 3389.091473
815999 3132.646179
816999 2534.612163
817999 3091.350960
818999 3364.718317
819999 3222.974639
820999 3179.328909
821999 3327.472171
822999 3373.830486
823999 3393.555624
824999 3252.027913
825999 3442.841260
826999 3412.911488
827999 3325.800492
828999 3310.962591
829999 3326.934352
830999 3362.210086
831999 3487.815026
832999 3522.369432
833999 3405.053569
834999 3393.144850
835999 3507.261536
836999 3253.552419
837999 3398.325012
838999 3355.820979
839999 3169.912808
840999 3341.947785
841999 3399.002525
842999 3497.078097
843999 3463.694423
844999 3403.182026
845999 3590.762397
846999 3415.832647
847999 3324.236834
848999 3215.768289
849999 3374.565088
850999 3426.526238
851999 3467.793182
852999 3484.901281
853999 3463.129571
854999 3405.108258
855999 3354.786893
856999 3279.677084
857999 3250.770978
858999 3513.862027
859999 3358.678949
860999 3347.216049
861999 3460.731195
862999 3491.078581
863999 3500.111094
864999 3630.366426
865999 3448.757548
866999 3357.696922
867999 3275.661319
868999 3479.342676
869999 3525.136148
870999 3391.873040
871999 3401.695143
872999 3362.861735
873999 3490.617446
874999 3438.475216
875999 3641.589523
876999 3567.504847
877999 3499.874599
878999 3243.445738
879999 3505.030233
880999 3449.081834
881999 3384.106178
882999 3529.676029
883999 3557.968952
884999 3358.250385
885999 3463.334621
886999 3669.808731
887999 3629.269930
888999 3455.654013
889999 3514.969222
890999 1054.087292
891999 3663.552382
892999 3464.547783
893999 3520.332693
894999 3564.965374
895999 3454.604780
896999 3401.131112
897999 2060.033659
898999 3609.769649
899999 3535.093130
900999 3615.144858
901999 3587.793101
902999 3490.660238
903999 3351.577697
904999 3536.191435
905999 3510.962763
906999 3530.553904
907999 3382.427282
908999 3619.026928
909999 3345.381981
910999 3386.879999
911999 3557.142616
912999 3529.098741
913999 3525.645501
914999 3480.632794
915999 3442.171143
916999 3498.696637
917999 3603.786342
918999 3680.193325
919999 3671.121597
920999 204.909161
921999 3552.763857
922999 3592.029466
923999 3630.977346
924999 3649.718613
925999 3587.684680
926999 3689.338442
927999 383.866365
928999 3743.779838
929999 3837.543324
930999 3610.710975
931999 3694.703860
932999 3467.815911
933999 3515.876561
934999 3560.091362
935999 3723.451348
936999 3714.501544
937999 3673.104905
938999 3643.963070
939999 3640.087541
940999 3783.035521
941999 3604.093020
942999 3431.882914
943999 3648.686701
944999 3732.010642
945999 3757.131730
946999 3765.445954
947999 3393.793586
948999 3754.097018
949999 3503.166667
950999 3689.799029
951999 3662.132192
952999 3802.133408
953999 3679.157650
954999 3627.902816
955999 3734.753371
956999 3770.569538
957999 3506.458991
958999 3853.344124
959999 3825.578352
960999 3767.767349
961999 3804.157733
962999 3693.202386
963999 3869.977992
964999 3640.891379
965999 3795.296701
966999 3859.266322
967999 3750.766586
968999 3744.134025
969999 3833.916700
970999 3774.514115
971999 3908.545083
972999 3955.076183
973999 3891.636212
974999 3673.237708
975999 3739.719382
976999 3637.641029
977999 3824.002931
978999 3733.694083
979999 3778.623621
980999 3729.912983
981999 3748.863332
982999 3801.621727
983999 3106.217197
984999 3804.462142
985999 3578.184546
986999 3506.084434
987999 3815.896849
988999 3968.541353
989999 3579.097687
990999 3777.058485
991999 465.524117
992999 3874.592008
993999 3745.129178
994999 3633.979080
995999 3747.056076
996999 3772.255190
997999 3776.450980
998999 3893.908961
999999 3647.434930
1000999 3825.522415
1001999 3884.061058
1002999 3897.672763
1003999 3815.647214
1004999 3571.874476
1005999 3689.289248
1006999 3829.422030
1007999 3741.101339
1008999 3604.653194
1009999 3709.117673
1010999 3741.323596
1011999 3838.159780
1012999 3946.330302
1013999 3855.645994
1014999 3845.895186
1015999 3719.324504
1016999 3806.502808
1017999 3799.640241
1018999 3915.391370
1019999 3724.975164
1020999 3861.919601
1021999 1137.455992
1022999 3803.342434
1023999 3808.304738
1024999 3847.218086
1025999 3761.925381
1026999 3679.370556
1027999 3802.369884
1028999 3870.087079
1029999 3693.508484
1030999 3715.932080
1031999 3768.812096
1032999 3803.991578
1033999 3909.752572
1034999 3971.795450
1035999 1876.463141
1036999 3733.885429
1037999 3814.847470
1038999 3741.544090
1039999 3759.113116
1040999 3856.601695
1041999 3928.944148
1042999 3782.479556
1043999 3860.177301
1044999 3558.006176
1045999 3776.450912
1046999 3763.495713
1047999 3862.449689
1048999 3718.271317
1049999 3850.358007
1050999 3872.009274
1051999 186.893964
1052999 3919.161000
1053999 3798.230159
1054999 3857.366185
1055999 3864.214957
1056999 3864.915587
1057999 3839.899937
1058999 3925.918177
1059999 3837.815747
1060999 3791.891318
1061999 3863.223247
1062999 3742.841812
1063999 3810.579939
1064999 3861.037960
1065999 3872.053257
1066999 3823.612579
1067999 3787.394490
1068999 3899.404984
1069999 3852.196960
1070999 3730.669432
1071999 3893.412505
1072999 3828.068839
1073999 3853.077276
1074999 4065.946882
1075999 3915.656213
1076999 3758.181622
1077999 3931.005628
1078999 3770.071012
1079999 3833.315564
1080999 3822.449646
1081999 3600.938194
1082999 3777.061459
1083999 4098.006247
1084999 3857.707573
1085999 3913.774251
1086999 3959.576827
1087999 3868.626183
1088999 3808.237049
1089999 3858.586882
1090999 3780.239571
1091999 3811.597035
1092999 3711.659389
1093999 3898.563283
1094999 3889.121752
1095999 3883.258581
1096999 3846.876247
1097999 3924.611076
1098999 3893.828174
1099999 3866.774542
1100999 3935.060204
1101999 3923.708851
1102999 3920.770767
1103999 3857.533859
1104999 3941.529645
1105999 3905.451479
1106999 3974.679872
1107999 3806.830163
1108999 3516.120941
1109999 3807.530863
1110999 3803.453086
1111999 3919.481946
1112999 3799.800169
1113999 3900.142704
1114999 3913.136847
1115999 4051.136806
1116999 3901.756773
1117999 3940.867163
1118999 3921.523582
1119999 3915.358103
1120999 3841.755943
1121999 4081.777558
1122999 3871.242495
1123999 3773.104712
1124999 3833.135244
1125999 3844.661091
1126999 3902.541231
1127999 4058.555796
1128999 3892.948534
1129999 3762.047701
1130999 3832.144783
1131999 3897.145178
1132999 3958.741394
1133999 3949.457293
1134999 3958.387886
1135999 3939.347095
1136999 3927.711227
1137999 3891.927139
1138999 4036.828565
1139999 3841.572896
1140999 3809.984168
1141999 3900.168063
1142999 3944.420510
1143999 3991.753228
1144999 3946.441787
1145999 3853.915980
1146999 4105.941166
1147999 3802.210254
1148999 3890.497559
1149999 3913.519612
1150999 3775.585625
1151999 3887.792176
1152999 3817.697785
1153999 4061.174826
1154999 3937.572607
1155999 3981.201036
1156999 3885.423504
1157999 3889.127226
1158999 3810.066799
1159999 3858.632140
1160999 3846.454470
1161999 3903.775278
1162999 3910.674051
1163999 3990.683183
1164999 4159.548781
1165999 3924.987255
1166999 3912.256216
1167999 3927.887002
1168999 3927.666511
1169999 3874.469116
1170999 3932.302617
1171999 4156.417060
1172999 4047.822345
1173999 4013.157586
1174999 3909.440499
1175999 3997.782363
1176999 4070.680409
1177999 3986.424484
1178999 4054.996539
1179999 4168.340048
1180999 4076.918678
1181999 4089.467324
1182999 4022.367731
1183999 1108.836452
1184999 3918.684535
1185999 4160.096602
1186999 3986.762102
1187999 3867.472199
1188999 4057.583557
1189999 3980.640915
1190999 4100.908262
1191999 4126.747815
1192999 4130.962006
1193999 4052.877150
1194999 4016.680525
1195999 4045.206095
1196999 4038.318706
1197999 3913.963505
1198999 3916.997153
1199999 3967.833659
1200999 4166.673987
1201999 4160.571072
1202999 3948.158595
1203999 4150.953433
1204999 4055.173435
1205999 3991.416104
1206999 3918.604856
1207999 4023.904984
1208999 3947.453454
1209999 3959.922445
1210999 4052.997764
1211999 3991.216917
1212999 4123.439199
1213999 3692.722029
1214999 4133.547543
1215999 3729.254076
1216999 2603.910624
1217999 4186.266315
1218999 4047.740544
1219999 3973.437714
1220999 3822.268784
1221999 3863.885918
1222999 4115.915752
1223999 4149.726593
1224999 4078.218963
1225999 4180.845655
1226999 4019.180273
1227999 4020.470888
1228999 4291.791935
1229999 3982.983972
1230999 4098.704613
1231999 4107.138121
1232999 4068.956633
1233999 3962.191651
1234999 4001.720894
1235999 4052.683728
1236999 3991.524394
1237999 4096.730798
1238999 3909.829516
1239999 3849.912374
1240999 3909.131987
1241999 4013.050835
1242999 4213.582527
1243999 4086.859468
1244999 3831.854631
1245999 3880.261191
1246999 3983.833018
1247999 4006.207345
1248999 4178.822615
1249999 3980.024358
1250999 4050.517151
1251999 4070.871999
1252999 4095.855927
1253999 3995.779301
1254999 3991.121970
1255999 4065.761327
1256999 4086.290868
1257999 4018.533206
1258999 3918.838987
1259999 4073.462020
1260999 3900.628838
1261999 3798.221805
1262999 3794.426960
1263999 3923.481877
1264999 3998.836332
1265999 3955.140903
1266999 3708.144836
1267999 3968.318613
1268999 3983.492797
1269999 3936.910007
1270999 3907.669252
1271999 3929.363423
1272999 4063.376900
1273999 4096.371095
1274999 4005.543210
1275999 4064.328249
1276999 3958.316412
1277999 478.986123
1278999 4065.203032
1279999 3919.586549
1280999 3586.836838
1281999 4002.519047
1282999 4144.791751
1283999 3974.762875
1284999 3905.721703
1285999 3901.790857
1286999 3901.660073
1287999 3960.224229
1288999 3940.277951
1289999 4273.202644
1290999 3824.070900
1291999 4043.874263
1292999 3960.442443
1293999 4132.618932
1294999 3924.444412
1295999 3973.386944
1296999 4021.901934
1297999 4043.952215
1298999 4083.529484
1299999 4028.039361
1300999 4042.065397
1301999 3941.827102
1302999 1367.859774
1303999 3988.336740
1304999 3986.209947
1305999 4056.021833
1306999 4115.251431
1307999 3965.299470
1308999 3940.941052
1309999 4273.819611
1310999 3922.767815
1311999 4172.602193
1312999 3419.558316
1313999 4108.053137
1314999 4083.754349
1315999 3969.553068
1316999 4014.021955
1317999 3975.390377
1318999 4187.631354
1319999 4178.249958
1320999 3862.998998
1321999 4273.329515
1322999 4047.081984
1323999 4047.715492
1324999 4089.978814
1325999 4024.289492
1326999 4253.094928
1327999 4130.156798
1328999 4302.473573
1329999 3893.486272
1330999 3976.085113
1331999 3138.693523
1332999 4118.597752
1333999 3945.173560
1334999 4225.342457
1335999 4103.967587
1336999 4080.489776
1337999 4238.305116
1338999 837.665228
1339999 3844.314653
1340999 3735.840841
1341999 4034.967533
1342999 4304.069810
1343999 4195.330879
1344999 4012.747977
1345999 4284.952996
1346999 4305.329443
1347999 4186.057713
1348999 4045.987281
1349999 4123.032691
1350999 4001.814037
1351999 4153.229776
1352999 4136.283347
1353999 4061.194851
1354999 3950.058455
1355999 4260.645982
1356999 4194.528966
1357999 4125.777776
1358999 4267.149597
1359999 4150.833010
1360999 4041.725861
1361999 3954.137286
1362999 4197.694889
1363999 3329.298965
1364999 3893.250492
1365999 4119.084079
1366999 3948.883838
1367999 3842.584158
1368999 3725.062219
1369999 4064.280456
1370999 4156.103720
1371999 4106.906562
1372999 4033.878626
1373999 3845.777201
1374999 3882.003214
1375999 4096.175771
1376999 4042.234818
1377999 3977.087425
1378999 4093.630458
1379999 4040.345425
1380999 4210.730158
1381999 4110.151556
1382999 4210.658904
1383999 4029.672464
1384999 4042.885116
1385999 4116.921192
1386999 4062.527805
1387999 3926.074399
1388999 2190.706949
1389999 3971.996948
1390999 4111.587423
1391999 4036.067406
1392999 4133.767901
1393999 4149.437641
1394999 4213.626974
1395999 4280.595758
1396999 4135.458790
1397999 3981.562540
1398999 4258.855926
1399999 4265.966467
1400999 4216.073400
1401999 4211.520035
1402999 4268.874929
1403999 4118.368072
1404999 4260.075563
1405999 -1002.184140
1406999 4147.673329
1407999 4445.003359
1408999 4292.915613
1409999 4196.313312
1410999 4104.200931
1411999 4125.859405
1412999 4253.351352
1413999 4115.085687
1414999 3999.506797
1415999 4246.040433
1416999 4264.163902
1417999 4147.268869
1418999 4220.170448
1419999 4147.402820
1420999 4044.983091
1421999 4033.875174
1422999 4099.890251
1423999 4309.177996
1424999 4078.707323
1425999 4160.633955
1426999 3683.731228
1427999 3823.897384
1428999 3460.240453
1429999 4208.142227
1430999 4255.362795
1431999 3975.355867
1432999 3636.063058
1433999 4260.308174
1434999 4229.767096
1435999 4260.974534
1436999 4092.232366
1437999 4148.675637
1438999 4146.885787
1439999 4331.057629
1440999 2083.026913
1441999 4163.186266
1442999 410.001848
1443999 4018.702203
1444999 4234.319547
1445999 3443.270286
1446999 -589.933466
1447999 4296.298093
1448999 3581.384665
1449999 4282.164354
1450999 -408.997741
1451999 3496.750940
1452999 3902.076090
1453999 4371.144995
1454999 -559.371405
1455999 4323.572841
1456999 4260.887473
1457999 4039.955065
1458999 4220.859380
1459999 4147.204816
1460999 3973.274705
1461999 4249.550097
1462999 4384.105005
1463999 4108.926227
1464999 2244.425291
1465999 4276.573151
1466999 4166.808528
1467999 4301.390149
1468999 3935.888623
1469999 4259.448242
1470999 4007.193699
1471999 4279.941036
1472999 4074.792772
1473999 4260.994199
1474999 4397.355615
1475999 4100.316362
1476999 1499.573550
1477999 4260.845274
1478999 4315.628382
1479999 4239.215730
1480999 4376.981372
1481999 4131.444012
1482999 4268.711514
1483999 4276.751166
1484999 4154.574854
1485999 402.338604
1486999 4214.487158
1487999 4216.598251
1488999 4345.036006
1489999 4351.065603
1490999 4210.972743
1491999 4311.424682
1492999 4354.772301
1493999 4230.109646
1494999 4248.411408
1495999 4387.599872
1496999 4419.446419
1497999 4402.437275
1498999 4315.140022
1499999 4274.091179
1500999 4473.471799
1501999 4128.332712
1502999 4203.026935
1503999 4322.411505
1504999 4259.325457
1505999 4248.283050
1506999 -46.948605
1507999 4265.402787
1508999 4162.240840
1509999 4288.261916
1510999 4265.170873
1511999 4250.380981
1512999 4171.604992
1513999 4125.099038
1514999 4333.565732
1515999 4251.192221
1516999 4167.992657
1517999 4335.476888
1518999 4104.636126
1519999 4106.415104
1520999 4140.876173
1521999 2840.651135
1522999 4264.467516
1523999 4257.400800
1524999 4223.234558
1525999 4222.471711
1526999 4194.992940
1527999 4020.598674
1528999 4303.915883
1529999 4442.534306
1530999 4264.341091
1531999 4314.835274
1532999 4298.829806
1533999 4287.870698
1534999 4350.785800
1535999 4313.437213
1536999 4279.044058
1537999 4285.868927
1538999 4248.044876
1539999 4366.040510
1540999 4361.114057
1541999 4060.463702
1542999 4353.393520
1543999 4188.863731
1544999 4174.660192
1545999 4324.701066
1546999 4269.383047
1547999 4214.197116
1548999 4313.259439
1549999 4351.675566
1550999 4033.003753
1551999 4253.303406
1552999 4260.291081
1553999 4235.900000
1554999 4257.729493
1555999 4167.146970
1556999 4068.906590
1557999 4214.798270
1558999 4102.285475
1559999 4222.241035
1560999 4068.848845
1561999 4267.461190
1562999 4282.067868
1563999 4042.928898
1564999 4091.232337
1565999 1487.384822
1566999 4107.258804
1567999 4183.696641
1568999 4020.239285
1569999 3883.147325
1570999 4300.087154
1571999 4294.797723
1572999 4271.021408
1573999 4423.489586
1574999 4181.587714
1575999 4276.101770
1576999 4291.283503
1577999 4358.728216
1578999 4240.687689
1579999 4312.626441
1580999 4246.860508
1581999 4391.587903
1582999 4149.980056
1583999 4017.188239
1584999 4291.221457
1585999 4331.248338
1586999 4056.061685
1587999 4180.761507
1588999 1665.458089
1589999 3230.029568
1590999 4148.464821
1591999 4269.930005
1592999 4423.726231
1593999 4230.129112
1594999 4374.431631
1595999 4182.202320
1596999 4296.561978
1597999 4282.103795
1598999 4237.205437
1599999 3787.254048
1600999 3305.979838
1601999 3497.065606
1602999 3433.948779
1603999 3374.587324
1604999 3435.057932
1605999 3425.217764
1606999 3455.521535
1607999 3453.238168
1608999 3436.887173
1609999 3166.795789
1610999 3551.031851
1611999 -688.660341
1612999 3274.775471
1613999 3370.649090
1614999 3414.071621
1615999 3399.563510
1616999 3357.995475
1617999 3423.584240
1618999 3580.694701
1619999 3425.028194
1620999 3438.731701
1621999 3474.772084
1622999 3225.177319
1623999 3584.076622
1624999 3647.507981
1625999 3425.328782
1626999 3319.732419
1627999 3512.355880
1628999 3434.891995
1629999 2622.353010
1630999 3690.630662
1631999 3801.272674
1632999 3654.536908
1633999 3652.828101
1634999 3745.616291
1635999 3811.780729
1636999 3971.268695
1637999 3872.482572
1638999 3992.567617
1639999 3949.673712
1640999 3931.585085
1641999 3924.032845
1642999 3870.958699
1643999 4115.341269
1644999 3981.367446
1645999 4100.715381
1646999 4229.955228
1647999 4082.793590
1648999 4035.339462
1649999 4015.897400
1650999 4042.181520
1651999 4073.335096
1652999 4237.134600
1653999 4294.940143
1654999 3954.893091
1655999 4252.253525
1656999 4013.361287
1657999 3952.498790
1658999 4059.649090
1659999 4050.976970
1660999 4023.699656
1661999 3948.335237
1662999 4086.218513
1663999 4119.249798
1664999 4094.842043
1665999 4133.944774
1666999 3940.750731
1667999 4288.562576
1668999 4021.065237
1669999 4035.052038
1670999 4022.315860
1671999 3972.805552
1672999 4193.546574
1673999 4015.822923
1674999 3977.110849
1675999 3991.122478
1676999 3989.589065
1677999 4100.363628
1678999 4199.444556
1679999 4227.871021
1680999 4320.505693
1681999 3898.968343
1682999 4129.792814
1683999 4247.490785
1684999 4227.106295
1685999 3802.742059
1686999 4006.898951
1687999 4192.625592
1688999 4251.881790
1689999 4275.486142
1690999 4095.708793
1691999 4162.447715
1692999 4119.872921
1693999 4275.210144
1694999 4079.171846
1695999 4203.483018
1696999 4211.790425
1697999 4082.004916
1698999 4322.637709
1699999 4157.086039
1700999 4275.008235
1701999 4172.975205
1702999 4132.865227
1703999 4106.731585
1704999 4157.980246
1705999 4193.789035
1706999 4276.145356
1707999 4216.028333
1708999 4244.991617
1709999 4179.931849
1710999 4191.855620
1711999 4246.290931
1712999 4155.388656
1713999 4211.432137
1714999 4123.654466
1715999 4363.215599
1716999 4140.531909
1717999 3977.646177
1718999 3889.457247
1719999 3935.735751
1720999 3992.673287
1721999 3943.692435
1722999 3902.062581
1723999 4051.362445
1724999 3225.463879
1725999 4134.992722
1726999 4042.124461
1727999 3912.819837
1728999 3817.385670
1729999 3894.243474
1730999 4034.787249
1731999 4057.212687
1732999 4028.375250
1733999 4128.591980
1734999 4028.185668
1735999 4134.200840
1736999 4170.757864
1737999 3845.213636
1738999 4055.619494
1739999 3999.684654
1740999 4182.188209
1741999 4201.579096
1742999 3811.445443
1743999 4078.338239
1744999 3966.335609
1745999 4189.666202
1746999 4214.291683
1747999 4055.423084
1748999 4148.486151
1749999 4259.499240
1750999 4255.423881
1751999 4119.094573
1752999 4263.202722
1753999 4360.025282
1754999 4369.178035
1755999 4254.359044
1756999 4173.520751
1757999 4018.599646
1758999 4213.996854
1759999 4262.728666
1760999 4225.480561
1761999 4250.275111
1762999 4326.126305
1763999 4170.281416
1764999 4312.311300
1765999 4263.605937
1766999 523.753103
1767999 3988.936086
1768999 4209.428978
1769999 4242.047542
1770999 4333.975091
1771999 4286.899936
1772999 4191.467911
1773999 4256.226986
1774999 4211.122753
1775999 4375.303311
1776999 4367.712236
1777999 4244.422159
1778999 -502.495886
1779999 4346.692887
1780999 4129.604036
1781999 4372.926968
1782999 4282.298225
1783999 4373.770585
1784999 4280.312805
1785999 4164.234313
1786999 4350.735789
1787999 4291.860514
1788999 4380.808450
1789999 4210.067470
1790999 4373.189116
1791999 4262.624760
1792999 4185.462515
1793999 4329.513391
1794999 4407.823731
1795999 4259.329024
1796999 4379.152415
1797999 4165.381358
1798999 4411.265038
1799999 4289.010670
1800999 4268.728816
1801999 4236.035654
1802999 4278.185355
1803999 4239.176641
1804999 4245.995617
1805999 4077.825386
1806999 4292.789953
1807999 4278.838257
1808999 4304.750558
1809999 4379.410315
1810999 4214.032561
1811999 4222.535070
1812999 4036.697455
1813999 4256.789567
1814999 4131.355558
1815999 4341.029493
1816999 4165.882879
1817999 4406.021641
1818999 4243.848010
1819999 4239.338453
1820999 4371.866679
1821999 4281.045259
1822999 4427.909581
1823999 4337.709900
1824999 4256.730768
1825999 4409.345965
1826999 4470.506681
1827999 4438.124754
1828999 4143.290361
1829999 4362.589095
1830999 4518.572853
1831999 4293.487540
1832999 4391.771986
1833999 4204.731772
1834999 1525.922582
1835999 4236.442322
1836999 4309.815039
1837999 4332.923008
1838999 4271.277718
1839999 4197.828514
1840999 4160.859210
1841999 4244.629435
1842999 1703.049974
1843999 -569.917090
1844999 4102.399584
1845999 3979.554272
1846999 4219.054932
1847999 4167.359415
1848999 4260.089970
1849999 4194.562470
1850999 4295.959697
1851999 4281.601643
1852999 4249.597297
1853999 4204.691965
1854999 4301.453460
1855999 4443.915176
1856999 4198.384713
1857999 4195.015873
1858999 3623.236397
1859999 3731.641642
1860999 3764.665875
1861999 3594.946875
1862999 2588.376016
1863999 2688.824550
1864999 4144.810324
1865999 3796.530135
1866999 3974.120407
1867999 3840.562365
1868999 3838.110907
1869999 3827.234403
1870999 3715.489082
1871999 3929.556589
1872999 3958.318153
1873999 3555.390259
1874999 4416.807928
1875999 4073.533657
1876999 4127.761009
1877999 4288.970626
1878999 4146.799020
1879999 3713.734304
1880999 4121.992902
1881999 4089.027500
1882999 4166.405406
1883999 4043.281406
1884999 4123.801270
1885999 2928.179030
1886999 3831.564688
1887999 4241.781225
1888999 3908.126372
1889999 4052.768220
1890999 101.727722
1891999 4188.436493
1892999 3962.152300
1893999 662.336134
1894999 4079.474719
1895999 4135.245559
1896999 4071.483742
1897999 4220.663425
1898999 4095.775757
1899999 4327.200899
1900999 4216.008135
1901999 4361.540959
1902999 4108.289083
1903999 4371.475413
1904999 4065.172092
1905999 4135.064837
1906999 4175.318419
1907999 4116.430889
1908999 4276.265259
1909999 4239.327506
1910999 4119.598557
1911999 4114.391447
1912999 4409.742379
1913999 4268.821910
1914999 4079.064649
1915999 4250.668451
1916999 934.234761
1917999 4079.922869
1918999 4252.004754
1919999 4280.078540
1920999 4250.368183
1921999 4043.403021
1922999 4156.316206
1923999 4226.324472
1924999 4294.647038
1925999 4271.867523
1926999 4194.916720
1927999 4433.088561
1928999 4371.958601
1929999 4386.087041
1930999 4347.849448
1931999 4132.610264
1932999 4393.274435
1933999 4359.443249
1934999 4076.944392
1935999 4192.982176
1936999 4463.702387
1937999 4097.913658
1938999 4167.277143
1939999 4277.570469
1940999 4058.520473
1941999 4220.143219
1942999 4237.878623
1943999 4303.613456
1944999 4230.396048
1945999 4218.416220
1946999 4431.468164
1947999 4331.958054
1948999 4210.194770
1949999 4231.845118
1950999 4124.307612
1951999 4187.740026
1952999 4269.893801
1953999 4228.889257
1954999 4467.861586
1955999 4203.131420
1956999 4352.197356
1957999 4246.461809
1958999 4208.613739
1959999 4179.310025
1960999 4375.617496
1961999 4337.248184
1962999 4323.227287
1963999 4458.212013
1964999 4311.588434
1965999 4048.176095
1966999 4222.054758
1967999 4263.356844
1968999 4243.601914
1969999 4265.284597
1970999 4286.244639
1971999 4463.792731
1972999 4396.338574
1973999 4250.264458
1974999 4296.232697
1975999 4180.743733
1976999 4295.740175
1977999 669.913808
1978999 4463.409823
1979999 -8.428397
1980999 4388.795385
1981999 4210.133338
1982999 4361.589816
1983999 4299.363893
1984999 4322.639865
1985999 4370.919068
1986999 4263.145595
1987999 4227.408183
1988999 4350.118978
1989999 4384.737622
1990999 4330.366104
1991999 4512.199747
1992999 4141.170461
1993999 4312.146770
1994999 4166.647673
1995999 4234.090473
1996999 4285.638841
1997999 4040.673234
1998999 3305.803791
1999999 4095.140052
