999 -316.229065
1999 -299.579145
2999 -382.321731
3999 -308.902405
4999 -357.109008
5999 -291.178087
6999 -285.187795
7999 -324.899825
8999 -422.675233
9999 -415.835680
10999 -282.232199
11999 -257.136049
12999 -375.719376
13999 -375.453663
14999 -306.283994
15999 -248.660228
16999 -132.479730
17999 -175.335522
18999 -164.350756
19999 -166.601249
20999 -168.494147
21999 -258.958733
22999 -205.479896
23999 -179.878497
24999 -168.950118
25999 -174.072274
26999 -128.816284
27999 -32.626942
28999 -50.234102
29999 -55.552198
30999 40.854176
31999 -49.429131
32999 -100.861722
33999 -24.410227
34999 -102.109756
35999 14.400774
36999 -17.414177
37999 57.065366
38999 -34.189502
39999 91.640489
40999 25.638419
41999 102.628689
42999 151.911382
43999 149.584222
44999 108.548367
45999 102.494199
46999 119.837781
47999 202.820682
48999 172.917912
49999 199.541138
50999 216.417826
51999 174.737949
52999 302.259473
53999 209.031413
54999 263.010723
55999 143.140680
56999 -196.686271
57999 368.683355
58999 257.645607
59999 369.057840
60999 222.655868
61999 346.877368
62999 408.245870
63999 401.849832
64999 498.322321
65999 423.143810
66999 417.206824
67999 377.634812
68999 382.714551
69999 399.548743
70999 498.330261
71999 523.141376
72999 436.120564
73999 485.773725
74999 464.859004
75999 476.290802
76999 -138.090155
77999 500.235487
78999 467.274689
79999 517.109492
80999 709.787497
81999 477.908425
82999 583.154751
83999 567.666269
84999 612.589923
85999 526.417250
86999 603.321658
87999 579.601492
88999 502.506399
89999 583.011853
90999 693.251365
91999 750.944084
92999 682.310997
93999 712.864077
94999 138.539452
95999 710.271759
96999 710.481011
97999 681.166727
98999 574.262122
99999 785.221783
100999 790.727314
101999 816.128630
102999 727.577853
103999 711.632850
104999 650.370712
105999 548.325441
106999 807.790121
107999 676.124223
108999 767.728919
109999 713.605577
110999 645.649364
111999 701.024558
112999 822.550842
113999 847.627850
114999 906.699381
115999 790.915315
116999 796.980401
117999 816.269815
118999 903.977050
119999 997.871497
120999 1002.679622
121999 836.170192
122999 719.514309
123999 1079.768955
124999 837.254001
125999 987.105622
126999 -82.682351
127999 -34.582167
128999 996.612058
129999 1041.590316
130999 1022.186042
131999 1074.084154
132999 1031.674320
133999 894.195707
134999 1012.827803
135999 1039.635898
136999 994.600322
137999 1047.567991
138999 642.234580
139999 1088.798938
140999 1170.598167
141999 953.001725
142999 1008.891741
143999 1038.555397
144999 1174.931717
145999 1048.519178
146999 1107.977486
147999 1155.293683
148999 1283.352636
149999 1164.437311
150999 1020.285522
151999 1215.011966
152999 1080.395202
153999 1277.133537
154999 1177.333131
155999 1291.597021
156999 1218.104440
157999 1018.470612
158999 751.837951
159999 1302.975611
160999 1213.986804
161999 1249.769742
162999 1220.223203
163999 1219.381776
164999 1222.252369
165999 1469.653928
166999 843.871762
167999 1273.607791
168999 1183.728952
169999 1353.011859
170999 1403.195587
171999 1276.294694
172999 1406.693296
173999 1202.743210
174999 1385.556076
175999 1220.061079
176999 1372.069278
177999 1470.717033
178999 1451.183861
179999 1513.884885
180999 1325.201850
181999 1529.412253
182999 1384.972335
183999 1647.437293
184999 1555.561291
185999 450.147885
186999 1282.843780
187999 1341.270396
188999 1376.094996
189999 520.355998
190999 1451.993224
191999 1458.080389
192999 1121.915829
193999 1492.320375
194999 370.808959
195999 1615.661569
196999 1416.218515
197999 1410.353176
198999 1497.361736
199999 1530.109228
200999 1423.871102
201999 1459.835186
202999 1563.013912
203999 -108.472078
204999 1762.211933
205999 1514.547762
206999 1507.850915
207999 1601.026342
208999 1701.934991
209999 1541.491265
210999 1641.198399
211999 1548.977191
212999 1826.963170
213999 1665.684346
214999 1616.457036
215999 1768.146967
216999 1677.334443
217999 1531.983423
218999 1687.175890
219999 1619.311342
220999 1631.655197
221999 1836.325190
222999 1700.337734
223999 -34.617294
224999 1655.297217
225999 442.768676
226999 1559.210916
227999 1884.810868
228999 1648.138373
229999 1822.095466
230999 1878.776370
231999 1920.007209
232999 1850.227159
233999 1770.443786
234999 635.343634
235999 1595.828050
236999 1857.334129
237999 1830.467191
238999 1935.128644
239999 935.460738
240999 1787.798359
241999 1833.237432
242999 1846.809044
243999 1655.701937
244999 1700.030043
245999 1921.636516
246999 1890.156368
247999 1668.604506
248999 1967.559750
249999 2024.608308
250999 1826.844077
251999 1896.619152
252999 875.155771
253999 1956.438554
254999 1947.510445
255999 1906.464900
256999 1774.083968
257999 1880.358233
258999 1782.018557
259999 318.885212
260999 442.249719
261999 1765.603388
262999 1989.002217
263999 710.541663
264999 1885.420565
265999 1862.853474
266999 1887.158621
267999 1860.469200
268999 1915.781877
269999 1893.637077
270999 2011.165201
271999 1278.571533
272999 1846.670506
273999 350.384737
274999 1832.480066
275999 538.784648
276999 1772.877238
277999 -251.784843
278999 885.625708
279999 1990.490640
280999 1860.765609
281999 1938.610157
282999 1951.267484
283999 1956.732676
284999 1892.299605
285999 1907.465764
286999 705.175278
287999 2129.718499
288999 146.312353
289999 1977.537755
290999 2049.245758
291999 1987.538268
292999 1810.388912
293999 2011.429868
294999 1966.803271
295999 2113.897676
296999 2033.920925
297999 1933.919345
298999 2102.179286
299999 2174.365296
300999 2062.458517
301999 2087.661945
302999 2111.564507
303999 2058.727440
304999 2003.710850
305999 2332.221701
306999 2080.363513
307999 1198.694424
308999 1840.571591
309999 299.938885
310999 2079.071570
311999 234.273339
312999 2084.008629
313999 2176.947790
314999 220.509811
315999 1357.130835
316999 1991.314784
317999 2179.054475
318999 2046.900890
319999 1938.554315
320999 1836.964699
321999 2085.266957
322999 2075.279562
323999 -63.522549
324999 2043.220703
325999 2019.530702
326999 871.434700
327999 1848.687833
328999 2183.019804
329999 2120.161305
330999 2148.260230
331999 1046.173998
332999 2235.261261
333999 2169.652042
334999 485.432994
335999 1881.774763
336999 2197.560160
337999 2179.455489
338999 244.353345
339999 2276.251523
340999 2183.267055
341999 1248.849077
342999 318.737581
343999 2133.680003
344999 273.193179
345999 1140.034415
346999 661.322993
347999 2082.692556
348999 2444.180057
349999 2246.693375
350999 2140.599178
351999 2123.341734
352999 2224.410110
353999 2232.553947
354999 2324.051825
355999 126.607457
356999 2407.771803
357999 0.917655
358999 2178.175497
359999 2230.581606
360999 304.325058
361999 1702.228488
362999 2475.126571
363999 2418.886017
364999 1239.696175
365999 1340.950676
366999 2191.699110
367999 2310.418438
368999 2198.328557
369999 1446.184802
370999 1108.582972
371999 1912.402016
372999 1962.159191
373999 2035.785699
374999 2048.427645
375999 1956.355959
376999 1954.386603
377999 1977.899203
378999 1955.922386
379999 948.181000
380999 2094.066555
381999 280.356849
382999 1940.595604
383999 2137.913318
384999 2033.811772
385999 2161.236140
386999 1953.356948
387999 2385.246304
388999 2114.654203
389999 2101.749593
390999 2148.696547
391999 385.775954
392999 106.184631
393999 2246.759221
394999 2246.541720
395999 2095.569667
396999 1897.174475
397999 1917.300348
398999 2003.296107
399999 80.085201
400999 2361.772431
401999 2294.340543
402999 2150.923208
403999 2127.528476
404999 1904.453621
405999 2138.957641
406999 2147.178517
407999 542.744695
408999 2015.829420
409999 2182.054061
410999 1815.897756
411999 2077.885103
412999 2364.224422
413999 2015.956217
414999 2080.244166
415999 2201.267759
416999 2243.207236
417999 722.788456
418999 562.017141
419999 2109.597547
420999 2042.216918
421999 2221.685630
422999 2241.720086
423999 2133.272556
424999 2165.052953
425999 -64.235446
426999 2274.692469
427999 2078.281819
428999 2174.127237
429999 2174.223423
430999 2090.093466
431999 2189.259221
432999 2210.830235
433999 1907.640357
434999 2124.148985
435999 2304.995399
436999 2164.083508
437999 2153.205494
438999 1068.333791
439999 2226.249875
440999 2071.063628
441999 2412.272122
442999 2315.079022
443999 2100.450753
444999 2137.860106
445999 2298.137644
446999 2133.476947
447999 2289.553958
448999 2113.058117
449999 2268.611231
450999 2134.364547
451999 2311.740123
452999 2239.716216
453999 2123.322695
454999 1922.123729
455999 2353.076014
456999 2102.399852
457999 2590.188793
458999 2324.476864
459999 2112.834610
460999 2328.274616
461999 2197.839669
462999 2341.422452
463999 957.424244
464999 1481.852762
465999 2170.249645
466999 2316.669100
467999 2215.751819
468999 2445.263277
469999 2494.813007
470999 2450.041548
471999 2321.251259
472999 2320.047997
473999 2094.235449
474999 2103.011828
475999 2304.933732
476999 2334.805461
477999 2305.220639
478999 2134.399847
479999 2359.172450
480999 2152.876286
481999 2347.289948
482999 2183.808989
483999 2119.936339
484999 2422.308703
485999 2386.539235
486999 2281.384986
487999 2326.865481
488999 2135.463321
489999 2372.418837
490999 2404.340180
491999 2220.866497
492999 2505.297751
493999 2198.954258
494999 2315.727685
495999 2102.646160
496999 2414.854774
497999 2219.817914
498999 2314.256323
499999 2317.603441
500999 2360.773079
501999 2517.587889
502999 2446.229337
503999 2469.444027
504999 2523.246989
505999 2053.192098
506999 2377.697098
507999 2350.518432
508999 2542.756519
509999 2285.065268
510999 2571.034793
511999 2334.201541
512999 426.948164
513999 2541.750453
514999 2517.833111
515999 2324.782226
516999 2373.325985
517999 2554.088347
518999 2450.258178
519999 725.285873
520999 2414.208774
521999 2334.392734
522999 2483.662027
523999 2437.987678
524999 2463.358135
525999 2443.723115
526999 2259.824902
527999 2407.785768
528999 2418.172657
529999 2457.387298
530999 2574.201220
531999 2505.295116
532999 1500.488428
533999 2498.475738
534999 2581.593590
535999 963.301346
536999 2432.325598
537999 2538.558610
538999 2653.845360
539999 2505.938455
540999 2560.583673
541999 2458.352413
542999 2560.014697
543999 2119.569797
544999 2631.411993
545999 2699.974107
546999 2601.322703
547999 2554.572273
548999 2461.569147
549999 1480.681686
550999 2501.904167
551999 2342.461113
552999 2635.287046
553999 2584.698927
554999 2699.737091
555999 2612.275520
556999 2382.237650
557999 2618.756603
558999 2576.355937
559999 2498.003015
560999 2801.466611
561999 2434.998232
562999 2721.883812
563999 2423.787761
564999 2517.122527
565999 2559.656240
566999 2562.242087
567999 2607.362411
568999 2694.738673
569999 2601.949540
570999 2532.011272
571999 2639.511018
572999 2380.980412
573999 -186.641684
574999 2681.342368
575999 2689.575567
576999 2690.901524
577999 2491.041116
578999 2355.742863
579999 2472.419706
580999 2557.101514
581999 2827.985030
582999 1510.323537
583999 2687.888777
584999 2510.030595
585999 2576.373942
586999 2769.094187
587999 2739.458635
588999 2579.067892
589999 2541.830293
590999 2484.818636
591999 2729.514252
592999 2587.293068
593999 2721.076629
594999 2685.137817
595999 2642.796181
596999 2619.583518
597999 -55.106290
598999 2486.986177
599999 2654.818286
600999 2532.830869
601999 2730.722698
602999 2826.012232
603999 2524.904935
604999 2612.392417
605999 2804.782145
606999 2726.122056
607999 2741.762146
608999 2641.771453
609999 2628.066532
610999 2875.882327
611999 2812.934224
612999 2690.028008
613999 2876.432665
614999 2684.162921
615999 2742.726486
616999 470.925236
617999 2459.787253
618999 2740.412330
619999 2889.269384
620999 2865.933993
621999 2729.646125
622999 2968.763406
623999 2818.423549
624999 2767.452068
625999 1390.019074
626999 2700.555985
627999 2730.199164
628999 2796.730449
629999 2166.729010
630999 2813.312892
631999 2878.295573
632999 725.737567
633999 2670.608319
634999 1823.228768
635999 2938.304156
636999 2936.311111
637999 2893.301584
638999 2662.984987
639999 2911.978326
640999 188.847128
641999 2847.892739
642999 2652.935979
643999 2126.552244
644999 2743.856316
645999 2803.558439
646999 2872.752499
647999 2754.563994
648999 2921.698786
649999 3042.329111
650999 1559.541261
651999 1920.194450
652999 2464.299701
653999 2776.802446
654999 2891.553474
655999 2524.670461
656999 2705.810517
657999 2934.540344
658999 2765.031022
659999 3068.818143
660999 2683.658347
661999 2716.604264
662999 2876.625322
663999 2820.471766
664999 2930.316651
665999 2898.893418
666999 680.729491
667999 2859.829465
668999 2871.580115
669999 2953.445543
670999 2999.014616
671999 2720.728419
672999 2970.158346
673999 2756.435296
674999 199.946891
675999 819.468518
676999 2871.207490
677999 2695.435847
678999 1739.573159
679999 2936.039831
680999 3019.781277
681999 2967.674019
682999 2915.566310
683999 2912.602877
684999 2813.985292
685999 2896.532094
686999 2957.847030
687999 2952.904305
688999 2715.310147
689999 2907.050817
690999 2826.360436
691999 2989.110317
692999 2726.800933
693999 1025.073421
694999 2927.555606
695999 2851.620301
696999 2878.001192
697999 2173.294853
698999 2879.378898
699999 3023.760642
700999 2963.188221
701999 2827.225722
702999 2847.342027
703999 3080.945338
704999 3202.868994
705999 2862.286939
706999 2623.191593
707999 2928.746662
708999 2830.231148
709999 2909.072036
710999 2937.998059
711999 2927.779162
712999 2989.579051
713999 3169.635750
714999 2838.079144
715999 3117.020412
716999 2770.660578
717999 2467.974638
718999 2208.010460
719999 1048.853412
720999 2658.355773
721999 2553.083452
722999 2396.758299
723999 2678.270185
724999 2679.293491
725999 2433.448057
726999 2423.449340
727999 2441.929209
728999 2456.637187
729999 2336.245167
730999 2576.986946
731999 2415.974724
732999 2391.861920
733999 2416.268972
734999 2546.542671
735999 2446.248025
736999 2368.185757
737999 2661.558528
738999 2612.581686
739999 2776.246505
740999 2612.421363
741999 2763.685746
742999 2740.173088
743999 2570.823918
744999 2667.851575
745999 2880.834982
746999 2520.521299
747999 2641.264408
748999 2813.984755
749999 2800.022475
750999 2781.341142
751999 2667.454055
752999 2786.666757
753999 2578.384375
754999 2756.423023
755999 2725.897932
756999 2953.763691
757999 2880.604041
758999 2757.000744
759999 2728.385144
760999 2835.050522
761999 2819.409468
762999 2939.284835
763999 2870.867013
764999 2916.064123
765999 2924.890827
766999 2853.946014
767999 2857.255298
768999 2889.381846
769999 2894.901242
770999 2759.175983
771999 2996.920635
772999 2993.324810
773999 1842.657129
774999 2998.823694
775999 2896.429981
776999 2585.292745
777999 2908.368959
778999 2871.602823
779999 2870.602587
780999 2979.899257
781999 2935.694746
782999 2906.755722
783999 3066.650952
784999 2910.357496
785999 3203.520934
786999 2905.698493
787999 2848.861159
788999 2997.079134
789999 2885.041794
790999 3025.046234
791999 2886.290335
792999 3247.622012
793999 3186.368510
794999 3036.056229
795999 3021.912104
796999 3118.335912
797999 834.170061
798999 2980.188703
799999 2829.106756
800999 3002.512517
801999 3107.652510
802999 2875.528044
803999 3193.978226
804999 2819.144154
805999 2858.470170
806999 2935.811030
807999 2899.844129
808999 3193.445933
809999 2918.246870
810999 3075.307518
811999 3103.649223
812999 620.631703
813999 2829.537259
814999 3081.734874
815999 3037.828256
816999 2842.282241
817999 2885.853602
818999 2927.921352
819999 2910.377034
820999 2890.245400
821999 2858.008724
822999 2852.325717
823999 3103.274860
824999 2936.269615
825999 3064.963124
826999 2951.078819
827999 2956.618733
828999 2871.796034
829999 2994.934574
830999 3096.379351
831999 2964.897141
832999 2901.383866
833999 3007.020483
834999 3183.293821
835999 3114.030608
836999 3010.660820
837999 2926.365640
838999 3044.284319
839999 3133.856935
840999 2922.227364
841999 3158.042837
842999 2939.968897
843999 3024.035481
844999 3141.995289
845999 2981.681026
846999 2962.866278
847999 2776.605283
848999 3192.734460
849999 2024.482440
850999 2913.728942
851999 3031.835433
852999 3034.537976
853999 3090.141042
854999 3061.008994
855999 3018.642308
856999 3039.568459
857999 1232.180108
858999 3060.872697
859999 3113.432149
860999 3103.776088
861999 3146.540513
862999 2833.025889
863999 2991.292431
864999 2822.781976
865999 2865.288529
866999 2948.193644
867999 2664.277416
868999 2827.080741
869999 2614.980585
870999 2841.035196
871999 2841.219961
872999 2820.775932
873999 2879.354214
874999 2985.981141
875999 2887.080626
876999 3074.387925
877999 3100.937093
878999 2808.522391
879999 3010.755906
880999 2920.845037
881999 3027.889384
882999 2782.225729
883999 2951.463705
884999 3033.464822
885999 2906.799121
886999 3045.681941
887999 3050.768571
888999 2946.804798
889999 3085.665590
890999 2970.560195
891999 3105.335468
892999 3237.570746
893999 2993.879520
894999 3099.750948
895999 3002.389321
896999 3087.060772
897999 3264.698960
898999 3018.045635
899999 3072.770991
900999 3240.092686
901999 3174.318768
902999 2949.194095
903999 3075.745897
904999 2996.309365
905999 3005.113797
906999 3185.993385
907999 3027.156153
908999 3097.773540
909999 3023.119315
910999 2913.820490
911999 3110.125793
912999 3163.114559
913999 3071.248901
914999 3231.511287
915999 2887.922310
916999 3059.613980
917999 3079.134089
918999 3207.317714
919999 3310.113786
920999 3142.019309
921999 3116.633062
922999 3291.719586
923999 3144.274873
924999 3244.532319
925999 3226.207306
926999 3332.119295
927999 2929.872110
928999 3366.326314
929999 3111.074413
930999 3142.857582
931999 3004.846626
932999 3294.251978
933999 3184.462415
934999 3163.191736
935999 3094.779124
936999 3200.637471
937999 2970.062586
938999 3313.027285
939999 3198.424660
940999 3233.760420
941999 2983.904152
942999 3331.410872
943999 3169.621151
944999 3010.850459
945999 3342.223273
946999 3234.606688
947999 3126.434563
948999 3420.081107
949999 3159.802101
950999 3275.928748
951999 3185.688293
952999 3108.254853
953999 3454.274210
954999 3286.626577
955999 3084.993210
956999 3243.962105
957999 3329.152261
958999 3216.261537
959999 3212.123056
960999 3072.029645
961999 3050.307012
962999 3321.506327
963999 3304.617924
964999 3237.781467
965999 3185.043007
966999 3083.363835
967999 3283.340479
968999 3361.922295
969999 3236.510362
970999 3349.981873
971999 3203.671180
972999 2743.353788
973999 3312.150019
974999 3233.713770
975999 3199.628420
976999 3127.421627
977999 3230.968559
978999 3343.198465
979999 3136.800812
980999 3186.464915
981999 3362.973747
982999 3275.919408
983999 3259.771898
984999 3305.557331
985999 3220.744327
986999 3341.402109
987999 3574.516944
988999 3171.599148
989999 3446.560479
990999 3431.203188
991999 3230.464686
992999 3314.049806
993999 3421.717052
994999 3289.882509
995999 3041.439638
996999 3317.923528
997999 3248.181198
998999 3292.575580
999999 3427.035682
1000999 3134.989824
1001999 3592.740138
1002999 3276.654333
1003999 2940.393877
1004999 3105.044305
1005999 3021.773923
1006999 758.025426
1007999 3214.284353
1008999 3024.943183
1009999 3296.041879
1010999 3309.264157
1011999 2961.388800
1012999 3171.565984
1013999 3072.214391
1014999 3262.843458
1015999 3222.658620
1016999 3536.832538
1017999 3254.424616
1018999 3204.588306
1019999 3327.600451
1020999 3276.168038
1021999 3357.195192
1022999 3143.429384
1023999 3178.095776
1024999 3085.779331
1025999 3346.504081
1026999 3318.168149
1027999 3360.211423
1028999 3277.479973
1029999 1599.129213
1030999 3336.681061
1031999 621.311020
1032999 3505.272596
1033999 3463.814341
1034999 3232.805354
1035999 3469.435406
1036999 3197.333986
1037999 3432.776476
1038999 1355.526771
1039999 3259.997795
1040999 3294.456699
1041999 3343.235470
1042999 3312.014550
1043999 3319.877947
1044999 2865.665544
1045999 3047.173908
1046999 3075.642806
1047999 3161.422044
1048999 3267.050910
1049999 3114.862584
1050999 3237.849328
1051999 3103.283565
1052999 3229.246696
1053999 3235.201508
1054999 3224.203919
1055999 3150.900289
1056999 3457.609620
1057999 3109.733405
1058999 3331.192369
1059999 3066.837588
1060999 3259.990308
1061999 3308.371195
1062999 3241.967293
1063999 3170.327931
1064999 3361.600949
1065999 3340.742639
1066999 3148.009535
1067999 3270.602106
1068999 3284.119032
1069999 3042.640826
1070999 3192.318934
1071999 3076.537559
1072999 3136.657239
1073999 3068.715273
1074999 3224.443190
1075999 3203.682885
1076999 3062.111489
1077999 3055.658473
1078999 3219.662109
1079999 3125.969340
1080999 3199.628949
1081999 3226.355964
1082999 3161.160111
1083999 3204.567446
1084999 3265.218623
1085999 3075.998820
1086999 3211.204778
1087999 3130.052228
1088999 3217.651475
1089999 3014.017781
1090999 3072.053623
1091999 3195.508827
1092999 3247.132380
1093999 3100.825462
1094999 3159.751852
1095999 810.329840
1096999 3233.647435
1097999 2974.041702
1098999 3247.065089
1099999 3350.705526
1100999 3264.490626
1101999 3210.363317
1102999 3198.935064
1103999 3382.538279
1104999 3065.608749
1105999 3297.605576
1106999 3362.169316
1107999 3233.972401
1108999 3252.192687
1109999 3069.378421
1110999 3012.051656
1111999 3334.335909
1112999 3198.627826
1113999 3079.047022
1114999 3148.133767
1115999 3206.993583
1116999 3353.207679
1117999 3155.737635
1118999 3437.940853
1119999 3350.965491
1120999 3395.496205
1121999 3216.464683
1122999 3090.477536
1123999 3396.271272
1124999 3358.993015
1125999 274.091622
1126999 3397.899099
1127999 3394.955270
1128999 3425.429919
1129999 3438.005187
1130999 3084.791328
1131999 3404.316856
1132999 3229.183780
1133999 3497.153571
1134999 3293.292612
1135999 3593.633038
1136999 3212.707175
1137999 3415.737602
1138999 3450.387908
1139999 3392.592416
1140999 3336.790685
1141999 3334.658089
1142999 3499.601617
1143999 3624.778307
1144999 3365.002768
1145999 3274.899302
1146999 3232.103867
1147999 3442.448291
1148999 3492.305045
1149999 3037.905455
1150999 3309.669653
1151999 3341.605112
1152999 3272.951850
1153999 3399.676018
1154999 3283.789884
1155999 3431.485933
1156999 3305.169200
1157999 3219.419627
1158999 3390.108101
1159999 3111.795452
1160999 3349.937464
1161999 3055.173230
1162999 3474.490106
1163999 3401.415583
1164999 3415.004802
1165999 3433.324298
1166999 3288.801393
1167999 3346.348373
1168999 3392.234653
1169999 3565.077964
1170999 3403.940554
1171999 3615.022305
1172999 3381.120824
1173999 3533.460619
1174999 3344.883220
1175999 3306.339204
1176999 3304.443529
1177999 3480.511182
1178999 3456.187511
1179999 3364.826939
1180999 3289.916778
1181999 3446.655056
1182999 3386.112593
1183999 3460.910696
1184999 3517.818177
1185999 3482.578166
1186999 3256.000794
1187999 3478.558988
1188999 3482.149958
1189999 3209.023706
1190999 3390.746969
1191999 3529.011823
1192999 3588.926863
1193999 3489.861810
1194999 3438.782804
1195999 1116.500204
1196999 3397.152233
1197999 3357.402245
1198999 3171.836230
1199999 3361.375856
1200999 3340.634087
1201999 3455.753265
1202999 3507.285052
1203999 3568.057552
1204999 3346.926164
1205999 3232.624669
1206999 3376.720032
1207999 3731.952237
1208999 3420.081180
1209999 3576.531476
1210999 3413.771000
1211999 3481.550613
1212999 3407.624248
1213999 3469.116696
1214999 3466.030055
1215999 3280.489427
1216999 3426.415520
1217999 3499.307915
1218999 3616.366079
1219999 3253.828869
1220999 3676.228925
1221999 3361.605130
1222999 3530.328087
1223999 3335.659614
1224999 3411.482536
1225999 3200.308200
1226999 3323.519313
1227999 3243.391896
1228999 3504.771036
1229999 3315.976398
1230999 3376.082807
1231999 3493.387288
1232999 3579.041806
1233999 3229.574362
1234999 3469.019693
1235999 3487.156247
1236999 3420.625715
1237999 3275.763591
1238999 3417.411328
1239999 3443.182661
1240999 3342.343846
1241999 3225.895773
1242999 3225.246614
1243999 3301.911962
1244999 3448.133575
1245999 3211.626644
1246999 3213.178197
1247999 3298.518227
1248999 3053.022236
1249999 3364.683753
1250999 3020.501142
1251999 3305.456461
1252999 3403.302680
1253999 3444.774187
1254999 3284.488890
1255999 3190.295623
1256999 3326.924400
1257999 3312.189707
1258999 3258.001751
1259999 3356.410052
1260999 3219.326655
1261999 3577.327641
1262999 3315.982873
1263999 3422.094588
1264999 3330.806458
1265999 3255.147203
1266999 3430.847686
1267999 3457.069848
1268999 3133.337268
1269999 3212.027901
1270999 3181.306025
1271999 3118.238481
1272999 3369.549007
1273999 3202.060193
1274999 3292.540702
1275999 3449.516603
1276999 973.349765
1277999 3256.345453
1278999 2883.851631
1279999 3406.078509
1280999 3395.695152
1281999 3275.786742
1282999 3268.342561
1283999 3259.527399
1284999 3083.876037
1285999 3117.909052
1286999 3288.621064
1287999 1215.689953
1288999 3405.375885
1289999 3153.491687
1290999 3383.289183
1291999 3283.246426
1292999 3084.818140
1293999 3473.709933
1294999 3287.894090
1295999 3307.019763
1296999 3330.513488
1297999 3421.747663
1298999 3371.811301
1299999 3308.194518
1300999 3409.832464
1301999 3488.252854
1302999 3346.231595
1303999 3086.625139
1304999 3343.260571
1305999 3466.842406
1306999 3337.872530
1307999 3514.428882
1308999 3371.300320
1309999 3077.096082
1310999 3570.802114
1311999 3400.581675
1312999 3290.295515
1313999 3200.973799
1314999 3312.930015
1315999 3459.188334
1316999 3486.972379
1317999 3407.023418
1318999 3446.027420
1319999 3536.225616
1320999 3181.798090
1321999 3352.064943
1322999 3382.255710
1323999 3529.204037
1324999 3553.273671
1325999 3531.763647
1326999 3008.704441
1327999 3525.376718
1328999 3339.483272
1329999 3478.111178
1330999 3145.645925
1331999 3539.252223
1332999 3454.183833
1333999 3354.341514
1334999 3300.689598
1335999 3211.415442
1336999 3176.124164
1337999 1593.139592
1338999 3623.875348
1339999 3285.893662
1340999 3567.886157
1341999 3570.775515
1342999 3488.177424
1343999 3379.898857
1344999 3200.208472
1345999 2857.951829
1346999 3274.843268
1347999 2997.788331
1348999 2823.132409
1349999 3485.923229
1350999 1771.371162
1351999 3051.874996
1352999 3126.319605
1353999 2963.831000
1354999 2694.335148
1355999 3154.262348
1356999 2921.268172
1357999 3233.290978
1358999 3128.970365
1359999 3061.909773
1360999 3151.813706
1361999 3130.239817
1362999 3153.099234
1363999 2999.495921
1364999 3176.891183
1365999 3269.735805
1366999 3172.668041
1367999 3188.773530
1368999 3277.745940
1369999 3313.685914
1370999 3122.019462
1371999 2918.917849
1372999 3447.869505
1373999 2861.653868
1374999 3239.818531
1375999 3281.336104
1376999 3343.150943
1377999 3141.399614
1378999 3232.898740
1379999 3275.001996
1380999 3135.817624
1381999 3630.350333
1382999 3109.368503
1383999 3194.324645
1384999 3371.585737
1385999 3312.947612
1386999 3497.043978
1387999 3324.048788
1388999 3463.164361
1389999 3381.685493
1390999 3405.963532
1391999 3518.525120
1392999 3306.879866
1393999 3392.673867
1394999 3318.561120
1395999 3291.048375
1396999 3469.002604
1397999 3137.630899
1398999 3259.678142
1399999 3315.600121
1400999 3095.259850
1401999 3456.442896
1402999 3387.857416
1403999 3213.480457
1404999 1072.878256
1405999 3733.647996
1406999 3574.474407
1407999 3525.773588
1408999 3248.358781
1409999 3389.697985
1410999 3307.202206
1411999 3320.368515
1412999 3275.457108
1413999 3045.662671
1414999 427.446958
1415999 3477.735241
1416999 3499.431769
1417999 3329.729348
1418999 3583.237692
1419999 3493.782860
1420999 3387.943316
1421999 3449.320717
1422999 3369.661127
1423999 3560.858191
1424999 338.281544
1425999 3442.401341
1426999 3195.418137
1427999 3474.393064
1428999 3502.153448
1429999 2487.238114
1430999 3471.849734
1431999 3312.672852
1432999 3368.093989
1433999 3407.191154
1434999 3486.243405
1435999 3526.655005
1436999 1576.933474
1437999 3314.668057
1438999 3559.800123
1439999 3607.082180
1440999 3579.369021
1441999 3845.384878
1442999 3446.232044
1443999 3568.782965
1444999 3178.381421
1445999 3434.556057
1446999 3311.694071
1447999 3524.473186
1448999 3375.466186
1449999 3491.339289
1450999 3437.925715
1451999 3182.626423
1452999 3399.652041
1453999 3237.986125
1454999 3555.095215
1455999 3645.946492
1456999 3630.115713
1457999 3656.417291
1458999 3490.797839
1459999 3565.923018
1460999 3229.277725
1461999 3608.960625
1462999 3454.999963
1463999 3527.238883
1464999 3305.151962
1465999 3561.574476
1466999 3504.277984
1467999 3464.367641
1468999 3449.079528
1469999 3689.586978
1470999 3510.252863
1471999 3331.854290
1472999 3589.060058
1473999 3662.717971
1474999 3613.384129
1475999 3759.175241
1476999 3530.083475
1477999 3565.894095
1478999 3698.020607
1479999 3758.131321
1480999 3345.051314
1481999 3414.014986
1482999 3435.400105
1483999 3527.537749
1484999 3601.934416
1485999 3543.434486
1486999 3505.601093
1487999 3635.850746
1488999 3583.070022
1489999 3484.520579
1490999 3092.446801
1491999 3431.810588
1492999 3721.695928
1493999 3515.748967
1494999 3784.415081
1495999 3497.981410
1496999 3645.687857
1497999 3692.602790
1498999 3549.028589
1499999 3531.580126
1500999 3704.341316
1501999 3674.443458
1502999 3641.649759
1503999 3646.215183
1504999 3565.447390
1505999 3848.079723
1506999 3604.140235
1507999 3548.242031
1508999 3732.523196
1509999 3825.677844
1510999 3721.246626
1511999 3639.677565
1512999 3537.129718
1513999 3781.991074
1514999 3960.894219
1515999 3627.193341
1516999 3616.412229
1517999 3779.974969
1518999 3733.101176
1519999 3603.009571
1520999 3800.047883
1521999 3686.988715
1522999 3869.652826
1523999 3887.453240
1524999 3579.708469
1525999 3878.013716
1526999 3849.805807
1527999 3868.443716
1528999 3768.483363
1529999 3651.435467
1530999 3782.811790
1531999 3842.247394
1532999 3678.431189
1533999 3713.610167
1534999 3732.255379
1535999 3633.524418
1536999 1985.237400
1537999 2634.768105
1538999 2766.993294
1539999 2616.832488
1540999 2501.088211
1541999 2679.524470
1542999 2751.397685
1543999 2753.827179
1544999 2558.891540
1545999 2909.954402
1546999 2527.455382
1547999 3027.289313
1548999 2663.077038
1549999 3359.364349
1550999 2689.055110
1551999 2723.384329
1552999 2589.025097
1553999 2573.620240
1554999 2357.180069
1555999 2223.019241
1556999 2529.426591
1557999 2498.036570
1558999 2639.375394
1559999 2369.300857
1560999 2463.268427
1561999 1502.874115
1562999 2273.164042
1563999 2645.498443
1564999 2146.211862
1565999 1778.723311
1566999 2522.960050
1567999 2454.657189
1568999 2419.435236
1569999 2066.635929
1570999 2310.567134
1571999 2326.418955
1572999 2506.046729
1573999 2145.027172
1574999 2584.186636
1575999 2353.296787
1576999 2735.746182
1577999 2177.011405
1578999 2677.169514
1579999 2454.301220
1580999 2234.422408
1581999 1731.428227
1582999 3105.177375
1583999 2960.501567
1584999 2519.833483
1585999 2914.360535
1586999 2829.143663
1587999 2515.565498
1588999 3050.597296
1589999 3165.390236
1590999 3150.808157
1591999 3051.358184
1592999 2691.789556
1593999 3193.045772
1594999 3152.659141
1595999 2811.967687
1596999 1540.575779
1597999 2683.894207
1598999 3065.262556
1599999 2773.569456
1600999 3193.599874
1601999 3332.678643
1602999 3200.381539
1603999 2975.559837
1604999 2920.295177
1605999 3173.622846
1606999 2715.430344
1607999 2990.405882
1608999 2786.452939
1609999 2653.727758
1610999 3077.872287
1611999 2683.847464
1612999 3092.159123
1613999 2813.457581
1614999 3461.898126
1615999 3123.238644
1616999 3148.125331
1617999 3215.246497
1618999 3387.544994
1619999 2993.726507
1620999 2670.000078
1621999 3104.956365
1622999 3016.917901
1623999 3018.137829
1624999 3396.956919
1625999 3348.501503
1626999 760.080295
1627999 3207.860455
1628999 2818.778484
1629999 3192.080163
1630999 3172.637063
1631999 3492.401585
1632999 2987.335939
1633999 3446.295610
1634999 3585.008272
1635999 3415.061588
1636999 3562.117305
1637999 3538.522566
1638999 3366.059678
1639999 3409.680693
1640999 3319.899686
1641999 3367.150342
1642999 3467.710597
1643999 3014.082557
1644999 3322.616898
1645999 3431.077800
1646999 3071.072373
1647999 3110.724542
1648999 3180.583676
1649999 3307.062956
1650999 3365.243220
1651999 3274.913365
1652999 3564.592193
1653999 3280.041453
1654999 3434.757569
1655999 3453.316060
1656999 3414.172006
1657999 3454.247397
1658999 3619.220181
1659999 3394.353822
1660999 3640.504997
1661999 3764.280282
1662999 3361.055311
1663999 3578.965150
1664999 3511.693688
1665999 3449.916843
1666999 3402.154397
1667999 3529.559038
1668999 3568.349248
1669999 3583.252321
1670999 3520.615702
1671999 3686.020391
1672999 3447.706236
1673999 3573.361543
1674999 3733.309241
1675999 3718.531216
1676999 3719.516002
1677999 3361.929914
1678999 3655.819713
1679999 3599.111126
1680999 3648.322883
1681999 3450.152555
1682999 3346.199861
1683999 3418.940116
1684999 3626.367627
1685999 3291.648434
1686999 3647.876594
1687999 3609.721193
1688999 3682.576283
1689999 3523.402997
1690999 3692.640995
1691999 3693.265788
1692999 3661.013032
1693999 3477.127360
1694999 3680.630578
1695999 3627.312268
1696999 3354.599948
1697999 3634.970267
1698999 3733.686063
1699999 3321.957000
1700999 3505.916387
1701999 3501.372257
1702999 3530.346116
1703999 3545.873248
1704999 3663.005267
1705999 3656.573080
1706999 3464.456538
1707999 3603.866158
1708999 3509.246891
1709999 3614.812100
1710999 3351.223384
1711999 3670.429244
1712999 3470.825598
1713999 1779.657703
1714999 3339.205672
1715999 3581.226249
1716999 3447.299620
1717999 3572.691294
1718999 3546.312870
1719999 3396.258710
1720999 3694.491527
1721999 3334.598088
1722999 3251.268707
1723999 3466.818567
1724999 3668.455547
1725999 3696.857070
1726999 3581.324152
1727999 3514.157125
1728999 3369.632844
1729999 3536.508210
1730999 3541.408252
1731999 3480.908146
1732999 3680.865365
1733999 3669.112176
1734999 3442.903143
1735999 3630.086364
1736999 3334.323687
1737999 3545.502604
1738999 3457.265462
1739999 3502.477320
1740999 3725.599090
1741999 3598.978740
1742999 3768.040500
1743999 3522.010661
1744999 3457.164685
1745999 3558.700224
1746999 3488.561633
1747999 3618.559364
1748999 3650.093792
1749999 3635.009451
1750999 3811.073921
1751999 3571.154480
1752999 3837.128732
1753999 3698.023807
1754999 3490.376285
1755999 3474.441821
1756999 3577.408390
1757999 3599.349330
1758999 3605.247119
1759999 3661.193419
1760999 3747.145449
1761999 3479.076726
1762999 3556.706191
1763999 84.695380
1764999 3634.174265
1765999 3465.693720
1766999 3519.797507
1767999 3453.085966
1768999 3559.400000
1769999 3672.446171
1770999 3617.486026
1771999 3594.894185
1772999 3486.388017
1773999 3354.103840
1774999 3561.655060
1775999 3578.672610
1776999 3642.954262
1777999 3630.518304
1778999 3728.959187
1779999 3421.609870
1780999 3415.349795
1781999 3564.520595
1782999 3845.401239
1783999 3560.473701
1784999 3581.331232
1785999 3694.325050
1786999 -133.619130
1787999 3565.481752
1788999 3652.925135
1789999 3651.672668
1790999 3689.514252
1791999 3628.027183
1792999 3673.744841
1793999 3655.017621
1794999 3772.613885
1795999 3504.473545
1796999 3438.857391
1797999 3421.341598
1798999 3806.147220
1799999 3341.312860
1800999 3384.347689
1801999 3599.309727
1802999 3299.134723
1803999 3222.463406
1804999 3596.437312
1805999 3514.465842
1806999 3372.061014
1807999 3760.730131
1808999 3591.282254
1809999 3550.258635
1810999 3229.047492
1811999 3416.855309
1812999 3582.296295
1813999 3625.715889
1814999 3438.940748
1815999 3780.784394
1816999 3706.739148
1817999 3527.959454
1818999 3491.696020
1819999 3179.113990
1820999 3161.104201
1821999 3730.207939
1822999 3370.071536
1823999 3531.920890
1824999 3694.021042
1825999 2517.686010
1826999 3432.602747
1827999 3731.323346
1828999 3568.586342
1829999 3742.196255
1830999 3618.892395
1831999 3558.049780
1832999 3721.543795
1833999 3675.812411
1834999 3748.347355
1835999 3562.133274
1836999 3839.686991
1837999 3632.720517
1838999 3737.930546
1839999 3753.456153
1840999 3814.473988
1841999 3633.350843
1842999 3551.589447
1843999 3530.237412
1844999 3582.216312
1845999 3587.960975
1846999 3168.254235
1847999 3486.599046
1848999 3560.818492
1849999 3740.852662
1850999 3781.032574
1851999 3735.579818
1852999 3480.147811
1853999 3922.474451
1854999 3676.725037
1855999 3709.262304
1856999 3625.350934
1857999 3636.393093
1858999 3706.956539
1859999 3650.991526
1860999 145.871276
1861999 3691.067904
1862999 3643.169587
1863999 3638.366655
1864999 3623.277672
1865999 3775.612788
1866999 3693.569788
1867999 3713.431300
1868999 3657.379526
1869999 3633.771641
1870999 3540.683324
1871999 3620.424148
1872999 3843.622064
1873999 3804.882483
1874999 3636.762269
1875999 3961.886004
1876999 3723.278584
1877999 3994.737886
1878999 3808.493990
1879999 3771.219895
1880999 3831.033658
1881999 3824.766294
1882999 3847.487326
1883999 3700.956403
1884999 3651.473302
1885999 3709.561517
1886999 4027.376211
1887999 1341.017422
1888999 3804.035291
1889999 3728.605044
1890999 3876.329394
1891999 3743.524878
1892999 3965.541269
1893999 3892.540247
1894999 3835.189571
1895999 3838.932408
1896999 3855.152376
1897999 3887.139929
1898999 3988.085331
1899999 3907.777403
1900999 3690.457435
1901999 3796.722135
1902999 3653.443841
1903999 3717.881700
1904999 3813.835413
1905999 3800.052171
1906999 3804.956064
1907999 3832.252952
1908999 3710.197125
1909999 3824.581505
1910999 3715.315005
1911999 3845.886022
1912999 3797.552945
1913999 3821.024264
1914999 3853.429718
1915999 4002.059282
1916999 3798.349831
1917999 3727.204651
1918999 3899.724762
1919999 3538.163337
1920999 3897.416906
1921999 3553.508311
1922999 3714.756894
1923999 3657.271827
1924999 3880.077920
1925999 3697.537910
1926999 3812.160444
1927999 3473.113339
1928999 3743.123243
1929999 3835.807025
1930999 3726.148650
1931999 3768.412453
1932999 3716.518052
1933999 3835.293589
1934999 3645.208677
1935999 3936.280301
1936999 3809.760866
1937999 3732.989649
1938999 3916.261166
1939999 3885.547142
1940999 3843.385952
1941999 3725.762228
1942999 3665.360514
1943999 3961.297174
1944999 3782.424730
1945999 3614.453574
1946999 3625.692800
1947999 3727.805294
1948999 3776.213076
1949999 4069.771597
1950999 3882.109818
1951999 3775.992342
1952999 3681.706490
1953999 3797.226343
1954999 3703.821143
1955999 4048.755229
1956999 3859.165788
1957999 3989.277297
1958999 3875.696124
1959999 4172.334599
1960999 3833.854269
1961999 3914.548707
1962999 3841.619272
1963999 3858.571393
1964999 3705.274320
1965999 3854.215493
1966999 3771.617722
1967999 4069.464884
1968999 3851.155670
1969999 3845.376136
1970999 3982.837927
1971999 3900.755843
1972999 3845.119553
1973999 3889.987335
1974999 3576.786072
1975999 3704.851387
1976999 3844.524850
1977999 3635.704468
1978999 3798.243340
1979999 3677.089435
1980999 3855.560389
1981999 3512.355278
1982999 3919.522517
1983999 3835.824238
1984999 3827.011464
1985999 3549.948563
1986999 3825.621061
1987999 3725.856284
1988999 3634.409615
1989999 3520.594114
1990999 3641.366946
1991999 3641.960449
1992999 3763.672788
1993999 3749.036715
1994999 3587.444861
1995999 3574.482747
1996999 3726.571133
1997999 3659.021715
1998999 3743.049372
1999999 3807.026627
