999 -346.984800
1999 -314.339850
2999 -452.377601
3999 -322.295847
4999 -444.005122
5999 -283.811843
6999 -406.487304
7999 -280.947436
8999 -230.254799
9999 -493.720531
10999 -341.451758
11999 -273.753338
12999 -298.556951
13999 -254.824732
14999 -365.093786
15999 -334.038537
16999 -360.845944
17999 -219.230731
18999 -272.220393
19999 -247.852195
20999 -288.637100
21999 -221.752435
22999 -257.107211
23999 -221.616554
24999 -199.440065
25999 -222.176379
26999 -289.055131
27999 -281.765777
28999 -193.317060
29999 -272.450076
30999 -282.015091
31999 -280.245812
32999 -253.398093
33999 -260.619949
34999 -141.757228
35999 -203.703948
36999 -212.127762
37999 -240.772891
38999 -211.987617
39999 -167.847641
40999 -258.913140
41999 -206.518728
42999 -211.537338
43999 -73.431924
44999 -94.022381
45999 -95.129942
46999 -138.178261
47999 -242.064026
48999 -130.219989
49999 -41.404090
50999 -98.323205
51999 -46.160843
52999 -89.122563
53999 -10.626390
54999 -66.241141
55999 -123.009916
56999 -47.677385
57999 -35.754454
58999 -34.163036
59999 -35.327473
60999 -96.336992
61999 31.857064
62999 32.262884
63999 6.125833
64999 59.623848
65999 28.240073
66999 64.517960
67999 34.144329
68999 164.043444
69999 101.901883
70999 100.082362
71999 139.631834
72999 134.292889
73999 30.849912
74999 152.334472
75999 158.271014
76999 240.317572
77999 198.069813
78999 228.803024
79999 197.741433
80999 229.289420
81999 -1.249182
82999 231.289408
83999 69.376161
84999 342.452852
85999 298.562447
86999 226.190847
87999 353.070650
88999 -8.822734
89999 337.423366
90999 290.715139
91999 302.620687
92999 351.142257
93999 369.798447
94999 487.804587
95999 416.461468
96999 381.729756
97999 406.400944
98999 360.173284
99999 460.049217
100999 -207.820979
101999 478.941158
102999 468.089449
103999 474.992333
104999 580.061533
105999 398.556798
106999 438.575090
107999 511.254363
108999 514.037294
109999 532.352542
110999 312.871376
111999 566.810165
112999 622.609685
113999 -110.804403
114999 537.382283
115999 716.589629
116999 662.596316
117999 750.448834
118999 467.663435
119999 66.871801
120999 728.929805
121999 670.158148
122999 835.360620
123999 851.419922
124999 673.145302
125999 880.961602
126999 931.494924
127999 796.101796
128999 -45.162109
129999 458.353587
130999 821.167025
131999 954.985880
132999 787.707751
133999 947.249874
134999 838.608730
135999 745.781732
136999 1003.714623
137999 309.640779
138999 1035.980077
139999 905.265963
140999 950.063068
141999 1040.254686
142999 1086.797364
143999 989.829457
144999 1053.127610
145999 705.022089
146999 1118.879348
147999 890.815943
148999 1061.628275
149999 386.479390
150999 1074.900618
151999 793.104053
152999 1176.410671
153999 1240.136370
154999 1125.747020
155999 1117.771236
156999 1308.286124
157999 1155.801965
158999 237.805297
159999 1083.153843
160999 1079.084940
161999 630.161878
162999 91.923497
163999 753.398798
164999 1277.286221
165999 1134.881600
166999 1092.896889
167999 1202.852258
168999 -65.062193
169999 1146.095784
170999 1322.636550
171999 400.966950
172999 1082.272926
173999 1278.705954
174999 1037.930998
175999 1226.389995
176999 1350.005254
177999 1297.356355
178999 1306.505072
179999 1274.763695
180999 1278.440210
181999 1347.583443
182999 1274.024820
183999 1261.742810
184999 37.418235
185999 1321.225396
186999 1283.927470
187999 1439.851526
188999 1320.966003
189999 1264.397970
190999 1471.798398
191999 1413.926530
192999 1432.816144
193999 1352.878880
194999 1440.058547
195999 993.492825
196999 1552.468040
197999 1371.981101
198999 1569.473757
199999 1452.729496
200999 1470.235208
201999 1531.970513
202999 1576.821616
203999 1543.297837
204999 1593.858999
205999 1359.716124
206999 1503.964888
207999 1267.787558
208999 266.176461
209999 1684.464866
210999 1393.135995
211999 1471.317069
212999 1155.417381
213999 1490.620113
214999 1631.708003
215999 1443.031542
216999 1509.326618
217999 98.570844
218999 1492.773854
219999 1569.412337
220999 1514.599147
221999 1458.348702
222999 1582.686574
223999 1559.969408
224999 1219.852802
225999 1633.929347
226999 1551.233672
227999 1779.612044
228999 1597.814743
229999 1711.962483
230999 1795.938882
231999 1686.478858
232999 1408.602459
233999 1168.214047
234999 1515.888360
235999 1615.023197
236999 1682.458500
237999 1652.555603
238999 1728.288966
239999 1481.234789
240999 1588.390422
241999 1656.989574
242999 1251.406876
243999 1750.057583
244999 1781.130168
245999 183.611354
246999 1785.969277
247999 1584.338676
248999 1702.104167
249999 960.218368
250999 1819.377606
251999 1940.099967
252999 1582.778181
253999 1399.209534
254999 1856.561931
255999 1068.987150
256999 1858.383443
257999 1739.706074
258999 1930.742241
259999 889.975960
260999 1815.127053
261999 1873.212286
262999 613.786339
263999 1576.423512
264999 1786.549922
265999 480.650205
266999 1911.962221
267999 1650.955946
268999 1835.618057
269999 2020.382435
270999 977.291229
271999 1896.830665
272999 2066.824128
273999 1845.169909
274999 2002.639191
275999 1907.339833
276999 910.771026
277999 2098.887170
278999 1971.189663
279999 1582.917471
280999 1952.544410
281999 1935.258614
282999 1969.827232
283999 2078.570268
284999 2108.619556
285999 637.673130
286999 899.704722
287999 1457.705878
288999 805.332401
289999 2280.389771
290999 1118.850409
291999 2177.859083
292999 1780.223456
293999 853.344504
294999 2002.469580
295999 2146.036352
296999 2119.847716
297999 880.984884
298999 2104.564799
299999 2173.814682
300999 2259.092851
301999 1887.782156
302999 2072.308119
303999 746.383447
304999 1965.895913
305999 2075.203849
306999 1881.862388
307999 2157.193879
308999 2263.623979
309999 2084.092441
310999 1972.973475
311999 2146.021817
312999 2001.731714
313999 2223.581176
314999 624.385308
315999 2037.868317
316999 2153.707386
317999 2244.968598
318999 2410.360194
319999 2262.882908
320999 2309.984343
321999 2134.527363
322999 2312.277825
323999 2140.056241
324999 2357.416853
325999 2323.688954
326999 2133.241680
327999 2119.087908
328999 2127.147244
329999 1009.572806
330999 2312.409694
331999 2134.269272
332999 2026.348868
333999 2186.702505
334999 2210.317993
335999 2225.915969
336999 2259.006410
337999 579.580632
338999 2327.793662
339999 2167.374351
340999 2294.268503
341999 2394.925593
342999 2352.610265
343999 550.519021
344999 1287.699898
345999 2334.187657
346999 2231.628035
347999 2286.126306
348999 2211.493602
349999 2052.553038
350999 2201.049393
351999 2328.580144
352999 900.034007
353999 2419.149694
354999 2356.257096
355999 2224.999750
356999 2313.799586
357999 2165.196480
358999 2338.585851
359999 2307.658119
360999 2303.967242
361999 2328.159510
362999 2356.017160
363999 2260.178895
364999 2351.575479
365999 2375.143063
366999 2330.728735
367999 2454.793975
368999 1833.519998
369999 2333.777682
370999 2360.280157
371999 2352.025996
372999 2444.107572
373999 2355.782067
374999 2293.682265
375999 2372.799223
376999 2468.422514
377999 2432.406825
378999 2430.189207
379999 1127.107864
380999 1124.828716
381999 2553.457781
382999 2452.516514
383999 2076.320579
384999 2340.413893
385999 2474.690538
386999 2258.257439
387999 2520.702559
388999 2358.352003
389999 2389.642870
390999 2244.019442
391999 2348.191848
392999 2541.233806
393999 2286.212788
394999 2392.509988
395999 2362.723864
396999 2449.191000
397999 2495.586019
398999 2412.350214
399999 2321.390655
400999 2560.753774
401999 2478.879778
402999 2529.747139
403999 2533.937925
404999 2424.719559
405999 2314.750174
406999 2424.974262
407999 2474.653011
408999 2331.371938
409999 2469.272579
410999 2483.023525
411999 2465.529892
412999 2456.783605
413999 2548.293266
414999 2527.998913
415999 2291.864516
416999 2518.382590
417999 2485.040227
418999 2531.292187
419999 2051.438473
420999 2383.320095
421999 2407.448599
422999 2428.585042
423999 2403.525961
424999 2354.886049
425999 2403.311103
426999 2513.489329
427999 2527.998987
428999 2389.577932
429999 2305.753922
430999 2397.024297
431999 2327.349133
432999 2611.046989
433999 2644.334941
434999 2641.827202
435999 2398.524287
436999 2527.088214
437999 2429.233138
438999 2479.130695
439999 2412.020373
440999 984.807558
441999 2586.515986
442999 2459.018297
443999 2467.798447
444999 2688.774192
445999 2424.424752
446999 2626.006018
447999 2611.023877
448999 2471.061164
449999 2582.746758
450999 2611.848882
451999 2646.211522
452999 2518.498012
453999 2572.587626
454999 2461.785401
455999 2457.335160
456999 2642.434474
457999 2694.655025
458999 2499.463821
459999 2608.895435
460999 2650.844807
461999 2554.648139
462999 2597.372623
463999 2674.485693
464999 2569.049412
465999 2610.857687
466999 2688.960186
467999 2392.131564
468999 2650.947166
469999 2733.262476
470999 2637.747191
471999 1329.047113
472999 2555.864481
473999 2681.995132
474999 2585.404565
475999 2574.243195
476999 2682.112368
477999 2744.943297
478999 2666.851423
479999 2662.711306
480999 2629.853478
481999 2642.967937
482999 2694.091546
483999 2694.426453
484999 2766.573776
485999 2767.759245
486999 2700.110528
487999 2587.811894
488999 2670.291679
489999 2703.131290
490999 2671.620369
491999 2633.899087
492999 2774.362724
493999 2629.479715
494999 2945.780983
495999 2685.750301
496999 2727.009670
497999 2721.970557
498999 2764.670709
499999 2677.953888
500999 2877.075085
501999 2785.627408
502999 2874.965112
503999 2817.139961
504999 2870.552316
505999 2817.236528
506999 2711.841130
507999 2848.636095
508999 2728.129061
509999 2678.090812
510999 2670.488287
511999 2548.819747
512999 2929.785203
513999 2657.448190
514999 2600.619271
515999 2940.250471
516999 2747.832260
517999 2840.569685
518999 2775.434476
519999 2831.166277
520999 2672.523749
521999 2739.781782
522999 2765.227539
523999 2978.833166
524999 2681.352260
525999 2777.740854
526999 2772.217140
527999 2891.922517
528999 2736.475230
529999 2615.347316
530999 2809.461183
531999 2832.892897
532999 2779.813991
533999 2825.528378
534999 2814.635845
535999 2926.979746
536999 1759.696824
537999 2699.138926
538999 2740.204099
539999 2844.552929
540999 2902.548869
541999 2902.842426
542999 1566.821810
543999 2850.319287
544999 2828.687834
545999 2913.093513
546999 2746.196377
547999 2927.765162
548999 2811.924739
549999 2875.610396
550999 2787.328809
551999 2855.092424
552999 2763.331582
553999 2776.553037
554999 2719.864448
555999 2765.028680
556999 2840.090169
557999 2786.826132
558999 2920.990083
559999 2854.626725
560999 3016.954801
561999 2831.153891
562999 2758.044455
563999 2792.130074
564999 2860.421557
565999 2665.253163
566999 2763.763467
567999 2749.045523
568999 2849.972593
569999 2839.922319
570999 2925.351981
571999 3037.203693
572999 2973.111290
573999 2942.419328
574999 2753.839695
575999 2890.686440
576999 2834.911566
577999 2702.240115
578999 2813.770026
579999 2943.798799
580999 2757.874948
581999 2711.720344
582999 2773.662141
583999 2982.031268
584999 2932.881720
585999 435.720030
586999 2815.133474
587999 2974.616531
588999 2915.074741
589999 2890.533288
590999 2688.912675
591999 2843.407091
592999 2535.397921
593999 2654.875281
594999 2816.374647
595999 2685.354431
596999 2747.979249
597999 2576.407102
598999 2765.989932
599999 2609.489968
600999 2524.218558
601999 2795.943671
602999 2671.823543
603999 2640.904696
604999 2745.478706
605999 2723.695769
606999 2727.014305
607999 2682.780971
608999 2813.932367
609999 2802.021935
610999 2712.907836
611999 2750.694760
612999 2584.521004
613999 2730.365071
614999 2793.827468
615999 2669.468863
616999 2720.296549
617999 2792.917300
618999 2876.362675
619999 2902.514254
620999 2726.948909
621999 2705.501963
622999 2721.091036
623999 2734.691393
624999 2674.858241
625999 2694.110008
626999 2772.952847
627999 2679.910241
628999 2906.833571
629999 2915.659514
630999 2937.896104
631999 2697.386254
632999 2816.164818
633999 2753.836738
634999 2857.665499
635999 2875.758436
636999 2898.893037
637999 2866.244400
638999 2825.787695
639999 3040.632100
640999 2997.262018
641999 2914.103839
642999 2765.418937
643999 2892.564912
644999 2742.847549
645999 2859.830586
646999 2858.418567
647999 2805.317604
648999 3022.338000
649999 2972.285760
650999 2758.883997
651999 2873.236752
652999 3020.283115
653999 2744.133657
654999 3090.033129
655999 2861.908084
656999 -65.029586
657999 2916.588293
658999 3106.132722
659999 2949.921953
660999 3122.751217
661999 3028.660232
662999 2743.157702
663999 2942.553260
664999 3077.912645
665999 3093.077352
666999 3248.987036
667999 3019.464963
668999 3066.404782
669999 3024.808477
670999 3045.783633
671999 3032.919728
672999 3127.184019
673999 3143.491389
674999 3273.881689
675999 3283.190147
676999 3065.967824
677999 2969.333843
678999 3067.018786
679999 3174.614523
680999 3179.005799
681999 3365.369122
682999 3195.430604
683999 3143.658408
684999 3292.638563
685999 3198.887846
686999 3225.239870
687999 3096.285900
688999 3073.919727
689999 2861.766337
690999 2944.879554
691999 3250.201181
692999 3155.702332
693999 3042.270316
694999 3113.073494
695999 3050.271061
696999 3231.948882
697999 3271.739964
698999 3201.476653
699999 3355.312549
700999 2845.977539
701999 3162.414078
702999 3104.992807
703999 3326.858944
704999 3210.696036
705999 3365.609783
706999 3331.118266
707999 3205.163356
708999 3133.616379
709999 3144.262340
710999 3188.509348
711999 3080.899926
712999 3470.885123
713999 3209.980826
714999 3115.373190
715999 3215.517656
716999 3186.379254
717999 3318.796449
718999 3270.208768
719999 3189.630807
720999 3062.279235
721999 3254.327325
722999 3278.764476
723999 3204.774558
724999 3038.550664
725999 3193.595027
726999 3108.224508
727999 3289.521976
728999 3200.821865
729999 3220.635911
730999 3268.372467
731999 3283.452734
732999 3178.232838
733999 3377.725295
734999 3366.012632
735999 3335.538832
736999 3274.956004
737999 3281.605824
738999 3390.404285
739999 3245.865625
740999 3403.074004
741999 3126.395519
742999 3116.134432
743999 3341.663114
744999 3270.899279
745999 3425.465169
746999 3243.234366
747999 3351.341447
748999 3505.823004
749999 3324.633006
750999 3280.745190
751999 3169.360593
752999 3160.719486
753999 3272.293846
754999 3470.016725
755999 3270.308638
756999 3236.112141
757999 3472.094458
758999 3415.938141
759999 3536.172440
760999 3299.436239
761999 3344.647980
762999 3321.084135
763999 3294.666691
764999 3296.986752
765999 3519.856513
766999 3466.415901
767999 3130.454812
768999 3582.852960
769999 3176.364132
770999 3464.952759
771999 3334.828303
772999 3385.321557
773999 3612.928488
774999 3526.800963
775999 3417.485241
776999 3534.092167
777999 3485.381749
778999 3501.395246
779999 3291.357605
780999 3356.506863
781999 3492.651250
782999 3488.067210
783999 3450.813432
784999 3323.385436
785999 3437.324026
786999 3556.851764
787999 3385.011991
788999 3473.818864
789999 3497.174859
790999 3344.184236
791999 3255.954287
792999 3533.782633
793999 3584.065878
794999 3634.125401
795999 3530.862114
796999 3599.171128
797999 3269.256379
798999 3339.175653
799999 3471.896143
800999 3393.901832
801999 3539.630731
802999 3609.934509
803999 3653.818773
804999 3514.173920
805999 3521.423030
806999 3647.991276
807999 3243.257439
808999 3621.668998
809999 3536.022215
810999 3707.000299
811999 3580.480134
812999 3657.188510
813999 3365.717359
814999 3600.042790
815999 3598.083371
816999 3615.527340
817999 3639.544085
818999 3343.575500
819999 3724.671333
820999 3617.069906
821999 3496.310995
822999 3684.182176
823999 3703.685188
824999 3586.507087
825999 3549.289929
826999 3650.509675
827999 3569.228144
828999 3708.453319
829999 3634.293029
830999 3824.496239
831999 3642.910699
832999 3421.836283
833999 3775.620576
834999 3590.176723
835999 3573.787294
836999 3664.951249
837999 3631.860895
838999 3740.726854
839999 3534.915731
840999 3577.441068
841999 3823.450656
842999 3831.783943
843999 3868.046222
844999 3744.659804
845999 3760.809328
846999 3793.611652
847999 3692.960540
848999 3661.010531
849999 3486.093373
850999 3831.325133
851999 3711.231024
852999 3720.925834
853999 3560.179475
854999 3794.633887
855999 3724.914062
856999 3875.180864
857999 3717.984503
858999 4003.231701
859999 3859.856544
860999 3885.253654
861999 3665.501015
862999 3798.501220
863999 3982.306173
864999 3673.035578
865999 3825.573469
866999 3787.474670
867999 3798.751806
868999 3789.508872
869999 3617.348286
870999 3652.333328
871999 3772.097707
872999 3813.496774
873999 3869.093263
874999 3608.152007
875999 3728.019266
876999 3741.703880
877999 3645.880126
878999 3565.015315
879999 3698.597138
880999 4037.432020
881999 3768.581569
882999 3829.259945
883999 3851.345502
884999 3728.110829
885999 3635.314829
886999 3953.630425
887999 3772.835861
888999 3552.586293
889999 3902.101489
890999 3597.606461
891999 3619.409001
892999 3936.328629
893999 3761.075821
894999 3618.580319
895999 4088.227928
896999 3705.883075
897999 3764.697275
898999 3862.544388
899999 3577.224130
900999 3603.358752
901999 3830.244162
902999 3723.470312
903999 3685.782715
904999 3957.774725
905999 3599.260686
906999 3621.380076
907999 3371.021220
908999 3663.280239
909999 3699.745917
910999 3839.198371
911999 3787.270035
912999 3892.880030
913999 3300.153901
914999 3831.234798
915999 3864.690314
916999 3959.128148
917999 3882.886008
918999 3784.649015
919999 3998.513705
920999 3868.959054
921999 3949.040643
922999 2988.764002
923999 3837.755722
924999 3901.962064
925999 3991.709507
926999 3920.030636
927999 3836.743083
928999 3897.647820
929999 3946.053776
930999 3636.095998
931999 3920.840933
932999 3574.339311
933999 3826.070993
934999 3820.631953
935999 3789.024934
936999 3457.731003
937999 3832.623744
938999 3958.959134
939999 3905.309492
940999 3978.210884
941999 3702.918628
942999 3965.801649
943999 3612.974204
944999 4119.082036
945999 3900.463857
946999 4043.491007
947999 3781.118276
948999 3986.463136
949999 3913.268210
950999 3758.602912
951999 3820.077614
952999 3797.923170
953999 3910.187069
954999 3941.480182
955999 3933.612439
956999 3799.405616
957999 3986.358615
958999 3950.616418
959999 3693.702691
960999 3883.824228
961999 3871.087423
962999 3777.541617
963999 3555.248347
964999 3917.245658
965999 3898.137152
966999 3912.482239
967999 3847.560840
968999 3821.677062
969999 3698.743744
970999 3822.769952
971999 3810.466969
972999 4007.891091
973999 3974.960817
974999 3873.407829
975999 3775.578561
976999 3780.537618
977999 3636.161533
978999 3564.735758
979999 3935.269826
980999 3920.979504
981999 3732.833435
982999 3583.247571
983999 3777.560237
984999 3997.893045
985999 3665.307542
986999 3818.713433
987999 2829.225598
988999 3855.063149
989999 4116.633495
990999 3843.717213
991999 3798.892785
992999 3727.896384
993999 3858.689426
994999 3892.551354
995999 3905.939735
996999 3970.394492
997999 4040.016574
998999 3829.447830
999999 3939.278305
1000999 3886.983599
1001999 3954.184119
1002999 3806.019118
1003999 4012.011586
1004999 4041.107974
1005999 3803.541394
1006999 3802.133804
1007999 4112.942872
1008999 3721.591213
1009999 3802.510122
1010999 3769.968427
1011999 3913.817984
1012999 3860.314743
1013999 3664.772109
1014999 3930.378401
1015999 3798.758590
1016999 3857.277341
1017999 3872.362465
1018999 3886.044476
1019999 3917.831928
1020999 3902.219914
1021999 3703.105545
1022999 3777.385897
1023999 4021.355736
1024999 3952.318844
1025999 3657.356845
1026999 3636.216793
1027999 3925.708400
1028999 3974.656978
1029999 3984.432290
1030999 3908.553968
1031999 3899.104595
1032999 3907.599824
1033999 3860.106460
1034999 3754.798746
1035999 4083.570413
1036999 3910.047509
1037999 3896.592975
1038999 3866.078702
1039999 4120.100435
1040999 3902.317802
1041999 4045.739681
1042999 3549.721626
1043999 3872.000108
1044999 3911.331231
1045999 3956.079470
1046999 3643.352711
1047999 3847.912770
1048999 3876.699082
1049999 3774.627073
1050999 3990.140115
1051999 3779.353534
1052999 3788.135566
1053999 3936.636433
1054999 3972.301277
1055999 3888.483189
1056999 3705.611366
1057999 3677.295734
1058999 3719.351501
1059999 3929.847242
1060999 4167.037883
1061999 3786.174635
1062999 3999.650843
1063999 3796.493595
1064999 3886.411350
1065999 3795.258112
1066999 3684.359634
1067999 4004.285518
1068999 3914.001043
1069999 3931.610534
1070999 3907.111189
1071999 4007.776336
1072999 3953.661457
1073999 4076.357075
1074999 4045.794877
1075999 4002.334560
1076999 3622.777035
1077999 4030.392123
1078999 4059.500971
1079999 4033.019700
1080999 3970.933530
1081999 3984.651658
1082999 3769.838028
1083999 4115.393501
1084999 3645.287672
1085999 3903.501541
1086999 3976.739012
1087999 3961.298618
1088999 3972.959152
1089999 4038.179941
1090999 4060.128550
1091999 4109.362682
1092999 4160.936717
1093999 4201.062853
1094999 4097.303074
1095999 3916.828314
1096999 4059.968130
1097999 3973.331256
1098999 4020.748152
1099999 3933.556867
1100999 3865.033262
1101999 3840.641624
1102999 3953.604258
1103999 3919.979284
1104999 4055.686703
1105999 3957.274161
1106999 4309.553566
1107999 4210.420001
1108999 4181.646755
1109999 4212.024645
1110999 4196.171809
1111999 3793.105993
1112999 3930.306094
1113999 4062.671783
1114999 4033.656272
1115999 4098.509911
1116999 3967.156557
1117999 3917.917096
1118999 4015.145880
1119999 3994.873918
1120999 4279.446684
1121999 4279.320412
1122999 4139.105697
1123999 4071.041022
1124999 4131.428553
1125999 4085.493685
1126999 4286.840490
1127999 3991.354545
1128999 4114.232176
1129999 3984.783640
1130999 4040.461089
1131999 3961.390027
1132999 4055.871656
1133999 4297.505816
1134999 4118.037624
1135999 4323.346026
1136999 4278.203583
1137999 4206.351708
1138999 4296.292773
1139999 3852.989215
1140999 4274.178841
1141999 3967.771137
1142999 4124.968010
1143999 4033.397510
1144999 3924.813575
1145999 4132.100448
1146999 4027.237583
1147999 4219.279649
1148999 4108.218343
1149999 4003.486685
1150999 4028.028830
1151999 3971.850696
1152999 4206.662230
1153999 3952.379038
1154999 4143.280827
1155999 4082.492171
1156999 4127.827345
1157999 3972.403229
1158999 4303.843578
1159999 4217.372625
1160999 4061.268929
1161999 4266.034388
1162999 4057.672732
1163999 4380.223381
1164999 1643.101655
1165999 4302.002883
1166999 4041.869031
1167999 4217.477412
1168999 4174.349349
1169999 3964.862787
1170999 3966.133835
1171999 4277.894082
1172999 4220.195300
1173999 3899.767273
1174999 4196.423106
1175999 4011.108341
1176999 4088.608121
1177999 4265.044015
1178999 4310.924018
1179999 4208.758011
1180999 4111.368897
1181999 4268.629377
1182999 4327.021888
1183999 3145.310241
1184999 245.761871
1185999 35.961853
1186999 548.480149
1187999 122.262704
1188999 1113.415186
1189999 268.969425
1190999 766.333833
1191999 997.293203
1192999 1201.617340
1193999 1144.503745
1194999 1195.415400
1195999 1669.249100
1196999 1888.518676
1197999 2050.474100
1198999 2064.860659
1199999 2381.443776
1200999 2051.997494
1201999 2143.335647
1202999 2192.655243
1203999 2160.749830
1204999 1908.442093
1205999 2158.525488
1206999 2236.533013
1207999 2455.623083
1208999 2636.495815
1209999 2232.025921
1210999 2299.440483
1211999 2370.269422
1212999 2423.236531
1213999 2139.629859
1214999 2436.160506
1215999 2348.844672
1216999 2532.114002
1217999 2315.031174
1218999 2526.237419
1219999 2456.162639
1220999 2768.216843
1221999 2399.326973
1222999 2578.584138
1223999 2752.979771
1224999 2560.104873
1225999 2992.385037
1226999 2865.930331
1227999 2906.645473
1228999 2594.413590
1229999 2772.437678
1230999 2869.365357
1231999 3040.173666
1232999 2852.510589
1233999 3230.452360
1234999 3116.519830
1235999 738.041889
1236999 3005.440789
1237999 3026.394731
1238999 3061.344194
1239999 2909.912191
1240999 3148.294975
1241999 2885.356490
1242999 3161.698935
1243999 3038.478948
1244999 2979.213533
1245999 3192.397287
1246999 -57.872288
1247999 3314.069278
1248999 3317.742144
1249999 2992.387084
1250999 3205.888830
1251999 3245.048447
1252999 3458.343000
1253999 3421.935471
1254999 3134.333828
1255999 3146.706126
1256999 3120.262725
1257999 2278.604074
1258999 2908.168575
1259999 3407.208931
1260999 3274.779442
1261999 3044.315124
1262999 3264.227692
1263999 1402.075461
1264999 3262.146670
1265999 3181.032097
1266999 3113.676366
1267999 3422.597261
1268999 3060.925423
1269999 994.019338
1270999 3193.581881
1271999 2991.388854
1272999 2712.715608
1273999 2007.167551
1274999 3039.769462
1275999 2411.910053
1276999 1511.909511
1277999 2576.280124
1278999 438.653067
1279999 2609.148038
1280999 229.349582
1281999 2891.430562
1282999 559.792415
1283999 -234.340012
1284999 2937.360398
1285999 288.105936
1286999 3232.433612
1287999 3499.549565
1288999 3372.093070
1289999 2467.447456
1290999 1950.007090
1291999 1610.778678
1292999 3393.534738
1293999 3367.955701
1294999 2103.902566
1295999 1453.970619
1296999 3453.918033
1297999 192.750801
1298999 3335.858323
1299999 3381.327381
1300999 3319.092281
1301999 3496.874908
1302999 3526.596587
1303999 3616.143771
1304999 3518.964305
1305999 3377.020831
1306999 3428.414695
1307999 3542.153807
1308999 3733.494777
1309999 3266.578385
1310999 3027.767370
1311999 3717.909329
1312999 3752.085053
1313999 3685.289043
1314999 3310.231168
1315999 3277.311836
1316999 3341.184762
1317999 1960.646680
1318999 39.218131
1319999 3581.874709
1320999 3564.654736
1321999 3648.790212
1322999 3347.508061
1323999 258.287692
1324999 3515.885365
1325999 3644.957576
1326999 3257.858438
1327999 3485.661222
1328999 609.336386
1329999 3603.863365
1330999 3247.617966
1331999 3017.884868
1332999 341.908489
1333999 3445.994664
1334999 3481.930270
1335999 3695.020362
1336999 885.719693
1337999 3148.862477
1338999 3832.856884
1339999 3523.172747
1340999 -303.564584
1341999 3355.406085
1342999 3672.144956
1343999 3562.596281
1344999 3802.265600
1345999 3767.543418
1346999 3556.759287
1347999 3663.760720
1348999 3448.923737
1349999 3759.155228
1350999 3597.534725
1351999 3601.101317
1352999 3484.587335
1353999 3711.171179
1354999 1594.546973
1355999 3553.388077
1356999 124.164189
1357999 3809.126779
1358999 3751.701366
1359999 3843.740700
1360999 3701.747380
1361999 3720.824092
1362999 3715.752978
1363999 3792.513153
1364999 3873.696469
1365999 3842.446255
1366999 3491.653513
1367999 3754.444541
1368999 3811.999588
1369999 3751.420581
1370999 3950.468415
1371999 3848.549971
1372999 3766.614134
1373999 3816.588166
1374999 3628.969905
1375999 3730.984868
1376999 2143.834602
1377999 3771.685995
1378999 3764.968059
1379999 3936.661243
1380999 3834.368288
1381999 3913.343335
1382999 3822.579261
1383999 4005.215440
1384999 3808.299005
1385999 3958.009271
1386999 3911.633053
1387999 3999.036661
1388999 4052.181018
1389999 3919.803979
1390999 530.746940
1391999 3812.552025
1392999 3946.554172
1393999 3757.743555
1394999 3837.163499
1395999 3872.085335
1396999 3857.314914
1397999 3760.445925
1398999 3922.447030
1399999 4041.934807
1400999 3859.208409
1401999 3814.240486
1402999 3706.350379
1403999 3841.225032
1404999 3789.666236
1405999 3846.168604
1406999 3891.008590
1407999 3175.704070
1408999 3799.081742
1409999 3953.931368
1410999 3786.244837
1411999 4068.769148
1412999 4025.371027
1413999 4052.154933
1414999 3672.240274
1415999 4090.057419
1416999 4118.803899
1417999 3895.285764
1418999 4090.844176
1419999 4254.472848
1420999 4164.329840
1421999 4076.666166
1422999 4153.879199
1423999 4258.986216
1424999 4261.191895
1425999 4059.077714
1426999 4256.041967
1427999 4158.284641
1428999 4246.803109
1429999 4094.877726
1430999 4380.318750
1431999 4183.345247
1432999 3588.059440
1433999 4066.612371
1434999 4106.770614
1435999 4152.660107
1436999 4136.585363
1437999 4104.000364
1438999 4168.317947
1439999 4266.606075
1440999 4208.012722
1441999 3984.708500
1442999 4221.572702
1443999 4166.150671
1444999 4332.423740
1445999 4252.107596
1446999 4315.546811
1447999 4003.479183
1448999 4289.831409
1449999 4371.022787
1450999 4378.619387
1451999 4421.876082
1452999 4292.763603
1453999 4117.252261
1454999 4280.577229
1455999 4420.473369
1456999 4347.089799
1457999 4380.114057
1458999 4208.109414
1459999 4216.806531
1460999 4399.643418
1461999 4239.124609
1462999 4303.401196
1463999 4176.043179
1464999 4196.252072
1465999 4265.123696
1466999 4404.997316
1467999 4221.489482
1468999 4215.004107
1469999 4283.765133
1470999 4294.777151
1471999 4433.390698
1472999 4331.545461
1473999 4167.282341
1474999 4214.035414
1475999 4226.368528
1476999 4341.098266
1477999 4363.919238
1478999 4031.539170
1479999 4270.280825
1480999 4291.362520
1481999 4190.419976
1482999 4080.702016
1483999 4441.989883
1484999 4296.312508
1485999 4149.499779
1486999 4078.455061
1487999 4059.640737
1488999 4190.845272
1489999 4305.718721
1490999 4309.112803
1491999 4190.802445
1492999 4049.502457
1493999 4035.881535
1494999 4160.591052
1495999 4365.202708
1496999 4380.939133
1497999 4314.577112
1498999 4238.560746
1499999 4311.733777
1500999 4210.876065
1501999 4294.560433
1502999 4161.216412
1503999 4379.591882
1504999 3363.114613
1505999 4370.520648
1506999 3932.170063
1507999 4416.060987
1508999 4461.215377
1509999 4242.504512
1510999 4421.088941
1511999 4387.250586
1512999 4406.376053
1513999 4421.095671
1514999 4432.719801
1515999 4240.867578
1516999 4249.383499
1517999 4301.731589
1518999 4430.397838
1519999 4025.666321
1520999 3408.627942
1521999 2639.578563
1522999 -1.063298
1523999 -134.518134
1524999 2170.509386
1525999 3076.740871
1526999 2331.667072
1527999 -315.755635
1528999 3499.174971
1529999 3826.527746
1530999 962.854457
1531999 3773.480652
1532999 3924.065092
1533999 573.974085
1534999 3708.410142
1535999 3941.946223
1536999 733.093914
1537999 175.899114
1538999 -172.217105
1539999 3871.968671
1540999 3916.283820
1541999 763.438719
1542999 1367.113170
1543999 3136.167463
1544999 1445.956280
1545999 4025.551243
1546999 3485.264343
1547999 1803.930375
1548999 -345.385937
1549999 4014.948569
1550999 4008.019007
1551999 2470.961636
1552999 4035.717113
1553999 4022.951204
1554999 4087.127472
1555999 3821.832927
1556999 3684.564620
1557999 4062.985294
1558999 3965.279498
1559999 4198.654785
1560999 4034.656000
1561999 4027.370964
1562999 4381.216487
1563999 3684.772886
1564999 4115.200637
1565999 4030.494108
1566999 3983.239897
1567999 4216.941679
1568999 3825.290124
1569999 408.818505
1570999 4133.217744
1571999 4420.175260
1572999 286.150271
1573999 4232.451295
1574999 4135.698339
1575999 4423.621593
1576999 4252.760446
1577999 3048.179756
1578999 4330.861366
1579999 4539.425011
1580999 4369.095769
1581999 4418.159217
1582999 4207.296032
1583999 4260.071368
1584999 4213.129201
1585999 4323.381719
1586999 4130.700941
1587999 4261.972719
1588999 4339.307940
1589999 4245.868433
1590999 4440.771507
1591999 4479.763336
1592999 4372.622656
1593999 4121.197918
1594999 4365.525591
1595999 4351.968107
1596999 4396.085221
1597999 4406.579730
1598999 4159.468823
1599999 4142.388148
1600999 4369.208082
1601999 4092.100980
1602999 4388.288457
1603999 4141.836150
1604999 4385.333753
1605999 4412.783582
1606999 4461.522921
1607999 4323.274300
1608999 4493.147541
1609999 4319.708625
1610999 4404.344624
1611999 4353.206829
1612999 4439.561425
1613999 4529.457250
1614999 4249.972306
1615999 4501.801028
1616999 4389.266685
1617999 4352.962462
1618999 4460.267339
1619999 4565.953145
1620999 4432.247920
1621999 4363.774950
1622999 4361.807690
1623999 4385.170199
1624999 4464.667904
1625999 4598.664984
1626999 4322.768711
1627999 4439.328797
1628999 4466.616922
1629999 4485.840900
1630999 4818.289770
1631999 4499.634901
1632999 4231.638437
1633999 4226.137435
1634999 4407.021106
1635999 4342.311107
1636999 4514.742347
1637999 4433.835902
1638999 4531.052448
1639999 4721.676195
1640999 4521.295399
1641999 4617.976920
1642999 4713.054917
1643999 4368.965592
1644999 4641.847796
1645999 4560.794492
1646999 4489.440276
1647999 4631.439080
1648999 4589.181883
1649999 4735.855740
1650999 4636.069234
1651999 4795.691079
1652999 4614.259391
1653999 4614.859900
1654999 4371.924447
1655999 4552.451246
1656999 4521.164341
1657999 4559.872679
1658999 4531.139444
1659999 4718.331117
1660999 4508.180896
1661999 4534.361642
1662999 4656.484269
1663999 4563.758334
1664999 4709.805149
1665999 4677.142850
1666999 4662.574659
1667999 4604.020848
1668999 4581.349236
1669999 4772.877573
1670999 4742.687148
1671999 4789.525035
1672999 4886.492429
1673999 4780.793082
1674999 4811.757635
1675999 4576.437824
1676999 4705.602215
1677999 4618.862220
1678999 4689.013394
1679999 4541.401773
1680999 4469.312967
1681999 4522.629801
1682999 4650.766033
1683999 4700.791156
1684999 4677.079565
1685999 4626.006228
1686999 4604.004823
1687999 4665.376564
1688999 4665.374160
1689999 4696.789859
1690999 4506.396612
1691999 4642.974003
1692999 4581.381429
1693999 4721.491099
1694999 4526.800399
1695999 4627.982827
1696999 4590.266597
1697999 4553.265042
1698999 4837.358276
1699999 4653.661594
1700999 980.169120
1701999 4773.503326
1702999 4799.380848
1703999 4680.446035
1704999 4498.836120
1705999 4547.515421
1706999 4744.592008
1707999 4627.126600
1708999 4538.964744
1709999 4571.176878
1710999 4670.827246
1711999 4425.940044
1712999 4681.381496
1713999 4576.183751
1714999 4553.627251
1715999 4613.083788
1716999 4633.625771
1717999 4492.182860
1718999 4432.680756
1719999 4301.791005
1720999 4634.144874
1721999 4686.532999
1722999 4513.704518
1723999 4672.313669
1724999 4531.572483
1725999 4735.121435
1726999 4668.585654
1727999 4453.956985
1728999 4715.050246
1729999 4521.993689
1730999 4769.223249
1731999 4548.490690
1732999 4806.468640
1733999 4693.748406
1734999 4561.789315
1735999 4573.195423
1736999 4517.316169
1737999 4707.790656
1738999 4837.820337
1739999 4574.346829
1740999 4698.173982
1741999 4579.182826
1742999 4659.713569
1743999 4790.598190
1744999 4770.669664
1745999 4680.181396
1746999 4565.914373
1747999 4690.028760
1748999 4647.579523
1749999 4590.756041
1750999 4676.210057
1751999 4711.991174
1752999 4702.309283
1753999 4833.895228
1754999 4633.747028
1755999 4588.394110
1756999 4467.919974
1757999 4669.514929
1758999 4657.498075
1759999 4705.236576
1760999 4618.661976
1761999 4667.906165
1762999 4622.781487
1763999 4579.432654
1764999 4693.530563
1765999 4371.343027
1766999 4701.262063
1767999 4638.087706
1768999 4646.757096
1769999 4683.691743
1770999 4691.227399
1771999 4718.626036
1772999 4702.978627
1773999 4688.591485
1774999 4528.284364
1775999 4723.253941
1776999 4801.426777
1777999 4703.381972
1778999 4633.111889
1779999 4554.726452
1780999 4603.283366
1781999 4783.937228
1782999 4667.248413
1783999 4795.768222
1784999 4625.360471
1785999 4549.066866
1786999 4661.451205
1787999 4914.122915
1788999 4678.587232
1789999 4663.387821
1790999 4570.371134
1791999 4679.231146
1792999 4516.979999
1793999 4582.774449
1794999 4729.116823
1795999 4652.807045
1796999 4771.070965
1797999 4596.930806
1798999 4625.526661
1799999 4622.094791
1800999 4721.028085
1801999 4676.859608
1802999 4707.906256
1803999 4770.085970
1804999 4710.189080
1805999 4636.752787
1806999 4668.407933
1807999 4630.806953
1808999 4510.993999
1809999 4566.962764
1810999 4799.954115
1811999 4808.147381
1812999 4713.185219
1813999 4653.579031
1814999 4668.986566
1815999 4661.250996
1816999 4676.121100
1817999 4695.027551
1818999 4836.334354
1819999 4790.154418
1820999 4651.191244
1821999 4783.145815
1822999 4710.238017
1823999 4584.000774
1824999 4886.336571
1825999 4811.829955
1826999 4754.083232
1827999 4709.705238
1828999 4769.680018
1829999 4672.464267
1830999 4665.015991
1831999 4814.769653
1832999 4050.361289
1833999 4678.131811
1834999 4585.475133
1835999 4696.482720
1836999 4826.937846
1837999 4708.129735
1838999 4755.986865
1839999 4896.362697
1840999 4795.814350
1841999 4831.247877
1842999 4414.398566
1843999 4826.830734
1844999 4660.026738
1845999 4699.050134
1846999 4803.701679
1847999 4775.118025
1848999 4807.879156
1849999 4621.762702
1850999 4704.488718
1851999 4769.545270
1852999 4717.329451
1853999 4885.239588
1854999 4857.212156
1855999 4816.482303
1856999 4824.280902
1857999 4769.361427
1858999 4952.181587
1859999 4780.878690
1860999 5005.956975
1861999 4849.248890
1862999 4995.119864
1863999 4911.937661
1864999 4806.608271
1865999 4677.028331
1866999 4903.936950
1867999 4775.544533
1868999 4848.993246
1869999 4674.219191
1870999 4886.088054
1871999 4832.029192
1872999 4863.884365
1873999 5022.892978
1874999 5048.323025
1875999 4942.001994
1876999 4866.189509
1877999 4924.688683
1878999 4993.642613
1879999 4839.626195
1880999 4831.779746
1881999 4933.843928
1882999 4750.859886
1883999 4958.640324
1884999 4921.334224
1885999 4850.736847
1886999 4883.204449
1887999 4823.792422
1888999 4945.088158
1889999 4856.093318
1890999 4805.691683
1891999 4861.791470
1892999 4760.198971
1893999 4895.292581
1894999 4821.503945
1895999 5014.407840
1896999 5047.544993
1897999 4956.425350
1898999 4432.784891
1899999 4051.316885
1900999 4050.006391
1901999 3890.077272
1902999 4288.464242
1903999 4115.844200
1904999 4309.220593
1905999 4101.764795
1906999 4070.274169
1907999 4046.346969
1908999 4019.307955
1909999 4222.467316
1910999 4216.027802
1911999 4194.397352
1912999 4205.907243
1913999 4283.083814
1914999 4345.654924
1915999 4461.465558
1916999 4059.666794
1917999 3794.148594
1918999 3903.337940
1919999 4069.628471
1920999 3954.315603
1921999 3992.323729
1922999 4059.966576
1923999 4008.421480
1924999 4029.807890
1925999 4086.014518
1926999 4056.384818
1927999 4093.727926
1928999 4074.256264
1929999 4038.712425
1930999 4093.866787
1931999 4275.382109
1932999 4055.480393
1933999 4400.162489
1934999 4357.218597
1935999 4421.004614
1936999 4426.922685
1937999 4335.595168
1938999 4221.409901
1939999 4300.862894
1940999 4400.964771
1941999 4690.172845
1942999 4509.616380
1943999 4381.033665
1944999 4422.286771
1945999 4380.094305
1946999 4380.252626
1947999 4439.727444
1948999 4241.817132
1949999 4288.324784
1950999 4424.106932
1951999 4483.553729
1952999 4465.668020
1953999 4519.339148
1954999 4262.682056
1955999 4598.943867
1956999 4432.851013
1957999 4613.321037
1958999 4359.302624
1959999 4304.867287
1960999 4416.993254
1961999 4497.161018
1962999 4347.212212
1963999 4488.807272
1964999 -436.036923
1965999 2463.896623
1966999 4525.733915
1967999 4288.903325
1968999 4497.251098
1969999 4421.010401
1970999 4567.077772
1971999 4459.936885
1972999 4611.817332
1973999 4563.243048
1974999 4603.642816
1975999 4556.927327
1976999 4500.403636
1977999 4550.412016
1978999 4451.305271
1979999 4562.581938
1980999 4541.929988
1981999 4597.011575
1982999 4614.277314
1983999 4668.112260
1984999 4654.022709
1985999 4758.184128
1986999 4672.459667
1987999 4513.188005
1988999 4398.984723
1989999 4356.373539
1990999 4375.976212
1991999 4453.357041
1992999 4470.330164
1993999 4401.956942
1994999 4572.282294
1995999 4491.365720
1996999 4420.731160
1997999 4274.295938
1998999 4366.487855
1999999 4536.221946
