999 -262.010619
1999 -297.779211
2999 -442.451021
3999 -431.212083
4999 -465.646902
5999 -287.540462
6999 -269.315708
7999 -260.599336
8999 -485.535917
9999 -499.888815
10999 -471.476203
11999 -268.003412
12999 -235.716556
13999 -294.900780
14999 -299.405845
15999 -332.855567
16999 -346.492361
17999 -274.199466
18999 -343.991503
19999 -269.384288
20999 -173.406920
21999 -195.659003
22999 -259.544126
23999 -319.707967
24999 -305.351094
25999 -319.694960
26999 -222.336479
27999 -305.153535
28999 -133.378508
29999 -135.978859
30999 -149.179991
31999 -288.562029
32999 -274.625572
33999 -159.329672
34999 -152.162423
35999 -139.015204
36999 -176.530342
37999 -144.307362
38999 -203.360240
39999 -157.525313
40999 -209.831682
41999 -73.252165
42999 -102.354119
43999 -132.139994
44999 -117.119019
45999 -149.129437
46999 -70.559703
47999 -37.199324
48999 -41.732676
49999 -16.278610
50999 -72.837215
51999 -15.995314
52999 13.622289
53999 18.335391
54999 57.808987
55999 -37.778871
56999 17.023148
57999 102.628901
58999 -18.773154
59999 29.047340
60999 -6.609775
61999 98.682218
62999 18.556105
63999 52.847757
64999 119.313182
65999 82.606072
66999 47.776980
67999 124.013082
68999 124.768303
69999 205.816247
70999 94.263698
71999 245.076201
72999 250.259530
73999 162.444471
74999 269.921633
75999 275.200577
76999 276.002579
77999 258.104023
78999 239.608569
79999 363.469407
80999 392.781063
81999 359.803761
82999 352.723538
83999 329.348565
84999 425.614765
85999 489.737298
86999 464.302726
87999 510.752787
88999 580.152460
89999 480.191016
90999 563.912897
91999 616.219445
92999 550.330288
93999 620.103076
94999 662.558170
95999 627.409214
96999 -2.645731
97999 761.318326
98999 732.433513
99999 697.369275
100999 747.978946
101999 275.202313
102999 800.018881
103999 816.379620
104999 765.469711
105999 806.517536
106999 720.446652
107999 758.272249
108999 859.691442
109999 845.198832
110999 744.879879
111999 917.917667
112999 -218.934077
113999 907.020330
114999 785.130161
115999 188.984522
116999 146.188985
117999 827.929466
118999 964.589662
119999 954.147180
120999 564.013646
121999 983.161593
122999 119.372833
123999 958.987767
124999 884.227325
125999 977.615884
126999 923.313325
127999 1110.051795
128999 1026.109347
129999 1106.241287
130999 1149.546971
131999 955.592033
132999 1162.757492
133999 1050.358011
134999 1073.207113
135999 -92.844251
136999 1009.025586
137999 1099.444439
138999 1099.404095
139999 1027.666509
140999 1048.351435
141999 1224.926048
142999 1226.700280
143999 1209.762932
144999 982.476376
145999 1292.273990
146999 1331.413782
147999 716.594128
148999 1184.956508
149999 1089.811960
150999 1247.648787
151999 1305.940162
152999 1252.066997
153999 360.370998
154999 1279.747273
155999 1295.946337
156999 370.550883
157999 581.841008
158999 671.393761
159999 1360.896855
160999 667.041132
161999 1285.044465
162999 1285.248281
163999 582.274928
164999 -193.969235
165999 169.122802
166999 1328.946574
167999 1219.651137
168999 1425.494722
169999 1258.423566
170999 1297.259878
171999 1289.541486
172999 1472.476564
173999 1419.172739
174999 866.424867
175999 1255.611122
176999 1388.719013
177999 1338.302813
178999 1565.443439
179999 1039.866632
180999 -115.436181
181999 -179.557733
182999 1315.010169
183999 719.787950
184999 1392.284788
185999 1267.443214
186999 1461.982539
187999 -11.141829
188999 1321.594650
189999 1353.905608
190999 1375.910737
191999 457.510727
192999 -20.020883
193999 1451.031942
194999 1592.477443
195999 1376.744795
196999 1426.111669
197999 1519.083267
198999 1132.830712
199999 1540.098556
200999 1551.484689
201999 1585.136562
202999 1699.710786
203999 655.335720
204999 344.812813
205999 1519.725013
206999 1574.505392
207999 1496.907877
208999 1573.191837
209999 1624.235204
210999 1579.039116
211999 1228.979238
212999 1588.286218
213999 1747.988972
214999 1555.789766
215999 1568.070422
216999 1435.434778
217999 1733.450073
218999 1677.508455
219999 1509.793824
220999 1589.305931
221999 1620.521886
222999 1532.658906
223999 1603.899315
224999 713.735918
225999 820.690826
226999 405.257821
227999 1745.471018
228999 201.070543
229999 1689.386184
230999 1698.680045
231999 1625.576033
232999 1704.186546
233999 1551.323108
234999 -59.166190
235999 1737.963930
236999 1689.333116
237999 1644.579504
238999 1387.204205
239999 1670.281515
240999 574.902177
241999 1626.622086
242999 1680.280554
243999 1627.499061
244999 221.416685
245999 415.660705
246999 1608.285364
247999 1728.044033
248999 1689.040824
249999 1804.818221
250999 1672.833854
251999 1594.085315
252999 1584.457553
253999 1663.445879
254999 1780.968625
255999 1635.272730
256999 1688.723791
257999 1565.787802
258999 1782.018573
259999 1607.408906
260999 463.770564
261999 1759.906101
262999 1676.336362
263999 1683.151296
264999 1693.283291
265999 1823.839975
266999 1698.999666
267999 1705.922928
268999 1718.466515
269999 32.740004
270999 1777.482245
271999 1686.668741
272999 1545.472434
273999 1721.966394
274999 1571.177044
275999 1610.761405
276999 1676.539585
277999 1698.959304
278999 1706.318735
279999 1183.010515
280999 1708.592838
281999 1809.322135
282999 1681.699645
283999 1744.168196
284999 1770.193459
285999 1613.696829
286999 1734.339972
287999 1792.342277
288999 1706.438992
289999 1883.592641
290999 1669.850954
291999 1690.286582
292999 1828.354916
293999 901.867897
294999 -19.078337
295999 1791.396165
296999 1862.361914
297999 1832.581412
298999 1099.885934
299999 213.243025
300999 1774.707110
301999 1903.578687
302999 1557.294515
303999 467.443610
304999 1779.478823
305999 1816.121151
306999 861.452678
307999 1801.440762
308999 1825.200654
309999 1818.315221
310999 956.444084
311999 1974.313479
312999 749.080166
313999 1907.355793
314999 1674.986468
315999 1917.538084
316999 1857.059002
317999 1663.157993
318999 1786.323983
319999 1903.161847
320999 1800.770212
321999 1882.699030
322999 1926.043165
323999 2040.990208
324999 1745.418288
325999 1798.153117
326999 1872.222750
327999 1958.880246
328999 1899.705222
329999 1874.751917
330999 1869.989030
331999 1063.554649
332999 1914.327683
333999 1884.989071
334999 347.259650
335999 1973.185795
336999 1828.820414
337999 62.518459
338999 1899.142826
339999 1830.037255
340999 1944.643570
341999 1949.496649
342999 1970.619119
343999 1458.205367
344999 1937.621492
345999 1832.708695
346999 1974.219006
347999 2003.488963
348999 1896.523262
349999 1797.151846
350999 1905.349265
351999 1936.090047
352999 1755.711288
353999 1907.592014
354999 73.661007
355999 1951.573518
356999 2018.142156
357999 709.762529
358999 1907.235437
359999 1896.382075
360999 -179.896603
361999 1979.278865
362999 1831.124728
363999 1919.275063
364999 1926.129001
365999 1184.727126
366999 1832.982974
367999 2004.497598
368999 1940.821045
369999 2083.000463
370999 2066.136591
371999 1986.934174
372999 1844.794626
373999 1949.356080
374999 1964.240438
375999 1939.714430
376999 1977.709156
377999 2016.339358
378999 1996.573524
379999 2046.248474
380999 1886.928692
381999 1988.090690
382999 1827.395722
383999 1886.725776
384999 1921.780347
385999 1914.269396
386999 1956.942701
387999 2116.519948
388999 2042.264738
389999 2065.625689
390999 1915.831884
391999 1932.377204
392999 2133.179100
393999 2071.817634
394999 2061.371413
395999 2084.830690
396999 2168.640995
397999 1774.574356
398999 2093.701989
399999 1968.933643
400999 2084.405313
401999 1473.666133
402999 821.778605
403999 986.670301
404999 769.360127
405999 903.606822
406999 738.865817
407999 226.405741
408999 400.100300
409999 810.923921
410999 831.986790
411999 906.483050
412999 1007.231726
413999 941.090959
414999 979.266188
415999 1155.069833
416999 1028.981383
417999 737.994334
418999 945.916089
419999 1400.279987
420999 399.127356
421999 1032.564793
422999 1312.040603
423999 1087.788299
424999 73.706621
425999 1247.179514
426999 1381.431557
427999 1319.637082
428999 63.190689
429999 1408.346862
430999 1182.013581
431999 448.080377
432999 1395.184416
433999 559.639200
434999 973.111679
435999 1460.645381
436999 24.538170
437999 -122.699836
438999 1372.528197
439999 1476.413596
440999 1354.521297
441999 360.884446
442999 1492.603525
443999 1575.445144
444999 1420.414307
445999 1700.271476
446999 1445.593836
447999 1551.442486
448999 1497.848496
449999 1532.734401
450999 1584.575884
451999 1595.513100
452999 1600.457277
453999 1531.615020
454999 1662.419515
455999 892.885676
456999 419.435423
457999 1821.648442
458999 1779.771515
459999 1560.361486
460999 1690.064154
461999 1602.274962
462999 1682.977735
463999 1596.352262
464999 1750.017634
465999 1615.207102
466999 1760.239138
467999 2034.955665
468999 1737.420564
469999 1696.135916
470999 1635.734000
471999 1653.958841
472999 1797.255070
473999 1647.594212
474999 1997.844124
475999 1955.605138
476999 706.678828
477999 1890.372808
478999 1513.903062
479999 1743.670895
480999 1859.765329
481999 1799.973108
482999 1948.158957
483999 1960.030733
484999 1867.352333
485999 1917.711733
486999 1926.805376
487999 1870.150636
488999 2020.492209
489999 1998.481638
490999 1988.669454
491999 1954.232857
492999 1984.431860
493999 1940.700531
494999 1960.680314
495999 1961.470468
496999 1988.493642
497999 1924.085532
498999 1951.573505
499999 1882.716134
500999 2110.308854
501999 383.282276
502999 2011.807604
503999 2235.436319
504999 2009.892839
505999 1940.200240
506999 3.566180
507999 2081.565815
508999 1936.499541
509999 2013.793680
510999 2061.806247
511999 2119.412297
512999 1970.804223
513999 2164.837217
514999 2077.158645
515999 2082.835034
516999 1626.830857
517999 2135.885740
518999 1999.650887
519999 2210.472430
520999 2018.236489
521999 2080.468669
522999 2154.214184
523999 2067.922326
524999 2239.493445
525999 2118.416282
526999 2100.534419
527999 2088.350474
528999 2151.043922
529999 2094.904220
530999 2108.012598
531999 2032.686850
532999 2081.958040
533999 204.560372
534999 2079.210965
535999 182.523555
536999 2143.382895
537999 1334.776362
538999 2061.795530
539999 1995.851742
540999 2071.903128
541999 2046.419784
542999 2132.557163
543999 2094.306461
544999 2117.550704
545999 2089.167752
546999 2199.014417
547999 2102.693100
548999 306.954015
549999 2229.350493
550999 2071.457541
551999 2209.065071
552999 2002.310882
553999 2155.427474
554999 2113.853402
555999 2215.412256
556999 2146.667513
557999 2121.410408
558999 2182.630942
559999 2169.933347
560999 2181.372584
561999 1843.265594
562999 2187.230783
563999 2155.773979
564999 2207.762736
565999 2190.739468
566999 2216.599702
567999 2232.829488
568999 2199.088352
569999 2141.942316
570999 2276.346017
571999 2141.906819
572999 2091.734154
573999 2292.471907
574999 2216.779675
575999 2287.292697
576999 2261.010081
577999 1966.602308
578999 1584.479358
579999 1578.805316
580999 1719.423174
581999 1772.434416
582999 1687.458419
583999 1817.957989
584999 1984.976624
585999 1965.017920
586999 1975.109130
587999 1745.145077
588999 1949.523868
589999 522.964809
590999 1906.644552
591999 2120.312977
592999 2006.276861
593999 2030.411949
594999 2231.136112
595999 2121.137422
596999 1828.234307
597999 2049.188723
598999 2248.615293
599999 2245.578920
600999 2357.138882
601999 2287.907314
602999 1188.126251
603999 2366.228322
604999 2245.942244
605999 2334.580606
606999 2405.909512
607999 2305.601516
608999 2317.250884
609999 2352.190119
610999 2431.820007
611999 2278.005261
612999 2389.772718
613999 2457.176841
614999 2250.796255
615999 2267.729122
616999 2358.050714
617999 2372.234274
618999 2244.134943
619999 2432.185281
620999 2425.304664
621999 2450.885363
622999 2449.200633
623999 2300.454426
624999 2375.928097
625999 2338.393421
626999 2549.995031
627999 2451.153254
628999 -21.630627
629999 2440.661575
630999 2324.703083
631999 2353.777394
632999 2401.064090
633999 2360.994529
634999 2349.825227
635999 2502.699387
636999 1289.755695
637999 2548.825037
638999 -108.322116
639999 2510.439016
640999 2564.228966
641999 2348.556175
642999 2467.536102
643999 2458.647761
644999 2398.751144
645999 837.666325
646999 2476.288482
647999 2416.377810
648999 2517.423114
649999 2560.022631
650999 2552.400941
651999 448.973771
652999 2561.911727
653999 2564.735670
654999 2443.472759
655999 2538.576754
656999 2593.866071
657999 2481.689323
658999 2505.279905
659999 2463.657394
660999 2520.280440
661999 2607.461798
662999 2574.687014
663999 2557.791393
664999 2565.470793
665999 2513.404481
666999 1048.063466
667999 2529.955110
668999 2576.667937
669999 2543.926166
670999 2678.746451
671999 2572.632946
672999 2416.532245
673999 2577.532712
674999 2589.469637
675999 2162.084939
676999 -139.018845
677999 2615.859634
678999 2548.733712
679999 2399.654016
680999 2645.428697
681999 2576.858877
682999 2558.943555
683999 2583.003323
684999 2673.926220
685999 2570.282985
686999 2640.361441
687999 2621.237100
688999 2572.127055
689999 2510.851223
690999 2719.524588
691999 2632.171666
692999 2709.423813
693999 2498.214395
694999 2512.965711
695999 2568.701077
696999 2559.872002
697999 2587.292724
698999 2676.517666
699999 2647.548319
700999 2670.700872
701999 2652.173796
702999 140.582326
703999 2618.433569
704999 2576.090853
705999 2619.848856
706999 2476.867947
707999 2670.749584
708999 363.051666
709999 2637.323328
710999 2766.111510
711999 2630.547069
712999 2535.817656
713999 2641.238754
714999 2706.941711
715999 2561.355882
716999 2710.947363
717999 2717.139334
718999 2547.648511
719999 2687.403080
720999 1947.741864
721999 2764.087995
722999 636.829906
723999 2766.230928
724999 2703.656623
725999 40.649714
726999 2736.604783
727999 2791.054722
728999 2652.742929
729999 2649.393040
730999 2650.137352
731999 2557.084826
732999 2708.238764
733999 2097.973366
734999 2840.917044
735999 2726.623872
736999 2269.613314
737999 2586.991106
738999 2673.228228
739999 2731.593806
740999 1911.159649
741999 2644.551198
742999 2712.138926
743999 2021.427366
744999 2784.487756
745999 2768.595041
746999 2752.868585
747999 2738.543301
748999 381.763906
749999 2703.551706
750999 2737.531034
751999 2725.282183
752999 2740.496958
753999 2671.478702
754999 1258.002155
755999 2728.773563
756999 2791.476771
757999 2746.337384
758999 2768.567813
759999 2704.597116
760999 2806.747816
761999 2795.508206
762999 2776.070751
763999 2752.420449
764999 2820.638690
765999 2764.183496
766999 2756.389613
767999 2836.910037
768999 2705.988766
769999 2804.814846
770999 2850.810189
771999 2815.672519
772999 2145.813666
773999 666.578876
774999 2762.832452
775999 2652.827403
776999 2708.837759
777999 2765.522147
778999 2146.446918
779999 2914.656078
780999 2693.311232
781999 2896.828215
782999 2761.080615
783999 2768.335745
784999 2698.084035
785999 2761.424139
786999 2713.130722
787999 2788.390189
788999 308.613027
789999 2873.622265
790999 2894.510588
791999 2782.099041
792999 2423.829177
793999 2934.938818
794999 2735.351816
795999 2746.802447
796999 2838.653607
797999 2815.128761
798999 2721.185557
799999 2782.499903
800999 973.742934
801999 2907.855655
802999 2697.253083
803999 2820.737401
804999 2525.924157
805999 2805.714836
806999 2920.777972
807999 2769.577710
808999 2820.523245
809999 2741.045604
810999 2662.937431
811999 2848.545697
812999 2754.001725
813999 2781.079775
814999 2812.079526
815999 2879.010099
816999 2662.459711
817999 2694.029103
818999 2685.948263
819999 2905.232912
820999 2641.877613
821999 2673.245013
822999 664.132883
823999 2638.311695
824999 2715.436188
825999 2756.465219
826999 2726.745386
827999 2832.603323
828999 2829.601294
829999 2610.370151
830999 2646.749726
831999 2734.366969
832999 2662.408671
833999 2672.473351
834999 2675.893478
835999 2653.816784
836999 2758.523103
837999 2734.449213
838999 2779.028151
839999 2708.972625
840999 2719.719833
841999 2789.897330
842999 2918.500716
843999 2657.118735
844999 2744.090604
845999 2737.796243
846999 1122.355205
847999 2767.009986
848999 2646.690360
849999 2853.112891
850999 2643.101773
851999 2713.880884
852999 2593.308986
853999 2486.909161
854999 2789.562292
855999 644.636966
856999 2725.926432
857999 2897.596318
858999 2781.896314
859999 2566.233235
860999 2806.112559
861999 2860.191089
862999 2700.130241
863999 2737.177892
864999 2732.133220
865999 2730.253456
866999 2684.150422
867999 981.615255
868999 2825.673581
869999 2409.708245
870999 2747.383135
871999 2676.299217
872999 2736.794835
873999 2560.696850
874999 2760.767879
875999 2785.932090
876999 2821.298505
877999 2859.281250
878999 2809.547600
879999 2895.104734
880999 2784.485981
881999 2697.555210
882999 2702.580729
883999 2682.791016
884999 2806.517194
885999 2756.674095
886999 2649.883853
887999 2740.988530
888999 2692.521314
889999 2765.663729
890999 2822.332030
891999 2654.905993
892999 2821.247874
893999 2857.034782
894999 2753.483851
895999 2170.786329
896999 2715.011662
897999 2864.951985
898999 2738.304149
899999 2606.776342
900999 2672.496044
901999 2785.122591
902999 2729.174712
903999 2832.783078
904999 2869.621628
905999 2707.224199
906999 2727.184593
907999 2804.950931
908999 2663.500702
909999 2939.848088
910999 2750.181972
911999 2803.776489
912999 2881.684402
913999 2679.123032
914999 2812.921719
915999 2789.842460
916999 2633.277840
917999 2692.082985
918999 2809.610926
919999 2797.274529
920999 2843.837541
921999 2988.393807
922999 2794.906440
923999 2846.397360
924999 2794.397302
925999 2806.265549
926999 2768.408986
927999 2787.013943
928999 2675.159037
929999 869.195810
930999 2844.339255
931999 2844.772202
932999 2856.530825
933999 2734.806103
934999 2893.583508
935999 2847.006429
936999 1975.681754
937999 2924.136346
938999 2833.370999
939999 2806.545041
940999 2786.908270
941999 2871.240702
942999 2908.435287
943999 3012.476788
944999 2804.393744
945999 1168.215491
946999 2766.141332
947999 2757.659353
948999 2884.651438
949999 2858.609794
950999 2805.428623
951999 2906.227382
952999 2870.318037
953999 2847.446459
954999 2819.431966
955999 683.105999
956999 2908.795282
957999 354.679889
958999 2769.438767
959999 2736.124883
960999 2275.491230
961999 2779.761825
962999 2832.185699
963999 2874.726930
964999 2712.359073
965999 2783.493116
966999 2897.547803
967999 2803.926628
968999 2941.772793
969999 2859.054757
970999 2803.258331
971999 2917.046755
972999 2973.851912
973999 2741.496000
974999 2820.944380
975999 2696.079897
976999 2682.138537
977999 2626.228905
978999 2781.725779
979999 2752.148466
980999 2768.209692
981999 2817.723440
982999 2834.765690
983999 2724.354917
984999 2680.176784
985999 2824.492577
986999 2913.647387
987999 2654.860808
988999 2861.884882
989999 2921.625501
990999 2819.479243
991999 2766.597136
992999 2788.943303
993999 2752.136858
994999 2695.366800
995999 2885.577057
996999 2922.231330
997999 2897.825343
998999 2935.458996
999999 2821.174098
1000999 1002.777148
1001999 2810.770919
1002999 2821.165361
1003999 2877.972112
1004999 2936.965826
1005999 2884.976604
1006999 2903.459629
1007999 2974.565402
1008999 2919.795183
1009999 2785.960302
1010999 2827.685656
1011999 2998.755624
1012999 237.829100
1013999 2816.051209
1014999 2848.250349
1015999 2753.562247
1016999 2863.667066
1017999 2790.363250
1018999 2081.643008
1019999 2902.772101
1020999 2927.685692
1021999 2893.637153
1022999 2390.288893
1023999 2866.086974
1024999 2785.723964
1025999 2731.107256
1026999 2966.965250
1027999 880.753623
1028999 2806.692688
1029999 2773.513851
1030999 2903.850409
1031999 2874.982212
1032999 2859.028021
1033999 2865.775016
1034999 2774.305217
1035999 2888.941888
1036999 2875.136472
1037999 2869.128672
1038999 2825.118515
1039999 2655.454037
1040999 2688.106012
1041999 2814.745387
1042999 2822.051595
1043999 2781.881567
1044999 2896.051272
1045999 2775.236067
1046999 2775.053955
1047999 2682.824405
1048999 2744.303440
1049999 2715.060987
1050999 2898.006687
1051999 2678.205694
1052999 255.620336
1053999 2857.706593
1054999 2799.062933
1055999 1878.466290
1056999 2744.009262
1057999 2760.963405
1058999 2662.068766
1059999 2765.166419
1060999 2732.054401
1061999 2778.181436
1062999 2912.268890
1063999 2533.732002
1064999 2876.183454
1065999 2763.424423
1066999 2610.781813
1067999 2725.047330
1068999 2681.563783
1069999 746.148565
1070999 2844.663998
1071999 2849.680868
1072999 2764.177465
1073999 2853.296085
1074999 1442.358992
1075999 2987.711479
1076999 2826.585650
1077999 2862.944901
1078999 2824.870241
1079999 2745.774073
1080999 2873.723187
1081999 2893.979941
1082999 2938.899087
1083999 2718.139155
1084999 2866.017741
1085999 2735.579183
1086999 2894.249952
1087999 1316.743668
1088999 2659.106097
1089999 2774.715801
1090999 1834.367813
1091999 2831.968841
1092999 2927.363034
1093999 389.788124
1094999 2813.626996
1095999 2829.047774
1096999 467.246885
1097999 2680.658290
1098999 2761.710000
1099999 2906.843144
1100999 2828.905851
1101999 2808.096286
1102999 2636.205236
1103999 789.727058
1104999 2862.546997
1105999 2785.423336
1106999 2728.892583
1107999 2903.405432
1108999 2746.926632
1109999 2660.568916
1110999 2942.166018
1111999 2896.766032
1112999 543.710082
1113999 2648.134450
1114999 1231.492091
1115999 3087.228163
1116999 2881.472429
1117999 2789.058507
1118999 1885.018802
1119999 2864.673188
1120999 2931.759092
1121999 2720.211887
1122999 2765.129409
1123999 2791.202605
1124999 2831.493033
1125999 2809.819745
1126999 2856.304002
1127999 2825.241934
1128999 2842.896880
1129999 2883.644066
1130999 2856.634175
1131999 2911.990426
1132999 2849.654690
1133999 2857.228256
1134999 2770.405202
1135999 2874.516491
1136999 2854.150909
1137999 2824.215652
1138999 2859.834325
1139999 2795.563768
1140999 2975.907566
1141999 2855.287671
1142999 2921.219600
1143999 2871.830908
1144999 2795.747468
1145999 3015.128759
1146999 2947.439318
1147999 2901.717729
1148999 2873.395430
1149999 1611.177314
1150999 2973.038577
1151999 2939.086342
1152999 3010.437113
1153999 2817.353031
1154999 2824.597429
1155999 2791.835294
1156999 2957.133866
1157999 3003.783016
1158999 2838.531611
1159999 2878.313042
1160999 2997.109860
1161999 2954.362571
1162999 3019.311138
1163999 2898.546054
1164999 2926.287733
1165999 2956.395230
1166999 2979.405908
1167999 2787.713831
1168999 2891.912698
1169999 2976.703332
1170999 3010.271716
1171999 3004.451315
1172999 2882.204468
1173999 2960.862095
1174999 2840.645686
1175999 2874.001731
1176999 2941.259929
1177999 2785.578001
1178999 2817.219470
1179999 3067.003433
1180999 2903.668671
1181999 2950.908783
1182999 2956.776075
1183999 2945.867319
1184999 2892.836739
1185999 2908.639509
1186999 2811.544705
1187999 2814.928432
1188999 2890.948247
1189999 2876.208981
1190999 2965.785719
1191999 2874.431551
1192999 2910.609056
1193999 2760.731351
1194999 2860.970738
1195999 2973.704370
1196999 2766.550890
1197999 2883.258883
1198999 2962.739622
1199999 2837.532312
1200999 2889.100997
1201999 253.922693
1202999 2874.728440
1203999 2914.716571
1204999 2912.910832
1205999 2897.303088
1206999 2849.982512
1207999 2940.441405
1208999 2946.112655
1209999 2893.023651
1210999 2905.125621
1211999 2872.528733
1212999 2848.143941
1213999 2993.778561
1214999 2939.925227
1215999 2844.932138
1216999 2792.829160
1217999 2842.852947
1218999 2974.029203
1219999 715.801887
1220999 2900.699171
1221999 2853.155987
1222999 2811.456020
1223999 3100.114249
1224999 2946.074670
1225999 2241.887138
1226999 2914.827758
1227999 3004.831074
1228999 2846.998209
1229999 2925.443342
1230999 2949.257294
1231999 2835.099449
1232999 3082.345707
1233999 2904.392541
1234999 2981.805658
1235999 2786.003229
1236999 2905.678220
1237999 2988.290426
1238999 3040.452337
1239999 2896.736729
1240999 2880.291039
1241999 2871.048824
1242999 1524.479827
1243999 3037.171626
1244999 2934.415346
1245999 2825.433128
1246999 3081.260515
1247999 3093.293296
1248999 2931.397234
1249999 2921.741409
1250999 3037.231002
1251999 2901.724787
1252999 2007.945967
1253999 3012.505778
1254999 2901.501425
1255999 3035.103436
1256999 2835.095579
1257999 2952.665442
1258999 2887.926324
1259999 2961.679162
1260999 2873.378083
1261999 3120.827007
1262999 2867.023091
1263999 2999.759239
1264999 2858.930917
1265999 2877.181936
1266999 2913.678240
1267999 2933.408292
1268999 2956.526860
1269999 2843.043124
1270999 2877.967863
1271999 2898.485101
1272999 3010.895100
1273999 1015.393842
1274999 2900.717899
1275999 2970.898330
1276999 2787.175261
1277999 2828.533460
1278999 1618.053826
1279999 2853.442461
1280999 3014.272931
1281999 2939.316033
1282999 2834.757340
1283999 2884.181563
1284999 2960.208744
1285999 2846.027609
1286999 3066.737417
1287999 2917.421858
1288999 2872.281170
1289999 2806.197599
1290999 2812.689448
1291999 2804.127365
1292999 2989.413526
1293999 2924.615108
1294999 2808.083040
1295999 2817.798942
1296999 2902.499922
1297999 2985.271126
1298999 2931.725921
1299999 2926.623125
1300999 2302.361659
1301999 2897.084067
1302999 2856.795310
1303999 2984.114792
1304999 2827.553182
1305999 2934.353868
1306999 3018.628909
1307999 2969.644522
1308999 2759.555239
1309999 3000.334327
1310999 3046.551888
1311999 2918.981952
1312999 2938.150062
1313999 2797.207137
1314999 2873.456554
1315999 2922.270263
1316999 2926.417911
1317999 2866.693601
1318999 2924.041049
1319999 2634.768183
1320999 2876.640535
1321999 2826.794129
1322999 1158.775419
1323999 3029.840632
1324999 2936.433313
1325999 2874.693129
1326999 2994.357352
1327999 2127.511261
1328999 141.366439
1329999 2849.214169
1330999 2881.483512
1331999 2943.772030
1332999 2842.451933
1333999 2912.433190
1334999 2895.745533
1335999 2970.769172
1336999 2932.239319
1337999 591.846626
1338999 2981.897544
1339999 2787.194476
1340999 3018.451845
1341999 3048.218921
1342999 2887.187412
1343999 2905.086219
1344999 2910.336902
1345999 2979.103058
1346999 2804.672354
1347999 2834.839493
1348999 2881.267725
1349999 2772.842645
1350999 3076.691720
1351999 2994.680235
1352999 3028.214496
1353999 2900.052405
1354999 2955.021917
1355999 3040.401191
1356999 2660.877011
1357999 3013.522155
1358999 2885.192436
1359999 2960.893300
1360999 2920.309918
1361999 3048.840816
1362999 2937.208283
1363999 2855.937517
1364999 2954.693897
1365999 3016.439499
1366999 2838.634088
1367999 2995.156172
1368999 2897.451386
1369999 2978.893675
1370999 2890.760024
1371999 3113.961375
1372999 2850.786606
1373999 2887.511894
1374999 2748.786392
1375999 2919.725243
1376999 2923.385549
1377999 3046.348688
1378999 2838.250788
1379999 2942.500588
1380999 2982.785007
1381999 2863.481885
1382999 2955.437125
1383999 2879.573481
1384999 3011.252196
1385999 2905.866043
1386999 2915.642583
1387999 2913.702268
1388999 2952.850916
1389999 2929.306104
1390999 2890.470398
1391999 2963.839963
1392999 3013.568327
1393999 2976.703597
1394999 2877.734100
1395999 2852.448888
1396999 2896.678415
1397999 3025.009783
1398999 3031.419763
1399999 2974.492231
1400999 2932.816655
1401999 3029.674046
1402999 3149.569618
1403999 3082.910387
1404999 3057.622435
1405999 3023.660384
1406999 3073.556611
1407999 2936.054880
1408999 3010.444834
1409999 3029.472465
1410999 3082.471652
1411999 3021.691990
1412999 2941.855497
1413999 2922.927041
1414999 3033.582519
1415999 3137.815990
1416999 2889.730665
1417999 2967.628999
1418999 1537.946280
1419999 238.592623
1420999 3005.081944
1421999 2937.398838
1422999 3024.672954
1423999 3020.605090
1424999 3061.952168
1425999 3068.454446
1426999 3025.111812
1427999 2942.110053
1428999 3026.865482
1429999 -24.981442
1430999 3080.057266
1431999 3196.753311
1432999 3080.694814
1433999 2763.561486
1434999 3033.592226
1435999 3206.024283
1436999 3062.401864
1437999 2911.789710
1438999 3215.023622
1439999 2978.940927
1440999 3143.518178
1441999 3118.258563
1442999 3087.777223
1443999 3110.050202
1444999 3142.973450
1445999 3045.258576
1446999 3145.965972
1447999 3084.610376
1448999 3202.606574
1449999 3122.934947
1450999 3159.603852
1451999 3076.993286
1452999 3072.493046
1453999 3182.202159
1454999 3196.279656
1455999 3120.659051
1456999 3123.483760
1457999 3162.123851
1458999 3163.503815
1459999 3144.230639
1460999 3036.715110
1461999 3199.346650
1462999 3096.593765
1463999 3024.733810
1464999 3124.666937
1465999 3073.500470
1466999 2974.466958
1467999 3231.345723
1468999 3190.785188
1469999 3109.853062
1470999 8.028722
1471999 3214.831265
1472999 3017.177859
1473999 2980.146231
1474999 1415.846109
1475999 2964.049455
1476999 3087.180721
1477999 3044.124647
1478999 3056.680077
1479999 3053.834784
1480999 3016.552598
1481999 3284.502140
1482999 2991.181645
1483999 2936.626692
1484999 3008.231092
1485999 3121.874697
1486999 3088.958917
1487999 3066.947938
1488999 2997.627381
1489999 2959.927987
1490999 3039.185717
1491999 3045.063169
1492999 3116.020568
1493999 3132.427409
1494999 2778.630277
1495999 3152.889154
1496999 2990.454505
1497999 3003.331059
1498999 3014.613938
1499999 25.070344
1500999 3045.110663
1501999 3019.431065
1502999 2936.797868
1503999 2936.841423
1504999 3046.194697
1505999 3125.510321
1506999 3031.305862
1507999 1992.792134
1508999 3025.853482
1509999 2930.009887
1510999 3168.387605
1511999 3026.197285
1512999 3065.871575
1513999 3201.697775
1514999 3029.250983
1515999 3093.134728
1516999 3016.809551
1517999 2979.894319
1518999 349.109305
1519999 3083.113031
1520999 2934.188107
1521999 3014.768422
1522999 2901.776234
1523999 2976.292581
1524999 2918.386607
1525999 3129.907741
1526999 2886.559169
1527999 3047.991134
1528999 2854.419881
1529999 2954.967407
1530999 3076.686726
1531999 2979.723140
1532999 2949.557909
1533999 2982.193202
1534999 2972.523461
1535999 2857.229684
1536999 2862.158428
1537999 1136.944629
1538999 2973.061517
1539999 3100.152615
1540999 196.194639
1541999 3036.175751
1542999 2953.875988
1543999 2932.137648
1544999 3130.951914
1545999 2437.610775
1546999 3091.332080
1547999 2976.570093
1548999 2985.451662
1549999 3122.883223
1550999 2962.549871
1551999 2935.203239
1552999 31.297916
1553999 2973.023125
1554999 3035.682893
1555999 2917.222991
1556999 3009.350863
1557999 2971.687413
1558999 3036.988458
1559999 3047.793952
1560999 3007.820239
1561999 2987.630340
1562999 3024.340594
1563999 3174.198621
1564999 3029.161918
1565999 3116.886823
1566999 3084.990739
1567999 3120.401787
1568999 3071.199204
1569999 2869.387621
1570999 3109.566410
1571999 3098.927036
1572999 3161.360255
1573999 3042.724118
1574999 3100.287720
1575999 3049.804165
1576999 1980.431020
1577999 3262.654404
1578999 3107.371141
1579999 206.567379
1580999 3248.190365
1581999 3129.240099
1582999 2965.623579
1583999 2931.589366
1584999 3111.968134
1585999 3024.254425
1586999 3016.296493
1587999 3069.606409
1588999 480.611214
1589999 2863.892986
1590999 -39.181433
1591999 3013.592915
1592999 3040.270441
1593999 3089.561274
1594999 3195.176440
1595999 3137.509328
1596999 3227.938470
1597999 3007.176352
1598999 3118.757332
1599999 3040.155656
1600999 2938.299062
1601999 3071.404615
1602999 2984.381700
1603999 3015.081507
1604999 3063.429962
1605999 3016.456193
1606999 994.814366
1607999 3168.539711
1608999 3044.156935
1609999 2915.303796
1610999 1082.132189
1611999 3231.743109
1612999 3072.602476
1613999 2960.236031
1614999 2967.099667
1615999 3099.545767
1616999 2971.073641
1617999 3114.537993
1618999 2987.540525
1619999 3184.855196
1620999 3074.861060
1621999 3096.676106
1622999 3015.713311
1623999 3237.143635
1624999 3189.685418
1625999 3099.992958
1626999 2968.690926
1627999 3202.905154
1628999 3182.830684
1629999 3239.070396
1630999 2856.618050
1631999 3097.892455
1632999 3038.224428
1633999 3001.726752
1634999 3265.134081
1635999 3248.368834
1636999 3162.534204
1637999 3010.381347
1638999 3136.395479
1639999 3007.851963
1640999 3023.845043
1641999 3094.488454
1642999 3058.937207
1643999 3033.595742
1644999 3196.682378
1645999 2969.331605
1646999 2876.020332
1647999 3163.225978
1648999 3123.540306
1649999 3199.954118
1650999 3088.412208
1651999 3198.587488
1652999 3194.142693
1653999 3309.943161
1654999 3109.041705
1655999 2951.822879
1656999 3251.113945
1657999 3121.299013
1658999 4.631916
1659999 3083.562122
1660999 2974.214799
1661999 3120.322058
1662999 3265.878502
1663999 3302.449296
1664999 2051.407770
1665999 3174.711125
1666999 3101.644673
1667999 3106.050155
1668999 3158.421265
1669999 3191.694477
1670999 3284.171555
1671999 3307.133763
1672999 2984.492443
1673999 3123.501549
1674999 3393.868764
1675999 3113.523734
1676999 3079.425519
1677999 3176.853468
1678999 3322.888228
1679999 3258.458724
1680999 3138.379696
1681999 3301.712910
1682999 1231.815939
1683999 1420.393247
1684999 -135.987028
1685999 3154.338591
1686999 3111.396530
1687999 1187.436458
1688999 3133.635225
1689999 3264.604975
1690999 3015.774945
1691999 3293.717456
1692999 3016.260551
1693999 3115.416983
1694999 -154.679109
1695999 3341.616259
1696999 3240.959808
1697999 3274.894258
1698999 3219.768658
1699999 3246.860726
1700999 3207.153069
1701999 3132.951871
1702999 3263.968437
1703999 3123.242455
1704999 3002.981888
1705999 3166.678995
1706999 3351.601035
1707999 3202.849092
1708999 3062.411921
1709999 3227.008855
1710999 3199.685156
1711999 3021.712226
1712999 3269.337334
1713999 3046.853524
1714999 3005.823252
1715999 3168.096412
1716999 3179.865052
1717999 3259.739429
1718999 1201.733772
1719999 3283.736213
1720999 3279.693968
1721999 3203.249869
1722999 1207.800342
1723999 3331.312501
1724999 3168.029564
1725999 3295.019782
1726999 3269.314788
1727999 3211.763390
1728999 3299.721230
1729999 342.416939
1730999 3156.780183
1731999 3034.077350
1732999 3166.448852
1733999 219.696033
1734999 2122.874153
1735999 3377.006779
1736999 3156.170824
1737999 3327.010717
1738999 3273.106181
1739999 2050.911521
1740999 3117.251823
1741999 3184.204836
1742999 3244.323589
1743999 3138.551392
1744999 3208.704313
1745999 3320.017704
1746999 3132.286437
1747999 3240.712211
1748999 3187.195499
1749999 3292.799486
1750999 3109.833553
1751999 3121.869782
1752999 3215.025437
1753999 3284.567788
1754999 3022.630853
1755999 3142.074634
1756999 3139.669434
1757999 3286.186904
1758999 3269.231190
1759999 3030.840960
1760999 3347.016756
1761999 3110.815486
1762999 3200.979373
1763999 3280.980191
1764999 3216.986002
1765999 3145.771138
1766999 3229.683313
1767999 3113.805332
1768999 3221.953719
1769999 3197.246361
1770999 3134.913549
1771999 3235.720898
1772999 3280.050197
1773999 3280.807999
1774999 3137.378537
1775999 3098.222809
1776999 3265.769750
1777999 3372.213033
1778999 3211.366380
1779999 3188.213914
1780999 2713.135732
1781999 3159.415347
1782999 3212.272532
1783999 3159.133942
1784999 3205.692527
1785999 3141.160390
1786999 3312.684891
1787999 3289.125720
1788999 3179.773088
1789999 3140.705382
1790999 3165.940235
1791999 3207.255666
1792999 3104.882404
1793999 3104.712249
1794999 3246.739806
1795999 3082.920067
1796999 3271.410824
1797999 3292.930989
1798999 3102.147782
1799999 3196.582027
1800999 3243.756514
1801999 3219.727331
1802999 3290.669882
1803999 3212.778161
1804999 3167.758430
1805999 3134.265331
1806999 3270.155647
1807999 3276.617773
1808999 3207.811503
1809999 3137.211218
1810999 3170.759146
1811999 3262.405583
1812999 3135.060334
1813999 3280.738128
1814999 3245.027700
1815999 3313.455655
1816999 3114.804850
1817999 2251.250260
1818999 3285.928115
1819999 3131.131479
1820999 3242.736109
1821999 3282.653083
1822999 3195.762738
1823999 3238.895332
1824999 3265.546051
1825999 3232.313086
1826999 3286.420570
1827999 3223.570666
1828999 3265.213677
1829999 3171.330043
1830999 3431.389727
1831999 3151.488907
1832999 3265.012920
1833999 3221.177388
1834999 3239.029669
1835999 3078.869765
1836999 3210.382896
1837999 3150.843695
1838999 3264.670677
1839999 3196.352200
1840999 3065.897972
1841999 3204.592471
1842999 3247.582503
1843999 3276.019317
1844999 3097.859866
1845999 3222.860938
1846999 3334.223489
1847999 3163.253615
1848999 3124.300859
1849999 3131.445091
1850999 3238.664666
1851999 3248.717686
1852999 3213.192470
1853999 3170.286186
1854999 3206.630390
1855999 3214.178858
1856999 3382.544011
1857999 3247.529569
1858999 3017.258901
1859999 3268.749014
1860999 3158.388297
1861999 3170.981694
1862999 3163.968023
1863999 1683.975402
1864999 3175.938945
1865999 3183.158756
1866999 3214.781401
1867999 3270.909617
1868999 3244.765041
1869999 3167.660971
1870999 3285.200118
1871999 3225.459652
1872999 3214.587786
1873999 3239.671868
1874999 3363.883079
1875999 3238.120252
1876999 3213.695388
1877999 3341.488116
1878999 3275.270926
1879999 3309.330011
1880999 3238.383926
1881999 3362.943483
1882999 3306.446964
1883999 1141.551300
1884999 3116.935591
1885999 3401.244581
1886999 3267.318685
1887999 3246.329729
1888999 3265.414581
1889999 3331.175753
1890999 3342.116207
1891999 3262.493889
1892999 3212.030057
1893999 3016.623861
1894999 3214.627710
1895999 3131.894333
1896999 3156.411949
1897999 3194.044204
1898999 3206.376291
1899999 3212.206516
1900999 3242.820421
1901999 3219.059286
1902999 3010.339866
1903999 3240.811122
1904999 3092.868401
1905999 3190.810086
1906999 2954.696282
1907999 1315.774175
1908999 1265.461751
1909999 3223.076345
1910999 3144.578106
1911999 3002.892495
1912999 3033.402913
1913999 3128.191297
1914999 3182.908542
1915999 2365.027602
1916999 3120.978932
1917999 3242.549717
1918999 1710.468849
1919999 3094.327879
1920999 84.234970
1921999 2947.912958
1922999 3349.550065
1923999 3050.546216
1924999 3259.709475
1925999 2087.624385
1926999 3241.858587
1927999 3113.797752
1928999 2594.786783
1929999 3103.052644
1930999 3062.536879
1931999 -22.451954
1932999 3232.795601
1933999 3270.451237
1934999 3202.966987
1935999 3208.746636
1936999 2894.593029
1937999 3202.295869
1938999 3160.660635
1939999 2251.569031
1940999 3196.822031
1941999 3075.580077
1942999 3143.606156
1943999 3184.333558
1944999 1270.905125
1945999 3205.778706
1946999 3206.179835
1947999 3114.767180
1948999 3027.010303
1949999 3015.180230
1950999 3219.712941
1951999 3265.535403
1952999 3190.350948
1953999 3116.540839
1954999 3219.171354
1955999 3301.716647
1956999 3056.936282
1957999 3209.127272
1958999 3214.739366
1959999 3247.088803
1960999 2954.020491
1961999 3036.585108
1962999 3065.026494
1963999 3208.516803
1964999 3411.295240
1965999 3365.100596
1966999 3167.600692
1967999 3179.015195
1968999 3240.825371
1969999 3199.754749
1970999 3005.642972
1971999 3226.971459
1972999 3106.848732
1973999 3280.808372
1974999 3197.145750
1975999 3124.973853
1976999 3156.660760
1977999 3113.479063
1978999 3234.765535
1979999 3098.778393
1980999 3284.872437
1981999 3127.324996
1982999 2976.962506
1983999 3160.199211
1984999 3099.184003
1985999 2988.767356
1986999 3225.545828
1987999 2965.857757
1988999 3036.058444
1989999 3211.861201
1990999 3159.194534
1991999 3065.976244
1992999 2994.372034
1993999 3381.790274
1994999 2995.930451
1995999 3193.984986
1996999 3044.994158
1997999 3071.157233
1998999 3103.362717
1999999 3164.131148
