999 -298.215944
1999 -327.886249
2999 -289.707424
3999 -412.546243
4999 -267.993514
5999 -393.933591
6999 -196.562748
7999 -587.087378
8999 -198.180578
9999 -247.342744
10999 -294.822355
11999 -348.669277
12999 -430.911624
13999 -309.076426
14999 -348.805158
15999 -268.403783
16999 -242.749117
17999 -243.653537
18999 -179.635750
19999 -253.659108
20999 -284.513019
21999 -201.513989
22999 -301.046318
23999 -284.684676
24999 -181.064765
25999 -204.163760
26999 -196.619656
27999 -118.231560
28999 -217.333328
29999 -217.699421
30999 -75.785526
31999 -111.980018
32999 -124.812139
33999 -70.635954
34999 -147.734952
35999 -107.787669
36999 -42.073468
37999 -105.734250
38999 -60.013415
39999 -89.701600
40999 -215.216637
41999 -47.678251
42999 -22.273474
43999 -154.936606
44999 -0.773751
45999 -13.191206
46999 -26.633916
47999 -3.152333
48999 -99.021410
49999 30.608503
50999 -29.021633
51999 96.067649
52999 135.167512
53999 97.661741
54999 130.277785
55999 142.600316
56999 214.093391
57999 159.624550
58999 -47.891936
59999 253.417175
60999 309.763347
61999 181.462835
62999 250.230516
63999 245.876720
64999 290.577116
65999 348.334441
66999 379.396290
67999 -45.679305
68999 97.968970
69999 407.070618
70999 381.512581
71999 27.796425
72999 195.475147
73999 360.394857
74999 452.629249
75999 475.140486
76999 514.905151
77999 524.476656
78999 534.439056
79999 511.883933
80999 579.513634
81999 554.074685
82999 335.605544
83999 669.297879
84999 745.290410
85999 573.979853
86999 237.210001
87999 -26.457718
88999 -158.838393
89999 741.274680
90999 479.227571
91999 748.329102
92999 741.088430
93999 660.378192
94999 54.392541
95999 667.198758
96999 716.632284
97999 760.918537
98999 831.870322
99999 818.495309
100999 896.782964
101999 785.682995
102999 775.096756
103999 862.689268
104999 162.211128
105999 899.605603
106999 824.614308
107999 901.055470
108999 831.080939
109999 1066.953509
110999 611.843443
111999 79.225301
112999 986.347639
113999 892.110174
114999 369.775403
115999 960.034479
116999 749.497171
117999 953.428456
118999 968.339287
119999 1143.577817
120999 1038.598350
121999 874.192267
122999 407.226024
123999 1089.914159
124999 1007.482303
125999 413.629463
126999 40.102691
127999 1036.160065
128999 796.525517
129999 1128.966453
130999 861.562049
131999 1221.636503
132999 1082.853644
133999 1231.185973
134999 465.742019
135999 1063.752895
136999 220.247775
137999 1105.431093
138999 1163.652701
139999 299.377477
140999 1098.133026
141999 1247.863031
142999 1105.370156
143999 421.695670
144999 1265.490237
145999 1266.012762
146999 1127.620036
147999 1241.481406
148999 1233.865886
149999 842.629140
150999 473.246454
151999 1344.711879
152999 1351.627094
153999 1344.090209
154999 1316.983981
155999 1229.111202
156999 1408.420890
157999 1435.000063
158999 1285.789332
159999 1288.100942
160999 49.722086
161999 1278.885408
162999 1293.313090
163999 1297.554598
164999 1471.906018
165999 1213.846740
166999 1398.955649
167999 1315.184414
168999 1289.940101
169999 1342.516073
170999 -31.834480
171999 697.808520
172999 1304.856780
173999 1289.545882
174999 1301.900969
175999 1374.268765
176999 1139.707103
177999 1445.564924
178999 1514.814319
179999 1485.905682
180999 1374.028723
181999 1347.078866
182999 253.311395
183999 1417.822232
184999 218.188214
185999 1411.319579
186999 1521.363578
187999 496.633270
188999 1422.685673
189999 1290.297325
190999 1430.373014
191999 870.597140
192999 1481.038658
193999 1436.140095
194999 1497.524476
195999 1532.380196
196999 974.411663
197999 1482.461209
198999 1470.587863
199999 376.996466
200999 1560.197557
201999 1434.489561
202999 1545.546179
203999 1691.811426
204999 1195.345820
205999 432.057018
206999 369.380749
207999 1570.611294
208999 1551.722926
209999 1548.494900
210999 1663.121564
211999 992.127731
212999 82.805089
213999 1626.839138
214999 58.374647
215999 1554.432314
216999 1487.075449
217999 849.155248
218999 759.034235
219999 1521.220433
220999 1596.829163
221999 1561.544307
222999 1592.624821
223999 136.429418
224999 -39.483720
225999 1716.505857
226999 1704.750566
227999 1557.675769
228999 1133.708372
229999 1319.519775
230999 1601.476969
231999 1584.745561
232999 1637.430317
233999 1646.112435
234999 313.621056
235999 719.411587
236999 1587.709338
237999 1532.393027
238999 661.825946
239999 1846.336091
240999 1671.647223
241999 1744.510003
242999 1796.426741
243999 682.428064
244999 1610.471490
245999 1622.035640
246999 1629.468696
247999 1683.489768
248999 1764.638100
249999 1781.984509
250999 1646.589017
251999 545.343276
252999 1692.073114
253999 1787.329092
254999 1631.531096
255999 1434.879304
256999 1700.757441
257999 1241.722642
258999 1711.049871
259999 1653.346749
260999 1758.376175
261999 1659.796288
262999 1282.778007
263999 1626.472317
264999 1602.572540
265999 1757.192552
266999 1804.327281
267999 112.847192
268999 1759.821633
269999 1750.134534
270999 1916.626361
271999 1891.459613
272999 490.979242
273999 1761.216454
274999 1820.023791
275999 1775.259301
276999 1800.924678
277999 1776.352390
278999 1857.267425
279999 1799.703090
280999 1824.487593
281999 1862.243917
282999 1827.504573
283999 944.065278
284999 1708.836561
285999 1878.996246
286999 1848.774751
287999 1605.932875
288999 1364.870413
289999 6.154975
290999 1721.602061
291999 1765.560703
292999 1853.330192
293999 1749.143611
294999 1725.345184
295999 1143.032034
296999 1742.959001
297999 1802.505521
298999 1559.447684
299999 1785.195971
300999 1630.600698
301999 1081.570484
302999 1835.318783
303999 477.377998
304999 726.935443
305999 1804.096984
306999 1796.760525
307999 664.421077
308999 1670.775030
309999 1929.668311
310999 1127.816093
311999 269.296985
312999 1898.860709
313999 1893.828356
314999 1820.072500
315999 1986.568479
316999 378.500335
317999 1848.112824
318999 1844.041249
319999 1799.623776
320999 1793.348856
321999 591.306557
322999 1838.995421
323999 1997.870132
324999 2005.346658
325999 986.089128
326999 1976.636417
327999 1905.485382
328999 1936.163875
329999 1746.177046
330999 1944.702344
331999 1660.827386
332999 1934.670704
333999 1823.089956
334999 1981.820554
335999 1874.449118
336999 2004.355840
337999 1949.954817
338999 1211.051383
339999 1883.227682
340999 2014.448891
341999 1912.160923
342999 1925.752364
343999 1956.564734
344999 2002.005468
345999 2000.710323
346999 2008.426718
347999 2105.278441
348999 919.755222
349999 1940.814682
350999 2053.442709
351999 1944.705187
352999 2084.698564
353999 501.056273
354999 1423.214613
355999 1915.954553
356999 941.940915
357999 729.270338
358999 2086.921985
359999 1967.740078
360999 669.014636
361999 2025.839605
362999 1994.859417
363999 1909.575660
364999 1985.234901
365999 1992.915313
366999 1991.347540
367999 1870.963346
368999 1403.936495
369999 1095.934707
370999 2110.161947
371999 1587.980522
372999 2072.603766
373999 1908.171839
374999 2047.468723
375999 1905.695048
376999 1859.583287
377999 1892.933514
378999 2061.659771
379999 2028.192147
380999 1964.879117
381999 1966.056833
382999 1931.860783
383999 1926.550420
384999 914.574397
385999 1462.228715
386999 1938.404150
387999 105.230619
388999 1733.406599
389999 1186.118778
390999 1946.784605
391999 2057.915488
392999 1924.611192
393999 2073.832259
394999 2055.011120
395999 1893.417076
396999 1953.092473
397999 572.500553
398999 1816.378237
399999 47.037395
400999 1956.838070
401999 619.400383
402999 186.860159
403999 1863.358071
404999 1475.987437
405999 598.258975
406999 1651.525046
407999 2130.963498
408999 2049.239696
409999 248.907067
410999 1831.195437
411999 1885.212952
412999 2041.396885
413999 1818.024055
414999 2059.852832
415999 2050.170147
416999 1983.159746
417999 429.782651
418999 2051.912068
419999 1585.750120
420999 1956.067854
421999 504.706507
422999 711.674666
423999 2146.196283
424999 2052.540267
425999 2037.155954
426999 2106.407730
427999 2068.905824
428999 2017.717199
429999 2018.488424
430999 1900.374355
431999 2052.242386
432999 2110.472038
433999 1984.076366
434999 2027.260359
435999 1845.341838
436999 2028.044547
437999 2003.991826
438999 2062.499465
439999 1530.727403
440999 2084.971997
441999 2107.322613
442999 2037.178844
443999 515.238391
444999 1838.580818
445999 2064.445507
446999 1904.020921
447999 1694.929144
448999 1960.204150
449999 1818.360348
450999 2029.819413
451999 2173.173057
452999 1879.712888
453999 2041.659230
454999 1931.613264
455999 2095.931838
456999 2005.461884
457999 2102.037842
458999 2093.666047
459999 1923.400945
460999 2158.160113
461999 2032.949260
462999 2181.060545
463999 2150.537807
464999 374.546227
465999 2055.852427
466999 2067.404209
467999 2143.654223
468999 2050.936007
469999 1917.729495
470999 2154.134427
471999 2138.653822
472999 2021.861059
473999 1705.904120
474999 2004.846295
475999 2108.565839
476999 1977.158513
477999 2087.201013
478999 2062.563919
479999 2067.935260
480999 2255.397311
481999 2140.688575
482999 2145.708695
483999 1971.805168
484999 2044.453698
485999 2074.422615
486999 2057.652246
487999 2188.175133
488999 2155.293478
489999 806.179013
490999 2073.882209
491999 2067.178608
492999 2095.011096
493999 727.477986
494999 2104.661650
495999 2164.088004
496999 2135.988114
497999 2074.409899
498999 2110.846765
499999 2071.877292
500999 2220.773486
501999 1965.745332
502999 2114.815083
503999 2061.220368
504999 2315.203656
505999 2197.229076
506999 2229.935510
507999 2121.637676
508999 983.325871
509999 2113.763098
510999 2132.793678
511999 2154.045739
512999 2097.353889
513999 2056.096823
514999 2278.902994
515999 2091.388506
516999 2065.512769
517999 1128.376802
518999 2189.893888
519999 2265.722569
520999 2134.036043
521999 737.534061
522999 2180.009369
523999 2149.381808
524999 2123.214891
525999 2047.901220
526999 2150.949156
527999 2124.890410
528999 2130.698718
529999 2177.265439
530999 2140.853862
531999 2152.703400
532999 1988.489996
533999 2197.432850
534999 2109.640805
535999 1965.647870
536999 2123.908750
537999 2190.244262
538999 2090.397574
539999 387.755863
540999 1985.250333
541999 1573.680187
542999 2152.445062
543999 2104.054341
544999 2235.580944
545999 2114.853163
546999 2274.293986
547999 2096.141268
548999 2344.287136
549999 2195.207275
550999 2292.808598
551999 2225.958305
552999 2229.377579
553999 2346.676768
554999 2280.467843
555999 2158.218513
556999 2218.595458
557999 2335.859158
558999 2296.761346
559999 2115.060146
560999 2203.995752
561999 2327.592671
562999 2158.363817
563999 655.136718
564999 1649.533949
565999 2245.226589
566999 2070.340134
567999 2091.590459
568999 2250.523794
569999 2195.457512
570999 1291.215241
571999 2277.510577
572999 2170.183759
573999 2177.803038
574999 2231.580429
575999 448.498026
576999 2203.581740
577999 2319.060112
578999 2116.421396
579999 640.166729
580999 777.747043
581999 1521.062499
582999 2340.669064
583999 2296.442142
584999 2285.705267
585999 1303.491400
586999 2309.470961
587999 224.414954
588999 2229.279717
589999 2090.792805
590999 2287.487311
591999 2122.378147
592999 2362.413616
593999 281.313083
594999 300.357450
595999 2077.292654
596999 2195.822019
597999 314.020379
598999 2442.097326
599999 257.132506
600999 2370.284817
601999 2204.035496
602999 2232.478668
603999 2329.911733
604999 2431.972552
605999 2257.940630
606999 2358.325806
607999 2481.031828
608999 2166.812911
609999 2212.143766
610999 1536.028590
611999 1935.189521
612999 2312.358937
613999 2270.252363
614999 2214.218935
615999 2152.168434
616999 1236.141015
617999 2164.139913
618999 2532.169987
619999 2386.509070
620999 468.342730
621999 2211.977079
622999 1065.100838
623999 2355.650453
624999 1580.051202
625999 912.667005
626999 2286.921158
627999 843.103961
628999 2491.873861
629999 783.826782
630999 2155.828767
631999 2347.881609
632999 2271.005596
633999 2306.057859
634999 2164.631327
635999 2353.466815
636999 2244.513613
637999 2274.072972
638999 2124.188040
639999 2442.132585
640999 2202.665644
641999 2221.135508
642999 2404.878048
643999 2340.741944
644999 1290.656483
645999 2474.091288
646999 2247.009629
647999 2416.065171
648999 1924.383320
649999 847.434605
650999 2350.942412
651999 2403.884726
652999 2116.610945
653999 2280.247966
654999 1833.680962
655999 2436.206384
656999 2209.662079
657999 2419.647507
658999 2303.245813
659999 620.684936
660999 1842.802615
661999 2309.839249
662999 2402.482690
663999 2360.094103
664999 2299.915132
665999 2457.246189
666999 2188.660151
667999 2292.937389
668999 2380.827919
669999 976.700247
670999 1865.487065
671999 2457.748285
672999 2307.590847
673999 2299.852510
674999 2404.080771
675999 2362.501710
676999 1125.215519
677999 2487.275552
678999 2340.753912
679999 2448.354031
680999 2395.111220
681999 2360.203807
682999 2212.097136
683999 2326.412918
684999 2311.980210
685999 2410.092578
686999 2312.192624
687999 2394.943566
688999 2470.343073
689999 612.245635
690999 2334.312264
691999 2425.097232
692999 1106.056921
693999 2431.382967
694999 2367.085407
695999 2526.997589
696999 2530.740438
697999 2341.341184
698999 2376.748917
699999 2491.262528
700999 2388.340798
701999 2250.212139
702999 2566.418848
703999 2554.903925
704999 2413.507174
705999 2380.858570
706999 1627.513185
707999 2354.007942
708999 2458.387444
709999 2435.511588
710999 1917.554163
711999 2402.789480
712999 2423.155807
713999 2463.060367
714999 2486.603540
715999 2445.776879
716999 2428.720921
717999 2540.965631
718999 2371.848228
719999 2458.248580
720999 2277.667923
721999 2541.199447
722999 2385.414596
723999 2181.030104
724999 2358.716168
725999 1460.147590
726999 2454.183928
727999 2488.577572
728999 2470.907348
729999 2512.563719
730999 2633.375520
731999 2576.923135
732999 1633.328896
733999 2501.282446
734999 2326.079696
735999 2239.884678
736999 2622.312687
737999 2474.879963
738999 2485.813444
739999 2572.693816
740999 2178.600407
741999 1028.990759
742999 2632.502573
743999 885.525939
744999 2480.675914
745999 1709.776377
746999 112.592538
747999 601.213727
748999 2450.961598
749999 888.435745
750999 673.274823
751999 2454.019596
752999 2639.866583
753999 2548.835647
754999 2409.286967
755999 2463.254904
756999 2433.692388
757999 2678.770829
758999 2065.297759
759999 2501.833383
760999 2149.183992
761999 2406.342592
762999 2504.940997
763999 2428.293307
764999 2343.495707
765999 2443.831592
766999 296.108194
767999 2416.616387
768999 2487.472884
769999 2471.264441
770999 2507.568391
771999 2480.016182
772999 2409.324723
773999 2325.730976
774999 610.931767
775999 2501.649005
776999 631.725636
777999 2505.173328
778999 2401.539870
779999 2487.481420
780999 2505.648750
781999 2381.340112
782999 2511.939495
783999 2518.089704
784999 2338.350897
785999 2509.856711
786999 2558.108241
787999 2435.834095
788999 2430.733114
789999 2488.371719
790999 2399.997689
791999 2404.303468
792999 2334.649352
793999 2463.903572
794999 176.147494
795999 1932.882943
796999 2493.790105
797999 2544.861299
798999 2472.327366
799999 2445.860958
800999 2417.353627
801999 2317.996124
802999 2343.979208
803999 2469.869227
804999 2459.641567
805999 2380.178956
806999 2426.151509
807999 2545.036464
808999 2481.805251
809999 2390.634205
810999 2379.711383
811999 2401.137985
812999 2575.683581
813999 2634.842521
814999 2506.762911
815999 2426.766404
816999 2419.178382
817999 2491.990158
818999 2426.482545
819999 2508.271177
820999 2435.107216
821999 2552.327233
822999 2632.052252
823999 2465.266039
824999 2627.736801
825999 2580.657549
826999 1741.450944
827999 544.200040
828999 2582.866706
829999 2492.024302
830999 2508.121979
831999 2432.325808
832999 2489.804406
833999 2455.706467
834999 2393.086353
835999 2524.184104
836999 2490.261193
837999 2421.562499
838999 2351.434087
839999 2388.303776
840999 2639.516492
841999 2540.265955
842999 2648.147857
843999 1206.851269
844999 2584.617702
845999 2374.544686
846999 2662.301420
847999 2469.489403
848999 2490.491783
849999 2387.381439
850999 2453.621259
851999 284.930461
852999 2510.267643
853999 2497.473494
854999 2573.831251
855999 2536.400307
856999 1083.855820
857999 2642.839885
858999 2423.176473
859999 2515.348738
860999 2481.327099
861999 2454.742942
862999 2612.427100
863999 2546.650743
864999 2512.425928
865999 765.122834
866999 2612.052091
867999 2274.028071
868999 2476.195392
869999 2638.645729
870999 2410.897247
871999 2524.360318
872999 2615.289174
873999 2279.463899
874999 2575.618629
875999 2491.558258
876999 2524.506386
877999 2620.876028
878999 2324.652004
879999 2556.482248
880999 2670.053496
881999 2475.720101
882999 2394.288998
883999 2472.369223
884999 2629.847079
885999 2640.563942
886999 2546.356061
887999 2503.271937
888999 2452.860493
889999 2574.116583
890999 2490.523102
891999 571.971193
892999 2462.615210
893999 2562.210912
894999 2457.595316
895999 2678.232594
896999 2511.826815
897999 2450.724702
898999 2535.324882
899999 2584.474930
900999 2501.593339
901999 2239.042057
902999 2690.196402
903999 2644.958907
904999 2556.411331
905999 2519.094359
906999 2703.358472
907999 2480.849742
908999 2537.924179
909999 2543.059860
910999 2568.899077
911999 2491.179506
912999 2453.149032
913999 2608.796381
914999 2597.630834
915999 2635.242153
916999 2615.891232
917999 2514.384297
918999 2576.815322
919999 2539.319460
920999 2551.313327
921999 1133.110819
922999 2263.962480
923999 2519.636717
924999 2492.034035
925999 2568.363141
926999 2559.466755
927999 2567.028576
928999 2546.804863
929999 2413.575593
930999 2655.997767
931999 2682.068178
932999 2698.292265
933999 2743.426734
934999 2653.500882
935999 2686.278186
936999 2582.745130
937999 2676.759845
938999 2456.054542
939999 2678.505651
940999 1252.466273
941999 2549.419100
942999 2677.656500
943999 2800.106117
944999 2649.593330
945999 2664.603368
946999 2633.659423
947999 2684.012788
948999 2619.688318
949999 2675.991804
950999 2712.406876
951999 2602.099290
952999 2737.473930
953999 2715.865948
954999 2592.870559
955999 1796.668311
956999 2360.778121
957999 2564.407121
958999 1057.896388
959999 2706.184120
960999 1075.376361
961999 2592.626591
962999 2630.663729
963999 2811.653632
964999 -386.658761
965999 2693.866851
966999 2664.269190
967999 2629.375566
968999 2547.071855
969999 2554.693427
970999 2204.791288
971999 2729.339935
972999 1885.622992
973999 2716.442273
974999 2648.987064
975999 2709.785895
976999 2678.884032
977999 -72.874772
978999 2713.376607
979999 2739.515014
980999 2664.026838
981999 2645.037315
982999 2694.272471
983999 2570.530987
984999 2554.723342
985999 2711.471964
986999 511.314056
987999 2528.233233
988999 2580.125782
989999 2632.243283
990999 2621.244624
991999 2645.783707
992999 2643.854574
993999 2624.330337
994999 2760.582074
995999 2713.415157
996999 2839.431238
997999 2663.904169
998999 2719.226492
999999 2735.824988
1000999 2616.804811
1001999 2646.372861
1002999 2690.474421
1003999 2791.190670
1004999 2606.855962
1005999 1035.178793
1006999 2714.848526
1007999 2687.853777
1008999 2673.108330
1009999 2652.382608
1010999 2497.959580
1011999 2656.702990
1012999 2668.218751
1013999 2623.359144
1014999 2727.237719
1015999 2681.695161
1016999 1296.657703
1017999 2618.301052
1018999 111.202374
1019999 1944.404141
1020999 2654.302700
1021999 2517.943669
1022999 2560.892217
1023999 2906.147449
1024999 2771.018854
1025999 2723.664033
1026999 1874.631901
1027999 2753.053566
1028999 2727.525293
1029999 2753.172787
1030999 2897.741342
1031999 2666.547739
1032999 133.488867
1033999 2697.611780
1034999 2712.747459
1035999 2547.264853
1036999 2583.184064
1037999 2556.473735
1038999 2790.198487
1039999 2928.452652
1040999 2519.477590
1041999 950.296053
1042999 2791.692254
1043999 2739.125770
1044999 2794.978103
1045999 2692.701792
1046999 2920.865847
1047999 2487.046587
1048999 2765.376054
1049999 2759.213274
1050999 2786.258617
1051999 2863.299672
1052999 2764.792901
1053999 2802.536849
1054999 2908.129226
1055999 2717.676085
1056999 2664.120302
1057999 2590.177317
1058999 2703.731986
1059999 2670.139989
1060999 2761.639327
1061999 2689.716471
1062999 2760.155224
1063999 2693.711460
1064999 2536.288778
1065999 2606.765795
1066999 2672.283129
1067999 2780.214811
1068999 2654.353976
1069999 2897.877862
1070999 2923.641870
1071999 2812.315560
1072999 2717.731462
1073999 2485.993634
1074999 2634.280168
1075999 2764.971872
1076999 2501.074639
1077999 2819.346464
1078999 231.517236
1079999 2713.519146
1080999 2864.616781
1081999 7.557831
1082999 2734.016874
1083999 2778.462228
1084999 2718.091790
1085999 2954.961514
1086999 2754.903463
1087999 2635.624292
1088999 2731.730636
1089999 2782.699185
1090999 2727.415476
1091999 1579.709388
1092999 -281.356031
1093999 2795.674562
1094999 2630.243572
1095999 2786.776343
1096999 2837.751872
1097999 2779.465448
1098999 2837.046613
1099999 2719.047749
1100999 2707.452647
1101999 2916.504752
1102999 2795.538707
1103999 2900.010296
1104999 2839.109257
1105999 2811.008768
1106999 2913.304707
1107999 2714.978643
1108999 2332.717103
1109999 2737.268035
1110999 2835.630989
1111999 2663.769988
1112999 2694.554472
1113999 2635.565419
1114999 2778.468031
1115999 2656.456918
1116999 1346.456313
1117999 2875.102149
1118999 2800.874289
1119999 2909.380471
1120999 2824.624447
1121999 3029.608715
1122999 2877.225060
1123999 2698.728231
1124999 2739.453135
1125999 2966.701189
1126999 2998.018098
1127999 2883.435327
1128999 2921.216590
1129999 2704.796257
1130999 2908.815433
1131999 2952.709663
1132999 2889.954280
1133999 2918.164173
1134999 3040.142921
1135999 2773.048361
1136999 2781.062311
1137999 2807.507890
1138999 3002.161442
1139999 3025.001416
1140999 2938.950723
1141999 2901.425133
1142999 3037.642155
1143999 2953.303178
1144999 2966.227069
1145999 857.264713
1146999 2895.628835
1147999 3181.347260
1148999 2717.387730
1149999 2982.785900
1150999 2983.814263
1151999 2968.521949
1152999 2854.642241
1153999 2862.576246
1154999 2884.780943
1155999 2828.452711
1156999 2832.744776
1157999 2848.926519
1158999 2880.896549
1159999 2763.959073
1160999 2993.442305
1161999 2643.294878
1162999 2577.999266
1163999 -319.852713
1164999 2701.663291
1165999 2699.572304
1166999 2694.067933
1167999 2689.010173
1168999 2780.772047
1169999 2566.671242
1170999 469.671805
1171999 2983.981663
1172999 2982.748773
1173999 2942.710380
1174999 2803.128311
1175999 2701.732762
1176999 1016.974545
1177999 2781.162882
1178999 2258.604845
1179999 2842.173080
1180999 2919.435392
1181999 2815.226921
1182999 3044.278546
1183999 2996.021555
1184999 2772.181259
1185999 2894.880394
1186999 3015.906610
1187999 2859.879064
1188999 2621.362609
1189999 2848.565439
1190999 2671.309507
1191999 2797.709763
1192999 2635.926051
1193999 2853.354049
1194999 2863.883413
1195999 2671.868210
1196999 2699.355130
1197999 2703.575896
1198999 2574.781999
1199999 2310.648529
1200999 2597.594830
1201999 2146.300095
1202999 2707.462209
1203999 2589.699346
1204999 2634.706020
1205999 2615.714367
1206999 2788.148946
1207999 2584.380439
1208999 2805.177612
1209999 2772.764617
1210999 2714.116959
1211999 2613.268214
1212999 2554.488175
1213999 2879.688047
1214999 2912.534448
1215999 3070.043491
1216999 2804.784791
1217999 2918.100885
1218999 3036.669210
1219999 2608.356459
1220999 2415.405228
1221999 2636.571026
1222999 2889.755591
1223999 2846.687177
1224999 2727.145281
1225999 2802.678330
1226999 2890.954031
1227999 3008.809477
1228999 2902.131291
1229999 2828.067569
1230999 2803.439080
1231999 2847.646607
1232999 3043.415711
1233999 2568.998378
1234999 2752.446534
1235999 1522.465151
1236999 1628.768216
1237999 1595.191342
1238999 1615.085150
1239999 1411.576346
1240999 1611.897572
1241999 1636.900630
1242999 1699.820890
1243999 1621.351315
1244999 1586.420445
1245999 1652.311968
1246999 1536.875701
1247999 1615.735346
1248999 1740.178551
1249999 1593.278206
1250999 1757.372901
1251999 1818.036855
1252999 1717.438755
1253999 1839.602464
1254999 1764.478899
1255999 1780.357322
1256999 2006.160552
1257999 1521.844496
1258999 1631.998846
1259999 1786.546434
1260999 1847.396404
1261999 1806.100110
1262999 1590.081008
1263999 1899.761913
1264999 1930.252564
1265999 1699.829034
1266999 1413.456932
1267999 1520.336569
1268999 1580.361744
1269999 1852.628372
1270999 1849.581798
1271999 1042.110876
1272999 1511.867600
1273999 1131.469176
1274999 1556.841752
1275999 672.963852
1276999 1451.065661
1277999 1447.935037
1278999 1555.319473
1279999 1460.670100
1280999 1443.541068
1281999 1717.363468
1282999 1801.100641
1283999 1763.528865
1284999 1704.949999
1285999 1844.940491
1286999 1629.268064
1287999 1825.516892
1288999 1818.158041
1289999 1862.736082
1290999 1951.882837
1291999 1536.028825
1292999 1704.643401
1293999 1693.695144
1294999 1944.678978
1295999 1777.444399
1296999 1646.156912
1297999 1806.761624
1298999 1500.294006
1299999 1919.519508
1300999 1851.623838
1301999 1701.984011
1302999 1933.816851
1303999 1823.794062
1304999 1733.733518
1305999 1893.799853
1306999 1698.697465
1307999 1942.778651
1308999 1865.754220
1309999 1749.275257
1310999 1727.063571
1311999 1924.844723
1312999 1723.722566
1313999 1789.255221
1314999 1992.359452
1315999 1864.043619
1316999 1908.398219
1317999 1798.361999
1318999 1946.980832
1319999 1771.047256
1320999 1945.623420
1321999 1874.709032
1322999 1843.634323
1323999 1937.842902
1324999 2102.649070
1325999 1783.180667
1326999 1793.799459
1327999 2131.894705
1328999 1921.851141
1329999 2088.137005
1330999 2092.099267
1331999 1836.903947
1332999 1962.908844
1333999 1862.626586
1334999 2053.521907
1335999 1863.114466
1336999 1992.926321
1337999 2064.628002
1338999 2058.429231
1339999 1893.286043
1340999 2032.871668
1341999 1737.567490
1342999 2224.948186
1343999 1893.893854
1344999 2179.234617
1345999 2117.311931
1346999 1563.459399
1347999 2483.862170
1348999 2123.121763
1349999 2153.656761
1350999 2341.206531
1351999 2269.429476
1352999 2033.082362
1353999 2064.592648
1354999 2029.248767
1355999 2205.336221
1356999 2231.368489
1357999 2144.019725
1358999 2224.088794
1359999 2224.854018
1360999 2351.061456
1361999 2484.094306
1362999 2377.066489
1363999 1798.557056
1364999 2343.953436
1365999 2440.125412
1366999 2109.053613
1367999 2354.205612
1368999 2165.301840
1369999 1584.734718
1370999 2205.057230
1371999 2458.052047
1372999 2336.652283
1373999 2161.631001
1374999 2342.781070
1375999 -238.134757
1376999 2299.996221
1377999 2423.516163
1378999 2464.065631
1379999 2228.258528
1380999 2059.947554
1381999 2307.843462
1382999 2350.164148
1383999 2479.521960
1384999 284.788982
1385999 2269.537214
1386999 2336.836434
1387999 2535.866610
1388999 2390.802486
1389999 2277.936281
1390999 2465.890764
1391999 2404.674799
1392999 2309.782823
1393999 2539.282745
1394999 2545.803637
1395999 2497.447610
1396999 2606.120701
1397999 2228.740927
1398999 2559.067631
1399999 2409.540501
1400999 1349.191456
1401999 2543.168535
1402999 952.019346
1403999 2407.183766
1404999 2405.428777
1405999 2338.149101
1406999 2380.443325
1407999 2546.060565
1408999 2886.868757
1409999 1339.715133
1410999 2358.262431
1411999 2393.607365
1412999 1885.053646
1413999 2514.863701
1414999 2585.469901
1415999 2460.148976
1416999 2571.927483
1417999 2439.267368
1418999 2637.187188
1419999 2299.438440
1420999 2585.886659
1421999 2567.030908
1422999 2648.663507
1423999 2447.760646
1424999 2641.398242
1425999 2522.322069
1426999 2635.712480
1427999 2521.212251
1428999 2555.492650
1429999 2648.029895
1430999 2617.324582
1431999 2330.414738
1432999 2656.724437
1433999 2698.699206
1434999 2663.552780
1435999 2654.288370
1436999 2587.941876
1437999 2578.946032
1438999 2610.044024
1439999 1634.813350
1440999 2555.203636
1441999 2508.404680
1442999 2788.346614
1443999 2687.826108
1444999 2590.126108
1445999 2789.005825
1446999 2439.838559
1447999 2601.198917
1448999 2698.750275
1449999 1227.248697
1450999 1080.828898
1451999 2441.535699
1452999 2520.155764
1453999 2738.105397
1454999 2628.880789
1455999 2809.016842
1456999 2595.160217
1457999 2587.504069
1458999 2787.838627
1459999 2694.595827
1460999 2091.902550
1461999 2728.179748
1462999 2719.488242
1463999 2560.061315
1464999 1402.378124
1465999 634.492189
1466999 862.107427
1467999 2797.830231
1468999 2692.453229
1469999 2625.845234
1470999 1649.717217
1471999 2674.991668
1472999 2654.893041
1473999 2562.374925
1474999 2824.485843
1475999 2782.871565
1476999 2356.126503
1477999 2581.903257
1478999 136.666433
1479999 -103.277683
1480999 2737.505448
1481999 2684.749307
1482999 2617.967843
1483999 2542.362129
1484999 2679.122108
1485999 -131.195886
1486999 1412.404207
1487999 2682.621439
1488999 2009.770365
1489999 2672.006567
1490999 2609.078934
1491999 2727.590250
1492999 2737.676839
1493999 2510.155916
1494999 2619.339461
1495999 1236.236413
1496999 -161.359556
1497999 2860.915807
1498999 404.992645
1499999 2821.804675
1500999 2743.975749
1501999 2331.735383
1502999 2744.104616
1503999 2581.908757
1504999 2652.077660
1505999 2640.991383
1506999 1516.091047
1507999 2705.866350
1508999 2678.754643
1509999 2718.731780
1510999 2648.055781
1511999 2716.642127
1512999 2598.191824
1513999 2396.298191
1514999 2466.700241
1515999 2517.556708
1516999 2124.695482
1517999 2337.096792
1518999 2843.223318
1519999 2684.296015
1520999 2455.141360
1521999 2620.125407
1522999 2670.351690
1523999 1734.529804
1524999 2486.671929
1525999 2605.994351
1526999 1317.209095
1527999 868.136394
1528999 956.179612
1529999 1415.184231
1530999 2755.288806
1531999 2794.101720
1532999 2726.058890
1533999 1810.824195
1534999 2383.891492
1535999 1473.239235
1536999 2463.434184
1537999 379.016900
1538999 28.011766
1539999 2791.247640
1540999 805.123502
1541999 -159.971970
1542999 1579.193867
1543999 -105.676755
1544999 2627.484712
1545999 2939.202674
1546999 401.593726
1547999 1753.508835
1548999 1097.370883
1549999 2827.307004
1550999 864.719384
1551999 533.455420
1552999 -76.288800
1553999 2751.246945
1554999 2795.648912
1555999 2522.043222
1556999 2869.948465
1557999 2575.828722
1558999 1946.808523
1559999 119.336246
1560999 2521.572077
1561999 2339.386489
1562999 307.510972
1563999 2698.454930
1564999 2781.960155
1565999 2433.030892
1566999 1698.415994
1567999 2653.126774
1568999 2710.120322
1569999 2789.930641
1570999 2690.301934
1571999 2401.535170
1572999 2688.151562
1573999 2783.644113
1574999 2681.069848
1575999 1190.868133
1576999 2653.519135
1577999 2724.569160
1578999 1743.036176
1579999 2830.589502
1580999 2223.959176
1581999 2571.021699
1582999 2675.253345
1583999 188.458798
1584999 2866.240891
1585999 2758.405313
1586999 2768.575379
1587999 2710.358051
1588999 2644.402891
1589999 2580.225248
1590999 2641.966492
1591999 2898.298574
1592999 2850.614026
1593999 2482.750633
1594999 2676.211166
1595999 2833.773809
1596999 2571.693907
1597999 120.467881
1598999 1673.599861
1599999 2697.113004
1600999 2690.685266
1601999 2671.484819
1602999 2645.945851
1603999 2728.129163
1604999 2679.005789
1605999 1231.159156
1606999 682.342603
1607999 1986.529478
1608999 2657.834813
1609999 2902.630038
1610999 1031.256556
1611999 2610.149543
1612999 2520.557863
1613999 2687.923060
1614999 2546.401915
1615999 2540.086106
1616999 1313.083353
1617999 691.538717
1618999 2761.450298
1619999 2677.119051
1620999 2281.208385
1621999 2354.477188
1622999 2259.979030
1623999 521.183848
1624999 2272.667755
1625999 2380.864642
1626999 2321.573338
1627999 2180.173599
1628999 2212.808732
1629999 1025.025448
1630999 1473.439342
1631999 2301.592007
1632999 2209.060717
1633999 2417.454351
1634999 2320.382211
1635999 2071.731351
1636999 2382.536826
1637999 2117.137553
1638999 1375.449865
1639999 2217.808549
1640999 2310.575284
1641999 2247.405332
1642999 1991.287721
1643999 2551.597543
1644999 2395.352838
1645999 2248.726369
1646999 2508.360788
1647999 2841.840318
1648999 2368.614471
1649999 2295.699402
1650999 2269.863246
1651999 192.627423
1652999 2093.420597
1653999 2527.018065
1654999 2126.678478
1655999 2519.164110
1656999 2502.470451
1657999 2191.586059
1658999 2644.187809
1659999 2250.095185
1660999 2403.831324
1661999 2245.821330
1662999 2219.320665
1663999 2199.031618
1664999 2163.842747
1665999 2122.686701
1666999 2120.973108
1667999 2333.385801
1668999 2217.363089
1669999 2043.158740
1670999 2401.371811
1671999 2197.931679
1672999 2466.177388
1673999 2232.245152
1674999 2271.978707
1675999 2380.281859
1676999 2731.250866
1677999 1897.213132
1678999 2379.961618
1679999 2148.050104
1680999 2148.380022
1681999 2252.520222
1682999 2206.334995
1683999 2326.777912
1684999 2301.122672
1685999 2224.505225
1686999 2499.076193
1687999 2191.754772
1688999 2476.892301
1689999 2147.240478
1690999 2139.882601
1691999 2312.443259
1692999 1645.449564
1693999 2132.457589
1694999 2291.228723
1695999 2229.523398
1696999 2246.408718
1697999 2232.212636
1698999 2304.344403
1699999 2116.002723
1700999 2242.186562
1701999 2161.100114
1702999 2235.705725
1703999 2321.718518
1704999 2204.743049
1705999 2212.198090
1706999 2191.764088
1707999 2448.056663
1708999 2327.498593
1709999 2160.646850
1710999 2185.231827
1711999 2070.433950
1712999 2117.904716
1713999 2131.402824
1714999 2240.420377
1715999 2065.483225
1716999 2116.195353
1717999 2265.843979
1718999 2009.685035
1719999 2082.070914
1720999 2112.595102
1721999 1649.778687
1722999 1879.127873
1723999 1747.088118
1724999 1721.189413
1725999 1710.606770
1726999 631.657986
1727999 1877.260757
1728999 1766.189873
1729999 1793.494001
1730999 1873.793640
1731999 1862.986631
1732999 1985.115530
1733999 1800.500908
1734999 2054.489126
1735999 1847.030674
1736999 1316.814758
1737999 1599.318732
1738999 1865.018429
1739999 1984.485479
1740999 1840.835558
1741999 1763.631529
1742999 1787.222672
1743999 1605.258512
1744999 1707.713668
1745999 1775.671883
1746999 487.202994
1747999 1773.182053
1748999 1631.577040
1749999 1800.415416
1750999 1546.414694
1751999 1917.177462
1752999 1980.173460
1753999 1601.068479
1754999 1882.397578
1755999 2009.020386
1756999 1815.139783
1757999 1794.962056
1758999 1783.686235
1759999 1741.000839
1760999 1940.594205
1761999 1981.426351
1762999 1820.392197
1763999 2030.541453
1764999 1865.456814
1765999 1929.611596
1766999 1826.432832
1767999 2295.240515
1768999 1897.251299
1769999 2034.968358
1770999 2012.688466
1771999 1987.493947
1772999 1932.756248
1773999 2390.997206
1774999 2064.819083
1775999 1887.721903
1776999 2090.644872
1777999 1896.116435
1778999 1848.697164
1779999 2102.247868
1780999 1860.777178
1781999 2011.685851
1782999 1987.653869
1783999 2163.637611
1784999 2152.596679
1785999 2046.614816
1786999 1997.841834
1787999 2084.248864
1788999 2079.354367
1789999 1987.072621
1790999 2049.954856
1791999 747.610286
1792999 2034.197028
1793999 2041.107985
1794999 2203.683785
1795999 2154.944582
1796999 2217.421204
1797999 2076.170715
1798999 2120.354386
1799999 2121.376686
1800999 2062.633613
1801999 2086.076958
1802999 806.272296
1803999 2234.698447
1804999 1826.631300
1805999 1931.418729
1806999 2163.485428
1807999 2040.197094
1808999 613.447039
1809999 2420.802674
1810999 2107.539932
1811999 2167.769313
1812999 2139.903279
1813999 2197.602694
1814999 2427.462741
1815999 2528.742094
1816999 2233.144841
1817999 2426.188432
1818999 1210.968501
1819999 2292.034329
1820999 2286.287133
1821999 2233.861082
1822999 2203.224486
1823999 2303.725096
1824999 2253.498987
1825999 2163.530860
1826999 2350.669326
1827999 2502.142780
1828999 2311.901018
1829999 2147.722867
1830999 97.385869
1831999 2451.510044
1832999 1992.253579
1833999 2175.497876
1834999 977.547699
1835999 2199.843589
1836999 595.108208
1837999 159.903086
1838999 1493.282031
1839999 2187.143995
1840999 2385.607893
1841999 1442.632704
1842999 2103.243414
1843999 229.287717
1844999 626.419194
1845999 1492.517457
1846999 442.131864
1847999 2509.211562
1848999 2276.944006
1849999 2236.365421
1850999 382.339332
1851999 1538.558534
1852999 2009.266752
1853999 2206.890083
1854999 -133.760397
1855999 2343.009399
1856999 2265.388706
1857999 478.541737
1858999 2300.674942
1859999 839.434060
1860999 1959.326713
1861999 941.628924
1862999 1359.944264
1863999 1983.149636
1864999 342.656466
1865999 181.904469
1866999 2058.091496
1867999 2204.754344
1868999 1345.591811
1869999 2047.233230
1870999 412.882317
1871999 2192.668325
1872999 2298.737378
1873999 2167.327395
1874999 2274.175601
1875999 2458.712035
1876999 678.087310
1877999 2223.993347
1878999 -258.223568
1879999 1126.870711
1880999 709.028712
1881999 2151.592266
1882999 2112.558289
1883999 425.153869
1884999 -197.456117
1885999 2356.787747
1886999 1502.140105
1887999 220.725103
1888999 704.271024
1889999 2027.522671
1890999 2136.066435
1891999 2217.066765
1892999 2416.757294
1893999 2161.700778
1894999 2210.601047
1895999 2305.638806
1896999 1531.476699
1897999 2033.285487
1898999 2014.406178
1899999 2101.876465
1900999 2064.815824
1901999 203.270479
1902999 1819.666362
1903999 2067.228235
1904999 2180.500791
1905999 2081.887320
1906999 508.714894
1907999 2170.792912
1908999 1786.883000
1909999 2198.674154
1910999 2213.153212
1911999 1942.840150
1912999 2047.272340
1913999 2138.196415
1914999 1628.788411
1915999 1583.854181
1916999 2063.817757
1917999 -4.557884
1918999 2157.927713
1919999 559.512647
1920999 1907.671835
1921999 2216.283178
1922999 2101.698676
1923999 1951.146759
1924999 315.918760
1925999 2173.507745
1926999 2104.116474
1927999 2185.917923
1928999 2143.661331
1929999 2223.397901
1930999 2037.487398
1931999 2271.801527
1932999 2194.755411
1933999 38.558672
1934999 2067.836070
1935999 2121.701744
1936999 -91.332655
1937999 2105.791647
1938999 725.412643
1939999 208.527345
1940999 1747.928469
1941999 2090.908979
1942999 2057.747252
1943999 607.523018
1944999 2024.895126
1945999 -284.859586
1946999 1316.616693
1947999 2040.895908
1948999 1490.465708
1949999 2251.609055
1950999 1965.798922
1951999 2253.883938
1952999 671.811709
1953999 -377.636961
1954999 2113.231491
1955999 2242.575870
1956999 -313.906567
1957999 2366.027617
1958999 630.283896
1959999 2224.077501
1960999 230.965086
1961999 2182.988512
1962999 -166.372110
1963999 717.144746
1964999 2170.462546
1965999 -132.133022
1966999 2155.898761
1967999 2217.151938
1968999 -306.288971
1969999 2243.107229
1970999 148.084783
1971999 2419.019724
1972999 117.275780
1973999 -42.745667
1974999 -326.867618
1975999 305.302257
1976999 1404.628664
1977999 2308.514053
1978999 2390.049233
1979999 2461.607630
1980999 2463.219356
1981999 1277.431593
1982999 2292.966268
1983999 2538.096882
1984999 2344.140721
1985999 31.152890
1986999 2493.874612
1987999 2434.394158
1988999 2611.035444
1989999 2040.141452
1990999 907.850513
1991999 2146.250054
1992999 2443.747267
1993999 2454.726377
1994999 2567.873705
1995999 2614.962317
1996999 2434.280223
1997999 1589.326303
1998999 278.128593
1999999 2510.628942
