2048 -357.844476
4096 -352.500522
6144 -274.087016
8192 -291.666342
10240 -211.679432
12288 -170.528568
14336 -151.015007
16384 -168.455193
18432 -176.807405
20480 -155.044651
22528 -120.104484
24576 -83.301564
26624 -79.475749
28672 -55.155451
30720 -6.521196
32768 -18.827830
34816 18.578361
36864 58.494647
38912 110.518561
40960 136.512374
43008 176.019159
45056 180.810479
47104 235.843267
49152 263.539198
51200 291.794020
53248 310.712029
55296 337.972617
57344 353.435178
59392 395.947789
61440 452.216546
63488 498.858704
65536 529.255396
67584 494.180716
69632 587.046717
71680 598.854598
73728 562.126981
75776 697.893157
77824 691.418766
79872 734.916344
81920 745.225179
83968 766.382826
86016 653.982737
88064 699.761832
90112 796.718489
92160 781.092473
94208 755.426633
96256 864.593952
98304 874.361558
100352 867.449357
102400 895.487751
104448 823.682256
106496 938.225171
108544 963.745986
110592 1024.154934
112640 1018.622119
114688 945.646907
116736 1035.508958
118784 1073.143527
120832 1104.545212
122880 1132.747140
124928 1142.663721
126976 1053.092598
129024 1199.139455
131072 1094.605445
133120 1086.294090
135168 1172.179046
137216 1256.886615
139264 1032.532049
141312 1282.106122
143360 1082.756893
145408 1295.326139
147456 1193.944554
149504 1289.938193
151552 1311.028895
153600 1329.888229
155648 1369.477527
157696 1346.214233
159744 1366.340163
161792 1412.880679
163840 1368.890419
165888 1395.601504
167936 1301.019728
169984 1344.269753
172032 1377.977699
174080 1187.510883
176128 1496.195439
178176 1282.389428
180224 1395.255925
182272 1492.929498
184320 1492.284713
186368 1268.186107
188416 1367.915166
190464 1183.946505
192512 1462.782948
194560 1547.797545
196608 1560.726235
198656 1576.738753
200704 1564.985603
202752 1383.349733
204800 1563.811501
206848 1585.283097
208896 1367.093041
210944 1516.981194
212992 1538.494431
215040 1637.560181
217088 1582.657221
219136 1637.140954
221184 1536.816598
223232 1668.276491
225280 1642.306577
227328 1648.867197
229376 1672.963405
231424 1678.323851
233472 1693.230240
235520 1689.958885
237568 1652.835809
239616 1685.793302
241664 1691.156047
243712 1667.666188
245760 1688.061657
247808 1627.782053
249856 1739.462267
251904 1751.027424
253952 1737.316968
256000 1744.810252
258048 1758.988301
260096 1737.444478
262144 1722.857247
264192 1764.204326
266240 1773.295877
268288 1742.352563
270336 1736.237929
272384 1796.252789
274432 1797.225874
276480 1806.358397
278528 1821.360195
280576 1810.607388
282624 1842.274296
284672 1797.887724
286720 1798.791621
288768 1699.475774
290816 1618.724434
292864 1376.779927
294912 1801.371692
296960 1723.547090
299008 1811.312590
301056 1694.681421
303104 1841.450610
305152 1678.536901
307200 1712.190656
309248 1733.165197
311296 1660.514212
313344 1882.824220
315392 1852.699045
317440 1655.117702
319488 1689.614946
321536 1708.038807
323584 1830.435210
325632 1875.378773
327680 1922.208322
329728 1958.369743
331776 1942.177611
333824 1665.174759
335872 1959.553000
337920 1945.995801
339968 1922.199472
342016 1959.196171
344064 2013.633344
346112 1999.463118
348160 2018.514850
350208 1890.517023
352256 2025.843255
354304 2060.515941
356352 2005.463290
358400 2051.698332
360448 2034.492852
362496 2050.641425
364544 2040.091582
366592 1874.965082
368640 2112.200633
370688 2114.509530
372736 2078.368645
374784 2093.643922
376832 2133.462717
378880 2154.064308
380928 2171.420707
382976 2194.782530
385024 2072.597819
387072 2146.213189
389120 2138.072297
391168 2044.820723
393216 1986.934014
395264 1783.987672
397312 2117.629234
399360 1800.303191
401408 1969.987433
403456 1871.183390
405504 1906.589591
407552 2132.176364
409600 2203.461495
411648 2151.156662
413696 1962.547843
415744 2201.340178
417792 2172.516957
419840 2178.681196
421888 2188.950679
423936 2030.524366
425984 1952.311625
428032 1873.714541
430080 1793.112296
432128 2036.828251
434176 2141.434462
436224 2110.093699
438272 2214.675520
440320 2099.910768
442368 1886.451247
444416 2210.994562
446464 2209.563171
448512 1821.547020
450560 2156.147078
452608 2061.905051
454656 2207.814323
456704 2131.111016
458752 2157.672255
460800 2274.286074
462848 2038.470471
464896 2264.498885
466944 2313.007623
468992 2050.143267
471040 2066.555068
473088 2257.264558
475136 1937.068918
477184 1951.900272
479232 2318.432033
481280 2130.367794
483328 2302.736172
485376 2098.147949
487424 2362.961946
489472 2357.788557
491520 2353.672704
493568 2385.537739
495616 2125.064412
497664 2301.943589
499712 2368.464655
501760 2291.895157
503808 2438.942025
505856 2155.001970
507904 2243.364525
509952 2381.989227
512000 1944.659051
514048 2319.728249
516096 2338.209836
518144 2326.789848
520192 2359.338492
522240 2209.376311
524288 2223.309983
526336 2373.068783
528384 2002.648300
530432 2322.895460
532480 2086.826968
534528 2362.533584
536576 2191.008552
538624 2370.886268
540672 2241.324303
542720 2369.487835
544768 2195.320339
546816 2426.963795
548864 2460.001984
550912 2459.573722
552960 2001.993701
555008 2349.943302
557056 2327.984784
559104 2518.612841
561152 2247.502613
563200 2283.527855
565248 2407.255425
567296 2079.951441
569344 2522.250325
571392 2081.300345
573440 2546.139695
575488 1859.140120
577536 2415.080314
579584 2324.777250
581632 1930.354816
583680 2300.824455
585728 2406.249542
587776 2186.381028
589824 2177.351565
591872 2584.159243
593920 2011.206137
595968 2539.235174
598016 2512.099378
600064 2280.264341
602112 2588.298776
604160 2462.237982
606208 2644.949610
608256 2321.240607
610304 2585.757799
612352 2627.907648
614400 2515.560701
616448 2480.502539
618496 2493.986330
620544 2681.539951
622592 2698.099086
624640 2758.017623
626688 2698.853000
628736 2693.324138
630784 2727.452553
632832 2597.066067
634880 2678.235391
636928 2390.430470
638976 2649.121263
641024 2407.889119
643072 2603.488717
645120 2483.315792
647168 2582.947097
649216 2593.470590
651264 2575.263006
653312 2495.728334
655360 2515.492251
657408 2686.442270
659456 2765.951999
661504 2484.627383
663552 2718.681386
665600 2702.257363
667648 2821.468710
669696 2523.506758
671744 2815.008833
673792 2786.118994
675840 2722.587350
677888 2805.267856
679936 2760.423368
681984 2776.218507
684032 2503.728815
686080 2624.349313
688128 2832.366086
690176 2810.908202
692224 2872.502544
694272 2916.164878
696320 2821.932921
698368 2858.488092
700416 2841.217691
702464 2610.835506
704512 2654.565215
706560 2655.194889
708608 2864.769550
710656 2853.936202
712704 2831.547151
714752 2916.199141
716800 2906.652926
718848 2900.436630
720896 2656.025498
722944 2934.495106
724992 2881.237690
727040 2922.288670
729088 2752.331005
731136 2948.659441
733184 2926.931025
735232 2963.480161
737280 2940.571624
739328 2921.331273
741376 2542.238951
743424 2600.612246
745472 2935.116070
747520 2917.353823
749568 2981.894721
751616 2789.915537
753664 2945.081628
755712 2916.954212
757760 2810.034604
759808 2942.207492
761856 2732.797561
763904 2880.140223
765952 2490.762702
768000 2884.794017
770048 2685.201312
772096 2931.152156
774144 2910.138929
776192 2880.825190
778240 2368.652565
780288 2859.664206
782336 2813.036374
784384 2898.992727
786432 2986.714838
788480 2837.588721
790528 2887.806262
792576 2575.060789
794624 2860.921806
796672 2993.364701
798720 2990.770963
800768 3044.904549
802816 2528.354332
804864 2733.037101
806912 2959.096636
808960 2636.948123
811008 2934.389094
813056 2780.698088
815104 2720.192511
817152 2763.107170
819200 2866.087955
821248 2856.185371
823296 2857.613734
825344 2923.880246
827392 2919.597400
829440 2753.718868
831488 2621.223350
833536 2949.678253
835584 2872.846027
837632 2561.066777
839680 2878.431551
841728 2908.499359
843776 3036.559425
845824 2623.089492
847872 2883.205027
849920 2906.739478
851968 2595.169047
854016 2785.566496
856064 2962.430700
858112 2906.520313
860160 2788.035938
862208 3012.445026
864256 2965.840053
866304 2989.447924
868352 3046.071782
870400 3077.297866
872448 3131.897354
874496 3085.798297
876544 3106.638661
878592 2841.446600
880640 3029.410475
882688 2898.040502
884736 2970.362562
886784 2984.756085
888832 2960.020871
890880 3075.915193
892928 2782.281577
894976 3049.706042
897024 2927.383152
899072 2962.745361
901120 2938.898554
903168 2868.910794
905216 2905.125212
907264 2916.268601
909312 2809.030038
911360 3004.791827
913408 2875.177867
915456 3017.147917
917504 3035.850652
919552 2940.260630
921600 3164.835699
923648 3021.966143
925696 2790.317780
927744 3009.610671
929792 2906.335390
931840 2918.903960
933888 3007.722467
935936 2978.547022
937984 2992.610309
940032 2944.609202
942080 3011.403073
944128 2954.603866
946176 3013.889124
948224 3022.924914
950272 3005.564322
952320 3140.279785
954368 2747.152119
956416 3140.529908
958464 3185.559851
960512 3164.571634
962560 2913.558044
964608 3132.245104
966656 3156.080594
968704 3196.473969
970752 3145.652134
972800 3101.163217
974848 3049.894968
976896 2987.940353
978944 2964.465226
980992 3084.306562
983040 3112.101552
985088 3087.201269
987136 3104.392663
989184 3147.150603
991232 3141.538600
993280 3021.794152
995328 3082.405587
997376 3104.670659
999424 3097.918444
1001472 2981.364731
1003520 3031.639366
1005568 3071.472748
1007616 3027.033419
1009664 3013.653831
1011712 2871.028764
1013760 2844.795893
1015808 2948.403591
1017856 2927.231516
1019904 2847.083702
1021952 3004.980084
1024000 3005.780502
1026048 2939.263082
1028096 3021.766654
1030144 2939.034357
1032192 2979.338377
1034240 2907.866623
1036288 2931.971906
1038336 2821.528304
1040384 3038.418443
1042432 3030.298816
1044480 3032.362689
1046528 3032.142795
1048576 3000.750840
1050624 3030.897841
1052672 3085.531307
1054720 3124.139813
1056768 3135.818143
1058816 3106.179153
1060864 3127.723776
1062912 3082.530483
1064960 3138.314401
1067008 3000.815003
1069056 3117.209399
1071104 3069.316294
1073152 3038.778388
1075200 3036.085955
1077248 3022.244928
1079296 3054.997170
1081344 3080.129695
1083392 3117.537389
1085440 3096.368957
1087488 3139.153805
1089536 3143.213039
1091584 2985.093136
1093632 3095.823604
1095680 3106.920240
1097728 3058.162426
1099776 3167.547557
1101824 2949.071992
1103872 3053.424044
1105920 2989.672813
1107968 3123.928824
1110016 2972.855814
1112064 3047.984186
1114112 2762.175045
1116160 3117.017303
1118208 3081.312943
1120256 3090.940136
1122304 3080.792060
1124352 2891.603835
1126400 2983.684440
1128448 2979.226944
1130496 3084.686146
1132544 3022.852991
1134592 3165.276957
1136640 2967.855210
1138688 2977.316612
1140736 2993.661504
1142784 3048.105299
1144832 2958.418826
1146880 3086.108097
1148928 3153.604065
1150976 3051.864855
1153024 3119.865763
1155072 3085.228583
1157120 2738.448670
1159168 3102.348568
1161216 3084.994500
1163264 3041.441232
1165312 3072.894445
1167360 3098.561922
1169408 3075.639130
1171456 3142.586775
1173504 3201.641559
1175552 2851.923597
1177600 3186.875663
1179648 3086.706814
1181696 2814.508494
1183744 3267.313325
1185792 2999.837514
1187840 3275.016799
1189888 3343.736928
1191936 3158.288955
1193984 3216.868723
1196032 3218.419775
1198080 3229.639476
1200128 3184.555816
1202176 3343.142864
1204224 3205.472872
1206272 3257.459414
1208320 3107.492425
1210368 3207.056228
1212416 3327.606782
1214464 3263.214959
1216512 2957.254257
1218560 2837.311468
1220608 2893.339558
1222656 3287.688228
1224704 3216.972670
1226752 3270.846682
1228800 3177.477734
1230848 3193.339121
1232896 3206.997011
1234944 3216.217466
1236992 3235.929295
1239040 3309.262172
1241088 3208.882872
1243136 3273.894748
1245184 3294.246260
1247232 3242.548684
1249280 3275.233327
1251328 3281.210997
1253376 3283.662759
1255424 3257.450890
1257472 3221.664217
1259520 3230.507227
1261568 3354.626069
1263616 3323.240669
1265664 2902.495544
1267712 3333.070215
1269760 3353.184748
1271808 3327.663502
1273856 2700.868683
1275904 3314.813055
1277952 3279.460436
1280000 3292.867104
1282048 3287.645958
1284096 3264.061233
1286144 3154.021010
1288192 3098.551485
1290240 3149.431536
1292288 3221.564461
1294336 3213.265101
1296384 3238.821261
1298432 3210.143435
1300480 3229.840665
1302528 3214.008660
1304576 3271.062419
1306624 3250.106421
1308672 2455.334017
1310720 3270.078542
1312768 2964.374432
1314816 3306.455599
1316864 3209.333763
1318912 3255.777464
1320960 2791.944388
1323008 3259.003578
1325056 3132.981864
1327104 3190.065766
1329152 3324.182893
1331200 3222.192842
1333248 3266.423124
1335296 3380.098272
1337344 3321.659538
1339392 3301.911566
1341440 3387.728621
1343488 3427.474443
1345536 3342.689762
1347584 3289.964998
1349632 3229.975228
1351680 3265.038734
1353728 3192.982862
1355776 3309.354875
1357824 3372.390309
1359872 2969.387054
1361920 3345.051880
1363968 3365.063958
1366016 3487.554800
1368064 3441.363632
1370112 3158.580885
1372160 3539.326673
1374208 3357.649178
1376256 3000.591572
1378304 2786.458613
1380352 3301.861114
1382400 3091.760511
1384448 3230.635725
1386496 2679.087356
1388544 3100.730666
1390592 3229.595655
1392640 2308.964751
1394688 2658.363802
1396736 3109.770072
1398784 2474.986564
1400832 3151.131784
1402880 2929.735860
1404928 3139.992761
1406976 3102.119703
1409024 3024.663898
1411072 3102.085557
1413120 3199.005060
1415168 3193.669630
1417216 3024.148335
1419264 2851.809880
1421312 3091.935682
1423360 2547.126474
1425408 2743.119719
1427456 3019.867952
1429504 3017.221837
1431552 2928.959690
1433600 3027.844165
1435648 2993.564342
1437696 3024.655916
1439744 2996.196526
1441792 2963.222848
1443840 2479.780672
1445888 2902.976353
1447936 2837.549268
1449984 2734.570741
1452032 3104.896973
1454080 2746.950079
1456128 3021.659750
1458176 3018.393199
1460224 3003.659345
1462272 2626.044389
1464320 3067.675666
1466368 2967.689789
1468416 2752.554820
1470464 2740.232611
1472512 3110.297959
1474560 3088.989591
1476608 2804.558168
1478656 3050.598681
1480704 3119.426808
1482752 3173.710757
1484800 2803.657020
1486848 2655.716645
1488896 3096.836079
1490944 2880.832040
1492992 2848.242226
1495040 2734.467034
1497088 2917.287663
1499136 2903.108932
1501184 2866.417468
1503232 3115.466880
1505280 3022.783339
1507328 3071.443819
1509376 3262.557605
1511424 2701.643498
1513472 2712.927529
1515520 2959.245498
1517568 3150.721841
1519616 2640.314393
1521664 2680.363328
1523712 2902.312354
1525760 3120.226922
1527808 2716.497417
1529856 2982.937813
1531904 2589.676212
1533952 3066.835881
1536000 2687.400665
1538048 3043.939832
1540096 2764.362743
1542144 3008.960425
1544192 2934.758243
1546240 2579.958977
1548288 2451.073342
1550336 2924.416252
1552384 2854.150574
1554432 2766.380793
1556480 2840.111348
1558528 2687.563818
1560576 2949.597756
1562624 2551.178450
1564672 2775.107401
1566720 2909.190399
1568768 2948.750141
1570816 2842.840948
1572864 2882.670112
1574912 2814.644457
1576960 3115.549837
1579008 2716.370845
1581056 2602.504818
1583104 2610.967719
1585152 2702.786513
1587200 2778.181571
1589248 2530.158785
1591296 2752.331337
1593344 2902.245010
1595392 3059.977088
1597440 3048.074368
1599488 2880.545857
1601536 3078.654389
1603584 3038.072249
1605632 2904.849282
1607680 2938.184649
1609728 2962.220144
1611776 2786.062915
1613824 3126.251213
1615872 3187.650401
1617920 2549.110348
1619968 3158.456984
1622016 3180.749262
1624064 3226.424097
1626112 2958.719923
1628160 3330.266642
1630208 3270.670128
1632256 3202.707938
1634304 3230.865791
1636352 3233.671392
1638400 3240.125591
1640448 3136.489771
1642496 3356.163556
1644544 3427.145975
1646592 3118.113815
1648640 3319.877878
1650688 3388.739388
1652736 3431.257685
1654784 3441.354760
1656832 3282.116729
1658880 3061.438624
1660928 3428.915983
1662976 3077.300392
1665024 3287.127943
1667072 3138.484468
1669120 3219.674930
1671168 3082.339914
1673216 3363.719845
1675264 3010.628762
1677312 3355.233618
1679360 3340.501531
1681408 3308.529960
1683456 2952.192917
1685504 3225.262094
1687552 3340.689569
1689600 3429.202660
1691648 3013.096460
1693696 2706.785945
1695744 2876.867060
1697792 3320.944589
1699840 3294.907458
1701888 3265.897186
1703936 3227.661041
1705984 2997.915741
1708032 3332.097742
1710080 3337.722072
1712128 2977.361893
1714176 3175.701211
1716224 2841.852651
1718272 2835.314796
1720320 2810.136537
1722368 2768.282386
1724416 2882.965982
1726464 2864.460755
1728512 2675.189312
1730560 3016.503988
1732608 3048.875860
1734656 2708.936632
1736704 2863.056199
1738752 2817.427747
1740800 2774.062332
1742848 2848.941885
1744896 3027.787099
1746944 3236.463630
1748992 2993.340595
1751040 3131.816139
1753088 3231.000342
1755136 3245.192107
1757184 3217.193342
1759232 3268.131591
1761280 2939.422749
1763328 3458.759448
1765376 2968.661177
1767424 2842.175804
1769472 3225.262977
1771520 2995.199003
1773568 3022.516009
1775616 2938.902894
1777664 2853.305396
1779712 3156.395457
1781760 3014.128227
1783808 2335.383963
1785856 2657.571339
1787904 2803.268115
1789952 2677.001514
1792000 2547.730339
1794048 2679.043727
1796096 2923.448793
1798144 2603.968172
1800192 2750.586956
1802240 3129.348359
1804288 2931.425185
1806336 2622.351208
1808384 2646.652252
1810432 2713.985779
1812480 2794.364259
1814528 2441.414486
1816576 2354.071746
1818624 2030.108519
1820672 2269.543648
1822720 2574.610037
1824768 2553.195319
1826816 2428.131650
1828864 2468.457024
1830912 2294.935700
1832960 2337.571088
1835008 2583.480463
1837056 2694.710748
1839104 2810.970075
1841152 2860.849838
1843200 2819.752078
1845248 2494.453851
1847296 2291.308255
1849344 2311.231056
1851392 2439.966309
1853440 2650.266664
1855488 2614.909975
1857536 2111.611345
1859584 2402.719339
1861632 2389.565435
1863680 2681.836071
1865728 2591.880461
1867776 2471.585898
1869824 2519.090225
1871872 2403.660893
1873920 2260.924789
1875968 2171.292899
1878016 1955.567692
1880064 2486.888612
1882112 2189.349236
1884160 2375.377833
1886208 2366.963620
1888256 2262.137461
1890304 2213.082039
1892352 2408.867193
1894400 2632.598882
1896448 2308.577277
1898496 2499.410186
1900544 2427.373034
1902592 2288.322793
1904640 2382.994984
1906688 2311.887437
1908736 2305.868820
1910784 2388.594259
1912832 2283.001901
1914880 2565.782812
1916928 2095.602719
1918976 2576.161691
1921024 2566.197098
1923072 2563.994823
1925120 2479.719533
1927168 2414.278183
1929216 2573.388526
1931264 2691.755734
1933312 2952.416427
1935360 2787.579252
1937408 2589.627226
1939456 2803.238360
1941504 2820.672737
1943552 2941.627228
1945600 2734.800920
1947648 2759.576900
1949696 2894.921354
1951744 2645.405094
1953792 2461.027661
1955840 2799.743507
1957888 2854.678259
1959936 2736.207945
1961984 2691.177381
1964032 2764.135923
1966080 2671.271431
1968128 2727.225045
1970176 2740.708263
1972224 2759.333291
1974272 3009.777536
1976320 2701.874937
1978368 2711.789289
1980416 2647.470985
1982464 2631.656260
1984512 2821.667059
1986560 2576.499642
1988608 2514.212186
1990656 2250.626787
1992704 2067.913934
1994752 2103.612713
1996800 2113.677629
1998848 2189.884587
2000896 2249.644422
