2048 -347.924877
4096 -326.765784
6144 -340.420552
8192 -304.582427
10240 -272.701718
12288 -224.262562
14336 -266.945452
16384 -274.899643
18432 -196.663123
20480 -161.355408
22528 -178.985597
24576 -145.621755
26624 -158.681888
28672 -122.257931
30720 -60.918639
32768 -46.762884
34816 -47.820889
36864 -12.482911
38912 -16.923021
40960 -16.808340
43008 11.322783
45056 47.164343
47104 72.238726
49152 84.578689
51200 140.595923
53248 160.614181
55296 230.599236
57344 245.098683
59392 304.076370
61440 309.802104
63488 211.826129
65536 317.231749
67584 340.689892
69632 497.922479
71680 521.599122
73728 543.391414
75776 581.390879
77824 615.438000
79872 680.050551
81920 682.468116
83968 553.696123
86016 718.716814
88064 775.288865
90112 762.131527
92160 799.051420
94208 810.973700
96256 848.637297
98304 930.114581
100352 863.599323
102400 939.548403
104448 999.773508
106496 1020.009444
108544 1074.944799
110592 1065.388839
112640 1078.532955
114688 1131.047630
116736 1129.171332
118784 1135.908445
120832 1199.925378
122880 1219.783080
124928 1204.230199
126976 1264.451717
129024 1274.459180
131072 1249.360414
133120 1221.392358
135168 1307.012254
137216 1348.781141
139264 1376.433123
141312 1136.500782
143360 1374.357577
145408 1375.330183
147456 1438.863584
149504 1427.926467
151552 1435.643836
153600 1458.250568
155648 1474.679945
157696 1469.494160
159744 1473.862526
161792 1493.590946
163840 1509.525858
165888 1555.959687
167936 1381.972300
169984 1618.163938
172032 1614.693690
174080 1634.355776
176128 1605.509301
178176 1632.576510
180224 1602.825559
182272 1619.199405
184320 1643.638118
186368 1589.580725
188416 1606.120817
190464 1587.453252
192512 1462.715800
194560 1728.314680
196608 1671.581654
198656 1721.175347
200704 1739.296013
202752 1732.337227
204800 1822.655079
206848 1768.110937
208896 1707.503575
210944 1710.291562
212992 1819.369474
215040 1804.208722
217088 1803.047113
219136 1883.156784
221184 1813.760070
223232 1797.824506
225280 1922.453286
227328 1793.855129
229376 1892.955209
231424 1871.322376
233472 1943.766751
235520 1945.670161
237568 1934.222919
239616 1910.716452
241664 1895.588139
243712 1903.286623
245760 2047.326600
247808 1981.998255
249856 1991.412838
251904 2061.408868
253952 2045.957268
256000 2041.058624
258048 2078.133048
260096 2103.764581
262144 2073.197815
264192 2217.386336
266240 2233.274857
268288 2138.540390
270336 2211.555530
272384 2319.171236
274432 2368.737199
276480 2352.918811
278528 2321.156284
280576 2311.954743
282624 2073.594258
284672 2311.552623
286720 2347.414965
288768 2387.023386
290816 2330.844745
292864 2425.532263
294912 2456.007497
296960 2521.381706
299008 2495.859820
301056 2295.414597
303104 2288.399298
305152 2540.178331
307200 2528.211909
309248 2536.802412
311296 2403.263713
313344 2574.167891
315392 2634.536472
317440 2462.095765
319488 2633.652689
321536 2669.113239
323584 2622.932024
325632 2643.821872
327680 2662.411129
329728 2707.975248
331776 2693.443983
333824 2746.421244
335872 2466.268383
337920 2752.181775
339968 2728.631380
342016 2823.832711
344064 2916.199961
346112 2696.162387
348160 2746.331670
350208 2748.756930
352256 2769.070647
354304 2762.242214
356352 2742.950998
358400 2863.453875
360448 2894.137028
362496 2866.734213
364544 2867.164656
366592 2853.495770
368640 2903.327864
370688 2934.636641
372736 2938.007428
374784 2922.089605
376832 2904.135687
378880 2864.121741
380928 2936.908743
382976 2983.380627
385024 2976.754253
387072 2905.931337
389120 2953.928404
391168 2966.882246
393216 2974.836200
395264 2938.868715
397312 3079.068081
399360 3074.393772
401408 3039.035405
403456 3112.747259
405504 2993.856425
407552 3044.329772
409600 3071.068063
411648 2711.016994
413696 2791.720600
415744 3010.437309
417792 2973.127856
419840 2794.645194
421888 2757.216978
423936 2812.554744
425984 3095.988022
428032 3157.732483
430080 3180.231088
432128 3039.857876
434176 2838.221972
436224 2852.451087
438272 3096.210856
440320 2406.242900
442368 2911.535370
444416 2872.948928
446464 2489.056019
448512 2896.133161
450560 2985.579504
452608 3095.422525
454656 2887.809159
456704 2961.984241
458752 2834.040357
460800 2855.006343
462848 2845.013198
464896 2675.752018
466944 2751.085197
468992 1871.484296
471040 2330.240550
473088 2597.450330
475136 2981.264958
477184 2648.809847
479232 2734.985717
481280 2952.607593
483328 2989.728230
485376 2935.981503
487424 2614.646082
489472 3088.108467
491520 3107.776586
493568 2518.352450
495616 3025.805328
497664 2839.583300
499712 3002.871328
501760 2992.423056
503808 3122.525324
505856 2735.373205
507904 3130.410912
509952 2935.698305
512000 3069.518039
514048 2910.265933
516096 3101.950012
518144 3108.748603
520192 3236.645785
522240 3167.853179
524288 3219.981786
526336 3262.881031
528384 3182.614940
530432 3185.544365
532480 3219.848014
534528 3203.557162
536576 3263.018843
538624 3178.923341
540672 3215.855519
542720 3212.978349
544768 3222.950104
546816 3263.804970
548864 3177.981443
550912 3196.585652
552960 3223.418134
555008 3203.857365
557056 3196.818870
559104 3220.618890
561152 3251.606682
563200 3196.587504
565248 3285.333133
567296 3225.878249
569344 3195.517203
571392 3277.227548
573440 3237.279135
575488 3188.155388
577536 3220.498255
579584 3176.597011
581632 3153.894221
583680 2846.756639
585728 3186.484592
587776 3096.698881
589824 3144.532162
591872 2967.452113
593920 3156.972724
595968 2774.333210
598016 3134.937942
600064 3124.997016
602112 3242.494834
604160 3206.987388
606208 3134.133083
608256 2911.450468
610304 3081.126630
612352 3250.577015
614400 2953.485864
616448 3283.237002
618496 3272.754507
620544 3006.277391
622592 3276.509493
624640 2912.338044
626688 3184.653874
628736 3232.208066
630784 3207.412906
632832 3152.136588
634880 3185.404732
636928 3192.718873
638976 3068.067998
641024 3123.935372
643072 3153.021686
645120 3083.118785
647168 3191.752233
649216 3103.684761
651264 3120.918598
653312 3087.866905
655360 3160.659688
657408 3126.766559
659456 3169.947380
661504 3160.381318
663552 3160.858675
665600 3180.854907
667648 3062.479637
669696 3188.760715
671744 2922.178436
673792 3246.735544
675840 3184.160481
677888 3117.082450
679936 3174.340303
681984 3199.128492
684032 2897.919625
686080 3263.754741
688128 3169.564782
690176 3281.707224
692224 3235.176682
694272 3166.620060
696320 3151.361434
698368 3173.328644
700416 3246.053852
702464 3202.015773
704512 3248.764628
706560 3197.653960
708608 3208.243615
710656 3222.921047
712704 3224.306612
714752 3253.131403
716800 3038.633634
718848 3222.368543
720896 3212.059924
722944 3155.568606
724992 3236.909161
727040 3196.741498
729088 3247.347014
731136 3205.697952
733184 3165.380191
735232 3175.567590
737280 2846.927384
739328 3264.429898
741376 3178.182279
743424 2997.440017
745472 3091.413680
747520 3128.411646
749568 3126.813793
751616 3137.434344
753664 2870.161548
755712 3191.008495
757760 3187.232709
759808 3126.830042
761856 3170.356598
763904 3228.133655
765952 3180.624307
768000 3235.885225
770048 3234.375572
772096 3146.438134
774144 3140.705136
776192 3151.923428
778240 3227.840554
780288 2898.800036
782336 3305.293425
784384 3033.602679
786432 3236.907333
788480 3258.912452
790528 3308.210122
792576 3060.046359
794624 2999.213053
796672 2850.744065
798720 3188.433693
800768 3172.792998
802816 3002.661701
804864 3108.201375
806912 3143.937851
808960 3125.964881
811008 3076.309465
813056 3182.051651
815104 3169.652449
817152 3181.627204
819200 2809.180673
821248 3066.062982
823296 2927.683823
825344 3236.550193
827392 3195.515027
829440 2938.727484
831488 3244.290296
833536 2831.577892
835584 3267.378577
837632 3002.699859
839680 2485.562896
841728 3240.770773
843776 3191.951385
845824 2997.195655
847872 3219.604220
849920 2873.505083
851968 2728.581809
854016 3223.096385
856064 3240.879033
858112 3317.265494
860160 3170.845781
862208 2926.569267
864256 2853.728443
866304 2895.928676
868352 3247.201336
870400 3122.718003
872448 3152.114891
874496 3107.191417
876544 2844.713252
878592 2973.033292
880640 2865.086101
882688 3081.318341
884736 3113.317039
886784 3113.847331
888832 2976.749286
890880 3066.568085
892928 2950.954296
894976 3155.697113
897024 2742.355520
899072 3099.152263
901120 3197.872004
903168 3105.473239
905216 2639.561335
907264 3115.069457
909312 3208.614369
911360 3296.542365
913408 3202.479170
915456 3010.029335
917504 2418.132316
919552 3220.805758
921600 2884.349177
923648 3248.244776
925696 3191.787912
927744 2970.419042
929792 3084.472546
931840 3223.437750
933888 3258.526487
935936 3101.852950
937984 2993.443076
940032 3077.314387
942080 2698.518458
944128 2991.841550
946176 2266.024724
948224 2688.913920
950272 2628.426716
952320 2914.159659
954368 2904.750670
956416 2448.689395
958464 3327.666367
960512 3268.451879
962560 3007.275170
964608 3120.661165
966656 2990.013756
968704 2667.466666
970752 2979.200604
972800 2530.738502
974848 3006.393560
976896 2191.224729
978944 2409.422845
980992 2630.094461
983040 2944.113099
985088 3005.154191
987136 2997.383908
989184 2803.428030
991232 3122.087626
993280 2870.701994
995328 2834.291867
997376 2736.858750
999424 3158.965612
1001472 2966.671259
1003520 2959.135034
1005568 2949.201835
1007616 3369.372622
1009664 2956.007201
1011712 2869.913042
1013760 3327.833770
1015808 3040.129158
1017856 2956.327070
1019904 2863.233833
1021952 2827.786909
1024000 3208.773926
1026048 2959.956690
1028096 3074.295225
1030144 3485.737472
1032192 3196.241618
1034240 3200.000215
1036288 3220.483613
1038336 2837.735996
1040384 3164.117523
1042432 3473.579493
1044480 3099.644986
1046528 3406.503090
1048576 3435.370730
1050624 3025.338536
1052672 2912.701646
1054720 3399.777779
1056768 3455.993287
1058816 3452.399336
1060864 3475.039311
1062912 3562.010690
1064960 3612.331719
1067008 3499.023270
1069056 3585.833810
1071104 3373.749296
1073152 3529.363679
1075200 3324.982408
1077248 3515.145549
1079296 3470.397936
1081344 3108.075501
1083392 2965.186496
1085440 3370.384080
1087488 3402.943307
1089536 3597.258103
1091584 3001.274403
1093632 2746.048655
1095680 3118.221104
1097728 3108.648717
1099776 2098.032296
1101824 3321.924961
1103872 2758.998070
1105920 2234.713681
1107968 3351.872919
1110016 2983.091772
1112064 3334.086360
1114112 3411.833161
1116160 2758.191305
1118208 3118.190456
1120256 3485.278510
1122304 3441.580893
1124352 3123.081939
1126400 3170.731330
1128448 3437.456040
1130496 3033.602981
1132544 3273.578053
1134592 3115.152665
1136640 3127.920365
1138688 3179.950538
1140736 3268.898293
1142784 3576.685560
1144832 3438.185270
1146880 3246.035616
1148928 3462.594951
1150976 3490.017202
1153024 3345.437009
1155072 2807.751839
1157120 3172.553949
1159168 3396.280415
1161216 3077.897355
1163264 3469.171072
1165312 3118.030754
1167360 3403.483445
1169408 3380.953387
1171456 3461.807199
1173504 3082.283441
1175552 3507.012664
1177600 3362.447289
1179648 3452.338521
1181696 3156.126808
1183744 2898.330414
1185792 3312.919347
1187840 3492.667998
1189888 3486.820794
1191936 3356.593475
1193984 3440.627161
1196032 3538.179246
1198080 2883.913363
1200128 3442.133731
1202176 3361.917361
1204224 3277.364948
1206272 2840.872454
1208320 2689.551306
1210368 3581.657865
1212416 3425.995991
1214464 3588.068150
1216512 3511.533514
1218560 2995.186010
1220608 3357.504735
1222656 3568.741119
1224704 3557.991317
1226752 3593.931550
1228800 3589.455261
1230848 3591.286767
1232896 3520.234830
1234944 3584.574699
1236992 3650.672658
1239040 3588.070123
1241088 3647.583665
1243136 3606.255894
1245184 3587.278405
1247232 3564.300376
1249280 3687.788489
1251328 3635.997920
1253376 3619.569686
1255424 3702.298560
1257472 3373.292712
1259520 3570.871727
1261568 3415.636817
1263616 3600.008118
1265664 3630.088312
1267712 3587.929791
1269760 3601.987783
1271808 3637.467357
1273856 3612.100074
1275904 3629.337173
1277952 3362.273532
1280000 3462.871172
1282048 3643.244938
1284096 3483.346708
1286144 2977.289365
1288192 3187.097760
1290240 3517.330966
1292288 3040.959510
1294336 3424.519162
1296384 3329.545682
1298432 3176.136330
1300480 3428.087150
1302528 2827.367333
1304576 1865.999993
1306624 2084.957396
1308672 2924.632562
1310720 2943.277186
1312768 3490.968298
1314816 3493.203580
1316864 3305.001746
1318912 3384.822630
1320960 3412.131928
1323008 2738.420168
1325056 3459.959033
1327104 3585.751655
1329152 3626.424225
1331200 3168.930006
1333248 2873.154695
1335296 3351.945338
1337344 3181.333429
1339392 3196.130710
1341440 3581.974446
1343488 2997.767159
1345536 3681.109560
1347584 3080.417783
1349632 3602.596377
1351680 3672.037272
1353728 3534.930614
1355776 3092.416488
1357824 2884.611142
1359872 3395.743965
1361920 3546.042336
1363968 3140.275809
1366016 3473.951928
1368064 3530.242601
1370112 3102.316842
1372160 3212.915505
1374208 3087.598991
1376256 3266.745427
1378304 3582.512234
1380352 2996.883506
1382400 3193.826831
1384448 3428.388841
1386496 2373.704894
1388544 2712.473671
1390592 3157.729020
1392640 3146.973724
1394688 2858.997311
1396736 3258.808999
1398784 3019.767292
1400832 2680.657817
1402880 3219.446610
1404928 3032.936199
1406976 3395.646471
1409024 3417.397697
1411072 3190.146649
1413120 3232.910622
1415168 3141.497637
1417216 3387.036135
1419264 3572.501050
1421312 3342.215959
1423360 3469.349146
1425408 3595.151861
1427456 3051.569003
1429504 3559.635735
1431552 3544.602243
1433600 3187.039902
1435648 3515.670270
1437696 3045.405226
1439744 3085.029725
1441792 2926.743160
1443840 3466.267302
1445888 3200.494383
1447936 3524.334054
1449984 3559.240900
1452032 3536.850677
1454080 3031.807594
1456128 3120.600430
1458176 2657.844295
1460224 3212.907849
1462272 2846.483053
1464320 3388.398198
1466368 2976.019024
1468416 3387.540227
1470464 3446.020991
1472512 3546.280254
1474560 3469.021430
1476608 3479.299588
1478656 2878.106898
1480704 3477.755020
1482752 3327.439325
1484800 2944.051581
1486848 3077.776505
1488896 3046.492583
1490944 3150.583193
1492992 2938.954508
1495040 3176.676847
1497088 3346.963192
1499136 2992.190443
1501184 3365.853769
1503232 3031.141941
1505280 3295.103237
1507328 2549.543781
1509376 2480.849970
1511424 2806.002206
1513472 3238.610032
1515520 3002.753030
1517568 2958.375415
1519616 3129.490508
1521664 3332.814719
1523712 3541.823237
1525760 3399.626565
1527808 3299.583308
1529856 3222.713061
1531904 3463.306933
1533952 3593.345897
1536000 3453.635010
1538048 3476.855777
1540096 3708.575989
1542144 3396.038115
1544192 3691.707930
1546240 3605.973002
1548288 3571.311435
1550336 3615.462017
1552384 3679.593138
1554432 3643.747861
1556480 3662.570835
1558528 3638.970168
1560576 3424.689027
1562624 3612.876765
1564672 3578.196804
1566720 3663.722840
1568768 3614.935243
1570816 3666.386129
1572864 3540.098142
1574912 3592.333626
1576960 3446.279609
1579008 3526.110170
1581056 3559.433006
1583104 3519.843987
1585152 3437.419733
1587200 3479.732152
1589248 3617.788697
1591296 3559.457602
1593344 3488.072330
1595392 3552.523987
1597440 3545.056907
1599488 3653.394144
1601536 3562.891846
1603584 3602.785040
1605632 3557.496217
1607680 3501.436635
1609728 3740.107091
1611776 3735.143621
1613824 3738.692218
1615872 3769.960543
1617920 3791.349775
1619968 3419.885423
1622016 3557.732906
1624064 3696.143726
1626112 3625.247253
1628160 3710.264602
1630208 3654.701596
1632256 3689.418447
1634304 3580.221342
1636352 3819.645467
1638400 3876.395221
1640448 3829.894402
1642496 3873.666735
1644544 3775.742803
1646592 3799.113725
1648640 3819.956172
1650688 3837.282977
1652736 3822.939970
1654784 3578.879584
1656832 3716.049491
1658880 3796.966115
1660928 3859.080057
1662976 3800.074833
1665024 3918.750638
1667072 3807.929640
1669120 3747.763652
1671168 3634.714059
1673216 3810.705697
1675264 3791.574176
1677312 3738.744727
1679360 3767.829754
1681408 3644.922623
1683456 3395.726834
1685504 3556.519442
1687552 3735.951213
1689600 3226.379776
1691648 3640.244758
1693696 3507.118940
1695744 3490.602559
1697792 3866.197105
1699840 3792.653560
1701888 3676.448963
1703936 3823.857681
1705984 3835.684508
1708032 3223.325652
1710080 3421.052265
1712128 3722.491895
1714176 3631.142655
1716224 3459.871629
1718272 3762.293982
1720320 3706.256919
1722368 3744.147212
1724416 3723.775400
1726464 3670.411585
1728512 3638.611235
1730560 3717.561601
1732608 3332.981287
1734656 3619.910242
1736704 3576.641968
1738752 3743.059997
1740800 3707.107730
1742848 3778.899467
1744896 3807.177728
1746944 3760.150542
1748992 3333.116085
1751040 3196.630794
1753088 3565.231746
1755136 3562.105628
1757184 3558.769796
1759232 3492.619844
1761280 3577.337493
1763328 2703.578096
1765376 3649.980445
1767424 3403.940069
1769472 3765.021084
1771520 3367.917195
1773568 3253.461855
1775616 1673.591248
1777664 2203.163238
1779712 2767.264512
1781760 2775.422391
1783808 2656.445380
1785856 3074.860177
1787904 2934.091926
1789952 1976.810850
1792000 2566.552837
1794048 1885.721382
1796096 2119.409534
1798144 2387.696056
1800192 2813.433074
1802240 3387.487949
1804288 3611.150659
1806336 3341.449610
1808384 3589.767128
1810432 3404.413034
1812480 3779.608413
1814528 3143.229788
1816576 3615.189821
1818624 3779.153095
1820672 3197.710998
1822720 3512.271208
1824768 3628.245656
1826816 3787.830251
1828864 2833.338027
1830912 3858.836129
1832960 3769.166960
1835008 2895.049322
1837056 3623.686365
1839104 3572.862696
1841152 3080.918934
1843200 3546.413593
1845248 3840.927460
1847296 3522.649572
1849344 2892.030164
1851392 3608.079258
1853440 3801.981288
1855488 3825.737160
1857536 3635.895057
1859584 3864.234778
1861632 3894.459173
1863680 2599.979101
1865728 3489.515601
1867776 3532.438192
1869824 3776.836738
1871872 3964.041430
1873920 4059.196875
1875968 3997.441010
1878016 4061.907164
1880064 3952.470775
1882112 4015.147762
1884160 3347.708160
1886208 4008.834098
1888256 4024.016100
1890304 4070.912512
1892352 3905.809462
1894400 4032.338326
1896448 4110.192408
1898496 4087.301707
1900544 4139.308949
1902592 4025.726844
1904640 4018.746539
1906688 4119.274036
1908736 4038.940130
1910784 3940.304502
1912832 3757.488847
1914880 3861.357237
1916928 3445.950792
1918976 3888.843051
1921024 3565.804735
1923072 3243.784679
1925120 3688.322667
1927168 3754.381236
1929216 3707.615992
1931264 3660.382396
1933312 3305.320215
1935360 3771.477957
1937408 2955.420383
1939456 2983.961677
1941504 3546.442574
1943552 3876.873323
1945600 3238.423850
1947648 3794.080809
1949696 3793.298331
1951744 3735.270036
1953792 3856.255390
1955840 3815.786286
1957888 3797.071261
1959936 3163.894288
1961984 2129.947151
1964032 2971.048336
1966080 3460.790623
1968128 3754.286349
1970176 3079.723955
1972224 3608.784103
1974272 3670.002233
1976320 3809.926485
1978368 3457.746057
1980416 3797.137181
1982464 3720.286000
1984512 3841.977099
1986560 3891.136891
1988608 3705.830804
1990656 3773.411334
1992704 3436.852883
1994752 3725.551035
1996800 3896.986052
1998848 3869.075873
2000896 3497.562361
