2048 -286.356654
4096 -331.538398
6144 -328.499852
8192 -293.864839
10240 -295.477937
12288 -326.214025
14336 -266.136047
16384 -254.091254
18432 -251.757402
20480 -250.652761
22528 -179.147865
24576 -170.270425
26624 -188.570040
28672 -166.805709
30720 -163.417158
32768 -137.561802
34816 -61.808569
36864 -98.164435
38912 1.906624
40960 51.994047
43008 78.219597
45056 106.447255
47104 135.267107
49152 229.887301
51200 247.810002
53248 310.396508
55296 368.443256
57344 376.297273
59392 423.809312
61440 480.218924
63488 460.765014
65536 534.015216
67584 506.534142
69632 441.010627
71680 556.964525
73728 519.362829
75776 536.047198
77824 743.377280
79872 588.689928
81920 492.822854
83968 796.228256
86016 646.954772
88064 476.486850
90112 346.990116
92160 579.907861
94208 624.641702
96256 487.503658
98304 760.548661
100352 883.648206
102400 451.600306
104448 703.830654
106496 776.246965
108544 680.598338
110592 651.105238
112640 615.285188
114688 775.652391
116736 810.210075
118784 921.627652
120832 890.204068
122880 628.793463
124928 712.209060
126976 888.321065
129024 777.128676
131072 665.178432
133120 1068.458938
135168 646.845201
137216 927.573484
139264 863.063820
141312 730.820018
143360 929.838705
145408 1021.275373
147456 633.016984
149504 788.483850
151552 804.170001
153600 1067.423061
155648 1073.199232
157696 990.391556
159744 1019.191240
161792 753.042986
163840 917.613294
165888 1110.088315
167936 964.603553
169984 1116.966571
172032 1228.400918
174080 993.850663
176128 1014.771578
178176 1198.646381
180224 1003.950921
182272 1192.738172
184320 1258.250407
186368 1024.053239
188416 1100.495271
190464 859.574711
192512 1337.091004
194560 1318.872892
196608 1336.863660
198656 1374.865514
200704 1525.663612
202752 1317.988229
204800 1330.537392
206848 1152.598937
208896 1205.376559
210944 1522.148264
212992 1080.576318
215040 1227.675504
217088 1560.586971
219136 1272.256164
221184 753.853482
223232 1267.053540
225280 1092.668277
227328 1196.818798
229376 1451.855549
231424 1556.989783
233472 1052.074627
235520 1267.656782
237568 884.596001
239616 1192.027426
241664 1175.915674
243712 1429.811637
245760 992.305654
247808 1114.796160
249856 1409.992431
251904 1401.338403
253952 1597.735690
256000 1584.060988
258048 1475.113833
260096 1603.762816
262144 1544.274003
264192 1579.734139
266240 1573.812979
268288 1586.764525
270336 1627.553710
272384 1768.599588
274432 1513.256115
276480 1674.084316
278528 1759.357206
280576 1791.572221
282624 1620.578937
284672 1697.611925
286720 1812.144646
288768 1922.525327
290816 1261.732524
292864 1492.305961
294912 1641.897537
296960 1453.703861
299008 1597.064656
301056 1678.633805
303104 1323.578013
305152 1932.891984
307200 1958.261925
309248 1914.507869
311296 1936.979343
313344 1985.901916
315392 1772.547358
317440 1836.551156
319488 1817.512553
321536 1907.625244
323584 1752.522181
325632 1988.221288
327680 1999.218170
329728 1952.608171
331776 1600.229982
333824 1845.192765
335872 1622.965166
337920 1657.651182
339968 1699.609646
342016 1783.615142
344064 1855.942487
346112 1614.827355
348160 1645.581561
350208 1881.072433
352256 1806.567004
354304 2092.914865
356352 1793.662603
358400 1935.721435
360448 1622.769395
362496 1914.320978
364544 1161.236428
366592 2054.817153
368640 1889.640152
370688 1598.346082
372736 1864.106731
374784 1919.315302
376832 2084.900761
378880 1774.003529
380928 1767.276293
382976 1882.877818
385024 1952.647153
387072 1903.373347
389120 1610.924143
391168 2118.319491
393216 2203.526454
395264 2231.387347
397312 2073.913111
399360 2248.084300
401408 2219.202825
403456 2039.143842
405504 1766.772321
407552 1829.101540
409600 1898.066064
411648 1861.941320
413696 2180.456916
415744 1710.847452
417792 2230.490843
419840 2083.178787
421888 2156.633542
423936 2186.795491
425984 1949.177090
428032 1974.169832
430080 2272.706796
432128 2242.698151
434176 1976.657821
436224 2077.816478
438272 2270.534334
440320 2251.170779
442368 1949.862135
444416 2076.901236
446464 2052.658106
448512 1901.562932
450560 2219.944167
452608 2057.986746
454656 2156.116549
456704 2362.073873
458752 2349.650670
460800 2208.842894
462848 1975.024460
464896 2136.103099
466944 2245.230317
468992 2027.276703
471040 2111.629276
473088 2110.655952
475136 1745.279103
477184 1978.880902
479232 1956.251460
481280 2025.767894
483328 1993.431243
485376 2171.770127
487424 1597.685437
489472 2170.274279
491520 2183.415303
493568 2092.647703
495616 1949.618270
497664 1998.314290
499712 1895.269330
501760 1742.023797
503808 2101.626960
505856 2127.694704
507904 1913.657812
509952 1841.629471
512000 1545.370541
514048 2166.867527
516096 1948.790121
518144 2218.118929
520192 2304.164466
522240 2130.782878
524288 1826.759670
526336 2012.097390
528384 1950.868524
530432 2081.456410
532480 2047.606159
534528 2145.612258
536576 1713.381053
538624 1963.420019
540672 1473.890220
542720 2114.945369
544768 2053.788096
546816 1992.305776
548864 2257.733230
550912 2253.311046
552960 1791.380703
555008 2300.554880
557056 2340.789136
559104 2069.898175
561152 1660.025463
563200 1958.391796
565248 2013.197602
567296 1943.476016
569344 2195.418519
571392 2252.401548
573440 2530.474812
575488 2566.260705
577536 2525.679532
579584 2286.143605
581632 2450.835477
583680 2553.026477
585728 2606.178711
587776 2688.285924
589824 2666.681315
591872 2682.223994
593920 2692.092160
595968 2578.680492
598016 2577.082613
600064 2622.394538
602112 2465.958711
604160 2340.591325
606208 2489.055883
608256 2485.123914
610304 2485.451605
612352 2455.540560
614400 2439.173623
616448 2091.293060
618496 2151.346489
620544 2262.839130
622592 2552.894600
624640 2430.187247
626688 2551.019070
628736 2147.341413
630784 2540.754006
632832 2592.092223
634880 2516.998651
636928 2278.859059
638976 2581.353201
641024 2232.284390
643072 2221.346432
645120 2347.614471
647168 2416.642123
649216 2030.779603
651264 2627.127065
653312 2262.395554
655360 2197.391393
657408 2180.795478
659456 2106.429034
661504 2091.134998
663552 1748.052390
665600 2443.818119
667648 2369.200100
669696 2336.417820
671744 1967.445895
673792 2391.158148
675840 2427.767389
677888 2345.917911
679936 2293.687674
681984 2222.462998
684032 2229.967599
686080 2058.339314
688128 1763.403399
690176 1950.102419
692224 1896.875840
694272 1919.976050
696320 1931.770276
698368 1861.950781
700416 1919.130226
702464 1778.076520
704512 1871.173047
706560 1831.621378
708608 1715.771626
710656 1832.301466
712704 1688.181301
714752 1901.051170
716800 1838.724510
718848 1893.110095
720896 1921.715818
722944 1944.757394
724992 1919.671068
727040 1859.663030
729088 1984.587053
731136 1871.048228
733184 2140.991568
735232 2182.735658
737280 2159.312786
739328 2100.771750
741376 1924.491202
743424 1867.680642
745472 1793.004212
747520 1913.855209
749568 1866.706066
751616 1954.882247
753664 2039.428072
755712 1991.467160
757760 2014.362716
759808 1945.183067
761856 1852.980212
763904 1794.772253
765952 2039.530494
768000 1960.305674
770048 2103.351637
772096 2138.547449
774144 2197.359940
776192 2110.307250
778240 1902.189819
780288 2130.657763
782336 2146.340295
784384 2172.184929
786432 2194.800493
788480 2218.748573
790528 2104.219467
792576 2057.664073
794624 1901.471872
796672 1896.951709
798720 2057.559981
800768 1926.465647
802816 2159.680853
804864 2177.715886
806912 2052.433664
808960 2262.997273
811008 2256.485243
813056 2366.181005
815104 2206.343300
817152 2248.180391
819200 2283.088343
821248 2299.669464
823296 2422.507868
825344 2358.770944
827392 2299.968879
829440 2054.460006
831488 2222.077471
833536 2118.242601
835584 2325.008088
837632 2339.762919
839680 2297.341044
841728 2304.888986
843776 2274.425396
845824 2391.676615
847872 2164.823174
849920 1951.456570
851968 2148.159586
854016 2102.344406
856064 2130.644545
858112 1918.948463
860160 2238.520523
862208 2177.521203
864256 2193.218615
866304 2115.966517
868352 2159.888653
870400 2144.201207
872448 2076.485504
874496 2009.802280
876544 2161.776868
878592 2185.168850
880640 2221.157284
882688 2139.667165
884736 2114.646485
886784 2085.682267
888832 2139.441563
890880 2144.859944
892928 2078.926739
894976 2042.119296
897024 2177.922702
899072 2049.202478
901120 2089.092239
903168 2005.037283
905216 2125.251206
907264 2097.544920
909312 2170.303708
911360 2061.384412
913408 2186.430950
915456 2201.789884
917504 2127.956292
919552 2250.845817
921600 2131.197550
923648 2095.629525
925696 2249.044147
927744 2250.175181
929792 2041.376644
931840 2148.433074
933888 2175.559875
935936 2153.086309
937984 2188.957147
940032 2246.991612
942080 2261.261587
944128 2263.154230
946176 2158.751678
948224 2133.077247
950272 2280.390659
952320 2196.592005
954368 1922.259480
956416 1732.174676
958464 2064.322866
960512 2146.345321
962560 2131.681981
964608 2274.315140
966656 2240.434278
968704 2208.107675
970752 2034.681069
972800 2195.310964
974848 2205.732562
976896 2287.016580
978944 2158.129670
980992 2090.787174
983040 1832.217460
985088 2023.741883
987136 2156.273889
989184 2042.038773
991232 2299.885281
993280 2067.918310
995328 2047.749328
997376 2003.132451
999424 2040.284230
1001472 2096.226021
1003520 2206.484778
1005568 2095.194094
1007616 2219.311319
1009664 2215.210794
1011712 2376.091934
1013760 2300.244881
1015808 2260.576010
1017856 2348.660462
1019904 2358.271141
1021952 2477.507827
1024000 2468.643409
1026048 2488.990202
1028096 2467.845680
1030144 2284.046983
1032192 2465.934024
1034240 2409.105754
1036288 2255.333758
1038336 2390.606380
1040384 2472.719127
1042432 2267.152202
1044480 2396.131643
1046528 2405.583955
1048576 2560.531784
1050624 2630.476717
1052672 2677.799153
1054720 2506.348886
1056768 2589.781695
1058816 2541.960636
1060864 2527.224022
1062912 2157.940397
1064960 2276.328772
1067008 2352.800954
1069056 2244.867167
1071104 2366.543659
1073152 2043.914182
1075200 2157.250899
1077248 1787.801101
1079296 1755.687140
1081344 2058.856160
1083392 1954.366258
1085440 1501.358204
1087488 1675.449064
1089536 1732.910748
1091584 1743.053865
1093632 2070.584072
1095680 2012.967369
1097728 2188.969724
1099776 2240.898372
1101824 2114.891959
1103872 1803.503998
1105920 1640.010148
1107968 2200.201557
1110016 2140.633390
1112064 2268.932709
1114112 2126.479123
1116160 2307.958595
1118208 2121.111091
1120256 2137.210171
1122304 2267.866405
1124352 2080.279051
1126400 1920.119558
1128448 2113.925298
1130496 2492.601530
1132544 2022.829739
1134592 2211.502041
1136640 2224.474131
1138688 1968.734765
1140736 1765.842109
1142784 1771.842598
1144832 2164.962962
1146880 2267.058045
1148928 2314.378289
1150976 2264.430483
1153024 2228.702896
1155072 2212.007129
1157120 2227.486232
1159168 2384.747079
1161216 2592.635463
1163264 2732.531493
1165312 2647.052448
1167360 2460.832188
1169408 2529.351108
1171456 2380.608074
1173504 2302.053825
1175552 2356.920754
1177600 2234.709504
1179648 2375.786288
1181696 2421.780097
1183744 2374.820653
1185792 2173.986185
1187840 2320.798210
1189888 2277.520625
1191936 2275.619415
1193984 2238.029855
1196032 2362.508597
1198080 2380.510848
1200128 2227.949286
1202176 2171.905890
1204224 1833.904148
1206272 2202.978867
1208320 2176.486460
1210368 2115.838986
1212416 2039.533550
1214464 2056.914544
1216512 2021.010508
1218560 1858.327734
1220608 1761.988293
1222656 1734.809179
1224704 1972.279201
1226752 1957.375563
1228800 1965.763947
1230848 2069.984156
1232896 2151.907605
1234944 2283.818057
1236992 2309.612505
1239040 2262.805987
1241088 1949.757701
1243136 2048.510078
1245184 1883.190591
1247232 2379.754570
1249280 2211.459708
1251328 2274.328459
1253376 2254.073942
1255424 2255.422863
1257472 2180.240124
1259520 2288.462597
1261568 2251.635920
1263616 2310.033774
1265664 2164.749998
1267712 2257.530969
1269760 2323.326260
1271808 2267.065105
1273856 2128.726775
1275904 2217.186717
1277952 2350.660408
1280000 2405.401839
1282048 2426.567108
1284096 2338.076344
1286144 2222.654301
1288192 2296.360599
1290240 2296.348604
1292288 2408.724171
1294336 2306.688677
1296384 2228.845511
1298432 2344.189974
1300480 2307.659233
1302528 2175.751074
1304576 2088.758783
1306624 2131.018955
1308672 2202.370440
1310720 2226.605495
1312768 2329.707912
1314816 2179.442610
1316864 2191.275268
1318912 2184.368399
1320960 2176.975981
1323008 2137.410368
1325056 2174.203277
1327104 2171.999846
1329152 2177.081760
1331200 2175.505126
1333248 2111.026601
1335296 2130.684386
1337344 2128.046055
1339392 2165.057196
1341440 2312.268607
1343488 2240.854868
1345536 2373.410172
1347584 2405.710110
1349632 2342.432098
1351680 2344.182303
1353728 1849.356457
1355776 2381.637553
1357824 2486.318879
1359872 2548.961719
1361920 2382.424700
1363968 2488.378051
1366016 2515.609042
1368064 2562.901473
1370112 2553.598054
1372160 2597.893957
1374208 2583.063206
1376256 2555.961479
1378304 2348.635363
1380352 2421.765479
1382400 2457.299129
1384448 2527.534138
1386496 2467.694042
1388544 2504.453530
1390592 2532.686494
1392640 2437.428972
1394688 2536.145055
1396736 2404.203963
1398784 2449.393275
1400832 2409.454902
1402880 2345.692977
1404928 2448.207671
1406976 2403.271754
1409024 2379.673330
1411072 2417.696606
1413120 2521.675104
1415168 2399.017914
1417216 2387.624536
1419264 2501.085008
1421312 2488.564886
1423360 2166.870193
1425408 2297.839735
1427456 2365.436917
1429504 2350.471603
1431552 2352.789426
1433600 2494.085433
1435648 2450.901379
1437696 2458.329322
1439744 2547.011164
1441792 2254.324412
1443840 2165.938062
1445888 2171.022016
1447936 2425.623166
1449984 2375.618031
1452032 2289.506837
1454080 2452.218417
1456128 2553.243162
1458176 2467.608698
1460224 2374.117956
1462272 2188.586342
1464320 2334.471673
1466368 2072.318939
1468416 1649.853558
1470464 2108.563160
1472512 2132.488295
1474560 2205.860231
1476608 2133.319730
1478656 2126.800683
1480704 1759.388044
1482752 1881.914286
1484800 1954.444307
1486848 2096.120873
1488896 2053.538478
1490944 2056.219852
1492992 1812.353325
1495040 2021.859623
1497088 2020.581476
1499136 2003.714740
1501184 2100.586039
1503232 2042.508259
1505280 1999.427107
1507328 2161.975177
1509376 2210.962000
1511424 2261.641091
1513472 2303.358527
1515520 2436.240284
1517568 2514.782281
1519616 2381.406283
1521664 2347.565817
1523712 2428.487529
1525760 2448.302637
1527808 2454.694217
1529856 2373.984661
1531904 2381.552629
1533952 2322.041068
1536000 2415.462361
1538048 2411.858096
1540096 2435.922997
1542144 2799.769458
1544192 2523.980647
1546240 2836.762779
1548288 2778.154709
1550336 2785.883377
1552384 2810.151579
1554432 2771.975725
1556480 2938.734593
1558528 2922.634521
1560576 3034.275871
1562624 2993.842416
1564672 2905.677325
1566720 2959.826104
1568768 2947.087700
1570816 2927.314689
1572864 2874.814515
1574912 2838.800039
1576960 2737.771306
1579008 2650.970315
1581056 2543.882327
1583104 2636.680733
1585152 2356.556270
1587200 2257.112112
1589248 2375.749710
1591296 2464.541447
1593344 2352.887364
1595392 2416.324519
1597440 2598.378260
1599488 2311.703869
1601536 2430.234018
1603584 2577.717266
1605632 2582.364723
1607680 2688.986282
1609728 2834.187981
1611776 2894.649394
1613824 2690.161034
1615872 3010.984668
1617920 2833.380739
1619968 2951.902895
1622016 2876.893222
1624064 2552.440921
1626112 2891.803996
1628160 2668.416735
1630208 2862.684529
1632256 2724.921777
1634304 2875.999246
1636352 2982.492590
1638400 2934.588979
1640448 3144.037606
1642496 3087.128424
1644544 3044.263630
1646592 3060.947978
1648640 3001.034830
1650688 2689.190081
1652736 2818.258335
1654784 2981.685864
1656832 2983.697677
1658880 3020.205473
1660928 2860.261018
1662976 2895.580219
1665024 2880.142079
1667072 2825.632870
1669120 3021.653291
1671168 2913.231179
1673216 3176.110643
1675264 3338.075010
1677312 3381.681109
1679360 3243.864930
1681408 3161.533449
1683456 2726.712011
1685504 3259.198665
1687552 2834.018356
1689600 3130.013343
1691648 2740.431364
1693696 2687.807345
1695744 3019.557748
1697792 2820.898309
1699840 2908.524145
1701888 2824.113501
1703936 2729.975800
1705984 2741.858184
1708032 2864.515036
1710080 2973.203266
1712128 2870.779229
1714176 2796.635690
1716224 3045.586598
1718272 2741.546244
1720320 3089.277052
1722368 3026.929760
1724416 3019.637727
1726464 2891.943059
1728512 2873.620382
1730560 2609.453984
1732608 3046.926622
1734656 2639.639556
1736704 2940.192638
1738752 2335.736600
1740800 2874.124564
1742848 2048.679270
1744896 2727.438474
1746944 2101.518029
1748992 2854.786526
1751040 2774.232447
1753088 2579.496711
1755136 2921.400491
1757184 2470.918317
1759232 2542.063926
1761280 2823.679729
1763328 3048.912324
1765376 2819.678433
1767424 2927.087660
1769472 2699.370610
1771520 2130.829615
1773568 1673.579874
1775616 2227.448969
1777664 2256.803161
1779712 2885.630646
1781760 2484.379161
1783808 1936.538778
1785856 1972.484188
1787904 2737.856608
1789952 2420.601208
1792000 2815.629235
1794048 2823.330041
1796096 2784.021700
1798144 2746.636886
1800192 2734.199418
1802240 2671.899079
1804288 3022.548866
1806336 2494.685071
1808384 2625.563887
1810432 2617.589378
1812480 2951.712266
1814528 2472.804030
1816576 2524.041210
1818624 2941.761511
1820672 2598.566983
1822720 2534.273085
1824768 2844.418595
1826816 2864.612235
1828864 2699.390061
1830912 2670.518916
1832960 2694.974805
1835008 2934.349812
1837056 3009.778179
1839104 2659.024042
1841152 2391.547234
1843200 2288.309007
1845248 2623.507153
1847296 2365.024738
1849344 3018.097031
1851392 3054.969025
1853440 2748.640229
1855488 2804.746116
1857536 2944.623551
1859584 2810.117941
1861632 2431.755515
1863680 2866.290385
1865728 2612.495056
1867776 2604.657553
1869824 2439.394402
1871872 3077.543551
1873920 2401.436362
1875968 2667.174667
1878016 2087.839331
1880064 2958.450424
1882112 2312.069443
1884160 2995.894544
1886208 2089.288548
1888256 2132.739020
1890304 2354.632393
1892352 2297.027128
1894400 2359.669753
1896448 1545.222784
1898496 2641.505984
1900544 2611.394873
1902592 2468.912650
1904640 3025.220136
1906688 2985.649017
1908736 2489.854465
1910784 2843.345010
1912832 2381.746799
1914880 2739.950657
1916928 2766.596929
1918976 2760.290998
1921024 2334.462605
1923072 2907.390138
1925120 2633.144731
1927168 2113.958898
1929216 2009.885721
1931264 2634.679940
1933312 2309.266291
1935360 2164.802028
1937408 2299.739219
1939456 1927.857319
1941504 2729.071863
1943552 1996.941378
1945600 2857.930435
1947648 2924.081690
1949696 1970.188291
1951744 2104.534624
1953792 2536.109648
1955840 2271.667901
1957888 1923.638129
1959936 2648.233384
1961984 2959.802576
1964032 2739.583317
1966080 2800.913662
1968128 2490.673722
1970176 2423.925825
1972224 1913.459091
1974272 2704.878146
1976320 2853.313048
1978368 2694.560266
1980416 2864.372444
1982464 2796.872642
1984512 2436.352050
1986560 2331.411568
1988608 2719.889025
1990656 2976.347475
1992704 2755.426574
1994752 3046.364515
1996800 2799.760643
1998848 2177.437652
2000896 2596.722787
