2048 -358.773312
4096 -318.976688
6144 -337.000106
8192 -322.641221
10240 -292.598980
12288 -250.955280
14336 -250.367607
16384 -264.598477
18432 -240.641064
20480 -260.594494
22528 -252.584329
24576 -241.134788
26624 -208.961828
28672 -181.440900
30720 -174.241256
32768 -146.848221
34816 -138.585475
36864 -94.145558
38912 -69.551290
40960 -34.135029
43008 29.585382
45056 67.172469
47104 60.733784
49152 149.629324
51200 177.836520
53248 210.201144
55296 222.014767
57344 283.886694
59392 305.041081
61440 335.897729
63488 377.290404
65536 384.902974
67584 475.323244
69632 506.996122
71680 553.554627
73728 605.875898
75776 637.157202
77824 667.616512
79872 692.544404
81920 742.521751
83968 827.605783
86016 773.074109
88064 786.038465
90112 816.224297
92160 932.170793
94208 951.974710
96256 1018.125893
98304 1051.383791
100352 1043.613087
102400 947.687679
104448 834.891496
106496 1144.295220
108544 1094.442319
110592 898.720050
112640 1105.396442
114688 1032.626301
116736 911.741582
118784 1134.200957
120832 1143.028027
122880 1252.907634
124928 1190.657872
126976 1151.583476
129024 1127.368776
131072 1306.709586
133120 1282.745438
135168 1250.259956
137216 1223.448968
139264 1285.674758
141312 1368.636951
143360 1162.002495
145408 1151.241523
147456 1317.885566
149504 1239.769745
151552 1156.069654
153600 977.773608
155648 1118.619035
157696 1269.843390
159744 998.005960
161792 1333.331668
163840 988.065768
165888 1282.680423
167936 1245.279143
169984 1297.118723
172032 1291.914785
174080 1398.977634
176128 1378.226909
178176 1272.604727
180224 1336.574117
182272 1432.020218
184320 1207.571036
186368 1426.904230
188416 1448.254890
190464 1320.694427
192512 1340.702666
194560 1321.705656
196608 1437.833172
198656 1458.746434
200704 1511.363172
202752 1461.292343
204800 1250.124031
206848 1021.402458
208896 1519.510725
210944 1439.578370
212992 1195.987811
215040 1396.059899
217088 1490.537007
219136 969.568037
221184 1369.545819
223232 1445.407067
225280 1396.415654
227328 1446.280444
229376 1158.675956
231424 1182.425701
233472 1150.904032
235520 1218.682647
237568 1260.696642
239616 1297.067578
241664 1381.090750
243712 1203.050501
245760 1242.601157
247808 1158.522537
249856 1472.603550
251904 1481.151980
253952 1493.903274
256000 1588.016709
258048 1389.186833
260096 1288.673411
262144 1603.531443
264192 1376.181623
266240 1612.602073
268288 1504.045110
270336 1600.927655
272384 1657.347435
274432 1655.551010
276480 1537.514283
278528 1468.237464
280576 1450.447478
282624 1231.093422
284672 1551.267265
286720 1412.384779
288768 1452.789822
290816 1330.068317
292864 1393.963716
294912 1166.850646
296960 1424.559023
299008 1650.429708
301056 1156.873582
303104 1268.796223
305152 1691.848479
307200 1449.494929
309248 1392.084352
311296 1503.083023
313344 1261.039775
315392 1676.596566
317440 1098.826420
319488 1679.084853
321536 1775.697884
323584 1741.588143
325632 1605.912882
327680 1649.967939
329728 1681.242906
331776 1687.482220
333824 1886.860597
335872 1355.877391
337920 1710.392640
339968 1838.277517
342016 1860.301928
344064 1714.920707
346112 1851.580530
348160 1862.448372
350208 1849.442638
352256 1835.603225
354304 1820.673819
356352 1867.487411
358400 1882.601914
360448 1439.363429
362496 1906.408643
364544 1659.231760
366592 1534.251567
368640 1431.211684
370688 1599.366112
372736 1620.391235
374784 1390.046479
376832 1568.973649
378880 1325.604326
380928 1612.211815
382976 1577.448002
385024 1373.505701
387072 1707.691217
389120 1531.148906
391168 1568.887519
393216 1671.806635
395264 1745.895339
397312 1594.473242
399360 1696.600040
401408 1814.065303
403456 1659.686014
405504 1872.729348
407552 1797.758146
409600 1311.817898
411648 1519.072173
413696 1443.962691
415744 1456.072402
417792 1247.432783
419840 1823.225692
421888 1698.685812
423936 1722.379858
425984 1867.759203
428032 1739.522360
430080 1754.375510
432128 1834.556472
434176 1802.513179
436224 1830.041378
438272 1891.560690
440320 1967.337333
442368 1699.182375
444416 1832.920433
446464 1913.275581
448512 1962.795943
450560 1931.164342
452608 1935.368962
454656 1918.974904
456704 1960.948504
458752 1795.695774
460800 1997.818979
462848 1865.036361
464896 1828.690536
466944 1646.382267
468992 1911.393810
471040 1629.180571
473088 1755.598135
475136 2034.110224
477184 1974.566375
479232 1895.115915
481280 1367.282980
483328 2040.838906
485376 1354.008989
487424 1952.805204
489472 1877.673584
491520 1660.531164
493568 1776.520305
495616 1511.067148
497664 665.902229
499712 1480.058206
501760 897.916602
503808 1222.823814
505856 983.871210
507904 1652.613504
509952 1880.805610
512000 2033.075539
514048 1329.143192
516096 2037.121009
518144 2168.798668
520192 1416.887486
522240 1639.347266
524288 1325.527669
526336 1503.285584
528384 1864.185217
530432 1572.528701
532480 1261.762231
534528 1955.795921
536576 2234.006611
538624 2063.026669
540672 2270.354739
542720 2195.244968
544768 1530.907539
546816 1888.933204
548864 1930.519564
550912 2002.454188
552960 1785.989495
555008 1991.061600
557056 1966.980776
559104 1993.620045
561152 2003.513424
563200 2041.781184
565248 2060.165711
567296 1784.245423
569344 1750.965805
571392 1332.557204
573440 1396.849728
575488 1206.799781
577536 650.087425
579584 1777.372267
581632 1641.641723
583680 1683.830155
585728 1107.550007
587776 1357.858307
589824 2041.110395
591872 1485.549462
593920 1432.858199
595968 1260.863437
598016 1714.595305
600064 1255.348768
602112 1460.949132
604160 1669.491741
606208 1530.132275
608256 960.466053
610304 1549.157483
612352 1616.100236
614400 1018.864584
616448 1177.162612
618496 802.013687
620544 844.676890
622592 810.489555
624640 1070.040220
626688 1566.541487
628736 1817.103120
630784 1772.959591
632832 1653.977772
634880 1690.176696
636928 1184.132075
638976 1760.680659
641024 2198.522503
643072 1781.420064
645120 2216.442639
647168 2271.785465
649216 2032.298037
651264 2163.834274
653312 2187.358897
655360 2126.071380
657408 2055.972124
659456 2311.692940
661504 2094.898420
663552 2208.756927
665600 2335.607613
667648 2003.607869
669696 2036.469699
671744 2217.176655
673792 2096.363685
675840 1988.065658
677888 2318.631765
679936 2355.541106
681984 2172.820764
684032 2085.620445
686080 2442.925600
688128 2231.435463
690176 2229.499806
692224 2414.646895
694272 2483.286575
696320 2428.161476
698368 2177.159433
700416 2485.246140
702464 2245.134394
704512 2289.990440
706560 1970.998116
708608 2212.749757
710656 2472.317557
712704 2197.988706
714752 2148.148808
716800 2039.248020
718848 2003.535101
720896 2228.367498
722944 2318.849232
724992 2308.407523
727040 2207.972281
729088 2336.938991
731136 2135.259978
733184 2426.896226
735232 2479.270630
737280 2397.339129
739328 2138.163871
741376 2399.356470
743424 2230.547111
745472 2399.516521
747520 2326.151584
749568 2215.853910
751616 2276.743141
753664 2225.499068
755712 1906.348991
757760 1974.017678
759808 2236.376810
761856 2035.728774
763904 2259.368601
765952 1646.330331
768000 2082.245905
770048 2057.815128
772096 2025.322938
774144 1217.880176
776192 1980.057836
778240 1644.714435
780288 2052.489422
782336 2063.597101
784384 1446.376275
786432 1971.614416
788480 1844.652052
790528 2066.128860
792576 1735.568398
794624 1629.439618
796672 2176.477716
798720 2146.400187
800768 1940.044494
802816 2125.862142
804864 1945.420735
806912 2265.391508
808960 2260.578091
811008 2404.760274
813056 1960.755078
815104 2149.669299
817152 2176.057585
819200 1603.404767
821248 1547.069044
823296 1785.770419
825344 1769.504469
827392 1603.594087
829440 1926.607042
831488 2211.675948
833536 1862.698991
835584 2213.521411
837632 2194.545093
839680 1384.958318
841728 1944.728375
843776 2318.432077
845824 753.856569
847872 873.530781
849920 169.859716
851968 898.027444
854016 572.383984
856064 247.098769
858112 647.144939
860160 447.590603
862208 598.474939
864256 1117.312619
866304 1157.426329
868352 690.780678
870400 721.320668
872448 1092.132531
874496 696.021329
876544 930.947222
878592 656.037684
880640 1105.172833
882688 1441.767448
884736 1646.182290
886784 1454.633956
888832 1307.245715
890880 853.802870
892928 818.755932
894976 1017.529157
897024 1247.775535
899072 1531.794795
901120 1329.849655
903168 1708.182799
905216 1880.099907
907264 1955.715981
909312 2264.937545
911360 2177.018074
913408 2207.467792
915456 2070.963042
917504 1882.639949
919552 2190.904317
921600 2402.076917
923648 2266.965216
925696 2171.411908
927744 2146.188672
929792 2328.246092
931840 1981.787894
933888 2087.709417
935936 2325.656145
937984 2014.744020
940032 2197.775274
942080 2060.520273
944128 2263.228350
946176 2080.995028
948224 2440.727000
950272 2220.083241
952320 2456.885146
954368 2452.808111
956416 1660.960841
958464 1645.383995
960512 1955.121263
962560 1751.627719
964608 1871.775923
966656 2166.779825
968704 2218.132305
970752 2186.155153
972800 2027.938362
974848 2358.911716
976896 2188.574820
978944 2396.949222
980992 2167.297174
983040 2130.252199
985088 2141.729976
987136 1624.107447
989184 1380.179838
991232 1996.623534
993280 2208.219708
995328 1536.739496
997376 2451.828291
999424 2468.390999
1001472 2302.903824
1003520 2403.899037
1005568 2022.640060
1007616 2331.491845
1009664 2292.313028
1011712 2269.643276
1013760 2574.196879
1015808 2421.254770
1017856 2394.832483
1019904 2240.582961
1021952 2470.606253
1024000 2329.830285
1026048 2452.103656
1028096 2052.177788
1030144 1977.809809
1032192 2445.430044
1034240 2427.967976
1036288 2290.297274
1038336 2481.973497
1040384 2371.941105
1042432 2309.537998
1044480 2426.525736
1046528 2428.822805
1048576 2445.970788
1050624 2490.071819
1052672 2210.643207
1054720 2490.063615
1056768 2309.088255
1058816 2417.184020
1060864 2429.562959
1062912 2500.398698
1064960 2430.710117
1067008 2478.159892
1069056 2475.510115
1071104 2242.364582
1073152 2387.059827
1075200 2054.822321
1077248 1999.792133
1079296 2430.710980
1081344 1976.186098
1083392 1964.640452
1085440 1338.906538
1087488 2032.948651
1089536 2107.940976
1091584 2032.344808
1093632 2160.042366
1095680 2247.444223
1097728 2186.425478
1099776 2224.754914
1101824 2319.234599
1103872 2371.623320
1105920 2180.646805
1107968 2196.410270
1110016 2251.011640
1112064 2299.993478
1114112 2355.776710
1116160 2351.210164
1118208 2327.977065
1120256 2226.470094
1122304 2357.576882
1124352 2213.615320
1126400 2430.553713
1128448 2045.398186
1130496 2376.113212
1132544 2043.836307
1134592 2039.912078
1136640 2089.124851
1138688 1480.565116
1140736 2137.380823
1142784 1878.138273
1144832 2250.206741
1146880 2254.555298
1148928 2367.314382
1150976 2211.038999
1153024 2336.103650
1155072 2281.493533
1157120 2113.171646
1159168 2188.538968
1161216 2260.914136
1163264 2303.504317
1165312 2335.529642
1167360 2020.488326
1169408 2288.558012
1171456 2249.110494
1173504 2325.481185
1175552 2280.728017
1177600 2344.037887
1179648 2255.094478
1181696 2394.117525
1183744 2349.874456
1185792 2241.032807
1187840 2211.626364
1189888 2264.804880
1191936 2270.192816
1193984 2427.902026
1196032 2265.280251
1198080 2530.358497
1200128 2480.581754
1202176 2439.029967
1204224 2407.577737
1206272 2256.150435
1208320 2452.914550
1210368 2324.855688
1212416 2489.865273
1214464 2488.766953
1216512 2476.246533
1218560 2486.275752
1220608 2538.329010
1222656 2363.998741
1224704 2117.492245
1226752 2261.905360
1228800 2178.609894
1230848 1972.419226
1232896 2412.288495
1234944 2245.841253
1236992 2059.973810
1239040 2500.046486
1241088 2537.917006
1243136 2027.774183
1245184 2590.837314
1247232 2529.994001
1249280 2510.067068
1251328 2476.291236
1253376 2517.911100
1255424 2376.897485
1257472 2452.382814
1259520 2395.238898
1261568 2358.805620
1263616 2449.710463
1265664 2465.154236
1267712 2436.437558
1269760 2511.008398
1271808 2316.779737
1273856 2284.776092
1275904 2340.294460
1277952 2386.750132
1280000 2541.478840
1282048 2524.103605
1284096 2401.003615
1286144 2571.276948
1288192 2502.491326
1290240 2581.841181
1292288 2503.529362
1294336 2506.627127
1296384 2160.186255
1298432 2517.090363
1300480 2494.516002
1302528 2578.232236
1304576 2538.500846
1306624 2210.530082
1308672 2300.251291
1310720 2384.730705
1312768 2329.363389
1314816 2216.896120
1316864 2516.536685
1318912 2296.023922
1320960 2535.145403
1323008 2274.134551
1325056 2294.698229
1327104 2506.747508
1329152 1993.457816
1331200 2523.196660
1333248 2522.597827
1335296 2241.798688
1337344 2340.193149
1339392 2375.926915
1341440 2172.550561
1343488 2187.315369
1345536 1975.265959
1347584 2297.659673
1349632 2412.885431
1351680 2169.488860
1353728 2336.390550
1355776 2429.170345
1357824 2334.750382
1359872 2444.885052
1361920 2427.419867
1363968 2465.495941
1366016 2304.249198
1368064 2268.166372
1370112 2349.759198
1372160 2171.360074
1374208 2350.545012
1376256 2345.174287
1378304 2422.333084
1380352 2461.829894
1382400 2420.298904
1384448 2480.355950
1386496 2503.771037
1388544 2174.343150
1390592 2141.411137
1392640 2515.803771
1394688 2507.741291
1396736 2437.550822
1398784 2250.942862
1400832 1961.353428
1402880 2279.249779
1404928 2091.653732
1406976 2432.491466
1409024 2328.995231
1411072 2307.596184
1413120 2494.439337
1415168 2143.614422
1417216 2070.271397
1419264 2504.618922
1421312 2366.878805
1423360 2482.280846
1425408 2175.040819
1427456 2504.788952
1429504 2533.344309
1431552 2284.317119
1433600 2514.439312
1435648 2426.622353
1437696 2366.624678
1439744 2159.811654
1441792 2182.877464
1443840 2168.887497
1445888 2287.925959
1447936 1996.428912
1449984 2231.379751
1452032 2144.552472
1454080 1991.815546
1456128 2075.799964
1458176 2108.647473
1460224 2212.487899
1462272 2176.679466
1464320 2111.111415
1466368 2461.994517
1468416 2422.793433
1470464 2502.519996
1472512 2500.211012
1474560 2099.259954
1476608 2167.824601
1478656 2552.819601
1480704 2534.612855
1482752 2292.361817
1484800 2136.413775
1486848 2293.363210
1488896 2400.650117
1490944 2435.216123
1492992 1981.052652
1495040 2318.867155
1497088 2079.263763
1499136 2463.559384
1501184 1939.493876
1503232 2050.228814
1505280 2259.339806
1507328 2417.367811
1509376 2349.290881
1511424 2005.592254
1513472 2293.975859
1515520 2007.619225
1517568 2349.852743
1519616 1781.720926
1521664 2557.816728
1523712 2353.406651
1525760 2023.274849
1527808 2485.952669
1529856 1825.530753
1531904 2504.188213
1533952 2231.201925
1536000 2196.940457
1538048 1944.951542
1540096 2254.101730
1542144 2566.111897
1544192 2431.247946
1546240 2226.988857
1548288 2514.305012
1550336 1728.909519
1552384 2139.295672
1554432 2140.991760
1556480 2524.996830
1558528 2513.982054
1560576 2312.658262
1562624 2352.023520
1564672 2573.247622
1566720 2630.318570
1568768 2080.305611
1570816 2216.246260
1572864 1929.682635
1574912 2089.805583
1576960 2461.447912
1579008 2074.027023
1581056 2507.200427
1583104 1645.376233
1585152 2185.943318
1587200 2107.706942
1589248 2220.737205
1591296 2455.074528
1593344 2290.357837
1595392 2022.298733
1597440 2219.449615
1599488 1947.521354
1601536 1361.521477
1603584 1954.104482
1605632 2011.790269
1607680 2173.156968
1609728 1864.610134
1611776 2049.223014
1613824 1829.376881
1615872 2393.078429
1617920 2189.214794
1619968 2199.064076
1622016 2422.388385
1624064 2110.774636
1626112 2335.359340
1628160 1783.453353
1630208 2028.132764
1632256 2118.822460
1634304 1783.190442
1636352 2433.097988
1638400 2311.734891
1640448 1712.362962
1642496 2063.677442
1644544 2082.421459
1646592 1727.961077
1648640 1707.179236
1650688 2142.519363
1652736 1805.753074
1654784 2025.072860
1656832 1840.816278
1658880 2352.272955
1660928 2422.396240
1662976 2086.452543
1665024 2158.297567
1667072 2239.134534
1669120 2100.165673
1671168 2402.253231
1673216 2494.454866
1675264 2432.609306
1677312 2472.445304
1679360 2340.917634
1681408 2483.599254
1683456 2377.067181
1685504 2471.395708
1687552 2400.596492
1689600 2571.820269
1691648 2647.893101
1693696 2634.366558
1695744 2434.424887
1697792 2534.277218
1699840 2355.628231
1701888 2617.673682
1703936 2728.306429
1705984 2727.618073
1708032 2495.790629
1710080 2404.823892
1712128 2509.626010
1714176 2666.971574
1716224 2399.136282
1718272 2133.238356
1720320 2685.035740
1722368 2541.195609
1724416 2579.772426
1726464 1382.520049
1728512 1884.136406
1730560 2691.982173
1732608 2555.314035
1734656 2485.559123
1736704 2181.639452
1738752 2587.328417
1740800 2523.906711
1742848 2513.680140
1744896 2561.779932
1746944 2522.666391
1748992 2441.674578
1751040 2191.127202
1753088 2555.381789
1755136 2340.230445
1757184 2087.628267
1759232 2544.965549
1761280 2555.425831
1763328 2506.895134
1765376 2525.080354
1767424 2064.856278
1769472 2463.293168
1771520 1971.853199
1773568 2181.973287
1775616 2695.369109
1777664 2703.769891
1779712 2441.352257
1781760 2386.058437
1783808 2343.481955
1785856 2283.311493
1787904 2055.988081
1789952 2132.892891
1792000 2256.741676
1794048 2649.120251
1796096 2007.879621
1798144 2342.436758
1800192 2542.164839
1802240 2297.968238
1804288 2146.214232
1806336 2488.565271
1808384 2472.145418
1810432 2278.706249
1812480 2229.560268
1814528 1912.788694
1816576 1955.536813
1818624 2046.884622
1820672 1982.738999
1822720 2376.171167
1824768 2119.534894
1826816 2096.211376
1828864 2073.516462
1830912 2370.673806
1832960 2058.713905
1835008 2081.169050
1837056 1954.089699
1839104 2568.741529
1841152 2438.439870
1843200 2491.723808
1845248 2303.956276
1847296 2530.156137
1849344 2234.181597
1851392 2442.521821
1853440 2513.049104
1855488 2458.491924
1857536 2594.329256
1859584 2473.457489
1861632 2401.293478
1863680 2383.047046
1865728 2330.511357
1867776 2369.913145
1869824 2591.059390
1871872 2624.133454
1873920 2734.039271
1875968 2647.142686
1878016 2709.423569
1880064 2696.661814
1882112 2075.309281
1884160 2697.151136
1886208 2668.799335
1888256 2594.885847
1890304 2703.206920
1892352 2641.998029
1894400 2427.882888
1896448 2467.952587
1898496 2657.998137
1900544 2475.114701
1902592 2621.252919
1904640 2706.909973
1906688 2697.444708
1908736 2456.266322
1910784 2461.332239
1912832 2791.783245
1914880 2609.753453
1916928 2837.948151
1918976 2572.016411
1921024 2811.935374
1923072 2086.738821
1925120 2445.464229
1927168 2720.549902
1929216 2613.196633
1931264 2688.638142
1933312 2581.062313
1935360 2570.141590
1937408 2570.905777
1939456 2418.689513
1941504 2413.845492
1943552 2124.788551
1945600 2357.358220
1947648 2336.346600
1949696 2385.888073
1951744 2392.686353
1953792 2466.764526
1955840 2316.379686
1957888 2504.820869
1959936 2420.734617
1961984 2407.530432
1964032 2449.617277
1966080 2533.673351
1968128 2584.806531
1970176 2389.225507
1972224 2660.033270
1974272 2705.434471
1976320 2680.291700
1978368 2592.287602
1980416 2551.898876
1982464 2444.445311
1984512 2574.749281
1986560 2506.275172
1988608 2545.580001
1990656 2541.794096
1992704 2281.232946
1994752 2515.613021
1996800 2551.734084
1998848 2256.881649
2000896 2474.277674
