2048 -330.043603
4096 -354.442319
6144 -395.933832
8192 -308.259458
10240 -332.585151
12288 -310.987815
14336 -270.516978
16384 -272.866634
18432 -241.094356
20480 -203.900572
22528 -165.237818
24576 -136.686455
26624 -133.319127
28672 -124.604289
30720 -99.702504
32768 -55.798996
34816 -7.207551
36864 68.735120
38912 64.532137
40960 96.187873
43008 167.436740
45056 190.465856
47104 228.506902
49152 189.183647
51200 161.617739
53248 334.461132
55296 278.425990
57344 293.040809
59392 482.307801
61440 534.745603
63488 561.287882
65536 437.787934
67584 580.283956
69632 537.156194
71680 717.430249
73728 639.741468
75776 742.603358
77824 790.983201
79872 705.558406
81920 702.546282
83968 678.632865
86016 552.978121
88064 772.004174
90112 903.248758
92160 867.435759
94208 996.840628
96256 601.117004
98304 882.893115
100352 973.542630
102400 835.705222
104448 817.172608
106496 658.242621
108544 973.344236
110592 991.232795
112640 891.821634
114688 1107.936119
116736 874.398278
118784 803.148004
120832 1035.431866
122880 980.141278
124928 1085.911932
126976 1148.514496
129024 1029.467754
131072 1186.592430
133120 865.611860
135168 947.622035
137216 1065.963178
139264 1085.155763
141312 1131.340913
143360 910.552354
145408 1006.474151
147456 740.869331
149504 994.690096
151552 949.703526
153600 1149.548311
155648 1346.632210
157696 969.499577
159744 1298.389038
161792 821.195460
163840 1060.205920
165888 750.334687
167936 1072.469498
169984 1178.671150
172032 1277.629431
174080 1369.466886
176128 1330.478389
178176 1373.915907
180224 1245.939613
182272 1376.016643
184320 1326.598795
186368 1128.094757
188416 1399.953349
190464 1429.843177
192512 1305.921169
194560 1449.338291
196608 1522.333890
198656 1275.340051
200704 1295.098049
202752 1414.430157
204800 1500.992179
206848 1369.917101
208896 893.398724
210944 1398.061680
212992 1330.999516
215040 1398.093156
217088 1422.650339
219136 1354.135782
221184 1117.503822
223232 1574.047176
225280 1228.498075
227328 1408.634758
229376 1367.388107
231424 1210.806271
233472 992.911036
235520 1439.761734
237568 1108.759143
239616 1319.367311
241664 1591.309219
243712 1149.803873
245760 1298.373533
247808 1245.671471
249856 903.868151
251904 1335.687505
253952 1116.595220
256000 1631.866488
258048 1103.411174
260096 1500.102079
262144 1028.456168
264192 1300.189397
266240 1340.257401
268288 1051.129553
270336 1453.151923
272384 1169.194962
274432 1320.431653
276480 1352.961861
278528 1213.029639
280576 1406.115023
282624 858.964665
284672 995.153610
286720 1607.376490
288768 1257.664611
290816 1535.241915
292864 1270.532079
294912 1258.640147
296960 1163.147498
299008 1527.409632
301056 1128.679309
303104 1169.763607
305152 1338.601628
307200 1263.111720
309248 293.705356
311296 778.864938
313344 945.650874
315392 741.795294
317440 738.696545
319488 855.960196
321536 930.677208
323584 852.095977
325632 691.219206
327680 1113.853522
329728 1008.223659
331776 774.829759
333824 979.227523
335872 902.537880
337920 824.217714
339968 844.802570
342016 664.210674
344064 748.083946
346112 1035.541911
348160 1193.807409
350208 1016.134189
352256 1173.397145
354304 1011.645745
356352 889.292177
358400 758.332234
360448 678.638439
362496 1183.196264
364544 771.670490
366592 1223.979037
368640 1038.595901
370688 1233.486750
372736 930.515872
374784 1081.351778
376832 1172.426599
378880 1086.005631
380928 958.005689
382976 1264.085112
385024 1143.490849
387072 1370.148206
389120 1536.430997
391168 1511.159941
393216 1143.877008
395264 1277.061060
397312 1425.654887
399360 1176.305756
401408 1309.144385
403456 1335.765999
405504 1409.600055
407552 1403.033439
409600 1362.274093
411648 1234.649375
413696 1642.978804
415744 1353.005356
417792 1529.679116
419840 1470.512691
421888 1128.910267
423936 1431.297873
425984 1410.016192
428032 1540.901454
430080 1515.585949
432128 1278.512726
434176 1350.632081
436224 1482.869405
438272 1226.930560
440320 1275.323535
442368 1382.388173
444416 1343.681616
446464 1684.942936
448512 1206.405456
450560 1386.278118
452608 1423.680198
454656 1569.153626
456704 1578.211725
458752 1771.591555
460800 1819.914516
462848 1751.566381
464896 1729.880744
466944 1530.470284
468992 1436.052585
471040 1397.365849
473088 1236.959250
475136 1347.152249
477184 1293.814340
479232 1566.358701
481280 1329.615394
483328 1148.879641
485376 1484.871615
487424 1363.815381
489472 1518.049873
491520 1237.065882
493568 1607.486423
495616 1217.666995
497664 1200.420207
499712 1312.743178
501760 1681.903050
503808 1179.382873
505856 1169.593994
507904 1639.748733
509952 1633.059350
512000 1260.513129
514048 1595.782858
516096 1174.129550
518144 1504.672819
520192 1785.610442
522240 1774.366484
524288 1236.426953
526336 1751.149257
528384 1849.506750
530432 1633.608905
532480 1797.291307
534528 1718.597518
536576 1626.524968
538624 1478.149280
540672 1566.755855
542720 1658.772867
544768 1806.784369
546816 1942.977507
548864 1599.438142
550912 1607.568745
552960 1678.111129
555008 1650.481471
557056 2009.382684
559104 1749.754094
561152 1751.769668
563200 1473.477670
565248 1516.954871
567296 1410.455307
569344 1615.989237
571392 1922.036064
573440 1767.522628
575488 1347.849704
577536 1407.919926
579584 1572.309741
581632 1459.350426
583680 1648.445767
585728 1687.616488
587776 1648.202923
589824 1304.308994
591872 1521.178746
593920 1533.180765
595968 1778.151316
598016 1580.183258
600064 1730.883427
602112 1589.047158
604160 1369.619172
606208 1463.750263
608256 1398.710974
610304 1769.278341
612352 1672.124603
614400 1497.109674
616448 1558.796972
618496 1684.428520
620544 1250.444654
622592 1623.092108
624640 1544.456919
626688 1405.166876
628736 1679.122248
630784 1777.563558
632832 1620.696620
634880 1662.118825
636928 1516.551955
638976 1511.702281
641024 1346.727535
643072 1463.271037
645120 1707.761663
647168 1569.428484
649216 1759.291825
651264 1828.459657
653312 1736.660246
655360 1686.733016
657408 1588.815145
659456 1391.286507
661504 1671.242844
663552 1768.885166
665600 1825.587534
667648 1884.033218
669696 1576.916167
671744 1761.446145
673792 1672.774081
675840 1727.966188
677888 1655.702956
679936 1805.847497
681984 1837.627964
684032 1975.765871
686080 1922.192484
688128 1550.029689
690176 1800.033604
692224 1534.610553
694272 1822.625225
696320 1958.327443
698368 1809.594371
700416 1651.584558
702464 1488.170736
704512 1966.499994
706560 1861.227140
708608 1837.546003
710656 1875.839666
712704 1934.141678
714752 1894.766053
716800 1678.380576
718848 1715.898544
720896 1200.404283
722944 1587.876532
724992 1915.348579
727040 1864.884918
729088 1783.194760
731136 1810.426124
733184 1699.416199
735232 2002.506597
737280 1453.071710
739328 1921.396603
741376 1975.330260
743424 1911.835929
745472 1810.205571
747520 1996.103235
749568 2049.826177
751616 1949.163525
753664 1297.815577
755712 1993.034591
757760 1818.097964
759808 1531.899726
761856 1681.359172
763904 1755.145822
765952 1425.905409
768000 1986.822644
770048 2001.171322
772096 1858.504411
774144 1891.404171
776192 1970.959342
778240 1767.973339
780288 1798.290213
782336 1942.576635
784384 1530.752335
786432 1497.899917
788480 1833.320585
790528 1900.705676
792576 1801.110904
794624 1825.089144
796672 1904.572483
798720 1874.704366
800768 1701.657907
802816 1558.561180
804864 1926.048033
806912 1765.015230
808960 1501.731350
811008 1726.627891
813056 1774.136239
815104 1874.902110
817152 1930.132011
819200 1818.602545
821248 1696.205210
823296 1899.719283
825344 1929.227886
827392 1657.568078
829440 1910.897472
831488 1698.424773
833536 1918.041566
835584 1907.928046
837632 1811.905244
839680 1640.314040
841728 1710.507829
843776 1817.436990
845824 1813.018721
847872 1839.532495
849920 1802.387035
851968 1777.695508
854016 1798.865590
856064 1660.496657
858112 1787.936405
860160 1777.076864
862208 1654.201018
864256 1815.312549
866304 1697.476275
868352 1494.614938
870400 1712.383034
872448 1899.444542
874496 1920.623189
876544 1762.132524
878592 1920.729931
880640 1827.806520
882688 1813.111223
884736 1549.812866
886784 1722.781197
888832 1789.119868
890880 1758.099949
892928 1843.494932
894976 1662.590580
897024 1850.580494
899072 1722.947151
901120 1604.773632
903168 1759.982425
905216 1769.791358
907264 1409.866955
909312 1744.956621
911360 1891.468847
913408 1569.772785
915456 1846.512615
917504 1918.832722
919552 1847.379505
921600 1792.022873
923648 1956.904725
925696 2048.160647
927744 1819.939484
929792 2011.565341
931840 1627.082826
933888 1654.548072
935936 1977.517058
937984 1766.461593
940032 1847.794458
942080 1770.818458
944128 1757.071360
946176 1727.396458
948224 1562.908749
950272 1646.835341
952320 1726.367196
954368 1838.516966
956416 1788.225477
958464 1844.911283
960512 1659.690569
962560 1667.394566
964608 1800.469263
966656 1835.873598
968704 1654.404958
970752 1625.623410
972800 1686.231503
974848 1405.822054
976896 1815.832737
978944 1471.938750
980992 1590.911179
983040 1657.428945
985088 1734.149207
987136 1589.632278
989184 1731.929282
991232 1749.067186
993280 1722.690685
995328 1726.955861
997376 1839.940657
999424 1798.855909
1001472 1783.872457
1003520 1876.479806
1005568 1654.386164
1007616 1798.684133
1009664 1691.465811
1011712 1783.269623
1013760 1809.780772
1015808 1794.169612
1017856 1721.424907
1019904 1851.823896
1021952 1645.629783
1024000 1814.763619
1026048 1644.242995
1028096 1725.477023
1030144 1522.671052
1032192 1565.478595
1034240 1873.235960
1036288 1679.842627
1038336 1839.467082
1040384 1599.275279
1042432 1421.776286
1044480 1501.197518
1046528 1831.050628
1048576 1715.428780
1050624 1470.737338
1052672 1145.299762
1054720 1658.804767
1056768 1311.487302
1058816 1186.374812
1060864 1501.298666
1062912 1443.643295
1064960 1591.269810
1067008 1680.006678
1069056 1773.549676
1071104 1482.538706
1073152 1745.041952
1075200 1709.317889
1077248 1685.413901
1079296 1571.707480
1081344 1663.082620
1083392 1346.335632
1085440 1656.318020
1087488 1642.652945
1089536 1730.166315
1091584 1337.791588
1093632 1656.234215
1095680 1515.968147
1097728 1481.980007
1099776 1683.634414
1101824 1763.515007
1103872 1530.016552
1105920 1519.710543
1107968 1581.806319
1110016 1656.474128
1112064 1433.699022
1114112 1671.056614
1116160 1572.461836
1118208 1314.840217
1120256 1360.910235
1122304 1518.654256
1124352 1513.045151
1126400 1370.939874
1128448 1360.075306
1130496 1556.121259
1132544 1545.706738
1134592 1544.925642
1136640 1537.381351
1138688 1433.990816
1140736 1527.405534
1142784 1280.942040
1144832 1486.159483
1146880 1507.597584
1148928 1449.021728
1150976 1419.314669
1153024 1244.176997
1155072 1343.555195
1157120 1492.473389
1159168 1395.511742
1161216 1364.594934
1163264 1195.001351
1165312 1399.026501
1167360 1349.929748
1169408 1187.289454
1171456 1337.732104
1173504 1424.065036
1175552 1327.393525
1177600 1380.069013
1179648 1130.633820
1181696 1225.872197
1183744 1265.541896
1185792 1065.915049
1187840 1337.551431
1189888 1447.386303
1191936 1353.478536
1193984 904.090664
1196032 1046.228072
1198080 1353.981323
1200128 1000.570446
1202176 1252.142577
1204224 1047.112919
1206272 1176.479193
1208320 631.052041
1210368 1285.532247
1212416 1137.989195
1214464 970.254463
1216512 1117.800556
1218560 1200.428577
1220608 1249.530932
1222656 901.060590
1224704 1319.197881
1226752 1237.520026
1228800 1361.244448
1230848 1094.640552
1232896 1227.906197
1234944 1315.001438
1236992 1207.840730
1239040 1204.940192
1241088 1295.084088
1243136 1129.321219
1245184 1237.561209
1247232 991.911309
1249280 1222.789263
1251328 1135.947972
1253376 1106.148487
1255424 1055.298421
1257472 1017.208314
1259520 1279.059421
1261568 893.539978
1263616 1080.194606
1265664 959.492669
1267712 955.440703
1269760 1272.910655
1271808 1101.704624
1273856 1066.543580
1275904 1009.530788
1277952 988.084651
1280000 960.340120
1282048 1084.134062
1284096 901.874701
1286144 1139.966271
1288192 1227.869124
1290240 1274.432381
1292288 1155.517305
1294336 1030.367903
1296384 997.226772
1298432 1274.282243
1300480 1205.445148
1302528 1063.824644
1304576 1338.048145
1306624 1217.403435
1308672 990.680248
1310720 1285.072205
1312768 1013.417876
1314816 1117.346366
1316864 1233.516876
1318912 1042.007144
1320960 1425.339440
1323008 1131.276713
1325056 1132.219305
1327104 1317.198784
1329152 1255.252847
1331200 1109.159928
1333248 1120.282314
1335296 1099.948159
1337344 1169.477078
1339392 1199.670439
1341440 1249.118676
1343488 1288.235873
1345536 1070.458426
1347584 1230.107652
1349632 1273.751739
1351680 1211.511666
1353728 1048.915875
1355776 1266.319130
1357824 1298.169851
1359872 1238.653254
1361920 1222.349325
1363968 1241.751706
1366016 1232.297369
1368064 1257.069417
1370112 1383.089447
1372160 1345.561985
1374208 1283.605183
1376256 1372.739202
1378304 1304.744766
1380352 1340.001042
1382400 1327.960899
1384448 1403.685439
1386496 1380.851468
1388544 1368.496362
1390592 1199.051003
1392640 1363.273318
1394688 1377.216286
1396736 1343.710224
1398784 1390.604285
1400832 1424.073114
1402880 1354.422282
1404928 1228.588845
1406976 1330.214142
1409024 1252.640799
1411072 1302.831259
1413120 1362.751499
1415168 1342.800743
1417216 1372.736095
1419264 1411.170712
1421312 1351.297083
1423360 1428.390998
1425408 1520.072588
1427456 1552.647352
1429504 1388.649236
1431552 1104.428393
1433600 1551.473097
1435648 1163.979860
1437696 1547.625263
1439744 1557.241782
1441792 1199.951725
1443840 1286.393065
1445888 1481.773718
1447936 1423.892830
1449984 1604.986929
1452032 1418.530943
1454080 1470.720885
1456128 1113.669939
1458176 1530.241440
1460224 1039.262486
1462272 1483.094705
1464320 1206.439395
1466368 1518.342032
1468416 1523.306182
1470464 1433.442903
1472512 1315.073832
1474560 1157.937492
1476608 1464.716647
1478656 1485.626656
1480704 1403.227845
1482752 1499.793450
1484800 1524.708652
1486848 1465.742175
1488896 1314.948117
1490944 1475.263816
1492992 1308.273315
1495040 1364.913372
1497088 1490.233300
1499136 1267.025063
1501184 1563.302562
1503232 1523.593502
1505280 1379.277150
1507328 1398.548731
1509376 1331.607300
1511424 1312.883602
1513472 1399.906135
1515520 1189.100167
1517568 1303.642425
1519616 1178.876292
1521664 1570.894696
1523712 1472.373371
1525760 1397.225882
1527808 1414.522403
1529856 1532.232504
1531904 1515.462500
1533952 1488.071208
1536000 1503.320262
1538048 1466.425886
1540096 1291.439521
1542144 1510.457504
1544192 1412.419939
1546240 1385.231931
1548288 1378.066322
1550336 1423.034468
1552384 1542.969769
1554432 1414.811852
1556480 1444.741977
1558528 1561.182075
1560576 1544.554044
1562624 1506.523473
1564672 1549.265186
1566720 1550.908110
1568768 1364.631971
1570816 1558.639125
1572864 1449.045855
1574912 1456.713725
1576960 1495.488034
1579008 1469.148388
1581056 1481.416623
1583104 1458.785152
1585152 1408.050835
1587200 1462.370201
1589248 1317.580666
1591296 1220.716745
1593344 1440.684192
1595392 1343.497058
1597440 1591.435693
1599488 1513.422213
1601536 1306.912335
1603584 1433.437764
1605632 1440.216233
1607680 1260.923403
1609728 1430.340543
1611776 1345.147789
1613824 1460.660222
1615872 1406.222234
1617920 1304.498580
1619968 1282.267726
1622016 1145.499961
1624064 1157.054737
1626112 1094.707252
1628160 1219.874552
1630208 1039.650377
1632256 1074.496701
1634304 1147.390687
1636352 1158.538541
1638400 1058.101355
1640448 1052.543538
1642496 1056.591405
1644544 933.751595
1646592 1046.998161
1648640 1080.968197
1650688 1153.798403
1652736 1008.058607
1654784 1078.574158
1656832 1030.416833
1658880 999.745575
1660928 1035.677031
1662976 883.856193
1665024 1024.041921
1667072 1035.721971
1669120 1114.121330
1671168 979.322737
1673216 1018.983786
1675264 1177.612437
1677312 1035.502571
1679360 1189.359083
1681408 1115.976298
1683456 1275.870332
1685504 1244.435188
1687552 1288.490894
1689600 1085.446073
1691648 1244.029436
1693696 1285.632677
1695744 1249.237082
1697792 1245.898600
1699840 1189.201616
1701888 1242.957136
1703936 1296.237870
1705984 1140.097492
1708032 1193.039607
1710080 1253.985016
1712128 1210.437127
1714176 1154.964790
1716224 1177.317612
1718272 1166.822290
1720320 1125.398175
1722368 1109.818619
1724416 1054.529836
1726464 1064.507155
1728512 1043.616911
1730560 1141.722071
1732608 943.663699
1734656 982.708712
1736704 937.734620
1738752 880.402774
1740800 1041.774718
1742848 831.053611
1744896 697.650491
1746944 857.793495
1748992 711.795702
1751040 922.527773
1753088 828.175907
1755136 788.688988
1757184 867.044004
1759232 882.154274
1761280 761.305273
1763328 881.853264
1765376 870.154418
1767424 1119.211512
1769472 990.638184
1771520 1062.069937
1773568 1198.762349
1775616 1299.561559
1777664 1289.767276
1779712 1289.589775
1781760 1248.513492
1783808 1120.103213
1785856 839.229226
1787904 1056.944591
1789952 879.644375
1792000 1200.320690
1794048 1112.878108
1796096 882.671064
1798144 1116.805963
1800192 1078.406703
1802240 1069.161619
1804288 1064.710310
1806336 833.059634
1808384 1114.774735
1810432 997.479058
1812480 871.437022
1814528 1048.677711
1816576 1089.161875
1818624 1043.799028
1820672 1134.240262
1822720 952.024388
1824768 859.414799
1826816 1015.978593
1828864 1060.413595
1830912 1206.591032
1832960 1047.155671
1835008 1072.716899
1837056 1044.418472
1839104 984.856873
1841152 1049.724331
1843200 1014.035085
1845248 983.875099
1847296 909.255792
1849344 996.409712
1851392 1086.645365
1853440 1097.036853
1855488 1046.116371
1857536 1104.161911
1859584 1014.594965
1861632 1001.092548
1863680 983.743648
1865728 886.990648
1867776 982.240703
1869824 986.778290
1871872 1023.595537
1873920 968.543267
1875968 1048.250009
1878016 1042.522435
1880064 1119.733023
1882112 1037.734378
1884160 974.497874
1886208 912.874224
1888256 1016.375490
1890304 1054.806274
1892352 1020.022213
1894400 1004.368550
1896448 992.000526
1898496 945.213066
1900544 1102.486610
1902592 964.843724
1904640 940.822079
1906688 1017.406219
1908736 917.368219
1910784 908.201192
1912832 860.935664
1914880 815.392578
1916928 805.230045
1918976 936.940573
1921024 832.006322
1923072 853.295715
1925120 753.630513
1927168 855.482595
1929216 890.381983
1931264 873.574925
1933312 870.169896
1935360 934.958550
1937408 876.601854
1939456 788.201165
1941504 784.684203
1943552 744.886360
1945600 817.368373
1947648 730.211329
1949696 721.963827
1951744 872.687346
1953792 877.995713
1955840 723.565790
1957888 931.764381
1959936 958.695362
1961984 1056.052232
1964032 981.973005
1966080 988.079599
1968128 1057.259217
1970176 983.072331
1972224 1006.174979
1974272 900.872047
1976320 820.402726
1978368 820.385631
1980416 808.664489
1982464 805.280965
1984512 847.319859
1986560 854.816553
1988608 832.420494
1990656 750.063547
1992704 540.115972
1994752 647.502116
1996800 693.651331
1998848 714.042382
2000896 825.602260
