2048 -347.457271
4096 -376.021528
6144 -337.123249
8192 -328.701071
10240 -336.693030
12288 -286.159565
14336 -287.303513
16384 -255.590479
18432 -218.695501
20480 -138.756677
22528 -161.856702
24576 -113.919892
26624 -55.747648
28672 -109.305849
30720 -54.786405
32768 75.985310
34816 47.292657
36864 108.970047
38912 156.360754
40960 83.472507
43008 167.566403
45056 217.919125
47104 263.035635
49152 295.933322
51200 338.731262
53248 352.882312
55296 359.629603
57344 407.351656
59392 439.256762
61440 426.794762
63488 486.935086
65536 512.108143
67584 553.847507
69632 591.551400
71680 524.846175
73728 482.448516
75776 576.320583
77824 719.336302
79872 694.970669
81920 588.215801
83968 669.495449
86016 800.054921
88064 528.143016
90112 763.931471
92160 692.982278
94208 820.315190
96256 818.834924
98304 726.956942
100352 834.092559
102400 616.698608
104448 836.207289
106496 740.331322
108544 515.479684
110592 832.292483
112640 819.305094
114688 949.551203
116736 1066.155449
118784 913.753627
120832 929.189081
122880 1064.699032
124928 783.844682
126976 969.756147
129024 1176.698027
131072 889.124412
133120 1146.531097
135168 941.087685
137216 1104.727851
139264 941.140991
141312 1130.928392
143360 1289.973735
145408 920.898883
147456 1037.401646
149504 982.184892
151552 1010.231486
153600 1198.676716
155648 868.193401
157696 1199.443251
159744 1141.994213
161792 1216.663444
163840 1285.154933
165888 1281.402917
167936 1185.468967
169984 1357.474462
172032 1543.001733
174080 1049.922785
176128 1346.999919
178176 1117.547876
180224 1238.614993
182272 1394.759053
184320 1018.664039
186368 1413.443075
188416 1346.619282
190464 1067.324812
192512 1523.526845
194560 1389.051830
196608 1199.491480
198656 1568.097149
200704 1579.213690
202752 1544.584085
204800 1327.583952
206848 1415.194484
208896 1052.027883
210944 1544.815919
212992 1246.614019
215040 1436.148271
217088 1734.114533
219136 1381.909473
221184 1425.953168
223232 1593.950212
225280 1499.671021
227328 1775.837404
229376 1491.968763
231424 1575.153390
233472 1841.160522
235520 1466.862372
237568 1498.800676
239616 1659.454934
241664 1868.150925
243712 1648.549700
245760 1910.989939
247808 1687.223358
249856 1916.151590
251904 1793.134209
253952 1646.009583
256000 1901.274356
258048 1789.556385
260096 1960.384210
262144 1949.883729
264192 1986.390004
266240 1992.814580
268288 1571.051123
270336 1884.426496
272384 1531.697311
274432 1916.944831
276480 2020.922406
278528 1877.788989
280576 2014.298457
282624 1751.648525
284672 1852.494820
286720 1821.402420
288768 1876.378776
290816 1830.979369
292864 1450.991791
294912 1820.919427
296960 1531.546423
299008 1861.936801
301056 1546.626075
303104 1924.356370
305152 1949.457984
307200 1684.092854
309248 1894.929038
311296 1780.753166
313344 1818.269084
315392 1741.729982
317440 1610.278501
319488 1926.896918
321536 1982.673302
323584 1669.039442
325632 1677.038905
327680 1450.447372
329728 1888.637781
331776 2010.201134
333824 1783.711189
335872 1994.357286
337920 1696.002393
339968 1493.213043
342016 1717.063724
344064 1993.198285
346112 1725.412913
348160 1657.394105
350208 1774.465165
352256 1852.669135
354304 1419.843483
356352 1594.160421
358400 1942.093722
360448 2040.490268
362496 1768.048464
364544 1664.427209
366592 1625.961820
368640 1795.485421
370688 2088.320132
372736 1582.534670
374784 2123.687795
376832 1388.806683
378880 1899.667396
380928 1686.160397
382976 1888.962492
385024 1929.945674
387072 1894.334703
389120 1840.711136
391168 1932.315726
393216 1221.500382
395264 2169.363107
397312 1677.240592
399360 2129.705774
401408 1614.491288
403456 1719.760134
405504 1817.402918
407552 1436.495742
409600 2068.950964
411648 2002.668597
413696 1862.675373
415744 1833.880150
417792 1892.822190
419840 1527.957907
421888 1766.350874
423936 2001.610605
425984 1457.347971
428032 1839.093499
430080 2206.673080
432128 1813.683081
434176 1861.228022
436224 2121.157607
438272 2050.298526
440320 1995.411941
442368 2267.541105
444416 1944.022077
446464 2154.778217
448512 2199.159144
450560 2226.362165
452608 2174.521647
454656 2241.271577
456704 2204.392946
458752 2238.634497
460800 2040.618821
462848 2175.960043
464896 2261.719131
466944 2330.371396
468992 2252.467061
471040 2236.725036
473088 2255.657030
475136 2268.909956
477184 2203.732727
479232 2372.303429
481280 2324.454782
483328 2365.732293
485376 2330.922252
487424 2196.685139
489472 2419.284926
491520 2243.586174
493568 2236.865561
495616 2409.840046
497664 2595.495838
499712 2289.586944
501760 2383.174447
503808 2374.444336
505856 2326.393773
507904 2390.960992
509952 2482.861727
512000 2266.905922
514048 2130.919515
516096 2435.487798
518144 2281.086684
520192 2243.275054
522240 2462.440449
524288 2415.866672
526336 2456.750415
528384 2495.940437
530432 2464.590927
532480 2476.801842
534528 2547.380506
536576 2463.669195
538624 2505.445888
540672 2235.225613
542720 2493.913923
544768 2229.366676
546816 2499.518406
548864 2563.094697
550912 2024.279144
552960 2219.762003
555008 2473.035400
557056 2375.857867
559104 2561.995011
561152 2212.589004
563200 2145.351880
565248 2058.033585
567296 2063.931271
569344 2571.990545
571392 2517.062696
573440 2394.157430
575488 2597.390534
577536 2263.279948
579584 2130.898665
581632 2654.798903
583680 1893.437780
585728 2128.880337
587776 2623.019500
589824 2666.195078
591872 2199.556883
593920 2221.985087
595968 2070.673041
598016 2258.891077
600064 2367.037066
602112 2723.445837
604160 2212.350399
606208 2379.550397
608256 2241.753296
610304 2494.013557
612352 2555.901404
614400 2372.079190
616448 1707.183638
618496 2404.299490
620544 2449.156957
622592 2236.416632
624640 1995.078229
626688 2521.562830
628736 2284.213156
630784 2330.930759
632832 2531.912459
634880 2580.910019
636928 2641.311429
638976 2576.270083
641024 2491.659955
643072 2157.566127
645120 2558.214581
647168 2617.343876
649216 2354.190246
651264 2365.020780
653312 2627.740694
655360 2648.259265
657408 2662.574659
659456 2716.157272
661504 2631.582647
663552 2737.982990
665600 2375.871779
667648 2658.725385
669696 2463.751693
671744 2639.368846
673792 2674.316023
675840 2626.685318
677888 2473.243405
679936 2751.384944
681984 2712.141834
684032 2772.142516
686080 2746.976656
688128 2693.816851
690176 2692.904305
692224 2572.711055
694272 2661.717317
696320 2770.503763
698368 2557.551949
700416 2728.974688
702464 2158.072576
704512 2706.686737
706560 2828.161140
708608 2299.281000
710656 2856.223441
712704 2459.585190
714752 2544.779713
716800 2718.657418
718848 2784.272886
720896 2468.280714
722944 2772.759181
724992 2777.695842
727040 2765.511035
729088 2649.110863
731136 2510.639198
733184 2862.151751
735232 2853.107106
737280 2886.239676
739328 2891.488403
741376 2938.449289
743424 2887.475385
745472 2622.607876
747520 2903.662473
749568 2937.692807
751616 2992.875220
753664 2996.844252
755712 2676.284569
757760 2954.343895
759808 2929.655331
761856 2900.673427
763904 2666.365245
765952 2923.487931
768000 2897.709437
770048 2798.776870
772096 2954.921753
774144 2907.797263
776192 2986.446870
778240 2984.543135
780288 2823.468327
782336 2863.348788
784384 3007.105905
786432 3048.721261
788480 3034.460252
790528 2972.913512
792576 3023.510384
794624 3007.223684
796672 2850.900748
798720 3201.799360
800768 3179.569654
802816 3122.691040
804864 2868.975801
806912 3087.645983
808960 2797.030820
811008 2986.956235
813056 3157.118411
815104 3020.026004
817152 3060.928135
819200 2630.666057
821248 3020.831550
823296 2930.058436
825344 2864.728383
827392 2955.355878
829440 3023.987800
831488 3027.043259
833536 2921.389136
835584 2871.929727
837632 3029.777233
839680 3010.774218
841728 3074.531681
843776 2849.502259
845824 2720.861878
847872 3006.176034
849920 3109.122358
851968 2666.767122
854016 3099.615970
856064 2382.642501
858112 3113.814040
860160 2751.188138
862208 2783.353296
864256 3157.684361
866304 3092.495419
868352 3236.476382
870400 3224.194932
872448 3304.655482
874496 3179.412294
876544 3245.267463
878592 2959.823142
880640 3203.637545
882688 3184.877393
884736 3240.526230
886784 3099.306862
888832 3237.217828
890880 3175.580341
892928 2815.954037
894976 3181.413110
897024 3128.077087
899072 3077.641138
901120 3126.833566
903168 2620.493949
905216 3168.312462
907264 3135.552463
909312 3094.652657
911360 3260.397112
913408 3207.381411
915456 3174.021869
917504 3222.535592
919552 2884.356259
921600 3098.056415
923648 3072.361323
925696 3183.761299
927744 3137.451132
929792 2838.080886
931840 3153.007932
933888 2867.395366
935936 3210.090965
937984 3168.584287
940032 3182.742522
942080 3274.396586
944128 3243.295707
946176 3164.965090
948224 3286.953820
950272 3294.100318
952320 3341.684884
954368 3254.448560
956416 3275.298413
958464 3286.235320
960512 3407.306222
962560 3327.627923
964608 3394.513111
966656 3290.309450
968704 2971.003889
970752 3340.457033
972800 3383.081374
974848 3356.120966
976896 3211.937570
978944 3368.174827
980992 3399.488837
983040 3344.326067
985088 3344.319233
987136 3428.059417
989184 3046.564930
991232 3478.377243
993280 3376.967196
995328 3035.420976
997376 3468.347215
999424 3239.483351
1001472 3462.208478
1003520 3528.977021
1005568 3424.180855
1007616 3463.921378
1009664 3449.158195
1011712 3453.095694
1013760 3481.755451
1015808 3508.440550
1017856 3447.449984
1019904 3362.960034
1021952 3202.835336
1024000 3277.039604
1026048 3400.228612
1028096 3299.009450
1030144 3441.258326
1032192 3409.202456
1034240 3381.529822
1036288 3396.231901
1038336 3363.715323
1040384 3306.365799
1042432 3036.233212
1044480 3415.838841
1046528 3486.902889
1048576 3448.246100
1050624 3212.879865
1052672 2996.155674
1054720 3507.524635
1056768 3508.677479
1058816 3520.086098
1060864 3231.559054
1062912 3381.432488
1064960 3231.591191
1067008 3508.288013
1069056 3422.251902
1071104 3366.470428
1073152 3504.584997
1075200 3446.327600
1077248 3517.748786
1079296 3377.365359
1081344 3338.331928
1083392 3539.024247
1085440 3499.433502
1087488 3507.558890
1089536 3024.224612
1091584 3206.755450
1093632 3540.263777
1095680 3400.849658
1097728 3497.853124
1099776 2807.111855
1101824 3510.834387
1103872 3393.405254
1105920 3539.469374
1107968 3584.405926
1110016 3502.978110
1112064 3203.877988
1114112 3301.796575
1116160 3522.686932
1118208 3638.329169
1120256 3453.848055
1122304 3301.795868
1124352 3457.936975
1126400 3538.624765
1128448 3582.377887
1130496 3574.976646
1132544 3491.659103
1134592 3606.423590
1136640 3583.584263
1138688 3557.199599
1140736 3625.562095
1142784 3618.423889
1144832 3710.765261
1146880 3695.979653
1148928 3684.297593
1150976 3686.138731
1153024 3569.229282
1155072 3646.921584
1157120 3615.888488
1159168 3569.773490
1161216 3456.334291
1163264 3289.098715
1165312 3759.180697
1167360 3714.394552
1169408 3646.985435
1171456 3673.873613
1173504 3739.292762
1175552 3685.015642
1177600 3794.718629
1179648 3597.224674
1181696 3715.969957
1183744 3784.531687
1185792 3628.644857
1187840 3794.434341
1189888 3707.260390
1191936 3739.929009
1193984 3758.299747
1196032 3694.739310
1198080 3719.354174
1200128 3654.071358
1202176 3499.882769
1204224 3742.483239
1206272 3790.602198
1208320 3616.019787
1210368 3781.064799
1212416 3812.712614
1214464 3840.381130
1216512 3961.478917
1218560 3777.352564
1220608 3831.902317
1222656 3812.343722
1224704 3904.400162
1226752 3815.884118
1228800 3880.361921
1230848 3881.969146
1232896 3808.591864
1234944 3741.314501
1236992 3740.515793
1239040 3555.215990
1241088 3845.118633
1243136 3897.824594
1245184 3777.176293
1247232 3805.243404
1249280 3916.015837
1251328 3894.433654
1253376 3979.722888
1255424 3848.139965
1257472 3898.552030
1259520 3939.830753
1261568 3713.305306
1263616 3865.352375
1265664 4009.175618
1267712 3921.844162
1269760 3965.913054
1271808 3879.980087
1273856 3853.447506
1275904 3974.920720
1277952 3908.452742
1280000 3894.417479
1282048 3873.218124
1284096 3709.621820
1286144 3586.175623
1288192 3981.482575
1290240 3947.722151
1292288 3960.759982
1294336 4049.343592
1296384 4021.590698
1298432 3935.104449
1300480 4018.173231
1302528 4022.587093
1304576 4041.261294
1306624 3934.524893
1308672 3936.806767
1310720 4032.110695
1312768 3957.887238
1314816 3997.832377
1316864 3680.341047
1318912 3881.054976
1320960 3911.281152
1323008 3844.304392
1325056 3666.897170
1327104 3788.656416
1329152 3807.679999
1331200 3821.603343
1333248 3860.339993
1335296 3884.077152
1337344 3937.942031
1339392 3785.256712
1341440 4010.205162
1343488 3965.577262
1345536 3950.694984
1347584 3911.731622
1349632 3931.023498
1351680 4009.134273
1353728 3933.503767
1355776 3986.242742
1357824 3984.917390
1359872 4047.838501
1361920 4010.925116
1363968 3940.179142
1366016 4100.193655
1368064 4099.011835
1370112 4074.148492
1372160 4055.741360
1374208 4108.016269
1376256 4146.176590
1378304 4044.363535
1380352 4018.952544
1382400 4204.277642
1384448 4069.913667
1386496 4130.628967
1388544 4109.459677
1390592 4065.321540
1392640 4120.434217
1394688 4154.378354
1396736 4186.482125
1398784 4189.665364
1400832 4109.115346
1402880 3947.159361
1404928 4187.217467
1406976 3838.784535
1409024 4269.774035
1411072 4155.933667
1413120 4211.636332
1415168 4146.721283
1417216 4177.758417
1419264 4176.671668
1421312 4250.523605
1423360 4212.244794
1425408 4206.604093
1427456 4318.253600
1429504 4204.080086
1431552 4236.215961
1433600 4186.570589
1435648 4283.042360
1437696 4265.969187
1439744 4315.077714
1441792 4240.329572
1443840 4202.794298
1445888 4258.943005
1447936 4213.219083
1449984 4389.268047
1452032 4324.799092
1454080 4328.681142
1456128 4121.348283
1458176 4249.857513
1460224 3757.836610
1462272 4260.623398
1464320 4224.444676
1466368 4306.392322
1468416 4389.528651
1470464 4323.064852
1472512 4227.653118
1474560 4259.337324
1476608 4204.256299
1478656 4291.494664
1480704 4288.067358
1482752 4244.188892
1484800 4280.639999
1486848 4226.672351
1488896 4323.532480
1490944 4409.872033
1492992 4354.042290
1495040 4311.573814
1497088 4388.831795
1499136 4340.926272
1501184 4025.629619
1503232 4328.251440
1505280 4276.294735
1507328 4367.538099
1509376 4136.206704
1511424 4314.670615
1513472 4345.737137
1515520 4512.186222
1517568 3854.498126
1519616 4348.104612
1521664 3944.086462
1523712 3926.724131
1525760 4454.403569
1527808 4329.878349
1529856 3874.379812
1531904 4143.066576
1533952 4400.195001
1536000 4186.186085
1538048 4305.653236
1540096 4403.043754
1542144 4413.646501
1544192 4499.406272
1546240 4499.736475
1548288 4491.809377
1550336 4471.127235
1552384 4475.250519
1554432 4673.972756
1556480 4507.630738
1558528 4064.674746
1560576 4366.405977
1562624 4486.818311
1564672 4490.387684
1566720 4495.495987
1568768 4642.641979
1570816 4552.133331
1572864 3980.248164
1574912 4186.720771
1576960 4596.897549
1579008 4163.086147
1581056 4297.831595
1583104 4597.360606
1585152 4650.677362
1587200 4145.910213
1589248 4716.181909
1591296 4660.720545
1593344 4310.460269
1595392 4679.730296
1597440 4406.259803
1599488 4162.490191
1601536 4587.359793
1603584 4007.048307
1605632 4569.427194
1607680 4150.534320
1609728 4661.674075
1611776 4737.478333
1613824 3985.153671
1615872 4504.270833
1617920 4536.835254
1619968 4558.625431
1622016 4451.458274
1624064 4363.754366
1626112 4479.558404
1628160 4586.786207
1630208 4554.273558
1632256 4548.496387
1634304 4423.437011
1636352 4585.840591
1638400 4621.258701
1640448 4662.156604
1642496 4733.939831
1644544 4702.235141
1646592 4734.878244
1648640 4702.181926
1650688 4727.177379
1652736 4757.590895
1654784 4831.071682
1656832 4777.468482
1658880 4817.165870
1660928 4749.181124
1662976 4768.197985
1665024 4771.007391
1667072 4706.759264
1669120 4256.744837
1671168 4725.841775
1673216 4884.542168
1675264 4523.399044
1677312 4604.743353
1679360 4796.884822
1681408 4731.668458
1683456 4673.782569
1685504 4784.932098
1687552 4787.410594
1689600 4857.738341
1691648 4800.583843
1693696 4895.570578
1695744 4841.739242
1697792 4907.867183
1699840 4941.858912
1701888 4975.097372
1703936 4944.466046
1705984 4745.890788
1708032 4996.587700
1710080 4869.618801
1712128 4949.086369
1714176 4846.461878
1716224 4498.802359
1718272 4837.874083
1720320 4636.868031
1722368 4804.182262
1724416 4879.664926
1726464 4779.744685
1728512 4868.423094
1730560 4993.083650
1732608 4904.926946
1734656 4943.589121
1736704 5056.979453
1738752 5064.177531
1740800 4679.485783
1742848 5091.643125
1744896 5090.069307
1746944 4592.140381
1748992 5064.018357
1751040 5096.087400
1753088 5078.244375
1755136 5046.860668
1757184 4980.699314
1759232 5076.807809
1761280 5121.702809
1763328 5017.870722
1765376 5113.124898
1767424 5015.406612
1769472 4967.336632
1771520 5185.338670
1773568 5094.205366
1775616 5017.282945
1777664 5030.870575
1779712 4970.499141
1781760 5004.379679
1783808 4976.909430
1785856 4975.463981
1787904 5014.779793
1789952 5027.843547
1792000 5003.884714
1794048 5074.824670
1796096 5041.387463
1798144 4938.335662
1800192 4936.306317
1802240 4977.074487
1804288 4928.921535
1806336 4910.337304
1808384 5086.768286
1810432 4409.342439
1812480 5000.202029
1814528 5028.637334
1816576 5007.649862
1818624 4834.946486
1820672 5060.201479
1822720 5059.426035
1824768 5049.292273
1826816 4962.975421
1828864 4799.789956
1830912 4930.099967
1832960 4336.032248
1835008 4770.186939
1837056 4913.870920
1839104 4775.028236
1841152 4655.368773
1843200 4664.747301
1845248 4728.820729
1847296 4731.569666
1849344 4647.612299
1851392 4696.038984
1853440 4605.371903
1855488 4691.759478
1857536 4963.523630
1859584 4810.188493
1861632 4991.223965
1863680 4815.548416
1865728 4892.755271
1867776 4974.465230
1869824 4664.485269
1871872 4974.920099
1873920 5049.353424
1875968 5175.463238
1878016 5097.187446
1880064 4627.430008
1882112 4596.939737
1884160 4596.543330
1886208 4720.107791
1888256 4715.911848
1890304 4644.586734
1892352 4612.254384
1894400 4744.374820
1896448 4635.596361
1898496 4683.285524
1900544 4866.214773
1902592 4874.341247
1904640 4972.895356
1906688 5123.408063
1908736 4916.627331
1910784 5310.218793
1912832 5333.196253
1914880 5304.992939
1916928 5216.393772
1918976 5181.466002
1921024 5269.141005
1923072 5157.802713
1925120 5130.928708
1927168 5223.933710
1929216 5003.191386
1931264 5221.500916
1933312 5106.819485
1935360 5127.787471
1937408 5076.482463
1939456 5154.010741
1941504 5187.110554
1943552 5190.459265
1945600 5041.783886
1947648 4965.502473
1949696 5061.841953
1951744 5224.306872
1953792 5198.365096
1955840 5154.899912
1957888 5097.551202
1959936 5017.047408
1961984 4993.016110
1964032 5007.945257
1966080 5043.481525
1968128 5084.563053
1970176 4938.499746
1972224 4936.178419
1974272 5056.493797
1976320 5002.645423
1978368 4722.640811
1980416 5031.193591
1982464 5070.995241
1984512 5030.083620
1986560 5060.591871
1988608 5021.334194
1990656 4934.611418
1992704 5136.386091
1994752 5176.167059
1996800 5027.446936
1998848 5019.533147
2000896 5059.430603
