2048 -348.197286
4096 -347.373825
6144 -303.368622
8192 -380.968426
10240 -297.862282
12288 -246.169651
14336 -269.432126
16384 -279.192207
18432 -281.513982
20480 -278.427591
22528 -264.367103
24576 -267.397042
26624 -231.296460
28672 -260.128518
30720 -203.679987
32768 -222.414041
34816 -195.900798
36864 -169.758133
38912 -131.909540
40960 -128.313847
43008 -77.820994
45056 -45.703673
47104 -37.531565
49152 -33.527988
51200 26.084638
53248 52.234270
55296 62.238326
57344 107.863961
59392 134.620335
61440 144.276340
63488 163.660850
65536 194.755971
67584 230.809677
69632 262.746564
71680 315.046747
73728 347.753742
75776 378.546896
77824 419.863906
79872 435.807931
81920 516.850218
83968 546.645556
86016 555.196779
88064 597.854433
90112 640.975012
92160 658.338874
94208 706.589089
96256 729.454913
98304 746.670169
100352 807.489878
102400 805.133197
104448 829.344443
106496 864.672824
108544 853.361567
110592 868.535518
112640 929.877851
114688 954.708035
116736 995.333129
118784 994.907239
120832 983.504013
122880 1011.830621
124928 803.246061
126976 1041.607072
129024 1103.454575
131072 1038.924294
133120 1100.566556
135168 1012.020503
137216 984.038187
139264 1090.113674
141312 971.584803
143360 1076.447992
145408 1238.471529
147456 1255.919574
149504 1245.567288
151552 1273.550254
153600 1040.848210
155648 1198.037291
157696 1192.055689
159744 1279.508172
161792 1288.621551
163840 1264.222327
165888 1327.111308
167936 1223.216122
169984 1361.329671
172032 1244.218770
174080 1416.271832
176128 1423.331539
178176 1429.993242
180224 1454.119511
182272 1468.576334
184320 1477.379380
186368 1486.557926
188416 1364.575268
190464 1496.762010
192512 1483.843280
194560 1506.423797
196608 1445.954708
198656 1135.573809
200704 1268.617635
202752 1283.110266
204800 1354.153415
206848 1462.986040
208896 1382.143530
210944 1620.976427
212992 1516.045445
215040 1291.364966
217088 1528.672972
219136 1625.493692
221184 1644.913620
223232 1624.298849
225280 1477.222497
227328 1459.127733
229376 1662.636716
231424 1726.977115
233472 1716.200252
235520 1707.033717
237568 1729.679767
239616 1744.392305
241664 1698.985855
243712 1719.383875
245760 1795.842655
247808 1751.035445
249856 1759.659730
251904 1786.462614
253952 1806.432401
256000 1612.923886
258048 1789.919068
260096 1841.417662
262144 1454.222329
264192 1822.715681
266240 1907.303451
268288 1931.136587
270336 1950.341394
272384 1810.959859
274432 1891.388520
276480 1838.034935
278528 1737.823176
280576 1961.650369
282624 1950.206000
284672 1689.442763
286720 1709.267117
288768 2041.499583
290816 2036.533603
292864 2002.639253
294912 1978.805149
296960 2011.756092
299008 1929.175252
301056 2011.935744
303104 2027.108219
305152 1991.231631
307200 1971.236398
309248 2054.227561
311296 2042.351967
313344 2069.311063
315392 2099.573662
317440 2110.364940
319488 2102.159620
321536 2105.234582
323584 2124.528470
325632 2161.048950
327680 2166.765630
329728 2121.164390
331776 2162.888993
333824 2169.507607
335872 2176.907237
337920 2188.661563
339968 2191.524993
342016 2169.276668
344064 2204.517661
346112 2212.957502
348160 2207.143422
350208 2225.562333
352256 2198.897587
354304 2237.870854
356352 2054.867336
358400 2246.971934
360448 2213.314063
362496 2227.209445
364544 2149.577475
366592 2163.417733
368640 2253.821096
370688 2254.365766
372736 2261.354205
374784 2227.444696
376832 2266.754751
378880 2202.441508
380928 2224.269048
382976 2092.603290
385024 2249.539471
387072 2029.064561
389120 2131.762906
391168 2260.756017
393216 2277.641311
395264 2247.743345
397312 2314.854859
399360 2287.178380
401408 2253.692835
403456 2288.535194
405504 2277.292889
407552 2293.643072
409600 2260.359280
411648 2255.002348
413696 2314.225075
415744 2113.433282
417792 2261.962419
419840 2287.029938
421888 2107.458855
423936 2140.506133
425984 2167.146802
428032 2149.998028
430080 2208.289247
432128 2274.314014
434176 2345.026733
436224 2269.165413
438272 2320.171140
440320 2350.423444
442368 2116.788041
444416 2336.335690
446464 2366.782244
448512 2410.826731
450560 2329.100949
452608 2361.792297
454656 2396.613008
456704 2392.004976
458752 2415.557127
460800 2325.847926
462848 2283.217284
464896 2202.399075
466944 1971.706602
468992 2384.993097
471040 2371.652234
473088 2413.286833
475136 2429.869380
477184 2389.739733
479232 2361.416024
481280 2275.271999
483328 2428.990264
485376 2468.430535
487424 2487.393728
489472 2518.041045
491520 2398.459360
493568 2505.639422
495616 2529.213587
497664 2365.746589
499712 2545.905688
501760 2583.253655
503808 2550.425147
505856 2466.818519
507904 2512.219549
509952 2458.284034
512000 2470.136344
514048 2440.861633
516096 2442.404941
518144 2431.751019
520192 2474.422090
522240 2488.096816
524288 2517.786017
526336 2533.714862
528384 2438.980976
530432 2189.064149
532480 2522.908109
534528 2136.912878
536576 2542.323922
538624 2523.693026
540672 2550.539847
542720 2437.959613
544768 2481.986583
546816 2509.372454
548864 2417.998130
550912 2502.849495
552960 2480.567013
555008 2062.841283
557056 2485.847674
559104 2478.523585
561152 2526.138650
563200 2358.012623
565248 2479.365804
567296 2484.879249
569344 2479.350899
571392 2485.188073
573440 2478.631331
575488 2262.847520
577536 2436.473269
579584 2365.258955
581632 2414.430546
583680 2463.581674
585728 2461.553879
587776 2448.091498
589824 2447.756253
591872 2441.170698
593920 2471.291648
595968 2471.927053
598016 2456.392937
600064 2504.705042
602112 2195.846239
604160 2464.786167
606208 2483.052380
608256 2210.034286
610304 2420.335736
612352 2489.684385
614400 2499.032638
616448 2501.539175
618496 2545.389345
620544 2539.792343
622592 2361.100259
624640 2522.988248
626688 2462.060652
628736 2566.588115
630784 2577.287223
632832 2466.750255
634880 2571.083227
636928 2543.618041
638976 2591.830665
641024 2526.304280
643072 2366.340499
645120 2565.050234
647168 2295.913850
649216 2520.375295
651264 2540.009660
653312 2457.452425
655360 2535.756179
657408 2554.761523
659456 2584.875573
661504 2565.573902
663552 2523.007163
665600 2056.810669
667648 2543.799301
669696 2520.944809
671744 2563.146062
673792 2524.110778
675840 2573.956712
677888 2592.846968
679936 2583.474038
681984 2561.761875
684032 2577.799553
686080 2399.024773
688128 2597.521355
690176 2630.578189
692224 2691.599685
694272 2625.976705
696320 2650.356280
698368 2477.693048
700416 2584.172522
702464 2613.492687
704512 2606.891857
706560 2625.884538
708608 2342.635975
710656 2115.445631
712704 2383.907037
714752 2620.522961
716800 2129.998358
718848 2453.728377
720896 2579.350222
722944 2222.643892
724992 2170.052635
727040 2593.336668
729088 2205.530736
731136 2637.431164
733184 2653.398265
735232 2591.903525
737280 2521.789112
739328 2465.208453
741376 2420.163230
743424 2394.482297
745472 2448.220580
747520 2236.289271
749568 2435.058245
751616 2339.341349
753664 2141.053147
755712 2423.519928
757760 2330.898259
759808 2107.233441
761856 2130.768779
763904 2425.376165
765952 2195.018072
768000 2162.696191
770048 2472.943944
772096 2242.305581
774144 2319.954400
776192 2418.484693
778240 2568.403044
780288 2560.436915
782336 2434.915909
784384 2450.074045
786432 2241.143299
788480 2204.769862
790528 2320.966069
792576 2196.188826
794624 2209.702652
796672 2223.104884
798720 2228.342736
800768 2454.492117
802816 2248.314941
804864 2282.785432
806912 2531.696504
808960 2379.909103
811008 2507.697373
813056 2413.197363
815104 2656.545698
817152 2412.748723
819200 2571.953702
821248 2583.881102
823296 2299.186877
825344 2527.878923
827392 2132.523535
829440 2463.868517
831488 2375.645547
833536 2345.246265
835584 2466.778302
837632 2508.553448
839680 2664.820010
841728 2088.128037
843776 2289.368106
845824 2568.534142
847872 2499.092967
849920 2329.283829
851968 2508.496219
854016 2564.943377
856064 2604.144490
858112 2749.039540
860160 2273.979133
862208 2153.066087
864256 2770.796071
866304 2146.657402
868352 2390.354310
870400 2478.862972
872448 2482.012154
874496 2318.889152
876544 2333.001475
878592 2455.369559
880640 2825.292265
882688 2715.650245
884736 2733.733622
886784 2761.895524
888832 2797.467409
890880 2412.999814
892928 2791.704687
894976 2598.223063
897024 2539.584991
899072 2749.267153
901120 2697.590175
903168 2703.971798
905216 2509.371657
907264 2614.444919
909312 2665.656088
911360 2568.030272
913408 2405.853016
915456 2588.689655
917504 2408.849452
919552 2307.604554
921600 2458.176514
923648 2554.664851
925696 2335.273900
927744 2313.418101
929792 2578.372150
931840 2578.769895
933888 2326.911991
935936 2704.638102
937984 2597.000112
940032 2414.503140
942080 2672.087806
944128 2523.141157
946176 2490.349327
948224 2479.264240
950272 2238.172473
952320 2595.862368
954368 2700.372267
956416 2691.009636
958464 2638.403380
960512 2194.579683
962560 2656.127464
964608 2520.387857
966656 2664.827611
968704 2707.053049
970752 2108.276227
972800 2524.146739
974848 2569.952006
976896 2540.682294
978944 2706.910781
980992 2702.411384
983040 2432.331827
985088 2383.348679
987136 2679.824628
989184 2664.479763
991232 2490.867081
993280 2027.731466
995328 2199.001150
997376 2654.497206
999424 2210.940748
1001472 2448.656489
1003520 2739.335283
1005568 2458.305852
1007616 2810.858016
1009664 2624.208600
1011712 2718.853858
1013760 2252.463651
1015808 2400.814323
1017856 2309.308165
1019904 2752.728195
1021952 2685.257360
1024000 2581.331869
1026048 2708.327378
1028096 2635.763275
1030144 2817.243147
1032192 2450.241996
1034240 2761.986630
1036288 2741.956343
1038336 2514.148669
1040384 2777.117147
1042432 2815.382876
1044480 2868.540274
1046528 2640.093062
1048576 2684.057448
1050624 2480.757630
1052672 2490.169407
1054720 2548.694740
1056768 2802.580722
1058816 2618.992281
1060864 2633.031734
1062912 2575.770201
1064960 2713.546361
1067008 2771.589843
1069056 2736.819176
1071104 2672.161975
1073152 2720.345260
1075200 2475.749442
1077248 2394.944849
1079296 2329.581456
1081344 2723.551968
1083392 2624.513206
1085440 2794.874761
1087488 2832.727558
1089536 2839.961939
1091584 2895.507077
1093632 2735.607054
1095680 2917.626759
1097728 2781.428169
1099776 2929.114900
1101824 2895.192485
1103872 2918.998058
1105920 2576.914735
1107968 2450.406274
1110016 2863.789053
1112064 2849.403414
1114112 2844.068541
1116160 2846.703970
1118208 2644.310986
1120256 2867.105251
1122304 2565.107306
1124352 2857.622549
1126400 2691.366380
1128448 2721.980716
1130496 2534.197054
1132544 2972.624275
1134592 2720.044568
1136640 2909.113412
1138688 2878.163452
1140736 2817.454839
1142784 2894.234037
1144832 2515.919263
1146880 2643.596561
1148928 2807.922517
1150976 2704.308026
1153024 2641.970852
1155072 3052.770138
1157120 2920.443137
1159168 2950.278637
1161216 2976.102734
1163264 2939.083733
1165312 2963.417415
1167360 3006.291976
1169408 2897.710936
1171456 2911.879183
1173504 2637.598863
1175552 2523.235382
1177600 3085.252044
1179648 3047.428437
1181696 3036.060923
1183744 2832.821332
1185792 2965.613409
1187840 2929.111280
1189888 2406.560707
1191936 2810.611406
1193984 2850.138384
1196032 2716.274965
1198080 2675.003058
1200128 3051.140321
1202176 3075.673820
1204224 2582.002178
1206272 3014.425105
1208320 2893.271187
1210368 3001.398861
1212416 3084.820394
1214464 2671.682005
1216512 2558.938367
1218560 3037.522047
1220608 3027.794595
1222656 3083.460861
1224704 3062.640962
1226752 3013.466036
1228800 3039.631634
1230848 3064.787060
1232896 2914.380396
1234944 2411.055938
1236992 2753.693580
1239040 1669.978467
1241088 2538.744755
1243136 2700.999074
1245184 2463.452114
1247232 2765.872469
1249280 2478.608660
1251328 2962.826687
1253376 2475.773600
1255424 2626.111001
1257472 2611.007619
1259520 2886.975123
1261568 2514.717189
1263616 2579.640900
1265664 2765.976403
1267712 2590.328540
1269760 2017.666289
1271808 3203.039451
1273856 2650.034676
1275904 2741.332733
1277952 2295.984425
1280000 2915.505247
1282048 2522.628260
1284096 2437.664581
1286144 2056.911590
1288192 2886.025548
1290240 2329.112099
1292288 3072.672519
1294336 2935.375692
1296384 2975.731620
1298432 2568.441529
1300480 2730.939767
1302528 2576.806931
1304576 2667.719169
1306624 2549.269016
1308672 2750.863440
1310720 2777.527689
1312768 2501.749080
1314816 2817.799559
1316864 2741.484851
1318912 2336.684129
1320960 2691.056982
1323008 2811.747347
1325056 2681.534925
1327104 2813.981065
1329152 2503.957278
1331200 2676.173534
1333248 2224.275373
1335296 2667.038981
1337344 2990.536245
1339392 2650.611122
1341440 2842.851660
1343488 2667.119388
1345536 2320.424896
1347584 2964.630047
1349632 2749.110638
1351680 2510.478484
1353728 2662.217958
1355776 2130.192070
1357824 2677.263365
1359872 2612.235199
1361920 2465.176682
1363968 2807.663359
1366016 2275.311401
1368064 2507.613024
1370112 2699.410110
1372160 2420.235803
1374208 2073.275436
1376256 2690.272622
1378304 2945.058646
1380352 2338.785593
1382400 2993.208237
1384448 2696.511110
1386496 2615.157381
1388544 2742.592023
1390592 2728.014232
1392640 2711.356136
1394688 2970.214862
1396736 2871.776502
1398784 3026.209027
1400832 2812.918893
1402880 2587.548850
1404928 2659.611144
1406976 2501.414997
1409024 3028.174401
1411072 2556.827690
1413120 1822.849295
1415168 2093.006828
1417216 2699.711921
1419264 2743.574510
1421312 2410.065127
1423360 2587.728084
1425408 1718.913722
1427456 1225.072777
1429504 1912.133778
1431552 1882.332559
1433600 1832.879369
1435648 1410.792401
1437696 1320.037464
1439744 1974.648878
1441792 2198.664985
1443840 1347.887825
1445888 1787.534152
1447936 1899.249131
1449984 1663.824418
1452032 1252.199395
1454080 1743.228574
1456128 1474.512380
1458176 1968.083885
1460224 2006.378836
1462272 1451.701054
1464320 1445.709452
1466368 1651.170200
1468416 2185.023387
1470464 2150.316685
1472512 2098.240418
1474560 2173.204052
1476608 2237.919614
1478656 2510.150587
1480704 2259.382429
1482752 2393.840203
1484800 2283.769677
1486848 2427.890162
1488896 2727.425145
1490944 1928.461337
1492992 2025.630734
1495040 2596.926048
1497088 2008.587807
1499136 2397.248965
1501184 2395.025389
1503232 2198.262689
1505280 2339.762046
1507328 1593.165689
1509376 2083.241331
1511424 2017.420803
1513472 1819.290139
1515520 2001.492628
1517568 2016.926599
1519616 2475.488432
1521664 1902.962074
1523712 1740.093151
1525760 2088.130085
1527808 2031.592643
1529856 2404.508711
1531904 2499.833443
1533952 2698.047814
1536000 2505.546383
1538048 1705.276217
1540096 1488.859300
1542144 2015.750087
1544192 1906.790257
1546240 2071.638706
1548288 2201.434300
1550336 2236.372761
1552384 2671.607585
1554432 2070.508477
1556480 2149.113606
1558528 2517.745417
1560576 2535.721200
1562624 2375.219690
1564672 2099.733027
1566720 2190.082737
1568768 2460.777434
1570816 1862.928048
1572864 2093.850974
1574912 1375.681235
1576960 2350.250272
1579008 1491.041712
1581056 2397.407156
1583104 1791.534156
1585152 2526.363706
1587200 1722.097484
1589248 2368.777708
1591296 1685.199186
1593344 2113.531080
1595392 1941.148813
1597440 2386.130109
1599488 2087.636202
1601536 2050.732584
1603584 2108.487886
1605632 2171.369410
1607680 1974.031747
1609728 2193.760435
1611776 1536.223654
1613824 1960.085667
1615872 2062.286120
1617920 2224.152485
1619968 2039.465445
1622016 1687.690630
1624064 1764.676907
1626112 2033.951128
1628160 2095.893936
1630208 2270.400949
1632256 2889.470516
1634304 2618.261117
1636352 2188.356113
1638400 2572.220946
1640448 2741.410746
1642496 2490.460442
1644544 2330.677785
1646592 2631.617002
1648640 2611.126968
1650688 2791.035676
1652736 2580.919107
1654784 2407.197235
1656832 2699.800718
1658880 2344.036326
1660928 1634.575597
1662976 2401.781740
1665024 2908.286840
1667072 2456.887994
1669120 2233.379748
1671168 2887.821608
1673216 2871.117505
1675264 2034.280017
1677312 2322.725920
1679360 2434.582189
1681408 3090.927597
1683456 3302.140822
1685504 2955.485840
1687552 3241.927281
1689600 2310.473384
1691648 2469.395145
1693696 2823.575517
1695744 2681.133408
1697792 2526.812095
1699840 2881.885181
1701888 2592.438170
1703936 3317.670585
1705984 3106.711272
1708032 3327.178115
1710080 3294.079568
1712128 2836.626056
1714176 3035.066460
1716224 2722.569365
1718272 3135.797816
1720320 2826.022765
1722368 2581.569544
1724416 3012.617049
1726464 3279.987059
1728512 2911.480902
1730560 2946.072658
1732608 3214.236367
1734656 2615.864716
1736704 3264.182450
1738752 2894.234398
1740800 2763.062298
1742848 3104.966439
1744896 2767.003744
1746944 3203.416272
1748992 2470.156266
1751040 3258.810007
1753088 2755.991809
1755136 2881.740456
1757184 2777.839236
1759232 3174.181200
1761280 2757.902807
1763328 3200.730136
1765376 3303.237480
1767424 3186.580778
1769472 3215.438715
1771520 2438.607176
1773568 3147.951301
1775616 3087.732859
1777664 3178.749392
1779712 3065.493796
1781760 2827.154037
1783808 3066.953985
1785856 3118.196870
1787904 3092.941541
1789952 3075.477939
1792000 2965.715763
1794048 3187.709262
1796096 3070.296699
1798144 2880.544738
1800192 3049.900304
1802240 3247.140502
1804288 3235.051918
1806336 3248.483344
1808384 3340.912754
1810432 2923.267306
1812480 3341.012220
1814528 3245.856670
1816576 2958.016112
1818624 2831.509805
1820672 3176.393901
1822720 2984.711096
1824768 3161.272025
1826816 3091.428170
1828864 3037.280742
1830912 3114.884599
1832960 3179.829990
1835008 3279.963321
1837056 3095.025482
1839104 2900.871750
1841152 3152.475876
1843200 3217.788976
1845248 2914.912584
1847296 3296.723948
1849344 3373.278393
1851392 3280.506097
1853440 3173.845855
1855488 3243.005796
1857536 3188.094550
1859584 2985.682212
1861632 3230.759755
1863680 3237.967673
1865728 3267.099388
1867776 3166.886921
1869824 3305.737778
1871872 3303.474808
1873920 3352.289134
1875968 3403.311888
1878016 3397.104794
1880064 2902.056587
1882112 3293.311795
1884160 3288.877427
1886208 2940.963520
1888256 3347.604965
1890304 3315.921732
1892352 3289.360970
1894400 3319.368340
1896448 3312.580486
1898496 3220.066928
1900544 3360.248035
1902592 3321.007967
1904640 3288.824148
1906688 3004.862350
1908736 3321.479472
1910784 3416.506426
1912832 3298.628668
1914880 3342.359585
1916928 3150.999014
1918976 3253.931187
1921024 3362.890243
1923072 3240.462929
1925120 3159.997283
1927168 3304.704904
1929216 3336.284841
1931264 3412.187993
1933312 3367.637851
1935360 2986.811380
1937408 3254.466945
1939456 3410.374464
1941504 3486.549392
1943552 3484.804924
1945600 2734.535473
1947648 3412.550769
1949696 3441.799884
1951744 3404.447590
1953792 3408.069736
1955840 3067.919519
1957888 3417.151003
1959936 3404.315507
1961984 3298.592473
1964032 3466.648536
1966080 3489.826475
1968128 3231.178087
1970176 3421.331733
1972224 3466.871488
1974272 3505.325528
1976320 3587.252444
1978368 3552.126682
1980416 3583.751758
1982464 3471.198311
1984512 3483.786930
1986560 3562.800629
1988608 3520.444985
1990656 3653.786388
1992704 3194.201805
1994752 3447.337546
1996800 3543.334554
1998848 3609.612023
2000896 3613.758701
