2048 -320.688756
4096 -345.884207
6144 -313.246386
8192 -243.758375
10240 -307.251710
12288 -274.381376
14336 -240.475114
16384 -243.559454
18432 -209.180813
20480 -246.120183
22528 -160.368740
24576 -110.798604
26624 -155.626711
28672 -136.335471
30720 -53.505327
32768 4.523938
34816 -31.555320
36864 3.509184
38912 38.788455
40960 83.216758
43008 110.126169
45056 170.536665
47104 180.822690
49152 198.802974
51200 314.584486
53248 344.542118
55296 424.858636
57344 467.473749
59392 564.780660
61440 545.597202
63488 563.836397
65536 404.449356
67584 546.162414
69632 250.369885
71680 488.555501
73728 703.895201
75776 793.999903
77824 357.296698
79872 677.789854
81920 219.787539
83968 753.533862
86016 490.784585
88064 669.448804
90112 632.845274
92160 502.580384
94208 534.777459
96256 551.618230
98304 908.936476
100352 151.273167
102400 802.233806
104448 613.774017
106496 936.885496
108544 658.926288
110592 313.121946
112640 660.208147
114688 584.862653
116736 433.402728
118784 416.750721
120832 653.639906
122880 632.765376
124928 986.914810
126976 723.556980
129024 761.797456
131072 879.176286
133120 770.474311
135168 831.483024
137216 923.453167
139264 742.427625
141312 806.210520
143360 1135.286055
145408 864.144546
147456 870.642845
149504 574.488496
151552 1036.648112
153600 1018.323532
155648 1163.489347
157696 1091.996040
159744 806.995463
161792 876.298958
163840 922.950470
165888 885.413716
167936 1125.077799
169984 1161.678188
172032 1085.883023
174080 1153.228324
176128 1182.161717
178176 1086.668149
180224 873.402873
182272 462.415419
184320 853.157705
186368 1245.860324
188416 1235.639733
190464 1209.596267
192512 1195.531015
194560 1203.598422
196608 1360.371184
198656 1228.459397
200704 1507.694304
202752 1483.178848
204800 1455.984941
206848 1108.916012
208896 1302.157187
210944 894.034184
212992 1211.115452
215040 1422.493904
217088 1075.045170
219136 1109.291758
221184 1154.884068
223232 1127.236597
225280 1252.693428
227328 1060.427817
229376 723.842793
231424 979.082038
233472 899.899432
235520 1458.948164
237568 1463.360233
239616 1280.196895
241664 1208.376282
243712 1198.449966
245760 969.929773
247808 1155.660015
249856 1183.848581
251904 1200.298687
253952 1243.183664
256000 1044.928986
258048 1309.766052
260096 1486.737008
262144 1186.185700
264192 1069.818408
266240 1192.061963
268288 694.070152
270336 671.647460
272384 974.307259
274432 1172.236731
276480 990.527041
278528 1526.198205
280576 1350.455452
282624 455.680296
284672 960.479889
286720 1155.193389
288768 1047.084210
290816 1556.369817
292864 1351.228976
294912 836.439640
296960 1355.774580
299008 964.816139
301056 936.116876
303104 1153.160512
305152 994.860002
307200 1059.097244
309248 1405.110311
311296 1046.026377
313344 1240.564065
315392 942.557871
317440 1274.773377
319488 1080.245354
321536 1096.444365
323584 925.768811
325632 945.864101
327680 1160.325922
329728 1212.376002
331776 1452.615051
333824 1343.663944
335872 1374.207796
337920 1646.267043
339968 1589.469611
342016 1590.753935
344064 1748.144390
346112 1458.904730
348160 1836.884028
350208 1764.010905
352256 1666.046675
354304 1956.700030
356352 1443.341718
358400 1907.760482
360448 1631.894207
362496 1917.215512
364544 1778.178249
366592 1791.243316
368640 1749.952431
370688 1789.244621
372736 1827.392978
374784 1724.961633
376832 1709.047143
378880 1654.994899
380928 1785.344904
382976 1680.091189
385024 1736.117448
387072 1897.335629
389120 1509.663494
391168 1694.674396
393216 1540.697238
395264 1745.953795
397312 1337.198251
399360 1746.520145
401408 1641.961760
403456 1825.388424
405504 1398.128401
407552 1489.619728
409600 1193.848944
411648 1381.785573
413696 1023.313212
415744 1441.118272
417792 1744.862385
419840 1684.948633
421888 1762.254871
423936 1710.074910
425984 1622.035896
428032 1282.469854
430080 1713.572327
432128 1502.690849
434176 1579.996921
436224 1545.911809
438272 1538.044296
440320 1167.503554
442368 1698.456146
444416 1693.860664
446464 1715.809540
448512 1581.369706
450560 1900.286237
452608 1824.298090
454656 1365.778561
456704 1856.108443
458752 1788.577390
460800 1302.292006
462848 1654.338536
464896 1229.174510
466944 1611.094858
468992 1737.380029
471040 1695.231944
473088 2001.700067
475136 1552.222644
477184 1175.627333
479232 1642.174172
481280 1502.263772
483328 1153.989574
485376 1388.428835
487424 1796.712738
489472 1457.569291
491520 1237.514064
493568 1664.467348
495616 1795.142395
497664 1804.725476
499712 1953.402917
501760 1796.465475
503808 1770.033697
505856 1941.612909
507904 1716.199113
509952 1736.633201
512000 1975.346447
514048 1494.728467
516096 2015.899776
518144 1768.998984
520192 1630.033261
522240 1641.057306
524288 1505.213519
526336 1718.839600
528384 1862.382119
530432 1116.497116
532480 1621.374613
534528 1540.347279
536576 1928.971494
538624 1883.816973
540672 1593.174251
542720 1867.164250
544768 1825.500958
546816 1295.591886
548864 1824.653573
550912 1412.841484
552960 1782.205081
555008 1810.042467
557056 1080.890336
559104 1250.581950
561152 1353.160043
563200 1639.925753
565248 1188.875573
567296 1350.818840
569344 1888.771503
571392 1390.652078
573440 1348.372450
575488 1539.121663
577536 1599.047218
579584 1932.556676
581632 1768.304547
583680 1223.434807
585728 1631.936100
587776 1994.098423
589824 1947.985874
591872 1518.402984
593920 1156.239595
595968 1713.766385
598016 2012.461746
600064 1702.753101
602112 1629.957421
604160 1847.359505
606208 1881.017589
608256 1460.454655
610304 1619.938570
612352 1435.420563
614400 1644.084980
616448 1857.110060
618496 1778.303292
620544 1896.864409
622592 1271.732208
624640 798.933411
626688 1727.088326
628736 1155.852226
630784 1172.158957
632832 1432.267565
634880 1662.718549
636928 1113.498582
638976 1223.474762
641024 1042.396081
643072 1397.167124
645120 1587.948586
647168 1214.319856
649216 1343.905279
651264 1693.058287
653312 1809.135491
655360 1162.771336
657408 1270.843925
659456 1474.300957
661504 1972.027913
663552 2008.566275
665600 1910.522630
667648 1816.633124
669696 1588.104703
671744 1586.752694
673792 1978.334177
675840 1881.096048
677888 1517.511223
679936 1988.768547
681984 1597.277806
684032 1689.562018
686080 1878.029394
688128 1881.248880
690176 1719.817150
692224 1933.537003
694272 1922.254151
696320 1721.184329
698368 1819.691572
700416 1658.318112
702464 1715.791704
704512 1294.359342
706560 1843.022109
708608 1817.663621
710656 1568.344211
712704 1759.228958
714752 1780.408867
716800 1423.569675
718848 1656.194736
720896 1891.162367
722944 1885.887957
724992 2048.609843
727040 2145.644729
729088 1929.745427
731136 1205.194691
733184 1509.761579
735232 1936.388001
737280 1774.767304
739328 1818.526168
741376 1976.378115
743424 1755.182289
745472 1744.535611
747520 1747.131492
749568 1740.501529
751616 1843.557129
753664 1297.916912
755712 1346.643757
757760 1250.231203
759808 1830.251729
761856 1682.052890
763904 1577.190414
765952 1805.025382
768000 1004.041772
770048 1691.330133
772096 1793.284182
774144 1811.762499
776192 1903.252063
778240 1615.941083
780288 868.362142
782336 1608.780795
784384 1905.484817
786432 1822.543028
788480 1590.980192
790528 1546.085193
792576 1617.783101
794624 1386.298755
796672 824.570234
798720 1314.003964
800768 841.528888
802816 1678.431822
804864 1539.674525
806912 1345.535931
808960 1433.080265
811008 1376.203352
813056 1260.208503
815104 1481.518839
817152 1068.744868
819200 1593.826747
821248 1359.877759
823296 1475.544839
825344 1091.348070
827392 1646.044289
829440 1817.176662
831488 1583.088484
833536 1067.763615
835584 1520.851941
837632 1386.925683
839680 990.468824
841728 1649.609552
843776 1430.120402
845824 1706.566721
847872 1244.785749
849920 1580.473309
851968 1434.983288
854016 1031.428942
856064 1416.675460
858112 1641.028086
860160 1412.338451
862208 1824.122668
864256 1321.784806
866304 1302.448716
868352 1400.647382
870400 1523.508383
872448 1816.453129
874496 1652.816484
876544 1715.589686
878592 1249.811995
880640 1830.290234
882688 1698.815190
884736 1339.338025
886784 1620.310151
888832 1606.259053
890880 793.430976
892928 1483.692250
894976 1421.871272
897024 1051.016209
899072 1804.567090
901120 1451.147197
903168 1542.603686
905216 1383.285587
907264 1551.599900
909312 1492.991760
911360 1297.594779
913408 1216.835808
915456 1221.853395
917504 930.639915
919552 437.569345
921600 1004.118417
923648 1396.366214
925696 1103.883625
927744 1168.180429
929792 871.092141
931840 1488.369014
933888 1476.193391
935936 1347.350346
937984 1366.384672
940032 1173.311102
942080 1861.855613
944128 1661.864628
946176 1294.511156
948224 1659.919548
950272 1203.116032
952320 1184.752676
954368 1554.168857
956416 1393.470092
958464 1109.877179
960512 896.319336
962560 853.973500
964608 889.533995
966656 1266.989149
968704 841.426907
970752 1284.849066
972800 841.833456
974848 839.100147
976896 1284.916193
978944 1037.100575
980992 625.502072
983040 1099.128429
985088 797.512319
987136 670.983639
989184 895.643934
991232 996.287723
993280 1212.890412
995328 745.539181
997376 1456.896053
999424 1152.602120
1001472 933.420223
1003520 1112.319987
1005568 982.334244
1007616 514.066212
1009664 846.449638
1011712 677.821675
1013760 966.753855
1015808 639.620087
1017856 263.459848
1019904 370.509498
1021952 433.611918
1024000 490.495172
1026048 631.322211
1028096 680.907121
1030144 394.943692
1032192 1133.236180
1034240 1017.116393
1036288 1155.444676
1038336 1149.587619
1040384 728.904942
1042432 831.643417
1044480 653.496409
1046528 532.062242
1048576 841.016622
1050624 510.142372
1052672 120.289899
1054720 799.434432
1056768 1095.622782
1058816 445.153200
1060864 378.995434
1062912 491.407741
1064960 657.873167
1067008 71.242266
1069056 -32.912569
1071104 -12.661338
1073152 -111.773786
1075200 18.854557
1077248 466.118981
1079296 113.271034
1081344 353.200790
1083392 215.663693
1085440 244.465138
1087488 -14.088541
1089536 -3.841763
1091584 18.636030
1093632 -53.999635
1095680 405.853550
1097728 99.525297
1099776 -46.569767
1101824 -305.312917
1103872 -207.129090
1105920 -337.439155
1107968 -243.548573
1110016 904.292595
1112064 177.604857
1114112 -76.250730
1116160 -446.367780
1118208 -246.927325
1120256 48.238154
1122304 -116.468845
1124352 225.098383
1126400 0.043766
1128448 -220.366403
1130496 -86.486802
1132544 103.973154
1134592 -180.669075
1136640 -268.150295
1138688 -267.731155
1140736 -131.974070
1142784 40.020370
1144832 -234.485060
1146880 -359.250283
1148928 -319.801303
1150976 -359.454857
1153024 -481.561667
1155072 -213.091438
1157120 -303.736010
1159168 -192.453905
1161216 -164.351518
1163264 -347.855761
1165312 -296.759655
1167360 292.540046
1169408 -250.146655
1171456 -309.725123
1173504 -55.604627
1175552 -303.992216
1177600 -28.989185
1179648 -383.770269
1181696 -421.919173
1183744 -400.198006
1185792 -359.876624
1187840 88.682044
1189888 -162.670339
1191936 -49.764014
1193984 -325.449750
1196032 -294.570767
1198080 -296.616070
1200128 -183.002362
1202176 -441.774739
1204224 -362.486352
1206272 -225.532906
1208320 -176.056598
1210368 -84.495362
1212416 -331.090771
1214464 72.021998
1216512 -241.975579
1218560 -151.863406
1220608 -192.457816
1222656 -242.254137
1224704 -292.010069
1226752 -317.053824
1228800 -344.217127
1230848 -374.408606
1232896 -329.641351
1234944 -320.892446
1236992 -233.323609
1239040 -155.791545
1241088 -60.884236
1243136 -332.879505
1245184 -352.156769
1247232 -156.245800
1249280 -80.924616
1251328 -69.652730
1253376 -202.849004
1255424 -251.642637
1257472 -198.206541
1259520 -341.203244
1261568 -248.032764
1263616 -350.703915
1265664 -4.998818
1267712 -324.435030
1269760 -278.139835
1271808 -133.891450
1273856 -189.536686
1275904 -314.866818
1277952 -324.008729
1280000 -298.840361
1282048 -347.301080
1284096 -285.175031
1286144 -215.299538
1288192 -372.982953
1290240 -344.123810
1292288 -516.073813
1294336 -389.277230
1296384 -232.193036
1298432 -274.207598
1300480 -276.225094
1302528 -293.626539
1304576 -390.762439
1306624 -140.204913
1308672 -245.530155
1310720 -325.854487
1312768 -404.642391
1314816 -394.423924
1316864 -376.613656
1318912 -200.771012
1320960 -131.154461
1323008 -401.984167
1325056 -376.001066
1327104 -389.625049
1329152 -461.441916
1331200 -489.214440
1333248 -400.699639
1335296 -409.965200
1337344 -391.524021
1339392 -367.323242
1341440 -454.413547
1343488 -429.156083
1345536 -305.319215
1347584 -378.783968
1349632 -379.962790
1351680 -430.204343
1353728 -281.757757
1355776 -97.017788
1357824 -292.216435
1359872 -263.272352
1361920 -240.595325
1363968 -348.386374
1366016 -424.025316
1368064 -178.815191
1370112 -274.114499
1372160 -369.081650
1374208 -185.135056
1376256 -107.741856
1378304 -101.808043
1380352 -366.368198
1382400 -417.316258
1384448 -168.601998
1386496 120.046216
1388544 -48.750245
1390592 -163.990127
1392640 -327.643758
1394688 -362.588128
1396736 -130.192339
1398784 -146.681199
1400832 -330.187576
1402880 -269.502252
1404928 -194.316777
1406976 36.793310
1409024 -166.173361
1411072 -343.296264
1413120 -117.700413
1415168 -168.577230
1417216 -145.917868
1419264 -366.173894
1421312 -237.626918
1423360 -256.361115
1425408 -292.492243
1427456 -416.399902
1429504 -246.321324
1431552 -354.397041
1433600 -240.260173
1435648 -302.745397
1437696 -294.286325
1439744 -478.381760
1441792 -416.167366
1443840 -344.924417
1445888 -472.293305
1447936 -454.375483
1449984 -461.256395
1452032 -438.407700
1454080 -502.786107
1456128 -484.455578
1458176 -453.587853
1460224 -350.904860
1462272 -318.495042
1464320 -353.864754
1466368 -431.341707
1468416 -397.000524
1470464 -511.487488
1472512 -516.705600
1474560 -405.080040
1476608 -434.359311
1478656 -405.268151
1480704 -412.396418
1482752 -429.665290
1484800 -404.060045
1486848 -368.632627
1488896 -441.230385
1490944 -424.649322
1492992 -481.169271
1495040 -491.534794
1497088 -395.009733
1499136 -478.347175
1501184 -499.566660
1503232 -521.210673
1505280 -518.436852
1507328 -516.591449
1509376 -602.670922
1511424 -532.801596
1513472 -526.107788
1515520 -515.675147
1517568 -524.507537
1519616 -485.047504
1521664 -519.021578
1523712 -491.352235
1525760 -496.027811
1527808 -440.023886
1529856 -478.373996
1531904 -378.995168
1533952 -483.375781
1536000 -516.648136
1538048 -507.492625
1540096 -347.241137
1542144 -517.365072
1544192 -559.152556
1546240 -532.806888
1548288 -533.937022
1550336 -591.031917
1552384 -559.996258
1554432 -602.665832
1556480 -582.327874
1558528 -606.215557
1560576 -588.686582
1562624 -620.315883
1564672 -614.412894
1566720 -589.927606
1568768 -619.564890
1570816 -564.819794
1572864 -559.801214
1574912 -584.340176
1576960 -535.054458
1579008 -559.783869
1581056 -550.512115
1583104 -519.250400
1585152 -524.327387
1587200 -501.866107
1589248 -578.417176
1591296 -600.764842
1593344 -478.997092
1595392 -533.118210
1597440 -539.934310
1599488 -515.877315
1601536 -574.648292
1603584 -566.779336
1605632 -590.849967
1607680 -605.534636
1609728 -535.482197
1611776 -597.030773
1613824 -635.074469
1615872 -643.833124
1617920 -628.582934
1619968 -689.131485
1622016 -709.058016
1624064 -786.976602
1626112 -711.140840
1628160 -719.089372
1630208 -735.940147
1632256 -762.720839
1634304 -795.519023
1636352 -707.169436
1638400 -668.858303
1640448 -805.929903
1642496 -741.728061
1644544 -771.533642
1646592 -765.036811
1648640 -709.937670
1650688 -727.215629
1652736 -719.359995
1654784 -722.610806
1656832 -711.538501
1658880 -672.405207
1660928 -678.234577
1662976 -691.598569
1665024 -616.257010
1667072 -648.609621
1669120 -701.678825
1671168 -748.760755
1673216 -702.038023
1675264 -678.789870
1677312 -734.611028
1679360 -742.374285
1681408 -718.725995
1683456 -674.245912
1685504 -704.722793
1687552 -618.081822
1689600 -722.606484
1691648 -795.463258
1693696 -827.585281
1695744 -850.930119
1697792 -846.846845
1699840 -811.405734
1701888 -851.334507
1703936 -803.121867
1705984 -723.626051
1708032 -810.852476
1710080 -847.951689
1712128 -866.426387
1714176 -589.144182
1716224 -793.881093
1718272 -852.382934
1720320 -801.951828
1722368 -761.179744
1724416 -714.983505
1726464 -738.544714
1728512 -812.894311
1730560 -776.859489
1732608 -841.783886
1734656 -902.645782
1736704 -786.344930
1738752 -793.976924
1740800 -725.136472
1742848 -788.269608
1744896 -684.770215
1746944 -814.656027
1748992 -760.248973
1751040 -804.795343
1753088 -761.420482
1755136 -723.486968
1757184 -645.420949
1759232 -687.874304
1761280 -556.143397
1763328 -653.467900
1765376 -697.742364
1767424 -630.413750
1769472 -655.432862
1771520 -661.978011
1773568 -577.276226
1775616 -614.692089
1777664 -609.985446
1779712 -659.358845
1781760 -662.576786
1783808 -618.476251
1785856 -620.327665
1787904 -640.119109
1789952 -656.557038
1792000 -605.947620
1794048 -612.415073
1796096 -714.716710
1798144 -664.535436
1800192 -607.170691
1802240 -602.615037
1804288 -656.896068
1806336 -682.019464
1808384 -671.570080
1810432 -712.722786
1812480 -725.083619
1814528 -711.830258
1816576 -738.319169
1818624 -713.072913
1820672 -731.026510
1822720 -731.353439
1824768 -682.231694
1826816 -782.570577
1828864 -707.130057
1830912 -792.061944
1832960 -825.226973
1835008 -773.809167
1837056 -811.810322
1839104 -786.757886
1841152 -799.237222
1843200 -825.782951
1845248 -711.769820
1847296 -733.968487
1849344 -771.902419
1851392 -732.923732
1853440 -804.188467
1855488 -762.662747
1857536 -800.453691
1859584 -815.716267
1861632 -780.548679
1863680 -861.119283
1865728 -827.364315
1867776 -823.144592
1869824 -910.839549
1871872 -840.837592
1873920 -836.643299
1875968 -928.783880
1878016 -963.638410
1880064 -944.260865
1882112 -937.987925
1884160 -895.850023
1886208 -872.365938
1888256 -944.657507
1890304 -941.158912
1892352 -847.644398
1894400 -917.364635
1896448 -962.626370
1898496 -947.417477
1900544 -965.581876
1902592 -951.584734
1904640 -965.827981
1906688 -936.913155
1908736 -1008.868067
1910784 -1005.683513
1912832 -962.938373
1914880 -927.592619
1916928 -912.243524
1918976 -972.602721
1921024 -915.174375
1923072 -884.771050
1925120 -898.246347
1927168 -937.881987
1929216 -888.833478
1931264 -906.802678
1933312 -944.322486
1935360 -974.868067
1937408 -890.225031
1939456 -886.492784
1941504 -940.385571
1943552 -960.831328
1945600 -900.846705
1947648 -934.901215
1949696 -902.182581
1951744 -956.093953
1953792 -948.705910
1955840 -920.675616
1957888 -905.245619
1959936 -916.725401
1961984 -923.963671
1964032 -829.716501
1966080 -893.557060
1968128 -941.182925
1970176 -903.207266
1972224 -895.016119
1974272 -865.905707
1976320 -893.487930
1978368 -966.904842
1980416 -939.684129
1982464 -889.264877
1984512 -926.208550
1986560 -954.470310
1988608 -952.218869
1990656 -929.728911
1992704 -857.426616
1994752 -872.006214
1996800 -852.265392
1998848 -912.386472
2000896 -934.855686
