2048 -409.544491
4096 -372.857817
6144 -330.968895
8192 -309.023634
10240 -315.822665
12288 -281.596332
14336 -258.276935
16384 -253.179923
18432 -201.523908
20480 -211.071098
22528 -197.062336
24576 -193.818138
26624 -179.424916
28672 -151.861422
30720 -139.715627
32768 -119.919233
34816 -141.912870
36864 -75.196218
38912 -47.682716
40960 25.850601
43008 60.645823
45056 68.438881
47104 139.098251
49152 189.515173
51200 221.730241
53248 220.996381
55296 296.612274
57344 349.823074
59392 389.874592
61440 468.893016
63488 553.626384
65536 626.716322
67584 640.204489
69632 693.850622
71680 759.959217
73728 705.778307
75776 848.212168
77824 871.177841
79872 681.181431
81920 818.586754
83968 939.335706
86016 919.676655
88064 989.268643
90112 878.728043
92160 771.364847
94208 1038.074242
96256 1089.585154
98304 955.960922
100352 1117.239598
102400 931.912141
104448 924.485143
106496 1014.934080
108544 961.336405
110592 836.632094
112640 1035.403320
114688 1035.701177
116736 860.565569
118784 1202.164379
120832 886.436745
122880 1061.866080
124928 1247.962360
126976 1224.115141
129024 1173.452472
131072 1180.662413
133120 1050.454764
135168 981.943299
137216 1093.519815
139264 1195.353866
141312 1007.998019
143360 1042.890348
145408 950.259290
147456 1039.782572
149504 1007.464379
151552 1217.826056
153600 1324.081055
155648 1271.407773
157696 1361.753987
159744 1264.176737
161792 1499.736909
163840 1503.067660
165888 1413.761422
167936 1275.618775
169984 1215.336340
172032 1509.103317
174080 1204.858051
176128 1257.972349
178176 1338.079041
180224 1280.452891
182272 1331.727462
184320 1595.294849
186368 1171.925716
188416 1227.422343
190464 1145.586838
192512 1331.115666
194560 1293.223293
196608 1748.621946
198656 1527.995721
200704 1687.969382
202752 1354.562843
204800 1616.924603
206848 1501.678098
208896 1748.800609
210944 1406.641907
212992 1663.778870
215040 861.333807
217088 879.815865
219136 887.871983
221184 1079.780114
223232 692.530607
225280 1122.266363
227328 1111.587260
229376 828.257765
231424 1172.384894
233472 1489.282442
235520 952.529138
237568 962.113560
239616 892.985130
241664 908.096282
243712 1476.854555
245760 1446.143023
247808 1302.477064
249856 1449.970740
251904 1438.626759
253952 1382.636934
256000 1534.316240
258048 1396.268571
260096 1574.901351
262144 1460.341191
264192 1656.848105
266240 1500.464485
268288 996.491107
270336 1639.203408
272384 1484.228481
274432 1380.825251
276480 1711.287181
278528 1730.541154
280576 1474.274239
282624 1589.829724
284672 1530.358331
286720 1691.425316
288768 1616.702921
290816 914.317459
292864 1450.095740
294912 1380.723722
296960 1316.279932
299008 1267.279370
301056 930.092610
303104 975.784652
305152 1019.524929
307200 1372.889331
309248 1635.099624
311296 1464.381535
313344 1688.740739
315392 1096.492569
317440 1236.969342
319488 803.182297
321536 1243.304051
323584 1301.592499
325632 1586.085334
327680 990.771714
329728 1223.133520
331776 930.738280
333824 893.205476
335872 1086.249055
337920 872.208873
339968 1159.296061
342016 855.573048
344064 1152.250847
346112 524.199119
348160 772.076422
350208 1153.164558
352256 1106.499120
354304 854.005827
356352 1049.659350
358400 997.087620
360448 1037.152845
362496 1297.130982
364544 344.985646
366592 923.295883
368640 1007.052734
370688 780.823084
372736 887.683980
374784 1185.865682
376832 1044.055363
378880 1061.854847
380928 549.044463
382976 988.541093
385024 538.045889
387072 323.734411
389120 616.593004
391168 698.485225
393216 400.257966
395264 498.086517
397312 656.716271
399360 289.128870
401408 276.607056
403456 335.236690
405504 565.255430
407552 826.574806
409600 581.500472
411648 139.364904
413696 656.104143
415744 281.918328
417792 574.466734
419840 771.103465
421888 224.721069
423936 90.196213
425984 459.879300
428032 464.161346
430080 308.433445
432128 562.837474
434176 469.085901
436224 114.273432
438272 516.815244
440320 239.826251
442368 123.839869
444416 788.943296
446464 30.257626
448512 224.073647
450560 217.805802
452608 239.536532
454656 643.465618
456704 777.177074
458752 812.418600
460800 95.459514
462848 279.407870
464896 1012.170167
466944 856.640656
468992 479.998327
471040 547.025238
473088 499.719191
475136 641.738793
477184 377.175417
479232 730.962563
481280 186.575353
483328 168.016993
485376 492.893191
487424 299.952174
489472 179.811296
491520 922.727737
493568 655.232593
495616 298.457122
497664 613.007737
499712 242.513859
501760 228.957082
503808 671.164047
505856 382.964719
507904 334.318267
509952 859.877465
512000 433.266917
514048 -17.546506
516096 854.586543
518144 367.269068
520192 70.230084
522240 397.165673
524288 -149.129783
526336 891.338647
528384 202.586077
530432 174.808867
532480 61.970332
534528 297.321563
536576 42.700427
538624 292.106425
540672 -199.568930
542720 -44.606344
544768 -173.702670
546816 -58.593693
548864 -245.102203
550912 -244.135473
552960 51.267040
555008 -252.483612
557056 228.301382
559104 -122.336466
561152 -82.545348
563200 -240.881380
565248 -67.042641
567296 3.182415
569344 304.519489
571392 160.419088
573440 207.455409
575488 80.772993
577536 141.014587
579584 147.899011
581632 24.625956
583680 434.470642
585728 285.089725
587776 147.938970
589824 -112.527189
591872 118.336599
593920 -148.594266
595968 268.120115
598016 254.787076
600064 8.857515
602112 131.104585
604160 243.036597
606208 -40.562400
608256 282.203986
610304 229.653481
612352 409.940560
614400 424.927601
616448 279.053992
618496 15.225839
620544 324.819525
622592 112.394282
624640 487.474988
626688 227.360221
628736 -45.950494
630784 68.424443
632832 400.844181
634880 72.856759
636928 142.779368
638976 121.512988
641024 516.578782
643072 214.928986
645120 -17.364565
647168 -150.462180
649216 -32.950723
651264 118.196044
653312 -183.260281
655360 -124.861770
657408 -23.187014
659456 48.955028
661504 -92.035359
663552 -189.874186
665600 -258.835957
667648 -62.758220
669696 -53.180680
671744 -135.020484
673792 -74.893207
675840 191.459242
677888 -121.358221
679936 -48.177534
681984 -86.496143
684032 -8.990266
686080 196.670075
688128 -100.399361
690176 -191.330598
692224 180.743601
694272 -73.766675
696320 -262.598047
698368 212.371273
700416 -61.001632
702464 101.041838
704512 -340.557334
706560 -355.032497
708608 109.380899
710656 -180.435558
712704 -276.379327
714752 -366.001858
716800 -212.499852
718848 191.404656
720896 -177.487729
722944 -181.459237
724992 -147.101797
727040 -4.694994
729088 -349.214144
731136 -264.007314
733184 -275.934277
735232 -184.559819
737280 -476.481646
739328 -203.622302
741376 -296.549753
743424 -167.194991
745472 -29.074170
747520 183.660138
749568 -297.971981
751616 73.365486
753664 -77.228138
755712 68.578866
757760 -101.284896
759808 -58.989741
761856 -212.803517
763904 -96.937785
765952 -17.514814
768000 132.238555
770048 -40.409291
772096 83.915523
774144 -243.629032
776192 -225.882335
778240 -229.406562
780288 22.720403
782336 -5.744833
784384 -178.345268
786432 -100.000791
788480 -343.515560
790528 158.032070
792576 -36.669175
794624 -21.881679
796672 -106.854500
798720 -135.126302
800768 -447.498261
802816 -49.141242
804864 -82.744407
806912 -236.500102
808960 -180.388015
811008 -47.629933
813056 -451.662664
815104 -142.024206
817152 -404.819945
819200 -23.187319
821248 -203.843290
823296 -204.361001
825344 -325.744788
827392 -307.416312
829440 -341.799055
831488 -300.224046
833536 124.698635
835584 -79.077053
837632 -275.020314
839680 -427.000574
841728 -302.882869
843776 -185.110816
845824 -371.894150
847872 -342.961481
849920 -366.511669
851968 17.696246
854016 -187.752007
856064 291.919789
858112 -271.516612
860160 -493.688982
862208 -237.148973
864256 -455.385856
866304 -227.705589
868352 -211.256774
870400 -196.016976
872448 181.894412
874496 -219.956606
876544 -204.747427
878592 -474.830771
880640 -420.612092
882688 -193.622993
884736 -255.916363
886784 -89.582654
888832 -298.273223
890880 0.017113
892928 -45.659520
894976 -92.446786
897024 11.473477
899072 -93.061544
901120 95.449266
903168 -283.697193
905216 -406.110061
907264 -118.982924
909312 -493.133738
911360 -376.992385
913408 -71.065534
915456 -522.342466
917504 -148.550675
919552 -289.907691
921600 -363.993119
923648 -64.334480
925696 -137.276899
927744 -468.715945
929792 -376.549158
931840 -353.542755
933888 -489.376211
935936 -273.528085
937984 -52.189536
940032 -339.069859
942080 -41.483311
944128 -412.537897
946176 -328.072345
948224 -45.391730
950272 -36.238674
952320 -120.363033
954368 -398.386729
956416 32.440349
958464 -207.592030
960512 -127.504514
962560 -182.027540
964608 97.235670
966656 -231.529943
968704 -99.740510
970752 -421.433701
972800 -74.952343
974848 -310.047912
976896 -480.020681
978944 -204.719404
980992 -228.465063
983040 -308.833924
985088 -95.903887
987136 -113.433569
989184 -182.742602
991232 178.791031
993280 -313.082567
995328 -386.848034
997376 -296.562991
999424 -342.523377
1001472 -505.812611
1003520 -239.294780
1005568 -405.238934
1007616 -289.073410
1009664 -231.861029
1011712 -504.957279
1013760 -177.026555
1015808 -289.634337
1017856 -257.121661
1019904 -469.463190
1021952 18.482495
1024000 -325.989696
1026048 -350.452341
1028096 -407.945388
1030144 -472.732650
1032192 -268.335990
1034240 -564.523088
1036288 -285.734166
1038336 -284.428138
1040384 -592.846418
1042432 -116.517594
1044480 -352.124484
1046528 -497.321427
1048576 -478.583706
1050624 -323.298053
1052672 -421.206564
1054720 -153.742010
1056768 -288.907983
1058816 -108.540209
1060864 -164.103869
1062912 -153.982647
1064960 -329.770997
1067008 -381.148883
1069056 -325.412411
1071104 -507.940399
1073152 -36.384288
1075200 -350.902837
1077248 -124.557395
1079296 -389.477854
1081344 -215.425676
1083392 -159.145645
1085440 -460.140728
1087488 -181.063126
1089536 82.777233
1091584 -279.374570
1093632 -238.882704
1095680 98.818039
1097728 -549.010637
1099776 -250.245599
1101824 -186.822956
1103872 -27.731764
1105920 170.924082
1107968 -174.904206
1110016 -406.721846
1112064 -88.274083
1114112 -290.892548
1116160 -454.687370
1118208 -256.317265
1120256 -301.094286
1122304 -499.150640
1124352 -257.062041
1126400 -269.952255
1128448 -128.959493
1130496 -347.436553
1132544 -313.715756
1134592 -654.744657
1136640 -264.878329
1138688 -314.249737
1140736 -84.451932
1142784 -63.188403
1144832 -159.163415
1146880 78.430189
1148928 -152.667363
1150976 -16.962903
1153024 -245.680206
1155072 -238.258301
1157120 0.915354
1159168 -386.411205
1161216 -119.202210
1163264 -142.525235
1165312 5.191763
1167360 -360.144893
1169408 -127.471792
1171456 -191.066682
1173504 65.252991
1175552 -190.275132
1177600 33.267820
1179648 -96.958674
1181696 86.395618
1183744 1.577077
1185792 -59.700162
1187840 -348.950890
1189888 -98.812600
1191936 -47.569468
1193984 -356.048909
1196032 -151.483899
1198080 -97.500623
1200128 -7.168707
1202176 -117.169780
1204224 -315.538492
1206272 -215.918490
1208320 -270.753747
1210368 -101.458500
1212416 -219.021673
1214464 -199.996820
1216512 -358.263170
1218560 -143.582508
1220608 -302.841878
1222656 -396.985818
1224704 -132.461010
1226752 -231.164826
1228800 -246.872577
1230848 -105.090262
1232896 -237.637447
1234944 13.874039
1236992 -419.853328
1239040 -357.067197
1241088 -90.691847
1243136 -338.482444
1245184 -260.313367
1247232 -377.361593
1249280 -384.349390
1251328 -302.114362
1253376 -310.090336
1255424 -343.113892
1257472 -343.967695
1259520 -421.058908
1261568 -412.960173
1263616 -437.880486
1265664 -438.580725
1267712 -436.031119
1269760 -443.321308
1271808 -428.011778
1273856 -445.734878
1275904 -448.494764
1277952 -446.761513
1280000 -424.621566
1282048 -451.557002
1284096 -445.219184
1286144 -359.841942
1288192 -215.563386
1290240 -194.465711
1292288 -252.060363
1294336 -150.687231
1296384 -94.860896
1298432 -165.719814
1300480 -199.244577
1302528 -272.653191
1304576 -258.084717
1306624 -279.740853
1308672 -196.428803
1310720 -220.388026
1312768 -448.641151
1314816 -439.336469
1316864 -333.273586
1318912 -425.885543
1320960 -431.640563
1323008 -231.232152
1325056 -434.363291
1327104 -340.678622
1329152 -422.602732
1331200 -700.887722
1333248 -709.719291
1335296 -622.785087
1337344 -638.558646
1339392 -515.049900
1341440 -546.501681
1343488 -616.898723
1345536 -745.779934
1347584 -549.985857
1349632 -522.964104
1351680 -655.938806
1353728 -821.301352
1355776 -843.473072
1357824 -585.383778
1359872 -594.955741
1361920 -738.091811
1363968 -520.756533
1366016 -705.236652
1368064 -529.295994
1370112 -616.598440
1372160 -470.193121
1374208 -690.325795
1376256 -846.786945
1378304 -740.709649
1380352 -863.197507
1382400 -825.181127
1384448 -726.206138
1386496 -681.381643
1388544 -812.458375
1390592 -783.171330
1392640 -697.025447
1394688 -662.204801
1396736 -718.446126
1398784 -752.967123
1400832 -627.031438
1402880 -617.975879
1404928 -534.128028
1406976 -369.430892
1409024 -627.553966
1411072 -589.040435
1413120 -692.934630
1415168 -728.502274
1417216 -633.153335
1419264 -627.304881
1421312 -664.935516
1423360 -787.461122
1425408 -741.405407
1427456 -742.518388
1429504 -842.929382
1431552 -774.368454
1433600 -683.888428
1435648 -826.906032
1437696 -636.571410
1439744 -837.495585
1441792 -742.939905
1443840 -777.176594
1445888 -791.590824
1447936 -759.004226
1449984 -736.558409
1452032 -748.314651
1454080 -721.364991
1456128 -702.980979
1458176 -733.794672
1460224 -694.530814
1462272 -697.204542
1464320 -586.212862
1466368 -643.958283
1468416 -574.072842
1470464 -505.962070
1472512 -592.188267
1474560 -611.309366
1476608 -609.978102
1478656 -576.480596
1480704 -449.158496
1482752 -434.911305
1484800 -397.510969
1486848 -475.640593
1488896 -467.794281
1490944 -446.919813
1492992 -447.535581
1495040 -472.288048
1497088 -457.731340
1499136 -431.788628
1501184 -448.829888
1503232 -352.212984
1505280 -579.508507
1507328 -554.531498
1509376 -649.992061
1511424 -554.836739
1513472 -440.655015
1515520 -590.857261
1517568 -543.095424
1519616 -604.791551
1521664 -545.211738
1523712 -504.571283
1525760 -414.802384
1527808 -405.176939
1529856 -438.848212
1531904 -476.292715
1533952 -359.990487
1536000 -494.342229
1538048 -452.689508
1540096 -465.402454
1542144 -491.403921
1544192 -411.531709
1546240 -434.126911
1548288 -481.097442
1550336 -515.843060
1552384 -524.002314
1554432 -414.161867
1556480 -332.691185
1558528 -356.535331
1560576 -405.788899
1562624 -361.171221
1564672 -365.711643
1566720 -332.526859
1568768 -441.753890
1570816 -500.490087
1572864 -466.843223
1574912 -475.874755
1576960 -489.177977
1579008 -490.948298
1581056 -605.451386
1583104 -602.023309
1585152 -591.047138
1587200 -450.757111
1589248 -447.155969
1591296 -540.748946
1593344 -482.179790
1595392 -448.342155
1597440 -497.903466
1599488 -630.606074
1601536 -412.691847
1603584 -498.543072
1605632 -390.012679
1607680 -431.667273
1609728 -331.979291
1611776 -438.790972
1613824 -467.107031
1615872 -463.404975
1617920 -508.908522
1619968 -503.190354
1622016 -513.454232
1624064 -411.922388
1626112 -651.595451
1628160 -646.053940
1630208 -690.609359
1632256 -567.913964
1634304 -706.988263
1636352 -613.501265
1638400 -713.712262
1640448 -650.490358
1642496 -497.289716
1644544 -547.785617
1646592 -498.085842
1648640 -422.484192
1650688 -356.849882
1652736 -462.794645
1654784 -590.564700
1656832 -337.923609
1658880 -507.397046
1660928 -489.363700
1662976 -512.998720
1665024 -583.655347
1667072 -667.380518
1669120 -598.335183
1671168 -579.072419
1673216 -588.519789
1675264 -481.589651
1677312 -565.028047
1679360 -492.545792
1681408 -502.501051
1683456 -652.359737
1685504 -549.908288
1687552 -494.899672
1689600 -568.003876
1691648 -527.059477
1693696 -462.855645
1695744 -493.975884
1697792 -543.991834
1699840 -590.120986
1701888 -603.488861
1703936 -621.297782
1705984 -508.180764
1708032 -577.593641
1710080 -491.761358
1712128 -531.910259
1714176 -539.380703
1716224 -478.911569
1718272 -473.246069
1720320 -461.729408
1722368 -461.432016
1724416 -370.595607
1726464 -394.198570
1728512 -427.026670
1730560 -394.132521
1732608 -364.426070
1734656 -353.870651
1736704 -377.710121
1738752 -377.790012
1740800 -399.834027
1742848 -410.810388
1744896 -359.037554
1746944 -441.550145
1748992 -381.057379
1751040 -338.111419
1753088 -430.896104
1755136 -401.271106
1757184 -365.360141
1759232 -406.676374
1761280 -375.018390
1763328 -315.810803
1765376 -410.102039
1767424 -410.500397
1769472 -386.968487
1771520 -333.541208
1773568 -408.026954
1775616 -515.704277
1777664 -452.774987
1779712 -506.974461
1781760 -486.700841
1783808 -509.577085
1785856 -481.942091
1787904 -505.480415
1789952 -515.640783
1792000 -545.730263
1794048 -556.892952
1796096 -555.777276
1798144 -561.951383
1800192 -568.990213
1802240 -559.313383
1804288 -546.938544
1806336 -557.221705
1808384 -553.696516
1810432 -545.542853
1812480 -549.530958
1814528 -541.003290
1816576 -551.550534
1818624 -550.859490
1820672 -549.029806
1822720 -563.181743
1824768 -559.461348
1826816 -540.078247
1828864 -544.573466
1830912 -558.623172
1832960 -559.643417
1835008 -559.651883
1837056 -559.791994
1839104 -563.628757
1841152 -561.142528
1843200 -565.026709
1845248 -562.122894
1847296 -560.556386
1849344 -560.931709
1851392 -566.922602
1853440 -572.199710
1855488 -482.622696
1857536 -486.120542
1859584 -485.255995
1861632 -478.313158
1863680 -461.492565
1865728 -470.599611
1867776 -482.880191
1869824 -450.282796
1871872 -465.947582
1873920 -464.259396
1875968 -469.491572
1878016 -464.510976
1880064 -488.606919
1882112 -497.256079
1884160 -481.601601
1886208 -475.170327
1888256 -452.578974
1890304 -456.674819
1892352 -465.232086
1894400 -463.716301
1896448 -472.108569
1898496 -482.620087
1900544 -484.658210
1902592 -476.567216
1904640 -481.205745
1906688 -480.748753
1908736 -473.346840
1910784 -475.964487
1912832 -466.497992
1914880 -477.417328
1916928 -465.400919
1918976 -465.743550
1921024 -467.247215
1923072 -472.856467
1925120 -489.829630
1927168 -481.678122
1929216 -485.394082
1931264 -473.480210
1933312 -474.575483
1935360 -452.370766
1937408 -449.470850
1939456 -454.177968
1941504 -516.974160
1943552 -508.696427
1945600 -503.957389
1947648 -502.953782
1949696 -495.434229
1951744 -496.921316
1953792 -490.575627
1955840 -493.215329
1957888 -494.473464
1959936 -467.847086
1961984 -459.016350
1964032 -471.586672
1966080 -469.497232
1968128 -480.662747
1970176 -477.192200
1972224 -477.839662
1974272 -480.156560
1976320 -474.353070
1978368 -467.007587
1980416 -483.173992
1982464 -492.390509
1984512 -494.326257
1986560 -470.991029
1988608 -474.395507
1990656 -466.066137
1992704 -478.806099
1994752 -474.114132
1996800 -468.819637
1998848 -470.013395
2000896 -464.532645
