2048 -340.222326
4096 -338.657141
6144 -339.504749
8192 -395.355713
10240 -329.915218
12288 -354.869523
14336 -354.516244
16384 -329.403624
18432 -311.300343
20480 -318.497215
22528 -292.808229
24576 -305.791036
26624 -290.984159
28672 -301.233533
30720 -288.044048
32768 -280.761881
34816 -283.551421
36864 -237.683152
38912 -286.341718
40960 -250.854933
43008 -240.103341
45056 -231.459780
47104 -246.156261
49152 -239.708676
51200 -188.543430
53248 -189.184097
55296 -179.720382
57344 -140.537358
59392 -131.419690
61440 -122.200316
63488 -75.927220
65536 -44.206679
67584 -43.088389
69632 12.389754
71680 60.826677
73728 92.763178
75776 149.217432
77824 172.004863
79872 182.921829
81920 201.050823
83968 182.238734
86016 251.566103
88064 278.145896
90112 350.142070
92160 379.550323
94208 417.883020
96256 478.563260
98304 496.990265
100352 522.391800
102400 520.470926
104448 553.555897
106496 544.377279
108544 605.335849
110592 618.239842
112640 617.880065
114688 650.773606
116736 677.379985
118784 669.157642
120832 690.314600
122880 715.222543
124928 735.758037
126976 732.334362
129024 851.944829
131072 761.166840
133120 812.340788
135168 858.694447
137216 847.798022
139264 780.018319
141312 910.101764
143360 1053.720837
145408 829.715685
147456 969.662362
149504 979.709193
151552 1148.822064
153600 946.673737
155648 866.810569
157696 1286.679308
159744 1280.886616
161792 1251.027422
163840 1196.739751
165888 1171.759495
167936 1089.272798
169984 912.984099
172032 1241.643959
174080 1048.150414
176128 1090.581794
178176 1338.488375
180224 1335.870523
182272 1633.860152
184320 1587.221719
186368 1664.853513
188416 1742.040845
190464 1471.273463
192512 1704.906677
194560 1479.728957
196608 1744.051636
198656 1978.513223
200704 2027.902496
202752 1805.477791
204800 1522.238764
206848 1921.316889
208896 2167.012635
210944 2159.204173
212992 2031.967248
215040 2042.348189
217088 1912.138251
219136 2165.362157
221184 1996.713832
223232 2280.057376
225280 2040.016788
227328 2304.331941
229376 2376.467720
231424 2275.012544
233472 2257.945438
235520 2064.678228
237568 2113.243950
239616 2209.657144
241664 2249.237802
243712 2141.514282
245760 2067.835485
247808 2307.671035
249856 2219.799772
251904 2325.458590
253952 2156.083431
256000 1810.790101
258048 2196.261559
260096 2120.725325
262144 2227.859377
264192 2275.097068
266240 2207.564729
268288 2198.138867
270336 1749.510712
272384 2544.913388
274432 2365.665537
276480 1737.326467
278528 2375.673857
280576 2280.178733
282624 2142.181595
284672 1784.801958
286720 2325.356502
288768 1885.124555
290816 1583.004622
292864 1601.373059
294912 1919.610823
296960 1767.020852
299008 1581.306192
301056 1838.418057
303104 1540.682844
305152 2000.875098
307200 1951.346515
309248 2287.628314
311296 2019.129799
313344 2472.815424
315392 1972.511374
317440 2353.610151
319488 2425.991255
321536 2362.844284
323584 2375.985925
325632 2472.203766
327680 2420.195414
329728 2235.311612
331776 2077.079989
333824 2332.442709
335872 2243.435348
337920 2346.643226
339968 2225.566369
342016 2457.968454
344064 2152.849957
346112 2087.107595
348160 2415.470310
350208 2289.464941
352256 2274.132962
354304 2333.921301
356352 2371.410818
358400 2409.325937
360448 2147.821203
362496 2050.446599
364544 2476.138462
366592 2565.808760
368640 2119.945315
370688 2530.071758
372736 2679.390140
374784 2674.024831
376832 2751.778425
378880 2527.938785
380928 2630.965455
382976 2791.884713
385024 2394.790089
387072 2215.023416
389120 2736.711733
391168 2696.121167
393216 2628.414890
395264 2692.368538
397312 2665.085215
399360 2400.000780
401408 2827.317669
403456 2771.458848
405504 2619.501446
407552 2645.603231
409600 2554.540587
411648 2604.833909
413696 2720.693137
415744 2315.412952
417792 2702.892752
419840 2594.665505
421888 2477.243234
423936 2706.431801
425984 2169.867024
428032 2781.283312
430080 2324.688255
432128 2672.369598
434176 2355.874068
436224 2891.702950
438272 2401.191348
440320 2438.684150
442368 2358.504602
444416 2686.128032
446464 2321.703243
448512 2444.804992
450560 2639.529249
452608 2692.374037
454656 2581.167443
456704 1535.470797
458752 1980.871231
460800 2357.536212
462848 2357.226646
464896 2234.979470
466944 2295.195833
468992 2510.189601
471040 2400.365862
473088 2668.203607
475136 2814.366744
477184 2205.044502
479232 2672.581031
481280 2421.116242
483328 2002.583280
485376 2383.805399
487424 2263.183346
489472 2133.278162
491520 2609.191205
493568 2450.861405
495616 2057.770926
497664 2396.347996
499712 2233.544497
501760 2090.648586
503808 2802.337999
505856 2601.713549
507904 2496.946592
509952 2508.665581
512000 1978.827582
514048 1689.418991
516096 1400.923068
518144 2095.477320
520192 2709.022778
522240 2537.517197
524288 2730.668584
526336 1800.804076
528384 2387.282538
530432 2987.499479
532480 2645.462383
534528 2386.683128
536576 2152.125577
538624 2463.798353
540672 2456.004949
542720 2386.404546
544768 2512.656937
546816 2303.283930
548864 2398.849959
550912 2547.476914
552960 2403.066982
555008 2264.104271
557056 2433.831943
559104 3006.966944
561152 2804.803619
563200 2208.107283
565248 2260.529459
567296 2910.766668
569344 2439.330261
571392 2507.260393
573440 2470.568664
575488 2739.328052
577536 2073.952515
579584 2343.792326
581632 2540.913383
583680 2724.864667
585728 3004.990969
587776 2479.981727
589824 2790.658339
591872 2394.480469
593920 2627.316872
595968 2792.707763
598016 2512.144454
600064 2406.780390
602112 2358.959452
604160 2614.372122
606208 3013.347451
608256 2674.026986
610304 2589.848591
612352 2701.173212
614400 2851.547961
616448 2988.405164
618496 2910.280851
620544 2701.170644
622592 2940.088934
624640 3057.291626
626688 2525.575927
628736 2182.888842
630784 2830.884075
632832 2822.216637
634880 2988.717095
636928 2779.847804
638976 2843.856453
641024 3049.813498
643072 2832.271716
645120 2935.561640
647168 2891.528711
649216 2976.303322
651264 2919.160648
653312 2798.526780
655360 2915.388975
657408 2960.566220
659456 2989.576180
661504 3028.134548
663552 2684.113787
665600 3027.725409
667648 3040.978030
669696 2737.542791
671744 2905.961565
673792 3017.318960
675840 2841.552677
677888 2636.457632
679936 2391.752465
681984 2839.859213
684032 2648.380162
686080 2347.214116
688128 2325.934045
690176 2592.699678
692224 2188.062037
694272 2269.151028
696320 2143.752357
698368 2706.351495
700416 2835.725851
702464 2439.066833
704512 2699.623621
706560 2498.896149
708608 2391.136850
710656 2434.993905
712704 2353.882703
714752 2569.883001
716800 2995.879097
718848 3191.993053
720896 2791.198216
722944 3190.500694
724992 2845.462988
727040 2972.248193
729088 2251.064330
731136 2223.501838
733184 2303.895041
735232 2605.478211
737280 2740.409663
739328 2239.519918
741376 2954.253931
743424 2516.414465
745472 2975.728470
747520 2635.797253
749568 2736.758266
751616 2400.635447
753664 2434.973810
755712 2386.410248
757760 2536.577628
759808 1864.002543
761856 2232.403906
763904 2411.990004
765952 2617.260417
768000 2394.093054
770048 2961.315995
772096 2806.042050
774144 2909.098123
776192 3161.253786
778240 2918.107818
780288 2684.021298
782336 2931.498931
784384 3046.259672
786432 2824.816825
788480 2357.131851
790528 2748.263957
792576 2933.678153
794624 2770.290328
796672 3132.310502
798720 3105.217727
800768 2450.423339
802816 2986.361999
804864 3141.782106
806912 2657.704079
808960 2881.332080
811008 3155.559455
813056 2904.394414
815104 2904.525254
817152 2638.612324
819200 2928.718291
821248 3109.628630
823296 3123.330439
825344 3102.892000
827392 2630.146591
829440 3040.567018
831488 3007.376927
833536 2999.264587
835584 2975.970920
837632 2798.825462
839680 2833.330638
841728 2792.017260
843776 3004.171528
845824 2786.844327
847872 2413.141681
849920 2818.715822
851968 2903.592596
854016 2337.687847
856064 3158.948729
858112 2538.895020
860160 2566.873794
862208 2342.855497
864256 2553.496706
866304 2789.739791
868352 2944.520105
870400 2831.638328
872448 3167.802526
874496 2967.522295
876544 2708.913230
878592 2877.357028
880640 2720.883661
882688 3228.137686
884736 2313.828748
886784 2900.179893
888832 2965.300004
890880 2944.101372
892928 2571.060622
894976 2964.472177
897024 2896.262149
899072 2528.979196
901120 2487.799181
903168 3038.586832
905216 2618.328934
907264 2518.476877
909312 2493.782049
911360 3071.652817
913408 2504.509768
915456 3054.080307
917504 2761.698373
919552 2779.873415
921600 2815.216022
923648 2728.436868
925696 2924.839872
927744 2929.343690
929792 2932.307771
931840 2725.671253
933888 2803.894159
935936 2889.583768
937984 2657.221142
940032 2259.971098
942080 2906.299452
944128 2953.530404
946176 3129.507543
948224 2499.415268
950272 2731.630390
952320 2555.619518
954368 2731.001836
956416 2150.618010
958464 2484.678639
960512 2764.129464
962560 2186.507790
964608 2052.063834
966656 2120.278896
968704 2001.156278
970752 2522.857033
972800 2328.989222
974848 1832.099322
976896 1628.716420
978944 2127.707337
980992 2200.268327
983040 2337.855463
985088 2194.007235
987136 2488.676399
989184 2012.662644
991232 2034.423368
993280 1687.288712
995328 896.274611
997376 1164.187590
999424 1461.462898
1001472 990.450725
1003520 1992.015914
1005568 2034.276772
1007616 2057.282756
1009664 2184.972266
1011712 2024.440124
1013760 2194.059772
1015808 2493.832589
1017856 2110.563540
1019904 2086.159042
1021952 2278.426089
1024000 2258.668037
1026048 2458.175898
1028096 2060.825211
1030144 2496.434390
1032192 2251.106797
1034240 1640.080951
1036288 2286.400370
1038336 2642.053361
1040384 2142.284496
1042432 2641.021898
1044480 2796.654330
1046528 2345.631370
1048576 2786.086443
1050624 2552.664134
1052672 2842.999979
1054720 2990.565041
1056768 2487.819597
1058816 2779.451869
1060864 2729.302959
1062912 3139.187351
1064960 2871.198757
1067008 2993.101945
1069056 2873.820051
1071104 2927.296377
1073152 2633.188381
1075200 2740.875271
1077248 2360.974433
1079296 2903.220178
1081344 2478.870001
1083392 2142.936835
1085440 2575.070526
1087488 2732.240665
1089536 2745.022349
1091584 2896.082539
1093632 2668.247758
1095680 2960.025646
1097728 1969.624008
1099776 1950.950871
1101824 1996.319110
1103872 2710.211775
1105920 2207.717090
1107968 2503.282343
1110016 2324.340650
1112064 2775.904756
1114112 2987.722567
1116160 2909.106563
1118208 3442.859613
1120256 3234.264243
1122304 2814.116051
1124352 3216.325193
1126400 3252.089217
1128448 3030.388925
1130496 2969.729452
1132544 2593.059611
1134592 3101.212056
1136640 3374.673421
1138688 3431.283099
1140736 3178.573121
1142784 2970.052597
1144832 2409.233114
1146880 3183.582451
1148928 2572.204926
1150976 3083.799898
1153024 2927.705848
1155072 3120.031082
1157120 3205.158664
1159168 2146.292592
1161216 2379.339264
1163264 2190.677440
1165312 2312.689617
1167360 2295.536963
1169408 2533.569886
1171456 2580.036163
1173504 3166.501096
1175552 2754.978977
1177600 2842.793432
1179648 2158.432950
1181696 2137.143080
1183744 3035.617348
1185792 2540.100116
1187840 2835.498031
1189888 2685.483180
1191936 2119.930984
1193984 2061.399918
1196032 2185.372419
1198080 2232.529328
1200128 2054.298231
1202176 2425.579909
1204224 2670.723332
1206272 2618.581458
1208320 2795.674782
1210368 3171.402988
1212416 2948.876851
1214464 2635.468652
1216512 2777.575468
1218560 2890.704287
1220608 3197.921120
1222656 3019.779888
1224704 2286.956697
1226752 2696.267356
1228800 2411.090031
1230848 2435.952615
1232896 2851.701005
1234944 3525.151745
1236992 3362.108063
1239040 3117.045556
1241088 3200.870230
1243136 2800.052599
1245184 3509.443689
1247232 3272.639555
1249280 2881.079067
1251328 2567.104373
1253376 3253.235149
1255424 3028.508070
1257472 3234.210078
1259520 3543.805268
1261568 2732.133715
1263616 3230.553111
1265664 2938.135130
1267712 3349.965352
1269760 3190.131372
1271808 3226.769930
1273856 3245.412421
1275904 3285.175287
1277952 3139.712557
1280000 3359.526445
1282048 2833.532615
1284096 3266.569251
1286144 2891.745764
1288192 3219.603274
1290240 3017.589776
1292288 2860.174500
1294336 2667.686012
1296384 2891.243263
1298432 3087.175442
1300480 2687.694545
1302528 2457.295885
1304576 2655.535206
1306624 2613.604701
1308672 2815.656329
1310720 2944.263821
1312768 3051.946487
1314816 2824.816390
1316864 3020.448238
1318912 2630.757812
1320960 3105.931675
1323008 2612.331974
1325056 2979.342639
1327104 2443.560674
1329152 3156.558556
1331200 2878.140246
1333248 3294.435972
1335296 3213.934501
1337344 3170.170001
1339392 2741.909254
1341440 2927.471498
1343488 3117.798724
1345536 2874.897737
1347584 3150.305619
1349632 3110.274418
1351680 3299.116606
1353728 2904.274201
1355776 2658.264782
1357824 2938.384172
1359872 2951.023923
1361920 2016.363996
1363968 3249.094935
1366016 2925.321402
1368064 3104.981113
1370112 3379.530611
1372160 3076.484959
1374208 2458.923176
1376256 2961.767822
1378304 2823.234834
1380352 1843.946809
1382400 2279.750779
1384448 2077.032359
1386496 1719.161678
1388544 1187.874795
1390592 1637.670213
1392640 1801.908929
1394688 1676.083585
1396736 1293.043017
1398784 1889.529299
1400832 2018.537680
1402880 2592.418402
1404928 2627.196642
1406976 1712.958151
1409024 1750.411317
1411072 2229.093930
1413120 2196.717734
1415168 2611.702575
1417216 2254.203879
1419264 2618.442178
1421312 2451.447455
1423360 2698.549944
1425408 2615.349808
1427456 2045.531841
1429504 2486.507018
1431552 2829.146971
1433600 2483.530185
1435648 2994.091912
1437696 2824.806470
1439744 2729.791027
1441792 3339.040933
1443840 2957.655656
1445888 2860.416956
1447936 2484.943178
1449984 2927.584330
1452032 3243.123509
1454080 3138.213083
1456128 3386.050059
1458176 3271.448788
1460224 2842.659964
1462272 2707.455406
1464320 2696.972753
1466368 2546.520075
1468416 3212.726414
1470464 2825.858282
1472512 2965.172140
1474560 3423.791151
1476608 2976.619133
1478656 2556.774461
1480704 3407.196292
1482752 3009.470686
1484800 3397.775151
1486848 3205.170901
1488896 3319.655248
1490944 2931.135547
1492992 3521.283921
1495040 3271.039797
1497088 2443.604929
1499136 2996.813016
1501184 3202.808943
1503232 3319.717452
1505280 3327.677307
1507328 3113.329616
1509376 3098.786294
1511424 3296.950123
1513472 3024.537137
1515520 3008.506661
1517568 2471.279358
1519616 2723.542980
1521664 3334.004792
1523712 3296.562373
1525760 3209.758465
1527808 3272.639541
1529856 3206.795991
1531904 2947.835320
1533952 3002.848764
1536000 2692.112509
1538048 3128.147180
1540096 3115.940323
1542144 3043.553997
1544192 2866.490638
1546240 2627.788903
1548288 2868.490994
1550336 2849.009021
1552384 3062.620072
1554432 3276.021975
1556480 3162.267200
1558528 2735.188484
1560576 3405.813399
1562624 3120.372470
1564672 3082.508722
1566720 3324.799005
1568768 3191.457975
1570816 3194.901233
1572864 3041.311042
1574912 3131.690651
1576960 3377.597985
1579008 3182.395868
1581056 3444.385773
1583104 3339.019618
1585152 3397.653180
1587200 3258.057478
1589248 3331.605081
1591296 3208.316068
1593344 3066.703827
1595392 3396.458268
1597440 3152.108113
1599488 3273.503443
1601536 3452.333770
1603584 3203.598915
1605632 2973.521190
1607680 3276.970302
1609728 3035.320926
1611776 3214.155949
1613824 3257.271046
1615872 3274.162051
1617920 2996.276254
1619968 3449.024782
1622016 3131.141565
1624064 3138.254588
1626112 2799.168691
1628160 3436.049098
1630208 3073.970994
1632256 3125.631879
1634304 3041.201619
1636352 3421.311302
1638400 3189.462231
1640448 3491.410494
1642496 2827.424101
1644544 3199.050940
1646592 3333.024019
1648640 3379.915742
1650688 3415.692298
1652736 3239.191603
1654784 3142.975080
1656832 2963.152405
1658880 3136.589659
1660928 3055.980405
1662976 3360.666023
1665024 3227.695661
1667072 3359.358995
1669120 3346.399287
1671168 3305.964051
1673216 3112.920880
1675264 2685.309546
1677312 2912.089707
1679360 2451.093360
1681408 3025.848158
1683456 2735.348861
1685504 3042.073027
1687552 3225.757070
1689600 2748.393873
1691648 2711.352133
1693696 2937.929178
1695744 3211.251877
1697792 2648.330653
1699840 3068.981372
1701888 2918.095487
1703936 2890.589970
1705984 3209.822344
1708032 3313.750256
1710080 3044.389132
1712128 2663.843482
1714176 2527.697445
1716224 2266.368726
1718272 2639.675763
1720320 2716.745267
1722368 2830.881479
1724416 2812.554731
1726464 1526.813623
1728512 2795.955628
1730560 1982.463929
1732608 2897.199459
1734656 3581.859953
1736704 3500.719510
1738752 3333.084889
1740800 3181.912250
1742848 3419.767250
1744896 3076.123787
1746944 3311.135538
1748992 3312.094446
1751040 2510.996049
1753088 3460.185767
1755136 2820.215828
1757184 2926.251701
1759232 3222.812736
1761280 2321.241737
1763328 2626.777924
1765376 2369.981134
1767424 2955.756916
1769472 2906.752592
1771520 2606.400503
1773568 2150.354718
1775616 2859.636379
1777664 2918.678387
1779712 3154.599707
1781760 2932.058405
1783808 3606.361155
1785856 3239.194363
1787904 3325.336762
1789952 3089.238913
1792000 2837.061068
1794048 3569.778488
1796096 3535.912916
1798144 3466.575105
1800192 3227.114748
1802240 3207.818811
1804288 3410.080258
1806336 3312.296322
1808384 3145.810986
1810432 2934.760036
1812480 2972.866297
1814528 3257.926963
1816576 3534.793071
1818624 3100.986277
1820672 3507.566290
1822720 2947.597375
1824768 3178.396619
1826816 3004.024918
1828864 3100.474396
1830912 2550.689141
1832960 2397.946052
1835008 1953.149965
1837056 2816.206820
1839104 1883.866799
1841152 2250.969330
1843200 2530.683717
1845248 2004.758062
1847296 2405.182602
1849344 2583.533987
1851392 3064.742914
1853440 2765.771624
1855488 2969.966571
1857536 2776.445975
1859584 2853.539882
1861632 3298.744682
1863680 3051.326464
1865728 3522.769387
1867776 2625.264822
1869824 2877.957383
1871872 3093.165469
1873920 2509.853472
1875968 1928.148236
1878016 2573.877124
1880064 2319.576972
1882112 2246.248981
1884160 2127.359918
1886208 3033.536912
1888256 2734.117164
1890304 2300.339035
1892352 2983.549403
1894400 2782.561793
1896448 3348.610390
1898496 2784.217874
1900544 2811.986980
1902592 3228.251053
1904640 2403.489262
1906688 1755.941830
1908736 2385.679729
1910784 2470.601219
1912832 3049.244643
1914880 2600.891955
1916928 2110.690554
1918976 2137.578524
1921024 2365.615447
1923072 2922.535035
1925120 2084.541451
1927168 2324.485328
1929216 2501.276108
1931264 2299.834387
1933312 1227.785479
1935360 1438.965759
1937408 1586.635234
1939456 1630.709515
1941504 1573.090536
1943552 2073.864747
1945600 1633.759322
1947648 2139.953079
1949696 1707.596648
1951744 2165.532677
1953792 1912.522828
1955840 2653.662393
1957888 2762.795560
1959936 1712.570836
1961984 2632.023771
1964032 2128.829843
1966080 2801.028143
1968128 2779.432287
1970176 2784.019305
1972224 3082.557450
1974272 2915.914548
1976320 3104.115958
1978368 3343.665661
1980416 3529.723142
1982464 2983.105260
1984512 3210.471503
1986560 2188.937785
1988608 3165.450049
1990656 2208.491713
1992704 2921.053522
1994752 3109.067839
1996800 3043.198575
1998848 2110.343294
2000896 2141.701336
