999 6.937443
1999 15.571380
2999 2.004134
3999 -7.904904
4999 -16.835068
5999 -2.434393
6999 -25.870516
7999 9.018340
8999 -6.150841
9999 15.237323
10999 16.027416
11999 23.750756
12999 26.491736
13999 24.999825
14999 26.038709
15999 25.543680
16999 25.000335
17999 27.975361
18999 27.272001
19999 26.178524
20999 35.019179
21999 32.339210
22999 15.624094
23999 28.157456
24999 31.782681
25999 31.625739
26999 31.326809
27999 34.245748
28999 29.908508
29999 31.278905
30999 32.363674
31999 36.480134
32999 32.598031
33999 30.587150
34999 35.417840
35999 37.580669
36999 33.213132
37999 30.192080
38999 36.706949
39999 37.710507
40999 35.606056
41999 38.028720
42999 37.943649
43999 34.391850
44999 37.843006
45999 36.066783
46999 33.380534
47999 36.068224
48999 36.785621
49999 37.198698
50999 33.346980
51999 36.486073
52999 37.654108
53999 28.821754
54999 38.101748
55999 36.324242
56999 32.927263
57999 32.027120
58999 39.039668
59999 35.238544
60999 25.648234
61999 35.864195
62999 3.946105
63999 34.383589
64999 34.462575
65999 37.133214
66999 33.251173
67999 39.952667
68999 34.034441
69999 39.381480
70999 28.672281
71999 36.450828
72999 27.285978
73999 29.842053
74999 34.741163
75999 35.891944
76999 36.738599
77999 33.742720
78999 34.205476
79999 35.650328
80999 36.136079
81999 35.493014
82999 39.066648
83999 34.614098
84999 37.677917
85999 34.129978
86999 31.766800
87999 36.206379
88999 35.078278
89999 34.760072
90999 36.035685
91999 34.873571
92999 32.677060
93999 37.646318
94999 35.839624
95999 34.697957
96999 32.772506
97999 30.279944
98999 31.098598
99999 38.139555
100999 33.161779
101999 36.925785
102999 38.049367
103999 38.904805
104999 34.475508
105999 38.072755
106999 36.125461
107999 35.860414
108999 37.350313
109999 37.381668
110999 38.893378
111999 38.524092
112999 32.107061
113999 36.096202
114999 36.681207
115999 38.549577
116999 36.252106
117999 39.645552
118999 36.314383
119999 37.818298
120999 38.980948
121999 36.906686
122999 36.846834
123999 36.905689
124999 42.103185
125999 40.159361
126999 36.966763
127999 41.626821
128999 39.999351
129999 40.014495
130999 40.735282
131999 36.032218
132999 37.843392
133999 39.532855
134999 44.421274
135999 43.741552
136999 42.456980
137999 40.188355
138999 44.959872
139999 42.073248
140999 42.924193
141999 39.960378
142999 41.669048
143999 38.153334
144999 44.196997
145999 42.427361
146999 40.650832
147999 40.908250
148999 40.083730
149999 42.418953
150999 41.935781
151999 43.431886
152999 39.617300
153999 43.100151
154999 46.790311
155999 42.853418
156999 43.910283
157999 48.955333
158999 42.318201
159999 44.311661
160999 46.340163
161999 43.599960
162999 46.726870
163999 47.355576
164999 47.980000
165999 47.317662
166999 48.011507
167999 42.718229
168999 34.280905
169999 47.742101
170999 47.395143
171999 50.901156
172999 27.861391
173999 50.745355
174999 40.481463
175999 48.739015
176999 45.946745
177999 45.311671
178999 48.731000
179999 48.921771
180999 24.453576
181999 -7.572788
182999 47.459998
183999 48.831994
184999 50.274419
185999 47.696084
186999 49.066962
187999 50.985462
188999 48.401038
189999 44.672598
190999 49.221063
191999 47.180516
192999 44.920717
193999 48.297713
194999 48.787968
195999 48.251656
196999 -6.790120
197999 48.762451
198999 49.663252
199999 48.883275
200999 50.909670
201999 51.536938
202999 50.781214
203999 32.102673
204999 50.208918
205999 55.230982
206999 45.078096
207999 56.254551
208999 50.073239
209999 55.824533
210999 56.965730
211999 55.681303
212999 51.667509
213999 56.831229
214999 35.685442
215999 52.015018
216999 57.045380
217999 56.622028
218999 55.016057
219999 58.776574
220999 55.971357
221999 56.316140
222999 58.549031
223999 58.738515
224999 56.885636
225999 53.637665
226999 58.953700
227999 56.907988
228999 56.211669
229999 62.317269
230999 55.103490
231999 58.070549
232999 59.111574
233999 51.358484
234999 56.945886
235999 54.558751
236999 60.453757
237999 66.087951
238999 63.418548
239999 60.915588
240999 60.799473
241999 60.965257
242999 65.800368
243999 62.510174
244999 65.604443
245999 67.731135
246999 64.713098
247999 62.688552
248999 67.494451
249999 70.918585
250999 65.467740
251999 70.682704
252999 66.230292
253999 70.852825
254999 76.758131
255999 63.752231
256999 76.208786
257999 73.336790
258999 40.122094
259999 58.910584
260999 72.120375
261999 73.434744
262999 73.035069
263999 69.464587
264999 68.742714
265999 70.270054
266999 70.549621
267999 71.203591
268999 69.310757
269999 66.238342
270999 68.397235
271999 73.991296
272999 72.443518
273999 73.658214
274999 68.776483
275999 13.112083
276999 49.914920
277999 69.904870
278999 76.526320
279999 76.094963
280999 71.128473
281999 73.950916
282999 79.192802
283999 70.321987
284999 76.806050
285999 76.259943
286999 59.041718
287999 76.038203
288999 74.336227
289999 76.492528
290999 78.756478
291999 56.987244
292999 74.409043
293999 69.000209
294999 79.796455
295999 74.264898
296999 76.830809
297999 78.312974
298999 50.684850
299999 74.618925
300999 73.597466
301999 77.380311
302999 76.236745
303999 72.315192
304999 79.215416
305999 79.813101
306999 83.927154
307999 79.089404
308999 78.247699
309999 76.433312
310999 83.473045
311999 84.293344
312999 81.821045
313999 85.123813
314999 85.170038
315999 80.158391
316999 80.958591
317999 85.947893
318999 79.634435
319999 76.751849
320999 86.270406
321999 83.857063
322999 83.298464
323999 82.701340
324999 82.334048
325999 80.273159
326999 82.343659
327999 80.105061
328999 83.284945
329999 80.202295
330999 81.454189
331999 77.591080
332999 85.075896
333999 82.077037
334999 78.775861
335999 91.008383
336999 91.344190
337999 80.781990
338999 84.870075
339999 86.661913
340999 -4.263796
341999 84.727104
342999 75.970493
343999 84.383016
344999 89.603725
345999 88.884509
346999 86.146163
347999 68.825395
348999 72.152103
349999 87.933456
350999 84.386286
351999 83.884816
352999 87.332137
353999 82.103504
354999 88.622343
355999 85.615190
356999 84.442152
357999 84.128813
358999 84.176462
359999 86.637977
360999 88.597704
361999 83.988565
362999 87.318920
363999 88.131360
364999 88.819238
365999 87.155711
366999 82.635537
367999 83.391199
368999 87.482301
369999 85.731926
370999 82.549440
371999 87.242473
372999 87.993962
373999 91.348872
374999 87.508239
375999 86.009700
376999 90.119586
377999 88.449900
378999 90.504449
379999 89.427069
380999 90.584111
381999 81.540554
382999 89.857708
383999 -22.497260
384999 86.889417
385999 86.713581
386999 83.728757
387999 80.345096
388999 89.728335
389999 85.073908
390999 85.868404
391999 87.177176
392999 90.431391
393999 85.411043
394999 83.017314
395999 85.560933
396999 -15.492592
397999 69.796342
398999 87.354757
399999 92.456100
400999 75.447457
401999 -24.855339
402999 -6.201753
403999 79.399118
404999 82.529757
405999 88.570580
406999 84.295962
407999 84.867722
408999 85.377626
409999 91.606852
410999 67.197743
411999 89.117511
412999 89.390565
413999 86.078606
414999 90.303363
415999 85.300769
416999 86.558480
417999 85.203071
418999 88.369980
419999 93.028317
420999 90.794456
421999 85.435276
422999 91.790882
423999 89.948787
424999 93.867327
425999 91.209954
426999 93.598813
427999 92.395143
428999 91.406051
429999 90.997944
430999 84.351580
431999 92.322380
432999 87.432016
433999 86.951098
434999 89.926655
435999 91.975901
436999 82.416275
437999 88.226006
438999 91.466367
439999 87.093544
440999 88.641200
441999 86.719029
442999 91.451016
443999 91.390912
444999 90.353067
445999 91.065177
446999 84.388386
447999 93.407316
448999 89.977236
449999 90.158251
450999 92.715923
451999 93.430095
452999 92.777857
453999 95.503552
454999 97.097400
455999 93.430146
456999 96.271105
457999 96.846936
458999 95.098985
459999 96.985636
460999 95.202197
461999 97.873708
462999 96.081970
463999 94.904800
464999 97.795122
465999 95.505684
466999 98.617007
467999 95.276351
468999 101.106542
469999 93.494000
470999 97.590610
471999 93.484684
472999 98.035336
473999 93.581299
474999 97.050605
475999 97.885467
476999 92.907946
477999 100.544733
478999 92.790170
479999 94.390399
480999 95.080087
481999 90.922667
482999 93.030087
483999 97.414724
484999 91.002392
485999 87.759667
486999 92.780789
487999 96.707534
488999 81.474359
489999 95.048223
490999 98.059240
491999 105.961868
492999 99.506358
493999 101.732227
494999 99.343482
495999 100.851650
496999 100.405663
497999 98.459088
498999 102.797967
499999 101.522857
500999 105.240933
501999 105.400609
502999 101.762618
503999 97.717736
504999 102.332717
505999 105.020532
506999 107.038961
507999 106.406760
508999 105.096793
509999 107.310189
510999 105.604028
511999 96.318550
512999 95.349212
513999 93.726020
514999 100.005625
515999 99.981412
516999 99.864855
517999 96.017392
518999 103.035702
519999 102.708342
520999 103.908495
521999 101.445246
522999 99.182261
523999 100.681648
524999 102.254890
525999 97.388446
526999 97.887187
527999 101.413122
528999 99.763045
529999 97.748268
530999 99.627634
531999 98.193077
532999 102.373848
533999 106.254897
534999 104.789580
535999 100.786676
536999 102.681018
537999 103.415963
538999 97.367874
539999 103.402417
540999 101.850272
541999 102.373393
542999 105.809107
543999 101.404451
544999 94.163135
545999 100.019149
546999 105.434432
547999 96.679349
548999 94.558940
549999 97.917431
550999 96.977321
551999 98.249730
552999 95.229703
553999 96.404247
554999 96.302485
555999 100.098418
556999 99.898098
557999 97.365536
558999 100.619236
559999 97.093287
560999 99.357513
561999 101.359717
562999 103.651776
563999 102.285783
564999 100.656067
565999 102.588123
566999 96.772905
567999 102.240926
568999 106.247465
569999 104.389505
570999 106.154903
571999 103.589256
572999 94.624094
573999 102.266420
574999 100.219410
575999 100.492705
576999 95.218090
577999 99.842047
578999 99.721784
579999 98.533235
580999 99.301666
581999 91.927319
582999 99.742659
583999 99.038948
584999 96.617292
585999 99.660500
586999 96.177025
587999 97.962779
588999 92.329990
589999 98.237248
590999 99.428140
591999 93.517055
592999 99.446601
593999 99.208916
594999 95.899562
595999 97.941475
596999 99.568602
597999 97.483986
598999 88.987848
599999 97.851460
600999 93.075113
601999 96.609982
602999 99.927873
603999 99.046432
604999 106.478213
605999 98.101955
606999 104.493090
607999 105.244088
608999 98.796119
609999 100.987010
610999 102.703650
611999 93.638238
612999 107.239258
613999 105.078090
614999 104.460357
615999 104.179970
616999 101.878180
617999 103.111035
618999 102.151050
619999 95.690971
620999 102.065531
621999 102.782622
622999 105.833156
623999 97.106072
624999 104.862110
625999 102.709914
626999 102.693948
627999 99.552303
628999 100.371026
629999 98.738831
630999 95.894649
631999 104.370687
632999 106.073367
633999 104.963505
634999 109.599312
635999 105.519740
636999 108.438215
637999 105.572094
638999 103.259394
639999 103.656671
640999 103.645289
641999 103.711233
642999 106.881089
643999 104.297257
644999 100.094132
645999 102.963047
646999 103.949253
647999 106.909223
648999 106.778154
649999 105.098033
650999 104.474276
651999 107.090215
652999 109.639128
653999 109.562039
654999 102.910145
655999 105.466655
656999 108.192699
657999 108.713614
658999 106.682052
659999 105.686982
660999 102.449921
661999 106.584602
662999 109.278175
663999 110.159533
664999 105.173356
665999 106.399481
666999 105.607208
667999 111.297459
668999 104.507052
669999 110.068973
670999 108.805359
671999 108.606943
672999 109.327913
673999 112.559350
674999 111.506944
675999 112.814949
676999 111.856027
677999 105.776768
678999 110.404538
679999 109.980397
680999 108.024328
681999 108.310390
682999 107.495415
683999 110.637062
684999 114.188640
685999 104.638538
686999 113.606182
687999 113.740334
688999 109.341195
689999 100.644967
690999 113.672897
691999 104.841858
692999 110.795803
693999 111.224595
694999 112.241532
695999 113.650693
696999 108.625765
697999 113.366669
698999 101.841322
699999 115.212182
700999 110.708469
701999 104.885531
702999 117.356395
703999 113.056877
704999 110.900707
705999 112.755678
706999 109.214395
707999 115.812617
708999 105.723814
709999 105.088200
710999 111.842599
711999 109.825059
712999 112.799917
713999 112.442846
714999 106.484688
715999 114.039671
716999 114.817892
717999 104.931003
718999 108.052555
719999 111.495863
720999 107.632197
721999 108.039540
722999 107.353577
723999 105.652871
724999 110.433356
725999 112.598033
726999 105.821617
727999 106.309286
728999 112.684509
729999 108.519430
730999 112.238146
731999 105.163501
732999 112.231939
733999 104.553737
734999 106.262493
735999 110.848463
736999 110.108204
737999 107.461212
738999 103.653737
739999 109.043790
740999 109.083490
741999 111.125626
742999 112.049126
743999 107.487926
744999 113.675378
745999 107.260000
746999 106.940529
747999 110.846621
748999 111.065085
749999 108.297354
750999 108.304098
751999 101.943681
752999 109.109808
753999 109.308562
754999 107.747163
755999 107.735637
756999 108.986399
757999 104.146969
758999 108.965568
759999 106.438552
760999 104.611306
761999 101.431214
762999 107.182848
763999 109.024602
764999 108.116877
765999 110.476041
766999 106.874424
767999 105.024455
768999 103.294534
769999 110.743297
770999 108.723314
771999 107.350695
772999 106.052179
773999 111.216368
774999 101.109351
775999 106.559774
776999 100.400175
777999 99.602524
778999 94.388461
779999 103.490388
780999 99.080344
781999 94.237762
782999 96.591191
783999 91.423277
784999 96.236623
785999 101.349443
786999 100.235508
787999 93.935744
788999 96.670186
789999 96.316628
790999 99.765124
791999 98.571350
792999 95.610657
793999 97.317678
794999 96.198390
795999 95.341488
796999 92.713570
797999 72.711832
798999 92.395033
799999 96.260286
800999 96.574532
801999 99.597347
802999 101.769545
803999 103.507883
804999 104.606947
805999 102.799348
806999 100.228250
807999 104.699064
808999 98.206780
809999 99.140526
810999 100.492529
811999 102.280208
812999 102.507085
813999 108.648942
814999 99.662455
815999 104.024235
816999 100.038125
817999 109.161665
818999 107.918196
819999 104.900502
820999 100.829292
821999 100.828752
822999 112.700428
823999 98.346174
824999 103.010746
825999 107.299902
826999 106.954245
827999 107.865200
828999 110.390548
829999 109.092493
830999 104.860115
831999 103.990138
832999 107.341576
833999 108.409300
834999 107.705500
835999 105.736750
836999 105.620901
837999 104.804343
838999 109.011628
839999 111.326772
840999 115.966620
841999 112.220380
842999 115.769187
843999 105.596858
844999 106.319250
845999 105.605892
846999 103.225553
847999 106.993009
848999 108.622911
849999 117.182970
850999 115.576091
851999 109.779398
852999 111.796178
853999 109.595819
854999 107.807430
855999 101.668560
856999 108.496383
857999 109.420902
858999 103.206386
859999 108.095079
860999 106.657880
861999 104.216318
862999 106.972785
863999 106.843690
864999 108.690532
865999 108.187176
866999 100.855061
867999 103.181085
868999 103.382196
869999 107.446208
870999 106.000110
871999 107.281670
872999 109.233672
873999 108.399800
874999 104.008022
875999 102.910930
876999 102.425164
877999 101.910906
878999 101.904061
879999 104.226243
880999 102.832207
881999 104.012025
882999 102.418223
883999 102.972413
884999 102.019743
885999 103.911661
886999 102.760526
887999 105.046388
888999 109.339489
889999 107.913488
890999 107.536572
891999 104.710368
892999 103.311631
893999 104.513312
894999 103.985396
895999 102.974563
896999 104.696671
897999 107.495241
898999 105.670541
899999 109.004025
900999 106.236574
901999 106.431994
902999 98.710894
903999 110.142059
904999 106.774925
905999 100.442387
906999 106.168131
907999 105.617211
908999 102.689301
909999 108.694899
910999 107.483361
911999 108.101973
912999 105.156861
913999 103.747825
914999 109.257729
915999 107.161084
916999 103.781818
917999 106.265873
918999 102.252668
919999 102.843308
920999 99.199310
921999 105.145954
922999 104.810703
923999 106.125848
924999 100.081545
925999 103.803748
926999 105.028186
927999 101.384562
928999 106.293283
929999 105.667296
930999 108.642048
931999 110.587859
932999 104.441473
933999 106.530178
934999 109.890216
935999 107.124774
936999 108.042269
937999 108.227019
938999 105.686007
939999 108.576319
940999 104.758750
941999 102.607629
942999 109.946596
943999 107.359471
944999 106.127165
945999 106.848757
946999 103.686171
947999 107.014395
948999 105.804439
949999 108.696329
950999 109.658075
951999 104.277990
952999 109.138667
953999 100.113312
954999 106.006996
955999 104.476282
956999 104.613937
957999 104.794664
958999 108.429920
959999 107.252432
960999 102.064478
961999 105.880351
962999 105.821799
963999 102.487516
964999 98.380566
965999 102.804049
966999 99.033491
967999 100.153350
968999 101.446363
969999 105.047162
970999 100.285354
971999 109.953293
972999 105.636467
973999 102.008350
974999 106.647528
975999 106.012120
976999 106.288440
977999 104.130677
978999 107.261881
979999 104.632348
980999 109.698030
981999 108.046121
982999 103.547906
983999 100.456637
984999 104.316033
985999 101.333847
986999 97.458770
987999 101.611696
988999 102.511201
989999 108.291143
990999 104.941198
991999 100.359963
992999 105.040806
993999 103.447023
994999 107.312782
995999 108.476107
996999 107.787835
997999 104.928264
998999 108.323527
999999 104.769788
1000999 106.065310
1001999 105.353804
1002999 104.069100
1003999 110.507940
1004999 106.915920
1005999 106.647091
1006999 105.191405
1007999 104.103683
1008999 104.483908
1009999 110.255896
1010999 106.661019
1011999 104.660464
1012999 110.606391
1013999 105.534807
1014999 103.580973
1015999 109.581624
1016999 106.297677
1017999 103.671187
1018999 110.719854
1019999 107.638628
1020999 103.140323
1021999 106.638814
1022999 109.751473
1023999 108.301701
1024999 107.930702
1025999 104.607805
1026999 108.472460
1027999 106.238137
1028999 114.370663
1029999 105.773055
1030999 104.296143
1031999 109.354324
1032999 103.662644
1033999 107.404488
1034999 102.628760
1035999 99.802628
1036999 101.697597
1037999 105.997937
1038999 104.938400
1039999 106.923612
1040999 103.652369
1041999 106.402160
1042999 107.957183
1043999 101.475737
1044999 103.887871
1045999 106.041495
1046999 109.789139
1047999 110.964369
1048999 107.022874
1049999 112.787802
1050999 110.658102
1051999 104.117457
1052999 107.542457
1053999 113.258045
1054999 108.726175
1055999 109.928047
1056999 112.080820
1057999 106.642429
1058999 108.350916
1059999 104.782470
1060999 111.556237
1061999 109.784530
1062999 110.941548
1063999 110.217731
1064999 112.102819
1065999 108.730189
1066999 110.305794
1067999 105.465451
1068999 105.928252
1069999 104.776303
1070999 105.008055
1071999 103.531478
1072999 109.274141
1073999 103.577064
1074999 99.858343
1075999 109.926256
1076999 107.530743
1077999 109.475305
1078999 104.634616
1079999 110.982644
1080999 109.170896
1081999 104.964068
1082999 112.401712
1083999 107.549660
1084999 106.690156
1085999 112.772735
1086999 104.512776
1087999 110.668488
1088999 105.639578
1089999 108.627689
1090999 103.880450
1091999 107.691197
1092999 92.805958
1093999 106.329831
1094999 105.545662
1095999 105.026895
1096999 104.517347
1097999 105.821130
1098999 110.091672
1099999 107.959589
1100999 107.325477
1101999 98.709985
1102999 108.911311
1103999 109.754761
1104999 110.956014
1105999 108.198035
1106999 107.899396
1107999 109.500407
1108999 105.392085
1109999 105.558452
1110999 105.219924
1111999 105.953589
1112999 105.130225
1113999 98.303835
1114999 104.050007
1115999 101.174040
1116999 93.896203
1117999 104.886203
1118999 106.508782
1119999 97.436887
1120999 101.070338
1121999 99.672337
1122999 101.978286
1123999 102.503035
1124999 98.656145
1125999 101.971632
1126999 102.049967
1127999 102.678758
1128999 103.278838
1129999 97.673525
1130999 99.244580
1131999 102.299476
1132999 104.169182
1133999 102.411065
1134999 107.440162
1135999 105.374312
1136999 103.628906
1137999 102.647426
1138999 104.730071
1139999 104.779595
1140999 106.029962
1141999 108.526175
1142999 103.958774
1143999 108.651537
1144999 110.159784
1145999 109.003789
1146999 105.980711
1147999 95.061988
1148999 99.805993
1149999 106.247230
1150999 107.069603
1151999 108.495916
1152999 109.458090
1153999 109.070890
1154999 110.227373
1155999 110.351654
1156999 109.945675
1157999 106.669638
1158999 106.101294
1159999 113.067153
1160999 113.741316
1161999 112.725389
1162999 110.597307
1163999 108.765292
1164999 107.855346
1165999 104.812554
1166999 110.066593
1167999 113.706788
1168999 111.626832
1169999 110.316907
1170999 105.820529
1171999 111.221356
1172999 110.023867
1173999 109.495791
1174999 111.262672
1175999 109.613846
1176999 105.944119
1177999 105.921126
1178999 99.322818
1179999 106.583150
1180999 105.909479
1181999 109.135870
1182999 107.712013
1183999 111.704143
1184999 111.588457
1185999 111.568806
1186999 108.155528
1187999 115.290412
1188999 111.098900
1189999 110.187303
1190999 111.916191
1191999 110.489981
1192999 109.283554
1193999 109.958297
1194999 107.988261
1195999 100.900949
1196999 107.966201
1197999 108.881420
1198999 106.473086
1199999 109.285283
1200999 107.718893
1201999 106.404438
1202999 107.048091
1203999 104.703482
1204999 99.161154
1205999 105.934947
1206999 106.035225
1207999 107.628271
1208999 102.867114
1209999 107.885933
1210999 97.746190
1211999 108.751052
1212999 109.366566
1213999 107.115058
1214999 102.574738
1215999 106.149935
1216999 104.863647
1217999 110.124544
1218999 107.057669
1219999 106.963235
1220999 111.192234
1221999 110.278549
1222999 110.298400
1223999 109.056017
1224999 104.095705
1225999 104.842015
1226999 107.174432
1227999 100.264066
1228999 111.380877
1229999 102.163488
1230999 112.965646
1231999 103.329583
1232999 104.735592
1233999 110.177050
1234999 111.260750
1235999 111.738868
1236999 113.525217
1237999 111.521650
1238999 111.596274
1239999 110.863304
1240999 113.208597
1241999 114.601639
1242999 112.063642
1243999 107.926675
1244999 104.020377
1245999 113.887200
1246999 106.755680
1247999 96.450452
1248999 114.012574
1249999 106.355004
1250999 108.200236
1251999 111.700085
1252999 106.085513
1253999 113.597485
1254999 112.197838
1255999 113.849314
1256999 117.140800
1257999 112.853381
1258999 111.004236
1259999 111.630387
1260999 116.332306
1261999 113.272747
1262999 111.043290
1263999 115.538916
1264999 117.042377
1265999 118.309992
1266999 114.797755
1267999 116.342885
1268999 114.528338
1269999 117.499413
1270999 111.636214
1271999 111.212687
1272999 114.904331
1273999 116.361668
1274999 111.411793
1275999 114.268964
1276999 112.821399
1277999 115.940027
1278999 111.869655
1279999 111.685523
1280999 109.624230
1281999 116.294122
1282999 117.126172
1283999 114.411176
1284999 116.295772
1285999 113.057882
1286999 109.291797
1287999 120.558490
1288999 113.576008
1289999 115.817523
1290999 104.641896
1291999 113.566145
1292999 117.716184
1293999 114.182064
1294999 112.458996
1295999 116.909698
1296999 118.406875
1297999 117.674971
1298999 116.152065
1299999 119.154582
1300999 113.794672
1301999 120.663463
1302999 117.254404
1303999 115.755902
1304999 114.152328
1305999 117.881284
1306999 113.461888
1307999 114.390000
1308999 122.270802
1309999 113.713427
1310999 116.881798
1311999 117.453888
1312999 117.012491
1313999 118.039306
1314999 117.604922
1315999 115.013675
1316999 109.318551
1317999 110.966144
1318999 112.416631
1319999 107.172319
1320999 114.732602
1321999 107.943652
1322999 120.258659
1323999 113.577794
1324999 110.038931
1325999 111.125527
1326999 108.471588
1327999 115.122275
1328999 109.340635
1329999 107.437587
1330999 113.026366
1331999 110.120647
1332999 111.717353
1333999 109.938866
1334999 112.663231
1335999 110.047697
1336999 109.361929
1337999 106.062220
1338999 110.773864
1339999 109.133537
1340999 110.746988
1341999 110.626702
1342999 113.348475
1343999 111.743505
1344999 115.993018
1345999 109.950920
1346999 109.579613
1347999 110.001089
1348999 107.219148
1349999 113.100991
1350999 114.936086
1351999 111.776620
1352999 109.856560
1353999 105.326171
1354999 105.798374
1355999 111.244183
1356999 114.689107
1357999 112.917110
1358999 112.199482
1359999 110.016594
1360999 112.230332
1361999 106.115967
1362999 111.529987
1363999 110.808407
1364999 109.985104
1365999 110.153466
1366999 103.966532
1367999 111.061748
1368999 111.143429
1369999 107.715634
1370999 111.963227
1371999 114.379681
1372999 112.081231
1373999 113.997352
1374999 112.826953
1375999 114.317086
1376999 113.956064
1377999 115.262009
1378999 102.937035
1379999 108.164633
1380999 114.420810
1381999 115.160213
1382999 113.037924
1383999 108.372614
1384999 110.931618
1385999 113.689822
1386999 113.411195
1387999 110.535000
1388999 112.701526
1389999 109.535237
1390999 111.932933
1391999 118.387526
1392999 120.297727
1393999 115.219094
1394999 110.248314
1395999 113.576812
1396999 114.472179
1397999 114.916973
1398999 112.861874
1399999 111.340399
1400999 112.339024
1401999 115.674546
1402999 112.917139
1403999 116.628704
1404999 111.381296
1405999 111.092790
1406999 114.391548
1407999 112.385218
1408999 114.386722
1409999 114.445917
1410999 115.809346
1411999 116.536080
1412999 113.367503
1413999 113.502462
1414999 106.809480
1415999 110.701144
1416999 107.899307
1417999 105.716614
1418999 109.147865
1419999 107.092103
1420999 114.855293
1421999 111.580154
1422999 112.103424
1423999 112.642512
1424999 112.675015
1425999 114.055059
1426999 113.547249
1427999 112.794791
1428999 113.574460
1429999 113.621186
1430999 114.247515
1431999 108.327801
1432999 113.513461
1433999 108.326433
1434999 113.517834
1435999 117.894253
1436999 110.450868
1437999 114.316886
1438999 116.131745
1439999 108.110309
1440999 114.012202
1441999 111.107380
1442999 113.707557
1443999 119.032680
1444999 115.350706
1445999 112.448301
1446999 117.895955
1447999 110.982783
1448999 113.257080
1449999 118.857526
1450999 113.385368
1451999 111.147993
1452999 114.430100
1453999 116.052400
1454999 117.959879
1455999 113.975645
1456999 115.755985
1457999 116.742989
1458999 116.032721
1459999 117.374989
1460999 111.471445
1461999 113.421487
1462999 116.224743
1463999 111.905683
1464999 112.031653
1465999 111.408454
1466999 113.242415
1467999 112.108991
1468999 114.509240
1469999 113.231632
1470999 112.379458
1471999 108.294171
1472999 108.948786
1473999 110.771497
1474999 114.905078
1475999 109.937359
1476999 113.241443
1477999 109.367470
1478999 112.324498
1479999 106.603409
1480999 112.202277
1481999 113.810701
1482999 109.161751
1483999 115.008155
1484999 110.220458
1485999 112.224746
1486999 110.784420
1487999 111.543553
1488999 107.013878
1489999 111.000451
1490999 111.134124
1491999 108.819210
1492999 110.510747
1493999 103.837226
1494999 107.275752
1495999 108.953900
1496999 115.084400
1497999 116.312279
1498999 111.100912
1499999 112.527955
1500999 112.626221
1501999 109.379127
1502999 115.044039
1503999 114.250446
1504999 111.507436
1505999 114.955517
1506999 110.956767
1507999 115.628919
1508999 117.451384
1509999 110.838165
1510999 112.004933
1511999 115.914826
1512999 117.141211
1513999 114.044521
1514999 113.453819
1515999 117.245670
1516999 115.982446
1517999 117.539670
1518999 118.023226
1519999 113.739388
1520999 112.608690
1521999 119.813868
1522999 119.004727
1523999 117.034768
1524999 118.686831
1525999 119.401547
1526999 114.888530
1527999 116.604052
1528999 117.634513
1529999 121.130230
1530999 120.917012
1531999 116.224139
1532999 117.995803
1533999 120.436591
1534999 116.617355
1535999 112.613630
1536999 114.896444
1537999 116.206575
1538999 119.320847
1539999 117.298467
1540999 114.414796
1541999 109.096973
1542999 117.867625
1543999 109.627409
1544999 115.147806
1545999 115.937199
1546999 114.288932
1547999 110.200536
1548999 114.381991
1549999 114.139293
1550999 116.913333
1551999 106.819747
1552999 107.938516
1553999 113.159089
1554999 111.636631
1555999 117.155325
1556999 112.267703
1557999 109.595667
1558999 115.057488
1559999 114.638018
1560999 111.000406
1561999 113.489166
1562999 115.751361
1563999 111.292634
1564999 114.039848
1565999 117.401551
1566999 114.326074
1567999 112.011666
1568999 113.830225
1569999 114.251528
1570999 111.346581
1571999 114.655762
1572999 117.715028
1573999 117.237561
1574999 116.024100
1575999 114.576989
1576999 114.845872
1577999 111.990279
1578999 116.351768
1579999 117.310032
1580999 109.270726
1581999 116.270752
1582999 110.518992
1583999 116.606015
1584999 114.805613
1585999 117.448292
1586999 116.600052
1587999 114.372109
1588999 112.494625
1589999 112.006721
1590999 116.147023
1591999 115.508284
1592999 114.166267
1593999 115.280910
1594999 118.147991
1595999 117.211072
1596999 116.485574
1597999 117.338531
1598999 119.819095
1599999 120.565835
1600999 118.357093
1601999 116.692892
1602999 115.057931
1603999 118.987329
1604999 117.541279
1605999 113.054570
1606999 113.150003
1607999 117.930250
1608999 119.354267
1609999 116.755831
1610999 117.417265
1611999 122.116500
1612999 112.278702
1613999 119.384243
1614999 118.190547
1615999 120.610813
1616999 120.792280
1617999 123.444875
1618999 117.771012
1619999 112.573045
1620999 125.845740
1621999 120.580111
1622999 121.009597
1623999 122.002401
1624999 119.261841
1625999 122.006447
1626999 120.782964
1627999 122.129503
1628999 117.672936
1629999 116.456957
1630999 117.299730
1631999 123.170434
1632999 120.071709
1633999 122.566059
1634999 121.748324
1635999 116.553092
1636999 122.256853
1637999 112.669083
1638999 120.028872
1639999 122.799053
1640999 117.801464
1641999 119.581689
1642999 112.073466
1643999 120.035314
1644999 117.357629
1645999 116.717809
1646999 113.147279
1647999 118.553974
1648999 116.476658
1649999 114.493096
1650999 119.357157
1651999 121.681050
1652999 120.670377
1653999 119.209052
1654999 119.173308
1655999 110.598929
1656999 117.091949
1657999 119.119127
1658999 110.646433
1659999 119.507747
1660999 117.281009
1661999 112.759806
1662999 116.749993
1663999 114.697116
1664999 115.436894
1665999 119.112534
1666999 113.628579
1667999 115.562188
1668999 119.657545
1669999 115.095578
1670999 108.468958
1671999 113.284289
1672999 114.934165
1673999 110.967973
1674999 111.520413
1675999 113.161214
1676999 110.419605
1677999 112.835574
1678999 116.116927
1679999 100.582264
1680999 110.477496
1681999 113.148235
1682999 113.240472
1683999 109.049023
1684999 112.492892
1685999 111.737406
1686999 112.911365
1687999 115.374302
1688999 111.163936
1689999 113.745102
1690999 112.815141
1691999 112.509410
1692999 113.150124
1693999 116.254867
1694999 115.480295
1695999 112.343539
1696999 114.195102
1697999 117.509301
1698999 117.168441
1699999 119.345313
1700999 115.813659
1701999 114.921535
1702999 115.917798
1703999 115.340289
1704999 115.546783
1705999 113.101871
1706999 116.512991
1707999 114.204964
1708999 117.686367
1709999 117.394331
1710999 112.293490
1711999 117.184842
1712999 114.636930
1713999 108.595068
1714999 112.060586
1715999 115.393212
1716999 116.395688
1717999 113.388082
1718999 112.307329
1719999 115.672509
1720999 116.199149
1721999 111.035553
1722999 115.957555
1723999 116.587085
1724999 114.275254
1725999 115.072863
1726999 111.924626
1727999 116.999955
1728999 115.055269
1729999 117.462477
1730999 111.975102
1731999 116.462971
1732999 117.477544
1733999 109.634908
1734999 119.356223
1735999 117.578686
1736999 115.505666
1737999 121.362810
1738999 117.421869
1739999 122.154695
1740999 118.799392
1741999 118.114553
1742999 117.285815
1743999 115.840213
1744999 115.696297
1745999 112.085093
1746999 112.326817
1747999 114.753808
1748999 119.571538
1749999 111.036618
1750999 120.231504
1751999 118.014141
1752999 115.111061
1753999 113.966953
1754999 117.502128
1755999 115.264754
1756999 116.737900
1757999 111.738325
1758999 117.976127
1759999 109.896366
1760999 119.389440
1761999 111.516217
1762999 115.125363
1763999 113.268256
1764999 109.436950
1765999 117.990884
1766999 113.308218
1767999 115.260606
1768999 110.599972
1769999 105.678620
1770999 113.089297
1771999 119.914273
1772999 113.673565
1773999 116.597817
1774999 113.073262
1775999 116.703137
1776999 116.878566
1777999 117.936698
1778999 109.952356
1779999 118.544462
1780999 116.671536
1781999 121.429388
1782999 115.311180
1783999 114.000588
1784999 104.948796
1785999 107.163378
1786999 103.417072
1787999 103.301309
1788999 104.851793
1789999 95.297571
1790999 110.081909
1791999 104.061289
1792999 97.085897
1793999 102.815969
1794999 105.894040
1795999 105.415704
1796999 101.733428
1797999 114.664856
1798999 108.383524
1799999 117.921843
1800999 117.682944
1801999 107.771860
1802999 109.487095
1803999 115.812583
1804999 115.849140
1805999 116.931523
1806999 114.055060
1807999 107.584796
1808999 109.852120
1809999 115.478303
1810999 116.936998
1811999 112.220612
1812999 113.983498
1813999 113.484500
1814999 115.231588
1815999 112.276927
1816999 115.950952
1817999 114.931300
1818999 112.886445
1819999 116.384640
1820999 114.832716
1821999 117.265363
1822999 114.055780
1823999 104.955354
1824999 114.943494
1825999 106.892071
1826999 115.492610
1827999 114.624415
1828999 108.783968
1829999 119.998709
1830999 115.743444
1831999 115.390377
1832999 119.590714
1833999 123.237097
1834999 122.811186
1835999 120.121840
1836999 117.655818
1837999 117.602644
1838999 121.646784
1839999 113.539581
1840999 120.714599
1841999 116.670744
1842999 121.787829
1843999 118.628949
1844999 113.870787
1845999 120.125861
1846999 117.331002
1847999 118.405401
1848999 112.882467
1849999 118.692603
1850999 120.314348
1851999 117.775591
1852999 111.843926
1853999 121.922217
1854999 121.698130
1855999 121.299862
1856999 122.838088
1857999 115.804643
1858999 118.603683
1859999 119.231699
1860999 120.904203
1861999 114.242330
1862999 112.494639
1863999 120.020300
1864999 114.310250
1865999 120.087815
1866999 115.567367
1867999 114.804748
1868999 117.134840
1869999 114.894390
1870999 117.600403
1871999 115.697832
1872999 116.223792
1873999 115.978451
1874999 114.254831
1875999 114.279772
1876999 115.844821
1877999 112.892599
1878999 112.032839
1879999 114.114500
1880999 110.379236
1881999 112.944152
1882999 116.590215
1883999 111.073620
1884999 112.577847
1885999 114.411215
1886999 115.456467
1887999 115.548261
1888999 110.881490
1889999 104.861026
1890999 106.726882
1891999 116.205299
1892999 116.203152
1893999 118.074568
1894999 120.988204
1895999 113.476980
1896999 115.731017
1897999 116.344304
1898999 114.806109
1899999 116.594678
1900999 115.995116
1901999 119.343671
1902999 116.759665
1903999 119.639134
1904999 116.407463
1905999 116.040954
1906999 114.245987
1907999 116.722387
1908999 115.289323
1909999 115.757504
1910999 118.986371
1911999 115.217621
1912999 113.327486
1913999 114.291405
1914999 122.609953
1915999 119.684116
1916999 120.854615
1917999 119.925428
1918999 120.585477
1919999 114.295983
1920999 115.621283
1921999 116.001794
1922999 117.455892
1923999 110.530063
1924999 115.802800
1925999 117.313365
1926999 119.242780
1927999 118.573451
1928999 119.848067
1929999 116.582353
1930999 121.749029
1931999 118.531238
1932999 113.420609
1933999 117.554466
1934999 118.226718
1935999 119.343576
1936999 120.638456
1937999 121.542338
1938999 119.934985
1939999 120.565440
1940999 117.952166
1941999 121.785310
1942999 114.014501
1943999 120.019145
1944999 119.138111
1945999 121.473444
1946999 117.803518
1947999 119.742017
1948999 118.638752
1949999 120.626141
1950999 112.181904
1951999 119.918442
1952999 116.584563
1953999 116.430617
1954999 121.334241
1955999 115.773861
1956999 119.525651
1957999 118.679502
1958999 119.037445
1959999 119.178378
1960999 124.689269
1961999 113.942865
1962999 124.400168
1963999 113.635826
1964999 120.324797
1965999 122.161636
1966999 119.912250
1967999 119.404949
1968999 121.474958
1969999 120.695813
1970999 120.992846
1971999 119.688109
1972999 113.533910
1973999 117.406557
1974999 118.037601
1975999 120.924600
1976999 119.287341
1977999 117.347677
1978999 121.257027
1979999 118.145736
1980999 121.510314
1981999 122.513860
1982999 123.709563
1983999 120.506263
1984999 123.684909
1985999 121.727924
1986999 118.605028
1987999 112.630881
1988999 111.421475
1989999 116.548793
1990999 111.093212
1991999 119.403499
1992999 113.619406
1993999 120.251816
1994999 116.458451
1995999 111.236228
1996999 115.286890
1997999 118.624329
1998999 113.014802
1999999 117.292066
