999 -1.953908
1999 -9.202661
2999 -17.811563
3999 27.776348
4999 13.909903
5999 -8.055282
6999 16.631654
7999 22.783312
8999 4.929788
9999 21.312916
10999 22.662881
11999 7.039773
12999 21.305447
13999 25.678677
14999 28.198279
15999 3.098927
16999 19.337745
17999 26.811714
18999 23.351334
19999 23.826214
20999 29.028122
21999 18.893200
22999 33.915708
23999 29.500352
24999 36.983734
25999 35.739749
26999 29.647919
27999 25.756193
28999 4.738088
29999 24.235533
30999 22.806060
31999 25.427695
32999 28.423630
33999 30.395408
34999 32.476772
35999 32.086359
36999 31.327201
37999 35.420710
38999 35.520119
39999 33.322516
40999 34.808471
41999 39.276429
42999 37.149953
43999 34.288216
44999 36.710692
45999 36.476582
46999 38.676027
47999 41.019578
48999 36.635436
49999 37.527312
50999 39.044557
51999 37.674366
52999 40.285255
53999 39.503160
54999 39.217443
55999 40.718282
56999 40.209991
57999 45.465913
58999 39.894548
59999 40.455937
60999 41.583067
61999 40.851907
62999 36.223869
63999 44.249268
64999 42.556110
65999 38.302792
66999 38.751991
67999 42.140910
68999 39.548532
69999 44.247092
70999 42.526784
71999 39.250686
72999 39.833671
73999 43.155576
74999 38.494650
75999 42.048691
76999 43.808038
77999 40.452784
78999 43.828514
79999 44.969231
80999 45.074386
81999 42.142149
82999 46.126515
83999 44.747220
84999 40.979083
85999 39.165898
86999 40.148316
87999 40.598687
88999 42.019039
89999 43.877472
90999 42.563369
91999 39.792355
92999 42.084883
93999 40.601304
94999 45.233112
95999 42.144275
96999 44.664195
97999 42.347201
98999 43.641067
99999 45.513485
100999 44.900643
101999 40.902499
102999 46.373788
103999 42.618798
104999 42.926315
105999 49.774236
106999 43.092916
107999 43.922581
108999 43.422811
109999 41.881353
110999 39.800955
111999 40.145245
112999 42.370682
113999 44.369714
114999 41.944426
115999 44.796055
116999 44.119366
117999 47.374978
118999 41.375520
119999 43.818995
120999 46.898900
121999 46.166349
122999 42.722713
123999 49.185958
124999 48.817263
125999 45.887094
126999 48.695486
127999 49.069613
128999 52.302367
129999 56.304506
130999 50.692659
131999 55.689739
132999 55.220088
133999 55.773993
134999 58.313044
135999 54.668155
136999 57.570740
137999 58.487622
138999 61.118201
139999 60.585834
140999 63.870328
141999 64.407824
142999 67.093551
143999 69.023360
144999 60.907344
145999 62.239838
146999 72.645453
147999 65.426066
148999 67.144019
149999 61.868009
150999 66.616302
151999 68.135167
152999 59.312407
153999 68.105437
154999 67.326519
155999 66.861105
156999 71.773241
157999 71.014884
158999 75.050727
159999 68.989899
160999 63.806045
161999 67.740801
162999 72.853940
163999 75.353720
164999 71.093862
165999 73.971617
166999 74.942295
167999 76.854832
168999 69.405784
169999 70.090228
170999 81.356289
171999 78.818448
172999 76.274393
173999 75.864397
174999 81.144003
175999 77.368348
176999 81.277023
177999 76.300765
178999 78.667267
179999 78.351344
180999 80.101759
181999 81.137998
182999 82.005385
183999 82.352683
184999 77.395286
185999 75.899701
186999 74.206899
187999 65.596292
188999 74.927473
189999 80.693308
190999 84.492198
191999 75.395135
192999 81.178456
193999 80.451046
194999 81.815917
195999 79.681812
196999 84.230291
197999 76.939835
198999 84.015495
199999 89.030868
200999 82.762293
201999 85.229071
202999 84.165084
203999 83.941570
204999 81.304489
205999 83.359981
206999 77.825549
207999 84.690747
208999 86.780896
209999 82.275785
210999 91.087339
211999 89.701705
212999 89.629326
213999 78.272329
214999 86.377962
215999 87.057547
216999 84.279330
217999 84.902055
218999 83.843877
219999 78.686054
220999 90.716161
221999 90.385865
222999 87.560357
223999 87.420277
224999 83.315822
225999 85.511583
226999 90.515298
227999 88.046231
228999 88.687007
229999 90.958534
230999 91.136025
231999 88.920980
232999 86.981733
233999 90.958533
234999 86.424869
235999 85.819973
236999 90.856315
237999 88.853600
238999 82.173423
239999 87.272478
240999 93.587284
241999 90.616790
242999 94.173628
243999 93.827423
244999 85.644578
245999 83.316192
246999 90.845098
247999 91.415589
248999 91.659141
249999 93.952444
250999 95.077383
251999 91.693854
252999 90.440240
253999 93.301011
254999 89.982560
255999 95.020023
256999 93.329039
257999 93.632089
258999 95.274288
259999 93.123769
260999 91.454752
261999 94.397953
262999 92.914153
263999 93.182993
264999 94.951440
265999 96.134389
266999 96.719645
267999 102.296396
268999 91.552013
269999 97.760450
270999 98.223478
271999 102.160695
272999 101.226141
273999 105.154100
274999 98.739924
275999 98.460011
276999 90.048242
277999 92.999776
278999 103.555539
279999 101.900915
280999 106.267323
281999 99.548809
282999 96.627363
283999 105.075869
284999 100.394573
285999 101.225724
286999 104.683230
287999 103.147914
288999 104.308419
289999 98.984964
290999 103.662635
291999 100.882670
292999 99.122792
293999 96.651260
294999 103.862311
295999 97.157019
296999 97.229211
297999 103.314546
298999 105.907098
299999 99.690720
300999 103.871270
301999 94.712052
302999 103.249891
303999 100.490608
304999 99.279996
305999 102.749700
306999 101.976607
307999 97.277726
308999 101.959741
309999 103.396142
310999 104.403303
311999 100.506673
312999 104.630568
313999 94.369885
314999 107.354824
315999 105.808804
316999 101.487483
317999 102.816600
318999 102.377152
319999 103.703854
320999 105.884380
321999 108.693260
322999 100.513600
323999 106.631627
324999 108.215345
325999 102.207170
326999 101.287180
327999 101.947035
328999 104.124141
329999 100.467214
330999 104.707940
331999 99.315364
332999 103.283219
333999 104.533139
334999 99.921658
335999 99.395141
336999 107.021151
337999 97.476426
338999 101.706092
339999 102.143146
340999 103.896747
341999 99.304584
342999 104.447607
343999 101.497037
344999 108.442744
345999 91.112396
346999 106.347704
347999 108.881466
348999 106.403787
349999 107.320572
350999 96.973582
351999 106.486030
352999 103.086705
353999 104.895335
354999 103.510377
355999 105.658961
356999 90.122827
357999 107.078152
358999 98.572351
359999 106.545063
360999 105.620814
361999 107.443887
362999 99.846164
363999 104.832981
364999 106.675196
365999 102.384193
366999 106.830932
367999 100.623916
368999 101.777030
369999 95.617930
370999 102.559895
371999 100.536197
372999 99.778269
373999 103.109596
374999 98.649930
375999 103.036154
376999 102.062178
377999 102.756378
378999 106.302982
379999 105.442840
380999 106.328306
381999 102.914517
382999 104.906139
383999 109.264639
384999 103.524320
385999 104.108572
386999 106.256438
387999 107.152736
388999 102.403407
389999 104.637892
390999 104.644481
391999 106.668077
392999 106.447466
393999 104.376931
394999 110.184506
395999 106.103180
396999 102.958510
397999 105.905240
398999 113.130374
399999 108.910016
400999 110.017321
401999 101.243530
402999 104.510468
403999 113.444069
404999 105.195697
405999 110.661606
406999 115.099838
407999 105.798300
408999 113.772071
409999 106.996502
410999 112.672185
411999 109.881123
412999 107.084239
413999 111.721850
414999 110.743685
415999 109.330954
416999 111.077635
417999 112.171160
418999 111.103141
419999 112.999546
420999 103.362380
421999 106.143050
422999 111.556944
423999 113.192423
424999 114.043186
425999 108.558994
426999 109.332952
427999 112.857108
428999 109.669642
429999 115.037359
430999 113.141416
431999 110.234363
432999 110.545915
433999 105.721173
434999 108.397910
435999 108.656488
436999 100.190912
437999 108.877838
438999 103.019362
439999 106.604224
440999 98.826539
441999 100.114137
442999 103.814808
443999 103.418207
444999 109.325075
445999 103.801712
446999 102.340037
447999 109.333890
448999 106.228858
449999 110.582176
450999 110.996476
451999 104.318605
452999 105.799673
453999 106.113929
454999 108.494110
455999 110.611546
456999 110.857715
457999 106.347003
458999 111.964357
459999 107.287257
460999 99.815465
461999 106.371852
462999 107.233119
463999 118.734473
464999 113.119460
465999 112.408998
466999 109.009273
467999 114.320885
468999 112.097647
469999 109.581952
470999 111.421263
471999 107.553264
472999 110.265107
473999 106.929572
474999 111.476649
475999 116.313787
476999 107.835354
477999 116.318885
478999 116.915076
479999 110.299558
480999 114.641966
481999 115.167421
482999 113.224392
483999 117.072735
484999 112.951121
485999 117.089610
486999 117.394402
487999 121.704536
488999 118.114355
489999 116.395147
490999 117.501335
491999 118.313255
492999 116.499409
493999 119.502918
494999 119.105638
495999 119.586715
496999 114.366051
497999 118.678700
498999 113.785738
499999 118.609653
500999 114.822143
501999 115.434826
502999 119.005821
503999 115.822988
504999 117.774041
505999 118.623162
506999 117.780959
507999 118.513077
508999 123.261906
509999 118.924077
510999 116.116383
511999 121.741016
512999 114.505012
513999 116.002039
514999 108.991024
515999 115.426481
516999 117.295287
517999 114.726418
518999 119.731511
519999 110.687283
520999 117.487178
521999 105.360866
522999 115.928844
523999 107.316868
524999 110.841081
525999 109.065024
526999 116.218555
527999 115.336735
528999 116.473161
529999 114.133669
530999 112.921453
531999 114.378187
532999 113.435167
533999 83.369489
534999 113.020510
535999 106.658385
536999 109.864941
537999 110.114587
538999 112.588019
539999 107.695760
540999 107.197718
541999 114.630500
542999 106.537506
543999 116.366622
544999 113.699833
545999 118.811611
546999 118.703022
547999 117.884189
548999 115.517293
549999 116.862160
550999 116.338666
551999 109.525966
552999 114.077684
553999 116.295297
554999 121.906718
555999 107.144656
556999 113.131472
557999 117.739500
558999 112.873674
559999 116.435776
560999 114.496861
561999 119.349582
562999 116.119781
563999 114.396745
564999 117.952482
565999 114.395626
566999 112.536015
567999 115.671146
568999 115.521156
569999 111.027961
570999 111.509680
571999 112.169221
572999 115.178714
573999 107.322756
574999 113.632844
575999 111.154113
576999 118.439094
577999 115.441031
578999 109.009231
579999 114.982770
580999 117.390788
581999 103.727932
582999 120.339081
583999 116.929101
584999 114.071606
585999 117.272227
586999 116.454853
587999 116.088695
588999 112.237454
589999 111.650915
590999 108.334658
591999 109.520513
592999 111.492660
593999 113.173767
594999 110.627226
595999 114.562228
596999 104.878584
597999 99.910411
598999 91.319641
599999 112.895395
600999 107.825527
601999 112.856741
602999 110.696266
603999 106.759502
604999 114.703624
605999 107.840782
606999 106.933475
607999 109.206547
608999 109.369456
609999 107.216651
610999 111.639723
611999 115.557957
612999 111.458049
613999 114.618625
614999 112.759645
615999 101.761389
616999 110.581777
617999 114.436433
618999 108.325435
619999 99.096683
620999 111.941318
621999 113.526058
622999 111.947417
623999 110.755392
624999 111.241907
625999 114.635916
626999 108.367157
627999 111.621734
628999 108.484039
629999 116.756752
630999 112.411305
631999 113.880340
632999 110.359040
633999 110.958544
634999 108.613844
635999 116.188496
636999 111.920056
637999 116.438237
638999 111.680606
639999 119.848645
640999 116.036617
641999 115.881016
642999 118.501277
643999 118.448311
644999 115.286541
645999 115.984860
646999 115.215344
647999 119.776493
648999 116.076917
649999 115.973462
650999 109.412192
651999 112.759939
652999 116.751366
653999 119.020850
654999 110.829559
655999 109.987683
656999 116.208641
657999 117.497998
658999 112.925658
659999 117.412575
660999 116.557715
661999 112.745402
662999 113.167357
663999 115.114930
664999 114.981366
665999 113.299101
666999 119.179140
667999 113.484600
668999 112.671431
669999 120.650455
670999 119.272494
671999 117.720756
672999 114.842187
673999 118.123108
674999 112.445125
675999 112.219418
676999 110.478930
677999 117.744945
678999 117.165215
679999 123.390035
680999 114.443932
681999 115.732545
682999 119.811466
683999 114.719949
684999 111.775225
685999 117.885724
686999 114.017460
687999 113.151348
688999 109.434137
689999 111.094713
690999 112.619790
691999 111.198399
692999 111.638012
693999 120.247826
694999 114.893157
695999 115.206732
696999 119.055107
697999 118.818437
698999 114.249794
699999 115.670287
700999 115.497287
701999 114.073054
702999 116.262970
703999 113.188499
704999 117.355750
705999 116.052530
706999 119.340896
707999 116.932369
708999 112.818174
709999 118.835448
710999 118.942752
711999 116.256878
712999 116.351472
713999 118.067382
714999 114.413070
715999 115.766869
716999 114.581514
717999 118.889336
718999 113.828862
719999 119.168598
720999 119.847046
721999 120.485756
722999 122.857521
723999 118.447991
724999 115.975700
725999 118.365250
726999 116.971779
727999 119.545286
728999 117.269269
729999 121.001875
730999 119.229258
731999 114.628686
732999 119.874777
733999 119.297011
734999 116.401678
735999 120.859414
736999 119.385695
737999 121.378820
738999 118.630837
739999 119.950641
740999 118.844194
741999 109.712792
742999 117.415099
743999 117.257940
744999 106.184358
745999 108.455521
746999 110.434754
747999 113.819188
748999 111.900744
749999 114.889769
750999 113.930602
751999 114.813638
752999 114.114345
753999 116.756062
754999 113.795941
755999 113.211063
756999 111.375427
757999 115.728572
758999 114.830258
759999 109.252958
760999 104.917685
761999 109.843286
762999 113.357296
763999 108.304727
764999 109.116118
765999 109.593327
766999 115.577281
767999 110.188470
768999 113.446433
769999 110.029249
770999 110.928544
771999 113.993623
772999 108.418289
773999 111.327653
774999 115.240839
775999 106.147911
776999 114.748502
777999 114.735051
778999 113.940444
779999 113.657574
780999 114.842215
781999 109.889504
782999 109.982446
783999 117.149214
784999 119.994296
785999 107.297290
786999 115.757147
787999 115.718728
788999 114.611867
789999 109.983486
790999 113.730827
791999 119.366782
792999 115.741015
793999 118.356627
794999 116.032421
795999 114.443931
796999 114.152737
797999 109.991571
798999 116.147731
799999 114.930918
800999 116.577215
801999 112.705799
802999 114.880428
803999 115.053810
804999 111.423318
805999 119.020726
806999 113.707350
807999 118.011582
808999 117.934236
809999 114.646481
810999 120.013024
811999 110.302543
812999 111.616929
813999 117.018507
814999 117.808136
815999 110.515085
816999 113.358047
817999 115.184298
818999 110.897767
819999 115.000796
820999 117.196612
821999 117.098702
822999 115.109770
823999 116.953376
824999 114.359358
825999 114.795287
826999 116.189948
827999 111.152447
828999 117.568636
829999 115.065333
830999 117.122155
831999 113.791480
832999 115.009061
833999 118.307777
834999 120.246444
835999 117.504605
836999 122.526074
837999 121.359361
838999 119.611009
839999 125.033009
840999 122.961563
841999 121.783831
842999 122.683578
843999 123.318752
844999 120.733979
845999 124.270156
846999 116.743205
847999 122.263044
848999 121.746562
849999 120.034642
850999 118.691981
851999 121.666854
852999 121.021486
853999 118.897144
854999 120.167713
855999 117.411782
856999 120.438390
857999 115.605037
858999 118.576733
859999 122.718299
860999 121.433695
861999 120.788260
862999 124.338522
863999 118.006542
864999 122.445245
865999 105.451715
866999 115.493360
867999 116.321022
868999 117.697870
869999 112.032356
870999 120.471505
871999 117.544650
872999 118.007399
873999 115.987285
874999 112.643974
875999 115.963240
876999 121.167395
877999 120.375459
878999 118.182311
879999 116.922082
880999 113.456990
881999 120.147898
882999 120.461223
883999 116.459662
884999 119.895342
885999 120.546367
886999 116.355553
887999 120.130333
888999 123.588526
889999 117.347747
890999 117.219826
891999 118.420778
892999 118.945704
893999 116.918514
894999 118.043688
895999 111.606116
896999 119.079744
897999 113.053495
898999 117.949265
899999 114.516167
900999 109.377326
901999 118.474453
902999 116.700507
903999 115.905445
904999 117.750263
905999 112.945744
906999 119.674453
907999 118.928049
908999 118.907432
909999 122.665903
910999 122.297348
911999 118.708486
912999 116.162366
913999 121.672235
914999 118.438478
915999 122.096802
916999 116.099224
917999 120.533104
918999 113.952065
919999 115.386855
920999 113.034735
921999 114.491056
922999 116.571667
923999 116.129323
924999 116.784055
925999 116.792816
926999 116.011862
927999 119.353666
928999 119.051499
929999 122.425063
930999 118.064558
931999 120.436889
932999 118.897322
933999 122.337121
934999 119.482331
935999 116.977028
936999 124.434958
937999 120.259785
938999 121.250430
939999 120.233217
940999 121.125523
941999 120.950978
942999 122.677506
943999 125.943410
944999 125.625418
945999 123.605488
946999 129.446210
947999 124.981004
948999 125.645853
949999 125.270359
950999 126.552843
951999 124.925937
952999 123.994596
953999 121.409208
954999 124.643419
955999 129.763717
956999 125.635060
957999 126.658839
958999 124.283438
959999 125.825260
960999 125.998603
961999 126.137753
962999 126.352628
963999 127.484753
964999 122.414164
965999 124.139286
966999 121.954284
967999 126.265132
968999 123.391467
969999 125.888725
970999 117.526578
971999 114.363287
972999 124.260598
973999 122.465487
974999 116.235610
975999 120.446247
976999 116.765352
977999 124.291574
978999 124.183493
979999 114.969431
980999 117.563189
981999 119.707002
982999 120.665038
983999 125.323768
984999 118.125762
985999 125.836378
986999 115.920868
987999 122.004209
988999 126.572839
989999 124.820847
990999 117.643120
991999 122.429623
992999 126.070337
993999 125.128571
994999 119.108298
995999 123.712567
996999 126.101851
997999 122.353328
998999 121.077286
999999 120.736286
1000999 114.746523
1001999 114.246218
1002999 124.134099
1003999 125.706509
1004999 124.091459
1005999 125.542578
1006999 124.481250
1007999 121.961752
1008999 122.626504
1009999 115.847178
1010999 120.811383
1011999 121.013993
1012999 120.776291
1013999 120.692613
1014999 124.030686
1015999 122.549416
1016999 123.604787
1017999 124.921291
1018999 121.233668
1019999 120.610986
1020999 120.251315
1021999 115.491862
1022999 119.947110
1023999 125.710020
1024999 122.984244
1025999 120.233867
1026999 116.688873
1027999 119.297846
1028999 124.304327
1029999 115.828361
1030999 120.469065
1031999 121.437818
1032999 123.796951
1033999 117.725359
1034999 113.325233
1035999 119.539010
1036999 119.640134
1037999 120.767636
1038999 121.738658
1039999 118.623815
1040999 123.462405
1041999 123.729934
1042999 122.250617
1043999 121.806958
1044999 119.587871
1045999 120.043658
1046999 123.483187
1047999 115.924637
1048999 119.998762
1049999 116.686889
1050999 110.251837
1051999 112.532559
1052999 112.422595
1053999 114.379050
1054999 110.182452
1055999 110.416510
1056999 110.378392
1057999 106.844844
1058999 108.772647
1059999 116.133951
1060999 113.922140
1061999 114.543884
1062999 115.098203
1063999 114.776100
1064999 106.768851
1065999 108.542233
1066999 115.080849
1067999 109.569306
1068999 117.787772
1069999 116.310109
1070999 112.375083
1071999 110.703853
1072999 115.891282
1073999 108.662523
1074999 105.667836
1075999 104.975568
1076999 20.227892
1077999 99.504799
1078999 10.246548
1079999 76.694830
1080999 17.555285
1081999 25.140540
1082999 64.231174
1083999 89.752177
1084999 105.626366
1085999 78.416099
1086999 19.745104
1087999 21.381622
1088999 83.250494
1089999 19.458974
1090999 11.559664
1091999 16.560949
1092999 95.548994
1093999 100.415433
1094999 105.065233
1095999 107.080239
1096999 101.580482
1097999 102.942909
1098999 98.891118
1099999 97.270573
1100999 106.150670
1101999 101.680102
1102999 91.418493
1103999 101.110028
1104999 96.262290
1105999 97.759106
1106999 96.501817
1107999 104.662534
1108999 94.111682
1109999 91.332869
1110999 91.154764
1111999 94.557958
1112999 95.650070
1113999 93.463410
1114999 96.452522
1115999 94.811545
1116999 93.222226
1117999 109.115760
1118999 103.543005
1119999 105.736553
1120999 108.769138
1121999 106.884581
1122999 108.989019
1123999 108.045385
1124999 106.323172
1125999 101.451272
1126999 100.908781
1127999 107.086954
1128999 107.536487
1129999 109.152336
1130999 107.602682
1131999 110.548831
1132999 112.977062
1133999 102.418526
1134999 110.828178
1135999 114.547650
1136999 106.296964
1137999 111.201347
1138999 111.520436
1139999 112.088667
1140999 110.720674
1141999 107.559286
1142999 106.929711
1143999 108.875220
1144999 109.507008
1145999 110.745587
1146999 108.928593
1147999 111.564919
1148999 109.626201
1149999 113.398740
1150999 113.821693
1151999 115.597357
1152999 112.207451
1153999 114.288693
1154999 116.779251
1155999 112.790639
1156999 112.603862
1157999 112.593755
1158999 112.087604
1159999 117.393378
1160999 110.720902
1161999 109.827485
1162999 112.428711
1163999 116.767111
1164999 113.518983
1165999 119.371602
1166999 113.449022
1167999 119.030915
1168999 118.005324
1169999 115.372191
1170999 113.614898
1171999 114.840225
1172999 107.763297
1173999 108.195280
1174999 112.916988
1175999 111.959227
1176999 111.903508
1177999 108.688776
1178999 109.819214
1179999 114.424535
1180999 109.188213
1181999 113.322810
1182999 109.648410
1183999 120.031629
1184999 111.661409
1185999 119.480906
1186999 116.768816
1187999 116.833050
1188999 113.639100
1189999 121.242865
1190999 119.871671
1191999 120.395671
1192999 114.670988
1193999 116.773408
1194999 121.109131
1195999 119.716436
1196999 121.295567
1197999 113.515983
1198999 115.511021
1199999 111.854168
1200999 117.515565
1201999 113.270789
1202999 116.467221
1203999 119.248924
1204999 109.824106
1205999 116.212967
1206999 112.155974
1207999 112.797584
1208999 118.281677
1209999 115.439443
1210999 114.818439
1211999 113.370254
1212999 116.114832
1213999 113.944118
1214999 114.351450
1215999 116.215399
1216999 109.621627
1217999 117.515050
1218999 115.377669
1219999 114.988821
1220999 120.219395
1221999 110.598374
1222999 117.164554
1223999 116.142797
1224999 112.348672
1225999 110.798128
1226999 99.504785
1227999 111.309542
1228999 112.321431
1229999 108.883955
1230999 111.806879
1231999 114.918999
1232999 109.822889
1233999 113.366788
1234999 115.353505
1235999 109.159656
1236999 115.771645
1237999 109.985143
1238999 112.058864
1239999 110.188475
1240999 112.609498
1241999 113.819224
1242999 112.635168
1243999 112.580374
1244999 107.737653
1245999 109.082128
1246999 111.264167
1247999 108.920187
1248999 110.502269
1249999 110.157738
1250999 111.614485
1251999 113.470827
1252999 111.314122
1253999 112.759130
1254999 106.156664
1255999 109.579997
1256999 108.476836
1257999 105.475879
1258999 109.122828
1259999 109.569849
1260999 114.502449
1261999 108.846183
1262999 112.104490
1263999 108.805268
1264999 109.187295
1265999 109.964198
1266999 108.512677
1267999 108.849922
1268999 110.707853
1269999 108.149358
1270999 109.754674
1271999 104.208539
1272999 109.835394
1273999 107.891109
1274999 107.364690
1275999 107.208983
1276999 103.171975
1277999 102.698348
1278999 101.141955
1279999 102.502280
1280999 104.356022
1281999 102.663320
1282999 102.011684
1283999 105.469325
1284999 105.936583
1285999 104.468896
1286999 107.134647
1287999 104.696227
1288999 104.874290
1289999 100.201930
1290999 97.296015
1291999 98.582779
1292999 108.921894
1293999 100.060458
1294999 104.455207
1295999 110.274630
1296999 106.264132
1297999 106.206049
1298999 106.596906
1299999 110.613546
1300999 106.696497
1301999 105.711355
1302999 104.707686
1303999 106.133401
1304999 110.431842
1305999 109.065684
1306999 111.686357
1307999 111.345886
1308999 110.531423
1309999 110.211138
1310999 112.602291
1311999 111.581747
1312999 114.455519
1313999 107.578379
1314999 114.732212
1315999 116.630338
1316999 112.242364
1317999 113.878069
1318999 110.832424
1319999 116.848345
1320999 112.775419
1321999 107.077724
1322999 113.025637
1323999 113.058650
1324999 114.398602
1325999 112.775289
1326999 111.042077
1327999 112.817793
1328999 114.649529
1329999 114.213501
1330999 114.307673
1331999 112.072475
1332999 112.850936
1333999 117.835167
1334999 116.634057
1335999 110.853489
1336999 111.571702
1337999 113.111634
1338999 117.506481
1339999 111.134657
1340999 114.148803
1341999 118.602234
1342999 118.298694
1343999 118.875659
1344999 118.650733
1345999 114.408742
1346999 120.545733
1347999 115.883473
1348999 116.482721
1349999 116.639363
1350999 117.049165
1351999 114.902310
1352999 117.957449
1353999 116.471235
1354999 118.441541
1355999 115.659795
1356999 116.657090
1357999 114.270885
1358999 112.256836
1359999 117.984865
1360999 115.852590
1361999 114.316170
1362999 117.320033
1363999 112.120270
1364999 111.613141
1365999 112.813581
1366999 118.306340
1367999 115.449774
1368999 113.612866
1369999 118.350269
1370999 115.085827
1371999 114.188269
1372999 119.158364
1373999 113.903167
1374999 112.849353
1375999 110.896025
1376999 120.649158
1377999 116.214332
1378999 121.349500
1379999 119.501954
1380999 120.054267
1381999 116.127384
1382999 117.231631
1383999 117.687595
1384999 112.812298
1385999 114.405580
1386999 113.999687
1387999 111.612336
1388999 115.498828
1389999 117.296771
1390999 119.981068
1391999 115.567482
1392999 116.149530
1393999 119.639715
1394999 117.528140
1395999 114.860762
1396999 116.257294
1397999 119.723722
1398999 114.248914
1399999 115.601511
1400999 117.573331
1401999 110.043429
1402999 119.331321
1403999 115.370333
1404999 116.716710
1405999 115.728081
1406999 112.772898
1407999 117.442311
1408999 117.892474
1409999 115.373682
1410999 117.783088
1411999 111.849815
1412999 115.318694
1413999 113.598643
1414999 117.126527
1415999 112.536182
1416999 114.654299
1417999 115.543100
1418999 118.699529
1419999 122.218967
1420999 120.690274
1421999 119.851198
1422999 117.960363
1423999 114.187870
1424999 116.550929
1425999 114.223230
1426999 117.645516
1427999 115.399545
1428999 117.548260
1429999 111.041546
1430999 116.220529
1431999 119.076407
1432999 116.074464
1433999 117.206649
1434999 112.931135
1435999 111.938822
1436999 111.095057
1437999 119.181159
1438999 116.464931
1439999 116.483247
1440999 115.242820
1441999 118.628265
1442999 115.656152
1443999 117.479986
1444999 116.757701
1445999 114.955610
1446999 114.478830
1447999 114.097132
1448999 118.668071
1449999 117.663818
1450999 113.671482
1451999 113.064885
1452999 113.239743
1453999 117.684220
1454999 117.559620
1455999 117.141419
1456999 115.932309
1457999 116.044300
1458999 115.015620
1459999 116.045740
1460999 118.661213
1461999 119.433702
1462999 119.301396
1463999 120.583183
1464999 119.205278
1465999 116.016649
1466999 117.291350
1467999 113.466381
1468999 113.593174
1469999 115.528279
1470999 118.503836
1471999 118.359206
1472999 118.102993
1473999 116.236373
1474999 115.097913
1475999 111.338806
1476999 113.072213
1477999 115.826127
1478999 112.209126
1479999 111.038996
1480999 110.199280
1481999 113.663319
1482999 113.393667
1483999 109.397557
1484999 111.529334
1485999 111.124528
1486999 112.449582
1487999 113.049310
1488999 117.474255
1489999 114.724673
1490999 114.615731
1491999 109.806446
1492999 116.535269
1493999 111.882153
1494999 107.807878
1495999 110.392340
1496999 112.685017
1497999 111.403243
1498999 109.668966
1499999 117.480194
1500999 118.334622
1501999 111.001585
1502999 114.858094
1503999 115.368675
1504999 114.627460
1505999 108.452171
1506999 110.906598
1507999 113.900974
1508999 107.457098
1509999 113.495960
1510999 115.682568
1511999 112.163147
1512999 111.476586
1513999 111.393502
1514999 108.804502
1515999 113.392785
1516999 117.643942
1517999 110.058976
1518999 109.119260
1519999 112.670312
1520999 109.846191
1521999 111.600505
1522999 114.579927
1523999 111.885193
1524999 113.552781
1525999 109.714620
1526999 112.356184
1527999 113.974385
1528999 114.747528
1529999 117.250471
1530999 116.677454
1531999 118.866702
1532999 115.982863
1533999 114.263565
1534999 115.856621
1535999 114.232262
1536999 113.567368
1537999 114.153535
1538999 116.552297
1539999 114.657824
1540999 116.304201
1541999 109.960839
1542999 113.008543
1543999 113.101448
1544999 109.539783
1545999 112.090177
1546999 110.160188
1547999 109.017640
1548999 110.833030
1549999 108.220633
1550999 112.104285
1551999 108.994484
1552999 108.058742
1553999 110.030759
1554999 112.035704
1555999 115.062649
1556999 110.726560
1557999 112.421908
1558999 113.219522
1559999 113.210604
1560999 114.184750
1561999 119.010407
1562999 117.232518
1563999 116.312166
1564999 116.860339
1565999 116.040933
1566999 113.946813
1567999 119.472016
1568999 114.745115
1569999 114.326046
1570999 117.264145
1571999 115.258964
1572999 114.962550
1573999 116.692457
1574999 119.095502
1575999 121.214809
1576999 117.871947
1577999 116.090833
1578999 118.922833
1579999 121.264502
1580999 116.769774
1581999 116.086777
1582999 114.604662
1583999 118.249001
1584999 115.814542
1585999 114.922891
1586999 118.888361
1587999 114.143933
1588999 115.160160
1589999 119.165912
1590999 116.791129
1591999 116.160815
1592999 118.800941
1593999 115.038322
1594999 119.575504
1595999 117.196779
1596999 118.744577
1597999 113.643769
1598999 120.309780
1599999 121.479918
1600999 121.208985
1601999 117.079654
1602999 116.832106
1603999 115.425526
1604999 110.773448
1605999 117.311266
1606999 116.302843
1607999 117.552601
1608999 115.979774
1609999 113.741639
1610999 117.523315
1611999 115.152044
1612999 121.523837
1613999 120.646278
1614999 118.490630
1615999 113.113059
1616999 116.615502
1617999 118.631392
1618999 121.007672
1619999 117.251640
1620999 117.441160
1621999 118.425563
1622999 124.483708
1623999 122.983563
1624999 122.519261
1625999 122.131575
1626999 119.645145
1627999 117.272500
1628999 121.420155
1629999 122.037283
1630999 118.565882
1631999 122.227131
1632999 117.630319
1633999 112.933878
1634999 119.810487
1635999 112.085140
1636999 115.151751
1637999 115.106779
1638999 123.547932
1639999 121.938091
1640999 117.839488
1641999 123.130449
1642999 118.760105
1643999 119.123968
1644999 121.587662
1645999 113.855617
1646999 115.841832
1647999 123.886895
1648999 113.442899
1649999 120.544382
1650999 118.007430
1651999 125.478900
1652999 119.565335
1653999 119.721614
1654999 120.844142
1655999 119.280377
1656999 121.231572
1657999 122.689217
1658999 120.321702
1659999 118.539576
1660999 122.929209
1661999 122.664805
1662999 118.341466
1663999 117.646404
1664999 118.329964
1665999 121.116768
1666999 122.256845
1667999 120.539964
1668999 122.656636
1669999 122.022690
1670999 118.872945
1671999 124.679794
1672999 122.657103
1673999 125.806308
1674999 117.389323
1675999 122.413574
1676999 121.244069
1677999 124.707756
1678999 118.525441
1679999 119.782239
1680999 121.897505
1681999 120.456688
1682999 125.677574
1683999 123.569010
1684999 118.097288
1685999 121.358813
1686999 120.923255
1687999 120.796659
1688999 119.881520
1689999 124.420702
1690999 123.068787
1691999 123.146472
1692999 119.183156
1693999 114.095962
1694999 119.836891
1695999 118.760387
1696999 120.393341
1697999 115.266819
1698999 118.322521
1699999 116.226463
1700999 117.695109
1701999 113.245789
1702999 119.730132
1703999 117.898519
1704999 118.582807
1705999 122.421737
1706999 121.217436
1707999 118.364452
1708999 120.822656
1709999 117.878809
1710999 119.741610
1711999 114.398550
1712999 117.055931
1713999 118.034651
1714999 111.490149
1715999 118.177227
1716999 116.294944
1717999 117.941572
1718999 115.241069
1719999 112.669813
1720999 115.355792
1721999 113.624142
1722999 110.578461
1723999 100.135017
1724999 100.509031
1725999 109.793505
1726999 105.569395
1727999 110.479201
1728999 109.950233
1729999 108.623268
1730999 113.277819
1731999 109.315514
1732999 108.462695
1733999 107.842628
1734999 107.828620
1735999 112.279162
1736999 109.946164
1737999 110.955154
1738999 110.179201
1739999 113.558842
1740999 109.516373
1741999 108.170047
1742999 109.161132
1743999 114.152759
1744999 112.676394
1745999 111.891405
1746999 108.926532
1747999 113.928772
1748999 111.596148
1749999 113.214942
1750999 112.002046
1751999 113.681877
1752999 109.487865
1753999 106.946379
1754999 113.884908
1755999 114.206473
1756999 117.589400
1757999 115.748085
1758999 114.164117
1759999 116.659224
1760999 117.689671
1761999 111.715472
1762999 112.331023
1763999 115.757349
1764999 114.379474
1765999 111.890390
1766999 110.608245
1767999 108.226025
1768999 111.095920
1769999 113.422799
1770999 113.835985
1771999 118.118061
1772999 114.022920
1773999 115.626204
1774999 119.193861
1775999 117.826161
1776999 119.409825
1777999 120.138506
1778999 117.468318
1779999 117.103224
1780999 116.763378
1781999 121.761157
1782999 119.545919
1783999 115.321859
1784999 117.845322
1785999 118.412430
1786999 119.763848
1787999 122.042410
1788999 125.276746
1789999 117.394880
1790999 122.474429
1791999 122.281158
1792999 113.719576
1793999 119.087397
1794999 115.358822
1795999 121.014005
1796999 122.454057
1797999 114.529923
1798999 120.365345
1799999 124.024782
1800999 121.130590
1801999 120.651034
1802999 117.938614
1803999 121.737476
1804999 122.546633
1805999 120.908027
1806999 120.409409
1807999 110.810977
1808999 118.532863
1809999 122.225604
1810999 118.825539
1811999 117.041156
1812999 116.946278
1813999 120.497054
1814999 120.243149
1815999 126.357452
1816999 120.476538
1817999 118.668728
1818999 123.182613
1819999 122.235362
1820999 120.706055
1821999 122.382198
1822999 121.869440
1823999 120.689338
1824999 122.026363
1825999 118.015352
1826999 122.296680
1827999 124.007812
1828999 122.135284
1829999 125.571916
1830999 128.485900
1831999 122.974227
1832999 121.359387
1833999 120.174019
1834999 124.849282
1835999 119.055724
1836999 118.851861
1837999 120.612272
1838999 123.443558
1839999 123.693481
1840999 120.353772
1841999 118.247681
1842999 117.880405
1843999 120.056884
1844999 117.588573
1845999 125.586552
1846999 122.494846
1847999 119.113541
1848999 117.977955
1849999 126.272244
1850999 121.561918
1851999 120.371416
1852999 122.237737
1853999 121.682593
1854999 122.555596
1855999 116.486572
1856999 119.064518
1857999 116.837972
1858999 119.610169
1859999 121.925886
1860999 122.259936
1861999 118.869586
1862999 118.697713
1863999 113.211754
1864999 121.108111
1865999 119.546633
1866999 124.667614
1867999 120.506653
1868999 117.390472
1869999 117.723539
1870999 115.823544
1871999 121.831729
1872999 116.451984
1873999 117.393308
1874999 117.244137
1875999 120.183783
1876999 120.830253
1877999 115.407795
1878999 118.487995
1879999 117.023534
1880999 119.454447
1881999 119.745418
1882999 123.269074
1883999 115.336002
1884999 118.077247
1885999 120.975160
1886999 118.942333
1887999 118.836583
1888999 122.137884
1889999 122.162943
1890999 120.100658
1891999 115.816643
1892999 122.970309
1893999 120.551722
1894999 121.379841
1895999 121.410640
1896999 119.017294
1897999 118.294423
1898999 118.761036
1899999 119.710367
1900999 122.386661
1901999 118.289164
1902999 116.784677
1903999 117.806085
1904999 116.867227
1905999 121.455547
1906999 116.918150
1907999 115.141218
1908999 120.483444
1909999 119.885922
1910999 119.655060
1911999 120.448899
1912999 115.628623
1913999 119.557324
1914999 116.921924
1915999 111.489661
1916999 112.172455
1917999 121.087037
1918999 116.522043
1919999 115.574364
1920999 118.916233
1921999 117.770077
1922999 119.991082
1923999 116.242349
1924999 116.129643
1925999 115.292954
1926999 118.100426
1927999 113.659236
1928999 121.178132
1929999 121.119423
1930999 116.976128
1931999 119.577496
1932999 121.410608
1933999 118.610921
1934999 121.274155
1935999 118.934753
1936999 121.515141
1937999 120.170836
1938999 118.746047
1939999 120.124723
1940999 115.903277
1941999 120.041355
1942999 121.582779
1943999 115.291139
1944999 115.767843
1945999 111.846118
1946999 113.148992
1947999 116.730996
1948999 116.513081
1949999 115.362859
1950999 116.815319
1951999 120.647279
1952999 114.464226
1953999 111.267591
1954999 114.242420
1955999 114.446495
1956999 115.280965
1957999 112.416505
1958999 108.741530
1959999 116.968937
1960999 107.349432
1961999 112.631076
1962999 115.709128
1963999 114.459834
1964999 111.687077
1965999 111.149944
1966999 114.194398
1967999 113.332438
1968999 114.079733
1969999 114.155096
1970999 111.499747
1971999 116.484621
1972999 113.247242
1973999 112.303863
1974999 115.522294
1975999 115.107122
1976999 115.736849
1977999 106.763945
1978999 116.930511
1979999 117.079692
1980999 114.660323
1981999 120.187888
1982999 114.039349
1983999 116.370622
1984999 116.214778
1985999 116.740122
1986999 116.458253
1987999 120.479013
1988999 115.938454
1989999 118.232528
1990999 120.576358
1991999 119.460964
1992999 117.079599
1993999 119.479012
1994999 119.995747
1995999 121.749344
1996999 113.511994
1997999 116.338227
1998999 118.436417
1999999 115.586384
