999 14.122426
1999 -3.875114
2999 28.046590
3999 -4.074665
4999 25.860240
5999 42.349504
6999 9.279558
7999 25.567811
8999 13.884535
9999 23.649585
10999 16.593339
11999 21.496975
12999 23.706835
13999 25.445492
14999 25.090414
15999 24.164100
16999 24.186698
17999 23.774218
18999 26.969432
19999 26.658077
20999 24.213565
21999 24.753661
22999 28.070689
23999 23.800576
24999 23.345177
25999 30.531654
26999 29.199672
27999 32.359044
28999 27.527050
29999 30.380463
30999 35.329374
31999 33.291333
32999 32.753912
33999 32.675233
34999 38.762057
35999 39.142492
36999 37.732030
37999 34.992984
38999 40.691917
39999 37.900724
40999 33.208282
41999 39.524396
42999 35.768858
43999 37.609240
44999 39.145747
45999 34.000106
46999 37.341757
47999 38.121977
48999 39.228417
49999 34.204573
50999 36.796700
51999 41.574309
52999 38.837063
53999 37.940529
54999 36.975294
55999 38.833576
56999 42.932949
57999 44.835150
58999 38.897617
59999 37.161376
60999 39.071203
61999 36.678812
62999 34.676021
63999 33.880662
64999 36.916074
65999 42.494629
66999 34.259396
67999 35.047531
68999 36.827881
69999 38.291950
70999 41.046947
71999 38.089572
72999 38.312607
73999 41.582451
74999 44.120735
75999 36.347860
76999 37.935163
77999 36.771746
78999 41.426584
79999 29.944224
80999 41.743820
81999 41.508002
82999 43.019549
83999 43.714128
84999 38.549377
85999 39.116112
86999 37.382909
87999 39.618832
88999 37.832328
89999 41.720070
90999 40.737256
91999 41.033316
92999 37.578731
93999 38.148123
94999 39.387620
95999 37.960516
96999 40.669422
97999 39.201403
98999 40.068484
99999 40.665159
100999 34.573343
101999 35.916227
102999 37.890900
103999 36.900744
104999 40.277849
105999 38.896124
106999 40.162875
107999 41.964826
108999 40.550064
109999 42.666517
110999 39.966068
111999 44.650987
112999 39.187902
113999 39.273001
114999 45.039072
115999 42.235597
116999 40.464067
117999 43.237774
118999 45.241959
119999 44.147156
120999 44.832664
121999 46.034437
122999 44.540669
123999 44.417294
124999 42.980091
125999 48.662367
126999 48.483444
127999 51.674659
128999 51.015326
129999 51.265314
130999 41.898835
131999 52.244310
132999 47.995208
133999 50.367752
134999 48.677228
135999 50.858287
136999 51.260876
137999 53.535628
138999 48.545094
139999 62.640774
140999 56.946171
141999 55.891978
142999 51.977346
143999 55.156580
144999 52.622919
145999 53.884339
146999 56.333792
147999 58.065142
148999 54.028228
149999 56.545153
150999 56.401485
151999 57.507873
152999 49.447719
153999 47.150625
154999 51.661834
155999 53.233091
156999 55.142696
157999 57.063970
158999 54.370122
159999 50.181599
160999 57.426058
161999 55.949032
162999 49.829557
163999 56.381611
164999 56.496457
165999 56.732501
166999 58.419274
167999 55.775248
168999 57.998869
169999 57.658294
170999 51.464807
171999 54.763226
172999 55.418444
173999 54.339966
174999 54.815182
175999 56.782065
176999 53.921334
177999 55.911049
178999 59.502209
179999 54.296111
180999 60.584974
181999 59.675309
182999 56.475735
183999 59.639184
184999 55.983819
185999 59.264954
186999 66.776484
187999 64.101136
188999 59.859396
189999 64.073092
190999 64.941381
191999 65.727020
192999 66.684906
193999 63.623816
194999 66.546290
195999 64.862231
196999 68.383704
197999 60.658010
198999 61.541540
199999 61.188021
200999 66.406303
201999 66.531471
202999 63.823804
203999 66.071345
204999 66.084065
205999 69.712641
206999 69.252679
207999 66.692141
208999 68.363653
209999 69.122267
210999 70.466656
211999 68.258205
212999 67.091674
213999 73.412902
214999 69.826690
215999 69.555800
216999 71.559303
217999 71.042322
218999 73.829148
219999 69.725918
220999 60.232703
221999 70.378437
222999 73.290267
223999 70.090245
224999 70.479576
225999 69.470201
226999 65.705408
227999 69.636928
228999 72.999569
229999 70.525943
230999 74.419855
231999 74.258819
232999 70.918443
233999 76.139836
234999 73.116748
235999 67.611810
236999 61.489303
237999 73.937855
238999 77.596165
239999 69.321426
240999 74.113507
241999 68.831028
242999 69.405017
243999 75.282809
244999 76.066990
245999 71.301870
246999 73.373957
247999 75.371443
248999 69.088868
249999 69.075802
250999 76.398514
251999 75.332385
252999 74.077338
253999 73.277463
254999 73.836232
255999 76.968531
256999 74.162215
257999 77.137682
258999 78.572996
259999 74.965560
260999 78.667253
261999 69.274737
262999 77.732422
263999 76.409642
264999 78.366187
265999 78.367950
266999 79.809817
267999 75.473255
268999 80.338805
269999 77.157448
270999 80.478028
271999 81.854549
272999 79.653432
273999 79.908670
274999 80.491309
275999 83.820613
276999 78.014338
277999 79.415836
278999 68.187087
279999 81.686468
280999 80.797787
281999 76.175169
282999 79.322176
283999 83.751048
284999 83.555295
285999 79.202967
286999 75.544955
287999 80.292265
288999 82.845752
289999 79.664538
290999 81.052389
291999 85.555595
292999 86.875763
293999 88.004259
294999 84.661682
295999 87.627114
296999 84.379346
297999 84.349917
298999 68.968893
299999 87.793822
300999 86.444567
301999 76.994917
302999 69.073170
303999 86.102889
304999 82.593956
305999 78.150476
306999 79.983177
307999 83.315804
308999 82.031017
309999 73.652743
310999 77.151549
311999 82.853627
312999 85.942539
313999 77.968411
314999 81.826473
315999 88.219076
316999 84.642768
317999 86.700428
318999 88.956865
319999 91.457659
320999 86.376239
321999 88.546109
322999 87.415838
323999 90.513180
324999 84.091865
325999 89.162091
326999 86.599394
327999 89.371223
328999 89.766540
329999 85.392488
330999 91.686226
331999 87.055406
332999 91.895107
333999 93.344834
334999 89.980542
335999 87.292708
336999 91.844333
337999 95.813365
338999 91.988639
339999 93.143237
340999 93.753636
341999 90.722912
342999 91.026086
343999 88.095641
344999 85.840705
345999 92.128207
346999 87.025624
347999 89.729939
348999 90.922872
349999 88.475941
350999 91.688094
351999 89.432814
352999 91.241502
353999 94.781109
354999 88.495784
355999 92.543388
356999 95.314108
357999 85.962251
358999 88.029522
359999 88.797865
360999 89.800738
361999 95.823837
362999 94.714887
363999 91.066379
364999 95.802477
365999 97.296484
366999 94.064719
367999 100.104932
368999 99.586117
369999 93.667855
370999 95.240647
371999 93.491640
372999 93.607287
373999 97.506913
374999 97.274901
375999 96.796973
376999 93.785463
377999 95.041767
378999 94.001068
379999 98.569694
380999 98.109960
381999 100.121265
382999 99.593059
383999 100.075574
384999 98.710607
385999 103.573145
386999 100.380866
387999 104.808077
388999 92.406277
389999 103.155943
390999 95.417854
391999 98.466084
392999 97.341082
393999 96.861647
394999 103.418130
395999 103.042516
396999 102.255899
397999 95.005886
398999 91.211290
399999 103.465430
400999 105.149097
401999 99.418465
402999 98.357539
403999 103.459442
404999 102.069663
405999 96.666608
406999 104.222031
407999 111.525672
408999 109.003976
409999 108.421590
410999 109.865397
411999 106.143932
412999 103.270568
413999 103.028322
414999 106.296844
415999 110.418025
416999 102.811083
417999 105.905125
418999 105.770208
419999 99.983625
420999 103.469073
421999 103.417732
422999 105.147532
423999 104.784591
424999 104.827297
425999 103.242257
426999 103.353704
427999 98.945112
428999 100.986091
429999 99.842215
430999 98.281031
431999 99.293806
432999 95.221811
433999 97.574843
434999 102.683195
435999 103.916076
436999 105.497508
437999 102.527936
438999 105.002317
439999 102.911568
440999 97.295813
441999 102.505846
442999 104.852570
443999 104.396844
444999 99.641193
445999 106.760423
446999 108.257622
447999 112.603735
448999 112.517638
449999 105.685807
450999 109.506769
451999 109.276007
452999 110.326119
453999 115.055799
454999 112.422453
455999 111.840129
456999 107.717200
457999 110.250852
458999 110.952964
459999 111.303261
460999 113.221735
461999 102.593459
462999 101.040184
463999 99.251703
464999 105.838859
465999 109.872185
466999 105.408864
467999 107.330086
468999 104.808211
469999 108.810445
470999 110.943817
471999 115.418228
472999 103.046346
473999 104.717228
474999 112.519064
475999 109.255597
476999 109.949441
477999 110.923245
478999 105.744975
479999 105.559557
480999 110.698265
481999 110.611503
482999 112.250607
483999 107.941821
484999 110.914118
485999 110.399665
486999 112.365499
487999 115.494766
488999 116.943153
489999 115.182939
490999 116.858362
491999 115.206640
492999 109.243015
493999 111.358522
494999 113.065528
495999 113.659368
496999 113.227571
497999 112.813736
498999 112.287775
499999 113.480472
500999 111.391862
501999 113.876325
502999 119.648264
503999 117.111099
504999 111.369067
505999 111.356633
506999 112.854216
507999 105.966236
508999 106.655470
509999 113.094324
510999 108.439821
511999 112.715144
512999 109.500573
513999 97.664631
514999 106.472849
515999 116.255810
516999 115.523032
517999 115.335035
518999 112.321139
519999 110.038848
520999 113.579872
521999 112.268393
522999 120.073777
523999 113.661748
524999 122.203540
525999 116.969298
526999 120.642793
527999 122.945382
528999 113.094394
529999 114.156877
530999 114.163620
531999 111.434372
532999 115.191418
533999 107.903112
534999 114.353309
535999 120.488285
536999 115.193147
537999 120.156738
538999 119.862388
539999 112.807029
540999 122.523046
541999 120.685815
542999 119.830062
543999 120.043769
544999 117.216755
545999 114.281421
546999 116.121924
547999 114.174947
548999 116.088351
549999 112.372141
550999 112.998521
551999 112.829052
552999 115.372637
553999 117.477468
554999 113.051638
555999 112.074016
556999 111.325872
557999 114.876071
558999 113.144004
559999 109.067324
560999 114.808792
561999 112.562826
562999 115.042012
563999 109.733009
564999 115.872436
565999 109.016223
566999 112.329066
567999 110.908315
568999 120.640083
569999 114.433047
570999 114.282322
571999 110.804449
572999 120.058866
573999 120.329868
574999 119.471698
575999 120.462275
576999 120.516997
577999 113.663907
578999 113.014146
579999 121.546135
580999 120.172844
581999 122.136027
582999 118.179751
583999 110.658289
584999 119.012100
585999 122.143725
586999 117.592629
587999 115.844595
588999 120.325464
589999 121.007355
590999 118.643766
591999 117.223800
592999 120.355053
593999 118.391093
594999 118.310833
595999 121.679960
596999 112.090479
597999 123.247684
598999 123.755392
599999 120.220784
600999 118.381855
601999 117.473872
602999 114.456246
603999 123.280017
604999 120.580651
605999 113.238920
606999 120.283560
607999 117.261572
608999 124.034108
609999 122.056111
610999 123.613773
611999 124.047580
612999 119.784968
613999 115.968395
614999 121.647082
615999 124.567826
616999 122.011143
617999 118.590661
618999 121.981259
619999 121.764917
620999 121.172643
621999 121.842910
622999 118.963976
623999 120.041070
624999 116.265750
625999 113.401909
626999 113.957347
627999 117.452441
628999 122.223106
629999 108.604225
630999 115.101847
631999 123.254046
632999 121.993266
633999 120.955356
634999 119.055246
635999 115.290342
636999 117.990705
637999 119.004497
638999 114.229168
639999 118.807753
640999 122.368826
641999 116.867571
642999 116.011769
643999 121.176486
644999 117.833261
645999 115.529517
646999 122.504793
647999 119.893804
648999 115.097469
649999 110.055566
650999 112.722181
651999 120.247432
652999 115.997621
653999 117.182932
654999 115.250707
655999 114.794624
656999 111.856226
657999 114.103505
658999 109.345800
659999 115.365730
660999 111.071284
661999 118.085345
662999 110.142586
663999 115.094024
664999 112.110518
665999 114.603757
666999 115.761531
667999 112.318355
668999 112.926178
669999 107.359104
670999 109.289508
671999 111.282150
672999 110.589240
673999 109.200635
674999 112.526700
675999 112.421104
676999 114.905599
677999 110.922820
678999 115.879345
679999 110.937326
680999 110.887765
681999 108.796516
682999 112.546480
683999 110.538063
684999 101.959712
685999 114.751705
686999 116.676563
687999 112.522998
688999 118.084007
689999 118.403124
690999 121.432870
691999 119.863126
692999 116.145756
693999 116.026615
694999 113.447755
695999 116.816274
696999 117.524859
697999 113.471792
698999 106.634480
699999 120.534782
700999 115.903485
701999 113.863674
702999 114.422272
703999 112.355863
704999 106.923586
705999 106.467267
706999 112.607564
707999 118.015374
708999 114.209192
709999 119.143570
710999 120.633138
711999 110.309017
712999 103.647883
713999 110.852582
714999 115.869733
715999 113.184280
716999 114.309269
717999 116.250778
718999 112.022191
719999 114.380929
720999 114.157020
721999 106.726555
722999 110.343156
723999 105.719593
724999 107.119226
725999 102.155375
726999 101.932971
727999 108.425901
728999 106.148971
729999 109.387224
730999 107.555656
731999 110.195037
732999 108.089139
733999 110.353255
734999 112.752309
735999 110.172541
736999 111.851105
737999 110.922983
738999 97.700019
739999 111.447912
740999 114.354620
741999 116.134293
742999 109.704755
743999 112.949990
744999 110.612009
745999 114.566383
746999 110.700127
747999 114.619982
748999 101.364736
749999 108.892844
750999 100.372635
751999 113.840118
752999 107.260687
753999 109.489476
754999 109.895000
755999 109.468483
756999 114.312862
757999 111.985701
758999 120.019843
759999 118.641003
760999 114.188342
761999 117.678745
762999 112.634238
763999 120.599723
764999 114.827417
765999 118.854969
766999 115.200823
767999 112.418699
768999 115.535592
769999 110.977822
770999 113.707108
771999 105.129445
772999 113.490161
773999 113.212954
774999 116.156769
775999 115.514493
776999 112.495371
777999 112.911403
778999 116.556482
779999 110.821906
780999 111.878634
781999 113.685476
782999 117.035759
783999 113.288808
784999 112.983600
785999 110.145222
786999 115.685382
787999 118.220520
788999 112.388571
789999 117.265196
790999 113.530136
791999 114.300940
792999 113.959819
793999 113.233013
794999 115.835126
795999 115.688855
796999 116.295821
797999 111.384287
798999 116.237307
799999 114.953175
800999 112.875745
801999 118.232355
802999 116.110255
803999 114.361351
804999 116.636691
805999 106.254912
806999 117.831453
807999 112.420936
808999 112.342852
809999 117.034406
810999 117.419926
811999 115.064601
812999 119.529335
813999 120.564856
814999 121.246247
815999 117.882563
816999 119.888949
817999 118.785758
818999 116.472037
819999 116.335664
820999 116.403643
821999 115.565186
822999 118.717530
823999 116.385918
824999 107.947204
825999 114.381736
826999 116.270423
827999 103.215671
828999 120.108156
829999 114.090323
830999 115.776273
831999 112.413240
832999 113.603991
833999 115.193302
834999 115.007590
835999 111.602693
836999 113.304827
837999 113.426635
838999 109.349157
839999 111.417679
840999 114.790856
841999 114.927754
842999 116.917274
843999 116.522377
844999 119.771390
845999 113.466985
846999 119.080211
847999 114.959614
848999 113.959369
849999 107.218326
850999 110.834917
851999 116.087776
852999 105.546771
853999 110.658561
854999 110.662866
855999 111.569205
856999 109.366339
857999 113.751735
858999 114.864086
859999 113.552878
860999 115.521347
861999 115.995973
862999 110.474577
863999 114.865345
864999 113.233316
865999 114.168275
866999 112.365813
867999 114.993645
868999 114.735478
869999 111.560148
870999 113.259353
871999 114.974000
872999 113.328289
873999 116.369362
874999 118.009151
875999 108.328079
876999 114.956910
877999 112.339342
878999 114.483730
879999 114.147115
880999 111.020235
881999 112.959241
882999 115.021757
883999 114.063142
884999 111.949552
885999 115.769009
886999 107.367626
887999 115.171866
888999 115.216112
889999 115.959539
890999 117.991221
891999 112.478701
892999 113.522625
893999 114.345238
894999 108.766273
895999 113.338951
896999 118.449590
897999 119.365850
898999 111.589876
899999 111.385417
900999 110.742968
901999 120.268498
902999 114.462483
903999 114.765967
904999 107.457977
905999 113.388705
906999 116.541826
907999 116.522730
908999 104.667276
909999 111.315078
910999 110.816453
911999 108.758042
912999 116.133317
913999 108.152235
914999 119.524317
915999 117.045398
916999 108.096222
917999 106.953133
918999 114.421170
919999 109.112419
920999 118.106257
921999 112.964713
922999 112.531257
923999 118.590749
924999 116.060934
925999 117.404715
926999 118.214367
927999 120.031333
928999 119.034916
929999 116.369208
930999 119.468664
931999 117.871236
932999 117.244646
933999 117.540828
934999 113.046110
935999 117.901919
936999 117.765475
937999 114.714053
938999 115.156416
939999 115.348014
940999 114.991646
941999 113.781153
942999 108.454332
943999 113.743127
944999 114.254530
945999 112.662745
946999 116.001024
947999 116.406564
948999 111.162799
949999 118.015378
950999 114.881057
951999 114.898717
952999 111.044331
953999 112.490570
954999 115.576720
955999 113.310355
956999 110.633325
957999 114.081631
958999 115.580272
959999 108.609687
960999 119.864618
961999 116.719880
962999 116.198062
963999 107.568021
964999 114.151522
965999 120.486397
966999 116.949430
967999 118.979529
968999 119.383809
969999 123.659035
970999 124.891729
971999 113.617787
972999 116.319988
973999 120.414783
974999 112.813019
975999 116.431331
976999 121.261400
977999 116.716136
978999 114.998005
979999 116.845172
980999 109.676866
981999 111.771956
982999 121.198483
983999 108.825205
984999 121.201073
985999 116.277320
986999 115.194855
987999 115.393235
988999 119.322287
989999 120.216906
990999 119.120220
991999 118.464732
992999 117.648612
993999 116.057844
994999 117.759299
995999 118.432252
996999 116.555461
997999 115.273988
998999 120.583286
999999 119.116345
1000999 104.970597
1001999 112.099141
1002999 110.736558
1003999 109.265574
1004999 118.238134
1005999 113.197335
1006999 113.311609
1007999 111.660427
1008999 113.174484
1009999 110.793708
1010999 105.811476
1011999 109.368512
1012999 102.727393
1013999 113.804769
1014999 110.059047
1015999 110.772890
1016999 106.587252
1017999 109.149722
1018999 109.102090
1019999 110.185716
1020999 111.159018
1021999 100.775285
1022999 111.617453
1023999 111.722016
1024999 109.869073
1025999 110.561985
1026999 110.964169
1027999 107.076200
1028999 110.124155
1029999 105.514540
1030999 111.248678
1031999 108.073986
1032999 102.936595
1033999 108.660040
1034999 114.881542
1035999 112.061040
1036999 113.467004
1037999 112.916460
1038999 115.680460
1039999 113.437198
1040999 116.489192
1041999 116.569805
1042999 118.297832
1043999 114.060596
1044999 116.154510
1045999 115.887207
1046999 117.092819
1047999 122.202000
1048999 122.265063
1049999 121.375091
1050999 121.394379
1051999 117.401287
1052999 118.144862
1053999 119.432134
1054999 118.268679
1055999 118.889124
1056999 121.548924
1057999 120.070720
1058999 123.967388
1059999 122.240938
1060999 124.346190
1061999 118.865161
1062999 120.564338
1063999 124.284202
1064999 114.446601
1065999 125.718683
1066999 122.400943
1067999 122.012099
1068999 122.134288
1069999 114.236792
1070999 118.643900
1071999 113.646906
1072999 124.841372
1073999 121.642342
1074999 120.280041
1075999 115.699348
1076999 119.632968
1077999 121.694147
1078999 121.396738
1079999 120.830930
1080999 115.908955
1081999 109.305602
1082999 120.078924
1083999 119.115601
1084999 111.750319
1085999 112.624722
1086999 116.163393
1087999 122.017534
1088999 118.983386
1089999 117.536188
1090999 122.171082
1091999 115.523699
1092999 108.331112
1093999 117.782333
1094999 114.739039
1095999 109.518684
1096999 111.331379
1097999 114.190756
1098999 120.849614
1099999 113.749295
1100999 113.174083
1101999 116.756794
1102999 117.783324
1103999 118.052961
1104999 120.472327
1105999 116.713155
1106999 124.112723
1107999 125.728682
1108999 119.099714
1109999 118.573765
1110999 114.605610
1111999 109.268171
1112999 114.349455
1113999 114.933128
1114999 114.456282
1115999 113.212830
1116999 114.469685
1117999 116.987722
1118999 115.307570
1119999 113.448676
1120999 118.946048
1121999 122.118907
1122999 118.981133
1123999 115.695746
1124999 119.400992
1125999 121.881048
1126999 117.927277
1127999 115.554560
1128999 119.267207
1129999 115.387425
1130999 113.260429
1131999 115.681410
1132999 112.358068
1133999 121.183235
1134999 115.048570
1135999 113.229057
1136999 115.165369
1137999 117.596237
1138999 117.294660
1139999 117.293723
1140999 115.198479
1141999 116.091397
1142999 115.410618
1143999 116.356714
1144999 114.814750
1145999 113.248057
1146999 118.650481
1147999 117.822070
1148999 116.285394
1149999 116.170201
1150999 111.052786
1151999 108.353433
1152999 111.455521
1153999 115.594160
1154999 118.448476
1155999 120.086035
1156999 119.762530
1157999 120.175622
1158999 116.667529
1159999 119.414011
1160999 119.276135
1161999 117.916001
1162999 119.037027
1163999 121.385698
1164999 120.576764
1165999 119.749763
1166999 120.776606
1167999 112.690709
1168999 122.422282
1169999 122.337205
1170999 120.850926
1171999 113.941917
1172999 120.214804
1173999 109.507187
1174999 111.402248
1175999 125.186361
1176999 120.286803
1177999 118.646132
1178999 124.490454
1179999 121.105557
1180999 109.799908
1181999 120.488799
1182999 118.337482
1183999 115.511317
1184999 117.242827
1185999 119.135360
1186999 118.472462
1187999 118.664433
1188999 120.327633
1189999 117.581133
1190999 117.573122
1191999 118.244812
1192999 104.583712
1193999 107.369445
1194999 114.925520
1195999 110.298326
1196999 114.787406
1197999 114.203130
1198999 114.051014
1199999 114.690732
1200999 118.952463
1201999 108.340248
1202999 114.711691
1203999 111.874511
1204999 119.748512
1205999 121.617300
1206999 121.799826
1207999 119.215022
1208999 113.284757
1209999 119.354680
1210999 122.239117
1211999 120.113512
1212999 119.822869
1213999 118.504567
1214999 119.024937
1215999 119.916407
1216999 113.906284
1217999 113.337037
1218999 117.487129
1219999 112.126736
1220999 112.957003
1221999 111.454326
1222999 111.548192
1223999 118.177641
1224999 117.303865
1225999 108.455411
1226999 116.201697
1227999 116.968158
1228999 110.530749
1229999 116.955184
1230999 120.130910
1231999 114.114455
1232999 113.299161
1233999 112.760179
1234999 111.618425
1235999 118.581266
1236999 121.467308
1237999 120.289878
1238999 122.177170
1239999 119.538356
1240999 117.401303
1241999 119.466841
1242999 119.373939
1243999 116.738970
1244999 120.425926
1245999 115.579723
1246999 120.513651
1247999 119.879293
1248999 115.820634
1249999 117.182178
1250999 115.942022
1251999 115.499137
1252999 117.195842
1253999 119.108528
1254999 115.812807
1255999 109.550862
1256999 117.255047
1257999 108.505962
1258999 110.090391
1259999 105.541133
1260999 112.742239
1261999 108.439476
1262999 104.352624
1263999 110.591765
1264999 108.313426
1265999 111.951664
1266999 109.350565
1267999 112.881213
1268999 103.285014
1269999 110.496400
1270999 102.890950
1271999 106.813628
1272999 102.003895
1273999 109.932730
1274999 105.358101
1275999 104.635504
1276999 105.209415
1277999 99.667844
1278999 106.838513
1279999 107.375312
1280999 102.469249
1281999 102.734622
1282999 102.100722
1283999 106.013913
1284999 107.624222
1285999 112.309151
1286999 109.950561
1287999 101.720696
1288999 109.536562
1289999 110.849375
1290999 109.364822
1291999 109.787151
1292999 117.796098
1293999 111.985317
1294999 109.790779
1295999 107.452560
1296999 112.319850
1297999 117.553930
1298999 110.926902
1299999 115.039776
1300999 111.957893
1301999 117.567825
1302999 116.411790
1303999 115.986694
1304999 109.501786
1305999 116.727219
1306999 114.298111
1307999 111.585740
1308999 114.039769
1309999 119.505461
1310999 115.723045
1311999 119.821102
1312999 115.301055
1313999 113.706842
1314999 113.151269
1315999 118.637871
1316999 109.858173
1317999 116.234252
1318999 114.141007
1319999 118.507419
1320999 113.320810
1321999 110.154916
1322999 118.366585
1323999 115.065384
1324999 114.500029
1325999 113.094697
1326999 116.900068
1327999 109.963217
1328999 114.024221
1329999 109.618482
1330999 103.733640
1331999 111.154066
1332999 114.469463
1333999 107.661968
1334999 112.840922
1335999 110.177836
1336999 110.249609
1337999 111.451063
1338999 107.314904
1339999 106.673683
1340999 113.845662
1341999 114.089291
1342999 104.884344
1343999 101.767058
1344999 106.401282
1345999 107.506019
1346999 108.536021
1347999 104.470949
1348999 111.601194
1349999 113.794856
1350999 109.116831
1351999 112.389631
1352999 110.659148
1353999 115.456277
1354999 114.755074
1355999 109.429106
1356999 117.066995
1357999 107.967090
1358999 105.972269
1359999 110.740179
1360999 111.089455
1361999 108.701264
1362999 108.653773
1363999 113.689027
1364999 114.147007
1365999 110.017435
1366999 104.429908
1367999 112.520545
1368999 114.360476
1369999 108.860184
1370999 112.247610
1371999 108.139257
1372999 109.551780
1373999 109.267793
1374999 107.839090
1375999 111.706974
1376999 115.953290
1377999 112.885889
1378999 113.093530
1379999 113.506281
1380999 114.857930
1381999 109.266171
1382999 109.871255
1383999 108.652447
1384999 109.807139
1385999 110.273335
1386999 108.074296
1387999 114.026724
1388999 113.535511
1389999 115.972907
1390999 113.743586
1391999 105.108012
1392999 110.890498
1393999 112.344077
1394999 113.759485
1395999 110.821142
1396999 117.448493
1397999 112.067312
1398999 107.785441
1399999 114.651439
1400999 111.357466
1401999 113.659829
1402999 114.799975
1403999 108.690349
1404999 104.630858
1405999 114.389941
1406999 110.291045
1407999 112.766245
1408999 116.258194
1409999 110.730114
1410999 113.621749
1411999 117.208478
1412999 111.039463
1413999 117.512578
1414999 115.894448
1415999 112.511092
1416999 116.348508
1417999 116.132461
1418999 105.175294
1419999 116.444751
1420999 119.594134
1421999 118.517363
1422999 112.463601
1423999 114.410791
1424999 117.264442
1425999 117.179638
1426999 111.160112
1427999 118.391944
1428999 112.674006
1429999 101.080271
1430999 103.578120
1431999 111.153995
1432999 110.903618
1433999 120.462843
1434999 113.499468
1435999 109.299280
1436999 119.322820
1437999 109.255502
1438999 116.819651
1439999 113.439302
1440999 115.143630
1441999 112.671944
1442999 116.766001
1443999 116.839022
1444999 119.915584
1445999 116.708925
1446999 114.689506
1447999 117.913482
1448999 112.635660
1449999 111.173839
1450999 108.684360
1451999 110.837534
1452999 112.721383
1453999 115.578004
1454999 108.446760
1455999 104.157359
1456999 112.395471
1457999 113.774957
1458999 112.356879
1459999 111.946417
1460999 107.316588
1461999 104.595552
1462999 108.802106
1463999 113.841167
1464999 119.304686
1465999 105.957099
1466999 106.345532
1467999 109.040935
1468999 113.043088
1469999 106.088575
1470999 106.859826
1471999 102.946296
1472999 109.571588
1473999 103.101670
1474999 108.049311
1475999 110.074948
1476999 107.829038
1477999 107.148544
1478999 -37.068799
1479999 100.798568
1480999 111.047598
1481999 113.730514
1482999 110.084997
1483999 107.010695
1484999 98.771233
1485999 109.206745
1486999 106.794003
1487999 108.146518
1488999 104.582508
1489999 104.167544
1490999 103.175170
1491999 110.390497
1492999 108.825975
1493999 111.115831
1494999 111.201078
1495999 106.648326
1496999 104.649781
1497999 111.446969
1498999 103.590634
1499999 101.247938
1500999 100.324608
1501999 100.773549
1502999 108.105803
1503999 108.509808
1504999 111.746358
1505999 115.614157
1506999 109.866447
1507999 110.874204
1508999 115.207498
1509999 112.498586
1510999 109.132341
1511999 112.348746
1512999 102.680342
1513999 113.934231
1514999 112.782138
1515999 107.045508
1516999 107.592089
1517999 110.583665
1518999 110.918647
1519999 110.612480
1520999 111.356118
1521999 113.705862
1522999 108.405444
1523999 112.774383
1524999 105.906749
1525999 111.641882
1526999 111.549407
1527999 107.922450
1528999 109.899810
1529999 102.834440
1530999 111.389826
1531999 111.343400
1532999 114.797549
1533999 107.501616
1534999 108.170812
1535999 102.590518
1536999 108.827428
1537999 106.193999
1538999 108.541884
1539999 109.370735
1540999 115.540505
1541999 108.738715
1542999 115.613446
1543999 112.571081
1544999 109.472414
1545999 105.955212
1546999 110.101036
1547999 108.783217
1548999 109.106025
1549999 109.497023
1550999 103.086728
1551999 105.869854
1552999 111.749273
1553999 110.648097
1554999 108.736690
1555999 108.734112
1556999 110.107273
1557999 111.128279
1558999 111.394282
1559999 103.904630
1560999 117.070399
1561999 105.075683
1562999 117.315895
1563999 114.584932
1564999 119.370769
1565999 111.198170
1566999 120.821187
1567999 116.150165
1568999 119.796891
1569999 117.301230
1570999 120.557519
1571999 118.804227
1572999 116.328124
1573999 121.849018
1574999 118.082093
1575999 112.141524
1576999 105.840324
1577999 117.352933
1578999 112.838921
1579999 109.934140
1580999 118.401481
1581999 112.348108
1582999 116.400853
1583999 108.902122
1584999 113.045285
1585999 111.057721
1586999 114.123767
1587999 114.157912
1588999 108.650949
1589999 117.243355
1590999 104.345136
1591999 118.068960
1592999 111.314772
1593999 114.991656
1594999 116.720309
1595999 106.756872
1596999 118.717746
1597999 113.975725
1598999 110.882861
1599999 113.425299
1600999 108.627676
1601999 109.102593
1602999 110.413475
1603999 116.438440
1604999 110.690363
1605999 110.995746
1606999 109.813402
1607999 113.488502
1608999 116.719190
1609999 112.738950
1610999 112.766116
1611999 116.582952
1612999 116.546150
1613999 112.417930
1614999 119.363742
1615999 105.514418
1616999 116.826425
1617999 116.756226
1618999 115.192719
1619999 114.088533
1620999 112.677049
1621999 117.723244
1622999 115.586087
1623999 119.373704
1624999 115.341136
1625999 113.388587
1626999 117.682209
1627999 120.631915
1628999 114.950916
1629999 108.323588
1630999 115.752920
1631999 110.405107
1632999 114.866089
1633999 105.382415
1634999 112.688153
1635999 113.617519
1636999 114.429640
1637999 115.556485
1638999 117.121773
1639999 111.577217
1640999 113.144918
1641999 112.427493
1642999 113.254724
1643999 114.231124
1644999 110.995422
1645999 115.965962
1646999 112.830569
1647999 117.246590
1648999 114.265973
1649999 116.739510
1650999 112.835121
1651999 117.393328
1652999 114.683875
1653999 116.559679
1654999 109.834372
1655999 113.529870
1656999 118.923866
1657999 115.400358
1658999 108.309511
1659999 115.750699
1660999 118.793756
1661999 118.403449
1662999 115.439179
1663999 113.281234
1664999 114.616543
1665999 118.918864
1666999 113.345647
1667999 116.698424
1668999 117.196536
1669999 114.294017
1670999 117.273277
1671999 120.623595
1672999 117.119797
1673999 117.255055
1674999 113.826383
1675999 115.041547
1676999 113.361049
1677999 115.424601
1678999 117.518966
1679999 116.932794
1680999 115.992172
1681999 118.984772
1682999 115.202370
1683999 108.815661
1684999 114.949916
1685999 113.772335
1686999 117.610418
1687999 114.873161
1688999 118.264119
1689999 111.026186
1690999 114.900621
1691999 115.732880
1692999 115.595269
1693999 116.190495
1694999 119.459663
1695999 115.244440
1696999 117.396610
1697999 112.635027
1698999 111.953444
1699999 118.430017
1700999 112.010628
1701999 118.493750
1702999 113.925546
1703999 116.637332
1704999 113.794180
1705999 114.547444
1706999 110.037202
1707999 109.913003
1708999 110.097857
1709999 101.951099
1710999 111.031726
1711999 111.370565
1712999 107.357175
1713999 110.030774
1714999 112.587498
1715999 115.703491
1716999 117.548277
1717999 115.290881
1718999 114.011020
1719999 112.498943
1720999 103.861102
1721999 117.985583
1722999 106.824665
1723999 112.715750
1724999 113.463324
1725999 110.148868
1726999 118.137862
1727999 116.653298
1728999 115.524979
1729999 108.845325
1730999 117.281223
1731999 107.721433
1732999 113.775936
1733999 113.708171
1734999 110.576235
1735999 115.734057
1736999 115.651729
1737999 114.011734
1738999 115.608725
1739999 113.410337
1740999 115.993827
1741999 113.860459
1742999 107.015969
1743999 112.866782
1744999 111.082550
1745999 114.522486
1746999 114.854184
1747999 111.486274
1748999 118.535572
1749999 117.163499
1750999 113.092523
1751999 106.401419
1752999 111.063283
1753999 112.475680
1754999 113.086636
1755999 110.480120
1756999 111.579602
1757999 110.965629
1758999 111.606352
1759999 111.260192
1760999 102.888271
1761999 110.267319
1762999 113.708008
1763999 105.700314
1764999 113.286510
1765999 112.224537
1766999 114.614112
1767999 108.528102
1768999 111.833048
1769999 108.904033
1770999 109.202602
1771999 111.100884
1772999 107.141148
1773999 112.738133
1774999 112.225406
1775999 110.902667
1776999 114.423028
1777999 115.190440
1778999 112.688500
1779999 114.237184
1780999 115.214738
1781999 115.706411
1782999 109.145576
1783999 114.320732
1784999 115.338671
1785999 113.059583
1786999 115.632802
1787999 114.976388
1788999 115.210919
1789999 116.656807
1790999 114.695159
1791999 112.044107
1792999 108.846741
1793999 105.256411
1794999 114.257484
1795999 113.809563
1796999 105.675746
1797999 111.110722
1798999 110.749511
1799999 110.638327
1800999 108.999014
1801999 111.696733
1802999 118.599172
1803999 117.163685
1804999 114.544834
1805999 117.449920
1806999 121.363293
1807999 111.970170
1808999 121.340504
1809999 114.481440
1810999 110.384664
1811999 121.371999
1812999 125.413586
1813999 108.126148
1814999 116.371649
1815999 119.589903
1816999 119.348196
1817999 113.547808
1818999 119.707653
1819999 116.919713
1820999 119.301582
1821999 119.767243
1822999 122.317285
1823999 119.554420
1824999 116.859786
1825999 124.605976
1826999 124.218817
1827999 121.530222
1828999 120.678356
1829999 114.601442
1830999 116.829440
1831999 115.187959
1832999 115.198420
1833999 116.195188
1834999 121.404194
1835999 118.042317
1836999 124.328858
1837999 114.262627
1838999 115.162758
1839999 118.914757
1840999 116.901625
1841999 117.554488
1842999 120.009463
1843999 120.038079
1844999 113.152159
1845999 116.693012
1846999 114.384976
1847999 113.935650
1848999 116.122314
1849999 115.140741
1850999 115.522117
1851999 113.322438
1852999 109.693926
1853999 109.220003
1854999 117.587470
1855999 118.972238
1856999 108.570480
1857999 112.387683
1858999 109.067802
1859999 106.752176
1860999 105.630927
1861999 108.240834
1862999 96.409458
1863999 106.134433
1864999 105.838008
1865999 104.661610
1866999 106.059399
1867999 102.740265
1868999 105.954323
1869999 106.200001
1870999 106.276506
1871999 107.236333
1872999 103.715463
1873999 104.874379
1874999 102.543204
1875999 105.695900
1876999 105.964092
1877999 105.995907
1878999 102.791168
1879999 105.076894
1880999 107.620037
1881999 100.417720
1882999 102.872218
1883999 99.204876
1884999 99.186852
1885999 101.638144
1886999 96.649266
1887999 98.323400
1888999 101.827153
1889999 103.243959
1890999 105.340834
1891999 102.304355
1892999 102.778470
1893999 100.185514
1894999 101.503834
1895999 102.106798
1896999 101.294254
1897999 102.574687
1898999 101.997869
1899999 101.953921
1900999 100.382293
1901999 102.760133
1902999 101.397880
1903999 104.037855
1904999 110.264725
1905999 103.354953
1906999 108.953504
1907999 107.404708
1908999 109.993725
1909999 111.365426
1910999 111.547711
1911999 109.357464
1912999 110.094695
1913999 106.687615
1914999 107.509206
1915999 107.532060
1916999 105.264484
1917999 103.681571
1918999 105.170021
1919999 107.953441
1920999 106.423575
1921999 105.684920
1922999 103.435209
1923999 106.055935
1924999 108.929012
1925999 110.262999
1926999 109.612441
1927999 105.576670
1928999 108.120417
1929999 108.919874
1930999 109.340628
1931999 107.340762
1932999 106.640221
1933999 106.852349
1934999 106.279177
1935999 110.626451
1936999 105.241986
1937999 101.166581
1938999 108.934105
1939999 109.703884
1940999 104.163192
1941999 111.649214
1942999 106.930144
1943999 110.154391
1944999 112.968617
1945999 112.781669
1946999 116.940056
1947999 111.395962
1948999 111.751032
1949999 117.853200
1950999 114.870169
1951999 113.054326
1952999 110.889493
1953999 111.501143
1954999 104.859866
1955999 103.321503
1956999 113.280858
1957999 114.115937
1958999 116.502233
1959999 112.305474
1960999 115.796869
1961999 112.515784
1962999 106.677552
1963999 112.865389
1964999 113.010788
1965999 118.106972
1966999 117.612466
1967999 112.571626
1968999 117.991361
1969999 116.187917
1970999 121.951060
1971999 115.826672
1972999 110.433909
1973999 116.342722
1974999 116.260014
1975999 117.795930
1976999 112.545758
1977999 107.870406
1978999 117.049732
1979999 119.752629
1980999 117.570980
1981999 114.081388
1982999 117.581923
1983999 118.228295
1984999 112.897349
1985999 116.352885
1986999 107.660800
1987999 114.563507
1988999 117.676300
1989999 119.570986
1990999 117.168108
1991999 119.322256
1992999 116.392681
1993999 118.858810
1994999 113.394184
1995999 118.372551
1996999 121.839048
1997999 116.510674
1998999 116.937562
1999999 117.317840
