999 -7.333711
1999 -9.003571
2999 7.751360
3999 3.223540
4999 11.242968
5999 29.067330
6999 23.593634
7999 32.303897
8999 22.128987
9999 26.387777
10999 28.612888
11999 19.843561
12999 22.341737
13999 23.130613
14999 22.905286
15999 19.959528
16999 27.006322
17999 23.769351
18999 15.642488
19999 25.925653
20999 25.763994
21999 25.637822
22999 24.727067
23999 27.607994
24999 23.016446
25999 25.470859
26999 25.733410
27999 28.070174
28999 29.480705
29999 27.426440
30999 30.091628
31999 33.183257
32999 31.001977
33999 34.726784
34999 27.682955
35999 33.230240
36999 35.726951
37999 31.392548
38999 31.958807
39999 35.743864
40999 35.929941
41999 37.808182
42999 37.477529
43999 31.867504
44999 39.461566
45999 36.226387
46999 31.499877
47999 23.594970
48999 37.273935
49999 39.216081
50999 34.056239
51999 28.740916
52999 37.032510
53999 36.384825
54999 36.423275
55999 39.135739
56999 34.234141
57999 37.032077
58999 37.843705
59999 33.117691
60999 33.410167
61999 35.560684
62999 35.008811
63999 32.788915
64999 33.890609
65999 33.313748
66999 36.405021
67999 34.078374
68999 33.937891
69999 31.993146
70999 36.720661
71999 34.003191
72999 37.469331
73999 37.004229
74999 31.454805
75999 32.502174
76999 27.051887
77999 35.586709
78999 40.222190
79999 33.743945
80999 31.079132
81999 34.933533
82999 32.059894
83999 36.306840
84999 34.360795
85999 40.722263
86999 33.954217
87999 40.199199
88999 37.399824
89999 39.161281
90999 36.510442
91999 37.815816
92999 36.800190
93999 36.213088
94999 36.836435
95999 35.353952
96999 33.069107
97999 37.096038
98999 35.629909
99999 35.181392
100999 37.120766
101999 30.459579
102999 33.324502
103999 33.039285
104999 34.165902
105999 34.670427
106999 36.942958
107999 33.379625
108999 37.564116
109999 36.028075
110999 38.770776
111999 35.010507
112999 39.035777
113999 40.278251
114999 36.493594
115999 36.604646
116999 37.508810
117999 38.296260
118999 36.257714
119999 30.344043
120999 35.699634
121999 35.728073
122999 35.563712
123999 33.525506
124999 -20.443949
125999 34.540868
126999 33.121618
127999 37.732192
128999 31.238991
129999 37.011340
130999 28.052706
131999 37.028948
132999 38.659275
133999 35.536145
134999 34.905390
135999 33.413050
136999 34.015203
137999 16.177130
138999 38.072973
139999 36.898196
140999 36.911746
141999 29.444211
142999 36.251363
143999 35.192550
144999 36.410826
145999 39.622639
146999 37.110875
147999 39.907520
148999 36.205875
149999 36.804917
150999 40.006435
151999 42.345564
152999 36.749908
153999 34.968886
154999 36.571500
155999 36.863470
156999 36.970067
157999 34.782320
158999 39.263566
159999 38.063764
160999 36.984130
161999 38.869604
162999 35.027654
163999 38.299577
164999 39.464063
165999 37.440653
166999 34.001745
167999 38.631688
168999 38.509875
169999 37.281967
170999 39.916363
171999 38.185555
172999 36.206408
173999 42.581419
174999 36.462452
175999 36.322876
176999 35.448121
177999 40.823555
178999 37.477222
179999 36.884792
180999 40.138221
181999 35.295155
182999 39.609945
183999 37.305859
184999 37.929084
185999 37.624689
186999 36.621243
187999 36.498775
188999 36.646334
189999 43.447815
190999 37.242964
191999 38.946458
192999 39.880239
193999 32.955375
194999 38.990418
195999 45.262880
196999 42.568001
197999 39.312221
198999 44.098818
199999 44.113698
200999 42.028719
201999 46.287251
202999 45.187403
203999 41.854441
204999 40.875414
205999 28.389759
206999 41.807685
207999 26.285054
208999 43.466722
209999 43.916065
210999 34.444673
211999 41.733186
212999 38.527225
213999 42.335336
214999 44.256070
215999 40.089386
216999 47.368129
217999 41.726679
218999 37.515380
219999 46.809010
220999 38.555235
221999 43.149295
222999 43.265473
223999 38.843133
224999 45.881289
225999 40.625333
226999 40.128140
227999 42.656813
228999 41.762556
229999 44.894739
230999 49.510698
231999 39.651817
232999 43.746098
233999 45.922462
234999 44.902228
235999 42.281002
236999 40.151183
237999 38.509376
238999 41.421093
239999 16.978780
240999 32.735668
241999 39.582811
242999 -7.764124
243999 46.323288
244999 41.843957
245999 47.074575
246999 28.499256
247999 46.004125
248999 47.662366
249999 4.881994
250999 43.339583
251999 0.932117
252999 43.261664
253999 48.834319
254999 43.681604
255999 47.831073
256999 47.959817
257999 39.174936
258999 27.708764
259999 49.347908
260999 45.784117
261999 39.069552
262999 41.450437
263999 17.528557
264999 43.521336
265999 41.269285
266999 43.730139
267999 46.144677
268999 46.830074
269999 46.037129
270999 34.179165
271999 42.000072
272999 39.862041
273999 43.217070
274999 40.384406
275999 40.032293
276999 46.502358
277999 45.933674
278999 38.690718
279999 44.428404
280999 41.258043
281999 40.238536
282999 42.503872
283999 43.964478
284999 41.547131
285999 45.986440
286999 45.489395
287999 43.527856
288999 49.070610
289999 50.020658
290999 45.299150
291999 41.985100
292999 48.696154
293999 46.215235
294999 38.432298
295999 45.486996
296999 40.663076
297999 48.502817
298999 43.536920
299999 44.288500
300999 48.822644
301999 42.247155
302999 42.350603
303999 40.704235
304999 43.481874
305999 47.559500
306999 39.226411
307999 47.772655
308999 51.511663
309999 46.816352
310999 40.058765
311999 42.335204
312999 50.052822
313999 45.181465
314999 43.154197
315999 42.083148
316999 42.356412
317999 52.977677
318999 43.693372
319999 48.475386
320999 48.563289
321999 50.201677
322999 53.173927
323999 49.415249
324999 54.380016
325999 46.091586
326999 50.915948
327999 51.873436
328999 50.439619
329999 43.015114
330999 43.226788
331999 54.383307
332999 45.704780
333999 25.296796
334999 49.906640
335999 -8.396128
336999 45.312089
337999 13.527159
338999 37.872386
339999 -5.752601
340999 34.288214
341999 -14.999481
342999 50.670908
343999 3.237207
344999 44.968722
345999 -4.888009
346999 0.656548
347999 47.014134
348999 48.831183
349999 46.425075
350999 44.221260
351999 50.370656
352999 45.594927
353999 49.643107
354999 43.326036
355999 12.681952
356999 46.879727
357999 45.572115
358999 41.739403
359999 55.242938
360999 48.124777
361999 48.651671
362999 44.921185
363999 46.751999
364999 33.067193
365999 37.217380
366999 50.187624
367999 53.361879
368999 47.134618
369999 48.225190
370999 47.221374
371999 52.575070
372999 9.875092
373999 49.570619
374999 24.276197
375999 51.831889
376999 53.688719
377999 43.748059
378999 45.521236
379999 50.822655
380999 51.699821
381999 46.265732
382999 51.307067
383999 18.317050
384999 41.219918
385999 39.892896
386999 44.219939
387999 47.055399
388999 45.566738
389999 42.015200
390999 44.642180
391999 46.880276
392999 53.456578
393999 48.280001
394999 49.062203
395999 42.577552
396999 46.467591
397999 51.420866
398999 -0.974771
399999 44.912169
400999 46.854305
401999 47.489028
402999 15.022468
403999 52.190174
404999 46.173411
405999 51.612132
406999 51.285237
407999 46.086193
408999 48.546220
409999 -13.355528
410999 45.048039
411999 47.581041
412999 52.667576
413999 49.044217
414999 45.116882
415999 48.250085
416999 47.428998
417999 42.844028
418999 41.698870
419999 46.636966
420999 49.069771
421999 48.104389
422999 48.241512
423999 43.953683
424999 44.130178
425999 52.498706
426999 44.769886
427999 49.865551
428999 45.788684
429999 -16.186699
430999 37.541027
431999 49.193861
432999 49.220404
433999 50.986281
434999 52.676927
435999 51.599767
436999 43.290585
437999 51.915941
438999 47.324070
439999 53.065044
440999 46.086143
441999 47.382131
442999 46.719334
443999 48.267228
444999 50.898477
445999 44.643582
446999 24.662679
447999 51.250625
448999 45.880454
449999 45.773769
450999 47.297952
451999 -16.727262
452999 51.087790
453999 -25.782780
454999 43.332873
455999 -8.356883
456999 -22.292999
457999 -18.505242
458999 46.177706
459999 45.943837
460999 -15.035055
461999 48.030923
462999 48.307714
463999 48.479277
464999 51.680046
465999 52.085317
466999 48.101875
467999 46.312248
468999 48.554940
469999 47.951320
470999 47.833135
471999 47.494262
472999 48.836901
473999 50.774230
474999 55.258459
475999 44.905120
476999 46.555318
477999 44.407918
478999 49.950317
479999 47.269171
480999 48.848166
481999 39.365290
482999 40.088698
483999 44.884049
484999 49.110472
485999 52.180031
486999 42.831986
487999 51.809752
488999 50.851148
489999 47.815633
490999 50.036534
491999 44.022058
492999 47.136672
493999 47.054281
494999 52.557423
495999 47.581813
496999 51.808909
497999 43.535747
498999 49.627296
499999 48.918210
500999 36.865501
501999 -6.222324
502999 47.829274
503999 47.754249
504999 43.309148
505999 47.754210
506999 44.674122
507999 52.426274
508999 47.201653
509999 52.655191
510999 41.745992
511999 48.292836
512999 47.266105
513999 47.667742
514999 52.413424
515999 51.772631
516999 46.603123
517999 49.211083
518999 37.493787
519999 50.989616
520999 50.014572
521999 48.872551
522999 53.586464
523999 51.756016
524999 52.010080
525999 44.472021
526999 40.547387
527999 44.760549
528999 53.322896
529999 39.132913
530999 50.793370
531999 40.447506
532999 52.656607
533999 41.111794
534999 52.012292
535999 52.974832
536999 49.401900
537999 54.027718
538999 44.396089
539999 52.742006
540999 32.083686
541999 55.472470
542999 48.986467
543999 54.356608
544999 39.496706
545999 51.301955
546999 36.904261
547999 47.540400
548999 40.177193
549999 46.908069
550999 43.470286
551999 52.644032
552999 50.720418
553999 47.474034
554999 40.529662
555999 54.235746
556999 43.204335
557999 54.217843
558999 44.038246
559999 50.622360
560999 40.895556
561999 52.044099
562999 55.899385
563999 51.126052
564999 43.535055
565999 54.906576
566999 50.053194
567999 49.866753
568999 47.365084
569999 44.785765
570999 51.668912
571999 47.687606
572999 50.466579
573999 33.487870
574999 45.496743
575999 47.614177
576999 58.091994
577999 52.820797
578999 49.852239
579999 49.873029
580999 52.287883
581999 47.648355
582999 50.394585
583999 43.797586
584999 12.714610
585999 48.995219
586999 48.430645
587999 50.857236
588999 47.894648
589999 49.772003
590999 46.771854
591999 46.711232
592999 43.610966
593999 49.160133
594999 49.404733
595999 52.978389
596999 42.735536
597999 44.209217
598999 45.998275
599999 42.281377
600999 49.793908
601999 46.848435
602999 35.907341
603999 50.634623
604999 51.282521
605999 47.546364
606999 50.757119
607999 17.841025
608999 52.791205
609999 46.504229
610999 52.438726
611999 45.733794
612999 47.292131
613999 49.865056
614999 49.111672
615999 47.347724
616999 44.915149
617999 53.812577
618999 48.190573
619999 44.149700
620999 43.599579
621999 45.039900
622999 45.826937
623999 48.978442
624999 49.286020
625999 47.364346
626999 49.891905
627999 46.002404
628999 46.607978
629999 37.099362
630999 49.017899
631999 42.080579
632999 46.771184
633999 46.936213
634999 49.419187
635999 42.893167
636999 52.786945
637999 46.724405
638999 51.220476
639999 51.139204
640999 47.470768
641999 49.473038
642999 45.200263
643999 49.779424
644999 50.801182
645999 51.482651
646999 49.870194
647999 52.446280
648999 51.953180
649999 47.281648
650999 45.515437
651999 46.602069
652999 46.958092
653999 32.492361
654999 47.211795
655999 52.909703
656999 48.251834
657999 47.633999
658999 47.253153
659999 48.601202
660999 49.835397
661999 47.166832
662999 44.243875
663999 50.460434
664999 48.771008
665999 30.974879
666999 41.857197
667999 46.161681
668999 54.567030
669999 43.154251
670999 46.749752
671999 28.427723
672999 45.690689
673999 48.021087
674999 51.066779
675999 27.444771
676999 49.829392
677999 54.843876
678999 50.721076
679999 49.699352
680999 49.952456
681999 45.934346
682999 46.995318
683999 38.652448
684999 52.660637
685999 53.116893
686999 46.476222
687999 43.019771
688999 42.933616
689999 51.650501
690999 51.266674
691999 49.909633
692999 53.048097
693999 48.353176
694999 47.933120
695999 50.660792
696999 48.906421
697999 51.265710
698999 53.173162
699999 28.816681
700999 50.817466
701999 46.244083
702999 32.059458
703999 49.626889
704999 50.507935
705999 28.547817
706999 16.039799
707999 14.250265
708999 49.031980
709999 40.960766
710999 49.583631
711999 53.519320
712999 41.526112
713999 47.032287
714999 49.133721
715999 9.813231
716999 52.834597
717999 35.359441
718999 51.980523
719999 47.423355
720999 50.555202
721999 47.011627
722999 50.427993
723999 50.273632
724999 47.094314
725999 52.672574
726999 47.748933
727999 46.397774
728999 48.851362
729999 52.275446
730999 43.370170
731999 47.773956
732999 52.048336
733999 49.331596
734999 51.228329
735999 50.907497
736999 43.498814
737999 50.364527
738999 52.554674
739999 55.860281
740999 35.084068
741999 49.607163
742999 38.301694
743999 43.807784
744999 52.805411
745999 51.837073
746999 48.805562
747999 49.662159
748999 48.079357
749999 49.816786
750999 49.140812
751999 48.558200
752999 47.483561
753999 50.648680
754999 51.643550
755999 50.541138
756999 54.522269
757999 47.538270
758999 48.532322
759999 47.655807
760999 51.672684
761999 46.545417
762999 51.259019
763999 48.834976
764999 51.099313
765999 54.247107
766999 48.758636
767999 48.736895
768999 48.792808
769999 43.928058
770999 50.618077
771999 47.195794
772999 50.496257
773999 45.898969
774999 52.792981
775999 50.984847
776999 48.549367
777999 51.240233
778999 47.774350
779999 45.815449
780999 48.263377
781999 46.689439
782999 51.755781
783999 51.800916
784999 50.259074
785999 48.582991
786999 53.292403
787999 48.521904
788999 47.398950
789999 49.606462
790999 47.918516
791999 47.281251
792999 46.087596
793999 50.104862
794999 47.855898
795999 44.220221
796999 50.369758
797999 51.413946
798999 43.794122
799999 47.680638
800999 47.899551
801999 48.289605
802999 42.471639
803999 48.494061
804999 46.761944
805999 45.205745
806999 46.202631
807999 50.163027
808999 45.986877
809999 45.443437
810999 48.515754
811999 48.782764
812999 49.640281
813999 49.838923
814999 52.062893
815999 49.361424
816999 48.938562
817999 48.794637
818999 30.307668
819999 41.885346
820999 46.853599
821999 53.514099
822999 42.943033
823999 39.767294
824999 44.011497
825999 46.573185
826999 43.241685
827999 36.400048
828999 46.709874
829999 41.827087
830999 30.642357
831999 50.186032
832999 31.744803
833999 33.633652
834999 38.246509
835999 38.480693
836999 11.163569
837999 51.147043
838999 36.749215
839999 47.504226
840999 46.316214
841999 26.188632
842999 50.760615
843999 34.484613
844999 44.174499
845999 40.448682
846999 50.713545
847999 48.755753
848999 39.767936
849999 42.565573
850999 46.441808
851999 51.798211
852999 52.510383
853999 39.639220
854999 52.850953
855999 46.902659
856999 51.661507
857999 49.250161
858999 51.527782
859999 49.374247
860999 49.076934
861999 48.853434
862999 50.549449
863999 49.572661
864999 47.272597
865999 52.293776
866999 52.194342
867999 54.598229
868999 49.974517
869999 51.130771
870999 47.770370
871999 50.898557
872999 48.078056
873999 49.600255
874999 52.271564
875999 53.403412
876999 48.812874
877999 53.059284
878999 48.424322
879999 49.468686
880999 53.438317
881999 49.802582
882999 50.489984
883999 49.851430
884999 54.699958
885999 51.151027
886999 53.341109
887999 53.974944
888999 51.716049
889999 51.358586
890999 52.941482
891999 53.617772
892999 51.438199
893999 48.246046
894999 53.419395
895999 53.247736
896999 56.176879
897999 51.881645
898999 54.509303
899999 50.843383
900999 49.858183
901999 50.408142
902999 47.755974
903999 51.854237
904999 56.486959
905999 49.726052
906999 50.418187
907999 53.141440
908999 49.405146
909999 48.783938
910999 50.377078
911999 51.044891
912999 52.903721
913999 51.564539
914999 50.678791
915999 50.500713
916999 52.069059
917999 49.567649
918999 50.999877
919999 49.641206
920999 50.164650
921999 50.638670
922999 54.324960
923999 48.607997
924999 47.682054
925999 49.430487
926999 51.052438
927999 54.114122
928999 45.756205
929999 47.844825
930999 51.847385
931999 50.703370
932999 49.607964
933999 48.533269
934999 51.160877
935999 48.228657
936999 56.800587
937999 51.626212
938999 55.170174
939999 51.690442
940999 51.161042
941999 51.418936
942999 48.392036
943999 44.165108
944999 39.987239
945999 53.448421
946999 41.210611
947999 55.210637
948999 40.272230
949999 20.391639
950999 48.888628
951999 45.353161
952999 53.376282
953999 41.894611
954999 40.617730
955999 39.205910
956999 43.692362
957999 40.959427
958999 43.979729
959999 3.848608
960999 39.675919
961999 37.348624
962999 38.844808
963999 8.572236
964999 41.135354
965999 51.825677
966999 57.235910
967999 42.265714
968999 52.840948
969999 41.372746
970999 49.603735
971999 39.762502
972999 42.629665
973999 38.542236
974999 39.403722
975999 38.632479
976999 37.583363
977999 38.757435
978999 38.846721
979999 42.442992
980999 34.581524
981999 47.847233
982999 43.485028
983999 42.971588
984999 44.816080
985999 43.402807
986999 40.995518
987999 44.885969
988999 39.121414
989999 41.548346
990999 44.680532
991999 42.173401
992999 39.342363
993999 42.471189
994999 41.685284
995999 41.665262
996999 43.245099
997999 42.373093
998999 42.940318
999999 37.919265
1000999 42.570391
1001999 9.615205
1002999 45.208819
1003999 45.327142
1004999 44.347055
1005999 43.812746
1006999 45.063320
1007999 47.198315
1008999 49.490050
1009999 45.028836
1010999 47.218069
1011999 45.733256
1012999 42.968246
1013999 44.293665
1014999 42.140351
1015999 46.191202
1016999 47.302055
1017999 44.628107
1018999 18.738427
1019999 38.645314
1020999 42.169794
1021999 45.746402
1022999 45.512583
1023999 42.612349
1024999 43.625615
1025999 44.628751
1026999 46.222022
1027999 44.787232
1028999 42.454453
1029999 44.876157
1030999 44.165103
1031999 41.701244
1032999 45.192063
1033999 10.352421
1034999 41.523512
1035999 43.482567
1036999 13.365718
1037999 43.698909
1038999 47.794646
1039999 44.888946
1040999 14.261493
1041999 42.717660
1042999 44.791552
1043999 46.676454
1044999 47.501382
1045999 40.983756
1046999 43.520398
1047999 43.688421
1048999 46.019384
1049999 45.330698
1050999 48.401843
1051999 44.284315
1052999 48.296731
1053999 44.105356
1054999 45.341384
1055999 44.558734
1056999 46.070764
1057999 4.744781
1058999 50.349928
1059999 42.685069
1060999 46.087993
1061999 47.739225
1062999 44.677142
1063999 47.371861
1064999 41.175278
1065999 48.028356
1066999 48.844769
1067999 47.893692
1068999 12.634648
1069999 21.052189
1070999 47.699119
1071999 44.362417
1072999 46.781696
1073999 44.879763
1074999 45.329907
1075999 46.647456
1076999 45.626727
1077999 43.216559
1078999 45.824246
1079999 5.067309
1080999 53.647292
1081999 57.714567
1082999 52.082890
1083999 55.134593
1084999 56.443116
1085999 59.242509
1086999 55.459666
1087999 59.023124
1088999 59.468902
1089999 53.629796
1090999 46.500423
1091999 58.024695
1092999 49.481062
1093999 49.905654
1094999 56.604764
1095999 55.451945
1096999 58.443989
1097999 56.091707
1098999 53.151707
1099999 51.249427
1100999 48.410213
1101999 47.094773
1102999 48.896296
1103999 48.861596
1104999 55.103636
1105999 56.740398
1106999 47.530870
1107999 52.805534
1108999 57.452473
1109999 58.531472
1110999 57.923913
1111999 51.515177
1112999 53.105039
1113999 49.980097
1114999 52.421527
1115999 47.350585
1116999 54.155968
1117999 52.437906
1118999 54.105788
1119999 49.326701
1120999 52.537837
1121999 55.145941
1122999 56.795366
1123999 58.152054
1124999 54.402332
1125999 55.733190
1126999 55.101241
1127999 53.192718
1128999 54.604456
1129999 53.881694
1130999 55.933154
1131999 55.486835
1132999 53.325705
1133999 55.117904
1134999 56.584837
1135999 50.391420
1136999 57.991638
1137999 53.002466
1138999 54.262543
1139999 55.359158
1140999 53.614560
1141999 52.625349
1142999 56.442603
1143999 20.754127
1144999 53.462137
1145999 53.101248
1146999 57.731930
1147999 48.654099
1148999 53.630473
1149999 62.378704
1150999 53.774476
1151999 55.783890
1152999 57.640882
1153999 61.006865
1154999 52.726150
1155999 55.959463
1156999 57.490156
1157999 60.425200
1158999 60.799540
1159999 58.318094
1160999 60.477159
1161999 56.052559
1162999 55.426772
1163999 57.142767
1164999 59.951239
1165999 60.642241
1166999 54.635683
1167999 59.547870
1168999 59.157629
1169999 61.136722
1170999 58.263763
1171999 52.676134
1172999 56.662601
1173999 58.413351
1174999 57.717431
1175999 51.641504
1176999 57.778328
1177999 56.072283
1178999 57.601526
1179999 58.965048
1180999 58.646906
1181999 60.555351
1182999 57.970884
1183999 59.910612
1184999 52.885500
1185999 60.797551
1186999 56.972602
1187999 57.020359
1188999 56.657476
1189999 49.397949
1190999 50.616806
1191999 54.571518
1192999 58.861402
1193999 50.738342
1194999 56.035568
1195999 54.644188
1196999 49.772479
1197999 61.154568
1198999 54.679676
1199999 48.785308
1200999 49.426267
1201999 46.567364
1202999 48.529403
1203999 44.920188
1204999 49.829319
1205999 17.675835
1206999 38.820144
1207999 29.424192
1208999 9.977346
1209999 46.747973
1210999 9.805704
1211999 51.470223
1212999 40.041331
1213999 39.496614
1214999 45.690750
1215999 21.713055
1216999 50.614385
1217999 57.409492
1218999 53.755882
1219999 15.286286
1220999 54.874614
1221999 65.242870
1222999 30.340690
1223999 63.794670
1224999 60.574599
1225999 64.810598
1226999 56.213890
1227999 63.459145
1228999 64.818194
1229999 62.193533
1230999 62.456444
1231999 55.855862
1232999 48.589253
1233999 64.794767
1234999 57.238311
1235999 61.908992
1236999 66.089603
1237999 59.975970
1238999 69.402925
1239999 64.062547
1240999 70.178194
1241999 66.368012
1242999 63.388365
1243999 68.747607
1244999 60.279991
1245999 62.109432
1246999 69.097991
1247999 66.648680
1248999 65.391488
1249999 71.631441
1250999 66.588267
1251999 70.001226
1252999 71.553442
1253999 69.845968
1254999 65.165176
1255999 70.363945
1256999 72.346215
1257999 62.941303
1258999 61.635386
1259999 58.597750
1260999 64.517614
1261999 48.986221
1262999 61.782172
1263999 63.614638
1264999 63.911656
1265999 17.515826
1266999 46.585501
1267999 60.738445
1268999 46.671075
1269999 63.158458
1270999 54.072205
1271999 62.787626
1272999 58.397163
1273999 63.555697
1274999 35.152166
1275999 9.670132
1276999 13.322379
1277999 57.749144
1278999 18.578043
1279999 11.353279
1280999 61.496136
1281999 54.808073
1282999 63.515171
1283999 54.303193
1284999 67.146040
1285999 51.801277
1286999 58.025641
1287999 48.132096
1288999 55.472903
1289999 46.870024
1290999 72.562401
1291999 9.210093
1292999 62.503710
1293999 60.590891
1294999 62.479739
1295999 65.500509
1296999 66.382155
1297999 72.030119
1298999 17.059707
1299999 17.355917
1300999 15.462491
1301999 59.268907
1302999 16.162622
1303999 73.979096
1304999 61.787977
1305999 77.591447
1306999 56.975530
1307999 64.200329
1308999 79.408950
1309999 66.555265
1310999 71.753240
1311999 10.007701
1312999 71.964523
1313999 80.451083
1314999 73.895698
1315999 80.374545
1316999 80.063562
1317999 75.953524
1318999 79.973380
1319999 77.860412
1320999 79.251625
1321999 9.737039
1322999 14.575993
1323999 65.770051
1324999 76.432871
1325999 71.838416
1326999 68.088782
1327999 65.567901
1328999 70.685076
1329999 39.956167
1330999 74.838806
1331999 76.578981
1332999 67.641668
1333999 76.764831
1334999 66.566281
1335999 78.332652
1336999 76.186766
1337999 72.199569
1338999 78.498416
1339999 82.931695
1340999 78.558481
1341999 82.669656
1342999 83.515151
1343999 82.889921
1344999 78.054771
1345999 84.757153
1346999 82.872893
1347999 83.143054
1348999 78.772225
1349999 80.176641
1350999 80.811836
1351999 81.820381
1352999 82.766906
1353999 79.653300
1354999 78.264563
1355999 83.446223
1356999 79.200141
1357999 86.247349
1358999 79.585806
1359999 83.131392
1360999 78.386898
1361999 84.951975
1362999 84.065630
1363999 58.879450
1364999 82.420028
1365999 80.854219
1366999 86.582616
1367999 87.858198
1368999 85.686691
1369999 45.064304
1370999 82.375370
1371999 70.550751
1372999 83.616136
1373999 83.541288
1374999 85.200386
1375999 83.977941
1376999 87.052879
1377999 87.458588
1378999 89.386013
1379999 81.485934
1380999 83.255625
1381999 86.750605
1382999 84.832924
1383999 84.435720
1384999 87.471244
1385999 83.046215
1386999 85.001658
1387999 86.497759
1388999 74.373951
1389999 83.032226
1390999 87.850283
1391999 86.400194
1392999 86.383782
1393999 85.589650
1394999 84.609354
1395999 86.918455
1396999 82.497173
1397999 85.662247
1398999 83.923242
1399999 84.925530
1400999 84.473388
1401999 88.001720
1402999 86.037837
1403999 88.282662
1404999 88.449825
1405999 86.470086
1406999 88.671409
1407999 85.944253
1408999 87.016508
1409999 90.349484
1410999 90.878939
1411999 90.518378
1412999 91.283192
1413999 90.866474
1414999 89.391489
1415999 89.736346
1416999 84.348779
1417999 86.931529
1418999 83.520724
1419999 80.937851
1420999 65.257350
1421999 75.685061
1422999 88.774897
1423999 87.363195
1424999 73.202939
1425999 73.810509
1426999 86.617675
1427999 90.896805
1428999 91.016608
1429999 91.442602
1430999 87.076809
1431999 89.847996
1432999 92.108708
1433999 93.409859
1434999 94.086661
1435999 90.472111
1436999 91.689384
1437999 97.813476
1438999 94.727672
1439999 92.816161
1440999 99.918991
1441999 99.779548
1442999 93.778701
1443999 93.315109
1444999 94.830576
1445999 96.150912
1446999 95.356968
1447999 99.645237
1448999 92.036186
1449999 98.304394
1450999 94.275400
1451999 94.825868
1452999 95.568249
1453999 88.337142
1454999 92.267550
1455999 96.289781
1456999 95.638660
1457999 91.742455
1458999 99.845157
1459999 95.183915
1460999 99.464365
1461999 91.306693
1462999 92.613263
1463999 94.321706
1464999 96.717608
1465999 93.088709
1466999 95.255051
1467999 97.366948
1468999 99.243086
1469999 97.972832
1470999 96.467521
1471999 95.759585
1472999 94.152900
1473999 96.603606
1474999 98.170171
1475999 95.310781
1476999 98.710172
1477999 91.491238
1478999 92.302806
1479999 98.108979
1480999 95.001161
1481999 97.571978
1482999 98.252013
1483999 96.632547
1484999 95.660894
1485999 98.638103
1486999 97.657333
1487999 94.751493
1488999 101.622804
1489999 100.364881
1490999 96.586434
1491999 96.066738
1492999 94.537126
1493999 98.840197
1494999 97.546490
1495999 98.532026
1496999 100.453081
1497999 105.473444
1498999 98.236903
1499999 95.718455
1500999 101.822126
1501999 101.501950
1502999 100.044839
1503999 102.820578
1504999 101.569924
1505999 104.212000
1506999 101.433024
1507999 101.231560
1508999 100.128256
1509999 102.139564
1510999 104.576594
1511999 103.345693
1512999 101.799748
1513999 102.191524
1514999 96.788612
1515999 102.216436
1516999 105.843718
1517999 104.764845
1518999 99.059690
1519999 105.714333
1520999 101.218138
1521999 101.456544
1522999 101.962371
1523999 104.237109
1524999 101.422766
1525999 102.719792
1526999 100.712874
1527999 105.309087
1528999 102.436442
1529999 101.595958
1530999 99.888916
1531999 101.386037
1532999 104.259905
1533999 102.158864
1534999 102.030396
1535999 103.386169
1536999 102.821272
1537999 97.601089
1538999 108.065766
1539999 107.903557
1540999 106.103582
1541999 101.928563
1542999 106.392346
1543999 102.293053
1544999 107.084213
1545999 101.793095
1546999 99.590654
1547999 99.955821
1548999 107.407722
1549999 104.350693
1550999 94.912614
1551999 100.669060
1552999 103.608188
1553999 103.988196
1554999 105.469498
1555999 103.790762
1556999 96.004354
1557999 104.183788
1558999 101.235337
1559999 99.927258
1560999 97.917334
1561999 105.171835
1562999 104.573146
1563999 103.626673
1564999 103.976017
1565999 104.846860
1566999 106.283791
1567999 105.313580
1568999 97.537740
1569999 100.705424
1570999 103.476545
1571999 101.704029
1572999 105.160829
1573999 107.663106
1574999 104.292344
1575999 99.738690
1576999 103.225996
1577999 104.543986
1578999 98.437917
1579999 98.731741
1580999 108.698633
1581999 107.174539
1582999 106.988419
1583999 108.808110
1584999 110.096200
1585999 105.942183
1586999 107.002873
1587999 103.132350
1588999 106.348338
1589999 104.322712
1590999 101.045341
1591999 97.243437
1592999 104.549812
1593999 107.600632
1594999 103.434238
1595999 98.033651
1596999 103.767873
1597999 104.425549
1598999 101.278190
1599999 100.082564
1600999 101.610152
1601999 95.368280
1602999 102.409298
1603999 101.890553
1604999 98.690114
1605999 98.523576
1606999 102.686299
1607999 101.552216
1608999 97.646661
1609999 98.488865
1610999 94.440458
1611999 99.091672
1612999 98.103615
1613999 98.844347
1614999 100.687632
1615999 102.045407
1616999 101.957761
1617999 100.388679
1618999 99.515733
1619999 98.958971
1620999 104.788855
1621999 103.043714
1622999 104.146356
1623999 105.326602
1624999 102.936060
1625999 104.280698
1626999 100.882225
1627999 100.830065
1628999 97.656288
1629999 103.943694
1630999 90.483469
1631999 101.339542
1632999 101.104367
1633999 101.340682
1634999 100.164050
1635999 103.096279
1636999 94.550281
1637999 103.002724
1638999 104.825996
1639999 101.461663
1640999 104.297845
1641999 104.596769
1642999 102.443112
1643999 98.737976
1644999 101.739211
1645999 99.103043
1646999 98.012648
1647999 99.398528
1648999 98.514366
1649999 89.687874
1650999 90.961954
1651999 100.146005
1652999 101.799759
1653999 96.134066
1654999 98.224875
1655999 99.141131
1656999 99.838720
1657999 100.221931
1658999 101.586793
1659999 103.651039
1660999 104.694687
1661999 98.654710
1662999 100.639845
1663999 102.285206
1664999 103.291034
1665999 103.437146
1666999 105.656533
1667999 106.263191
1668999 108.855828
1669999 102.882098
1670999 102.068179
1671999 100.648589
1672999 106.473477
1673999 104.923187
1674999 107.319413
1675999 104.007573
1676999 98.209141
1677999 102.170362
1678999 110.205273
1679999 104.692579
1680999 100.657656
1681999 109.029849
1682999 107.660513
1683999 106.041400
1684999 108.360954
1685999 112.640225
1686999 107.922565
1687999 101.414974
1688999 104.928623
1689999 104.646873
1690999 104.640547
1691999 103.465368
1692999 104.727864
1693999 105.902458
1694999 104.456440
1695999 99.031921
1696999 94.628693
1697999 81.387382
1698999 106.691631
1699999 105.064682
1700999 107.619128
1701999 102.199981
1702999 106.809026
1703999 103.225259
1704999 110.985405
1705999 103.145445
1706999 108.733460
1707999 104.837214
1708999 107.228000
1709999 107.652809
1710999 103.335755
1711999 104.764064
1712999 105.221292
1713999 104.693534
1714999 105.852526
1715999 106.473565
1716999 106.363547
1717999 105.428963
1718999 106.463764
1719999 106.510127
1720999 108.813117
1721999 108.405515
1722999 107.282740
1723999 108.699895
1724999 106.500193
1725999 112.224161
1726999 105.986062
1727999 110.219983
1728999 106.131514
1729999 107.189118
1730999 106.359197
1731999 107.747130
1732999 105.788469
1733999 107.765510
1734999 109.631815
1735999 105.295430
1736999 111.771615
1737999 108.703306
1738999 106.900332
1739999 108.853365
1740999 109.173756
1741999 108.627496
1742999 107.363501
1743999 106.814396
1744999 108.646710
1745999 106.083858
1746999 108.129799
1747999 108.713527
1748999 108.371841
1749999 111.660306
1750999 110.430019
1751999 110.576087
1752999 108.506733
1753999 108.670130
1754999 96.690075
1755999 107.609159
1756999 107.500671
1757999 106.826338
1758999 105.563598
1759999 100.821049
1760999 95.805872
1761999 109.961427
1762999 101.611633
1763999 104.682237
1764999 108.520451
1765999 105.233021
1766999 103.344330
1767999 105.962907
1768999 104.575706
1769999 106.147120
1770999 100.393008
1771999 108.661784
1772999 104.157606
1773999 102.981723
1774999 108.253429
1775999 112.375211
1776999 112.575204
1777999 113.499612
1778999 112.997322
1779999 108.370319
1780999 107.210809
1781999 111.656668
1782999 109.934082
1783999 112.298292
1784999 106.223034
1785999 109.307825
1786999 114.039751
1787999 110.380904
1788999 104.384192
1789999 111.907147
1790999 103.496832
1791999 107.070406
1792999 109.799911
1793999 109.988994
1794999 111.001872
1795999 108.886319
1796999 109.674439
1797999 111.101754
1798999 106.582366
1799999 112.553318
1800999 107.595808
1801999 113.533319
1802999 112.223179
1803999 110.295143
1804999 111.848543
1805999 109.664232
1806999 110.179419
1807999 111.907612
1808999 113.758906
1809999 118.013981
1810999 111.405626
1811999 113.389535
1812999 113.954754
1813999 113.863888
1814999 111.006873
1815999 112.427687
1816999 110.560937
1817999 116.665052
1818999 111.335558
1819999 116.012863
1820999 108.096845
1821999 117.586243
1822999 113.902439
1823999 117.290893
1824999 116.367624
1825999 115.105977
1826999 115.610891
1827999 113.364238
1828999 116.448818
1829999 112.353782
1830999 110.663670
1831999 109.109188
1832999 111.991965
1833999 109.047124
1834999 111.378374
1835999 111.977605
1836999 110.502579
1837999 109.977996
1838999 109.914662
1839999 109.796426
1840999 111.227702
1841999 110.335778
1842999 113.159272
1843999 110.227163
1844999 112.283596
1845999 106.458725
1846999 114.115414
1847999 106.008805
1848999 111.102340
1849999 106.831333
1850999 105.813628
1851999 104.707701
1852999 106.598471
1853999 107.771151
1854999 106.941969
1855999 105.081146
1856999 109.473710
1857999 102.841366
1858999 105.746258
1859999 108.960515
1860999 105.088745
1861999 104.652206
1862999 110.105736
1863999 109.739369
1864999 110.736775
1865999 106.326218
1866999 112.073432
1867999 110.887779
1868999 112.655632
1869999 111.725165
1870999 111.408460
1871999 107.225912
1872999 115.464452
1873999 108.686122
1874999 112.407532
1875999 110.602240
1876999 110.045511
1877999 109.171306
1878999 109.817262
1879999 109.366587
1880999 111.135941
1881999 112.265449
1882999 109.420356
1883999 115.215060
1884999 108.792060
1885999 110.391763
1886999 112.999184
1887999 115.801575
1888999 111.182160
1889999 107.891437
1890999 112.616394
1891999 109.131844
1892999 108.034057
1893999 108.374674
1894999 110.540327
1895999 111.948370
1896999 115.691300
1897999 115.595115
1898999 114.521330
1899999 114.780024
1900999 112.172277
1901999 118.637581
1902999 113.077183
1903999 112.262294
1904999 114.385201
1905999 112.001924
1906999 116.355522
1907999 114.062288
1908999 110.807337
1909999 110.302848
1910999 111.090746
1911999 117.140269
1912999 119.005652
1913999 118.995183
1914999 117.168489
1915999 113.000872
1916999 113.710768
1917999 120.237183
1918999 119.443503
1919999 115.554496
1920999 114.930045
1921999 114.891344
1922999 116.103095
1923999 110.927539
1924999 114.135299
1925999 111.088632
1926999 114.242439
1927999 115.448891
1928999 116.057097
1929999 115.402435
1930999 111.471278
1931999 110.917765
1932999 118.271521
1933999 116.076171
1934999 113.798183
1935999 113.581338
1936999 110.756271
1937999 115.559870
1938999 112.764768
1939999 112.378304
1940999 112.750549
1941999 118.893159
1942999 114.421413
1943999 120.458420
1944999 112.841942
1945999 114.809247
1946999 116.734984
1947999 112.291941
1948999 116.715874
1949999 114.228543
1950999 115.051699
1951999 113.611830
1952999 102.200047
1953999 113.397792
1954999 114.001391
1955999 108.224623
1956999 110.140160
1957999 109.961541
1958999 115.531335
1959999 113.415897
1960999 108.457500
1961999 110.973995
1962999 109.503385
1963999 117.395933
1964999 109.661176
1965999 113.143504
1966999 110.179476
1967999 115.232337
1968999 110.180529
1969999 112.370396
1970999 113.406415
1971999 109.206237
1972999 111.978339
1973999 110.685578
1974999 114.848218
1975999 111.153703
1976999 115.810016
1977999 116.752937
1978999 111.239306
1979999 114.716838
1980999 112.357340
1981999 111.602460
1982999 114.244762
1983999 113.962323
1984999 114.814212
1985999 111.636182
1986999 106.893610
1987999 107.480345
1988999 109.722716
1989999 116.004026
1990999 115.691125
1991999 114.248461
1992999 114.780623
1993999 115.546664
1994999 114.505570
1995999 112.582186
1996999 113.109558
1997999 108.784725
1998999 106.409191
1999999 111.482614
