999 -15.402323
1999 2.330348
2999 0.211975
3999 10.823824
4999 -14.390393
5999 6.502434
6999 -1.698945
7999 -5.455478
8999 -4.084588
9999 -6.869467
10999 -0.553771
11999 -2.570455
12999 26.389071
13999 -12.262466
14999 18.752553
15999 13.371147
16999 18.344138
17999 4.689704
18999 13.937881
19999 2.617150
20999 23.993334
21999 21.741286
22999 19.861636
23999 20.110712
24999 23.420175
25999 23.439605
26999 22.127362
27999 21.257574
28999 14.569725
29999 22.214953
30999 24.834352
31999 29.633213
32999 30.255323
33999 31.870096
34999 23.953275
35999 27.773470
36999 30.087508
37999 38.472827
38999 31.479994
39999 38.362096
40999 36.875497
41999 34.003354
42999 31.861596
43999 38.498059
44999 29.707609
45999 33.100707
46999 31.225731
47999 29.497277
48999 31.765875
49999 30.202407
50999 38.351830
51999 37.035986
52999 36.790720
53999 33.060443
54999 37.374579
55999 36.417723
56999 34.081904
57999 36.406122
58999 36.229424
59999 34.955716
60999 36.919166
61999 34.712532
62999 33.870992
63999 33.021058
64999 33.577981
65999 31.390630
66999 37.300748
67999 34.316615
68999 39.396999
69999 39.557045
70999 37.471911
71999 37.636219
72999 40.673495
73999 41.767105
74999 39.254101
75999 36.277364
76999 39.381687
77999 38.502046
78999 38.714119
79999 38.464026
80999 38.735484
81999 40.491727
82999 20.974584
83999 -8.724171
84999 22.634785
85999 35.154050
86999 35.885854
87999 37.823903
88999 37.028385
89999 33.202147
90999 31.772780
91999 33.752375
92999 28.386708
93999 37.655951
94999 31.782850
95999 29.871738
96999 32.968984
97999 33.648459
98999 35.308237
99999 43.581627
100999 40.157199
101999 38.314030
102999 38.319266
103999 40.892936
104999 37.689272
105999 42.942973
106999 41.916105
107999 37.563602
108999 36.040728
109999 31.227710
110999 38.781158
111999 -4.303731
112999 30.714114
113999 37.174489
114999 -15.425868
115999 26.678349
116999 36.408873
117999 24.679111
118999 42.287296
119999 34.276306
120999 39.539231
121999 16.255111
122999 34.499154
123999 10.045682
124999 37.086188
125999 13.733897
126999 17.654650
127999 40.932108
128999 35.568720
129999 36.794966
130999 38.662428
131999 38.069982
132999 36.889918
133999 40.424082
134999 38.745669
135999 39.826865
136999 31.444941
137999 37.892160
138999 40.910230
139999 28.778197
140999 40.786499
141999 11.874531
142999 36.312157
143999 39.088790
144999 39.138867
145999 35.883267
146999 37.192602
147999 35.520190
148999 35.187176
149999 35.662101
150999 35.667387
151999 41.650516
152999 38.079312
153999 37.287503
154999 23.693732
155999 36.551298
156999 41.169975
157999 39.740799
158999 20.079225
159999 41.323559
160999 39.255347
161999 39.105974
162999 37.160903
163999 38.758869
164999 26.372362
165999 12.009423
166999 43.493388
167999 41.846160
168999 48.803555
169999 44.162954
170999 41.347139
171999 41.811284
172999 42.548025
173999 44.343865
174999 43.600863
175999 42.925593
176999 47.121073
177999 44.779943
178999 48.247630
179999 42.041299
180999 50.038099
181999 42.817885
182999 46.113591
183999 45.970333
184999 47.923498
185999 48.366907
186999 47.304232
187999 42.796599
188999 43.706376
189999 49.785597
190999 48.416005
191999 48.943465
192999 49.767105
193999 40.207038
194999 48.485433
195999 51.786531
196999 58.218116
197999 48.123670
198999 47.086451
199999 51.256898
200999 51.805062
201999 53.013862
202999 51.550682
203999 52.439063
204999 49.758466
205999 57.811059
206999 54.082403
207999 56.231812
208999 58.345226
209999 58.215254
210999 58.692500
211999 55.840283
212999 52.217707
213999 61.314066
214999 57.886319
215999 44.022956
216999 55.195164
217999 44.193450
218999 53.129965
219999 53.552656
220999 53.060673
221999 54.590201
222999 56.888269
223999 62.015704
224999 64.238242
225999 54.887427
226999 65.058990
227999 1.049904
228999 63.534053
229999 63.098787
230999 57.674375
231999 55.754394
232999 49.360493
233999 52.257158
234999 54.970489
235999 56.648673
236999 63.094953
237999 64.751167
238999 61.779675
239999 65.793089
240999 61.814942
241999 61.552470
242999 63.347190
243999 64.735378
244999 57.736317
245999 57.040234
246999 62.209203
247999 64.456041
248999 62.898556
249999 58.495180
250999 59.284013
251999 61.313544
252999 66.982067
253999 66.517691
254999 65.218634
255999 65.548564
256999 68.279217
257999 66.096181
258999 66.193421
259999 63.705209
260999 68.517217
261999 67.441655
262999 67.574082
263999 70.601343
264999 70.911388
265999 63.804856
266999 70.024203
267999 67.279928
268999 68.852609
269999 67.527869
270999 69.567710
271999 68.469194
272999 73.150369
273999 72.250871
274999 65.545688
275999 -27.955237
276999 54.955456
277999 58.648287
278999 54.349097
279999 -7.623019
280999 54.939633
281999 49.350720
282999 16.858448
283999 66.558030
284999 37.874629
285999 64.671231
286999 60.108735
287999 -4.744855
288999 67.820635
289999 70.234679
290999 53.822209
291999 75.639386
292999 74.662563
293999 64.492026
294999 70.936185
295999 71.827584
296999 76.613819
297999 76.583285
298999 72.465997
299999 75.116396
300999 80.237189
301999 74.644771
302999 77.825980
303999 76.820151
304999 82.335448
305999 81.834999
306999 81.589567
307999 84.705027
308999 88.595700
309999 86.238852
310999 87.642499
311999 81.809127
312999 88.610920
313999 88.839023
314999 90.921436
315999 85.478659
316999 88.856462
317999 81.486512
318999 86.891524
319999 87.713463
320999 82.104507
321999 83.636745
322999 85.324359
323999 88.496959
324999 84.018227
325999 84.080148
326999 88.384435
327999 87.895358
328999 83.214795
329999 85.490618
330999 80.710217
331999 85.791500
332999 93.908563
333999 84.778245
334999 95.815368
335999 89.659362
336999 89.996863
337999 87.935099
338999 5.676852
339999 91.605847
340999 87.010602
341999 76.025887
342999 79.595041
343999 85.578850
344999 94.141814
345999 87.161098
346999 87.752190
347999 89.168231
348999 80.395299
349999 91.817936
350999 86.777340
351999 91.435601
352999 88.563062
353999 91.440094
354999 87.803423
355999 90.456725
356999 87.140540
357999 89.982894
358999 94.062311
359999 82.708062
360999 89.721924
361999 94.823817
362999 91.534933
363999 93.150832
364999 89.713553
365999 87.983735
366999 93.095645
367999 92.439174
368999 92.497324
369999 93.361966
370999 90.436816
371999 98.878267
372999 89.850992
373999 94.666445
374999 94.466844
375999 100.073187
376999 94.463540
377999 94.820942
378999 94.378506
379999 91.156699
380999 81.295060
381999 97.090469
382999 95.829998
383999 92.535846
384999 85.997104
385999 90.712415
386999 102.156773
387999 95.214643
388999 103.508423
389999 95.817820
390999 88.527687
391999 91.777033
392999 92.719376
393999 92.502242
394999 98.748286
395999 91.286351
396999 91.310327
397999 97.814931
398999 91.930824
399999 97.770060
400999 88.430618
401999 93.724003
402999 97.438578
403999 94.791374
404999 100.707148
405999 95.003087
406999 94.799682
407999 97.050672
408999 95.401447
409999 89.392891
410999 92.429164
411999 96.853637
412999 97.199286
413999 98.632119
414999 94.210657
415999 98.335810
416999 94.403054
417999 98.329773
418999 96.457564
419999 97.336996
420999 100.037965
421999 95.851286
422999 96.332023
423999 98.105323
424999 92.149264
425999 95.876531
426999 96.891371
427999 95.139562
428999 96.752063
429999 96.172970
430999 100.794460
431999 95.279013
432999 96.453461
433999 99.515938
434999 93.927370
435999 92.298022
436999 98.241195
437999 93.974285
438999 94.977069
439999 96.134696
440999 92.573976
441999 97.762326
442999 99.942245
443999 97.526150
444999 100.570995
445999 101.490090
446999 96.898133
447999 96.940208
448999 98.610641
449999 102.544751
450999 103.890332
451999 100.346002
452999 99.737937
453999 104.223488
454999 100.664603
455999 96.620107
456999 93.190199
457999 106.543235
458999 102.910776
459999 99.169828
460999 96.246676
461999 98.696939
462999 104.367446
463999 100.763171
464999 102.769126
465999 101.204433
466999 101.301005
467999 102.589423
468999 101.423730
469999 99.321517
470999 106.417929
471999 106.482418
472999 104.323436
473999 110.353925
474999 104.762222
475999 102.440945
476999 103.891233
477999 103.458589
478999 98.812607
479999 99.360254
480999 105.137983
481999 94.480643
482999 101.763375
483999 100.915927
484999 105.431595
485999 106.339866
486999 103.561093
487999 105.706119
488999 104.525897
489999 106.936281
490999 101.937270
491999 104.584259
492999 101.424923
493999 98.135351
494999 101.252435
495999 100.856101
496999 101.732805
497999 101.336184
498999 102.404130
499999 94.194883
500999 102.024043
501999 99.326340
502999 101.807265
503999 98.525455
504999 104.924050
505999 107.519944
506999 98.274665
507999 104.727801
508999 103.767932
509999 104.665251
510999 106.461637
511999 101.207595
512999 103.218902
513999 107.501465
514999 103.717488
515999 104.034897
516999 102.244361
517999 98.666065
518999 105.151420
519999 109.774734
520999 107.552768
521999 108.015765
522999 106.542077
523999 106.682584
524999 108.865449
525999 110.356706
526999 107.631811
527999 106.832882
528999 105.667669
529999 107.824911
530999 106.431293
531999 106.361693
532999 102.060556
533999 109.563124
534999 106.429521
535999 105.918746
536999 108.471448
537999 105.211647
538999 108.121667
539999 109.094841
540999 108.942418
541999 110.714100
542999 114.004701
543999 115.483923
544999 108.872343
545999 107.262469
546999 107.526170
547999 106.996436
548999 109.664339
549999 105.274883
550999 111.794109
551999 107.234908
552999 106.678520
553999 108.349803
554999 102.803177
555999 100.677400
556999 101.911600
557999 105.757501
558999 102.200292
559999 104.271854
560999 105.135239
561999 105.333448
562999 106.997791
563999 103.358114
564999 104.451066
565999 105.501995
566999 101.717514
567999 104.951894
568999 108.154210
569999 107.798845
570999 103.331349
571999 103.134171
572999 104.507961
573999 100.206259
574999 98.712314
575999 104.225628
576999 103.916067
577999 103.247164
578999 106.586383
579999 94.205466
580999 104.440626
581999 105.011869
582999 102.973101
583999 103.930037
584999 90.181321
585999 97.965753
586999 97.174636
587999 96.528903
588999 102.875959
589999 102.387331
590999 99.907501
591999 102.998827
592999 101.043645
593999 99.840240
594999 100.729347
595999 100.667072
596999 105.476041
597999 101.738320
598999 98.480552
599999 102.254373
600999 100.846125
601999 98.490350
602999 96.847708
603999 99.394716
604999 97.910524
605999 101.666898
606999 98.731733
607999 101.293271
608999 97.831421
609999 98.173803
610999 99.351645
611999 103.327361
612999 98.453648
613999 99.178430
614999 98.797602
615999 97.401396
616999 99.153468
617999 96.894287
618999 98.254560
619999 100.522732
620999 98.205643
621999 101.053497
622999 105.832399
623999 101.581861
624999 103.873490
625999 91.329723
626999 90.068263
627999 101.245358
628999 98.171125
629999 101.808683
630999 104.380239
631999 102.052300
632999 101.283041
633999 101.502018
634999 106.334320
635999 102.362700
636999 108.005031
637999 104.219735
638999 104.003026
639999 102.086417
640999 97.974295
641999 106.781818
642999 103.668975
643999 102.271066
644999 104.435793
645999 102.630137
646999 103.120369
647999 104.901153
648999 101.322468
649999 106.007082
650999 102.868069
651999 102.637696
652999 105.558331
653999 106.193053
654999 104.638616
655999 101.036299
656999 104.288022
657999 100.672250
658999 101.743110
659999 104.762849
660999 95.132580
661999 97.068491
662999 69.247516
663999 98.154558
664999 93.630334
665999 81.849322
666999 86.228082
667999 87.572247
668999 94.519325
669999 97.130807
670999 97.467500
671999 94.629838
672999 96.681941
673999 98.737035
674999 103.909446
675999 99.902381
676999 101.489576
677999 99.346426
678999 102.454132
679999 100.607383
680999 102.114639
681999 96.963827
682999 99.794983
683999 102.565780
684999 104.285165
685999 103.339907
686999 106.094614
687999 103.113315
688999 105.675674
689999 106.011634
690999 109.206180
691999 100.963598
692999 104.633060
693999 106.533297
694999 101.180692
695999 104.400832
696999 103.680468
697999 102.648207
698999 102.375538
699999 102.022182
700999 100.950180
701999 102.951332
702999 105.136097
703999 101.954281
704999 100.629951
705999 103.165424
706999 105.498230
707999 104.050091
708999 103.704777
709999 99.449067
710999 101.634949
711999 103.548875
712999 107.784306
713999 104.920238
714999 103.117931
715999 104.572640
716999 105.785962
717999 105.291888
718999 102.316347
719999 107.274835
720999 106.669187
721999 107.781570
722999 106.765799
723999 108.949310
724999 105.602954
725999 103.859799
726999 104.005739
727999 110.201628
728999 106.782556
729999 104.047255
730999 107.040445
731999 107.849158
732999 109.540408
733999 108.820468
734999 107.500050
735999 108.146774
736999 109.853490
737999 106.368963
738999 109.634226
739999 102.915628
740999 110.406278
741999 109.829992
742999 106.337714
743999 101.263230
744999 107.493921
745999 106.314320
746999 105.742798
747999 109.022555
748999 102.988631
749999 105.139580
750999 104.608097
751999 103.877824
752999 100.053195
753999 102.916079
754999 109.953559
755999 106.765496
756999 110.943653
757999 104.911297
758999 105.878136
759999 106.229291
760999 103.211431
761999 106.722874
762999 104.653430
763999 101.696791
764999 104.308312
765999 105.618120
766999 106.721662
767999 108.574672
768999 106.425326
769999 101.608105
770999 107.351102
771999 103.185002
772999 104.853634
773999 109.818582
774999 105.572867
775999 106.946028
776999 105.436104
777999 105.961853
778999 106.415007
779999 105.106409
780999 108.651066
781999 108.414797
782999 108.765983
783999 101.625181
784999 106.991454
785999 109.336869
786999 108.137606
787999 108.838979
788999 107.004804
789999 105.096156
790999 110.547646
791999 106.288051
792999 105.450234
793999 105.826962
794999 105.981024
795999 99.802102
796999 101.241075
797999 105.913596
798999 105.977788
799999 105.353321
800999 105.022193
801999 110.401865
802999 106.345334
803999 104.879605
804999 106.872227
805999 107.342009
806999 101.483310
807999 101.984016
808999 102.477934
809999 106.309788
810999 108.293842
811999 101.606173
812999 106.209320
813999 111.400099
814999 102.958381
815999 106.573935
816999 108.132060
817999 107.842096
818999 111.073751
819999 112.231407
820999 110.816386
821999 111.731471
822999 112.209549
823999 109.607522
824999 106.066061
825999 109.783921
826999 112.832289
827999 108.948735
828999 106.594928
829999 108.125140
830999 110.777728
831999 107.957536
832999 109.168192
833999 112.092684
834999 113.039524
835999 111.940571
836999 110.576737
837999 108.492858
838999 111.699137
839999 114.200714
840999 113.434997
841999 107.866940
842999 112.723756
843999 111.581879
844999 112.734157
845999 108.427921
846999 108.746787
847999 113.235547
848999 110.461899
849999 115.320799
850999 109.648557
851999 110.932899
852999 106.763440
853999 112.624817
854999 113.029609
855999 106.768498
856999 109.901862
857999 114.009995
858999 110.255080
859999 110.970321
860999 103.773152
861999 112.630636
862999 109.091827
863999 112.046258
864999 108.848389
865999 109.872876
866999 112.122492
867999 111.118554
868999 109.328604
869999 109.766214
870999 110.944258
871999 109.180175
872999 109.198825
873999 106.376778
874999 111.313339
875999 108.365149
876999 107.725254
877999 104.773564
878999 108.433327
879999 109.169490
880999 108.741998
881999 107.163491
882999 106.153244
883999 101.282708
884999 102.084673
885999 103.315203
886999 104.044575
887999 102.119575
888999 103.117851
889999 103.224512
890999 103.347980
891999 107.332745
892999 103.762545
893999 106.513921
894999 102.696471
895999 102.601396
896999 105.135053
897999 104.243693
898999 101.672211
899999 100.564242
900999 102.298128
901999 104.504961
902999 102.326844
903999 102.177128
904999 103.769202
905999 103.118626
906999 102.749254
907999 100.577050
908999 98.520830
909999 101.133803
910999 99.907652
911999 99.521680
912999 103.678263
913999 99.262067
914999 105.587828
915999 103.495134
916999 101.258520
917999 101.885304
918999 103.134927
919999 102.530541
920999 99.396257
921999 101.698309
922999 104.250087
923999 102.811479
924999 98.678358
925999 103.204589
926999 99.575100
927999 101.735948
928999 104.069906
929999 101.220529
930999 104.618448
931999 100.878154
932999 101.526103
933999 104.647544
934999 107.501016
935999 104.578552
936999 101.063228
937999 100.776858
938999 107.055875
939999 105.790993
940999 104.203810
941999 104.603977
942999 106.084020
943999 103.596489
944999 107.927912
945999 106.577271
946999 105.785433
947999 106.734661
948999 104.331092
949999 104.924922
950999 105.523520
951999 106.475986
952999 107.086007
953999 108.334646
954999 104.304745
955999 106.201356
956999 104.454803
957999 103.566375
958999 107.811658
959999 107.850500
960999 104.770337
961999 105.657233
962999 106.247462
963999 106.328249
964999 102.063623
965999 106.198142
966999 104.236538
967999 106.385509
968999 107.769537
969999 101.199206
970999 101.245202
971999 91.077881
972999 96.753888
973999 107.585638
974999 101.566831
975999 105.135535
976999 108.239716
977999 102.308877
978999 108.939943
979999 108.613403
980999 108.227918
981999 108.276688
982999 106.822072
983999 114.220396
984999 110.114775
985999 111.760385
986999 104.645792
987999 113.130288
988999 108.577152
989999 108.987364
990999 109.100531
991999 106.527892
992999 112.145220
993999 109.766614
994999 107.617521
995999 107.173658
996999 111.155415
997999 109.022294
998999 108.117585
999999 107.444607
1000999 107.238207
1001999 108.574973
1002999 112.916020
1003999 107.611171
1004999 111.976938
1005999 108.504103
1006999 109.515756
1007999 107.842096
1008999 112.951886
1009999 108.669107
1010999 107.385094
1011999 106.251040
1012999 104.397192
1013999 102.287378
1014999 102.803986
1015999 110.022477
1016999 105.276272
1017999 107.420558
1018999 108.688479
1019999 102.618912
1020999 104.796301
1021999 107.136170
1022999 107.675892
1023999 104.767527
1024999 107.552931
1025999 102.203911
1026999 107.684087
1027999 105.659046
1028999 108.209922
1029999 107.075735
1030999 104.895653
1031999 105.387312
1032999 101.936587
1033999 107.713523
1034999 103.582953
1035999 105.678903
1036999 107.882500
1037999 108.798531
1038999 105.470400
1039999 109.939472
1040999 109.036900
1041999 107.052245
1042999 105.314809
1043999 107.745289
1044999 108.154954
1045999 109.013888
1046999 112.038138
1047999 109.708834
1048999 106.619191
1049999 107.476819
1050999 108.583677
1051999 104.415004
1052999 107.323328
1053999 105.493038
1054999 107.183319
1055999 108.863423
1056999 111.314222
1057999 107.204284
1058999 103.069952
1059999 101.301914
1060999 108.068136
1061999 107.356806
1062999 105.337144
1063999 104.833833
1064999 102.246020
1065999 101.565691
1066999 105.871214
1067999 103.955431
1068999 103.186926
1069999 103.777169
1070999 105.553635
1071999 100.908978
1072999 103.285192
1073999 107.421676
1074999 106.406712
1075999 106.333032
1076999 108.590178
1077999 104.552730
1078999 104.871630
1079999 104.146127
1080999 107.622386
1081999 105.556980
1082999 111.068711
1083999 105.246506
1084999 103.425507
1085999 109.523687
1086999 106.255581
1087999 104.200543
1088999 111.912972
1089999 109.754350
1090999 109.722094
1091999 109.523431
1092999 111.715716
1093999 111.673325
1094999 111.191710
1095999 108.914586
1096999 106.229620
1097999 110.883451
1098999 113.762721
1099999 110.240605
1100999 104.745419
1101999 104.881741
1102999 104.160902
1103999 104.760180
1104999 106.085487
1105999 101.879096
1106999 109.089220
1107999 93.873942
1108999 102.752103
1109999 104.187256
1110999 105.906501
1111999 105.299584
1112999 109.706722
1113999 108.093883
1114999 109.272748
1115999 110.435936
1116999 105.103780
1117999 110.149355
1118999 105.851680
1119999 106.019793
1120999 107.007287
1121999 114.163631
1122999 109.309279
1123999 111.358457
1124999 111.969579
1125999 108.460992
1126999 112.873158
1127999 111.768051
1128999 109.821158
1129999 112.718644
1130999 115.754126
1131999 105.979334
1132999 110.025100
1133999 110.626212
1134999 108.118883
1135999 106.956597
1136999 110.917354
1137999 106.329015
1138999 110.548226
1139999 106.323923
1140999 106.330375
1141999 107.676430
1142999 109.060562
1143999 108.029770
1144999 110.430293
1145999 107.754722
1146999 107.849705
1147999 109.784349
1148999 109.119437
1149999 109.840370
1150999 107.084442
1151999 107.580066
1152999 110.860044
1153999 111.953151
1154999 107.683647
1155999 109.682752
1156999 108.991515
1157999 109.541489
1158999 111.205386
1159999 110.770400
1160999 110.679098
1161999 111.209440
1162999 112.301846
1163999 106.549567
1164999 108.226668
1165999 107.872860
1166999 111.707547
1167999 107.753882
1168999 107.148465
1169999 106.923135
1170999 107.886003
1171999 106.276729
1172999 107.651391
1173999 106.653776
1174999 108.555461
1175999 108.055649
1176999 109.593375
1177999 108.481613
1178999 108.699129
1179999 105.421599
1180999 102.891063
1181999 106.778447
1182999 104.995609
1183999 102.043268
1184999 102.044508
1185999 105.386653
1186999 107.587825
1187999 108.865291
1188999 107.914833
1189999 107.235160
1190999 109.380030
1191999 110.071518
1192999 110.200565
1193999 110.286916
1194999 109.548580
1195999 107.835615
1196999 108.512577
1197999 106.643490
1198999 106.345886
1199999 105.649757
1200999 106.338577
1201999 106.447208
1202999 110.385955
1203999 108.167247
1204999 109.019524
1205999 111.667106
1206999 108.693902
1207999 108.958945
1208999 106.774110
1209999 108.197136
1210999 108.232331
1211999 104.597032
1212999 105.708607
1213999 106.344277
1214999 105.222465
1215999 102.324396
1216999 100.918760
1217999 106.126079
1218999 106.732368
1219999 106.658886
1220999 102.661884
1221999 106.683315
1222999 103.273770
1223999 108.914489
1224999 104.036406
1225999 106.186270
1226999 105.450347
1227999 105.464946
1228999 109.543163
1229999 105.443200
1230999 104.638552
1231999 104.551242
1232999 106.420762
1233999 106.500361
1234999 108.358357
1235999 104.967424
1236999 105.388699
1237999 108.157152
1238999 109.774434
1239999 107.115087
1240999 108.163552
1241999 108.217540
1242999 110.091212
1243999 110.168358
1244999 109.914364
1245999 108.647358
1246999 108.333856
1247999 105.744907
1248999 110.609866
1249999 107.607277
1250999 106.292475
1251999 108.039484
1252999 105.747637
1253999 111.010989
1254999 110.373278
1255999 110.125935
1256999 110.088165
1257999 106.451704
1258999 112.059501
1259999 110.749145
1260999 111.148132
1261999 110.391640
1262999 106.782025
1263999 111.953664
1264999 112.269835
1265999 112.348169
1266999 111.740864
1267999 109.817544
1268999 113.863265
1269999 111.673022
1270999 112.859841
1271999 111.920697
1272999 115.290221
1273999 113.826776
1274999 113.548644
1275999 113.526687
1276999 112.631488
1277999 111.017970
1278999 111.072096
1279999 111.889650
1280999 113.379374
1281999 113.207289
1282999 110.592070
1283999 113.391385
1284999 111.109553
1285999 112.264006
1286999 108.900420
1287999 110.426410
1288999 112.789418
1289999 109.361833
1290999 107.440370
1291999 109.874149
1292999 111.953317
1293999 112.604325
1294999 113.791470
1295999 113.882543
1296999 114.791246
1297999 114.664707
1298999 116.066971
1299999 115.655047
1300999 113.642415
1301999 113.486865
1302999 115.546160
1303999 116.971155
1304999 113.125456
1305999 114.588070
1306999 116.418229
1307999 109.883424
1308999 115.139243
1309999 113.536694
1310999 114.173014
1311999 113.041012
1312999 113.223818
1313999 114.416912
1314999 112.822986
1315999 108.283450
1316999 110.830111
1317999 110.717413
1318999 111.730051
1319999 110.003079
1320999 109.423494
1321999 112.021408
1322999 108.338123
1323999 111.920475
1324999 112.254393
1325999 111.089307
1326999 109.627373
1327999 108.362212
1328999 115.701295
1329999 109.774474
1330999 115.244099
1331999 108.512270
1332999 112.320699
1333999 113.490663
1334999 112.505314
1335999 107.447787
1336999 113.175165
1337999 112.485870
1338999 111.282780
1339999 113.691836
1340999 110.328556
1341999 113.952663
1342999 115.237456
1343999 112.025113
1344999 112.836858
1345999 111.218950
1346999 109.966766
1347999 111.088090
1348999 110.945464
1349999 113.710616
1350999 111.697981
1351999 106.961505
1352999 112.492493
1353999 110.733853
1354999 107.029850
1355999 109.161681
1356999 110.928239
1357999 106.108968
1358999 104.710918
1359999 110.087834
1360999 106.428639
1361999 106.073175
1362999 108.184699
1363999 109.075418
1364999 107.858934
1365999 106.579742
1366999 112.589069
1367999 107.657727
1368999 107.530893
1369999 109.304587
1370999 111.550418
1371999 106.854536
1372999 109.756313
1373999 109.006252
1374999 108.106263
1375999 110.910465
1376999 111.622218
1377999 109.569909
1378999 109.441454
1379999 111.669771
1380999 108.564392
1381999 103.510719
1382999 107.933381
1383999 110.585354
1384999 108.849774
1385999 105.982423
1386999 106.138015
1387999 108.502475
1388999 106.222136
1389999 106.604277
1390999 110.443442
1391999 109.083333
1392999 109.336524
1393999 109.253020
1394999 106.687716
1395999 108.634730
1396999 109.171491
1397999 108.217036
1398999 103.239537
1399999 106.447007
1400999 108.522951
1401999 104.469091
1402999 111.508915
1403999 110.021796
1404999 111.265442
1405999 108.643817
1406999 111.856663
1407999 109.275124
1408999 108.107737
1409999 106.072417
1410999 110.067564
1411999 107.323742
1412999 106.974046
1413999 104.350853
1414999 110.126284
1415999 106.257666
1416999 108.635489
1417999 109.747960
1418999 109.514371
1419999 111.669204
1420999 110.743385
1421999 110.248647
1422999 112.928797
1423999 111.056321
1424999 111.377560
1425999 109.711273
1426999 105.752529
1427999 108.061583
1428999 109.834793
1429999 104.916487
1430999 105.972144
1431999 107.089229
1432999 108.184677
1433999 111.443039
1434999 108.539364
1435999 103.051242
1436999 104.587588
1437999 105.216543
1438999 104.845925
1439999 108.772835
1440999 107.485013
1441999 107.120954
1442999 106.360691
1443999 108.589760
1444999 110.440461
1445999 110.355071
1446999 112.682441
1447999 108.188954
1448999 110.059619
1449999 108.257443
1450999 110.773797
1451999 109.859319
1452999 103.551233
1453999 111.165392
1454999 108.071508
1455999 106.940111
1456999 106.873421
1457999 108.191721
1458999 106.077950
1459999 105.637395
1460999 104.467191
1461999 108.734458
1462999 110.760745
1463999 100.181179
1464999 102.226290
1465999 105.214689
1466999 107.291848
1467999 106.547244
1468999 104.386207
1469999 102.606885
1470999 96.390238
1471999 105.140666
1472999 102.218476
1473999 100.568279
1474999 99.480876
1475999 103.028566
1476999 101.782127
1477999 100.351326
1478999 99.778567
1479999 100.261603
1480999 97.506214
1481999 101.577519
1482999 102.600725
1483999 100.303503
1484999 102.989901
1485999 102.967514
1486999 106.799536
1487999 98.915963
1488999 102.685659
1489999 101.642995
1490999 101.956529
1491999 101.876768
1492999 102.250622
1493999 102.710478
1494999 101.461211
1495999 106.849538
1496999 103.471378
1497999 108.816337
1498999 104.026823
1499999 106.401916
1500999 110.600839
1501999 106.576207
1502999 101.366355
1503999 108.791124
1504999 107.570382
1505999 104.271533
1506999 107.416845
1507999 109.089447
1508999 105.472750
1509999 110.829563
1510999 106.839043
1511999 107.400107
1512999 110.213846
1513999 106.465909
1514999 106.270662
1515999 104.579626
1516999 111.452617
1517999 108.553376
1518999 103.473610
1519999 108.835034
1520999 105.936338
1521999 105.845155
1522999 113.639709
1523999 112.007072
1524999 103.357780
1525999 105.442274
1526999 109.803458
1527999 106.527050
1528999 105.968950
1529999 106.168295
1530999 107.707152
1531999 107.313779
1532999 105.344071
1533999 108.832684
1534999 108.909645
1535999 111.253113
1536999 108.018836
1537999 108.538676
1538999 105.983238
1539999 110.528360
1540999 110.975650
1541999 108.462257
1542999 108.582232
1543999 109.003957
1544999 113.369779
1545999 109.673978
1546999 113.215991
1547999 115.254526
1548999 111.644910
1549999 111.536695
1550999 113.126479
1551999 111.558412
1552999 106.816151
1553999 110.080020
1554999 111.971147
1555999 111.679440
1556999 104.041374
1557999 110.260329
1558999 107.404962
1559999 107.107966
1560999 113.561735
1561999 107.120683
1562999 109.103383
1563999 108.927717
1564999 109.999449
1565999 110.304360
1566999 109.776726
1567999 107.467712
1568999 108.696578
1569999 105.726980
1570999 108.788936
1571999 110.902244
1572999 109.326412
1573999 107.848633
1574999 111.991946
1575999 114.377526
1576999 108.088541
1577999 110.492111
1578999 106.532898
1579999 107.960231
1580999 106.570778
1581999 107.800287
1582999 106.833451
1583999 114.137507
1584999 113.335039
1585999 106.490415
1586999 108.808198
1587999 111.835966
1588999 107.374650
1589999 106.973394
1590999 112.227873
1591999 108.268469
1592999 105.471898
1593999 107.860895
1594999 109.322643
1595999 103.767454
1596999 108.188648
1597999 115.584094
1598999 114.428147
1599999 110.194219
1600999 107.895549
1601999 113.652847
1602999 111.167000
1603999 114.410342
1604999 114.313132
1605999 114.968909
1606999 111.180081
1607999 114.469135
1608999 113.809104
1609999 112.001632
1610999 113.588815
1611999 110.403865
1612999 112.530576
1613999 112.420050
1614999 114.242985
1615999 115.151015
1616999 113.465896
1617999 113.604661
1618999 115.008997
1619999 111.743887
1620999 112.977783
1621999 113.794720
1622999 115.866936
1623999 113.021952
1624999 113.587589
1625999 118.027463
1626999 114.917184
1627999 114.947874
1628999 115.775839
1629999 113.387342
1630999 111.419364
1631999 111.454873
1632999 114.891870
1633999 113.886754
1634999 113.338348
1635999 112.490886
1636999 114.823186
1637999 113.231347
1638999 110.298345
1639999 115.646514
1640999 114.221097
1641999 112.082112
1642999 117.311871
1643999 113.852386
1644999 111.387401
1645999 116.505459
1646999 115.483397
1647999 115.016206
1648999 114.430439
1649999 117.203497
1650999 117.597639
1651999 115.741533
1652999 117.002666
1653999 114.899904
1654999 115.423540
1655999 117.093016
1656999 108.532895
1657999 110.590371
1658999 116.170120
1659999 115.317141
1660999 113.206411
1661999 111.161179
1662999 112.400228
1663999 114.004504
1664999 109.486623
1665999 111.662572
1666999 113.908573
1667999 112.401120
1668999 115.946961
1669999 118.082264
1670999 116.841347
1671999 111.682415
1672999 110.935718
1673999 112.717083
1674999 112.993153
1675999 113.791161
1676999 110.958733
1677999 113.621020
1678999 111.914481
1679999 106.400510
1680999 114.225907
1681999 112.373266
1682999 114.979865
1683999 112.354752
1684999 110.007465
1685999 112.070755
1686999 111.248001
1687999 110.542817
1688999 113.055149
1689999 112.686540
1690999 111.248486
1691999 109.120987
1692999 111.689281
1693999 110.163376
1694999 110.562142
1695999 108.937298
1696999 111.913229
1697999 112.826873
1698999 112.495896
1699999 110.864329
1700999 110.187142
1701999 111.344830
1702999 112.876052
1703999 114.459526
1704999 113.834016
1705999 111.012166
1706999 110.941672
1707999 113.790847
1708999 114.220546
1709999 110.859341
1710999 110.960840
1711999 109.150376
1712999 113.869434
1713999 114.057670
1714999 112.890585
1715999 112.966328
1716999 114.946167
1717999 113.101396
1718999 111.660391
1719999 117.151950
1720999 113.323390
1721999 117.179602
1722999 115.649682
1723999 110.593581
1724999 112.063542
1725999 111.409795
1726999 120.095007
1727999 116.278813
1728999 114.962379
1729999 112.987638
1730999 113.163308
1731999 117.018681
1732999 115.287370
1733999 116.774571
1734999 114.317787
1735999 115.823061
1736999 113.309059
1737999 114.183384
1738999 116.478359
1739999 111.396101
1740999 118.100987
1741999 116.514163
1742999 115.337867
1743999 117.397804
1744999 117.582163
1745999 119.929636
1746999 114.669031
1747999 116.121424
1748999 116.508766
1749999 117.979532
1750999 118.209239
1751999 117.495431
1752999 119.504511
1753999 115.318182
1754999 113.367091
1755999 118.000664
1756999 122.401515
1757999 123.727178
1758999 119.832032
1759999 119.572818
1760999 117.886106
1761999 120.941073
1762999 123.955172
1763999 118.967158
1764999 120.191727
1765999 120.718521
1766999 121.300311
1767999 119.198197
1768999 117.738078
1769999 115.767038
1770999 122.048104
1771999 122.103184
1772999 119.808667
1773999 118.590794
1774999 120.580935
1775999 119.200083
1776999 119.296242
1777999 120.889860
1778999 121.522473
1779999 120.153890
1780999 115.945855
1781999 121.030916
1782999 121.384692
1783999 116.301109
1784999 120.110754
1785999 120.620949
1786999 120.929023
1787999 121.190163
1788999 120.502244
1789999 118.326484
1790999 119.583167
1791999 119.413251
1792999 120.274492
1793999 121.279310
1794999 119.278300
1795999 119.137027
1796999 119.741433
1797999 118.899886
1798999 116.490283
1799999 118.855575
1800999 116.245902
1801999 115.714513
1802999 115.198363
1803999 113.754976
1804999 113.994247
1805999 117.335633
1806999 113.856055
1807999 115.670400
1808999 114.810001
1809999 116.126734
1810999 112.573261
1811999 111.350262
1812999 116.507771
1813999 112.222530
1814999 115.418737
1815999 107.536181
1816999 120.092890
1817999 120.105797
1818999 115.314579
1819999 112.384973
1820999 118.895216
1821999 117.009071
1822999 113.994507
1823999 115.550089
1824999 116.045139
1825999 118.452617
1826999 118.009943
1827999 119.330630
1828999 116.089055
1829999 115.016113
1830999 117.660551
1831999 115.409846
1832999 114.554966
1833999 117.935957
1834999 117.863209
1835999 120.047164
1836999 116.020478
1837999 117.805995
1838999 122.116950
1839999 119.158731
1840999 116.452825
1841999 115.147438
1842999 119.314184
1843999 115.374768
1844999 116.971070
1845999 116.500124
1846999 113.461150
1847999 117.840881
1848999 118.946246
1849999 116.345778
1850999 116.245596
1851999 117.997374
1852999 118.950152
1853999 115.951289
1854999 117.015732
1855999 120.697175
1856999 115.954473
1857999 115.537818
1858999 118.257909
1859999 118.710697
1860999 110.828531
1861999 116.123866
1862999 113.450777
1863999 116.522414
1864999 110.669422
1865999 114.050454
1866999 117.547307
1867999 114.356451
1868999 116.951251
1869999 114.660970
1870999 111.962171
1871999 113.592836
1872999 115.494022
1873999 117.833725
1874999 118.203827
1875999 116.354352
1876999 119.138256
1877999 115.071854
1878999 113.656966
1879999 115.162944
1880999 117.769703
1881999 118.756893
1882999 119.487413
1883999 116.432570
1884999 121.328925
1885999 121.269275
1886999 116.798141
1887999 120.718814
1888999 119.356828
1889999 118.404074
1890999 115.328632
1891999 116.888251
1892999 120.887937
1893999 116.806180
1894999 112.686564
1895999 118.533980
1896999 120.417856
1897999 111.491752
1898999 116.103835
1899999 114.368594
1900999 114.113201
1901999 113.280839
1902999 115.049137
1903999 114.268445
1904999 117.276638
1905999 114.912267
1906999 119.053743
1907999 115.935499
1908999 116.210004
1909999 115.306969
1910999 115.045726
1911999 114.556288
1912999 113.583911
1913999 114.773606
1914999 114.353615
1915999 111.113716
1916999 110.495785
1917999 107.006937
1918999 112.347682
1919999 113.126338
1920999 113.046117
1921999 115.995741
1922999 114.879997
1923999 113.128922
1924999 112.486707
1925999 110.177492
1926999 114.523291
1927999 106.428415
1928999 111.414551
1929999 113.190557
1930999 114.079635
1931999 108.536792
1932999 110.523457
1933999 111.217801
1934999 110.776356
1935999 111.594323
1936999 111.511837
1937999 110.347547
1938999 108.042454
1939999 112.227864
1940999 110.024714
1941999 106.933813
1942999 112.063843
1943999 111.603225
1944999 112.670250
1945999 111.635880
1946999 110.923464
1947999 113.679079
1948999 107.159018
1949999 112.993587
1950999 112.828406
1951999 107.104464
1952999 113.854306
1953999 110.560382
1954999 109.463472
1955999 108.077745
1956999 108.136050
1957999 112.008339
1958999 109.400860
1959999 112.354889
1960999 108.710882
1961999 114.259754
1962999 111.061008
1963999 110.313085
1964999 110.951884
1965999 110.436757
1966999 109.002332
1967999 108.553918
1968999 111.357090
1969999 109.992383
1970999 110.048429
1971999 111.668824
1972999 111.194222
1973999 111.268576
1974999 107.719133
1975999 111.763780
1976999 115.409173
1977999 107.555761
1978999 110.842332
1979999 109.639581
1980999 113.050644
1981999 110.710125
1982999 107.987859
1983999 114.335784
1984999 111.008749
1985999 116.109284
1986999 111.579912
1987999 113.027294
1988999 116.413977
1989999 110.906883
1990999 113.660122
1991999 112.345084
1992999 109.924145
1993999 110.811523
1994999 115.386589
1995999 110.805094
1996999 113.321596
1997999 112.277620
1998999 109.179510
1999999 114.164983
