999 19.958608
1999 10.420391
2999 6.265099
3999 -5.506911
4999 -6.431142
5999 10.351287
6999 -16.738747
7999 12.190055
8999 11.874366
9999 -7.448941
10999 11.996274
11999 12.695496
12999 1.140665
13999 14.478515
14999 10.835902
15999 18.503324
16999 20.760712
17999 12.603139
18999 16.496761
19999 14.582958
20999 9.246358
21999 13.407708
22999 11.906511
23999 19.748753
24999 20.092939
25999 12.361618
26999 23.599326
27999 21.557296
28999 21.613333
29999 29.128617
30999 25.835945
31999 28.474132
32999 32.381594
33999 37.543646
34999 40.185429
35999 36.168874
36999 31.303619
37999 38.480484
38999 33.438738
39999 32.128879
40999 32.638753
41999 37.995438
42999 37.037990
43999 37.616931
44999 36.442137
45999 37.607785
46999 39.744810
47999 37.115401
48999 36.637908
49999 35.241758
50999 38.326510
51999 38.371265
52999 38.634905
53999 40.102157
54999 42.346585
55999 37.675697
56999 41.639830
57999 37.311390
58999 43.488445
59999 39.313327
60999 37.841217
61999 37.352611
62999 36.280181
63999 39.505707
64999 36.755050
65999 41.512302
66999 41.914231
67999 43.573148
68999 37.292569
69999 39.763122
70999 46.805530
71999 37.790727
72999 36.646195
73999 45.268078
74999 38.155899
75999 42.408395
76999 41.262163
77999 51.404862
78999 38.893710
79999 42.019014
80999 43.816481
81999 42.146354
82999 41.861301
83999 48.094995
84999 41.987767
85999 41.164701
86999 41.160618
87999 41.663281
88999 40.326300
89999 42.430933
90999 37.538979
91999 42.771857
92999 47.544671
93999 48.242459
94999 49.850841
95999 48.406677
96999 41.480804
97999 50.258456
98999 45.078369
99999 63.353852
100999 55.177602
101999 58.822747
102999 30.731212
103999 44.493271
104999 59.729487
105999 52.145222
106999 57.522544
107999 56.620175
108999 57.875526
109999 60.478104
110999 52.997050
111999 64.400683
112999 62.640221
113999 58.046896
114999 63.951481
115999 65.361950
116999 70.076691
117999 82.522335
118999 69.692370
119999 68.921813
120999 63.401035
121999 58.356313
122999 69.647085
123999 74.094708
124999 75.195963
125999 61.530129
126999 78.535191
127999 71.176102
128999 74.003770
129999 72.808827
130999 70.978609
131999 92.897744
132999 84.537033
133999 78.614886
134999 75.212083
135999 80.285928
136999 77.192859
137999 92.666560
138999 87.337949
139999 91.656653
140999 87.141622
141999 81.284263
142999 92.659033
143999 80.161170
144999 88.209505
145999 86.262401
146999 90.854316
147999 85.182598
148999 91.601154
149999 84.277347
150999 86.674338
151999 94.356367
152999 95.617510
153999 61.428302
154999 87.855412
155999 90.192358
156999 85.807555
157999 90.840806
158999 96.285993
159999 90.749052
160999 84.063373
161999 93.474071
162999 84.807797
163999 83.947982
164999 93.982899
165999 82.767575
166999 94.564810
167999 100.910105
168999 95.859774
169999 101.714613
170999 82.408031
171999 96.473569
172999 90.489491
173999 80.721770
174999 85.938339
175999 83.660891
176999 81.792119
177999 86.466720
178999 83.252830
179999 85.768051
180999 78.744190
181999 80.891417
182999 86.903343
183999 87.004017
184999 84.457829
185999 80.968006
186999 71.524493
187999 79.948151
188999 5.744592
189999 78.626504
190999 78.741192
191999 84.425365
192999 77.933895
193999 89.059446
194999 82.091374
195999 77.465415
196999 84.315864
197999 80.445990
198999 85.103193
199999 88.146284
200999 84.746076
201999 84.803598
202999 81.239825
203999 89.326669
204999 90.919330
205999 80.017852
206999 81.418519
207999 80.530869
208999 82.624360
209999 79.717220
210999 75.995931
211999 77.808500
212999 88.805711
213999 87.257447
214999 84.525508
215999 82.159291
216999 86.487767
217999 84.315302
218999 83.359405
219999 83.356587
220999 88.895961
221999 81.778737
222999 73.890468
223999 80.783140
224999 87.008839
225999 85.298821
226999 83.012966
227999 72.464518
228999 81.736788
229999 72.979057
230999 78.769962
231999 80.470320
232999 85.958510
233999 86.664126
234999 78.707310
235999 74.849256
236999 81.855363
237999 87.185575
238999 83.002901
239999 82.774831
240999 79.967453
241999 79.241396
242999 85.693935
243999 83.963311
244999 82.545031
245999 90.187090
246999 86.641187
247999 83.719053
248999 88.923123
249999 81.793361
250999 88.565098
251999 88.622933
252999 83.467482
253999 86.904520
254999 90.745302
255999 89.578463
256999 82.586313
257999 81.477920
258999 84.715254
259999 87.049369
260999 86.434486
261999 92.016936
262999 90.491780
263999 86.418163
264999 84.952675
265999 84.831058
266999 88.925468
267999 85.677290
268999 88.327755
269999 88.100979
270999 88.130920
271999 85.247832
272999 86.892309
273999 85.151980
274999 85.187538
275999 84.647377
276999 84.955365
277999 92.548741
278999 88.676251
279999 91.202174
280999 86.800131
281999 89.993504
282999 93.149084
283999 95.669931
284999 88.384578
285999 85.046094
286999 87.966494
287999 88.039120
288999 86.058659
289999 88.203093
290999 84.840261
291999 85.124668
292999 86.680073
293999 85.368360
294999 84.552257
295999 81.754963
296999 83.972964
297999 86.500377
298999 95.613218
299999 93.038950
300999 82.446209
301999 88.788925
302999 90.328410
303999 86.412506
304999 83.127945
305999 88.150159
306999 79.941863
307999 86.329910
308999 88.238988
309999 93.201232
310999 84.864766
311999 92.173044
312999 84.691978
313999 88.195184
314999 87.619943
315999 86.602188
316999 90.364113
317999 89.147206
318999 79.851984
319999 93.099848
320999 90.015162
321999 84.640032
322999 82.945806
323999 88.632756
324999 86.175058
325999 86.516944
326999 82.409655
327999 85.263364
328999 84.348818
329999 81.753191
330999 84.167822
331999 77.924685
332999 81.764611
333999 85.659025
334999 85.670588
335999 88.936933
336999 84.661223
337999 82.595453
338999 85.211195
339999 88.230376
340999 87.337295
341999 85.707165
342999 84.863106
343999 82.745477
344999 82.912609
345999 84.157325
346999 84.885173
347999 80.271292
348999 84.046954
349999 88.244680
350999 90.394996
351999 85.318088
352999 89.839229
353999 83.322680
354999 85.720680
355999 87.912018
356999 87.815891
357999 85.863891
358999 83.824790
359999 88.252680
360999 90.691909
361999 85.656331
362999 83.952382
363999 86.079896
364999 88.445269
365999 82.150118
366999 90.898043
367999 88.660780
368999 82.820881
369999 86.147366
370999 90.086425
371999 86.416508
372999 88.624160
373999 85.132827
374999 78.946695
375999 79.251377
376999 86.036600
377999 87.791639
378999 82.505714
379999 84.017270
380999 85.791600
381999 85.584695
382999 87.020587
383999 79.434204
384999 81.491531
385999 81.798017
386999 84.117185
387999 79.168037
388999 78.959495
389999 86.314982
390999 88.683126
391999 82.986684
392999 84.017705
393999 90.845043
394999 89.064290
395999 87.143315
396999 84.283464
397999 82.486949
398999 89.315313
399999 86.309415
400999 85.887817
401999 90.757305
402999 87.516222
403999 85.342714
404999 84.257371
405999 88.601368
406999 84.423309
407999 90.463418
408999 88.691578
409999 93.493950
410999 80.767232
411999 81.277268
412999 82.171681
413999 84.661747
414999 87.994617
415999 85.717779
416999 89.594735
417999 86.166926
418999 90.794005
419999 85.363738
420999 89.498852
421999 86.188694
422999 87.162956
423999 90.689112
424999 85.945466
425999 91.674267
426999 86.587173
427999 93.097061
428999 88.770662
429999 85.639122
430999 90.828868
431999 90.164327
432999 90.035470
433999 91.737658
434999 76.624108
435999 90.532211
436999 87.359165
437999 83.873665
438999 87.856563
439999 85.975833
440999 89.143955
441999 88.133055
442999 92.008791
443999 93.999727
444999 91.598070
445999 95.789286
446999 97.868167
447999 93.348712
448999 94.782651
449999 94.980769
450999 91.116155
451999 85.309977
452999 91.075035
453999 90.787996
454999 96.434373
455999 86.128539
456999 95.560904
457999 91.933246
458999 92.394996
459999 89.753830
460999 94.405519
461999 89.383672
462999 89.254362
463999 91.810720
464999 88.500936
465999 91.519236
466999 88.085147
467999 92.740009
468999 92.428485
469999 91.850295
470999 85.177791
471999 90.739027
472999 91.811147
473999 93.165024
474999 92.871646
475999 89.054187
476999 93.734945
477999 87.084628
478999 89.980980
479999 90.677217
480999 95.048516
481999 92.122596
482999 89.149163
483999 87.660619
484999 93.760906
485999 90.513687
486999 89.345010
487999 89.081292
488999 90.942021
489999 89.223772
490999 86.957019
491999 90.662336
492999 83.538378
493999 83.853085
494999 93.204162
495999 86.204454
496999 88.367895
497999 93.851360
498999 94.662324
499999 94.651713
500999 91.229152
501999 90.706959
502999 91.415551
503999 94.639230
504999 92.083288
505999 89.990059
506999 91.232518
507999 89.974152
508999 89.184272
509999 96.140208
510999 91.216435
511999 96.452202
512999 89.967358
513999 90.840619
514999 88.578204
515999 94.246606
516999 86.423961
517999 78.852652
518999 88.283474
519999 84.014809
520999 85.265620
521999 92.731275
522999 91.663424
523999 89.012477
524999 86.024472
525999 89.151471
526999 79.742782
527999 91.266268
528999 89.347705
529999 93.451561
530999 91.943776
531999 93.864486
532999 89.339076
533999 89.748803
534999 87.036944
535999 96.008974
536999 88.453380
537999 93.618797
538999 89.094520
539999 90.489738
540999 89.673728
541999 89.715018
542999 94.413428
543999 92.298546
544999 95.285528
545999 98.382768
546999 86.755016
547999 91.064182
548999 94.384404
549999 91.908691
550999 89.272664
551999 89.559470
552999 87.478415
553999 92.565918
554999 88.622035
555999 95.585852
556999 83.156004
557999 92.858067
558999 96.129270
559999 94.225335
560999 93.852693
561999 90.565181
562999 83.655232
563999 91.319736
564999 87.804981
565999 93.212589
566999 87.964179
567999 87.595652
568999 89.528164
569999 92.514820
570999 91.338776
571999 92.630179
572999 95.418554
573999 98.338077
574999 99.056081
575999 91.978695
576999 98.627703
577999 94.918468
578999 96.347405
579999 94.196437
580999 96.237109
581999 90.819164
582999 86.553603
583999 95.917717
584999 97.375265
585999 94.883281
586999 97.185174
587999 95.961072
588999 94.368330
589999 85.830269
590999 92.102444
591999 95.365379
592999 95.175845
593999 95.256768
594999 93.965480
595999 91.841242
596999 89.764047
597999 90.264087
598999 102.455806
599999 95.464100
600999 102.405923
601999 101.950357
602999 100.576448
603999 101.237378
604999 93.313578
605999 94.571672
606999 101.980978
607999 97.270917
608999 91.929755
609999 97.700251
610999 97.821575
611999 95.337973
612999 96.520584
613999 99.384571
614999 96.556047
615999 92.801272
616999 97.688210
617999 92.900673
618999 98.327070
619999 95.478186
620999 93.599208
621999 95.026818
622999 88.806761
623999 92.895097
624999 91.627259
625999 93.255220
626999 92.440066
627999 93.020577
628999 93.069698
629999 93.530379
630999 92.157769
631999 91.583442
632999 83.785399
633999 91.265241
634999 92.069694
635999 90.637453
636999 88.638437
637999 82.955692
638999 81.439175
639999 89.929024
640999 89.914606
641999 92.635051
642999 92.745010
643999 93.700333
644999 87.305494
645999 85.694439
646999 83.519695
647999 87.840629
648999 73.470075
649999 84.002683
650999 82.481042
651999 74.478420
652999 79.126563
653999 84.734725
654999 84.117262
655999 87.389215
656999 86.895334
657999 90.015934
658999 91.646506
659999 78.973371
660999 74.652222
661999 77.021324
662999 85.901993
663999 95.334382
664999 93.463663
665999 94.783859
666999 98.086128
667999 89.783108
668999 81.334513
669999 77.003649
670999 91.778619
671999 86.880947
672999 75.418615
673999 87.854127
674999 91.926391
675999 87.959814
676999 89.051622
677999 92.738645
678999 79.233835
679999 84.784948
680999 89.086991
681999 101.397687
682999 92.702526
683999 96.238659
684999 98.856062
685999 98.545259
686999 102.216478
687999 88.733131
688999 96.690900
689999 91.413273
690999 96.194716
691999 96.127819
692999 99.124236
693999 102.023918
694999 97.339295
695999 94.470926
696999 98.972127
697999 92.033076
698999 97.322576
699999 98.972483
700999 99.989560
701999 99.011784
702999 99.451564
703999 99.294153
704999 98.833433
705999 91.117869
706999 101.401328
707999 96.838197
708999 101.229986
709999 98.196630
710999 100.816776
711999 102.811705
712999 96.158459
713999 98.081224
714999 98.162421
715999 98.297032
716999 99.162114
717999 96.919398
718999 96.594271
719999 95.886322
720999 91.807994
721999 100.276778
722999 99.066890
723999 88.595868
724999 97.453075
725999 100.307179
726999 95.027166
727999 94.691352
728999 85.817099
729999 88.498268
730999 91.320589
731999 94.332960
732999 93.815031
733999 95.853523
734999 94.471128
735999 99.124719
736999 98.558531
737999 95.262637
738999 94.475716
739999 95.265566
740999 97.443712
741999 90.590314
742999 95.537992
743999 99.577788
744999 96.134227
745999 95.469840
746999 94.023529
747999 92.867953
748999 88.803004
749999 96.334273
750999 86.087076
751999 93.285794
752999 95.902469
753999 94.994308
754999 91.544752
755999 91.526312
756999 97.449263
757999 92.901211
758999 99.354917
759999 90.551180
760999 98.690828
761999 81.790706
762999 93.434829
763999 89.221716
764999 91.800046
765999 94.700117
766999 96.330489
767999 89.757269
768999 91.453277
769999 96.044929
770999 96.378741
771999 96.739369
772999 98.835172
773999 98.989258
774999 92.247546
775999 97.393340
776999 92.665913
777999 93.829189
778999 99.290370
779999 97.548078
780999 100.183308
781999 98.191560
782999 100.328571
783999 98.063580
784999 102.321419
785999 101.622710
786999 104.077221
787999 102.600347
788999 103.930858
789999 100.236870
790999 97.353844
791999 92.300032
792999 97.898401
793999 102.321258
794999 95.526329
795999 101.807482
796999 96.846570
797999 99.997157
798999 105.837392
799999 104.301229
800999 99.292646
801999 98.733731
802999 102.454020
803999 98.150622
804999 98.413929
805999 98.631052
806999 100.835318
807999 99.838652
808999 102.756149
809999 97.206153
810999 104.561404
811999 102.207332
812999 101.509540
813999 103.898302
814999 102.061508
815999 98.680184
816999 102.547060
817999 104.524163
818999 99.187296
819999 100.227502
820999 104.339726
821999 99.717820
822999 96.920724
823999 102.230751
824999 99.205999
825999 101.610142
826999 94.197355
827999 102.766193
828999 104.842965
829999 101.497772
830999 102.779858
831999 102.579342
832999 94.569916
833999 100.909090
834999 99.044559
835999 100.543972
836999 100.372300
837999 99.194640
838999 100.871825
839999 98.947258
840999 101.042131
841999 102.601922
842999 101.505478
843999 106.028994
844999 101.753815
845999 103.504981
846999 103.117214
847999 106.166644
848999 101.999597
849999 101.918735
850999 100.499243
851999 99.368598
852999 103.778729
853999 100.082602
854999 100.071697
855999 103.048404
856999 103.059509
857999 104.513987
858999 102.816963
859999 106.151570
860999 102.391722
861999 101.281605
862999 97.541056
863999 98.521527
864999 99.624054
865999 102.017638
866999 95.810245
867999 102.263373
868999 102.719545
869999 98.942119
870999 98.788109
871999 98.403018
872999 100.685128
873999 99.574751
874999 101.936160
875999 101.905695
876999 100.060540
877999 102.848173
878999 104.304318
879999 105.471061
880999 98.449909
881999 96.338157
882999 98.762452
883999 98.921599
884999 100.328964
885999 102.324325
886999 100.725554
887999 99.140410
888999 101.293983
889999 96.711717
890999 93.708214
891999 99.098409
892999 99.322222
893999 100.767481
894999 98.422933
895999 95.647331
896999 97.135567
897999 99.481567
898999 96.076112
899999 99.860299
900999 104.967452
901999 100.498720
902999 101.617416
903999 99.960505
904999 101.314847
905999 99.706850
906999 99.601591
907999 99.241401
908999 101.498554
909999 96.320520
910999 95.233724
911999 97.249467
912999 98.629855
913999 97.935462
914999 94.096606
915999 95.869198
916999 98.839789
917999 99.853128
918999 98.278247
919999 100.402800
920999 99.177292
921999 96.417072
922999 97.232335
923999 98.444032
924999 101.354962
925999 100.157823
926999 98.442880
927999 94.599268
928999 94.574738
929999 94.116259
930999 93.774219
931999 98.019570
932999 96.321627
933999 88.035888
934999 94.253532
935999 95.796961
936999 96.312029
937999 91.546941
938999 95.072051
939999 88.697270
940999 92.876440
941999 96.224826
942999 90.092213
943999 90.472328
944999 82.963326
945999 89.857101
946999 85.692416
947999 91.271191
948999 84.579145
949999 89.227569
950999 78.443619
951999 89.372557
952999 80.911253
953999 88.243979
954999 66.691601
955999 93.790346
956999 85.326203
957999 92.779543
958999 87.665411
959999 87.518994
960999 84.153158
961999 80.075992
962999 83.924748
963999 82.446973
964999 89.094456
965999 86.285435
966999 83.965401
967999 89.450773
968999 87.027458
969999 86.172452
970999 83.944222
971999 92.341730
972999 81.232086
973999 95.581436
974999 77.129913
975999 95.752479
976999 91.248959
977999 98.794469
978999 95.774042
979999 92.720247
980999 104.092962
981999 98.532155
982999 102.205032
983999 95.207378
984999 101.983764
985999 103.121428
986999 103.696823
987999 106.261792
988999 101.953237
989999 103.134618
990999 95.721859
991999 101.915151
992999 98.114750
993999 101.383280
994999 103.026468
995999 96.114470
996999 96.610164
997999 100.707931
998999 98.103213
999999 95.497202
1000999 100.330539
1001999 104.135690
1002999 100.234032
1003999 98.166977
1004999 107.773220
1005999 103.322350
1006999 101.399955
1007999 100.059488
1008999 100.064402
1009999 96.746639
1010999 97.817303
1011999 97.406743
1012999 95.002829
1013999 87.403604
1014999 88.982261
1015999 97.102863
1016999 97.946610
1017999 97.327052
1018999 98.151496
1019999 97.831320
1020999 96.003327
1021999 94.988729
1022999 98.433950
1023999 96.190467
1024999 94.816749
1025999 97.720536
1026999 91.255178
1027999 94.835208
1028999 97.075568
1029999 96.880486
1030999 94.404435
1031999 98.228073
1032999 98.091079
1033999 91.847491
1034999 95.663524
1035999 95.961507
1036999 97.647939
1037999 98.707638
1038999 94.469779
1039999 93.899276
1040999 91.544904
1041999 88.903669
1042999 95.493888
1043999 96.274580
1044999 92.537948
1045999 98.660732
1046999 99.081707
1047999 94.490724
1048999 92.524951
1049999 91.950808
1050999 96.190633
1051999 90.772630
1052999 90.437519
1053999 95.946448
1054999 95.085230
1055999 87.640270
1056999 94.275472
1057999 93.937271
1058999 94.891897
1059999 95.740106
1060999 97.246900
1061999 96.671725
1062999 98.318138
1063999 96.327514
1064999 99.305814
1065999 95.641839
1066999 103.250493
1067999 98.329675
1068999 100.460018
1069999 98.520428
1070999 98.195163
1071999 103.062008
1072999 102.952205
1073999 98.563885
1074999 102.911213
1075999 99.871943
1076999 98.693079
1077999 103.175122
1078999 99.162858
1079999 103.406717
1080999 100.742855
1081999 99.667151
1082999 103.120404
1083999 98.997015
1084999 103.125216
1085999 101.811412
1086999 102.450585
1087999 100.778114
1088999 102.472833
1089999 103.189342
1090999 101.559569
1091999 101.869665
1092999 103.087394
1093999 99.651135
1094999 93.652388
1095999 98.102644
1096999 101.566189
1097999 101.553398
1098999 100.246958
1099999 100.119748
1100999 96.462129
1101999 97.155492
1102999 100.250899
1103999 101.775843
1104999 104.326043
1105999 97.610127
1106999 104.870888
1107999 103.714034
1108999 104.361936
1109999 103.842887
1110999 103.731705
1111999 103.431711
1112999 101.612093
1113999 98.311873
1114999 102.168704
1115999 105.869551
1116999 98.645378
1117999 100.235853
1118999 92.770987
1119999 99.944826
1120999 96.143215
1121999 97.353748
1122999 100.389122
1123999 101.033163
1124999 100.548503
1125999 96.907841
1126999 101.878206
1127999 97.827579
1128999 98.029041
1129999 103.764168
1130999 99.516470
1131999 101.098091
1132999 100.137965
1133999 101.665710
1134999 104.943982
1135999 101.821505
1136999 104.322545
1137999 104.267965
1138999 100.563751
1139999 102.645917
1140999 99.395641
1141999 103.990715
1142999 103.508485
1143999 104.006133
1144999 101.022974
1145999 101.405893
1146999 99.687081
1147999 96.529765
1148999 105.246593
1149999 101.790078
1150999 106.105840
1151999 102.679729
1152999 106.694491
1153999 102.571822
1154999 100.723288
1155999 106.343556
1156999 108.363572
1157999 103.134463
1158999 100.478164
1159999 106.751997
1160999 105.755960
1161999 101.339688
1162999 105.914778
1163999 103.478252
1164999 96.747106
1165999 102.608896
1166999 102.390192
1167999 102.312474
1168999 100.648711
1169999 103.744183
1170999 97.030775
1171999 99.814611
1172999 101.000383
1173999 102.541120
1174999 105.016540
1175999 97.458495
1176999 95.820887
1177999 93.979315
1178999 99.234468
1179999 106.220088
1180999 104.252588
1181999 106.003805
1182999 104.432357
1183999 109.874323
1184999 102.739946
1185999 102.213273
1186999 107.074031
1187999 105.487745
1188999 106.025288
1189999 106.729643
1190999 106.610606
1191999 104.734700
1192999 108.222201
1193999 107.298999
1194999 107.073407
1195999 105.347744
1196999 102.171510
1197999 108.424258
1198999 105.542158
1199999 98.317132
1200999 104.713731
1201999 103.339123
1202999 105.585410
1203999 103.451001
1204999 102.602067
1205999 105.027100
1206999 102.986242
1207999 103.468161
1208999 104.113490
1209999 107.501041
1210999 105.991412
1211999 105.430385
1212999 105.335802
1213999 104.313899
1214999 104.621429
1215999 109.368158
1216999 102.502983
1217999 107.363220
1218999 104.840696
1219999 109.194794
1220999 107.836798
1221999 105.060122
1222999 105.912415
1223999 102.318316
1224999 108.471216
1225999 104.537650
1226999 106.779599
1227999 103.160882
1228999 99.789585
1229999 105.094696
1230999 101.027435
1231999 104.793579
1232999 103.756680
1233999 104.607155
1234999 100.008542
1235999 95.448226
1236999 105.047758
1237999 99.994268
1238999 101.915753
1239999 110.556968
1240999 101.154914
1241999 109.496610
1242999 109.718457
1243999 109.031417
1244999 106.071121
1245999 107.165289
1246999 108.325141
1247999 105.977284
1248999 109.014565
1249999 110.535196
1250999 109.074031
1251999 108.821157
1252999 103.843451
1253999 103.527873
1254999 111.973326
1255999 109.287119
1256999 108.617994
1257999 108.833684
1258999 109.538816
1259999 107.353121
1260999 109.638327
1261999 108.441802
1262999 105.882915
1263999 112.453826
1264999 106.184343
1265999 111.507228
1266999 111.820321
1267999 113.035685
1268999 107.969958
1269999 111.641424
1270999 117.468905
1271999 102.719871
1272999 109.448750
1273999 116.113277
1274999 112.301082
1275999 113.191462
1276999 110.214401
1277999 110.658659
1278999 109.707903
1279999 103.878783
1280999 109.444607
1281999 107.150423
1282999 111.996462
1283999 113.817440
1284999 103.704318
1285999 111.750045
1286999 108.971465
1287999 106.186934
1288999 112.585440
1289999 114.070902
1290999 112.932469
1291999 112.952599
1292999 117.349407
1293999 116.653423
1294999 113.193367
1295999 114.460557
1296999 116.127629
1297999 115.009844
1298999 113.263500
1299999 114.625341
1300999 116.002986
1301999 114.175875
1302999 106.190824
1303999 112.181730
1304999 117.714909
1305999 119.984057
1306999 108.456156
1307999 113.606666
1308999 117.208875
1309999 104.271989
1310999 115.312977
1311999 112.436922
1312999 106.132218
1313999 104.137729
1314999 115.228868
1315999 112.202557
1316999 109.438078
1317999 114.715012
1318999 114.805721
1319999 116.149321
1320999 117.249134
1321999 114.328310
1322999 111.649280
1323999 112.949363
1324999 107.383444
1325999 116.116691
1326999 114.029249
1327999 113.484807
1328999 117.420579
1329999 116.909476
1330999 110.599273
1331999 110.896557
1332999 117.041549
1333999 113.506895
1334999 112.420206
1335999 106.765392
1336999 115.591983
1337999 114.451856
1338999 112.954943
1339999 112.290448
1340999 106.677322
1341999 109.554125
1342999 111.617332
1343999 110.633920
1344999 112.635924
1345999 107.209114
1346999 109.175487
1347999 108.393614
1348999 112.220088
1349999 107.142522
1350999 105.456997
1351999 111.554920
1352999 107.869437
1353999 109.804735
1354999 113.268703
1355999 105.872101
1356999 113.350386
1357999 108.757977
1358999 109.611761
1359999 107.049934
1360999 105.390143
1361999 106.737955
1362999 106.605576
1363999 105.621395
1364999 108.420031
1365999 103.516097
1366999 110.640013
1367999 104.138623
1368999 109.565347
1369999 112.123600
1370999 106.883930
1371999 106.765400
1372999 106.967496
1373999 108.478098
1374999 104.348957
1375999 108.151912
1376999 105.927074
1377999 104.848283
1378999 107.528834
1379999 106.050693
1380999 107.764788
1381999 111.612772
1382999 109.895506
1383999 109.582660
1384999 104.229288
1385999 108.544728
1386999 108.692805
1387999 109.761776
1388999 106.022751
1389999 106.306135
1390999 113.341661
1391999 106.597704
1392999 108.694697
1393999 108.778702
1394999 108.169750
1395999 108.799911
1396999 110.830539
1397999 107.502149
1398999 113.221803
1399999 110.800384
1400999 109.600895
1401999 111.106873
1402999 110.817779
1403999 109.958021
1404999 112.330615
1405999 111.355717
1406999 110.592320
1407999 111.663857
1408999 114.488552
1409999 110.959469
1410999 113.188660
1411999 114.068249
1412999 109.545866
1413999 112.824697
1414999 113.849491
1415999 107.933881
1416999 110.049669
1417999 110.878652
1418999 111.848060
1419999 111.171504
1420999 113.255977
1421999 110.716163
1422999 111.428183
1423999 109.390223
1424999 109.377755
1425999 110.690013
1426999 111.179621
1427999 110.715276
1428999 107.396315
1429999 114.577006
1430999 108.467829
1431999 113.013708
1432999 112.916154
1433999 116.346729
1434999 113.464313
1435999 112.205551
1436999 113.677115
1437999 109.257338
1438999 116.965213
1439999 111.295719
1440999 109.934892
1441999 106.218433
1442999 109.637782
1443999 113.909637
1444999 116.330145
1445999 112.745691
1446999 116.882915
1447999 114.205042
1448999 112.299877
1449999 115.935658
1450999 114.688272
1451999 116.085675
1452999 115.438054
1453999 113.061919
1454999 115.406364
1455999 112.191495
1456999 110.354855
1457999 109.467409
1458999 115.538251
1459999 115.934630
1460999 112.478796
1461999 111.699932
1462999 107.381229
1463999 111.132102
1464999 113.401092
1465999 115.274860
1466999 112.754238
1467999 106.437963
1468999 108.803221
1469999 112.087937
1470999 112.361689
1471999 108.007313
1472999 102.767293
1473999 114.491170
1474999 116.097741
1475999 114.810577
1476999 110.808782
1477999 112.094767
1478999 108.489213
1479999 109.007398
1480999 114.662994
1481999 106.697832
1482999 111.806023
1483999 112.276351
1484999 112.298143
1485999 113.800033
1486999 110.087636
1487999 106.344037
1488999 110.637472
1489999 103.639240
1490999 116.334077
1491999 104.853858
1492999 110.446218
1493999 106.554918
1494999 105.625233
1495999 110.041123
1496999 108.139773
1497999 109.275349
1498999 113.444382
1499999 108.592110
1500999 104.982389
1501999 110.243993
1502999 112.398360
1503999 107.628848
1504999 110.288175
1505999 111.224190
1506999 110.445814
1507999 113.516577
1508999 107.994508
1509999 113.085486
1510999 107.290767
1511999 115.976727
1512999 107.616328
1513999 108.468421
1514999 114.377438
1515999 114.225683
1516999 108.184477
1517999 114.144016
1518999 112.206506
1519999 111.310188
1520999 112.997011
1521999 106.445175
1522999 113.623427
1523999 107.752848
1524999 109.023167
1525999 112.409218
1526999 103.786853
1527999 112.682368
1528999 111.097595
1529999 111.268245
1530999 109.319110
1531999 110.918407
1532999 110.919583
1533999 111.064878
1534999 109.630595
1535999 109.651540
1536999 110.871005
1537999 107.968468
1538999 106.481896
1539999 110.961071
1540999 109.789049
1541999 109.760499
1542999 114.523555
1543999 111.586951
1544999 113.314073
1545999 103.764306
1546999 113.515376
1547999 115.640801
1548999 116.584568
1549999 108.177867
1550999 108.071795
1551999 110.974149
1552999 112.011730
1553999 109.595202
1554999 115.105452
1555999 109.342853
1556999 114.594901
1557999 112.886075
1558999 111.526124
1559999 114.903272
1560999 113.030486
1561999 109.141902
1562999 110.607015
1563999 114.770898
1564999 115.375912
1565999 112.843258
1566999 112.626371
1567999 111.552533
1568999 108.404605
1569999 108.638786
1570999 109.114049
1571999 109.827042
1572999 113.199034
1573999 106.000278
1574999 112.488592
1575999 118.338202
1576999 103.027162
1577999 115.621791
1578999 114.048256
1579999 115.824121
1580999 112.692230
1581999 111.479793
1582999 111.602351
1583999 115.118252
1584999 115.207924
1585999 115.585762
1586999 112.247147
1587999 115.414894
1588999 111.644614
1589999 111.188029
1590999 114.590795
1591999 114.409299
1592999 117.093471
1593999 108.254361
1594999 117.272275
1595999 114.450735
1596999 119.851539
1597999 111.234693
1598999 115.657517
1599999 120.815480
1600999 116.645735
1601999 117.459699
1602999 114.181212
1603999 114.223197
1604999 115.607951
1605999 115.759667
1606999 113.866577
1607999 115.916315
1608999 117.996069
1609999 116.272906
1610999 115.027190
1611999 115.251763
1612999 113.168901
1613999 113.532338
1614999 116.705434
1615999 115.509651
1616999 116.211954
1617999 114.249727
1618999 112.265174
1619999 116.628876
1620999 118.148134
1621999 121.862090
1622999 111.999497
1623999 118.681453
1624999 116.429393
1625999 116.898888
1626999 119.239608
1627999 112.943252
1628999 118.562637
1629999 116.670277
1630999 110.933547
1631999 116.743163
1632999 114.801332
1633999 120.071399
1634999 117.901417
1635999 116.816604
1636999 114.000447
1637999 116.154825
1638999 116.078376
1639999 116.780773
1640999 112.468410
1641999 116.601300
1642999 111.641701
1643999 115.243167
1644999 116.974325
1645999 110.376139
1646999 114.377843
1647999 115.232733
1648999 114.780935
1649999 115.925853
1650999 112.472280
1651999 115.966597
1652999 120.348561
1653999 113.306111
1654999 120.038442
1655999 112.349561
1656999 116.529208
1657999 112.126161
1658999 116.508424
1659999 117.046133
1660999 116.094941
1661999 119.575671
1662999 116.508572
1663999 120.199339
1664999 117.132029
1665999 109.677727
1666999 119.690265
1667999 115.011124
1668999 119.227757
1669999 119.477636
1670999 118.158441
1671999 116.047726
1672999 117.529775
1673999 110.289633
1674999 112.347725
1675999 113.417787
1676999 115.893082
1677999 117.653385
1678999 112.928049
1679999 117.085322
1680999 118.260801
1681999 112.190888
1682999 114.408809
1683999 108.576118
1684999 116.862625
1685999 113.149092
1686999 110.673222
1687999 113.377621
1688999 112.672935
1689999 116.877027
1690999 115.019361
1691999 116.408537
1692999 112.980285
1693999 112.246904
1694999 119.557255
1695999 115.223358
1696999 113.095390
1697999 109.104096
1698999 112.309288
1699999 109.702538
1700999 104.992393
1701999 111.054356
1702999 110.114564
1703999 112.335147
1704999 113.762663
1705999 113.155978
1706999 110.399984
1707999 107.406956
1708999 109.330286
1709999 113.874075
1710999 113.039718
1711999 114.325146
1712999 113.468878
1713999 115.388057
1714999 110.939133
1715999 115.232228
1716999 117.976736
1717999 116.444287
1718999 116.602172
1719999 111.728235
1720999 114.959012
1721999 110.263550
1722999 113.657348
1723999 107.150736
1724999 109.256792
1725999 109.474570
1726999 111.170851
1727999 114.128770
1728999 112.186206
1729999 114.494811
1730999 113.590464
1731999 112.116010
1732999 112.766293
1733999 110.855158
1734999 119.136079
1735999 113.683924
1736999 114.519840
1737999 114.625212
1738999 112.765028
1739999 106.850767
1740999 113.391195
1741999 108.472956
1742999 109.643176
1743999 113.862313
1744999 112.411529
1745999 108.374554
1746999 108.729518
1747999 107.544260
1748999 109.785740
1749999 106.526745
1750999 109.704227
1751999 112.124532
1752999 110.292745
1753999 110.315303
1754999 105.285108
1755999 109.586820
1756999 112.504974
1757999 108.982962
1758999 108.964835
1759999 110.926627
1760999 110.684390
1761999 112.433138
1762999 110.795702
1763999 111.448917
1764999 109.981996
1765999 111.534806
1766999 113.451932
1767999 112.328468
1768999 112.368737
1769999 111.899368
1770999 108.866241
1771999 112.747806
1772999 111.572505
1773999 113.473561
1774999 115.787854
1775999 110.359948
1776999 115.892057
1777999 109.973059
1778999 111.641214
1779999 112.476790
1780999 110.637315
1781999 112.536855
1782999 108.201053
1783999 115.651077
1784999 113.246066
1785999 107.485809
1786999 108.262683
1787999 110.936673
1788999 109.710689
1789999 107.821924
1790999 104.209081
1791999 110.644234
1792999 113.991392
1793999 112.588054
1794999 112.849965
1795999 114.356096
1796999 111.069572
1797999 111.638028
1798999 113.999948
1799999 110.309222
1800999 102.770743
1801999 106.629718
1802999 107.454302
1803999 112.722794
1804999 106.492363
1805999 104.921806
1806999 102.334209
1807999 106.422592
1808999 109.962371
1809999 109.223100
1810999 110.236285
1811999 110.920283
1812999 107.000569
1813999 113.920386
1814999 109.908532
1815999 109.187080
1816999 113.884113
1817999 110.477655
1818999 110.854016
1819999 111.099756
1820999 113.449242
1821999 107.733241
1822999 112.410248
1823999 110.518002
1824999 109.933417
1825999 115.579696
1826999 111.959561
1827999 110.486417
1828999 115.790887
1829999 114.194214
1830999 104.423660
1831999 115.971763
1832999 113.166227
1833999 109.946278
1834999 105.308637
1835999 114.794378
1836999 116.562074
1837999 112.215227
1838999 108.794401
1839999 114.836529
1840999 115.395866
1841999 111.704991
1842999 112.840860
1843999 114.292531
1844999 114.701567
1845999 118.389393
1846999 109.993861
1847999 115.680353
1848999 108.109949
1849999 112.908387
1850999 115.778822
1851999 113.820544
1852999 110.692015
1853999 103.427208
1854999 111.036069
1855999 113.513707
1856999 114.353660
1857999 117.738180
1858999 117.065227
1859999 112.768347
1860999 118.930774
1861999 114.539887
1862999 117.294622
1863999 116.544398
1864999 106.840944
1865999 116.520910
1866999 113.120191
1867999 114.855275
1868999 115.347080
1869999 112.641363
1870999 119.918133
1871999 114.659217
1872999 117.996568
1873999 115.973762
1874999 112.386906
1875999 118.926074
1876999 114.879139
1877999 113.400188
1878999 113.414050
1879999 115.974690
1880999 118.220971
1881999 116.484560
1882999 114.187112
1883999 116.744889
1884999 119.534986
1885999 112.985029
1886999 112.018680
1887999 117.290538
1888999 116.481972
1889999 118.455903
1890999 112.658061
1891999 114.997960
1892999 117.267120
1893999 111.699805
1894999 115.000784
1895999 115.799716
1896999 112.515644
1897999 115.200507
1898999 115.177160
1899999 113.346087
1900999 117.550087
1901999 115.573453
1902999 116.208277
1903999 116.425280
1904999 114.235900
1905999 114.899218
1906999 116.709070
1907999 114.413978
1908999 115.343002
1909999 103.767337
1910999 111.605501
1911999 116.311692
1912999 116.957588
1913999 113.469904
1914999 108.267812
1915999 115.048901
1916999 115.313690
1917999 115.203322
1918999 113.478062
1919999 108.519987
1920999 113.257455
1921999 115.746248
1922999 114.057258
1923999 112.583694
1924999 116.578354
1925999 116.176813
1926999 113.135114
1927999 115.603968
1928999 117.067836
1929999 115.888814
1930999 117.989453
1931999 119.262681
1932999 117.161100
1933999 115.530045
1934999 115.922323
1935999 111.031165
1936999 110.856215
1937999 117.393273
1938999 112.862742
1939999 112.354436
1940999 117.552958
1941999 117.609238
1942999 114.826077
1943999 110.717138
1944999 116.285311
1945999 118.390120
1946999 121.546297
1947999 114.387455
1948999 118.923848
1949999 114.738749
1950999 117.483637
1951999 115.123514
1952999 115.769239
1953999 114.479001
1954999 115.335143
1955999 113.559754
1956999 115.502145
1957999 113.215442
1958999 117.276070
1959999 116.353276
1960999 118.541476
1961999 117.691066
1962999 110.973354
1963999 112.531676
1964999 110.896264
1965999 111.289643
1966999 111.166027
1967999 113.697373
1968999 116.795839
1969999 116.168051
1970999 110.411908
1971999 107.893272
1972999 111.988625
1973999 114.391159
1974999 115.529122
1975999 111.504374
1976999 108.874903
1977999 116.008239
1978999 106.996837
1979999 115.126188
1980999 109.614683
1981999 115.723897
1982999 114.609793
1983999 117.332102
1984999 114.064234
1985999 116.299338
1986999 114.619533
1987999 116.490072
1988999 117.637915
1989999 118.715719
1990999 119.303295
1991999 116.338611
1992999 121.450054
1993999 122.985281
1994999 121.297152
1995999 115.329520
1996999 113.294971
1997999 116.185402
1998999 125.759364
1999999 117.409813
