999 6.180693
1999 14.499964
2999 -10.300087
3999 26.450762
4999 5.237521
5999 18.920117
6999 36.022131
7999 27.802640
8999 27.015548
9999 23.991908
10999 18.965943
11999 17.300585
12999 26.075842
13999 21.821528
14999 23.091657
15999 29.113256
16999 23.429835
17999 28.500273
18999 27.788830
19999 34.146509
20999 35.587928
21999 29.414505
22999 31.864926
23999 34.486931
24999 29.233646
25999 30.247438
26999 34.359047
27999 30.789127
28999 27.696657
29999 28.791242
30999 33.119879
31999 31.146850
32999 29.563208
33999 30.641550
34999 23.469221
35999 31.781056
36999 33.913937
37999 31.221966
38999 33.728729
39999 31.176260
40999 33.726563
41999 34.128316
42999 38.473500
43999 35.483974
44999 37.177321
45999 39.744043
46999 37.583055
47999 41.590739
48999 38.751428
49999 41.472980
50999 40.032615
51999 35.505481
52999 36.908707
53999 35.233977
54999 36.763551
55999 29.506770
56999 36.214034
57999 36.377140
58999 34.244358
59999 35.043134
60999 35.995166
61999 39.884129
62999 37.695597
63999 40.988908
64999 40.496886
65999 41.245572
66999 40.770498
67999 42.586000
68999 39.874205
69999 40.748921
70999 42.932061
71999 41.608148
72999 40.486577
73999 41.848765
74999 42.040369
75999 40.511636
76999 38.920655
77999 40.099061
78999 40.700051
79999 39.416361
80999 37.927954
81999 36.519966
82999 43.372628
83999 42.098723
84999 39.072569
85999 41.191097
86999 40.423594
87999 42.037403
88999 42.857293
89999 44.339015
90999 41.107660
91999 44.147792
92999 42.710328
93999 39.394023
94999 41.855520
95999 40.803063
96999 42.393443
97999 42.342051
98999 42.514281
99999 45.042750
100999 41.622773
101999 43.483246
102999 42.124689
103999 42.863204
104999 44.699434
105999 45.600282
106999 42.171989
107999 42.147960
108999 43.501357
109999 41.389286
110999 42.676020
111999 41.596809
112999 45.249331
113999 44.871209
114999 42.784154
115999 42.340559
116999 44.885092
117999 40.775033
118999 37.861580
119999 46.106671
120999 42.765861
121999 44.467873
122999 44.764878
123999 41.939485
124999 41.680823
125999 42.350686
126999 43.927563
127999 42.138471
128999 42.304768
129999 43.871173
130999 43.349351
131999 43.961976
132999 40.916867
133999 42.193682
134999 21.617252
135999 39.606190
136999 -10.060192
137999 42.997225
138999 26.311112
139999 9.578116
140999 -5.908181
141999 45.676897
142999 41.968659
143999 41.409344
144999 40.801405
145999 37.162742
146999 42.123393
147999 43.135613
148999 43.388943
149999 42.203655
150999 44.080963
151999 41.827782
152999 43.715717
153999 42.608920
154999 43.208578
155999 40.839910
156999 41.559963
157999 20.301901
158999 40.133120
159999 38.132998
160999 36.917413
161999 40.172544
162999 43.341752
163999 39.345418
164999 40.312636
165999 43.160146
166999 41.214581
167999 40.435312
168999 39.470431
169999 42.424711
170999 38.177989
171999 14.089099
172999 42.247856
173999 42.566309
174999 -17.158923
175999 45.585898
176999 43.003911
177999 45.734572
178999 41.481709
179999 44.656074
180999 9.144911
181999 48.377724
182999 38.226491
183999 41.621558
184999 43.569685
185999 38.313596
186999 46.743638
187999 42.961464
188999 45.399027
189999 43.997520
190999 48.466273
191999 46.717534
192999 46.323825
193999 46.511431
194999 43.354356
195999 49.661599
196999 42.426422
197999 43.177152
198999 47.979675
199999 42.978040
200999 46.798567
201999 45.066213
202999 44.592141
203999 48.007485
204999 44.081487
205999 42.371760
206999 43.451892
207999 45.342511
208999 47.747133
209999 45.193152
210999 46.295866
211999 46.351802
212999 49.134316
213999 42.369843
214999 49.160377
215999 41.222635
216999 46.523636
217999 46.701837
218999 42.599808
219999 43.575375
220999 46.558023
221999 39.825780
222999 47.281040
223999 42.089993
224999 42.168215
225999 47.518101
226999 43.732959
227999 42.807485
228999 43.795202
229999 43.925636
230999 43.381792
231999 45.072999
232999 44.536864
233999 44.079421
234999 44.432650
235999 45.092345
236999 42.115364
237999 43.573765
238999 43.713492
239999 45.033003
240999 44.826456
241999 46.731895
242999 44.015826
243999 44.224508
244999 46.255789
245999 43.375690
246999 44.598155
247999 46.076046
248999 45.065750
249999 44.132325
250999 44.327140
251999 45.462606
252999 45.691483
253999 43.251865
254999 46.329052
255999 44.628410
256999 45.439805
257999 44.967789
258999 45.377883
259999 47.488522
260999 46.429153
261999 45.812725
262999 48.016223
263999 49.193633
264999 47.950928
265999 48.655879
266999 46.290668
267999 47.918418
268999 45.675063
269999 46.571857
270999 49.007277
271999 47.102550
272999 47.570006
273999 45.734782
274999 48.707317
275999 45.609174
276999 46.577748
277999 45.283973
278999 45.257029
279999 46.055140
280999 48.300935
281999 42.491102
282999 49.325187
283999 46.612189
284999 45.927092
285999 43.202732
286999 43.998951
287999 47.167346
288999 48.278981
289999 44.014998
290999 46.761291
291999 43.512465
292999 46.773824
293999 43.423632
294999 46.965501
295999 47.809810
296999 46.864552
297999 47.342921
298999 45.717169
299999 44.979535
300999 43.012436
301999 47.811144
302999 43.101508
303999 48.064184
304999 45.568265
305999 47.205545
306999 45.571242
307999 48.098347
308999 48.413378
309999 44.851352
310999 47.534357
311999 47.182493
312999 48.920243
313999 48.334235
314999 47.620031
315999 49.197719
316999 50.020055
317999 47.366399
318999 46.476894
319999 54.459145
320999 48.081196
321999 52.559255
322999 52.894729
323999 46.683492
324999 53.826747
325999 48.874109
326999 49.112697
327999 49.814316
328999 51.005811
329999 53.846199
330999 48.001592
331999 49.767130
332999 53.377086
333999 50.146671
334999 49.451499
335999 52.171730
336999 51.072331
337999 52.288046
338999 53.547137
339999 51.790602
340999 53.325094
341999 53.451843
342999 50.836173
343999 50.824124
344999 46.574177
345999 47.336081
346999 49.414382
347999 52.253247
348999 44.674297
349999 52.635144
350999 46.513611
351999 51.803858
352999 48.786363
353999 52.392527
354999 53.658750
355999 51.798311
356999 51.436269
357999 54.231597
358999 48.564592
359999 54.142680
360999 51.867085
361999 53.743187
362999 54.274274
363999 52.132537
364999 53.342951
365999 50.146674
366999 52.511899
367999 54.378280
368999 51.659400
369999 53.476620
370999 54.214833
371999 51.982600
372999 52.770089
373999 54.362930
374999 52.269800
375999 52.678953
376999 53.102454
377999 55.303834
378999 53.525108
379999 54.309303
380999 53.615207
381999 51.903333
382999 55.435402
383999 54.925842
384999 54.439628
385999 51.391483
386999 54.864732
387999 54.982965
388999 51.743116
389999 53.760025
390999 54.594910
391999 54.497162
392999 55.031740
393999 56.307994
394999 56.553731
395999 55.441423
396999 56.216062
397999 53.996118
398999 58.323892
399999 55.062298
400999 55.415324
401999 52.933825
402999 54.854932
403999 56.405986
404999 54.498152
405999 54.498262
406999 55.417433
407999 56.987646
408999 57.771220
409999 53.060785
410999 56.988586
411999 54.380386
412999 56.341388
413999 55.284312
414999 54.609848
415999 53.956461
416999 55.819307
417999 53.372044
418999 55.203210
419999 55.543155
420999 55.116681
421999 56.340482
422999 55.731328
423999 54.589641
424999 54.997069
425999 56.356082
426999 57.610137
427999 57.697075
428999 57.082405
429999 57.551698
430999 57.798525
431999 57.100179
432999 57.764171
433999 62.145412
434999 60.834084
435999 58.212318
436999 57.152458
437999 61.374780
438999 58.061144
439999 56.905207
440999 60.272608
441999 54.897587
442999 59.844757
443999 62.691951
444999 59.250430
445999 57.094928
446999 61.375005
447999 56.811710
448999 58.712960
449999 53.987828
450999 57.232390
451999 56.772436
452999 57.239821
453999 62.072811
454999 59.516267
455999 57.686102
456999 59.516290
457999 59.896023
458999 57.718382
459999 61.788725
460999 63.118081
461999 64.622255
462999 63.832658
463999 65.794998
464999 64.816144
465999 67.561339
466999 66.322548
467999 63.933113
468999 65.699677
469999 67.413674
470999 68.551206
471999 66.911944
472999 62.982167
473999 67.593003
474999 64.886832
475999 66.767087
476999 66.103883
477999 67.631124
478999 66.487211
479999 64.729327
480999 64.445141
481999 66.950136
482999 67.193467
483999 67.098086
484999 55.451515
485999 65.075913
486999 63.213533
487999 69.674260
488999 69.342097
489999 67.593287
490999 70.547677
491999 72.314501
492999 74.711337
493999 65.371485
494999 72.969224
495999 70.913335
496999 72.690849
497999 71.083931
498999 57.243210
499999 50.143587
500999 53.009247
501999 55.627244
502999 48.432410
503999 54.322692
504999 59.467161
505999 53.716803
506999 -76.264854
507999 57.569238
508999 61.759107
509999 56.292891
510999 54.637600
511999 44.830648
512999 54.667691
513999 55.126552
514999 61.310699
515999 55.669168
516999 53.924967
517999 58.127506
518999 55.228996
519999 58.459167
520999 63.458748
521999 52.077151
522999 55.364264
523999 57.674838
524999 56.304166
525999 61.122600
526999 67.016509
527999 58.772552
528999 60.871403
529999 58.932251
530999 75.487568
531999 56.990360
532999 61.766570
533999 72.877662
534999 59.540832
535999 61.536907
536999 63.177122
537999 64.196816
538999 64.541426
539999 64.908619
540999 66.477703
541999 65.237918
542999 61.322362
543999 65.247393
544999 68.497044
545999 60.558694
546999 63.530440
547999 61.143101
548999 69.100587
549999 61.568152
550999 75.412131
551999 68.081147
552999 68.556888
553999 64.125715
554999 73.253164
555999 67.894316
556999 64.297051
557999 69.802761
558999 69.723895
559999 68.505559
560999 64.755425
561999 70.144282
562999 61.886175
563999 67.279724
564999 60.354620
565999 82.700016
566999 80.987160
567999 74.280664
568999 71.587674
569999 72.256877
570999 70.249535
571999 76.853778
572999 73.819075
573999 69.602553
574999 80.820173
575999 74.291169
576999 72.448253
577999 70.458778
578999 -41.151382
579999 -73.687566
580999 63.216193
581999 67.325711
582999 77.688738
583999 68.579499
584999 74.207041
585999 84.070128
586999 76.701170
587999 65.824575
588999 88.177161
589999 73.671414
590999 78.661286
591999 90.418032
592999 80.652289
593999 66.790317
594999 79.633995
595999 82.231912
596999 85.094641
597999 78.218750
598999 83.964164
599999 84.242647
600999 76.984806
601999 73.382328
602999 78.874202
603999 -23.215307
604999 -39.474504
605999 -58.166469
606999 -75.690889
607999 -20.337613
608999 -17.731934
609999 -38.270381
610999 -81.332087
611999 -77.773480
612999 -43.547491
613999 -73.655330
614999 -74.937601
615999 -72.377833
616999 -39.801174
617999 -62.081643
618999 -41.488504
619999 -54.698419
620999 -69.816332
621999 -73.937040
622999 -77.041356
623999 -39.611251
624999 -41.073128
625999 -77.210263
626999 -80.410314
627999 -69.970842
628999 -67.271796
629999 -77.305503
630999 -84.387478
631999 -84.318140
632999 -66.954996
633999 -70.635867
634999 -38.299708
635999 -77.801680
636999 -84.619545
637999 -71.147585
638999 -72.994364
639999 -68.870605
640999 -72.705917
641999 -79.838744
642999 -65.764271
643999 -64.149811
644999 -68.406413
645999 -80.906762
646999 -72.400144
647999 -73.641611
648999 -75.568559
649999 -59.850509
650999 -61.295142
651999 -54.806157
652999 -51.824377
653999 -48.965117
654999 -55.658588
655999 -52.737225
656999 -58.632890
657999 -50.372026
658999 -24.843205
659999 -42.333196
660999 17.355624
661999 -35.925958
662999 -40.730158
663999 -39.216839
664999 -41.798785
665999 1.390375
666999 -37.409317
667999 -27.905808
668999 72.193983
669999 -34.150174
670999 55.059016
671999 -21.390383
672999 33.386107
673999 -23.867086
674999 47.744684
675999 59.157168
676999 63.129973
677999 60.333531
678999 58.449237
679999 30.788946
680999 66.945220
681999 19.107262
682999 68.160027
683999 68.276185
684999 66.976983
685999 -23.715927
686999 67.910077
687999 46.755523
688999 51.959632
689999 0.523640
690999 57.445616
691999 82.432270
692999 9.390023
693999 -13.582494
694999 36.776782
695999 51.197316
696999 60.569143
697999 35.970206
698999 71.780222
699999 42.351874
700999 57.830566
701999 63.773910
702999 -5.217099
703999 56.335168
704999 15.883856
705999 31.358191
706999 33.911523
707999 28.825972
708999 31.396865
709999 33.964455
710999 30.996470
711999 31.058902
712999 34.506092
713999 26.819663
714999 45.140260
715999 34.975313
716999 30.124348
717999 29.246585
718999 24.518617
719999 18.553992
720999 35.349361
721999 25.924673
722999 37.935869
723999 17.948049
724999 20.428085
725999 35.892973
726999 49.173609
727999 28.200063
728999 33.780385
729999 39.576011
730999 35.055691
731999 42.792551
732999 26.704177
733999 28.809507
734999 35.394224
735999 26.704022
736999 39.651842
737999 37.931221
738999 39.858625
739999 24.829950
740999 37.487576
741999 32.430671
742999 34.866362
743999 29.263238
744999 32.840239
745999 34.499088
746999 32.499088
747999 26.390613
748999 30.514724
749999 29.369194
750999 33.120746
751999 29.096918
752999 27.791987
753999 21.170324
754999 41.082671
755999 34.514441
756999 32.930199
757999 33.842780
758999 39.690860
759999 36.014492
760999 43.898770
761999 29.399244
762999 35.354905
763999 32.037721
764999 38.890148
765999 39.757387
766999 34.993368
767999 33.477967
768999 35.341392
769999 34.133534
770999 34.089054
771999 34.067691
772999 39.234243
773999 39.547080
774999 40.402193
775999 38.953380
776999 38.843527
777999 39.442014
778999 42.364554
779999 37.070234
780999 38.195629
781999 38.559322
782999 38.211675
783999 34.278306
784999 34.224889
785999 37.419562
786999 32.735057
787999 45.732852
788999 45.300013
789999 43.542367
790999 44.039862
791999 43.382227
792999 43.623591
793999 30.699236
794999 41.316645
795999 43.618279
796999 37.986912
797999 44.033323
798999 47.385378
799999 36.202962
800999 42.065907
801999 44.974812
802999 41.289599
803999 43.002133
804999 37.094664
805999 32.841194
806999 35.849181
807999 30.860484
808999 38.296749
809999 29.655969
810999 34.093782
811999 36.593056
812999 40.728167
813999 36.436373
814999 35.538249
815999 41.228753
816999 37.225421
817999 40.806865
818999 39.710364
819999 41.359389
820999 35.764461
821999 38.874928
822999 41.607810
823999 41.992646
824999 35.534920
825999 39.342797
826999 43.198576
827999 42.083634
828999 42.556704
829999 38.620371
830999 39.063081
831999 42.104289
832999 40.872107
833999 40.356692
834999 40.884249
835999 43.929668
836999 40.231488
837999 40.836545
838999 38.485809
839999 41.366831
840999 44.255286
841999 43.810444
842999 42.825964
843999 41.561758
844999 41.639872
845999 41.256708
846999 41.543979
847999 42.701294
848999 41.930217
849999 40.387679
850999 41.118639
851999 41.674024
852999 43.038669
853999 40.010401
854999 40.870643
855999 37.049373
856999 41.859388
857999 41.636797
858999 40.636905
859999 40.920496
860999 39.610849
861999 39.670792
862999 38.347310
863999 37.542722
864999 40.143872
865999 39.622246
866999 42.978123
867999 43.057193
868999 41.262226
869999 41.952267
870999 39.620988
871999 37.719942
872999 43.909867
873999 41.476644
874999 42.013059
875999 38.482808
876999 43.888914
877999 40.714832
878999 39.107580
879999 43.379549
880999 41.493811
881999 36.004897
882999 38.554064
883999 43.410672
884999 38.762452
885999 37.972504
886999 46.640797
887999 42.645686
888999 39.147290
889999 47.072544
890999 44.952662
891999 39.647376
892999 42.847498
893999 43.503673
894999 44.598078
895999 42.284378
896999 45.902117
897999 43.995818
898999 49.187492
899999 42.432125
900999 42.717215
901999 42.262027
902999 39.643351
903999 45.160040
904999 41.159276
905999 43.232864
906999 40.538881
907999 42.238714
908999 48.534275
909999 43.202208
910999 43.140242
911999 43.498513
912999 40.566990
913999 44.794916
914999 38.362087
915999 45.636153
916999 42.638413
917999 44.593804
918999 44.787383
919999 46.695766
920999 46.869468
921999 44.393701
922999 43.009657
923999 41.783430
924999 42.026642
925999 40.025734
926999 42.473869
927999 46.201532
928999 41.851141
929999 42.564910
930999 43.124112
931999 44.550829
932999 39.539789
933999 40.184944
934999 37.836058
935999 38.107758
936999 43.762772
937999 43.781306
938999 36.105571
939999 40.214840
940999 37.110497
941999 40.797537
942999 36.418975
943999 39.005761
944999 41.326906
945999 40.598995
946999 38.686078
947999 42.551115
948999 43.759869
949999 47.187976
950999 45.812330
951999 42.329022
952999 46.220870
953999 44.786073
954999 42.790066
955999 41.466414
956999 38.808653
957999 41.866987
958999 38.672680
959999 36.852785
960999 38.022246
961999 37.969201
962999 40.475305
963999 40.271108
964999 40.804828
965999 37.501625
966999 36.223964
967999 37.413655
968999 34.805044
969999 36.536060
970999 42.183111
971999 40.024278
972999 39.678686
973999 37.245231
974999 38.647980
975999 38.436804
976999 40.009971
977999 33.775757
978999 35.090781
979999 36.840343
980999 36.423902
981999 38.313577
982999 37.159791
983999 39.881780
984999 37.152798
985999 -20.874369
986999 37.086244
987999 40.211167
988999 41.493605
989999 36.149592
990999 40.263207
991999 43.244300
992999 40.276721
993999 40.735409
994999 36.456560
995999 36.868808
996999 38.031040
997999 39.764332
998999 34.879346
999999 38.269258
1000999 39.845848
1001999 39.594293
1002999 43.677287
1003999 47.336980
1004999 44.081824
1005999 44.322260
1006999 38.184227
1007999 41.498327
1008999 41.407815
1009999 42.741088
1010999 39.077582
1011999 38.353946
1012999 40.186354
1013999 43.090757
1014999 38.551772
1015999 39.728501
1016999 41.948998
1017999 44.652905
1018999 46.927181
1019999 41.577931
1020999 41.184012
1021999 40.726287
1022999 47.072526
1023999 41.560995
1024999 44.294361
1025999 40.427258
1026999 46.098675
1027999 42.836949
1028999 46.133622
1029999 44.087700
1030999 44.952854
1031999 47.063559
1032999 46.701167
1033999 44.745828
1034999 43.553553
1035999 45.772462
1036999 46.618052
1037999 42.603232
1038999 46.809584
1039999 42.628024
1040999 42.466131
1041999 44.265480
1042999 42.043396
1043999 49.659916
1044999 47.216555
1045999 43.176517
1046999 43.670038
1047999 47.121965
1048999 40.673299
1049999 45.895156
1050999 46.604629
1051999 39.994359
1052999 40.116455
1053999 45.032973
1054999 45.368917
1055999 43.987816
1056999 44.647279
1057999 42.356967
1058999 46.069702
1059999 44.373343
1060999 43.105923
1061999 49.294156
1062999 44.131906
1063999 49.752205
1064999 45.250283
1065999 45.099277
1066999 47.827372
1067999 45.516560
1068999 45.826185
1069999 47.783987
1070999 46.127663
1071999 47.815096
1072999 47.196713
1073999 49.010771
1074999 50.169365
1075999 46.753929
1076999 47.517071
1077999 48.707920
1078999 47.843345
1079999 50.124963
1080999 49.806913
1081999 43.513616
1082999 46.273505
1083999 43.522992
1084999 50.764105
1085999 49.304153
1086999 47.444890
1087999 46.793623
1088999 47.183764
1089999 44.816615
1090999 45.858307
1091999 47.723251
1092999 53.111877
1093999 50.876215
1094999 52.153570
1095999 51.454829
1096999 49.871536
1097999 53.595807
1098999 50.714372
1099999 49.322027
1100999 51.143709
1101999 49.371388
1102999 48.879407
1103999 45.389064
1104999 46.475078
1105999 44.812894
1106999 47.035234
1107999 46.296207
1108999 48.176679
1109999 45.477621
1110999 46.313021
1111999 51.958439
1112999 41.357784
1113999 43.183314
1114999 47.665403
1115999 47.161009
1116999 45.465914
1117999 45.471586
1118999 45.573111
1119999 50.811733
1120999 46.671715
1121999 46.255289
1122999 49.165294
1123999 49.297352
1124999 47.987758
1125999 46.887676
1126999 53.536482
1127999 49.993259
1128999 46.978105
1129999 47.083166
1130999 50.732527
1131999 48.322153
1132999 49.123891
1133999 51.224217
1134999 45.962462
1135999 51.568362
1136999 50.248337
1137999 52.868745
1138999 46.910690
1139999 50.935205
1140999 49.291935
1141999 51.479286
1142999 50.800575
1143999 52.838380
1144999 51.759102
1145999 51.239470
1146999 46.883569
1147999 50.531943
1148999 36.054913
1149999 49.468738
1150999 45.809850
1151999 46.697594
1152999 65.407230
1153999 43.144353
1154999 45.889674
1155999 41.105812
1156999 19.036542
1157999 50.314392
1158999 41.963982
1159999 47.080801
1160999 61.798523
1161999 -7.019848
1162999 22.666777
1163999 48.427367
1164999 28.053824
1165999 32.600755
1166999 -0.802314
1167999 -0.193697
1168999 36.981579
1169999 37.250026
1170999 0.030130
1171999 52.205953
1172999 25.229526
1173999 52.672407
1174999 3.397797
1175999 40.390838
1176999 57.793821
1177999 15.077929
1178999 25.589651
1179999 -13.988213
1180999 22.481773
1181999 26.886283
1182999 29.634511
1183999 -3.088848
1184999 42.409270
1185999 50.904456
1186999 43.814175
1187999 48.425075
1188999 54.875998
1189999 31.232006
1190999 53.074313
1191999 38.512613
1192999 45.356865
1193999 52.571976
1194999 7.421338
1195999 45.072726
1196999 48.430399
1197999 61.138369
1198999 48.098904
1199999 41.269697
1200999 49.676687
1201999 46.336627
1202999 36.133089
1203999 43.924170
1204999 53.946741
1205999 39.940097
1206999 39.041443
1207999 29.653005
1208999 26.267268
1209999 47.948013
1210999 58.292063
1211999 45.859958
1212999 39.236553
1213999 63.894068
1214999 47.008249
1215999 17.239993
1216999 53.613724
1217999 61.394297
1218999 41.770488
1219999 48.484349
1220999 50.347598
1221999 51.949493
1222999 39.662769
1223999 43.881078
1224999 37.289053
1225999 65.369598
1226999 36.287291
1227999 56.280977
1228999 54.455496
1229999 49.487698
1230999 57.835090
1231999 55.445802
1232999 65.736219
1233999 49.889473
1234999 50.516860
1235999 51.078514
1236999 65.021948
1237999 55.802410
1238999 48.693088
1239999 50.474939
1240999 58.264546
1241999 48.502637
1242999 49.162006
1243999 63.404485
1244999 42.118727
1245999 57.136689
1246999 51.794387
1247999 55.224613
1248999 44.749810
1249999 50.018834
1250999 50.756898
1251999 40.929262
1252999 49.859740
1253999 65.911123
1254999 49.484553
1255999 51.946208
1256999 49.762903
1257999 56.248858
1258999 71.128228
1259999 45.262763
1260999 55.654674
1261999 48.290850
1262999 50.877840
1263999 68.242733
1264999 57.765408
1265999 47.159156
1266999 48.607103
1267999 49.659571
1268999 53.181189
1269999 48.431970
1270999 45.056591
1271999 58.088411
1272999 56.603738
1273999 69.367842
1274999 52.314483
1275999 52.448922
1276999 50.472751
1277999 44.107171
1278999 64.195649
1279999 69.196672
1280999 63.010843
1281999 61.856175
1282999 66.587933
1283999 58.632042
1284999 61.006934
1285999 48.024075
1286999 56.536607
1287999 67.245457
1288999 51.698732
1289999 62.805991
1290999 52.389729
1291999 48.554167
1292999 50.512448
1293999 46.708526
1294999 40.398183
1295999 50.635558
1296999 61.295843
1297999 65.299643
1298999 64.441910
1299999 67.138775
1300999 68.349692
1301999 53.892911
1302999 54.401916
1303999 50.290556
1304999 67.231965
1305999 53.681149
1306999 74.441046
1307999 69.836738
1308999 56.461701
1309999 55.463679
1310999 65.227367
1311999 66.073470
1312999 58.430980
1313999 54.861652
1314999 50.746663
1315999 69.523576
1316999 62.082123
1317999 61.406711
1318999 68.138258
1319999 79.026180
1320999 76.283945
1321999 61.059424
1322999 61.504981
1323999 62.594790
1324999 68.741351
1325999 60.043353
1326999 56.673129
1327999 62.396208
1328999 76.148670
1329999 51.066958
1330999 70.391606
1331999 70.999021
1332999 72.543478
1333999 67.996076
1334999 65.083674
1335999 75.820917
1336999 55.141782
1337999 58.511229
1338999 77.568940
1339999 61.099674
1340999 66.896145
1341999 66.442299
1342999 57.956439
1343999 63.756621
1344999 70.086196
1345999 68.671452
1346999 62.386413
1347999 58.673532
1348999 59.310262
1349999 67.218696
1350999 72.954739
1351999 69.550400
1352999 63.435656
1353999 63.776356
1354999 72.315569
1355999 68.025616
1356999 62.280977
1357999 68.433992
1358999 69.556078
1359999 61.812139
1360999 63.509426
1361999 80.989204
1362999 64.285183
1363999 75.963117
1364999 75.163114
1365999 72.525232
1366999 66.867694
1367999 66.370654
1368999 77.990102
1369999 76.857586
1370999 65.769120
1371999 79.839368
1372999 71.344272
1373999 72.835818
1374999 63.437585
1375999 77.668397
1376999 82.197357
1377999 67.810499
1378999 61.820641
1379999 74.066269
1380999 72.553573
1381999 67.402124
1382999 75.963539
1383999 66.948858
1384999 64.458352
1385999 67.549227
1386999 64.079442
1387999 70.067259
1388999 78.169305
1389999 81.354478
1390999 71.326017
1391999 70.999967
1392999 65.920685
1393999 68.612739
1394999 74.649267
1395999 70.162256
1396999 71.935198
1397999 70.895502
1398999 79.128341
1399999 79.562656
1400999 72.844787
1401999 79.224930
1402999 66.333958
1403999 74.581349
1404999 68.153487
1405999 71.379300
1406999 71.847250
1407999 73.234405
1408999 75.490656
1409999 79.489387
1410999 71.343092
1411999 72.567496
1412999 69.433225
1413999 69.746174
1414999 84.604206
1415999 71.885630
1416999 84.947626
1417999 67.243455
1418999 79.913822
1419999 63.051249
1420999 70.081291
1421999 71.909587
1422999 83.765741
1423999 67.561745
1424999 67.135474
1425999 83.115443
1426999 82.817826
1427999 81.527055
1428999 86.145492
1429999 72.323704
1430999 72.397470
1431999 71.806167
1432999 83.425555
1433999 67.253579
1434999 78.966385
1435999 85.896961
1436999 82.931213
1437999 70.371470
1438999 79.486889
1439999 87.719133
1440999 78.291743
1441999 86.721822
1442999 80.047689
1443999 81.822130
1444999 76.847174
1445999 87.053620
1446999 72.105534
1447999 76.491055
1448999 83.202885
1449999 79.662148
1450999 87.724996
1451999 82.348673
1452999 82.439908
1453999 74.373360
1454999 83.082483
1455999 76.062634
1456999 80.770301
1457999 71.460424
1458999 85.001012
1459999 72.421403
1460999 80.528933
1461999 73.358642
1462999 67.176192
1463999 74.238617
1464999 82.466568
1465999 75.622115
1466999 86.381162
1467999 88.910127
1468999 78.827549
1469999 76.857809
1470999 90.375956
1471999 79.801950
1472999 68.187309
1473999 82.777256
1474999 80.578642
1475999 86.265051
1476999 78.264564
1477999 72.219961
1478999 89.423792
1479999 80.604197
1480999 79.902585
1481999 69.681310
1482999 61.759829
1483999 81.099623
1484999 77.206975
1485999 79.221826
1486999 78.208920
1487999 71.405453
1488999 76.935927
1489999 84.811251
1490999 77.553924
1491999 86.765570
1492999 76.043528
1493999 75.138916
1494999 83.293622
1495999 72.253145
1496999 78.735939
1497999 84.951180
1498999 73.842159
1499999 80.631571
1500999 73.422473
1501999 81.211992
1502999 75.097776
1503999 83.052211
1504999 77.694736
1505999 76.354836
1506999 77.579091
1507999 75.950956
1508999 81.572859
1509999 80.677888
1510999 75.751620
1511999 75.667065
1512999 80.626650
1513999 89.316275
1514999 83.508280
1515999 83.374956
1516999 88.986416
1517999 85.297079
1518999 81.668550
1519999 82.395126
1520999 86.043795
1521999 78.847833
1522999 89.495096
1523999 75.094604
1524999 69.982512
1525999 78.638431
1526999 76.434602
1527999 84.782225
1528999 79.929834
1529999 80.259831
1530999 83.976101
1531999 85.401673
1532999 80.200972
1533999 81.628603
1534999 77.515440
1535999 75.464263
1536999 88.678411
1537999 93.613920
1538999 90.217482
1539999 82.786256
1540999 90.559454
1541999 95.335313
1542999 82.414861
1543999 89.306337
1544999 83.917413
1545999 89.940488
1546999 82.835249
1547999 80.259161
1548999 93.445611
1549999 92.205908
1550999 89.530414
1551999 93.098728
1552999 89.985842
1553999 95.177233
1554999 74.818359
1555999 93.528610
1556999 93.985819
1557999 92.842422
1558999 89.869065
1559999 88.326899
1560999 97.272184
1561999 91.601288
1562999 96.263863
1563999 94.443905
1564999 95.881728
1565999 89.762114
1566999 98.855556
1567999 96.974321
1568999 87.668920
1569999 82.065440
1570999 85.183446
1571999 88.524246
1572999 87.404244
1573999 79.803897
1574999 86.780096
1575999 92.835146
1576999 91.594088
1577999 95.251674
1578999 93.942314
1579999 91.523626
1580999 93.078493
1581999 93.168989
1582999 82.068934
1583999 87.484639
1584999 94.571260
1585999 83.299792
1586999 101.258277
1587999 89.445291
1588999 98.459425
1589999 80.865414
1590999 95.335992
1591999 90.664810
1592999 103.509588
1593999 89.852368
1594999 93.101148
1595999 101.004590
1596999 101.555025
1597999 100.343980
1598999 95.492922
1599999 101.425513
1600999 102.313782
1601999 94.934683
1602999 98.338390
1603999 103.852457
1604999 99.643268
1605999 96.168054
1606999 98.310130
1607999 99.481692
1608999 90.995760
1609999 100.625058
1610999 89.405890
1611999 97.436202
1612999 97.031131
1613999 99.689158
1614999 86.638257
1615999 98.111646
1616999 95.914677
1617999 98.497087
1618999 91.089680
1619999 100.663619
1620999 78.113607
1621999 99.277490
1622999 102.774232
1623999 97.120849
1624999 99.647546
1625999 100.622751
1626999 101.190605
1627999 100.397028
1628999 100.594126
1629999 99.009661
1630999 102.982952
1631999 99.962124
1632999 82.948707
1633999 106.628838
1634999 100.971428
1635999 91.994857
1636999 97.801615
1637999 92.418883
1638999 96.286320
1639999 87.036332
1640999 99.857738
1641999 91.324422
1642999 100.257609
1643999 102.516391
1644999 96.281755
1645999 81.502769
1646999 91.539877
1647999 89.528579
1648999 83.735337
1649999 98.093914
1650999 104.433839
1651999 102.129206
1652999 100.198943
1653999 101.321525
1654999 99.365810
1655999 84.658493
1656999 90.181339
1657999 95.541390
1658999 99.889882
1659999 101.919025
1660999 103.549288
1661999 95.215006
1662999 88.372942
1663999 89.458121
1664999 91.921263
1665999 86.289725
1666999 90.662928
1667999 87.359175
1668999 87.317963
1669999 95.151043
1670999 89.703536
1671999 96.199623
1672999 92.161202
1673999 90.529302
1674999 83.791959
1675999 90.805416
1676999 87.234186
1677999 97.620022
1678999 97.981452
1679999 95.220856
1680999 94.439463
1681999 95.788312
1682999 94.652459
1683999 84.124890
1684999 88.750381
1685999 92.578213
1686999 78.948694
1687999 83.838034
1688999 85.771395
1689999 90.402967
1690999 94.041004
1691999 90.386499
1692999 92.941445
1693999 78.428085
1694999 87.185826
1695999 91.745293
1696999 97.225322
1697999 90.369295
1698999 77.501135
1699999 96.324612
1700999 76.613738
1701999 84.178216
1702999 85.000786
1703999 81.609832
1704999 87.546434
1705999 89.127353
1706999 95.669895
1707999 95.362800
1708999 90.034593
1709999 84.943299
1710999 97.375858
1711999 90.977387
1712999 85.485371
1713999 87.817365
1714999 99.231264
1715999 97.748042
1716999 94.281194
1717999 97.246374
1718999 86.010488
1719999 82.438093
1720999 90.433991
1721999 92.510889
1722999 84.998126
1723999 93.126857
1724999 91.900150
1725999 89.108053
1726999 86.441561
1727999 97.475127
1728999 87.627768
1729999 84.829131
1730999 90.291604
1731999 87.580268
1732999 86.560084
1733999 96.638583
1734999 92.662192
1735999 93.127746
1736999 95.055243
1737999 94.057841
1738999 98.089381
1739999 91.672267
1740999 100.626861
1741999 98.575753
1742999 89.917398
1743999 89.054165
1744999 94.790459
1745999 91.589994
1746999 88.983367
1747999 83.568781
1748999 87.824217
1749999 87.729898
1750999 85.906661
1751999 80.759367
1752999 96.767503
1753999 87.070721
1754999 90.025697
1755999 89.198625
1756999 89.583645
1757999 95.566030
1758999 91.155750
1759999 94.654597
1760999 87.104433
1761999 92.652742
1762999 92.982874
1763999 93.541640
1764999 85.658686
1765999 87.798178
1766999 97.700787
1767999 91.955737
1768999 95.616220
1769999 88.971111
1770999 94.855689
1771999 101.330775
1772999 84.997738
1773999 91.706035
1774999 97.266382
1775999 97.879587
1776999 99.560404
1777999 97.234187
1778999 96.377455
1779999 98.283063
1780999 98.078039
1781999 92.358301
1782999 102.292221
1783999 103.131240
1784999 89.557991
1785999 105.202290
1786999 101.133095
1787999 97.403219
1788999 91.536862
1789999 93.413130
1790999 97.955070
1791999 90.652816
1792999 90.120155
1793999 91.720666
1794999 92.258106
1795999 98.680811
1796999 89.162290
1797999 94.256228
1798999 88.684978
1799999 86.671918
1800999 101.465561
1801999 101.120678
1802999 106.853579
1803999 87.717942
1804999 89.140158
1805999 88.914920
1806999 94.069878
1807999 92.352246
1808999 99.732699
1809999 96.537516
1810999 90.747935
1811999 93.382231
1812999 87.463269
1813999 100.644937
1814999 92.954353
1815999 92.337165
1816999 88.015785
1817999 104.314078
1818999 101.574262
1819999 90.370942
1820999 86.526251
1821999 90.156700
1822999 99.392090
1823999 106.162764
1824999 103.114243
1825999 105.631631
1826999 103.076352
1827999 100.523597
1828999 101.088355
1829999 96.943840
1830999 92.316206
1831999 89.885571
1832999 99.757691
1833999 102.120226
1834999 88.027841
1835999 105.858755
1836999 101.846670
1837999 93.221020
1838999 105.022893
1839999 101.981616
1840999 98.202479
1841999 107.171187
1842999 106.206463
1843999 92.562117
1844999 107.093646
1845999 96.097261
1846999 102.582415
1847999 104.973504
1848999 106.991226
1849999 105.207301
1850999 105.328973
1851999 101.511934
1852999 90.258261
1853999 90.277291
1854999 105.971804
1855999 104.714636
1856999 103.460260
1857999 102.988566
1858999 104.077855
1859999 105.765596
1860999 108.447351
1861999 96.405685
1862999 98.048156
1863999 107.348446
1864999 102.694334
1865999 106.582098
1866999 106.099919
1867999 100.241856
1868999 102.153775
1869999 100.306942
1870999 106.293700
1871999 103.213668
1872999 91.676320
1873999 106.954123
1874999 107.990616
1875999 97.998679
1876999 107.963095
1877999 96.664409
1878999 107.328082
1879999 95.646727
1880999 99.343283
1881999 94.983016
1882999 99.420778
1883999 103.135185
1884999 105.510096
1885999 105.962768
1886999 93.677588
1887999 102.040511
1888999 113.441524
1889999 93.978702
1890999 97.662201
1891999 96.873112
1892999 98.978941
1893999 97.388958
1894999 103.369565
1895999 100.238204
1896999 109.291193
1897999 105.766335
1898999 101.114942
1899999 107.296245
1900999 97.822468
1901999 107.319286
1902999 100.005887
1903999 102.843853
1904999 92.853063
1905999 97.212055
1906999 104.506089
1907999 103.848051
1908999 106.782560
1909999 107.954969
1910999 112.420804
1911999 100.445691
1912999 100.822579
1913999 92.652600
1914999 107.881594
1915999 97.057280
1916999 99.691873
1917999 98.493157
1918999 112.030888
1919999 111.476724
1920999 116.493527
1921999 112.028684
1922999 112.053267
1923999 96.930322
1924999 97.552411
1925999 100.939753
1926999 115.775225
1927999 102.118673
1928999 102.221418
1929999 98.559974
1930999 105.548802
1931999 112.374058
1932999 116.574930
1933999 111.898400
1934999 118.132086
1935999 102.766608
1936999 113.251252
1937999 99.348400
1938999 99.886534
1939999 99.234471
1940999 117.082371
1941999 114.642602
1942999 109.807925
1943999 107.768973
1944999 121.721002
1945999 116.244957
1946999 103.518245
1947999 115.483044
1948999 116.479169
1949999 114.063675
1950999 110.320895
1951999 103.643084
1952999 118.372859
1953999 111.799198
1954999 104.087822
1955999 119.217652
1956999 120.695855
1957999 107.278428
1958999 116.459080
1959999 121.326135
1960999 109.270131
1961999 114.724607
1962999 119.921558
1963999 112.432418
1964999 120.788217
1965999 122.403230
1966999 124.403059
1967999 126.062512
1968999 121.479260
1969999 111.006980
1970999 128.487371
1971999 107.314577
1972999 107.862781
1973999 112.023702
1974999 123.483630
1975999 127.037756
1976999 110.602071
1977999 124.457307
1978999 125.614129
1979999 125.570213
1980999 124.959998
1981999 114.120628
1982999 126.778954
1983999 117.304224
1984999 127.070654
1985999 125.251270
1986999 126.026150
1987999 128.444036
1988999 129.625798
1989999 126.600888
1990999 111.969679
1991999 120.281712
1992999 122.256064
1993999 113.635625
1994999 121.821728
1995999 123.672219
1996999 112.740244
1997999 114.141754
1998999 128.386096
1999999 125.522706
