999 3.802168
1999 13.250612
2999 27.835056
3999 13.941426
4999 1.777658
5999 44.538197
6999 17.558765
7999 22.864039
8999 21.155427
9999 28.658460
10999 19.727517
11999 24.779136
12999 23.823752
13999 26.152946
14999 25.178657
15999 17.990219
16999 26.905805
17999 27.628192
18999 30.247276
19999 30.222035
20999 35.405173
21999 32.954224
22999 35.655252
23999 34.510303
24999 36.243136
25999 37.060553
26999 36.860737
27999 36.604537
28999 33.481942
29999 34.390031
30999 36.176098
31999 39.024744
32999 38.687151
33999 40.354004
34999 35.199132
35999 40.378844
36999 40.393591
37999 34.685263
38999 39.630313
39999 37.954072
40999 37.277234
41999 36.106857
42999 36.656036
43999 34.688344
44999 32.067929
45999 38.635931
46999 33.796871
47999 36.444035
48999 33.910224
49999 38.559175
50999 34.912451
51999 28.801268
52999 38.465453
53999 36.302251
54999 25.730487
55999 28.324416
56999 36.376390
57999 28.035423
58999 30.263702
59999 21.388197
60999 30.956456
61999 36.005708
62999 35.146961
63999 33.019880
64999 8.936284
65999 13.026922
66999 34.420806
67999 25.089907
68999 37.656325
69999 34.430616
70999 34.993916
71999 34.002168
72999 35.689525
73999 36.590337
74999 35.153257
75999 37.154094
76999 -13.461256
77999 -2.538466
78999 32.601668
79999 36.409436
80999 35.297978
81999 36.212705
82999 36.885812
83999 33.801629
84999 37.914993
85999 36.140127
86999 38.143483
87999 32.721454
88999 37.869806
89999 11.212119
90999 39.409927
91999 20.554462
92999 37.414517
93999 42.642993
94999 36.414716
95999 38.348950
96999 36.359138
97999 36.525192
98999 35.398400
99999 34.393691
100999 38.458133
101999 39.275345
102999 34.552278
103999 40.542880
104999 34.933891
105999 32.240517
106999 37.376708
107999 37.036714
108999 32.402613
109999 36.013438
110999 36.181776
111999 34.439627
112999 34.990815
113999 33.053500
114999 34.611770
115999 35.462901
116999 35.633916
117999 34.768990
118999 40.651342
119999 37.043566
120999 36.805917
121999 35.140370
122999 36.792670
123999 37.690195
124999 8.233463
125999 36.677246
126999 39.415838
127999 40.590167
128999 35.461685
129999 37.960222
130999 38.598491
131999 38.506194
132999 33.553852
133999 39.106856
134999 24.682404
135999 37.646684
136999 -6.903867
137999 33.396015
138999 29.014353
139999 33.328808
140999 17.455109
141999 39.746241
142999 34.082031
143999 36.105263
144999 35.685328
145999 38.211767
146999 41.349052
147999 38.955521
148999 35.663604
149999 36.203131
150999 38.072106
151999 34.335566
152999 28.406866
153999 28.815190
154999 32.880727
155999 35.409902
156999 36.688142
157999 -0.421522
158999 38.785463
159999 37.000932
160999 38.183531
161999 37.373259
162999 30.857982
163999 2.744968
164999 39.806577
165999 36.557157
166999 35.897806
167999 38.102317
168999 33.760502
169999 37.918122
170999 39.341415
171999 38.539523
172999 14.650217
173999 41.050155
174999 38.385135
175999 38.280879
176999 41.323705
177999 37.803314
178999 3.313476
179999 39.343427
180999 43.036073
181999 39.915691
182999 39.715093
183999 43.590076
184999 40.644842
185999 38.043047
186999 44.183846
187999 41.892177
188999 41.286821
189999 45.887543
190999 41.986484
191999 44.710961
192999 40.267333
193999 37.095667
194999 37.217231
195999 40.231809
196999 32.990950
197999 43.463661
198999 42.773767
199999 41.075053
200999 40.282197
201999 43.244797
202999 38.287058
203999 45.464526
204999 45.990759
205999 44.659868
206999 18.511610
207999 42.261979
208999 43.614018
209999 10.110979
210999 33.888287
211999 49.427781
212999 45.447210
213999 -18.612902
214999 25.269344
215999 47.548882
216999 44.091765
217999 44.831283
218999 47.155805
219999 50.594360
220999 49.351593
221999 43.300765
222999 48.487243
223999 42.682789
224999 51.948058
225999 47.155062
226999 43.673632
227999 48.289258
228999 44.206440
229999 44.671596
230999 45.225714
231999 48.975446
232999 45.251107
233999 47.741456
234999 47.153495
235999 48.882610
236999 47.542607
237999 38.945765
238999 50.383450
239999 47.020253
240999 48.012619
241999 51.270517
242999 50.793106
243999 38.923268
244999 48.791117
245999 38.776592
246999 54.005960
247999 47.495750
248999 52.640988
249999 43.672352
250999 54.351649
251999 13.981523
252999 50.592863
253999 48.217074
254999 53.783457
255999 52.090772
256999 51.703783
257999 51.643120
258999 49.595406
259999 45.565229
260999 47.578145
261999 50.027942
262999 52.360521
263999 46.568848
264999 48.892434
265999 -13.106292
266999 52.495494
267999 50.441375
268999 49.699624
269999 53.774593
270999 50.240241
271999 51.400410
272999 51.025960
273999 50.408453
274999 50.259678
275999 50.726526
276999 53.516623
277999 54.347143
278999 56.816149
279999 54.097628
280999 53.715250
281999 57.408498
282999 51.143045
283999 57.028535
284999 56.583452
285999 54.012724
286999 47.932324
287999 62.153901
288999 51.983728
289999 52.642869
290999 55.327435
291999 57.079841
292999 55.079087
293999 45.589896
294999 54.286352
295999 56.085134
296999 54.988011
297999 59.814091
298999 54.519224
299999 55.870858
300999 53.687725
301999 58.816575
302999 54.916983
303999 59.295524
304999 54.447412
305999 55.606720
306999 23.857879
307999 54.917123
308999 36.427497
309999 27.980440
310999 20.439303
311999 -2.052308
312999 60.980766
313999 53.532814
314999 -1.002655
315999 6.937456
316999 15.988926
317999 16.963234
318999 30.309922
319999 13.867148
320999 6.761583
321999 50.576818
322999 50.416652
323999 32.934036
324999 58.522600
325999 48.468924
326999 51.531257
327999 20.168026
328999 55.869335
329999 52.573825
330999 58.197383
331999 8.034948
332999 44.578812
333999 34.844585
334999 45.751002
335999 30.961170
336999 49.422781
337999 49.289992
338999 45.713528
339999 49.907531
340999 17.432672
341999 5.436106
342999 10.946408
343999 45.971917
344999 43.047752
345999 32.032180
346999 36.694060
347999 50.845121
348999 53.366355
349999 9.227420
350999 49.430292
351999 55.571015
352999 53.588760
353999 46.311034
354999 -5.921548
355999 39.548837
356999 55.356478
357999 55.372002
358999 25.293623
359999 27.705852
360999 1.748517
361999 52.333016
362999 54.661399
363999 52.409897
364999 54.043384
365999 55.261611
366999 50.289703
367999 53.766799
368999 57.765639
369999 59.721727
370999 53.896665
371999 56.266659
372999 56.222041
373999 54.358272
374999 9.195894
375999 55.187311
376999 55.590166
377999 46.486726
378999 59.103491
379999 57.750348
380999 39.753631
381999 56.949093
382999 58.682235
383999 60.110377
384999 58.317043
385999 60.044363
386999 56.466200
387999 61.819037
388999 56.454387
389999 55.695283
390999 62.207819
391999 58.518943
392999 57.457835
393999 50.596858
394999 55.561272
395999 63.647380
396999 57.250806
397999 57.595329
398999 60.950754
399999 57.491981
400999 60.665482
401999 61.395292
402999 60.439746
403999 60.410022
404999 55.260513
405999 56.636583
406999 55.849857
407999 63.302763
408999 55.909845
409999 60.673249
410999 58.715697
411999 58.830568
412999 58.282915
413999 62.921108
414999 58.657061
415999 59.917792
416999 61.367880
417999 64.616243
418999 59.663516
419999 62.560362
420999 54.167700
421999 57.493026
422999 63.111849
423999 63.101234
424999 58.503035
425999 63.846290
426999 58.250990
427999 60.922098
428999 60.167738
429999 61.425262
430999 60.631106
431999 63.498870
432999 62.130554
433999 63.880562
434999 62.657353
435999 57.979688
436999 60.925101
437999 60.007521
438999 60.032589
439999 59.636440
440999 59.965895
441999 59.284097
442999 61.262360
443999 60.408770
444999 60.756351
445999 54.714029
446999 61.005583
447999 60.722758
448999 59.883034
449999 63.552769
450999 58.030367
451999 58.915901
452999 63.768396
453999 59.261960
454999 57.897458
455999 52.221359
456999 59.987766
457999 62.371511
458999 61.931091
459999 63.522161
460999 64.882482
461999 68.500767
462999 60.583707
463999 67.306673
464999 70.804513
465999 68.058809
466999 70.457842
467999 67.189351
468999 68.271372
469999 69.183101
470999 67.285732
471999 63.462018
472999 62.099983
473999 60.907088
474999 64.329872
475999 54.287240
476999 65.958959
477999 64.269241
478999 72.250595
479999 69.086193
480999 65.650440
481999 69.924685
482999 64.946285
483999 72.597594
484999 68.161770
485999 70.075894
486999 65.823785
487999 68.573101
488999 67.851321
489999 63.902185
490999 68.130543
491999 69.279310
492999 64.492382
493999 69.547126
494999 67.088198
495999 67.519503
496999 67.436101
497999 66.064103
498999 63.639695
499999 64.302939
500999 66.810576
501999 59.621234
502999 69.819122
503999 67.465827
504999 60.983528
505999 68.711270
506999 67.802167
507999 13.944633
508999 66.782936
509999 67.750017
510999 52.525489
511999 65.418541
512999 56.470056
513999 68.245289
514999 57.255927
515999 66.802379
516999 66.935608
517999 66.776013
518999 73.216008
519999 74.161276
520999 69.634167
521999 73.283058
522999 73.825749
523999 66.842819
524999 66.318114
525999 72.856801
526999 71.554592
527999 75.306226
528999 76.078466
529999 75.811393
530999 76.761367
531999 72.164218
532999 76.461880
533999 79.877883
534999 78.795984
535999 78.482711
536999 86.070750
537999 70.873421
538999 81.385570
539999 78.984568
540999 77.088494
541999 79.807785
542999 82.708452
543999 84.233263
544999 78.620075
545999 86.837564
546999 81.021581
547999 86.175176
548999 79.112906
549999 80.256300
550999 78.353153
551999 85.992757
552999 87.313527
553999 85.271201
554999 87.692041
555999 88.389308
556999 90.477758
557999 87.702058
558999 87.311807
559999 90.960997
560999 93.895476
561999 93.829013
562999 92.758254
563999 95.631799
564999 82.004110
565999 91.289287
566999 88.738762
567999 84.103049
568999 83.082518
569999 88.531348
570999 89.886168
571999 85.597991
572999 88.075957
573999 91.032061
574999 86.121027
575999 89.966228
576999 84.999830
577999 91.417703
578999 88.675073
579999 84.780498
580999 82.843326
581999 81.703234
582999 89.026849
583999 87.361814
584999 85.400599
585999 86.755879
586999 86.160218
587999 82.660017
588999 83.174662
589999 83.645850
590999 87.494252
591999 85.029161
592999 85.957246
593999 86.681264
594999 85.447488
595999 85.292626
596999 86.554442
597999 90.775127
598999 88.349990
599999 84.591113
600999 90.236918
601999 91.981309
602999 89.072631
603999 89.447670
604999 87.048472
605999 90.721838
606999 96.522415
607999 89.519570
608999 97.051348
609999 96.741606
610999 96.242724
611999 94.231552
612999 94.710575
613999 103.284737
614999 88.816351
615999 97.837396
616999 95.382845
617999 95.568598
618999 89.158689
619999 99.009746
620999 98.029385
621999 99.216498
622999 88.608391
623999 84.962095
624999 101.122369
625999 100.175983
626999 102.392402
627999 103.378008
628999 109.463884
629999 104.696505
630999 106.292164
631999 98.796824
632999 87.049752
633999 71.146147
634999 83.348034
635999 75.550404
636999 88.551748
637999 82.776809
638999 84.199020
639999 91.603931
640999 92.942563
641999 90.080465
642999 84.194563
643999 77.429034
644999 90.651217
645999 96.277371
646999 83.391573
647999 94.332266
648999 89.799065
649999 82.429593
650999 89.008039
651999 94.729815
652999 98.329397
653999 92.809180
654999 93.844557
655999 94.205469
656999 90.695666
657999 96.719861
658999 94.425080
659999 98.482974
660999 94.430254
661999 100.415112
662999 98.022111
663999 93.021487
664999 97.732993
665999 98.058172
666999 90.726061
667999 96.251590
668999 102.851351
669999 100.419533
670999 94.723757
671999 98.749637
672999 99.938720
673999 102.168388
674999 102.401598
675999 102.300329
676999 98.096392
677999 99.548809
678999 100.517120
679999 98.954786
680999 99.677406
681999 94.629993
682999 105.222664
683999 99.885116
684999 104.264192
685999 104.548941
686999 99.426944
687999 101.720518
688999 104.687797
689999 102.843544
690999 102.759176
691999 101.302557
692999 107.788656
693999 101.043336
694999 100.310937
695999 102.837663
696999 103.876185
697999 95.947885
698999 98.727268
699999 97.136504
700999 96.996213
701999 98.270954
702999 101.485403
703999 106.647314
704999 100.554995
705999 92.805155
706999 105.485544
707999 96.750858
708999 106.839773
709999 98.402399
710999 103.966083
711999 99.980908
712999 103.981476
713999 105.014848
714999 103.487878
715999 98.448988
716999 98.165482
717999 105.510824
718999 97.767845
719999 99.926804
720999 101.084966
721999 99.202408
722999 101.401893
723999 101.382734
724999 104.565948
725999 97.188602
726999 100.331480
727999 102.703609
728999 92.884696
729999 102.080683
730999 95.418833
731999 97.340783
732999 100.198289
733999 101.534862
734999 104.154598
735999 94.387717
736999 98.278511
737999 101.011097
738999 100.524188
739999 101.497561
740999 101.600532
741999 105.798137
742999 106.957159
743999 101.976230
744999 101.318594
745999 105.699242
746999 100.074260
747999 103.816382
748999 106.407400
749999 106.445854
750999 107.591428
751999 100.716324
752999 102.835478
753999 103.348094
754999 103.446272
755999 102.558751
756999 102.870704
757999 105.175880
758999 104.426121
759999 99.508763
760999 107.221242
761999 107.671407
762999 111.040514
763999 102.131293
764999 110.427579
765999 100.141967
766999 100.651898
767999 100.249845
768999 96.886656
769999 106.102800
770999 102.341687
771999 104.081912
772999 100.730913
773999 101.119997
774999 102.022100
775999 104.659630
776999 104.432543
777999 105.312355
778999 101.674911
779999 106.599541
780999 101.011662
781999 106.998817
782999 96.558734
783999 102.155185
784999 102.443887
785999 104.530110
786999 102.873657
787999 101.083410
788999 106.712353
789999 107.811543
790999 104.814161
791999 108.057591
792999 101.711166
793999 99.137050
794999 103.009416
795999 104.278783
796999 98.675165
797999 99.504464
798999 96.988842
799999 108.506688
800999 105.909931
801999 107.950111
802999 102.611837
803999 103.762902
804999 106.100580
805999 102.538261
806999 102.517727
807999 102.416662
808999 99.022546
809999 98.754593
810999 104.440205
811999 102.154688
812999 105.668050
813999 96.801578
814999 99.589678
815999 94.138812
816999 90.826695
817999 90.965311
818999 89.800117
819999 93.951424
820999 86.563503
821999 96.311448
822999 96.500755
823999 101.670109
824999 94.065339
825999 96.346781
826999 101.841940
827999 99.226908
828999 96.979315
829999 98.880749
830999 96.434804
831999 97.151973
832999 98.152219
833999 97.051296
834999 99.810604
835999 96.899104
836999 97.141087
837999 101.763136
838999 104.819897
839999 99.124959
840999 89.523336
841999 98.751273
842999 94.702941
843999 94.396729
844999 100.372934
845999 100.360010
846999 100.850504
847999 96.871949
848999 104.780180
849999 107.867757
850999 103.379461
851999 102.624619
852999 100.534753
853999 105.096762
854999 105.194056
855999 105.197760
856999 99.370740
857999 106.596607
858999 95.354505
859999 109.534225
860999 107.319143
861999 102.308753
862999 104.044268
863999 103.196071
864999 107.783832
865999 107.784058
866999 107.643351
867999 102.136505
868999 108.618823
869999 113.551901
870999 108.995722
871999 107.581660
872999 113.692900
873999 106.822814
874999 109.750638
875999 112.229074
876999 103.531147
877999 111.259022
878999 108.324790
879999 109.521529
880999 109.645486
881999 109.059383
882999 109.019810
883999 109.143654
884999 100.888082
885999 108.553353
886999 114.562601
887999 114.434699
888999 107.650815
889999 111.500387
890999 112.087446
891999 110.014992
892999 105.682781
893999 102.720354
894999 111.153424
895999 110.916067
896999 115.268417
897999 107.302191
898999 107.923273
899999 107.598786
900999 114.324778
901999 105.692750
902999 102.009583
903999 110.234383
904999 110.983603
905999 100.924092
906999 107.351775
907999 107.583223
908999 107.358994
909999 102.843365
910999 96.269096
911999 108.219883
912999 113.347477
913999 108.637951
914999 107.180091
915999 106.450886
916999 83.441823
917999 86.220694
918999 105.277490
919999 110.038291
920999 108.170110
921999 110.552501
922999 108.651989
923999 110.958769
924999 107.387795
925999 114.808041
926999 110.884185
927999 107.290250
928999 115.429385
929999 105.214201
930999 110.228083
931999 110.248167
932999 108.334511
933999 108.352080
934999 110.289654
935999 114.748892
936999 97.412491
937999 104.866393
938999 111.293495
939999 111.645544
940999 107.381863
941999 108.668255
942999 107.114355
943999 114.037081
944999 113.138558
945999 111.427145
946999 107.715940
947999 104.024546
948999 112.375430
949999 108.434390
950999 111.278974
951999 111.095187
952999 115.346967
953999 119.120697
954999 101.774244
955999 108.585599
956999 107.395517
957999 102.062469
958999 109.177610
959999 105.650654
960999 103.835602
961999 102.917595
962999 107.609331
963999 108.505898
964999 106.013044
965999 110.989441
966999 106.117696
967999 110.370090
968999 104.408936
969999 108.790086
970999 105.775327
971999 109.620687
972999 104.073031
973999 102.125096
974999 111.744171
975999 111.897754
976999 108.805913
977999 104.474577
978999 99.376254
979999 107.521306
980999 104.616088
981999 107.187183
982999 100.588903
983999 109.659821
984999 107.706751
985999 102.592187
986999 103.716073
987999 106.201317
988999 107.309424
989999 109.328284
990999 110.154496
991999 108.168129
992999 107.071113
993999 110.585967
994999 106.464249
995999 101.936886
996999 102.504875
997999 107.807441
998999 110.134070
999999 105.548770
1000999 105.123875
1001999 104.562878
1002999 105.922856
1003999 108.528329
1004999 110.270424
1005999 108.630348
1006999 97.080466
1007999 99.133745
1008999 102.976624
1009999 105.504654
1010999 106.994146
1011999 102.973425
1012999 98.711915
1013999 106.071363
1014999 99.181064
1015999 105.047523
1016999 104.597927
1017999 108.345129
1018999 98.048845
1019999 101.605369
1020999 108.063020
1021999 103.422458
1022999 106.113277
1023999 93.624397
1024999 101.177200
1025999 106.320900
1026999 101.997957
1027999 96.607679
1028999 104.512680
1029999 105.609069
1030999 101.522065
1031999 103.821526
1032999 103.069825
1033999 100.012472
1034999 104.742543
1035999 105.027526
1036999 107.375163
1037999 104.874201
1038999 101.786789
1039999 106.197408
1040999 103.043799
1041999 108.657522
1042999 110.476677
1043999 108.393639
1044999 111.224993
1045999 106.940166
1046999 107.195712
1047999 109.534100
1048999 108.685043
1049999 114.150824
1050999 109.338760
1051999 110.260164
1052999 110.838793
1053999 106.592556
1054999 113.742969
1055999 103.952923
1056999 110.773976
1057999 109.104246
1058999 110.025889
1059999 108.666995
1060999 113.296177
1061999 107.346738
1062999 102.947972
1063999 111.354862
1064999 108.311217
1065999 106.072296
1066999 103.100165
1067999 104.355830
1068999 103.605951
1069999 106.486084
1070999 107.181645
1071999 107.331120
1072999 101.583514
1073999 102.979178
1074999 106.312673
1075999 103.789348
1076999 105.146259
1077999 104.861939
1078999 105.734091
1079999 110.800105
1080999 107.298009
1081999 106.005485
1082999 108.450615
1083999 110.202256
1084999 113.869363
1085999 108.534449
1086999 113.654095
1087999 107.935065
1088999 114.130051
1089999 112.314863
1090999 113.248056
1091999 115.724466
1092999 107.561988
1093999 108.946744
1094999 108.048163
1095999 103.636624
1096999 110.264633
1097999 114.756581
1098999 118.567063
1099999 117.515446
1100999 115.192138
1101999 116.151343
1102999 114.899879
1103999 111.317082
1104999 112.262817
1105999 118.193401
1106999 109.095028
1107999 116.423863
1108999 113.954547
1109999 112.334018
1110999 109.883464
1111999 108.552348
1112999 106.642107
1113999 115.662452
1114999 113.687812
1115999 113.434523
1116999 113.022165
1117999 115.279063
1118999 114.172792
1119999 116.554926
1120999 115.296515
1121999 118.930824
1122999 117.086202
1123999 116.283773
1124999 116.247887
1125999 108.926101
1126999 114.804306
1127999 117.505055
1128999 109.695623
1129999 114.421256
1130999 118.645144
1131999 103.077491
1132999 113.567912
1133999 107.480022
1134999 116.635871
1135999 114.261760
1136999 112.459294
1137999 116.648914
1138999 119.401092
1139999 117.242242
1140999 120.335476
1141999 107.811987
1142999 105.498883
1143999 107.293648
1144999 116.621471
1145999 111.963195
1146999 110.354887
1147999 113.250690
1148999 113.924815
1149999 103.141617
1150999 104.444403
1151999 108.136098
1152999 100.737001
1153999 106.910931
1154999 110.606418
1155999 105.075525
1156999 103.171747
1157999 105.270496
1158999 107.591013
1159999 106.751543
1160999 111.298790
1161999 104.327288
1162999 105.714750
1163999 107.830285
1164999 106.309910
1165999 111.699178
1166999 106.417129
1167999 101.703281
1168999 112.585137
1169999 111.322804
1170999 111.754457
1171999 103.170285
1172999 109.851589
1173999 115.031623
1174999 114.857502
1175999 116.155242
1176999 118.525335
1177999 117.381405
1178999 118.862147
1179999 109.211069
1180999 105.684339
1181999 72.241149
1182999 117.241234
1183999 114.541733
1184999 117.848280
1185999 113.107779
1186999 108.109009
1187999 107.070318
1188999 113.218205
1189999 115.819878
1190999 121.802601
1191999 114.141953
1192999 119.176509
1193999 122.987079
1194999 120.025878
1195999 120.203360
1196999 105.177307
1197999 108.673286
1198999 107.415889
1199999 119.406209
1200999 114.263472
1201999 109.711765
1202999 106.595879
1203999 104.576257
1204999 112.158873
1205999 106.889641
1206999 110.743554
1207999 112.501449
1208999 110.233266
1209999 113.058390
1210999 117.686259
1211999 106.283984
1212999 116.110116
1213999 114.058645
1214999 118.803566
1215999 115.813641
1216999 115.033948
1217999 112.327980
1218999 115.756678
1219999 114.636298
1220999 113.109611
1221999 109.772804
1222999 104.172844
1223999 116.196686
1224999 114.042086
1225999 112.138227
1226999 106.080429
1227999 113.278901
1228999 115.789493
1229999 116.312786
1230999 109.973696
1231999 118.035284
1232999 121.801889
1233999 118.889544
1234999 117.715148
1235999 117.762345
1236999 116.110826
1237999 119.458331
1238999 107.705511
1239999 110.318383
1240999 115.732342
1241999 113.263002
1242999 113.230786
1243999 111.384080
1244999 110.340899
1245999 107.208869
1246999 98.389514
1247999 109.996412
1248999 108.466993
1249999 105.517450
1250999 110.993956
1251999 109.220950
1252999 112.695874
1253999 106.880805
1254999 110.840244
1255999 109.375398
1256999 107.124122
1257999 105.796778
1258999 106.263613
1259999 101.703187
1260999 103.636655
1261999 103.102132
1262999 111.052505
1263999 110.934254
1264999 110.070016
1265999 107.975172
1266999 109.079638
1267999 102.863334
1268999 106.482020
1269999 108.987220
1270999 106.920631
1271999 105.514013
1272999 110.538414
1273999 111.760432
1274999 112.965839
1275999 109.536808
1276999 113.097395
1277999 109.676524
1278999 113.865883
1279999 113.296247
1280999 102.574747
1281999 104.906624
1282999 110.152530
1283999 101.633845
1284999 111.962412
1285999 110.149630
1286999 109.029376
1287999 110.033249
1288999 112.733669
1289999 104.583551
1290999 108.666261
1291999 114.824700
1292999 108.941663
1293999 110.411388
1294999 106.638201
1295999 107.737977
1296999 109.859477
1297999 108.086177
1298999 109.102997
1299999 106.967088
1300999 107.813656
1301999 106.003916
1302999 101.332866
1303999 95.157869
1304999 97.194594
1305999 102.124970
1306999 103.150078
1307999 101.372936
1308999 99.838475
1309999 103.840910
1310999 99.125856
1311999 102.592421
1312999 103.983196
1313999 106.609893
1314999 103.807248
1315999 105.248816
1316999 104.568006
1317999 103.098101
1318999 103.885080
1319999 99.807474
1320999 103.591929
1321999 105.559226
1322999 100.401605
1323999 103.949449
1324999 104.081848
1325999 101.746110
1326999 107.104139
1327999 102.888685
1328999 99.971231
1329999 105.086086
1330999 108.016827
1331999 101.814636
1332999 100.023538
1333999 113.125638
1334999 108.745620
1335999 107.508916
1336999 103.197433
1337999 104.788492
1338999 107.940268
1339999 107.657237
1340999 112.277696
1341999 103.095457
1342999 107.353833
1343999 109.251797
1344999 111.935133
1345999 109.158822
1346999 110.880977
1347999 112.666077
1348999 113.064615
1349999 112.393081
1350999 115.455440
1351999 113.816047
1352999 118.122343
1353999 106.856990
1354999 107.087675
1355999 101.967065
1356999 114.352056
1357999 120.579402
1358999 111.803412
1359999 119.594931
1360999 111.337747
1361999 115.440200
1362999 108.997533
1363999 116.095349
1364999 114.702393
1365999 111.226494
1366999 114.009897
1367999 112.843730
1368999 109.281528
1369999 110.369299
1370999 114.674701
1371999 112.333449
1372999 107.613662
1373999 113.162160
1374999 112.460521
1375999 113.963191
1376999 107.625089
1377999 119.499743
1378999 121.313767
1379999 115.669948
1380999 120.235028
1381999 118.493877
1382999 113.121936
1383999 115.274713
1384999 112.720815
1385999 114.920796
1386999 104.017145
1387999 111.424097
1388999 106.761319
1389999 113.100256
1390999 112.772796
1391999 110.212548
1392999 108.805755
1393999 109.942275
1394999 112.930127
1395999 110.908667
1396999 105.417285
1397999 103.954852
1398999 105.677531
1399999 115.800693
1400999 116.791160
1401999 107.169090
1402999 116.672801
1403999 118.661785
1404999 114.520045
1405999 114.065997
1406999 116.167694
1407999 109.674498
1408999 113.393348
1409999 112.874766
1410999 114.921046
1411999 120.409493
1412999 111.457785
1413999 108.346037
1414999 112.036777
1415999 111.518489
1416999 112.625269
1417999 115.856850
1418999 118.233247
1419999 120.128388
1420999 116.267760
1421999 118.394464
1422999 114.375003
1423999 116.058843
1424999 117.529523
1425999 116.566021
1426999 118.180989
1427999 118.147395
1428999 118.084614
1429999 119.904496
1430999 116.726000
1431999 115.188948
1432999 111.476994
1433999 107.826895
1434999 116.463223
1435999 114.235645
1436999 109.130129
1437999 113.452167
1438999 121.332986
1439999 114.227723
1440999 113.937231
1441999 117.967433
1442999 118.191420
1443999 110.921204
1444999 113.610503
1445999 110.216735
1446999 114.308926
1447999 114.211581
1448999 109.381456
1449999 109.020210
1450999 116.028652
1451999 112.480702
1452999 118.770572
1453999 114.547363
1454999 110.354389
1455999 109.995487
1456999 112.433102
1457999 112.566916
1458999 115.734849
1459999 111.711238
1460999 115.615336
1461999 106.285579
1462999 110.192327
1463999 106.766091
1464999 111.275077
1465999 103.058997
1466999 110.794593
1467999 109.300909
1468999 108.302576
1469999 110.822745
1470999 109.657830
1471999 76.664095
1472999 106.188281
1473999 104.420526
1474999 110.187371
1475999 106.965582
1476999 102.485155
1477999 107.329270
1478999 110.627649
1479999 106.919761
1480999 105.503875
1481999 110.360671
1482999 106.152664
1483999 108.383433
1484999 104.243319
1485999 115.098331
1486999 103.611050
1487999 102.486828
1488999 111.386353
1489999 72.055618
1490999 105.051782
1491999 113.851113
1492999 112.356772
1493999 117.265153
1494999 115.081054
1495999 113.710637
1496999 111.645150
1497999 108.488333
1498999 115.240577
1499999 111.147049
1500999 117.528960
1501999 112.444581
1502999 111.231134
1503999 110.053660
1504999 108.509508
1505999 105.715780
1506999 120.011717
1507999 117.991554
1508999 112.500687
1509999 120.128984
1510999 113.172385
1511999 116.814939
1512999 108.524887
1513999 115.951792
1514999 116.177095
1515999 110.392804
1516999 110.642822
1517999 109.156187
1518999 103.390208
1519999 111.510090
1520999 115.015892
1521999 111.613511
1522999 111.077297
1523999 116.313584
1524999 115.075556
1525999 117.317567
1526999 109.866903
1527999 110.692674
1528999 106.010409
1529999 113.015120
1530999 109.602034
1531999 117.517902
1532999 110.082474
1533999 107.820989
1534999 115.580260
1535999 103.961614
1536999 114.983974
1537999 115.085931
1538999 108.050523
1539999 108.144250
1540999 110.441444
1541999 109.490841
1542999 115.305934
1543999 114.469140
1544999 101.058706
1545999 110.457440
1546999 112.557403
1547999 112.708640
1548999 110.593050
1549999 109.478826
1550999 109.476898
1551999 105.115246
1552999 103.815308
1553999 110.551267
1554999 106.765323
1555999 109.094901
1556999 107.465999
1557999 110.661037
1558999 107.170882
1559999 108.861364
1560999 104.209567
1561999 115.784984
1562999 108.756177
1563999 107.303568
1564999 107.485081
1565999 105.832574
1566999 107.436157
1567999 111.353983
1568999 100.822657
1569999 109.073914
1570999 112.284452
1571999 103.939581
1572999 99.814475
1573999 104.521740
1574999 110.216284
1575999 107.902830
1576999 107.927891
1577999 108.120128
1578999 106.956757
1579999 107.969396
1580999 108.122692
1581999 107.276615
1582999 111.436685
1583999 105.337572
1584999 106.491259
1585999 99.732497
1586999 104.122867
1587999 108.786866
1588999 105.822309
1589999 109.294152
1590999 105.437879
1591999 110.753987
1592999 104.095390
1593999 106.018112
1594999 109.520873
1595999 105.522406
1596999 108.541625
1597999 106.618700
1598999 109.522617
1599999 113.193791
1600999 111.772234
1601999 106.496939
1602999 111.177688
1603999 112.762016
1604999 106.970723
1605999 105.511488
1606999 114.248231
1607999 113.413012
1608999 108.725073
1609999 110.367416
1610999 111.104663
1611999 108.371870
1612999 107.735493
1613999 111.221626
1614999 107.716152
1615999 104.398693
1616999 114.345891
1617999 107.237335
1618999 104.618078
1619999 108.016728
1620999 111.758787
1621999 107.571578
1622999 109.592332
1623999 108.453454
1624999 109.216482
1625999 105.972655
1626999 107.351562
1627999 104.899676
1628999 111.331333
1629999 110.878033
1630999 107.214933
1631999 108.857935
1632999 112.075134
1633999 112.936919
1634999 115.298533
1635999 109.417085
1636999 112.877402
1637999 116.085452
1638999 111.214908
1639999 109.331259
1640999 111.489702
1641999 111.132925
1642999 113.202863
1643999 109.602684
1644999 108.776857
1645999 105.052189
1646999 113.421856
1647999 114.285195
1648999 106.454266
1649999 101.721415
1650999 107.180565
1651999 111.717520
1652999 110.640172
1653999 108.572995
1654999 108.782982
1655999 104.106147
1656999 109.838025
1657999 111.283584
1658999 101.453601
1659999 113.501768
1660999 104.193387
1661999 112.128887
1662999 107.781086
1663999 110.593226
1664999 106.850992
1665999 106.037022
1666999 102.119762
1667999 105.551163
1668999 113.162241
1669999 112.966580
1670999 110.734738
1671999 107.869946
1672999 112.009118
1673999 106.021072
1674999 105.383221
1675999 104.193008
1676999 110.973216
1677999 101.464957
1678999 108.444368
1679999 109.599427
1680999 106.026346
1681999 109.549289
1682999 109.844719
1683999 110.206560
1684999 107.057008
1685999 99.984830
1686999 104.213602
1687999 105.710801
1688999 109.025749
1689999 107.546946
1690999 108.814017
1691999 107.081417
1692999 103.898072
1693999 111.023079
1694999 103.282748
1695999 108.822881
1696999 106.371884
1697999 112.236249
1698999 104.263176
1699999 107.476566
1700999 107.273047
1701999 101.861434
1702999 101.908345
1703999 109.379638
1704999 104.349627
1705999 107.885023
1706999 108.164238
1707999 110.893803
1708999 108.716744
1709999 107.484054
1710999 111.733424
1711999 105.910314
1712999 111.841493
1713999 111.693308
1714999 111.095119
1715999 114.857476
1716999 111.337134
1717999 106.059976
1718999 111.994800
1719999 111.237740
1720999 112.507150
1721999 113.832440
1722999 110.658479
1723999 110.977147
1724999 110.458583
1725999 114.374712
1726999 113.709274
1727999 111.153102
1728999 106.966707
1729999 109.972773
1730999 106.260914
1731999 112.183936
1732999 114.206147
1733999 110.030191
1734999 111.544228
1735999 109.590782
1736999 111.147748
1737999 110.666191
1738999 111.608575
1739999 111.377959
1740999 114.506395
1741999 112.261974
1742999 115.570631
1743999 112.876421
1744999 119.829530
1745999 111.169254
1746999 116.318065
1747999 114.566006
1748999 115.107057
1749999 113.225010
1750999 112.413209
1751999 113.615984
1752999 116.427723
1753999 114.125263
1754999 110.410811
1755999 111.143346
1756999 115.898055
1757999 114.292165
1758999 116.758758
1759999 107.393988
1760999 112.992492
1761999 112.941742
1762999 100.506454
1763999 108.423532
1764999 112.967848
1765999 116.162909
1766999 116.224674
1767999 114.595432
1768999 118.515161
1769999 120.303033
1770999 116.503251
1771999 112.796406
1772999 116.297383
1773999 121.061142
1774999 119.468277
1775999 119.259329
1776999 115.564199
1777999 114.700361
1778999 121.871280
1779999 116.324273
1780999 115.243668
1781999 117.335213
1782999 118.880608
1783999 117.899662
1784999 118.009932
1785999 120.020136
1786999 116.290298
1787999 116.640737
1788999 109.233025
1789999 108.657756
1790999 106.111380
1791999 117.331866
1792999 106.527931
1793999 112.053015
1794999 113.345321
1795999 116.153159
1796999 113.980375
1797999 113.392277
1798999 104.395610
1799999 112.695601
1800999 114.364157
1801999 110.605756
1802999 111.296320
1803999 112.542633
1804999 113.893536
1805999 112.463896
1806999 116.462306
1807999 107.714743
1808999 107.892475
1809999 113.445798
1810999 110.444891
1811999 109.619968
1812999 107.880483
1813999 113.060794
1814999 111.365010
1815999 110.571217
1816999 111.589379
1817999 110.477975
1818999 110.178145
1819999 117.249868
1820999 115.142511
1821999 116.040548
1822999 112.747727
1823999 120.125510
1824999 112.484814
1825999 116.136164
1826999 113.770577
1827999 118.195336
1828999 113.150622
1829999 114.359619
1830999 113.865886
1831999 117.037122
1832999 121.956931
1833999 116.300358
1834999 116.757244
1835999 120.171776
1836999 122.539406
1837999 119.824479
1838999 112.573728
1839999 120.878445
1840999 116.776561
1841999 120.971894
1842999 115.832947
1843999 118.976063
1844999 104.988996
1845999 110.595964
1846999 121.372872
1847999 121.538662
1848999 124.333420
1849999 116.432031
1850999 122.040002
1851999 118.754776
1852999 122.177123
1853999 112.003105
1854999 121.147510
1855999 120.241094
1856999 121.973637
1857999 121.284871
1858999 115.691973
1859999 121.697246
1860999 125.237683
1861999 120.109489
1862999 122.006086
1863999 125.526078
1864999 125.657859
1865999 123.587552
1866999 122.427210
1867999 121.419448
1868999 120.740351
1869999 123.163168
1870999 117.038580
1871999 116.488523
1872999 113.391695
1873999 114.377427
1874999 115.310699
1875999 108.433488
1876999 116.239186
1877999 105.770682
1878999 111.336965
1879999 112.679551
1880999 114.314922
1881999 106.755908
1882999 117.527092
1883999 106.331098
1884999 115.242280
1885999 114.543761
1886999 119.468682
1887999 113.619088
1888999 108.745480
1889999 109.539680
1890999 106.680315
1891999 115.271335
1892999 113.665997
1893999 112.381102
1894999 116.936796
1895999 116.791291
1896999 114.003353
1897999 121.206188
1898999 110.179335
1899999 120.694913
1900999 119.012769
1901999 116.103797
1902999 121.428032
1903999 120.219203
1904999 114.367283
1905999 112.185074
1906999 116.306877
1907999 121.897154
1908999 114.311400
1909999 114.451639
1910999 118.657228
1911999 116.389077
1912999 118.231345
1913999 112.982686
1914999 112.883716
1915999 113.698490
1916999 122.016296
1917999 120.088551
1918999 122.950063
1919999 113.373425
1920999 122.306806
1921999 121.882875
1922999 121.008614
1923999 120.834759
1924999 121.106326
1925999 123.810497
1926999 121.985011
1927999 117.078572
1928999 123.823958
1929999 115.292244
1930999 120.810389
1931999 117.079772
1932999 120.641863
1933999 119.157566
1934999 112.715179
1935999 111.449680
1936999 116.463628
1937999 113.154125
1938999 119.932640
1939999 122.572412
1940999 117.026601
1941999 116.636095
1942999 108.395082
1943999 117.828123
1944999 112.899896
1945999 114.793508
1946999 113.094408
1947999 117.201800
1948999 114.705481
1949999 114.033774
1950999 114.289458
1951999 110.533227
1952999 118.864222
1953999 108.959251
1954999 112.623667
1955999 109.848437
1956999 112.768062
1957999 118.646693
1958999 118.195210
1959999 112.881844
1960999 114.461273
1961999 112.716134
1962999 109.875959
1963999 116.522831
1964999 116.349735
1965999 103.772128
1966999 108.857051
1967999 109.062268
1968999 114.973122
1969999 112.275589
1970999 110.478182
1971999 110.873568
1972999 107.142042
1973999 110.672724
1974999 113.632433
1975999 109.295255
1976999 113.404063
1977999 112.101178
1978999 109.130964
1979999 108.167420
1980999 109.503575
1981999 106.109165
1982999 111.963325
1983999 109.887449
1984999 111.447710
1985999 110.130077
1986999 103.015773
1987999 105.047275
1988999 100.305616
1989999 99.773503
1990999 104.412693
1991999 107.735452
1992999 98.843766
1993999 108.220713
1994999 107.504455
1995999 103.699425
1996999 103.229561
1997999 102.612648
1998999 107.179901
1999999 103.915788
