999 -13.280436
1999 9.143565
2999 -20.751684
3999 6.840927
4999 -4.346867
5999 11.335960
6999 12.939112
7999 19.385599
8999 9.855458
9999 12.111463
10999 28.987801
11999 22.092625
12999 -1.250101
13999 16.230165
14999 15.473266
15999 21.995913
16999 21.385181
17999 17.978156
18999 14.441570
19999 1.662798
20999 25.235663
21999 16.619171
22999 25.444802
23999 24.711683
24999 22.326916
25999 21.107053
26999 23.482796
27999 22.519237
28999 23.905489
29999 13.711083
30999 18.033628
31999 28.107696
32999 33.672194
33999 31.745564
34999 28.843344
35999 32.844137
36999 36.071478
37999 31.534274
38999 33.697921
39999 37.667200
40999 37.978001
41999 33.626004
42999 30.067043
43999 33.418327
44999 33.137200
45999 36.401908
46999 38.998494
47999 36.553698
48999 35.861255
49999 35.685502
50999 39.549352
51999 33.918852
52999 32.348386
53999 26.543225
54999 37.014422
55999 35.452779
56999 37.695412
57999 34.827720
58999 18.816379
59999 37.401443
60999 37.971088
61999 38.829941
62999 38.154618
63999 38.576536
64999 40.649829
65999 37.777745
66999 40.750596
67999 38.298097
68999 38.549922
69999 37.136452
70999 37.861762
71999 36.745046
72999 41.413350
73999 41.132936
74999 39.384184
75999 40.699001
76999 38.070844
77999 37.137441
78999 40.058982
79999 33.150926
80999 40.819676
81999 40.784538
82999 41.186493
83999 36.574058
84999 43.024657
85999 37.801411
86999 36.366076
87999 37.297191
88999 41.423294
89999 37.890637
90999 38.815603
91999 42.485417
92999 38.791975
93999 37.347327
94999 36.474162
95999 37.886214
96999 34.019376
97999 36.065740
98999 39.808483
99999 40.954763
100999 44.209987
101999 39.404004
102999 45.094388
103999 38.243991
104999 36.776274
105999 42.514159
106999 39.663881
107999 41.476478
108999 42.315665
109999 37.613114
110999 39.497113
111999 48.850723
112999 47.505926
113999 42.825745
114999 46.011788
115999 41.464897
116999 47.031268
117999 50.356825
118999 49.021841
119999 47.146613
120999 50.978249
121999 52.891715
122999 48.260323
123999 52.668452
124999 50.484042
125999 52.818121
126999 52.235514
127999 56.464760
128999 52.543437
129999 51.537364
130999 52.068441
131999 49.928202
132999 49.265441
133999 44.989835
134999 45.584115
135999 52.094701
136999 49.133344
137999 52.273444
138999 53.339091
139999 51.119734
140999 53.912684
141999 53.956092
142999 52.222840
143999 53.132726
144999 55.574415
145999 53.733166
146999 52.247844
147999 55.658731
148999 55.648701
149999 57.566773
150999 55.901218
151999 57.657986
152999 56.961257
153999 63.064475
154999 62.205906
155999 52.143271
156999 55.224253
157999 57.482637
158999 60.205208
159999 67.875877
160999 67.528677
161999 65.430989
162999 63.553039
163999 63.223567
164999 65.962459
165999 68.226609
166999 67.134947
167999 65.913773
168999 70.463372
169999 72.225914
170999 70.943959
171999 70.536085
172999 71.554554
173999 72.943480
174999 67.150123
175999 67.351438
176999 67.498663
177999 68.233173
178999 72.716176
179999 68.632616
180999 68.061918
181999 74.300834
182999 72.619165
183999 76.290371
184999 74.211781
185999 73.403290
186999 79.322522
187999 76.600208
188999 79.332144
189999 70.789546
190999 70.025656
191999 73.990221
192999 76.825429
193999 74.730609
194999 78.953154
195999 73.673171
196999 73.086140
197999 78.013325
198999 82.099555
199999 77.582089
200999 83.177559
201999 75.831861
202999 83.092591
203999 86.276712
204999 84.042729
205999 83.206155
206999 85.895917
207999 85.434752
208999 83.992042
209999 88.167580
210999 83.226879
211999 86.162784
212999 89.870912
213999 94.079774
214999 85.790424
215999 85.298830
216999 81.634386
217999 81.191413
218999 88.276415
219999 95.361429
220999 91.888474
221999 96.257320
222999 87.571913
223999 88.279393
224999 92.569075
225999 87.722037
226999 93.262217
227999 94.472642
228999 94.281763
229999 87.865511
230999 93.555397
231999 86.542193
232999 87.163184
233999 88.389077
234999 87.737467
235999 92.063673
236999 92.503920
237999 85.822399
238999 87.155880
239999 92.305539
240999 86.394028
241999 90.725096
242999 89.993121
243999 91.446677
244999 89.695680
245999 92.768235
246999 89.342969
247999 90.317085
248999 91.547052
249999 93.138638
250999 92.056408
251999 95.487606
252999 93.587080
253999 95.032663
254999 93.983199
255999 98.534085
256999 98.159165
257999 90.677250
258999 92.509857
259999 102.491237
260999 97.553502
261999 99.807170
262999 98.708253
263999 94.168088
264999 96.421461
265999 101.441750
266999 98.852300
267999 95.371407
268999 92.606421
269999 94.926422
270999 95.703728
271999 99.106842
272999 97.003020
273999 103.520400
274999 104.157948
275999 98.675413
276999 95.230044
277999 102.301559
278999 102.502185
279999 100.932036
280999 89.400150
281999 94.973403
282999 87.597322
283999 97.954079
284999 97.114754
285999 86.014777
286999 95.156403
287999 93.936281
288999 97.904080
289999 92.139033
290999 96.048122
291999 88.889279
292999 95.817355
293999 88.995784
294999 92.727231
295999 96.612496
296999 96.942474
297999 101.957179
298999 98.871585
299999 97.299596
300999 101.067923
301999 102.460870
302999 100.969842
303999 103.843391
304999 104.818450
305999 105.246410
306999 100.054901
307999 100.658120
308999 104.277616
309999 103.615676
310999 96.921792
311999 95.456182
312999 105.298222
313999 97.336945
314999 109.915331
315999 106.645498
316999 108.094013
317999 106.336126
318999 106.970727
319999 107.152837
320999 105.046564
321999 108.130122
322999 110.443746
323999 104.182142
324999 108.720181
325999 109.668215
326999 113.211126
327999 101.317866
328999 103.604393
329999 108.420259
330999 101.819259
331999 108.229181
332999 101.250880
333999 103.922036
334999 105.837368
335999 97.846072
336999 104.165047
337999 103.964598
338999 110.695001
339999 110.674204
340999 106.195898
341999 105.565620
342999 109.476188
343999 103.731274
344999 99.225979
345999 100.581522
346999 103.089864
347999 106.860971
348999 100.549844
349999 103.914605
350999 105.277774
351999 105.904536
352999 99.528597
353999 97.985825
354999 103.698455
355999 102.511171
356999 104.497516
357999 106.568434
358999 104.965328
359999 106.981913
360999 105.571459
361999 102.121045
362999 106.212431
363999 98.173907
364999 106.748949
365999 104.632629
366999 98.434565
367999 107.023010
368999 103.900413
369999 107.435305
370999 112.547012
371999 104.882910
372999 105.953198
373999 111.265154
374999 107.180837
375999 110.256941
376999 108.268621
377999 104.659573
378999 102.068346
379999 108.466097
380999 106.390571
381999 101.797355
382999 110.185614
383999 104.148402
384999 105.657603
385999 110.375570
386999 109.995811
387999 108.988587
388999 108.182839
389999 112.130937
390999 112.528637
391999 111.343205
392999 107.901585
393999 103.743868
394999 115.707793
395999 113.603442
396999 114.615275
397999 112.151526
398999 106.477033
399999 108.673612
400999 108.939715
401999 106.156669
402999 113.921394
403999 110.483553
404999 111.778270
405999 109.194864
406999 112.518584
407999 113.504271
408999 108.857088
409999 115.481952
410999 116.069059
411999 110.380327
412999 117.604562
413999 116.473962
414999 114.323385
415999 111.423744
416999 108.244686
417999 106.337278
418999 112.767167
419999 114.005282
420999 114.135555
421999 113.001238
422999 114.805658
423999 110.652288
424999 110.246078
425999 114.887126
426999 114.109264
427999 112.672771
428999 110.393859
429999 112.926655
430999 110.773420
431999 113.511535
432999 109.999629
433999 114.180664
434999 116.755384
435999 116.763888
436999 118.290329
437999 114.444663
438999 116.110042
439999 108.335966
440999 107.253766
441999 114.416227
442999 117.561377
443999 115.318603
444999 114.262165
445999 116.659062
446999 114.491032
447999 115.556655
448999 116.325595
449999 116.475304
450999 115.577911
451999 111.452865
452999 113.685462
453999 113.972791
454999 112.537018
455999 112.404171
456999 113.030652
457999 113.543201
458999 114.259420
459999 117.623631
460999 114.393199
461999 112.499613
462999 112.945978
463999 113.265532
464999 118.595714
465999 117.179024
466999 115.352733
467999 112.994281
468999 103.650551
469999 111.402144
470999 117.703980
471999 109.983729
472999 108.017631
473999 113.574207
474999 116.815011
475999 103.950802
476999 105.991038
477999 106.115263
478999 108.209794
479999 108.581728
480999 107.855372
481999 101.185184
482999 111.397999
483999 107.619413
484999 108.892071
485999 105.201398
486999 107.964000
487999 102.652783
488999 105.850155
489999 106.526870
490999 101.627396
491999 98.166934
492999 103.123480
493999 105.109255
494999 103.986746
495999 106.548654
496999 105.129022
497999 111.272203
498999 103.694600
499999 104.175104
500999 105.078263
501999 102.584457
502999 101.520292
503999 107.704586
504999 110.687884
505999 98.299849
506999 110.190887
507999 104.975498
508999 107.130926
509999 104.593462
510999 109.388253
511999 106.412654
512999 108.998255
513999 107.280504
514999 101.374064
515999 105.871260
516999 109.235756
517999 106.204321
518999 107.085883
519999 105.435493
520999 101.856006
521999 108.224847
522999 107.330274
523999 102.004996
524999 109.527443
525999 104.984439
526999 106.200290
527999 106.027514
528999 105.539718
529999 107.139172
530999 107.679624
531999 112.129451
532999 108.996743
533999 106.335362
534999 112.851330
535999 102.401581
536999 107.246808
537999 109.955618
538999 107.272161
539999 113.487455
540999 111.986892
541999 110.732162
542999 114.337493
543999 104.805715
544999 115.917549
545999 116.143287
546999 114.696162
547999 111.470526
548999 119.287124
549999 118.942556
550999 112.793202
551999 110.826987
552999 111.697922
553999 111.581263
554999 113.059807
555999 114.492381
556999 110.203206
557999 113.129772
558999 109.236210
559999 110.836035
560999 110.222908
561999 109.235862
562999 113.177612
563999 109.968442
564999 113.653121
565999 114.986501
566999 106.984479
567999 108.860472
568999 113.710813
569999 108.342334
570999 116.673158
571999 115.531920
572999 116.645023
573999 112.371910
574999 109.005115
575999 112.909242
576999 112.401381
577999 115.914299
578999 112.175018
579999 110.824933
580999 111.537719
581999 110.101358
582999 112.230413
583999 115.259620
584999 106.428343
585999 111.872539
586999 106.961973
587999 112.730628
588999 113.018510
589999 113.465040
590999 116.747983
591999 109.662218
592999 119.233209
593999 118.215177
594999 113.189562
595999 119.197117
596999 117.391331
597999 115.971731
598999 112.799956
599999 117.588490
600999 116.856371
601999 112.567723
602999 114.357133
603999 111.110667
604999 109.807629
605999 114.321039
606999 111.496527
607999 114.670648
608999 112.095068
609999 111.095247
610999 109.938795
611999 114.027773
612999 114.489509
613999 115.156510
614999 108.669938
615999 114.321256
616999 111.875864
617999 111.418137
618999 110.248715
619999 109.919065
620999 108.739374
621999 113.955078
622999 110.464228
623999 109.729562
624999 112.019288
625999 112.545486
626999 109.162455
627999 112.024790
628999 111.653765
629999 109.089772
630999 112.566204
631999 114.191659
632999 109.751705
633999 115.043043
634999 112.951954
635999 113.884077
636999 108.280323
637999 112.182350
638999 111.117096
639999 114.319795
640999 107.346288
641999 106.596963
642999 107.771841
643999 114.418826
644999 114.510085
645999 105.428737
646999 112.299450
647999 108.649312
648999 113.141712
649999 114.180412
650999 114.778967
651999 114.505394
652999 112.382436
653999 114.517255
654999 115.440620
655999 111.868610
656999 110.729487
657999 113.304853
658999 109.374811
659999 107.603015
660999 113.191503
661999 114.323025
662999 114.306836
663999 111.421320
664999 108.257721
665999 110.001510
666999 111.925629
667999 112.011095
668999 111.584441
669999 114.369766
670999 106.312010
671999 109.782874
672999 105.636964
673999 110.847006
674999 110.929195
675999 109.990686
676999 111.341797
677999 109.472397
678999 109.886544
679999 101.470284
680999 110.124599
681999 108.857208
682999 111.491314
683999 107.509002
684999 113.407604
685999 108.153342
686999 102.635754
687999 108.746570
688999 107.319003
689999 104.694954
690999 110.400767
691999 109.887355
692999 107.843445
693999 110.138764
694999 108.961884
695999 108.772394
696999 104.215217
697999 106.861727
698999 108.025854
699999 108.327085
700999 103.668632
701999 106.733360
702999 109.080605
703999 110.476573
704999 106.790327
705999 103.131575
706999 105.705313
707999 102.713098
708999 103.521700
709999 102.564856
710999 102.949620
711999 109.144861
712999 99.638431
713999 109.398718
714999 108.091995
715999 104.800103
716999 110.477590
717999 108.273440
718999 105.742004
719999 103.103793
720999 109.893330
721999 109.080870
722999 105.884090
723999 111.486780
724999 110.601867
725999 113.623690
726999 111.277267
727999 106.450083
728999 112.684989
729999 117.645051
730999 105.648208
731999 110.635426
732999 118.803047
733999 118.636046
734999 120.416138
735999 118.302912
736999 117.096343
737999 120.679612
738999 114.065362
739999 123.104305
740999 124.564330
741999 128.687032
742999 125.182139
743999 118.196152
744999 120.870002
745999 125.851665
746999 121.809035
747999 132.259805
748999 124.478455
749999 112.664242
750999 117.405135
751999 122.959394
752999 120.657764
753999 127.224791
754999 124.891635
755999 121.655543
756999 124.854344
757999 121.933090
758999 121.857138
759999 123.328709
760999 124.233062
761999 123.796299
762999 116.754711
763999 114.636419
764999 99.767462
765999 110.397368
766999 106.927718
767999 112.417983
768999 117.134821
769999 106.907187
770999 121.512246
771999 115.373471
772999 113.933975
773999 127.547180
774999 116.818611
775999 116.699404
776999 119.483549
777999 107.501045
778999 119.083969
779999 116.380155
780999 118.652827
781999 111.287367
782999 116.933605
783999 121.607770
784999 119.854302
785999 117.840439
786999 116.976959
787999 123.141741
788999 115.179187
789999 115.472964
790999 121.334645
791999 111.762813
792999 113.463158
793999 116.350980
794999 112.871671
795999 118.931040
796999 123.616407
797999 127.835716
798999 115.880690
799999 117.933067
800999 125.580321
801999 117.026288
802999 123.579330
803999 120.972867
804999 122.272835
805999 124.403074
806999 113.858146
807999 120.256696
808999 122.160240
809999 115.857958
810999 120.076956
811999 120.087212
812999 113.797134
813999 122.613957
814999 121.522453
815999 118.115185
816999 119.015281
817999 118.069139
818999 117.738571
819999 122.381481
820999 119.136947
821999 120.336363
822999 121.702793
823999 123.686252
824999 116.909549
825999 124.466091
826999 124.859682
827999 117.664278
828999 124.739639
829999 119.264003
830999 115.882657
831999 124.545164
832999 123.212932
833999 124.193615
834999 126.279270
835999 123.388005
836999 120.342326
837999 120.387658
838999 121.991736
839999 119.025986
840999 124.894216
841999 122.802628
842999 124.368698
843999 116.873769
844999 120.411335
845999 120.994144
846999 117.010037
847999 120.158105
848999 113.224447
849999 111.871765
850999 112.664930
851999 115.663512
852999 116.687602
853999 111.624870
854999 112.749774
855999 113.205765
856999 114.428309
857999 109.447300
858999 121.546110
859999 117.283887
860999 123.545979
861999 118.867005
862999 121.178317
863999 123.953337
864999 117.801356
865999 117.666481
866999 119.152336
867999 119.984842
868999 120.966100
869999 119.018223
870999 125.302968
871999 117.740478
872999 117.806633
873999 120.268474
874999 118.173012
875999 124.582444
876999 114.534974
877999 116.717719
878999 111.622165
879999 117.612554
880999 119.648872
881999 118.217839
882999 117.608921
883999 117.006293
884999 120.151780
885999 122.087395
886999 118.170079
887999 125.842342
888999 121.070727
889999 117.786849
890999 119.626980
891999 124.431242
892999 125.790611
893999 118.319039
894999 122.555969
895999 115.042849
896999 118.306212
897999 122.988037
898999 114.317530
899999 124.672889
900999 110.500462
901999 122.582244
902999 121.966962
903999 122.919302
904999 117.660941
905999 120.576187
906999 123.753984
907999 121.179406
908999 104.298349
909999 118.937023
910999 125.887679
911999 118.462788
912999 121.151297
913999 114.884164
914999 120.051117
915999 126.788147
916999 118.962657
917999 118.991149
918999 120.118752
919999 122.182978
920999 121.811884
921999 122.237740
922999 121.221819
923999 123.273234
924999 119.334104
925999 123.472123
926999 118.304504
927999 121.740534
928999 123.258382
929999 123.776943
930999 113.963830
931999 115.862313
932999 109.118498
933999 124.176737
934999 116.954532
935999 105.229279
936999 110.040015
937999 104.681527
938999 114.534917
939999 112.638690
940999 115.718928
941999 114.108868
942999 112.750731
943999 109.795445
944999 108.765223
945999 109.004917
946999 111.485449
947999 116.761495
948999 103.955775
949999 107.920640
950999 111.523085
951999 109.410847
952999 117.188584
953999 119.678168
954999 105.799742
955999 113.432138
956999 110.031254
957999 109.997118
958999 103.042490
959999 104.829939
960999 105.202561
961999 100.905102
962999 105.544891
963999 109.017065
964999 106.802534
965999 101.778836
966999 111.809855
967999 107.580908
968999 107.186977
969999 113.414477
970999 112.494878
971999 107.733388
972999 111.971242
973999 115.303897
974999 112.502064
975999 113.702385
976999 113.776025
977999 117.936110
978999 115.265274
979999 124.978749
980999 117.758680
981999 123.063086
982999 122.606223
983999 119.036349
984999 121.342907
985999 119.622194
986999 120.010717
987999 120.392869
988999 111.071170
989999 115.705742
990999 114.613511
991999 116.810691
992999 116.281367
993999 118.199439
994999 113.974581
995999 114.732866
996999 111.213987
997999 110.444730
998999 113.410691
999999 109.606923
1000999 109.818984
1001999 108.845203
1002999 115.328970
1003999 110.830831
1004999 115.157302
1005999 111.428098
1006999 110.764978
1007999 110.917118
1008999 112.122953
1009999 115.092473
1010999 110.646426
1011999 110.785148
1012999 111.213637
1013999 108.294401
1014999 111.343007
1015999 117.032118
1016999 111.408213
1017999 116.450572
1018999 114.382325
1019999 114.654045
1020999 115.527016
1021999 116.534406
1022999 119.155520
1023999 117.095892
1024999 115.761476
1025999 120.170162
1026999 112.917231
1027999 120.015403
1028999 116.870930
1029999 116.270030
1030999 117.760982
1031999 119.770772
1032999 114.201962
1033999 114.934867
1034999 118.500995
1035999 114.402513
1036999 120.210138
1037999 117.895620
1038999 114.462280
1039999 116.567391
1040999 112.332068
1041999 118.912272
1042999 114.995171
1043999 115.366213
1044999 120.726938
1045999 116.395131
1046999 121.509387
1047999 120.960335
1048999 115.659578
1049999 112.326370
1050999 117.052710
1051999 113.271915
1052999 116.420141
1053999 120.524359
1054999 118.148949
1055999 119.356798
1056999 120.977289
1057999 116.740471
1058999 119.442072
1059999 121.871803
1060999 118.594920
1061999 115.681691
1062999 115.477423
1063999 116.731044
1064999 119.285968
1065999 112.314788
1066999 111.928513
1067999 117.513253
1068999 118.198429
1069999 118.474879
1070999 114.184182
1071999 106.847647
1072999 114.718992
1073999 116.669417
1074999 115.813187
1075999 114.610747
1076999 115.429408
1077999 115.804212
1078999 112.321820
1079999 115.463884
1080999 118.880391
1081999 115.664759
1082999 113.200652
1083999 117.250275
1084999 110.371007
1085999 114.453522
1086999 112.201180
1087999 114.751161
1088999 117.546847
1089999 110.901087
1090999 119.212285
1091999 120.622074
1092999 114.961933
1093999 122.297426
1094999 120.236133
1095999 121.512782
1096999 115.496140
1097999 114.583099
1098999 110.064323
1099999 114.367461
1100999 119.131929
1101999 118.165149
1102999 112.614713
1103999 115.876340
1104999 116.205931
1105999 115.670837
1106999 118.533700
1107999 115.818777
1108999 115.200101
1109999 117.505117
1110999 112.340359
1111999 111.756611
1112999 112.112549
1113999 110.744304
1114999 112.661330
1115999 114.404575
1116999 114.432911
1117999 117.681698
1118999 116.748198
1119999 112.396320
1120999 113.910848
1121999 113.223235
1122999 110.284786
1123999 111.754339
1124999 114.052444
1125999 110.983029
1126999 108.377564
1127999 117.296597
1128999 119.447645
1129999 115.387552
1130999 107.797827
1131999 112.571057
1132999 113.084610
1133999 115.275644
1134999 108.135579
1135999 112.618822
1136999 109.332135
1137999 113.763471
1138999 113.474074
1139999 113.277783
1140999 112.378890
1141999 111.059793
1142999 110.943986
1143999 114.739703
1144999 111.226496
1145999 114.859235
1146999 114.037770
1147999 119.430988
1148999 113.841883
1149999 116.341791
1150999 115.349632
1151999 118.896611
1152999 116.971135
1153999 115.806736
1154999 115.929555
1155999 114.808753
1156999 117.602843
1157999 114.899176
1158999 116.640728
1159999 119.457962
1160999 116.076551
1161999 120.578687
1162999 113.411199
1163999 115.688974
1164999 117.807433
1165999 117.724716
1166999 116.769340
1167999 118.839922
1168999 113.696665
1169999 117.701067
1170999 113.936577
1171999 119.528735
1172999 117.151983
1173999 113.587541
1174999 113.288521
1175999 116.202446
1176999 100.916850
1177999 109.115833
1178999 111.991083
1179999 109.035833
1180999 113.321626
1181999 110.016940
1182999 115.502292
1183999 99.344741
1184999 111.241560
1185999 106.485896
1186999 108.956506
1187999 114.631109
1188999 114.835200
1189999 114.515241
1190999 117.873921
1191999 114.376966
1192999 117.179706
1193999 114.182044
1194999 116.283458
1195999 114.624864
1196999 117.185479
1197999 115.825825
1198999 118.104226
1199999 116.558214
1200999 116.480737
1201999 111.323645
1202999 110.956523
1203999 112.702102
1204999 112.717371
1205999 114.002948
1206999 109.655655
1207999 115.051025
1208999 110.084206
1209999 115.927140
1210999 111.533747
1211999 114.134939
1212999 108.514250
1213999 112.131186
1214999 113.536860
1215999 114.101265
1216999 110.666503
1217999 111.309642
1218999 109.620455
1219999 110.581752
1220999 109.263122
1221999 110.085668
1222999 111.341029
1223999 109.948191
1224999 109.041302
1225999 112.711828
1226999 113.722250
1227999 115.865221
1228999 108.571045
1229999 114.472896
1230999 115.556948
1231999 115.452930
1232999 114.156795
1233999 112.396199
1234999 115.483940
1235999 112.445616
1236999 112.705912
1237999 113.668570
1238999 109.257024
1239999 116.415461
1240999 111.318042
1241999 113.586673
1242999 111.439183
1243999 114.738856
1244999 114.780812
1245999 114.373192
1246999 111.993037
1247999 116.078653
1248999 119.786751
1249999 112.601603
1250999 114.331000
1251999 112.345523
1252999 117.931850
1253999 112.145187
1254999 116.524542
1255999 116.692673
1256999 113.453433
1257999 116.591158
1258999 115.669391
1259999 114.875420
1260999 112.553821
1261999 114.923453
1262999 115.008694
1263999 114.402559
1264999 112.973407
1265999 114.284182
1266999 111.994298
1267999 113.168573
1268999 113.928154
1269999 112.065894
1270999 113.649640
1271999 110.700552
1272999 110.735238
1273999 111.962955
1274999 113.238566
1275999 110.978200
1276999 113.111726
1277999 112.606986
1278999 112.033060
1279999 109.978342
1280999 108.928442
1281999 108.048518
1282999 112.255734
1283999 108.251694
1284999 113.351371
1285999 105.675453
1286999 111.538843
1287999 110.692772
1288999 108.844622
1289999 109.039675
1290999 113.084960
1291999 112.622752
1292999 109.052140
1293999 110.896732
1294999 113.750677
1295999 111.200203
1296999 113.284015
1297999 113.358302
1298999 111.742190
1299999 112.448859
1300999 115.406842
1301999 108.209932
1302999 113.470231
1303999 111.570051
1304999 114.591130
1305999 114.151226
1306999 105.626813
1307999 112.300844
1308999 106.568670
1309999 109.457666
1310999 109.797808
1311999 112.211585
1312999 113.810785
1313999 110.105033
1314999 114.312410
1315999 117.148275
1316999 109.919967
1317999 108.237632
1318999 114.585980
1319999 113.530018
1320999 115.019621
1321999 113.584346
1322999 113.348035
1323999 112.575816
1324999 110.946524
1325999 114.674012
1326999 115.481970
1327999 118.813425
1328999 114.272025
1329999 116.586448
1330999 114.948716
1331999 116.735781
1332999 115.084644
1333999 119.963587
1334999 119.943564
1335999 123.194339
1336999 115.490057
1337999 117.360676
1338999 114.653872
1339999 115.179348
1340999 112.668125
1341999 118.638524
1342999 116.015901
1343999 117.203322
1344999 114.420484
1345999 113.795745
1346999 120.435353
1347999 114.377435
1348999 113.882455
1349999 112.150101
1350999 119.168532
1351999 119.792717
1352999 112.628502
1353999 117.458198
1354999 117.622727
1355999 123.333938
1356999 113.160949
1357999 117.482633
1358999 117.874258
1359999 117.061126
1360999 115.921512
1361999 118.640650
1362999 113.355632
1363999 113.477931
1364999 115.513911
1365999 113.890184
1366999 109.079561
1367999 109.138188
1368999 114.058540
1369999 116.571575
1370999 114.676674
1371999 116.704695
1372999 116.071533
1373999 115.775972
1374999 115.316123
1375999 116.379090
1376999 111.971367
1377999 113.867974
1378999 118.560520
1379999 117.096405
1380999 117.185777
1381999 110.773742
1382999 121.215060
1383999 116.671128
1384999 116.708739
1385999 115.963655
1386999 114.013799
1387999 113.403338
1388999 116.223801
1389999 116.497471
1390999 117.724703
1391999 122.322821
1392999 117.705426
1393999 119.816991
1394999 116.517964
1395999 119.057248
1396999 119.190447
1397999 120.945321
1398999 113.110761
1399999 117.628870
1400999 120.026237
1401999 116.993350
1402999 118.525341
1403999 108.997519
1404999 116.256342
1405999 118.532324
1406999 113.883449
1407999 117.413886
1408999 121.135276
1409999 119.641538
1410999 117.635937
1411999 120.623847
1412999 115.502037
1413999 116.094652
1414999 117.205113
1415999 115.277256
1416999 116.915533
1417999 115.172142
1418999 114.394497
1419999 113.929036
1420999 113.599088
1421999 113.738231
1422999 114.492331
1423999 117.945320
1424999 112.212051
1425999 115.058410
1426999 112.636496
1427999 111.249730
1428999 116.867489
1429999 120.957038
1430999 119.704374
1431999 118.767993
1432999 121.667215
1433999 112.495209
1434999 120.653948
1435999 114.290491
1436999 121.223053
1437999 119.729750
1438999 121.175548
1439999 121.689724
1440999 118.361960
1441999 111.939596
1442999 123.343887
1443999 123.327256
1444999 115.108792
1445999 121.517270
1446999 123.118035
1447999 120.417585
1448999 116.891024
1449999 119.271299
1450999 117.222958
1451999 119.826260
1452999 123.858617
1453999 121.013338
1454999 118.347660
1455999 119.995486
1456999 120.878638
1457999 116.214925
1458999 118.288519
1459999 124.213942
1460999 115.925089
1461999 120.542191
1462999 122.252528
1463999 121.653089
1464999 120.046365
1465999 119.983913
1466999 118.157674
1467999 120.944737
1468999 122.717084
1469999 112.105900
1470999 114.819957
1471999 121.145678
1472999 114.088993
1473999 116.046800
1474999 117.510256
1475999 114.357039
1476999 115.955191
1477999 118.184543
1478999 116.399308
1479999 117.005654
1480999 115.749948
1481999 115.897517
1482999 113.987707
1483999 115.049607
1484999 113.901105
1485999 115.498029
1486999 115.358985
1487999 117.334279
1488999 118.465990
1489999 115.990307
1490999 111.685063
1491999 118.511155
1492999 118.532143
1493999 115.819412
1494999 115.321665
1495999 117.956017
1496999 118.591798
1497999 114.748075
1498999 114.660025
1499999 117.878492
1500999 116.734574
1501999 119.179003
1502999 118.278156
1503999 122.535236
1504999 116.434929
1505999 118.400956
1506999 119.650282
1507999 119.125652
1508999 112.296464
1509999 117.681070
1510999 112.889736
1511999 115.832139
1512999 115.183144
1513999 120.016117
1514999 115.774148
1515999 116.101767
1516999 119.041085
1517999 120.068655
1518999 116.845998
1519999 116.215370
1520999 119.316357
1521999 113.628352
1522999 114.817434
1523999 121.480890
1524999 119.511053
1525999 116.156020
1526999 118.093690
1527999 116.824402
1528999 113.124147
1529999 114.635688
1530999 115.749578
1531999 116.183357
1532999 114.802055
1533999 114.791419
1534999 114.116537
1535999 114.887421
1536999 113.365601
1537999 118.407626
1538999 111.912445
1539999 111.578299
1540999 112.401356
1541999 117.097008
1542999 116.369811
1543999 115.376713
1544999 117.638766
1545999 119.247299
1546999 113.463771
1547999 119.468816
1548999 117.961135
1549999 111.206237
1550999 115.145812
1551999 115.765821
1552999 113.509977
1553999 113.606559
1554999 111.066135
1555999 108.202777
1556999 116.108484
1557999 109.276787
1558999 112.085233
1559999 114.484963
1560999 115.516134
1561999 112.562381
1562999 110.790343
1563999 105.134165
1564999 115.220918
1565999 113.318944
1566999 116.936901
1567999 113.448608
1568999 110.741958
1569999 116.228779
1570999 112.018573
1571999 114.385291
1572999 109.076286
1573999 109.839432
1574999 110.370022
1575999 114.220537
1576999 114.794456
1577999 114.952967
1578999 110.903495
1579999 109.822281
1580999 114.030371
1581999 111.093124
1582999 115.940702
1583999 110.468509
1584999 115.567175
1585999 112.419356
1586999 106.614558
1587999 115.304638
1588999 115.827031
1589999 112.677887
1590999 115.870584
1591999 114.320997
1592999 113.580891
1593999 114.152036
1594999 115.483624
1595999 110.412408
1596999 112.719996
1597999 111.219009
1598999 112.413820
1599999 115.177079
1600999 112.082419
1601999 112.972723
1602999 113.353763
1603999 111.062184
1604999 108.242129
1605999 111.413600
1606999 115.091728
1607999 113.375610
1608999 113.270432
1609999 106.673381
1610999 112.250813
1611999 113.057021
1612999 109.624487
1613999 112.841729
1614999 115.139559
1615999 104.467567
1616999 110.829358
1617999 114.585873
1618999 114.456004
1619999 113.542402
1620999 115.557006
1621999 117.007974
1622999 111.376034
1623999 116.061460
1624999 114.336881
1625999 115.715074
1626999 113.022617
1627999 110.915271
1628999 111.839984
1629999 114.297680
1630999 114.552351
1631999 110.359134
1632999 112.166096
1633999 113.686665
1634999 112.083771
1635999 111.389283
1636999 114.990384
1637999 114.797459
1638999 112.633963
1639999 113.557625
1640999 113.408287
1641999 114.800004
1642999 116.853340
1643999 112.366534
1644999 114.502231
1645999 105.965827
1646999 113.645670
1647999 113.705682
1648999 108.765399
1649999 114.744549
1650999 113.480291
1651999 115.952340
1652999 114.765530
1653999 113.893588
1654999 114.228447
1655999 112.732100
1656999 111.751291
1657999 110.332936
1658999 114.525445
1659999 113.633621
1660999 111.410261
1661999 113.885629
1662999 116.374155
1663999 112.427205
1664999 116.860189
1665999 115.684480
1666999 113.612959
1667999 113.055576
1668999 111.687411
1669999 110.924454
1670999 111.244699
1671999 112.458094
1672999 112.252803
1673999 113.972089
1674999 112.261915
1675999 112.887525
1676999 112.545677
1677999 111.836387
1678999 109.944134
1679999 111.310568
1680999 112.826210
1681999 109.931619
1682999 113.073395
1683999 111.719839
1684999 108.966711
1685999 112.530782
1686999 111.026066
1687999 113.086496
1688999 109.579397
1689999 111.545473
1690999 116.154551
1691999 115.621622
1692999 109.741863
1693999 112.890206
1694999 111.546288
1695999 114.213452
1696999 111.795964
1697999 107.967463
1698999 113.067322
1699999 111.488403
1700999 112.549647
1701999 113.117256
1702999 109.709860
1703999 110.491903
1704999 109.844252
1705999 115.423365
1706999 111.229356
1707999 115.134310
1708999 109.518714
1709999 111.184831
1710999 114.033955
1711999 115.778511
1712999 115.713541
1713999 114.030130
1714999 112.915386
1715999 115.595718
1716999 114.700509
1717999 115.109236
1718999 114.499037
1719999 115.501994
1720999 110.427316
1721999 112.443327
1722999 114.008472
1723999 109.339838
1724999 116.719055
1725999 117.635172
1726999 116.986401
1727999 116.834729
1728999 111.231321
1729999 114.910562
1730999 114.742714
1731999 114.313891
1732999 114.484909
1733999 115.858268
1734999 113.874772
1735999 117.142979
1736999 112.615127
1737999 114.317103
1738999 114.496590
1739999 111.059002
1740999 114.973777
1741999 107.289282
1742999 116.756233
1743999 116.580075
1744999 108.439697
1745999 106.669043
1746999 110.445256
1747999 116.651167
1748999 109.325037
1749999 115.744402
1750999 109.641765
1751999 116.945650
1752999 118.347897
1753999 118.109122
1754999 113.861266
1755999 116.800152
1756999 115.137981
1757999 117.164527
1758999 114.704298
1759999 112.499335
1760999 113.454946
1761999 112.980747
1762999 106.330406
1763999 109.557371
1764999 107.216227
1765999 108.671499
1766999 112.777119
1767999 113.670643
1768999 116.692895
1769999 114.544950
1770999 113.257269
1771999 114.466229
1772999 111.663256
1773999 116.357794
1774999 118.797591
1775999 117.640286
1776999 119.776631
1777999 109.877790
1778999 113.337287
1779999 110.112439
1780999 111.354094
1781999 115.136206
1782999 116.063630
1783999 114.394472
1784999 119.599381
1785999 113.608992
1786999 116.429234
1787999 113.017796
1788999 104.733831
1789999 115.031525
1790999 113.556153
1791999 111.964689
1792999 111.592650
1793999 112.141802
1794999 113.102085
1795999 114.152397
1796999 116.199185
1797999 116.997274
1798999 117.304038
1799999 116.626629
1800999 118.413240
1801999 111.123493
1802999 112.407343
1803999 117.354119
1804999 115.202857
1805999 119.262338
1806999 116.080757
1807999 116.261946
1808999 110.582957
1809999 117.161495
1810999 118.429498
1811999 116.936386
1812999 108.619329
1813999 113.439254
1814999 114.161656
1815999 118.038631
1816999 114.540906
1817999 113.458427
1818999 113.982229
1819999 117.777197
1820999 111.570860
1821999 114.735146
1822999 113.413467
1823999 114.357049
1824999 116.802860
1825999 118.089065
1826999 114.388124
1827999 117.253591
1828999 115.013617
1829999 112.964260
1830999 112.418840
1831999 113.435352
1832999 109.242269
1833999 114.392134
1834999 111.735061
1835999 113.767870
1836999 117.189665
1837999 106.739999
1838999 108.756520
1839999 108.845864
1840999 112.668293
1841999 112.587978
1842999 109.413646
1843999 116.240028
1844999 114.611252
1845999 115.797608
1846999 115.221229
1847999 117.281461
1848999 116.476399
1849999 114.920909
1850999 109.763077
1851999 112.917229
1852999 114.077698
1853999 118.038642
1854999 115.184816
1855999 115.825690
1856999 116.049910
1857999 108.793413
1858999 114.596275
1859999 116.240277
1860999 112.947320
1861999 117.519571
1862999 117.496184
1863999 115.442406
1864999 116.526222
1865999 110.731712
1866999 114.539277
1867999 109.665027
1868999 115.563111
1869999 113.939584
1870999 115.710498
1871999 115.606754
1872999 114.258001
1873999 119.311425
1874999 115.058227
1875999 117.074494
1876999 108.147856
1877999 117.926114
1878999 116.760013
1879999 112.921362
1880999 112.229444
1881999 114.775909
1882999 114.883289
1883999 111.920672
1884999 112.468133
1885999 113.969931
1886999 108.602215
1887999 114.729394
1888999 116.259238
1889999 112.773952
1890999 116.347302
1891999 111.074889
1892999 116.205120
1893999 110.464639
1894999 112.674996
1895999 116.058992
1896999 113.995887
1897999 115.928029
1898999 111.168545
1899999 115.847294
1900999 120.397734
1901999 123.511567
1902999 117.741679
1903999 113.320755
1904999 110.100227
1905999 113.661643
1906999 115.197950
1907999 117.646485
1908999 117.509248
1909999 112.471727
1910999 112.661682
1911999 117.807912
1912999 107.264259
1913999 113.828170
1914999 115.128495
1915999 119.753952
1916999 119.585974
1917999 116.827644
1918999 119.307275
1919999 116.288087
1920999 114.268753
1921999 112.169344
1922999 118.151766
1923999 111.273655
1924999 116.217920
1925999 115.857105
1926999 112.971618
1927999 116.238168
1928999 112.156939
1929999 110.961750
1930999 115.563388
1931999 114.047477
1932999 115.020568
1933999 112.020667
1934999 107.365419
1935999 114.824107
1936999 115.815793
1937999 113.123263
1938999 114.657337
1939999 115.558427
1940999 103.067825
1941999 116.033647
1942999 113.956769
1943999 114.481389
1944999 116.258287
1945999 111.576595
1946999 108.671621
1947999 114.548468
1948999 114.363295
1949999 115.985947
1950999 115.650061
1951999 104.782608
1952999 112.599457
1953999 111.714135
1954999 110.600765
1955999 113.305793
1956999 110.969400
1957999 114.005900
1958999 110.809045
1959999 112.333728
1960999 113.779548
1961999 109.090490
1962999 110.200189
1963999 109.057667
1964999 115.073882
1965999 110.576807
1966999 109.736567
1967999 113.711281
1968999 108.180193
1969999 105.764028
1970999 108.972833
1971999 112.856702
1972999 111.173743
1973999 111.725642
1974999 112.840559
1975999 111.115137
1976999 110.408517
1977999 104.036151
1978999 107.647032
1979999 113.604054
1980999 110.355514
1981999 105.959427
1982999 105.901633
1983999 109.051460
1984999 109.152952
1985999 111.323975
1986999 110.507337
1987999 102.712719
1988999 107.496430
1989999 108.132199
1990999 111.290277
1991999 108.659606
1992999 107.916476
1993999 110.976855
1994999 104.542023
1995999 117.150121
1996999 110.992955
1997999 114.842999
1998999 111.598659
1999999 112.445460
