999 10.556420
1999 2.753762
2999 3.039130
3999 -14.764660
4999 -0.370832
5999 2.949347
6999 -32.743601
7999 -4.824442
8999 -6.425778
9999 3.394720
10999 9.277466
11999 20.620303
12999 1.137727
13999 22.778815
14999 -0.076652
15999 21.186879
16999 23.043458
17999 18.145288
18999 18.525353
19999 8.332572
20999 15.456978
21999 23.808842
22999 20.665829
23999 16.423042
24999 23.594038
25999 22.335829
26999 22.203007
27999 24.436957
28999 18.713520
29999 25.409458
30999 31.133703
31999 30.393384
32999 35.744486
33999 32.486754
34999 31.269277
35999 29.270732
36999 10.422541
37999 23.191234
38999 34.073270
39999 30.294771
40999 33.122715
41999 32.498262
42999 32.042827
43999 33.239818
44999 36.067278
45999 37.901017
46999 30.056949
47999 36.145051
48999 31.516493
49999 37.319833
50999 38.601677
51999 34.843321
52999 33.958642
53999 37.894631
54999 33.681804
55999 33.996496
56999 34.592296
57999 31.919216
58999 30.509074
59999 38.015379
60999 36.078096
61999 37.250591
62999 27.812546
63999 31.258007
64999 35.953331
65999 36.294421
66999 34.562380
67999 32.053503
68999 35.415822
69999 37.508617
70999 40.153530
71999 38.314942
72999 39.849723
73999 36.684133
74999 17.556196
75999 40.351549
76999 36.882196
77999 39.026234
78999 -7.124156
79999 36.453197
80999 -0.268167
81999 33.700542
82999 37.723546
83999 38.573052
84999 32.312815
85999 32.384781
86999 29.536073
87999 29.411574
88999 32.856286
89999 33.926322
90999 36.541912
91999 39.034427
92999 37.813207
93999 35.765357
94999 40.882634
95999 40.246002
96999 34.327409
97999 39.483028
98999 39.676070
99999 38.088417
100999 37.371620
101999 37.434048
102999 39.920328
103999 40.568723
104999 38.491067
105999 39.381052
106999 37.904842
107999 4.834763
108999 38.620702
109999 36.735676
110999 40.959267
111999 42.292679
112999 40.316861
113999 42.757305
114999 42.295456
115999 39.122996
116999 37.990469
117999 39.823399
118999 36.961268
119999 35.188359
120999 36.648480
121999 40.908627
122999 35.811827
123999 39.156377
124999 40.736349
125999 36.673238
126999 38.154486
127999 41.567710
128999 38.887204
129999 40.735616
130999 40.569723
131999 44.591977
132999 42.764194
133999 -7.391806
134999 45.046932
135999 41.799725
136999 41.500299
137999 45.155997
138999 39.459129
139999 26.533644
140999 42.788156
141999 43.439888
142999 45.714625
143999 38.935884
144999 -2.935290
145999 43.450339
146999 42.884132
147999 42.342423
148999 41.075533
149999 47.478390
150999 47.263792
151999 49.061872
152999 48.702507
153999 48.044832
154999 44.704619
155999 43.967585
156999 47.901047
157999 49.680408
158999 45.111334
159999 45.595069
160999 45.649340
161999 48.015976
162999 43.559841
163999 47.474687
164999 47.472474
165999 43.395562
166999 48.725752
167999 45.918513
168999 43.753414
169999 44.529026
170999 44.569218
171999 43.974383
172999 46.782933
173999 41.982192
174999 48.516485
175999 43.943933
176999 49.400667
177999 48.014328
178999 12.047430
179999 50.500346
180999 48.953182
181999 44.603215
182999 19.452074
183999 43.195709
184999 49.934111
185999 49.535866
186999 32.902766
187999 -8.140961
188999 52.193764
189999 31.074942
190999 30.890601
191999 57.175094
192999 50.814357
193999 53.417845
194999 -22.359634
195999 52.909717
196999 52.644171
197999 52.288267
198999 49.863524
199999 52.005047
200999 59.500779
201999 61.431826
202999 56.229571
203999 56.816091
204999 53.895659
205999 54.040732
206999 33.387193
207999 57.299827
208999 31.133398
209999 53.274984
210999 45.693308
211999 8.192117
212999 -17.227032
213999 54.119430
214999 58.380485
215999 55.920843
216999 58.916192
217999 53.872274
218999 60.154123
219999 56.878359
220999 61.249450
221999 60.170371
222999 54.057618
223999 60.038913
224999 58.294699
225999 54.629635
226999 53.059495
227999 63.690545
228999 54.938903
229999 59.014240
230999 39.143848
231999 19.298597
232999 59.162835
233999 61.411879
234999 65.366972
235999 65.561782
236999 68.289856
237999 64.139804
238999 74.604850
239999 72.018766
240999 72.443609
241999 67.758897
242999 65.483426
243999 32.579063
244999 64.245015
245999 62.980169
246999 60.495946
247999 70.222352
248999 67.251550
249999 61.736317
250999 68.660777
251999 67.891586
252999 14.872914
253999 71.638809
254999 71.488606
255999 78.100082
256999 53.218400
257999 70.820694
258999 68.723964
259999 76.150700
260999 56.514510
261999 71.827973
262999 69.031145
263999 68.013057
264999 72.941672
265999 73.199290
266999 76.552544
267999 75.797898
268999 72.356782
269999 74.771353
270999 79.306305
271999 73.805088
272999 74.770024
273999 73.477055
274999 69.178156
275999 72.136022
276999 80.162509
277999 72.569468
278999 77.001205
279999 72.446183
280999 74.240806
281999 70.511926
282999 73.382594
283999 71.667736
284999 73.579547
285999 69.469488
286999 68.634416
287999 70.118295
288999 72.346603
289999 73.268298
290999 72.346981
291999 74.462275
292999 76.046766
293999 72.209974
294999 74.366957
295999 75.268169
296999 74.631557
297999 73.630576
298999 75.082257
299999 75.511699
300999 76.546949
301999 69.943801
302999 76.937822
303999 77.508633
304999 74.577606
305999 -26.808337
306999 79.096273
307999 77.476618
308999 78.775714
309999 80.645612
310999 78.089163
311999 73.117584
312999 81.774339
313999 80.987274
314999 82.378931
315999 80.201530
316999 76.051839
317999 75.295090
318999 78.005969
319999 77.417005
320999 74.531932
321999 77.614107
322999 80.929147
323999 83.289983
324999 84.894408
325999 79.640765
326999 85.044695
327999 84.726574
328999 83.721905
329999 84.055571
330999 80.648180
331999 79.086594
332999 84.221464
333999 83.520497
334999 83.447038
335999 85.154353
336999 83.922430
337999 78.644049
338999 85.800761
339999 84.564168
340999 81.984401
341999 83.177249
342999 83.862256
343999 77.381130
344999 81.039205
345999 80.493049
346999 83.792927
347999 78.691399
348999 81.167081
349999 80.755253
350999 83.972738
351999 82.711927
352999 81.669444
353999 87.806694
354999 79.601287
355999 66.078459
356999 68.180082
357999 86.675207
358999 81.736638
359999 77.030681
360999 84.376583
361999 77.722649
362999 79.387434
363999 83.345862
364999 82.483572
365999 69.347636
366999 80.078318
367999 81.174823
368999 65.811457
369999 84.650554
370999 83.069366
371999 87.834356
372999 83.041561
373999 88.425551
374999 86.551008
375999 51.014428
376999 48.209840
377999 -8.481630
378999 73.050812
379999 74.106345
380999 79.988918
381999 20.024580
382999 -3.226361
383999 63.633567
384999 71.865395
385999 -7.981420
386999 77.521517
387999 -6.841360
388999 59.037360
389999 -16.254206
390999 65.006272
391999 86.414665
392999 84.774682
393999 87.331718
394999 86.664923
395999 90.514572
396999 81.760969
397999 84.619701
398999 62.899597
399999 83.344505
400999 86.948428
401999 85.183966
402999 84.808871
403999 89.892443
404999 87.609362
405999 89.049163
406999 89.164271
407999 89.940579
408999 85.804630
409999 88.383407
410999 87.727126
411999 88.437105
412999 88.741640
413999 89.608961
414999 90.644545
415999 84.375841
416999 93.368443
417999 91.676447
418999 95.696919
419999 96.428705
420999 99.511885
421999 96.636230
422999 92.312412
423999 95.392989
424999 96.388495
425999 95.567949
426999 95.355063
427999 96.514084
428999 88.952960
429999 95.246928
430999 91.078886
431999 90.977751
432999 94.129074
433999 89.013496
434999 91.609593
435999 90.968409
436999 94.711532
437999 96.994598
438999 90.365152
439999 93.486971
440999 92.756896
441999 95.041548
442999 94.296306
443999 95.824509
444999 96.135282
445999 90.957495
446999 94.824505
447999 99.698572
448999 99.953998
449999 98.585183
450999 98.333014
451999 94.659879
452999 98.655211
453999 96.795774
454999 100.755390
455999 99.845708
456999 100.863202
457999 96.261478
458999 96.822257
459999 97.590134
460999 99.239242
461999 95.968814
462999 94.926319
463999 90.044567
464999 93.053594
465999 98.206314
466999 98.484932
467999 96.401426
468999 102.999888
469999 93.176334
470999 95.493015
471999 89.442400
472999 97.512800
473999 92.442949
474999 94.478722
475999 95.544472
476999 97.168850
477999 92.031892
478999 90.744102
479999 97.534547
480999 95.437323
481999 99.851507
482999 96.189534
483999 97.894426
484999 98.789730
485999 96.561349
486999 102.435884
487999 101.637365
488999 98.729490
489999 97.912481
490999 100.434274
491999 101.535346
492999 98.217376
493999 101.527480
494999 103.678934
495999 97.051534
496999 98.435274
497999 96.089884
498999 100.649451
499999 100.643402
500999 97.896601
501999 101.465999
502999 100.795314
503999 97.680494
504999 106.357460
505999 101.297295
506999 104.814796
507999 103.777771
508999 102.379408
509999 97.602581
510999 100.241510
511999 100.328702
512999 103.399724
513999 102.726886
514999 103.264558
515999 100.719930
516999 99.521086
517999 102.008894
518999 98.851867
519999 96.848586
520999 107.824456
521999 105.343998
522999 96.840923
523999 99.523373
524999 100.515995
525999 103.235896
526999 100.064786
527999 100.964963
528999 97.403217
529999 102.017978
530999 93.679325
531999 99.299611
532999 99.942233
533999 98.291215
534999 100.613148
535999 69.197089
536999 101.147357
537999 101.538444
538999 88.633208
539999 102.004718
540999 98.480219
541999 100.073856
542999 106.954131
543999 89.920819
544999 96.986774
545999 98.381966
546999 99.131751
547999 100.200239
548999 99.515912
549999 97.035488
550999 104.558949
551999 98.155690
552999 102.103472
553999 99.616352
554999 103.854518
555999 102.887512
556999 98.138354
557999 104.272954
558999 103.852634
559999 105.218476
560999 100.681691
561999 103.370643
562999 101.198230
563999 105.864668
564999 100.813997
565999 104.987359
566999 101.974741
567999 98.142233
568999 102.503813
569999 101.682340
570999 107.242600
571999 103.806067
572999 102.087052
573999 99.940498
574999 100.453404
575999 99.783844
576999 106.847163
577999 103.811815
578999 104.207576
579999 105.308805
580999 94.913620
581999 96.280287
582999 98.199545
583999 95.804702
584999 94.254109
585999 97.561109
586999 95.622840
587999 95.474180
588999 101.822158
589999 101.903435
590999 101.247586
591999 100.447196
592999 100.321253
593999 100.115787
594999 105.676760
595999 102.028887
596999 103.586386
597999 106.220126
598999 96.861630
599999 103.916299
600999 101.035778
601999 101.914242
602999 108.180818
603999 106.347394
604999 105.917299
605999 106.119175
606999 104.972941
607999 106.674464
608999 105.492805
609999 106.145952
610999 106.754784
611999 105.141146
612999 104.655376
613999 106.985854
614999 99.415791
615999 104.562883
616999 97.863834
617999 100.013593
618999 102.147809
619999 104.229020
620999 105.469980
621999 103.007478
622999 102.459813
623999 97.894922
624999 104.643094
625999 108.446129
626999 104.953805
627999 112.864488
628999 102.681601
629999 105.494796
630999 108.852808
631999 110.359200
632999 110.454828
633999 111.106500
634999 109.394696
635999 104.564366
636999 104.834812
637999 112.232146
638999 109.739669
639999 111.054665
640999 110.252565
641999 112.090232
642999 108.715713
643999 114.066004
644999 106.307404
645999 112.414296
646999 110.647330
647999 105.522350
648999 105.339930
649999 105.823374
650999 98.703971
651999 106.000465
652999 106.642221
653999 107.270839
654999 104.744464
655999 101.203674
656999 104.679911
657999 106.490674
658999 106.714131
659999 98.483270
660999 104.106695
661999 100.671478
662999 107.573186
663999 105.129847
664999 108.863698
665999 105.025991
666999 105.488073
667999 105.956028
668999 103.326418
669999 110.778623
670999 110.884946
671999 106.979540
672999 109.233289
673999 109.920970
674999 105.695217
675999 98.164299
676999 107.570647
677999 94.319541
678999 104.167578
679999 90.678867
680999 89.751475
681999 103.920584
682999 75.739951
683999 108.256898
684999 91.953300
685999 99.647033
686999 99.426508
687999 101.123516
688999 74.361136
689999 97.509016
690999 109.055432
691999 107.718988
692999 102.819575
693999 95.072987
694999 95.447823
695999 106.511575
696999 110.157246
697999 100.618049
698999 102.596361
699999 93.394286
700999 98.203125
701999 106.835936
702999 96.224553
703999 104.830188
704999 104.473529
705999 90.695049
706999 108.352255
707999 106.145064
708999 91.529046
709999 105.912612
710999 108.929146
711999 107.623812
712999 106.115454
713999 105.391563
714999 103.897355
715999 104.277390
716999 107.781237
717999 108.134983
718999 106.772634
719999 101.953070
720999 101.467937
721999 97.801670
722999 105.291939
723999 107.623251
724999 101.703951
725999 108.962474
726999 96.623133
727999 100.753048
728999 102.600260
729999 99.276609
730999 107.031547
731999 102.099836
732999 102.969195
733999 105.233986
734999 104.100664
735999 105.602202
736999 102.948869
737999 102.644414
738999 101.815998
739999 106.655756
740999 106.475922
741999 107.019405
742999 107.478929
743999 103.878014
744999 97.529541
745999 98.846669
746999 104.542700
747999 105.869647
748999 102.672665
749999 102.606943
750999 100.508684
751999 103.230649
752999 105.614135
753999 101.041613
754999 105.583837
755999 102.010396
756999 103.181607
757999 99.896828
758999 103.684268
759999 100.374230
760999 108.601718
761999 104.928179
762999 102.503640
763999 106.649704
764999 100.970661
765999 108.158613
766999 105.128201
767999 104.151405
768999 101.504211
769999 104.659214
770999 101.333768
771999 103.056903
772999 101.652824
773999 105.669035
774999 100.783821
775999 99.003223
776999 101.718193
777999 100.844147
778999 106.094549
779999 102.660530
780999 107.154299
781999 103.517286
782999 104.578807
783999 102.446007
784999 101.307351
785999 101.359026
786999 102.237985
787999 104.883862
788999 106.659640
789999 101.375667
790999 102.855288
791999 103.243111
792999 101.503489
793999 102.413522
794999 95.487217
795999 102.742223
796999 92.296298
797999 102.255970
798999 98.592848
799999 98.289046
800999 92.798261
801999 96.634782
802999 93.276564
803999 100.076520
804999 101.133372
805999 102.100557
806999 105.995360
807999 98.643706
808999 91.703014
809999 95.775274
810999 102.899096
811999 99.730289
812999 100.512445
813999 101.104720
814999 96.164942
815999 97.663155
816999 105.490522
817999 96.853504
818999 103.834519
819999 106.473353
820999 103.339368
821999 107.600219
822999 101.305728
823999 105.020593
824999 106.250341
825999 111.288743
826999 111.801229
827999 109.633025
828999 113.803875
829999 103.915433
830999 107.309806
831999 107.479771
832999 101.537193
833999 109.785657
834999 104.720819
835999 112.143324
836999 107.529505
837999 112.218783
838999 102.567875
839999 108.443038
840999 108.774646
841999 106.053617
842999 106.046002
843999 106.419406
844999 112.031465
845999 110.453062
846999 111.030486
847999 108.372547
848999 108.451572
849999 107.354844
850999 105.881404
851999 108.193383
852999 109.636487
853999 109.875473
854999 108.936744
855999 107.495613
856999 104.346247
857999 103.938320
858999 110.230720
859999 107.784323
860999 107.114283
861999 106.735375
862999 111.184096
863999 105.553559
864999 106.290892
865999 110.424859
866999 104.954349
867999 109.237618
868999 110.965929
869999 107.035128
870999 107.582452
871999 109.211716
872999 105.042344
873999 110.938137
874999 106.979773
875999 109.223364
876999 113.247002
877999 109.506159
878999 107.061856
879999 112.820783
880999 111.913869
881999 111.845674
882999 111.945503
883999 114.673711
884999 110.840225
885999 110.156463
886999 112.059440
887999 113.393233
888999 110.644545
889999 110.753090
890999 112.738866
891999 109.835109
892999 106.487431
893999 110.672313
894999 109.287062
895999 101.466621
896999 109.021003
897999 112.613987
898999 107.328548
899999 106.669195
900999 106.448627
901999 113.662452
902999 112.315325
903999 112.662186
904999 110.374101
905999 109.739660
906999 110.087984
907999 103.321835
908999 108.124165
909999 110.396983
910999 111.752547
911999 111.892874
912999 115.005845
913999 117.215478
914999 111.095633
915999 110.220541
916999 111.482627
917999 113.816470
918999 110.930171
919999 109.953675
920999 111.519668
921999 105.456538
922999 112.573872
923999 115.331695
924999 111.600678
925999 111.506816
926999 104.134270
927999 111.407118
928999 103.863827
929999 106.828782
930999 107.612866
931999 110.506425
932999 106.319773
933999 107.079633
934999 107.153815
935999 105.403289
936999 104.037045
937999 106.122626
938999 106.703578
939999 111.634340
940999 105.238100
941999 106.832654
942999 105.501186
943999 107.093016
944999 108.940147
945999 108.095872
946999 106.810316
947999 113.979788
948999 108.531307
949999 108.734746
950999 108.541133
951999 105.122906
952999 112.839500
953999 104.949458
954999 103.894241
955999 110.077883
956999 108.767606
957999 108.056341
958999 107.546146
959999 105.572680
960999 102.434827
961999 111.065945
962999 109.130037
963999 108.450831
964999 111.369283
965999 115.192988
966999 115.136027
967999 111.334779
968999 109.660371
969999 113.887715
970999 113.558313
971999 117.110237
972999 110.657089
973999 115.945902
974999 116.339218
975999 115.509292
976999 110.824445
977999 113.636542
978999 113.241841
979999 115.735565
980999 108.404151
981999 110.898775
982999 110.272403
983999 116.830002
984999 114.015774
985999 108.994504
986999 112.610045
987999 114.810280
988999 111.194273
989999 105.410745
990999 113.156483
991999 108.332240
992999 109.752849
993999 105.083710
994999 108.486411
995999 110.766769
996999 93.913626
997999 113.269514
998999 109.681750
999999 113.994876
1000999 113.057283
1001999 112.846042
1002999 105.492415
1003999 108.289956
1004999 109.022440
1005999 111.001765
1006999 108.796930
1007999 113.440703
1008999 98.685321
1009999 106.600191
1010999 113.988501
1011999 112.397014
1012999 106.066461
1013999 105.743060
1014999 113.198665
1015999 107.847098
1016999 102.998284
1017999 110.330664
1018999 111.127489
1019999 106.150891
1020999 107.225434
1021999 114.079302
1022999 104.156748
1023999 112.130553
1024999 93.758234
1025999 106.812924
1026999 109.295187
1027999 108.117801
1028999 112.998499
1029999 113.308281
1030999 112.835543
1031999 110.487618
1032999 115.819069
1033999 116.880692
1034999 112.535342
1035999 108.144197
1036999 106.097282
1037999 108.104206
1038999 106.557549
1039999 110.154825
1040999 108.548821
1041999 112.054653
1042999 110.086766
1043999 111.907964
1044999 112.958466
1045999 113.307079
1046999 107.594891
1047999 109.973263
1048999 110.031726
1049999 112.797817
1050999 109.726999
1051999 109.192356
1052999 113.585828
1053999 116.013970
1054999 114.200848
1055999 106.960014
1056999 114.969767
1057999 110.433611
1058999 111.803424
1059999 106.907985
1060999 109.049726
1061999 97.574551
1062999 105.857458
1063999 108.966778
1064999 106.920100
1065999 115.824538
1066999 113.330336
1067999 111.293433
1068999 112.199943
1069999 116.095583
1070999 107.717926
1071999 102.653484
1072999 109.902451
1073999 102.319127
1074999 115.095828
1075999 115.437022
1076999 99.636176
1077999 110.703702
1078999 106.481755
1079999 87.140010
1080999 107.733150
1081999 109.549261
1082999 112.005109
1083999 110.246524
1084999 111.416921
1085999 108.654012
1086999 105.817246
1087999 111.917910
1088999 113.588044
1089999 110.909435
1090999 110.228161
1091999 109.974696
1092999 110.812121
1093999 114.300538
1094999 110.737307
1095999 108.067410
1096999 108.136595
1097999 109.006247
1098999 105.499081
1099999 111.763397
1100999 109.957595
1101999 108.447972
1102999 102.741748
1103999 100.258477
1104999 103.850937
1105999 106.666605
1106999 105.159008
1107999 107.232761
1108999 111.285822
1109999 111.295289
1110999 106.265008
1111999 105.309762
1112999 107.315725
1113999 110.531787
1114999 105.622245
1115999 114.633974
1116999 109.227533
1117999 110.624478
1118999 111.403377
1119999 112.466378
1120999 106.383149
1121999 110.034421
1122999 106.184906
1123999 113.296580
1124999 109.156214
1125999 104.401870
1126999 109.787203
1127999 109.942572
1128999 110.472503
1129999 114.191408
1130999 108.176668
1131999 112.120187
1132999 113.773730
1133999 111.773164
1134999 111.660101
1135999 116.658917
1136999 115.247442
1137999 111.761936
1138999 113.521369
1139999 113.406938
1140999 108.562197
1141999 111.760132
1142999 112.378141
1143999 114.062282
1144999 115.689534
1145999 115.018888
1146999 110.824877
1147999 114.270280
1148999 114.690997
1149999 114.187368
1150999 116.649774
1151999 115.048153
1152999 110.920259
1153999 114.363483
1154999 111.151537
1155999 115.347367
1156999 115.527401
1157999 115.656835
1158999 107.845245
1159999 117.354008
1160999 113.639245
1161999 115.388345
1162999 112.461492
1163999 113.104877
1164999 118.313742
1165999 112.839395
1166999 115.561523
1167999 118.880524
1168999 119.465723
1169999 120.070548
1170999 119.744857
1171999 115.519060
1172999 116.349696
1173999 116.925043
1174999 115.218084
1175999 106.331625
1176999 109.925635
1177999 112.034235
1178999 109.863341
1179999 114.785586
1180999 113.910548
1181999 114.927313
1182999 114.161187
1183999 110.077175
1184999 113.230782
1185999 114.735686
1186999 111.035484
1187999 108.393247
1188999 116.386265
1189999 114.139966
1190999 112.082631
1191999 115.075197
1192999 112.509430
1193999 110.346192
1194999 113.613445
1195999 115.592336
1196999 117.348544
1197999 116.952598
1198999 113.504609
1199999 117.438250
1200999 111.697478
1201999 111.868949
1202999 111.242562
1203999 113.362138
1204999 113.563688
1205999 114.017780
1206999 108.571580
1207999 118.057896
1208999 117.085022
1209999 116.137156
1210999 112.789695
1211999 114.458240
1212999 113.107095
1213999 115.264740
1214999 113.341068
1215999 111.176693
1216999 109.357556
1217999 108.403217
1218999 116.608217
1219999 113.145502
1220999 112.331231
1221999 110.974155
1222999 115.357603
1223999 111.735788
1224999 109.664641
1225999 111.940485
1226999 109.199484
1227999 110.310063
1228999 114.800334
1229999 23.005623
1230999 97.267980
1231999 113.472655
1232999 92.713551
1233999 101.666206
1234999 97.493194
1235999 107.175935
1236999 110.594608
1237999 92.553733
1238999 73.634885
1239999 102.521069
1240999 107.397646
1241999 110.962603
1242999 102.790657
1243999 104.613657
1244999 105.806151
1245999 103.722352
1246999 109.281184
1247999 115.157942
1248999 109.412997
1249999 111.136526
1250999 105.245650
1251999 103.101984
1252999 110.368836
1253999 115.182555
1254999 113.388857
1255999 108.047419
1256999 111.136240
1257999 111.105178
1258999 116.832522
1259999 110.801669
1260999 109.740833
1261999 114.988696
1262999 107.144246
1263999 110.396955
1264999 113.450779
1265999 118.056212
1266999 109.254093
1267999 113.820603
1268999 106.237677
1269999 109.925140
1270999 111.204530
1271999 115.935815
1272999 110.745110
1273999 117.932005
1274999 114.267625
1275999 116.042764
1276999 107.125328
1277999 118.101097
1278999 114.985543
1279999 120.056018
1280999 119.120909
1281999 116.447565
1282999 114.755107
1283999 118.496896
1284999 114.723767
1285999 111.125023
1286999 108.588219
1287999 110.655059
1288999 114.216547
1289999 111.480385
1290999 112.809311
1291999 111.391982
1292999 106.876725
1293999 114.897970
1294999 113.900224
1295999 112.450432
1296999 113.104758
1297999 110.491187
1298999 108.171062
1299999 109.589269
1300999 112.511917
1301999 110.145379
1302999 97.755338
1303999 113.163318
1304999 112.329371
1305999 108.892399
1306999 111.139781
1307999 103.952435
1308999 113.212919
1309999 114.661706
1310999 112.464261
1311999 117.341112
1312999 113.343696
1313999 116.767482
1314999 119.982759
1315999 118.074014
1316999 117.798911
1317999 117.164094
1318999 120.284915
1319999 112.069034
1320999 111.184012
1321999 114.502851
1322999 112.334655
1323999 117.792906
1324999 117.215165
1325999 117.056159
1326999 113.791275
1327999 115.997810
1328999 114.443404
1329999 121.654013
1330999 119.384250
1331999 115.705600
1332999 117.039907
1333999 116.018624
1334999 108.837175
1335999 120.264239
1336999 123.215994
1337999 114.106418
1338999 119.145460
1339999 119.484423
1340999 115.572660
1341999 116.656146
1342999 110.228906
1343999 106.836873
1344999 111.826141
1345999 113.002968
1346999 110.671162
1347999 106.918418
1348999 104.442210
1349999 109.093598
1350999 108.538070
1351999 109.679827
1352999 110.442895
1353999 104.528273
1354999 112.026632
1355999 112.179906
1356999 110.089017
1357999 111.320807
1358999 94.899754
1359999 106.486196
1360999 106.226814
1361999 97.903629
1362999 98.701084
1363999 82.108910
1364999 79.510320
1365999 101.518216
1366999 18.367049
1367999 101.873259
1368999 108.062250
1369999 103.467902
1370999 108.666086
1371999 111.887410
1372999 110.205414
1373999 105.391264
1374999 115.030015
1375999 113.802622
1376999 106.998790
1377999 105.993835
1378999 117.010624
1379999 114.248398
1380999 113.583850
1381999 110.939135
1382999 111.156741
1383999 107.674794
1384999 115.670844
1385999 103.832356
1386999 116.192917
1387999 115.143676
1388999 114.601811
1389999 118.954327
1390999 107.742664
1391999 111.638312
1392999 93.772375
1393999 113.627705
1394999 114.889267
1395999 116.494220
1396999 111.604878
1397999 109.708050
1398999 112.750594
1399999 112.037503
1400999 113.249701
1401999 111.767567
1402999 108.450602
1403999 115.703178
1404999 109.285173
1405999 108.098247
1406999 115.082444
1407999 115.699302
1408999 108.106021
1409999 111.609411
1410999 113.681643
1411999 109.194706
1412999 113.566421
1413999 113.369952
1414999 110.785357
1415999 112.827697
1416999 115.912383
1417999 99.344738
1418999 101.102039
1419999 111.948081
1420999 113.921416
1421999 95.505676
1422999 108.419813
1423999 109.791086
1424999 105.951728
1425999 109.708379
1426999 115.054693
1427999 114.824472
1428999 109.077947
1429999 101.774824
1430999 103.568630
1431999 100.717501
1432999 95.757927
1433999 103.492471
1434999 105.997680
1435999 102.997949
1436999 105.050923
1437999 103.133390
1438999 106.073961
1439999 98.562736
1440999 108.189823
1441999 99.140086
1442999 102.791843
1443999 94.946642
1444999 108.021322
1445999 104.622722
1446999 107.133200
1447999 102.190798
1448999 107.361906
1449999 105.968636
1450999 102.707487
1451999 98.202499
1452999 105.358323
1453999 105.040281
1454999 109.081184
1455999 106.643290
1456999 107.141956
1457999 103.734471
1458999 104.289069
1459999 97.485331
1460999 105.375476
1461999 100.565886
1462999 104.969905
1463999 108.314353
1464999 108.212753
1465999 106.546910
1466999 103.801988
1467999 103.955200
1468999 107.391962
1469999 107.655849
1470999 106.854232
1471999 98.579046
1472999 111.842338
1473999 112.323974
1474999 101.366465
1475999 107.181316
1476999 100.506085
1477999 103.728084
1478999 107.445853
1479999 106.850523
1480999 105.246125
1481999 104.629237
1482999 104.016348
1483999 106.396323
1484999 102.894293
1485999 110.029862
1486999 104.739534
1487999 112.067059
1488999 104.723175
1489999 106.650734
1490999 107.821297
1491999 111.297393
1492999 113.033068
1493999 108.190908
1494999 108.232850
1495999 105.503553
1496999 105.382490
1497999 107.965249
1498999 116.967594
1499999 116.282521
1500999 113.083269
1501999 107.870229
1502999 114.709162
1503999 118.563786
1504999 106.854870
1505999 106.961228
1506999 111.617886
1507999 107.642852
1508999 107.258550
1509999 107.678808
1510999 109.793800
1511999 112.657728
1512999 110.543030
1513999 110.936758
1514999 106.735941
1515999 109.710109
1516999 109.471782
1517999 111.020309
1518999 114.596207
1519999 112.626223
1520999 107.355745
1521999 104.989141
1522999 103.514820
1523999 105.784152
1524999 100.722709
1525999 107.526092
1526999 94.184538
1527999 111.001634
1528999 99.683689
1529999 100.831017
1530999 115.741728
1531999 104.408767
1532999 102.776427
1533999 106.694449
1534999 111.478025
1535999 108.104846
1536999 113.869817
1537999 113.504301
1538999 119.956241
1539999 116.716251
1540999 113.556385
1541999 113.472919
1542999 114.534849
1543999 114.965783
1544999 112.904340
1545999 111.003162
1546999 119.181908
1547999 112.365013
1548999 110.514860
1549999 104.919447
1550999 114.196104
1551999 116.094003
1552999 117.779134
1553999 119.016174
1554999 113.695087
1555999 115.509308
1556999 113.484108
1557999 106.788481
1558999 110.444043
1559999 110.881949
1560999 120.623211
1561999 111.171315
1562999 114.630361
1563999 116.551783
1564999 111.886901
1565999 111.994782
1566999 110.416626
1567999 110.572738
1568999 112.405082
1569999 112.389152
1570999 112.953841
1571999 118.270115
1572999 114.223478
1573999 111.897410
1574999 112.309680
1575999 118.053867
1576999 120.643721
1577999 119.665464
1578999 120.587505
1579999 116.530722
1580999 114.408409
1581999 115.305898
1582999 115.754730
1583999 117.916285
1584999 120.780215
1585999 114.188934
1586999 117.431222
1587999 117.167836
1588999 119.950778
1589999 120.487337
1590999 113.317964
1591999 116.936348
1592999 122.715901
1593999 120.474830
1594999 118.447153
1595999 110.510141
1596999 111.502512
1597999 113.204561
1598999 117.556546
1599999 116.734123
1600999 117.238564
1601999 112.554594
1602999 117.926066
1603999 117.941772
1604999 114.716194
1605999 117.789080
1606999 117.112053
1607999 117.937740
1608999 114.535524
1609999 118.838494
1610999 119.892910
1611999 118.511720
1612999 117.422736
1613999 120.361106
1614999 121.830793
1615999 118.193166
1616999 114.814867
1617999 117.869065
1618999 113.320430
1619999 117.232571
1620999 110.521090
1621999 103.821198
1622999 110.132827
1623999 110.810198
1624999 110.969146
1625999 113.480379
1626999 112.720256
1627999 116.069469
1628999 113.810246
1629999 111.640982
1630999 110.930380
1631999 114.264779
1632999 112.331597
1633999 113.097727
1634999 113.920075
1635999 109.702320
1636999 111.125087
1637999 112.038707
1638999 115.507037
1639999 115.109762
1640999 112.962715
1641999 113.907843
1642999 117.976512
1643999 108.090201
1644999 113.743706
1645999 110.100951
1646999 109.553428
1647999 107.412644
1648999 114.185102
1649999 107.270682
1650999 107.974661
1651999 112.581723
1652999 109.829056
1653999 111.701250
1654999 116.128210
1655999 108.244975
1656999 115.173598
1657999 109.805596
1658999 113.951692
1659999 108.255494
1660999 106.794159
1661999 108.310621
1662999 111.231045
1663999 113.918458
1664999 113.381225
1665999 115.498750
1666999 111.216259
1667999 113.017557
1668999 108.750001
1669999 119.073874
1670999 111.420996
1671999 106.768912
1672999 120.479207
1673999 112.654720
1674999 121.914930
1675999 108.676929
1676999 121.328218
1677999 112.023203
1678999 117.694097
1679999 114.026795
1680999 118.792497
1681999 113.992251
1682999 116.923153
1683999 117.303382
1684999 111.253449
1685999 117.137918
1686999 115.569570
1687999 113.376732
1688999 106.886503
1689999 123.907450
1690999 111.193272
1691999 105.441139
1692999 116.764830
1693999 114.032450
1694999 112.435464
1695999 116.276474
1696999 117.863902
1697999 117.605318
1698999 116.403427
1699999 115.550178
1700999 118.996998
1701999 115.685947
1702999 121.699657
1703999 118.105124
1704999 119.203024
1705999 117.569400
1706999 121.827809
1707999 114.492422
1708999 115.769953
1709999 121.227746
1710999 120.423686
1711999 120.242419
1712999 115.585395
1713999 117.757070
1714999 113.886574
1715999 114.936732
1716999 115.151619
1717999 115.622840
1718999 111.428595
1719999 113.012043
1720999 118.817091
1721999 118.172341
1722999 122.623702
1723999 116.847482
1724999 111.793984
1725999 117.788946
1726999 116.083281
1727999 115.483990
1728999 116.776167
1729999 117.225934
1730999 116.357728
1731999 111.751083
1732999 113.635096
1733999 115.069289
1734999 110.870436
1735999 112.968809
1736999 111.704052
1737999 113.746377
1738999 114.747232
1739999 113.298525
1740999 112.221498
1741999 110.270085
1742999 112.324456
1743999 114.652090
1744999 114.534793
1745999 114.576777
1746999 114.861636
1747999 114.259231
1748999 108.751537
1749999 113.930252
1750999 114.580616
1751999 109.902701
1752999 107.372331
1753999 119.224605
1754999 114.928023
1755999 113.765373
1756999 116.263080
1757999 114.180365
1758999 117.442845
1759999 116.874227
1760999 115.634340
1761999 115.600850
1762999 115.297867
1763999 115.968314
1764999 115.737988
1765999 118.614652
1766999 115.604039
1767999 120.218187
1768999 113.834290
1769999 115.882058
1770999 118.021372
1771999 113.777809
1772999 119.356024
1773999 117.018203
1774999 112.277412
1775999 114.075569
1776999 117.860211
1777999 112.601190
1778999 113.600017
1779999 114.492803
1780999 112.841666
1781999 115.098629
1782999 117.780601
1783999 115.355220
1784999 121.565285
1785999 117.172442
1786999 99.170574
1787999 112.610197
1788999 111.157812
1789999 107.788986
1790999 115.635757
1791999 119.566282
1792999 121.480446
1793999 117.392546
1794999 120.811356
1795999 114.879947
1796999 118.914228
1797999 121.654166
1798999 118.183579
1799999 114.817617
1800999 119.070574
1801999 122.540573
1802999 120.136569
1803999 115.978738
1804999 120.063660
1805999 115.716090
1806999 119.492729
1807999 119.523230
1808999 113.284729
1809999 120.872409
1810999 122.176672
1811999 120.125982
1812999 116.972110
1813999 120.725261
1814999 118.214388
1815999 118.461139
1816999 121.920868
1817999 117.599971
1818999 119.418039
1819999 121.132339
1820999 116.687386
1821999 119.295336
1822999 115.986053
1823999 122.345086
1824999 119.763235
1825999 123.002990
1826999 115.336199
1827999 114.544323
1828999 115.168123
1829999 113.367586
1830999 120.090228
1831999 120.238324
1832999 122.128442
1833999 110.992422
1834999 116.974703
1835999 122.086854
1836999 122.320182
1837999 109.416940
1838999 121.201635
1839999 110.180091
1840999 114.926684
1841999 110.673913
1842999 111.722004
1843999 104.992015
1844999 118.664346
1845999 117.560387
1846999 122.669304
1847999 118.227041
1848999 116.670049
1849999 118.591225
1850999 119.188937
1851999 120.155195
1852999 111.467524
1853999 119.670654
1854999 116.195253
1855999 117.658741
1856999 120.212304
1857999 121.320823
1858999 118.239296
1859999 122.971174
1860999 121.748345
1861999 118.378342
1862999 118.763728
1863999 110.615417
1864999 114.139315
1865999 119.224462
1866999 120.548642
1867999 117.132769
1868999 110.318361
1869999 119.832787
1870999 105.771923
1871999 119.628047
1872999 116.825010
1873999 119.578944
1874999 115.937856
1875999 115.423610
1876999 110.356439
1877999 106.168037
1878999 116.002792
1879999 107.893812
1880999 115.026345
1881999 115.235195
1882999 114.161040
1883999 106.687319
1884999 105.732444
1885999 117.654320
1886999 121.245587
1887999 111.113436
1888999 120.766238
1889999 122.720138
1890999 121.562685
1891999 117.622457
1892999 112.766843
1893999 124.206404
1894999 126.302261
1895999 118.763534
1896999 122.312355
1897999 119.752400
1898999 120.496265
1899999 115.805903
1900999 123.806707
1901999 116.283638
1902999 121.523616
1903999 124.956710
1904999 113.557738
1905999 123.574136
1906999 122.814920
1907999 124.753337
1908999 122.427559
1909999 123.058602
1910999 118.065305
1911999 121.009865
1912999 120.400336
1913999 124.799035
1914999 117.217884
1915999 116.706725
1916999 123.755683
1917999 115.590725
1918999 121.483417
1919999 123.492150
1920999 112.661581
1921999 114.295948
1922999 118.288543
1923999 119.102832
1924999 112.556317
1925999 121.592949
1926999 122.864387
1927999 116.887426
1928999 117.916597
1929999 117.738369
1930999 118.587327
1931999 112.571117
1932999 118.174063
1933999 120.455036
1934999 117.638997
1935999 118.245842
1936999 116.496733
1937999 115.977894
1938999 115.421423
1939999 115.513428
1940999 120.153015
1941999 119.960928
1942999 117.777409
1943999 108.919299
1944999 118.109518
1945999 118.186140
1946999 118.793853
1947999 113.278473
1948999 117.105119
1949999 117.309603
1950999 112.417531
1951999 117.781070
1952999 118.163444
1953999 117.221307
1954999 120.481955
1955999 108.371279
1956999 111.708814
1957999 119.743603
1958999 111.845276
1959999 114.190148
1960999 113.879989
1961999 98.361258
1962999 117.270588
1963999 121.627195
1964999 112.488901
1965999 116.223959
1966999 115.367025
1967999 112.477938
1968999 117.348661
1969999 113.217413
1970999 115.855887
1971999 116.032736
1972999 116.758942
1973999 115.708467
1974999 112.564302
1975999 114.508283
1976999 111.825292
1977999 113.311569
1978999 111.244790
1979999 117.033568
1980999 113.178599
1981999 118.376416
1982999 116.727589
1983999 112.804610
1984999 117.915418
1985999 116.683287
1986999 119.815692
1987999 113.373722
1988999 119.441647
1989999 116.530914
1990999 118.768043
1991999 117.651461
1992999 116.777127
1993999 119.119199
1994999 116.193154
1995999 115.328241
1996999 117.457064
1997999 112.906822
1998999 117.880150
1999999 117.034431
