999 -322.910945
1999 -417.094023
2999 -298.119081
3999 -360.913902
4999 -248.483906
5999 -242.986392
6999 -433.570011
7999 -227.860948
8999 -364.056249
9999 -239.043664
10999 -350.541872
11999 -202.255955
12999 -291.528851
13999 -98.485794
14999 -175.463130
15999 -242.828376
16999 -290.205804
17999 -348.092552
18999 -303.563029
19999 -186.449459
20999 -252.476040
21999 -317.992033
22999 -269.791794
23999 -85.242278
24999 -232.033948
25999 -159.802449
26999 -221.926147
27999 -291.235130
28999 -117.815282
29999 -182.739622
30999 -217.339278
31999 -108.384209
32999 -188.034939
33999 -220.810937
34999 -150.084236
35999 -137.157579
36999 -223.978207
37999 -171.275643
38999 -125.803407
39999 -37.594756
40999 -116.939307
41999 -60.433940
42999 -74.946889
43999 3.595833
44999 -55.679541
45999 -196.103139
46999 -242.171638
47999 -100.293140
48999 -139.131205
49999 -238.216576
50999 -197.215054
51999 -109.312396
52999 -211.674024
53999 -144.770660
54999 -163.716022
55999 -166.740551
56999 -8.170249
57999 -156.030300
58999 -212.611440
59999 -56.687227
60999 -188.360360
61999 26.420543
62999 -236.915156
63999 -218.256155
64999 -258.166452
65999 -159.422917
66999 3.002586
67999 -112.325617
68999 -7.809654
69999 -134.786260
70999 10.256632
71999 -198.160203
72999 -188.056535
73999 -177.319839
74999 -54.507602
75999 9.734525
76999 -182.996799
77999 83.770466
78999 -0.388781
79999 -233.236561
80999 -172.888131
81999 -140.741435
82999 -85.307679
83999 -224.699450
84999 85.320844
85999 -174.419504
86999 -49.741880
87999 87.552257
88999 -206.410794
89999 157.452160
90999 -11.818700
91999 119.311119
92999 -85.472381
93999 31.204049
94999 163.862966
95999 -104.173031
96999 158.312706
97999 120.062554
98999 -37.324707
99999 164.928049
100999 -154.503162
101999 167.085802
102999 -77.474007
103999 315.299751
104999 210.337893
105999 143.692284
106999 189.230481
107999 265.882314
108999 -15.483028
109999 197.108536
110999 184.506856
111999 210.424924
112999 253.685720
113999 46.938807
114999 -112.863356
115999 209.032139
116999 269.103948
117999 -36.472936
118999 216.074127
119999 222.806937
120999 362.616182
121999 168.218532
122999 298.087424
123999 -134.735764
124999 42.572202
125999 -74.085575
126999 352.278903
127999 320.912478
128999 299.088954
129999 301.430206
130999 398.225627
131999 431.628871
132999 424.035152
133999 178.155118
134999 321.234802
135999 224.132271
136999 405.242179
137999 351.049301
138999 262.840381
139999 301.208714
140999 433.095770
141999 310.398976
142999 262.132296
143999 172.853229
144999 430.786822
145999 -149.781990
146999 433.264004
147999 107.767848
148999 325.813329
149999 194.111841
150999 419.418602
151999 -152.394335
152999 446.662057
153999 154.375566
154999 543.727678
155999 573.585943
156999 523.723388
157999 428.454906
158999 -62.562338
159999 470.394747
160999 562.782033
161999 469.599575
162999 414.933559
163999 540.413544
164999 578.042816
165999 514.188019
166999 161.923650
167999 431.687526
168999 547.362066
169999 467.688569
170999 395.362262
171999 618.045739
172999 690.815680
173999 490.368409
174999 477.708037
175999 495.263060
176999 590.304259
177999 607.041267
178999 46.316568
179999 644.976018
180999 622.845153
181999 686.161279
182999 519.279429
183999 154.013144
184999 696.183649
185999 431.127260
186999 305.271436
187999 611.010843
188999 31.904792
189999 576.534821
190999 608.782064
191999 700.326890
192999 108.562144
193999 362.464264
194999 431.034609
195999 594.133949
196999 703.501635
197999 650.826430
198999 569.762122
199999 612.635452
200999 709.922210
201999 696.953030
202999 581.562191
203999 -109.716198
204999 99.240202
205999 593.971951
206999 688.901405
207999 716.967345
208999 777.726250
209999 -48.621313
210999 49.816981
211999 -111.780056
212999 702.953389
213999 458.157440
214999 571.657619
215999 233.545118
216999 450.494080
217999 -122.340446
218999 654.348312
219999 147.790582
220999 475.225570
221999 720.948531
222999 639.075742
223999 118.047900
224999 -91.597028
225999 853.332779
226999 -185.716216
227999 -97.809101
228999 -1.798705
229999 -57.949239
230999 614.220921
231999 637.772829
232999 -153.847219
233999 782.287028
234999 170.525591
235999 90.129232
236999 230.050243
237999 -117.441540
238999 618.886385
239999 -84.389804
240999 386.896998
241999 642.086893
242999 655.711199
243999 490.597089
244999 50.733148
245999 287.067231
246999 469.695689
247999 680.250270
248999 592.316162
249999 446.259975
250999 607.770843
251999 485.448581
252999 236.197518
253999 630.080741
254999 734.488675
255999 644.214161
256999 490.112856
257999 102.900357
258999 -58.416052
259999 95.268120
260999 721.388387
261999 -23.674913
262999 710.414148
263999 594.147012
264999 -81.349151
265999 -19.362420
266999 602.731147
267999 117.877478
268999 591.817862
269999 654.044722
270999 666.475602
271999 124.400808
272999 578.343431
273999 626.538456
274999 777.071113
275999 677.207047
276999 682.670920
277999 319.804416
278999 27.594862
279999 833.468562
280999 702.912808
281999 263.190349
282999 -17.976204
283999 869.253660
284999 769.951220
285999 716.672621
286999 501.680092
287999 720.335900
288999 935.051985
289999 670.209249
290999 -148.646327
291999 641.253963
292999 904.086180
293999 323.036418
294999 667.887268
295999 884.839465
296999 822.066343
297999 681.482474
298999 888.440252
299999 622.417800
300999 720.695140
301999 687.814757
302999 837.909002
303999 821.885294
304999 595.148692
305999 873.216456
306999 643.428779
307999 686.176365
308999 842.610565
309999 915.285530
310999 803.786898
311999 698.313610
312999 914.534470
313999 951.156050
314999 551.724149
315999 966.317906
316999 917.425311
317999 885.575267
318999 869.420449
319999 -21.979326
320999 816.472544
321999 635.847360
322999 957.488685
323999 931.282308
324999 869.681414
325999 906.586603
326999 337.998611
327999 721.459938
328999 513.938307
329999 790.111588
330999 1075.408059
331999 540.414838
332999 911.198001
333999 543.539735
334999 978.372409
335999 713.828600
336999 724.807721
337999 979.208964
338999 870.985661
339999 848.755981
340999 325.239289
341999 1016.148113
342999 931.274511
343999 709.950789
344999 966.376879
345999 661.737885
346999 850.241332
347999 978.670064
348999 812.826606
349999 1091.053327
350999 275.428810
351999 19.419351
352999 936.443193
353999 927.665108
354999 876.497189
355999 1102.292123
356999 1115.205539
357999 852.310636
358999 1026.982274
359999 1117.842125
360999 381.680283
361999 330.605502
362999 232.859197
363999 185.449835
364999 1009.573373
365999 984.869384
366999 416.714092
367999 959.366782
368999 1167.921266
369999 1174.348083
370999 1055.964621
371999 550.259307
372999 766.121694
373999 923.360248
374999 853.080582
375999 126.261121
376999 778.497017
377999 917.818035
378999 276.480105
379999 1334.104967
380999 1160.401625
381999 842.887176
382999 1206.096602
383999 1052.156234
384999 60.770307
385999 987.168968
386999 1014.228540
387999 1183.056817
388999 1126.082848
389999 1249.171047
390999 84.092134
391999 1020.008935
392999 1069.700628
393999 1178.630705
394999 306.262351
395999 55.833365
396999 1052.332843
397999 1113.998587
398999 507.191895
399999 1027.817696
400999 -66.754789
401999 481.013866
402999 1350.551000
403999 1120.239720
404999 1261.241947
405999 1311.550926
406999 1155.546529
407999 1131.986340
408999 421.762925
409999 1101.854392
410999 1119.227323
411999 615.160849
412999 1188.751196
413999 1033.317324
414999 1128.853637
415999 1329.550108
416999 718.112964
417999 1123.094479
418999 1130.277775
419999 1259.386935
420999 678.854693
421999 501.328284
422999 870.311064
423999 1295.223821
424999 1042.096761
425999 1305.247739
426999 1124.487806
427999 640.660091
428999 1123.520085
429999 1223.145529
430999 1377.265415
431999 1182.738831
432999 1132.907182
433999 1100.142478
434999 898.278511
435999 1107.970411
436999 1177.085064
437999 989.590039
438999 1197.427160
439999 970.543461
440999 1080.303710
441999 1055.849052
442999 1255.304552
443999 1390.970379
444999 1324.964088
445999 1160.089831
446999 1261.129252
447999 1290.639496
448999 1246.704344
449999 967.461256
450999 1366.833317
451999 1275.825864
452999 1276.827114
453999 1145.870121
454999 1354.829746
455999 44.844476
456999 1276.331858
457999 1059.881421
458999 1140.425163
459999 1428.544262
460999 1382.028480
461999 1321.586623
462999 1056.552017
463999 264.354855
464999 1218.092991
465999 25.011227
466999 500.727173
467999 1226.174629
468999 1378.547741
469999 1299.451487
470999 1231.986897
471999 1305.817812
472999 1284.870775
473999 1237.140558
474999 1459.901280
475999 1355.693189
476999 1406.353713
477999 1445.171811
478999 1234.009779
479999 1423.264950
480999 1330.299109
481999 1229.456872
482999 1373.175459
483999 1229.066522
484999 1427.314224
485999 1248.569761
486999 1475.010384
487999 1255.852141
488999 1287.454099
489999 1241.278581
490999 884.212017
491999 1302.444514
492999 1249.496682
493999 1005.245139
494999 1389.724756
495999 634.122909
496999 1354.282368
497999 1377.117276
498999 1225.445161
499999 1534.001415
500999 21.654750
501999 1220.127988
502999 1032.940758
503999 561.760920
504999 1235.724532
505999 1340.761256
506999 475.664531
507999 1381.535645
508999 1417.417407
509999 1382.255781
510999 1182.247721
511999 1577.366949
512999 1171.176447
513999 1231.188232
514999 1494.225263
515999 1531.565366
516999 1530.086794
517999 1432.086337
518999 1321.214384
519999 1428.174678
520999 1062.967183
521999 1579.460716
522999 1652.259638
523999 1671.314925
524999 1571.300785
525999 1426.022215
526999 5.368107
527999 54.971494
528999 452.471996
529999 1630.534799
530999 1500.093172
531999 1536.496367
532999 1474.323669
533999 1514.042287
534999 1401.202453
535999 1282.029835
536999 1337.784641
537999 1659.009983
538999 1370.501579
539999 1629.783583
540999 1518.308187
541999 1323.138987
542999 1659.097497
543999 1819.414052
544999 1531.599827
545999 1691.770254
546999 1571.884850
547999 1616.151435
548999 1496.060316
549999 765.335005
550999 1676.372042
551999 1472.869132
552999 1629.343940
553999 1738.449800
554999 1460.863068
555999 1610.987361
556999 1584.465681
557999 810.080996
558999 1428.089576
559999 1424.375057
560999 1664.289193
561999 1559.592115
562999 1598.547172
563999 1441.161074
564999 1334.414187
565999 1332.106876
566999 1519.184393
567999 1469.402705
568999 1542.729355
569999 1766.805260
570999 832.776874
571999 1476.552039
572999 1569.756246
573999 246.863197
574999 -295.178125
575999 -16.918888
576999 491.554978
577999 1248.460481
578999 1453.509576
579999 1453.144594
580999 591.457716
581999 1516.004184
582999 1375.649146
583999 1587.644403
584999 849.449513
585999 1196.109192
586999 1466.690940
587999 1169.348947
588999 1218.511030
589999 1349.790113
590999 1530.456229
591999 1384.058852
592999 1705.318419
593999 1485.009334
594999 1588.404804
595999 1598.840146
596999 1455.118517
597999 1397.653362
598999 1436.828290
599999 1465.678196
600999 1269.153045
601999 1345.371824
602999 1286.054816
603999 1506.417884
604999 1654.409416
605999 1535.398764
606999 1465.630137
607999 1152.497373
608999 1640.094022
609999 1612.109245
610999 1373.386558
611999 1494.110065
612999 1596.094822
613999 1598.887229
614999 1679.910132
615999 1512.496805
616999 1573.951152
617999 1287.455553
618999 1388.743936
619999 1419.564833
620999 1557.446063
621999 1564.658975
622999 1422.419940
623999 1553.224044
624999 1588.670087
625999 1238.996013
626999 1631.401846
627999 1435.736167
628999 1541.013602
629999 1429.885592
630999 1708.712241
631999 1616.388281
632999 1673.210008
633999 1329.082350
634999 1452.245529
635999 1723.782628
636999 1646.177349
637999 1682.002685
638999 1462.427228
639999 499.173219
640999 1345.398201
641999 1617.638488
642999 233.900935
643999 1686.774152
644999 1763.787164
645999 1564.524272
646999 1696.233443
647999 1487.486445
648999 1766.963460
649999 1617.518556
650999 1581.807366
651999 1686.866440
652999 1736.250762
653999 1794.523284
654999 1677.538125
655999 1439.437144
656999 1544.835464
657999 1533.772614
658999 1281.957455
659999 1726.004064
660999 -174.943393
661999 1749.696862
662999 845.875147
663999 1578.762881
664999 1237.894124
665999 1083.326399
666999 1831.415479
667999 1631.246857
668999 1654.303492
669999 1631.562230
670999 1445.260170
671999 1619.789232
672999 526.375911
673999 1533.772814
674999 938.446254
675999 1504.242652
676999 1336.976367
677999 1438.675615
678999 1623.523119
679999 1777.755355
680999 1840.624126
681999 1259.691486
682999 374.161862
683999 1553.984692
684999 1627.825122
685999 1672.234357
686999 1687.591825
687999 279.825184
688999 1634.468610
689999 1762.070125
690999 1473.072248
691999 1871.844412
692999 1674.326040
693999 396.531185
694999 1794.359100
695999 1693.934785
696999 1105.366336
697999 1583.538157
698999 1561.793887
699999 1235.641073
700999 1679.623767
701999 1574.324049
702999 1500.534575
703999 1641.259522
704999 1559.343615
705999 1685.303524
706999 10.055834
707999 1756.307851
708999 1612.542064
709999 1779.773327
710999 1618.294598
711999 1551.219846
712999 1515.546404
713999 1547.294409
714999 865.678216
715999 458.494153
716999 1383.872389
717999 1215.555077
718999 1808.614694
719999 1731.660119
720999 1570.015774
721999 415.477204
722999 119.323596
723999 1588.596603
724999 100.044412
725999 285.933498
726999 10.125472
727999 228.185501
728999 1741.326549
729999 1793.747910
730999 1720.206644
731999 1403.133845
732999 1673.606712
733999 1277.901996
734999 760.765153
735999 1534.731333
736999 1638.929158
737999 1606.812557
738999 1630.316194
739999 1719.959602
740999 1619.846322
741999 1519.478887
742999 1587.799629
743999 1719.879974
744999 1697.784028
745999 820.812842
746999 1757.367782
747999 1580.566465
748999 1758.962511
749999 669.376805
750999 1463.521476
751999 -18.336781
752999 1762.256189
753999 1830.518349
754999 1758.512844
755999 1828.745447
756999 1738.493720
757999 1861.354788
758999 1496.296287
759999 1524.788836
760999 2055.277790
761999 1835.625749
762999 1825.535971
763999 1645.060184
764999 1743.662569
765999 290.363914
766999 1459.611608
767999 528.903457
768999 1809.710081
769999 1857.459429
770999 1980.307272
771999 1683.769833
772999 1759.823726
773999 1573.505902
774999 1196.741227
775999 1699.003348
776999 1293.347997
777999 1864.291581
778999 1848.198640
779999 1978.497364
780999 1458.962678
781999 1597.486327
782999 1799.704436
783999 2031.428178
784999 1930.364324
785999 1734.738416
786999 1786.354200
787999 1932.366656
788999 1699.136654
789999 1648.638859
790999 1840.004451
791999 1894.432555
792999 1719.016282
793999 1825.374775
794999 -28.538056
795999 1582.950339
796999 2149.096680
797999 1638.183639
798999 1445.562430
799999 1587.642181
800999 1813.584922
801999 2015.193825
802999 1724.962749
803999 1571.482764
804999 1579.080839
805999 1814.629647
806999 1615.256819
807999 1756.620766
808999 1586.700633
809999 1479.607414
810999 1512.105287
811999 1557.571790
812999 1563.720762
813999 1587.010178
814999 1694.967868
815999 1774.977038
816999 2052.361528
817999 1600.488790
818999 1854.091044
819999 1796.850013
820999 1773.744424
821999 1844.410095
822999 1655.519237
823999 1717.266189
824999 1875.534841
825999 1823.622143
826999 1752.278046
827999 1702.426355
828999 1562.372939
829999 1623.196451
830999 1524.584377
831999 1695.761113
832999 1734.937596
833999 1536.582325
834999 1478.394339
835999 1704.346441
836999 1707.370900
837999 1711.214199
838999 1344.947720
839999 1766.960585
840999 1758.899064
841999 1745.723723
842999 1679.888044
843999 1926.218685
844999 1675.667900
845999 2008.728895
846999 1878.700386
847999 1884.113374
848999 1712.956756
849999 1769.966523
850999 2068.108491
851999 1851.811884
852999 1868.880412
853999 1482.413804
854999 1901.530109
855999 1553.738988
856999 1694.055209
857999 1766.770038
858999 1748.984891
859999 1993.251889
860999 1473.915329
861999 1736.714650
862999 1709.810906
863999 1767.954509
864999 1763.710969
865999 1573.260330
866999 1945.836482
867999 1898.684101
868999 2166.099469
869999 1805.902944
870999 1856.606838
871999 1636.154771
872999 1764.392051
873999 1900.872797
874999 1699.809069
875999 2072.936087
876999 1471.437897
877999 2038.051207
878999 1774.816114
879999 1970.314932
880999 1799.458023
881999 2021.360855
882999 2002.701731
883999 1619.523418
884999 1469.842502
885999 -146.106002
886999 1634.481141
887999 1575.644926
888999 1577.418316
889999 2072.356307
890999 2047.040440
891999 1754.335451
892999 1073.234735
893999 1680.867594
894999 1972.099137
895999 1766.953394
896999 1765.104198
897999 1885.359801
898999 1973.889160
899999 1700.998002
900999 1926.190225
901999 1471.115338
902999 1592.415448
903999 954.163666
904999 1618.864848
905999 1365.923983
906999 662.095930
907999 2091.666083
908999 1724.294414
909999 25.442732
910999 1800.300605
911999 1870.763367
912999 1829.287273
913999 1317.831923
914999 58.510538
915999 1867.468545
916999 1940.263139
917999 1956.437370
918999 1988.583075
919999 2014.262167
920999 2271.362714
921999 1971.862734
922999 1919.243481
923999 2063.004322
924999 1987.555953
925999 1679.909838
926999 2160.641749
927999 2005.506953
928999 1606.596664
929999 1833.758947
930999 1636.254684
931999 2103.211441
932999 1924.836551
933999 2096.440620
934999 2033.074778
935999 401.417420
936999 2025.633146
937999 1963.490964
938999 1722.702897
939999 2026.534978
940999 1674.317765
941999 1840.377347
942999 1219.485615
943999 1823.172666
944999 1924.331031
945999 1820.799536
946999 1948.431028
947999 2234.700115
948999 1784.870854
949999 1925.895519
950999 1764.013558
951999 1964.419892
952999 1951.058615
953999 2143.609801
954999 1620.857805
955999 1935.594956
956999 1972.131402
957999 1799.559900
958999 2101.454945
959999 1812.248316
960999 1670.848798
961999 1893.077795
962999 1930.426342
963999 2082.724460
964999 2028.698042
965999 1937.653480
966999 2121.332562
967999 1075.032773
968999 1824.173250
969999 1538.768316
970999 1992.861583
971999 2129.496698
972999 1668.257218
973999 1931.901519
974999 2030.049778
975999 1379.280885
976999 1898.652795
977999 1964.784963
978999 2048.180430
979999 1841.789597
980999 1864.768910
981999 1781.358481
982999 1098.074638
983999 772.948760
984999 2015.304411
985999 1921.426563
986999 1891.078571
987999 -33.142941
988999 1756.984696
989999 1970.847736
990999 1919.553792
991999 1795.289581
992999 1867.969736
993999 1927.273881
994999 1948.678481
995999 1851.530770
996999 1872.645823
997999 2039.697638
998999 1714.704103
999999 2059.721720
1000999 1437.023103
1001999 1968.970709
1002999 1802.974572
1003999 1717.942794
1004999 1780.170017
1005999 1979.509023
1006999 2016.406118
1007999 2017.625807
1008999 1403.208273
1009999 1772.606089
1010999 1929.511979
1011999 1772.182557
1012999 1846.001002
1013999 1864.233852
1014999 1918.807668
1015999 2054.684813
1016999 2049.468585
1017999 2166.196201
1018999 2042.194461
1019999 2056.827923
1020999 1890.426139
1021999 1928.288894
1022999 2008.573202
1023999 2130.655056
1024999 1665.179157
1025999 1792.562517
1026999 1865.843592
1027999 1907.939665
1028999 1971.454554
1029999 1482.708686
1030999 1888.642757
1031999 1941.923983
1032999 875.536330
1033999 1828.938001
1034999 1757.997172
1035999 1989.033674
1036999 962.318711
1037999 2043.055075
1038999 2026.607314
1039999 1849.105025
1040999 1971.028490
1041999 1894.213640
1042999 1706.662863
1043999 2057.242181
1044999 2140.296515
1045999 1979.213876
1046999 1907.187752
1047999 1839.819117
1048999 2029.431948
1049999 1958.300022
1050999 1891.683370
1051999 1779.441828
1052999 1820.622097
1053999 1722.619879
1054999 1757.347211
1055999 2066.304444
1056999 1671.833315
1057999 1623.632408
1058999 1946.380122
1059999 2259.728462
1060999 1996.839555
1061999 1901.854746
1062999 284.872552
1063999 1859.107724
1064999 2004.274273
1065999 1718.699903
1066999 1701.430915
1067999 1550.881976
1068999 1985.235674
1069999 2028.675659
1070999 2034.891033
1071999 1789.586959
1072999 2169.951233
1073999 2112.291723
1074999 1972.548979
1075999 1932.150538
1076999 1740.563649
1077999 1736.332576
1078999 1989.341419
1079999 1911.405287
1080999 1913.734508
1081999 1863.538684
1082999 2030.328350
1083999 2028.057229
1084999 2037.530270
1085999 2169.976478
1086999 2070.988386
1087999 1472.680951
1088999 1915.453271
1089999 2011.104211
1090999 2011.497316
1091999 2082.311812
1092999 1416.650998
1093999 2072.854035
1094999 2007.167232
1095999 1758.758969
1096999 1999.554277
1097999 2145.443086
1098999 1909.284423
1099999 128.718053
1100999 1886.651981
1101999 1746.763074
1102999 1765.624357
1103999 1977.651143
1104999 1196.463647
1105999 1866.571672
1106999 2174.834749
1107999 2092.730046
1108999 1696.327164
1109999 2007.804352
1110999 2075.904356
1111999 1094.647755
1112999 85.971273
1113999 1884.747271
1114999 1899.838191
1115999 2044.858983
1116999 1671.861696
1117999 1272.198632
1118999 1906.747451
1119999 2053.421383
1120999 1895.589453
1121999 1987.060722
1122999 1900.304276
1123999 1972.704818
1124999 1867.912647
1125999 2077.365894
1126999 1897.403216
1127999 1834.774195
1128999 1989.303456
1129999 2268.579967
1130999 2175.729084
1131999 2088.367388
1132999 2110.457859
1133999 1888.722073
1134999 1934.709814
1135999 1922.845125
1136999 1859.003718
1137999 1998.738051
1138999 1916.653842
1139999 2097.044598
1140999 1907.736809
1141999 2038.750920
1142999 2029.588924
1143999 2148.008438
1144999 1872.045250
1145999 2024.119900
1146999 1892.487243
1147999 2444.654721
1148999 2151.154754
1149999 2329.734484
1150999 2215.810727
1151999 2264.805328
1152999 1997.857092
1153999 2331.815897
1154999 2106.157029
1155999 1875.345194
1156999 2012.182627
1157999 2210.265626
1158999 2175.371535
1159999 2266.229375
1160999 -170.364109
1161999 2318.465776
1162999 2212.033830
1163999 2125.397905
1164999 2060.239158
1165999 2360.217618
1166999 1300.339922
1167999 2285.623553
1168999 2068.448447
1169999 1521.955394
1170999 93.194035
1171999 2315.448560
1172999 31.738061
1173999 2236.426636
1174999 1643.528913
1175999 1952.319399
1176999 1926.361528
1177999 2052.189503
1178999 1312.547919
1179999 1650.792272
1180999 2083.022562
1181999 2326.460828
1182999 2023.181310
1183999 2248.099370
1184999 300.259210
1185999 2118.886524
1186999 1872.540605
1187999 1628.266441
1188999 1741.962900
1189999 1972.093149
1190999 1978.420812
1191999 1925.889783
1192999 1792.394772
1193999 1788.723931
1194999 2087.181061
1195999 1972.740323
1196999 2100.960682
1197999 2067.425023
1198999 1822.004343
1199999 1846.338330
1200999 2186.014539
1201999 1641.147657
1202999 2130.431445
1203999 1806.217863
1204999 2076.619343
1205999 1884.515803
1206999 1908.077659
1207999 2315.032543
1208999 2005.055279
1209999 1888.550133
1210999 468.977180
1211999 2187.899122
1212999 1887.383400
1213999 2005.037015
1214999 1880.071934
1215999 1922.800604
1216999 1894.428649
1217999 2237.121437
1218999 2102.798190
1219999 1851.315053
1220999 1979.571556
1221999 1649.721365
1222999 1832.384665
1223999 2111.487265
1224999 1483.861783
1225999 1574.165942
1226999 1923.357356
1227999 1760.307487
1228999 2305.120907
1229999 953.790190
1230999 1962.671469
1231999 2114.848415
1232999 1328.694036
1233999 1620.890161
1234999 2213.876862
1235999 1800.454443
1236999 -72.957001
1237999 2096.684585
1238999 2078.349043
1239999 521.072995
1240999 2051.185493
1241999 1633.439955
1242999 1896.902319
1243999 2332.736575
1244999 1910.633091
1245999 1694.026413
1246999 1695.254731
1247999 605.996248
1248999 2090.884610
1249999 1902.057217
1250999 2228.028203
1251999 2240.032621
1252999 1910.557786
1253999 1938.310299
1254999 2147.130394
1255999 1978.920013
1256999 959.269844
1257999 2110.475863
1258999 1342.213632
1259999 2178.737143
1260999 2216.112504
1261999 1792.366626
1262999 2005.607481
1263999 1795.423477
1264999 1875.271866
1265999 2086.501566
1266999 2199.294210
1267999 2143.964736
1268999 2093.258407
1269999 2061.461553
1270999 1859.564633
1271999 2333.561817
1272999 2127.718238
1273999 2026.137406
1274999 1999.988430
1275999 1969.764930
1276999 1925.631898
1277999 77.618045
1278999 1874.830027
1279999 1880.612721
1280999 2005.720860
1281999 2239.033940
1282999 2123.227112
1283999 1750.223210
1284999 489.835569
1285999 2066.404697
1286999 2095.743484
1287999 2115.257393
1288999 2382.900650
1289999 2039.758176
1290999 1756.583454
1291999 746.889946
1292999 2029.861962
1293999 1807.940118
1294999 2016.420376
1295999 1999.871196
1296999 2161.055682
1297999 1813.838965
1298999 1586.141217
1299999 1941.384296
1300999 2076.634135
1301999 1954.800406
1302999 1787.868007
1303999 1972.470830
1304999 1941.375410
1305999 1942.512948
1306999 1970.267494
1307999 1855.348015
1308999 1646.840209
1309999 1777.264737
1310999 1974.483072
1311999 2195.290624
1312999 2161.007343
1313999 1921.860793
1314999 1912.065921
1315999 2154.623379
1316999 2224.446329
1317999 1979.933524
1318999 2100.549010
1319999 2062.014128
1320999 1875.041239
1321999 1908.803212
1322999 1952.172371
1323999 1647.862419
1324999 2040.298418
1325999 2219.883824
1326999 1779.353580
1327999 2002.948389
1328999 2082.045270
1329999 1957.450135
1330999 1788.155799
1331999 1676.363282
1332999 1852.646921
1333999 2051.720950
1334999 2258.141602
1335999 2144.442377
1336999 1823.051245
1337999 1692.948373
1338999 2168.217948
1339999 2261.560521
1340999 2022.743849
1341999 2146.403896
1342999 2078.589037
1343999 1966.185946
1344999 1833.377515
1345999 2159.520154
1346999 2360.863105
1347999 2351.503268
1348999 2057.333934
1349999 2275.634428
1350999 1534.032058
1351999 2025.374953
1352999 2100.283759
1353999 1677.335482
1354999 2162.826310
1355999 2098.050037
1356999 1912.109228
1357999 2321.698145
1358999 2191.829678
1359999 2032.522866
1360999 2340.291913
1361999 2349.667456
1362999 1841.701558
1363999 1833.515136
1364999 2281.876122
1365999 2033.976570
1366999 1956.032842
1367999 2053.693817
1368999 2056.402040
1369999 2104.024389
1370999 2071.439685
1371999 2079.825482
1372999 2022.856283
1373999 1955.659642
1374999 2062.768746
1375999 2179.565491
1376999 2225.744233
1377999 2342.686093
1378999 1683.963467
1379999 1795.040305
1380999 2043.464199
1381999 1811.459028
1382999 1578.537568
1383999 2146.588433
1384999 1838.458307
1385999 2263.631147
1386999 2218.182676
1387999 2089.325990
1388999 1958.135976
1389999 2019.232856
1390999 2242.535471
1391999 1989.201528
1392999 2140.412473
1393999 2169.023166
1394999 2161.292541
1395999 2180.464101
1396999 2263.231455
1397999 1902.573037
1398999 1841.364940
1399999 1319.839769
1400999 2062.435123
1401999 1811.886381
1402999 1806.536164
1403999 1892.697276
1404999 2098.621767
1405999 1706.637312
1406999 2102.852216
1407999 2313.717471
1408999 2296.232149
1409999 2100.282207
1410999 2181.082829
1411999 1978.904957
1412999 2131.097233
1413999 1864.192659
1414999 2035.263455
1415999 1928.218519
1416999 2201.407278
1417999 2145.083806
1418999 1780.279253
1419999 1859.349330
1420999 1805.957633
1421999 2116.251215
1422999 1522.736178
1423999 2430.434921
1424999 2144.156497
1425999 1762.141821
1426999 2058.540000
1427999 1787.883037
1428999 1908.310224
1429999 1983.397201
1430999 2364.934817
1431999 2302.480516
1432999 2112.634452
1433999 1978.463943
1434999 2095.098633
1435999 2072.986591
1436999 1938.642543
1437999 2238.562343
1438999 1815.966398
1439999 1941.143810
1440999 2218.495563
1441999 1864.193610
1442999 1890.755760
1443999 2175.411935
1444999 1856.947498
1445999 400.511327
1446999 2010.067747
1447999 2228.140044
1448999 2222.792889
1449999 1532.508812
1450999 2255.524654
1451999 2091.915135
1452999 2203.555590
1453999 2173.540321
1454999 2210.837481
1455999 1923.147617
1456999 2082.203221
1457999 1913.399821
1458999 1358.146392
1459999 2116.357940
1460999 2060.816534
1461999 1932.206178
1462999 2033.693501
1463999 2152.663231
1464999 2508.194651
1465999 2173.237060
1466999 2123.711745
1467999 2392.269727
1468999 2241.872266
1469999 1967.119512
1470999 2203.157921
1471999 2138.818817
1472999 2205.940519
1473999 2419.525363
1474999 2213.029157
1475999 2397.078853
1476999 2066.925776
1477999 1935.145676
1478999 1687.544590
1479999 1968.011015
1480999 1926.247281
1481999 1938.594020
1482999 2021.913638
1483999 2183.198372
1484999 2173.404664
1485999 2391.908978
1486999 2226.221236
1487999 2246.052598
1488999 2044.134169
1489999 2336.965803
1490999 2289.544893
1491999 2113.105973
1492999 2183.032773
1493999 1937.170784
1494999 2067.878988
1495999 2011.209195
1496999 2291.614854
1497999 2132.754052
1498999 2149.005058
1499999 2214.895757
1500999 2304.917467
1501999 2125.164116
1502999 1994.960639
1503999 2059.565938
1504999 2341.320812
1505999 2324.378528
1506999 2163.301844
1507999 2117.817651
1508999 1937.864439
1509999 2124.584269
1510999 546.872304
1511999 2322.899041
1512999 2289.879801
1513999 2229.508094
1514999 2265.654667
1515999 2270.440877
1516999 2213.906165
1517999 2284.698219
1518999 2082.954809
1519999 1995.729556
1520999 2404.065457
1521999 1999.259183
1522999 2120.329848
1523999 1961.737744
1524999 2237.272423
1525999 2092.727547
1526999 1943.444400
1527999 1688.601815
1528999 1895.306059
1529999 2365.001803
1530999 1430.760513
1531999 2380.286281
1532999 2252.296809
1533999 2294.264219
1534999 2232.791165
1535999 2332.800865
1536999 2435.191457
1537999 2163.278805
1538999 2338.681676
1539999 1999.543643
1540999 2424.700863
1541999 2505.768447
1542999 1731.942584
1543999 2282.110716
1544999 1970.710004
1545999 2259.608469
1546999 2378.901079
1547999 2420.740224
1548999 1965.769847
1549999 2416.383831
1550999 1938.230699
1551999 2183.252393
1552999 1932.181313
1553999 2215.071034
1554999 2165.728056
1555999 2336.885994
1556999 2142.378713
1557999 286.023172
1558999 2038.750788
1559999 2140.596128
1560999 2081.550280
1561999 2269.934107
1562999 2277.725970
1563999 2318.366756
1564999 2150.467769
1565999 2242.019235
1566999 1031.311878
1567999 2264.765134
1568999 2146.027093
1569999 2331.278689
1570999 2023.684952
1571999 1705.108183
1572999 1642.882413
1573999 2240.807781
1574999 2331.634193
1575999 2128.640280
1576999 1981.333514
1577999 1889.804785
1578999 2386.524347
1579999 820.428019
1580999 -7.434304
1581999 2063.606575
1582999 2241.109126
1583999 2323.347589
1584999 1678.109288
1585999 1759.155680
1586999 1993.225082
1587999 2425.668573
1588999 1290.031187
1589999 2154.603428
1590999 2348.650749
1591999 2140.155069
1592999 2107.925954
1593999 2494.682489
1594999 2131.934014
1595999 455.490970
1596999 2204.913732
1597999 2362.290986
1598999 2463.106560
1599999 2085.480075
1600999 2106.136158
1601999 2325.454346
1602999 2374.086342
1603999 2201.549395
1604999 1606.473080
1605999 2240.630784
1606999 2162.145270
1607999 2451.892310
1608999 2128.005876
1609999 1848.532894
1610999 2227.991025
1611999 2077.580600
1612999 1901.765748
1613999 2110.214676
1614999 2288.949836
1615999 2288.961866
1616999 2118.236391
1617999 1785.641863
1618999 1757.842763
1619999 2167.336790
1620999 2320.780106
1621999 2282.852493
1622999 2385.524882
1623999 2106.800500
1624999 1941.627584
1625999 1991.156565
1626999 2402.840397
1627999 2107.065714
1628999 2334.002691
1629999 2115.910956
1630999 2170.303965
1631999 1821.021190
1632999 2016.648909
1633999 2104.831937
1634999 2305.731402
1635999 2246.745497
1636999 2342.128117
1637999 2289.394714
1638999 1974.819304
1639999 2334.234692
1640999 1874.600314
1641999 1688.512632
1642999 2157.142973
1643999 2458.940767
1644999 1986.528872
1645999 2328.911703
1646999 2574.024686
1647999 1832.236624
1648999 2037.867957
1649999 2030.679083
1650999 2483.298550
1651999 2438.586931
1652999 1904.928470
1653999 1748.732742
1654999 2456.288990
1655999 2128.254255
1656999 2131.624613
1657999 2015.526304
1658999 2008.592192
1659999 2255.837777
1660999 2106.700439
1661999 2098.015186
1662999 2030.922858
1663999 2119.255174
1664999 1971.278709
1665999 2524.525499
1666999 2289.233859
1667999 2181.915269
1668999 1737.686476
1669999 2318.038888
1670999 2328.463358
1671999 2079.693870
1672999 2181.403412
1673999 1826.780632
1674999 2167.191215
1675999 1956.336169
1676999 2317.007959
1677999 2332.465475
1678999 2107.047744
1679999 2034.292172
1680999 2201.136342
1681999 2009.383710
1682999 2193.251770
1683999 2184.622858
1684999 2186.646439
1685999 2277.114344
1686999 2044.914714
1687999 2137.904682
1688999 1892.481541
1689999 2342.505222
1690999 1944.594380
1691999 2393.549743
1692999 2162.230249
1693999 2023.727240
1694999 2174.875383
1695999 2429.298036
1696999 1980.907924
1697999 2082.865724
1698999 2242.202477
1699999 2049.709202
1700999 2200.513906
1701999 2296.301270
1702999 2203.849984
1703999 2002.810838
1704999 1908.037034
1705999 1898.667155
1706999 2107.384241
1707999 2052.936270
1708999 2277.784498
1709999 2222.697124
1710999 2301.262233
1711999 2214.929316
1712999 1967.387874
1713999 2306.787061
1714999 2177.937789
1715999 2359.149426
1716999 2258.302868
1717999 2380.817764
1718999 2181.382888
1719999 2175.556887
1720999 2340.411701
1721999 1806.432722
1722999 2231.860695
1723999 2043.638002
1724999 2468.459037
1725999 2237.402794
1726999 2166.941787
1727999 2112.608271
1728999 2342.475696
1729999 2332.495970
1730999 2350.603850
1731999 2394.874799
1732999 2142.463852
1733999 2262.225864
1734999 2206.136635
1735999 2256.402534
1736999 2517.228966
1737999 2316.953196
1738999 2114.713040
1739999 1767.050531
1740999 2408.171443
1741999 2314.359392
1742999 2530.653228
1743999 1879.931638
1744999 2458.703046
1745999 2482.461383
1746999 2282.679017
1747999 2194.958686
1748999 1862.101364
1749999 2311.182585
1750999 2158.316582
1751999 2229.514610
1752999 2259.351541
1753999 2146.707667
1754999 1545.227725
1755999 2318.446826
1756999 2235.730161
1757999 2221.362694
1758999 2368.221280
1759999 2252.352161
1760999 2316.174720
1761999 2021.812566
1762999 1883.927428
1763999 2273.029910
1764999 2301.288129
1765999 2147.451335
1766999 2297.040029
1767999 1917.464306
1768999 1876.540025
1769999 2050.719667
1770999 2374.536569
1771999 1851.899835
1772999 2284.293717
1773999 1825.003985
1774999 2250.470582
1775999 1987.696592
1776999 2307.580173
1777999 2020.971866
1778999 1462.760836
1779999 2433.835590
1780999 2242.687421
1781999 2346.539071
1782999 1878.680394
1783999 2384.539153
1784999 2363.144452
1785999 2011.046538
1786999 2262.404818
1787999 2200.256328
1788999 1970.935157
1789999 2112.504240
1790999 2170.738691
1791999 2007.640338
1792999 2191.131045
1793999 2173.147120
1794999 2132.715465
1795999 2264.056464
1796999 2505.114508
1797999 2155.623004
1798999 2174.448340
1799999 2328.934913
1800999 2248.509255
1801999 1997.642893
1802999 2446.989176
1803999 2019.766625
1804999 2318.130635
1805999 1623.479413
1806999 2219.783926
1807999 2114.171513
1808999 2100.028550
1809999 2223.556297
1810999 2306.496095
1811999 1778.524382
1812999 1980.969170
1813999 2394.565129
1814999 2515.562176
1815999 2230.949388
1816999 2247.319716
1817999 2324.286605
1818999 2149.788768
1819999 2497.658299
1820999 2264.636652
1821999 2247.358814
1822999 1884.982692
1823999 2378.652964
1824999 2324.263418
1825999 1811.581898
1826999 2098.215916
1827999 1542.753363
1828999 2086.075857
1829999 1953.765408
1830999 2212.182830
1831999 2045.932215
1832999 2297.890958
1833999 2062.522308
1834999 2197.926927
1835999 1979.774444
1836999 2289.349250
1837999 2207.053538
1838999 2279.578548
1839999 2467.625429
1840999 2476.700703
1841999 2242.972602
1842999 2389.580596
1843999 806.679201
1844999 2375.847385
1845999 2308.050508
1846999 1871.588221
1847999 1867.442632
1848999 2134.375089
1849999 2382.065704
1850999 2269.623198
1851999 2092.416419
1852999 2483.303813
1853999 2445.482661
1854999 2258.257456
1855999 2228.676255
1856999 2161.577324
1857999 1948.847459
1858999 2463.085587
1859999 2128.164083
1860999 2334.933407
1861999 2328.629160
1862999 2470.615647
1863999 2181.754744
1864999 2360.556405
1865999 2324.868349
1866999 2336.979297
1867999 2242.851345
1868999 2123.142792
1869999 2397.475847
1870999 2009.833586
1871999 72.845228
1872999 2276.679781
1873999 2237.321723
1874999 2282.021274
1875999 2254.526417
1876999 2079.575103
1877999 2337.613791
1878999 1786.753245
1879999 1652.433537
1880999 1528.960016
1881999 2362.707580
1882999 2331.671895
1883999 2517.276494
1884999 2321.956699
1885999 2014.541063
1886999 2183.044050
1887999 1914.946961
1888999 2301.968023
1889999 1902.574504
1890999 2454.387189
1891999 2090.321316
1892999 2185.394339
1893999 2374.326879
1894999 1415.718891
1895999 2277.360250
1896999 2214.662733
1897999 2215.355516
1898999 2418.278292
1899999 2035.758572
1900999 2022.529232
1901999 2198.823886
1902999 1465.710842
1903999 2043.420139
1904999 2376.080648
1905999 2229.901378
1906999 2346.063065
1907999 1640.642356
1908999 1963.615034
1909999 2253.950854
1910999 2459.536221
1911999 2232.930336
1912999 2249.819625
1913999 2113.488600
1914999 2308.056616
1915999 2309.588466
1916999 2373.210958
1917999 2334.676262
1918999 2385.193205
1919999 2450.858182
1920999 2283.201830
1921999 2253.508914
1922999 2306.303253
1923999 2068.958776
1924999 2270.902742
1925999 2260.392059
1926999 2472.983665
1927999 2409.552238
1928999 2378.964599
1929999 2450.133108
1930999 2264.983272
1931999 2219.488009
1932999 2413.965879
1933999 2202.819628
1934999 2290.119349
1935999 2370.795210
1936999 2511.658069
1937999 2256.504901
1938999 2601.870796
1939999 2303.606292
1940999 2082.689222
1941999 365.351835
1942999 2421.671176
1943999 2380.436456
1944999 2295.361118
1945999 2288.610942
1946999 2113.430298
1947999 2337.733709
1948999 2476.912097
1949999 2236.143784
1950999 2235.111123
1951999 2348.597561
1952999 2369.436711
1953999 2290.751005
1954999 2387.479051
1955999 2067.441409
1956999 2377.614565
1957999 2121.270374
1958999 2148.306228
1959999 1206.789415
1960999 2294.603304
1961999 2303.178630
1962999 2354.653984
1963999 2470.619355
1964999 2182.950116
1965999 2346.976659
1966999 2348.739113
1967999 2146.738018
1968999 2116.623939
1969999 2552.023659
1970999 2246.185611
1971999 2622.403514
1972999 2455.198100
1973999 2243.368598
1974999 970.166912
1975999 2116.664019
1976999 2377.677565
1977999 2163.476669
1978999 2312.136896
1979999 2347.762265
1980999 2496.673617
1981999 2047.232921
1982999 1972.811212
1983999 2390.462125
1984999 2261.241206
1985999 2287.964994
1986999 2328.007419
1987999 2383.786347
1988999 2226.596084
1989999 2316.818059
1990999 2192.224887
1991999 2105.094661
1992999 2417.291031
1993999 2212.455128
1994999 2392.538329
1995999 2389.156225
1996999 2628.534874
1997999 2043.612013
1998999 1914.247986
1999999 2000.997424
