2048 -9.014597
4096 -1.462807
6144 14.412379
8192 29.372801
10240 23.822960
12288 24.004335
14336 23.933793
16384 24.768427
18432 22.321903
20480 23.892005
22528 25.197817
24576 27.507499
26624 30.707715
28672 32.913656
30720 33.189520
32768 33.056019
34816 33.514058
36864 34.317095
38912 33.782524
40960 37.047497
43008 34.138177
45056 35.452859
47104 34.953843
49152 33.190433
51200 35.522148
53248 35.411889
55296 35.329307
57344 37.073756
59392 36.431170
61440 37.945939
63488 37.436651
65536 37.745566
67584 36.837470
69632 38.198782
71680 38.169872
73728 36.929248
75776 36.293630
77824 35.475173
79872 36.994496
81920 36.596085
83968 36.747038
86016 36.271668
88064 35.666973
90112 33.804704
92160 34.958720
94208 33.988030
96256 32.860307
98304 34.368120
100352 34.668929
102400 36.482905
104448 35.070185
106496 33.850098
108544 35.216039
110592 35.203526
112640 34.408787
114688 32.621777
116736 33.492956
118784 33.178209
120832 34.040538
122880 33.530606
124928 34.449832
126976 33.932886
129024 33.821687
131072 33.226495
133120 33.296118
135168 34.998285
137216 32.560837
139264 32.042459
141312 32.521134
143360 33.246067
145408 34.438267
147456 34.152049
149504 33.531549
151552 34.935454
153600 34.440288
155648 35.485090
157696 35.515102
159744 34.558153
161792 34.268637
163840 34.947310
165888 34.412201
167936 34.611090
169984 36.280986
172032 34.914764
174080 34.963058
176128 34.731160
178176 35.992834
180224 36.269862
182272 35.922862
184320 36.151413
186368 35.267461
188416 36.131542
190464 33.717826
192512 34.199516
194560 34.447464
196608 35.089374
198656 34.442507
200704 35.366461
202752 35.617946
204800 35.305447
206848 35.870707
208896 35.427483
210944 34.598953
212992 36.217333
215040 36.146509
217088 35.403627
219136 36.368585
221184 36.035790
223232 35.047092
225280 34.740549
227328 35.316145
229376 34.833861
231424 35.174515
233472 35.064329
235520 35.139113
237568 35.285778
239616 34.713399
241664 34.723071
243712 34.718647
245760 35.028876
247808 34.645347
249856 34.971880
251904 35.163385
253952 35.122029
256000 35.186367
258048 34.973154
260096 35.506079
262144 35.401877
264192 34.635762
266240 35.555731
268288 33.837664
270336 34.732163
272384 34.452681
274432 34.858058
276480 34.750119
278528 34.265471
280576 34.860796
282624 34.518118
284672 35.625039
286720 35.365290
288768 35.432427
290816 35.151845
292864 34.410859
294912 35.193087
296960 35.506687
299008 35.943487
301056 35.839186
303104 35.670246
305152 36.370073
307200 36.257759
309248 36.985211
311296 37.956998
313344 36.979455
315392 37.123056
317440 36.319723
319488 37.202416
321536 34.023968
323584 36.399136
325632 37.682671
327680 36.257007
329728 36.468820
331776 36.036585
333824 36.736705
335872 36.888807
337920 37.385662
339968 37.566767
342016 37.504496
344064 38.791659
346112 37.656706
348160 37.607551
350208 39.343807
352256 38.258938
354304 38.955631
356352 39.594231
358400 39.292015
360448 40.135427
362496 41.119990
364544 39.376225
366592 40.657457
368640 41.001199
370688 40.812999
372736 41.479198
374784 41.454064
376832 40.053248
378880 40.815576
380928 44.095133
382976 44.338316
385024 45.659522
387072 46.826507
389120 48.148778
391168 50.085070
393216 54.109615
395264 54.536466
397312 54.357073
399360 58.482255
401408 59.396999
403456 59.922754
405504 62.773633
407552 64.154558
409600 61.746386
411648 64.231452
413696 64.807357
415744 64.869083
417792 64.117655
419840 63.065901
421888 63.814991
423936 63.663879
425984 64.245035
428032 61.802539
430080 67.382167
432128 65.549048
434176 68.563903
436224 64.769373
438272 64.640897
440320 63.215526
442368 65.897068
444416 65.140350
446464 65.315796
448512 66.807699
450560 69.558112
452608 72.906411
454656 73.743592
456704 73.309876
458752 73.320944
460800 74.429754
462848 73.922778
464896 73.675780
466944 73.249659
468992 67.321487
471040 72.621806
473088 76.530324
475136 76.020267
477184 76.785931
479232 75.443253
481280 77.920859
483328 75.099927
485376 79.566955
487424 79.719787
489472 78.897048
491520 77.679759
493568 79.765883
495616 78.250114
497664 75.702732
499712 75.637063
501760 76.667838
503808 76.314440
505856 74.037522
507904 73.555051
509952 73.047434
512000 76.110800
514048 76.849162
516096 77.561128
518144 78.577504
520192 78.851098
522240 75.848334
524288 76.331832
526336 75.470384
528384 83.190454
530432 83.488831
532480 82.624630
534528 80.962394
536576 82.288568
538624 78.699393
540672 79.829547
542720 80.645243
544768 83.774129
546816 82.391799
548864 79.800509
550912 80.309004
552960 79.518233
555008 82.451053
557056 84.292990
559104 86.104210
561152 84.795296
563200 87.950239
565248 86.416685
567296 86.272126
569344 85.051868
571392 83.823999
573440 82.697337
575488 82.001125
577536 84.299809
579584 87.006923
581632 86.686235
583680 87.613792
585728 86.474038
587776 89.515096
589824 89.804798
591872 85.165153
593920 87.367537
595968 85.314300
598016 85.963827
600064 81.855818
602112 89.269209
604160 88.125875
606208 90.874631
608256 89.324389
610304 92.012514
612352 94.580568
614400 91.132946
616448 92.417329
618496 93.843615
620544 93.497640
622592 94.419283
624640 94.578059
626688 94.585869
628736 92.999176
630784 90.867404
632832 87.299128
634880 91.968406
636928 94.435542
638976 91.782844
641024 90.657651
643072 87.819047
645120 92.062484
647168 95.232250
649216 90.732146
651264 95.596908
653312 92.367217
655360 95.381696
657408 96.719761
659456 92.842427
661504 94.684567
663552 96.820256
665600 96.914119
667648 97.248611
669696 97.330115
671744 89.244547
673792 87.725282
675840 81.837904
677888 87.134154
679936 95.414606
681984 91.442641
684032 93.231945
686080 90.628599
688128 87.357021
690176 84.715708
692224 92.034215
694272 93.523057
696320 97.426446
698368 102.379101
700416 97.091203
702464 95.185050
704512 98.844570
706560 98.666237
708608 98.930206
710656 91.058687
712704 95.007004
714752 96.293799
716800 93.835399
718848 90.990607
720896 95.184632
722944 94.109420
724992 94.867821
727040 92.968557
729088 83.865919
731136 88.185031
733184 54.230552
735232 75.203415
737280 79.015278
739328 90.074206
741376 92.007973
743424 93.757267
745472 93.624378
747520 91.457403
749568 88.367680
751616 90.089786
753664 92.481187
755712 94.188119
757760 95.109026
759808 95.245258
761856 94.079730
763904 93.182361
765952 97.103595
768000 100.779862
770048 99.161784
772096 99.295643
774144 99.447489
776192 99.101218
778240 101.444170
780288 100.757526
782336 96.325170
784384 98.420599
786432 99.728542
788480 98.580402
790528 94.199903
792576 92.764310
794624 93.908045
796672 86.387396
798720 79.240611
800768 79.670255
802816 99.899796
804864 95.384796
806912 96.598919
808960 87.269979
811008 95.163865
813056 93.619512
815104 95.062737
817152 90.918831
819200 95.932178
821248 95.127214
823296 95.573141
825344 96.147777
827392 96.431713
829440 97.387297
831488 95.323195
833536 95.251865
835584 98.756843
837632 98.352544
839680 94.660741
841728 95.498424
843776 94.222937
845824 101.952990
847872 103.099336
849920 105.761218
851968 103.253510
854016 98.888896
856064 97.000732
858112 99.835654
860160 97.477811
862208 96.713969
864256 96.549772
866304 94.370611
868352 96.316471
870400 97.988626
872448 99.629147
874496 100.545872
876544 99.780702
878592 98.148979
880640 99.233492
882688 97.978460
884736 100.466171
886784 103.344631
888832 102.135459
890880 99.802586
892928 99.102607
894976 105.352192
897024 105.287317
899072 106.639886
901120 108.024583
903168 105.972605
905216 107.703805
907264 108.501833
909312 104.902292
911360 99.636217
913408 102.746095
915456 103.393730
917504 106.702132
919552 105.754637
921600 103.817030
923648 104.762906
925696 105.061799
927744 106.734414
929792 101.890360
931840 103.674713
933888 103.188529
935936 106.939037
937984 99.977854
940032 104.102594
942080 102.103562
944128 105.216158
946176 104.402094
948224 102.446137
950272 102.409594
952320 101.034683
954368 102.876191
956416 101.675111
958464 102.632091
960512 101.737214
962560 100.787264
964608 106.938398
966656 105.183183
968704 106.179090
970752 106.689121
972800 105.253960
974848 104.223973
976896 103.626377
978944 102.710000
980992 102.069605
983040 104.456583
985088 103.713992
987136 105.998033
989184 103.445857
991232 104.259537
993280 104.573210
995328 105.389633
997376 107.136501
999424 109.330614
1001472 109.424207
1003520 109.190799
1005568 107.772967
1007616 109.312615
1009664 105.817034
1011712 104.905146
1013760 106.718819
1015808 108.305736
1017856 109.225128
1019904 110.123333
1021952 107.380975
1024000 110.356338
1026048 109.699928
1028096 105.199803
1030144 107.550224
1032192 105.070310
1034240 105.206618
1036288 104.922676
1038336 103.728749
1040384 101.316934
1042432 106.980459
1044480 106.353820
1046528 107.334688
1048576 105.250002
1050624 105.687493
1052672 103.851705
1054720 100.132601
1056768 99.839086
1058816 100.549272
1060864 101.524321
1062912 98.115002
1064960 98.770187
1067008 101.691004
1069056 99.610776
1071104 100.064586
1073152 103.717662
1075200 104.150213
1077248 99.952740
1079296 94.952480
1081344 96.882529
1083392 88.546092
1085440 96.708907
1087488 100.870215
1089536 95.644071
1091584 96.534402
1093632 93.451542
1095680 93.671432
1097728 92.464409
1099776 95.042509
1101824 96.674512
1103872 98.293993
1105920 96.287239
1107968 97.331965
1110016 99.113028
1112064 98.729154
1114112 99.066392
1116160 104.369479
1118208 103.356299
1120256 104.764796
1122304 105.983659
1124352 103.871254
1126400 106.268977
1128448 103.483964
1130496 103.289253
1132544 102.406825
1134592 103.008534
1136640 99.862194
1138688 102.161065
1140736 100.302419
1142784 96.541887
1144832 97.332944
1146880 102.923242
1148928 102.964467
1150976 103.570380
1153024 104.565614
1155072 100.861381
1157120 101.334616
1159168 102.179576
1161216 100.209956
1163264 104.823482
1165312 100.044818
1167360 98.038478
1169408 102.951995
1171456 100.184348
1173504 101.795040
1175552 102.981646
1177600 104.425146
1179648 102.376300
1181696 102.847465
1183744 97.036934
1185792 97.964779
1187840 100.097269
1189888 99.502708
1191936 98.182873
1193984 99.338247
1196032 97.645606
1198080 90.735419
1200128 92.755317
1202176 88.859523
1204224 89.155404
1206272 94.878090
1208320 97.259196
1210368 92.695972
1212416 98.691392
1214464 101.055235
1216512 98.863422
1218560 101.990611
1220608 105.238791
1222656 103.318658
1224704 103.954895
1226752 104.366913
1228800 104.190066
1230848 103.366716
1232896 103.628366
1234944 105.463009
1236992 106.573982
1239040 104.761105
1241088 105.419262
1243136 106.167228
1245184 105.629060
1247232 102.879052
1249280 104.792494
1251328 107.431632
1253376 106.551134
1255424 103.384637
1257472 103.513209
1259520 101.164400
1261568 104.668717
1263616 101.705737
1265664 97.910760
1267712 95.566335
1269760 98.682870
1271808 96.705210
1273856 92.762865
1275904 95.001580
1277952 94.263764
1280000 84.848640
1282048 86.403901
1284096 93.980572
1286144 91.783422
1288192 87.922871
1290240 89.674456
1292288 85.878201
1294336 91.785415
1296384 92.336186
1298432 91.003900
1300480 86.403365
1302528 87.556917
1304576 87.856604
1306624 89.612192
1308672 82.230842
1310720 89.916320
1312768 84.651964
1314816 88.513913
1316864 94.785818
1318912 96.173957
1320960 93.916672
1323008 96.713159
1325056 95.860878
1327104 100.431741
1329152 101.324961
1331200 103.733305
1333248 105.882770
1335296 104.273133
1337344 105.090730
1339392 102.837407
1341440 104.116940
1343488 103.536774
1345536 100.968539
1347584 106.807135
1349632 104.473860
1351680 102.708615
1353728 105.344436
1355776 103.834143
1357824 100.769006
1359872 103.324469
1361920 105.951536
1363968 103.833587
1366016 104.933228
1368064 105.975882
1370112 103.104334
1372160 101.050376
1374208 98.332059
1376256 99.633847
1378304 102.454414
1380352 103.503579
1382400 101.279610
1384448 102.424179
1386496 99.748016
1388544 102.343199
1390592 105.434939
1392640 102.885671
1394688 104.362993
1396736 105.215122
1398784 106.826146
1400832 107.838660
1402880 106.915769
1404928 108.198500
1406976 104.069652
1409024 106.805811
1411072 103.839697
1413120 104.348748
1415168 105.126502
1417216 105.487765
1419264 107.505041
1421312 105.564630
1423360 106.707904
1425408 106.304054
1427456 106.117581
1429504 105.367005
1431552 108.951342
1433600 109.551214
1435648 112.120839
1437696 107.786459
1439744 111.092379
1441792 112.487503
1443840 110.029872
1445888 107.736467
1447936 106.548405
1449984 106.745918
1452032 109.509094
1454080 108.966765
1456128 110.460175
1458176 106.581690
1460224 105.755993
1462272 102.532552
1464320 101.392594
1466368 102.602076
1468416 102.945747
1470464 103.829235
1472512 104.560577
1474560 106.229014
1476608 105.663009
1478656 106.603432
1480704 104.154947
1482752 108.364161
1484800 108.322115
1486848 104.991652
1488896 103.960320
1490944 105.411323
1492992 104.831731
1495040 105.253767
1497088 105.816271
1499136 111.201297
1501184 113.585899
1503232 112.553948
1505280 110.625777
1507328 109.573477
1509376 107.401589
1511424 107.970551
1513472 106.199928
1515520 106.141025
1517568 106.530115
1519616 104.423919
1521664 107.343984
1523712 108.797400
1525760 105.510894
1527808 103.876297
1529856 106.006116
1531904 104.474369
1533952 102.878075
1536000 103.109379
1538048 98.694518
1540096 98.694327
1542144 97.872075
1544192 98.525023
1546240 96.724692
1548288 98.172477
1550336 100.425714
1552384 98.198697
1554432 97.039851
1556480 96.658495
1558528 96.023767
1560576 92.299841
1562624 84.309640
1564672 88.339480
1566720 87.336875
1568768 91.205440
1570816 87.935578
1572864 88.394864
1574912 90.793015
1576960 89.771718
1579008 89.956687
1581056 89.078782
1583104 86.395060
1585152 82.727957
1587200 91.739832
1589248 92.767718
1591296 93.269034
1593344 97.260044
1595392 95.766549
1597440 91.186922
1599488 86.998348
1601536 88.460690
1603584 84.955823
1605632 87.623274
1607680 83.797488
1609728 83.646138
1611776 82.501717
1613824 81.486899
1615872 78.113747
1617920 87.205565
1619968 86.509274
1622016 89.534515
1624064 95.478800
1626112 90.924365
1628160 93.141111
1630208 91.058711
1632256 94.122701
1634304 95.044881
1636352 95.150943
1638400 94.809112
1640448 98.665148
1642496 102.734048
1644544 102.048040
1646592 100.168662
1648640 100.687553
1650688 100.502050
1652736 98.401206
1654784 96.979907
1656832 94.160560
1658880 91.356380
1660928 93.402492
1662976 91.710730
1665024 91.958396
1667072 91.271819
1669120 91.853810
1671168 88.708321
1673216 90.838251
1675264 90.114014
1677312 91.789651
1679360 93.432506
1681408 92.463658
1683456 90.926615
1685504 92.477047
1687552 91.515980
1689600 91.531111
1691648 91.046625
1693696 87.853100
1695744 96.424052
1697792 101.993890
1699840 101.618978
1701888 99.924387
1703936 102.463624
1705984 102.582170
1708032 100.866579
1710080 104.260705
1712128 98.292281
1714176 97.856665
1716224 98.899782
1718272 98.245078
1720320 95.873584
1722368 94.924357
1724416 92.507903
1726464 92.592141
1728512 95.681538
1730560 96.898392
1732608 101.705149
1734656 90.465541
1736704 94.566780
1738752 101.145839
1740800 102.424991
1742848 95.647242
1744896 93.257976
1746944 93.234619
1748992 89.484573
1751040 88.787355
1753088 88.715875
1755136 84.589041
1757184 92.829375
1759232 86.637606
1761280 86.147085
1763328 88.884744
1765376 91.835158
1767424 93.465360
1769472 99.010173
1771520 88.095808
1773568 79.494808
1775616 81.863251
1777664 82.583882
1779712 84.457213
1781760 80.471515
1783808 72.690761
1785856 70.607121
1787904 68.612605
1789952 64.671269
1792000 71.464675
1794048 74.935191
1796096 69.851125
1798144 69.695934
1800192 66.982375
1802240 73.167100
1804288 76.465946
1806336 86.885542
1808384 80.640541
1810432 74.596785
1812480 82.733014
1814528 91.726629
1816576 90.361627
1818624 89.676078
1820672 81.493858
1822720 83.794962
1824768 96.900703
1826816 95.520297
1828864 93.793109
1830912 96.942995
1832960 99.517937
1835008 101.327635
1837056 95.752604
1839104 95.270995
1841152 90.100510
1843200 95.046813
1845248 96.955067
1847296 89.093932
1849344 91.687712
1851392 80.781162
1853440 83.910981
1855488 76.913801
1857536 78.908203
1859584 85.312910
1861632 86.009571
1863680 93.216083
1865728 102.390036
1867776 101.592862
1869824 100.397733
1871872 98.263130
1873920 105.311805
1875968 99.932333
1878016 102.032314
1880064 95.514313
1882112 97.655634
1884160 92.529270
1886208 96.614549
1888256 95.539807
1890304 100.888154
1892352 98.827720
1894400 99.015325
1896448 104.918509
1898496 101.344723
1900544 104.275050
1902592 103.300493
1904640 98.174569
1906688 107.382784
1908736 108.877101
1910784 112.798454
1912832 95.328248
1914880 91.727032
1916928 93.609365
1918976 87.300731
1921024 84.553666
1923072 85.359117
1925120 85.996552
1927168 84.302145
1929216 73.432504
1931264 75.504727
1933312 79.546582
1935360 81.532946
1937408 82.893319
1939456 92.530110
1941504 91.619639
1943552 94.489589
1945600 93.836496
1947648 102.353480
1949696 116.134604
1951744 116.980128
1953792 118.476014
1955840 114.988791
1957888 114.727481
1959936 114.108878
1961984 114.438223
1964032 113.883149
1966080 113.671430
1968128 111.967956
1970176 110.099666
1972224 110.828766
1974272 105.758312
1976320 110.457756
1978368 115.929084
1980416 110.734579
1982464 109.534757
1984512 105.160360
1986560 109.071294
1988608 111.102811
1990656 105.459033
1992704 98.386745
1994752 97.594457
1996800 94.492984
1998848 101.010392
2000896 101.668864
