2048 7.470064
4096 5.135657
6144 19.736658
8192 18.338910
10240 22.547499
12288 21.641573
14336 19.160758
16384 19.757282
18432 19.915381
20480 18.598848
22528 20.525051
24576 21.268629
26624 21.258570
28672 24.400072
30720 21.030054
32768 23.432565
34816 25.200345
36864 31.157987
38912 35.586352
40960 39.026787
43008 40.261430
45056 38.953329
47104 40.632019
49152 38.095346
51200 35.824734
53248 26.843796
55296 24.959363
57344 22.798919
59392 25.695838
61440 26.448620
63488 27.705764
65536 25.743847
67584 32.109677
69632 30.542252
71680 35.997979
73728 25.644897
75776 34.421500
77824 35.226787
79872 35.844846
81920 33.080443
83968 29.744820
86016 36.292577
88064 32.703149
90112 34.585296
92160 38.533872
94208 31.671339
96256 37.622895
98304 36.773330
100352 37.317422
102400 36.953628
104448 38.983378
106496 31.076250
108544 35.542451
110592 35.440848
112640 34.890506
114688 35.217061
116736 37.244302
118784 36.505120
120832 25.180702
122880 24.934398
124928 20.118436
126976 22.152956
129024 22.393630
131072 35.433879
133120 29.775140
135168 26.643338
137216 35.874204
139264 24.380237
141312 31.411606
143360 24.321140
145408 16.279458
147456 17.035590
149504 14.240742
151552 0.644937
153600 2.543690
155648 11.901431
157696 18.642086
159744 19.832239
161792 8.380923
163840 22.423793
165888 22.300016
167936 24.776611
169984 6.113686
172032 9.890581
174080 23.805565
176128 17.869444
178176 14.519600
180224 26.499505
182272 18.135041
184320 26.322418
186368 31.476124
188416 20.958694
190464 32.549944
192512 33.461288
194560 35.006036
196608 33.911742
198656 38.538294
200704 40.538105
202752 37.424409
204800 36.929017
206848 36.112219
208896 30.656968
210944 34.196470
212992 27.469390
215040 33.266574
217088 34.928610
219136 31.266903
221184 39.685805
223232 35.630385
225280 39.597467
227328 41.363372
229376 40.675829
231424 41.731705
233472 40.045823
235520 38.555176
237568 38.424627
239616 39.611904
241664 39.755948
243712 39.126290
245760 40.681802
247808 38.567765
249856 39.625642
251904 40.852512
253952 43.900878
256000 42.183781
258048 42.297449
260096 40.673037
262144 44.002928
264192 43.907602
266240 43.799203
268288 39.102874
270336 44.155494
272384 43.405047
274432 42.066132
276480 43.219823
278528 41.017072
280576 41.552198
282624 40.863452
284672 41.289854
286720 42.996322
288768 42.829397
290816 40.721228
292864 41.521022
294912 43.579714
296960 43.156145
299008 44.022340
301056 44.698482
303104 43.879759
305152 41.889461
307200 45.743594
309248 35.053658
311296 37.120322
313344 46.550467
315392 42.449073
317440 39.748360
319488 39.615674
321536 43.243680
323584 16.865304
325632 32.427925
327680 40.743767
329728 40.892421
331776 47.516657
333824 45.252250
335872 45.556632
337920 45.262057
339968 46.852289
342016 45.083165
344064 44.415497
346112 42.747591
348160 42.742348
350208 43.961539
352256 43.486118
354304 43.139565
356352 42.093029
358400 42.600057
360448 42.130214
362496 42.111370
364544 43.418798
366592 41.319407
368640 42.960828
370688 43.666219
372736 41.612317
374784 42.544520
376832 40.678974
378880 40.943783
380928 42.945481
382976 41.409622
385024 42.935446
387072 41.295981
389120 41.349390
391168 41.823974
393216 40.348794
395264 41.358873
397312 42.907634
399360 42.889100
401408 43.877043
403456 43.572297
405504 43.071865
407552 44.768237
409600 41.652211
411648 43.795744
413696 43.474738
415744 44.263487
417792 44.529718
419840 46.198708
421888 44.834313
423936 43.198959
425984 39.272299
428032 40.308600
430080 30.050960
432128 29.574133
434176 31.343012
436224 30.645725
438272 34.762015
440320 38.911687
442368 44.770849
444416 45.154897
446464 45.143690
448512 45.339339
450560 46.306131
452608 44.580364
454656 40.082310
456704 42.835072
458752 44.584912
460800 44.397673
462848 43.568386
464896 42.983077
466944 45.744950
468992 43.745916
471040 42.809734
473088 44.580869
475136 45.719177
477184 47.581895
479232 49.720353
481280 49.018339
483328 46.934407
485376 49.372218
487424 48.541653
489472 47.803351
491520 49.791502
493568 51.133464
495616 50.088216
497664 50.064432
499712 52.717797
501760 51.351998
503808 51.721715
505856 51.660331
507904 52.146821
509952 52.399333
512000 50.951208
514048 51.944547
516096 51.724108
518144 53.359186
520192 55.533794
522240 53.208346
524288 52.410525
526336 56.437365
528384 55.153772
530432 56.156899
532480 54.191076
534528 56.153928
536576 48.908863
538624 48.238421
540672 41.266858
542720 41.250366
544768 27.367567
546816 14.794149
548864 27.944480
550912 29.124092
552960 35.019394
555008 29.340113
557056 18.336565
559104 19.478304
561152 17.309111
563200 21.068018
565248 19.904765
567296 18.876230
569344 16.290776
571392 17.889091
573440 17.312684
575488 37.619016
577536 40.320539
579584 44.840996
581632 30.830803
583680 39.917505
585728 47.012771
587776 29.535530
589824 26.476464
591872 42.467441
593920 51.620184
595968 37.607602
598016 25.983779
600064 29.762896
602112 25.024557
604160 45.557695
606208 51.796302
608256 54.092936
610304 39.912403
612352 56.169302
614400 53.561290
616448 47.645071
618496 49.675357
620544 52.613525
622592 52.249782
624640 56.099774
626688 54.273703
628736 57.068554
630784 52.721975
632832 56.493491
634880 52.404515
636928 54.494908
638976 54.496090
641024 58.433695
643072 57.953466
645120 57.275746
647168 58.036772
649216 58.454002
651264 56.019561
653312 58.131140
655360 58.567620
657408 56.922358
659456 58.609450
661504 59.684650
663552 57.810499
665600 57.209767
667648 60.365507
669696 59.091296
671744 58.860111
673792 60.402603
675840 59.580599
677888 60.197566
679936 60.798786
681984 62.276327
684032 63.094511
686080 63.708901
688128 63.150689
690176 64.984887
692224 47.382058
694272 67.176116
696320 22.448609
698368 37.587737
700416 28.326971
702464 51.628008
704512 32.039826
706560 60.614239
708608 58.807927
710656 35.109971
712704 61.628247
714752 60.158910
716800 62.505399
718848 66.215736
720896 63.599954
722944 70.338607
724992 62.711623
727040 62.519120
729088 65.986738
731136 75.599960
733184 69.426467
735232 75.790076
737280 74.355429
739328 71.177544
741376 78.460275
743424 65.044628
745472 73.921665
747520 77.586292
749568 69.391849
751616 76.574843
753664 73.061331
755712 75.129957
757760 71.339454
759808 69.230920
761856 69.844363
763904 78.279764
765952 74.474642
768000 69.814062
770048 68.045602
772096 73.976534
774144 83.833663
776192 83.797596
778240 85.638890
780288 86.602662
782336 86.851211
784384 88.178601
786432 91.232081
788480 88.253712
790528 89.227528
792576 91.444651
794624 89.800424
796672 90.433435
798720 88.143923
800768 88.009365
802816 88.753992
804864 91.919986
806912 90.704430
808960 89.630561
811008 89.051525
813056 89.785718
815104 88.425273
817152 90.939058
819200 92.480620
821248 94.621074
823296 93.622053
825344 97.254943
827392 94.981922
829440 96.118005
831488 95.903013
833536 97.720582
835584 97.745647
837632 100.304540
839680 99.105728
841728 96.118616
843776 97.953117
845824 95.040970
847872 97.244506
849920 100.730234
851968 103.802139
854016 102.469388
856064 103.033527
858112 104.425223
860160 99.900637
862208 101.479626
864256 99.448241
866304 101.453462
868352 97.334666
870400 100.664646
872448 102.390193
874496 99.177638
876544 96.652321
878592 97.683222
880640 95.539584
882688 101.564020
884736 99.671753
886784 97.120953
888832 98.402897
890880 99.026176
892928 98.894860
894976 95.383283
897024 97.794130
899072 98.717212
901120 99.998940
903168 99.102375
905216 96.582412
907264 97.121624
909312 97.219276
911360 97.729495
913408 100.602541
915456 101.200355
917504 101.929845
919552 100.520499
921600 103.381113
923648 100.254650
925696 98.101987
927744 97.870553
929792 99.404076
931840 97.487571
933888 94.714875
935936 97.146298
937984 94.963297
940032 98.531285
942080 97.689112
944128 100.231318
946176 101.246069
948224 100.539779
950272 99.719136
952320 96.432890
954368 98.689262
956416 97.643302
958464 97.139178
960512 95.547966
962560 96.294358
964608 97.612780
966656 93.864890
968704 94.018506
970752 93.511142
972800 97.795156
974848 100.001051
976896 97.248508
978944 98.940082
980992 99.263152
983040 102.156054
985088 99.696112
987136 99.521211
989184 102.126702
991232 101.819853
993280 101.030556
995328 100.750344
997376 99.092923
999424 96.495630
1001472 95.814490
1003520 99.112515
1005568 101.530991
1007616 101.956686
1009664 99.970194
1011712 102.602882
1013760 106.449720
1015808 106.625791
1017856 106.161901
1019904 105.031878
1021952 106.101245
1024000 106.243878
1026048 105.488634
1028096 104.067403
1030144 108.573533
1032192 106.825703
1034240 105.220651
1036288 104.614097
1038336 104.492045
1040384 103.772196
1042432 103.141158
1044480 102.326907
1046528 103.299221
1048576 101.395417
1050624 99.764302
1052672 102.305163
1054720 103.104376
1056768 99.996510
1058816 102.466378
1060864 100.288825
1062912 101.419645
1064960 101.925676
1067008 101.883959
1069056 93.948814
1071104 100.246982
1073152 100.655431
1075200 102.328073
1077248 85.925107
1079296 102.263882
1081344 98.582893
1083392 100.629298
1085440 94.766973
1087488 100.420418
1089536 100.941583
1091584 102.674176
1093632 103.807695
1095680 102.216915
1097728 103.000817
1099776 103.349572
1101824 103.954862
1103872 106.197371
1105920 106.726322
1107968 103.722560
1110016 106.460944
1112064 104.181331
1114112 104.270269
1116160 106.446790
1118208 107.869074
1120256 107.289800
1122304 107.200788
1124352 107.871093
1126400 108.550165
1128448 107.601720
1130496 105.068145
1132544 102.968087
1134592 101.562610
1136640 105.987414
1138688 102.712406
1140736 99.885197
1142784 102.378313
1144832 105.127861
1146880 105.947658
1148928 105.240047
1150976 106.319496
1153024 107.035009
1155072 106.572385
1157120 104.263482
1159168 106.897349
1161216 106.185056
1163264 102.574585
1165312 102.243407
1167360 102.676137
1169408 101.660318
1171456 99.883546
1173504 101.444796
1175552 99.153640
1177600 101.789907
1179648 102.749747
1181696 101.481314
1183744 100.921890
1185792 102.526660
1187840 100.955687
1189888 101.472767
1191936 99.734168
1193984 93.583147
1196032 93.538737
1198080 93.935697
1200128 100.503560
1202176 99.001240
1204224 76.904733
1206272 94.089745
1208320 93.114651
1210368 94.028742
1212416 98.530140
1214464 98.246009
1216512 96.384996
1218560 97.615266
1220608 99.557244
1222656 102.508845
1224704 102.687297
1226752 104.405652
1228800 105.391824
1230848 103.317966
1232896 103.040241
1234944 105.934269
1236992 103.088094
1239040 101.948899
1241088 101.026801
1243136 103.502783
1245184 104.899955
1247232 102.876384
1249280 103.084113
1251328 103.808274
1253376 105.740284
1255424 104.680620
1257472 106.065655
1259520 104.671689
1261568 106.934004
1263616 103.947407
1265664 104.511250
1267712 106.378549
1269760 104.788943
1271808 104.697377
1273856 99.072830
1275904 102.640897
1277952 102.277416
1280000 103.769469
1282048 104.583337
1284096 101.617451
1286144 101.131859
1288192 100.007470
1290240 98.555979
1292288 97.120853
1294336 99.003988
1296384 97.237945
1298432 96.366495
1300480 97.404240
1302528 101.377281
1304576 100.649654
1306624 100.063186
1308672 101.380303
1310720 102.014821
1312768 102.037869
1314816 101.887376
1316864 102.370298
1318912 102.587869
1320960 102.818279
1323008 104.317354
1325056 106.732329
1327104 107.725302
1329152 104.506980
1331200 105.713916
1333248 106.107846
1335296 103.927704
1337344 100.575766
1339392 101.601867
1341440 101.855364
1343488 102.983693
1345536 101.508551
1347584 100.294354
1349632 102.527290
1351680 103.508166
1353728 102.979615
1355776 104.580276
1357824 105.811116
1359872 104.800278
1361920 106.786573
1363968 104.946194
1366016 104.599286
1368064 104.221707
1370112 104.195172
1372160 107.868855
1374208 104.841559
1376256 107.850750
1378304 106.400803
1380352 106.198026
1382400 106.868037
1384448 103.779539
1386496 105.434957
1388544 106.250365
1390592 106.991872
1392640 105.808371
1394688 106.798327
1396736 106.332693
1398784 109.063916
1400832 111.128556
1402880 110.983057
1404928 108.775199
1406976 109.592001
1409024 109.815106
1411072 111.271659
1413120 114.278269
1415168 114.083200
1417216 112.649248
1419264 112.627536
1421312 114.635769
1423360 113.539063
1425408 112.748447
1427456 110.605271
1429504 112.291157
1431552 115.311189
1433600 112.778540
1435648 113.484620
1437696 115.273562
1439744 114.399768
1441792 113.891054
1443840 114.879792
1445888 110.694325
1447936 113.665425
1449984 114.275632
1452032 114.622037
1454080 114.796115
1456128 113.785106
1458176 115.172243
1460224 116.027687
1462272 115.246914
1464320 117.768009
1466368 115.449738
1468416 114.326916
1470464 114.797208
1472512 114.691886
1474560 111.761246
1476608 113.209970
1478656 110.236683
1480704 112.421995
1482752 108.240964
1484800 109.121280
1486848 107.679198
1488896 107.187663
1490944 104.628484
1492992 105.843257
1495040 102.373479
1497088 102.139760
1499136 101.346016
1501184 97.656437
1503232 96.837924
1505280 101.652829
1507328 101.515230
1509376 102.836252
1511424 105.138416
1513472 106.693097
1515520 106.534678
1517568 106.190196
1519616 107.500071
1521664 107.291924
1523712 109.958274
1525760 105.912556
1527808 105.678022
1529856 108.408156
1531904 107.938212
1533952 109.438660
1536000 108.993521
1538048 107.802851
1540096 109.121756
1542144 108.905099
1544192 108.717626
1546240 109.279246
1548288 111.134500
1550336 112.204695
1552384 109.102628
1554432 106.882132
1556480 105.787029
1558528 104.931043
1560576 108.584414
1562624 108.350139
1564672 109.344469
1566720 109.636676
1568768 109.713126
1570816 107.824498
1572864 106.986567
1574912 106.894342
1576960 109.255292
1579008 108.609238
1581056 109.339981
1583104 108.661857
1585152 108.159343
1587200 108.366205
1589248 108.611103
1591296 107.525021
1593344 108.066700
1595392 107.688682
1597440 104.520196
1599488 102.180088
1601536 104.953277
1603584 104.286528
1605632 102.509108
1607680 103.450624
1609728 100.892034
1611776 103.268457
1613824 100.668871
1615872 100.687302
1617920 103.186939
1619968 104.514510
1622016 106.949615
1624064 106.045677
1626112 107.340243
1628160 105.142297
1630208 103.749600
1632256 105.485694
1634304 104.446925
1636352 87.189446
1638400 77.538261
1640448 85.639573
1642496 88.314329
1644544 94.171800
1646592 96.670132
1648640 99.117653
1650688 99.845300
1652736 96.154090
1654784 98.332737
1656832 97.094852
1658880 97.827481
1660928 96.783390
1662976 97.132100
1665024 95.511807
1667072 96.814224
1669120 95.835385
1671168 99.903078
1673216 100.954925
1675264 101.673978
1677312 100.980943
1679360 97.160952
1681408 97.461222
1683456 96.796665
1685504 96.385680
1687552 94.916718
1689600 94.738487
1691648 95.025036
1693696 95.669535
1695744 100.629677
1697792 101.555518
1699840 100.821972
1701888 100.212565
1703936 98.758537
1705984 99.180249
1708032 101.848230
1710080 102.395918
1712128 102.218781
1714176 103.016810
1716224 104.937338
1718272 104.015134
1720320 104.720746
1722368 103.697465
1724416 104.871662
1726464 106.555605
1728512 101.685286
1730560 105.015104
1732608 104.240678
1734656 107.421279
1736704 109.088932
1738752 109.426129
1740800 110.076209
1742848 109.269330
1744896 108.960197
1746944 107.051921
1748992 107.969162
1751040 106.190385
1753088 104.179703
1755136 105.070606
1757184 105.134570
1759232 102.814642
1761280 104.711322
1763328 104.211214
1765376 106.442876
1767424 106.757568
1769472 104.866874
1771520 105.641376
1773568 103.774722
1775616 103.374541
1777664 104.522762
1779712 105.818261
1781760 101.195181
1783808 95.973755
1785856 100.820593
1787904 101.555691
1789952 103.267731
1792000 106.066280
1794048 107.291044
1796096 108.866073
1798144 110.425629
1800192 110.238705
1802240 108.978853
1804288 108.537491
1806336 108.013149
1808384 107.796207
1810432 109.366387
1812480 111.934581
1814528 112.896609
1816576 111.544693
1818624 112.605833
1820672 112.242504
1822720 107.949115
1824768 111.240080
1826816 109.406984
1828864 109.665471
1830912 109.286028
1832960 109.065928
1835008 108.549419
1837056 106.795625
1839104 107.800921
1841152 110.331834
1843200 110.127822
1845248 114.622184
1847296 111.831627
1849344 114.262218
1851392 115.181817
1853440 112.737810
1855488 112.181272
1857536 112.701485
1859584 110.414720
1861632 110.937337
1863680 110.158117
1865728 111.746923
1867776 112.679533
1869824 114.897506
1871872 111.594907
1873920 110.965601
1875968 114.191354
1878016 114.035125
1880064 115.169676
1882112 115.306265
1884160 113.207276
1886208 111.662484
1888256 111.980628
1890304 110.172876
1892352 114.054286
1894400 113.466600
1896448 115.061563
1898496 88.976144
1900544 89.768121
1902592 99.219410
1904640 107.484048
1906688 106.428046
1908736 109.213857
1910784 111.273415
1912832 110.210284
1914880 110.912268
1916928 111.723553
1918976 109.327337
1921024 112.594538
1923072 111.598139
1925120 111.912701
1927168 110.848221
1929216 112.245944
1931264 112.895298
1933312 112.745293
1935360 113.937794
1937408 115.887805
1939456 111.722858
1941504 112.424970
1943552 116.478622
1945600 112.697463
1947648 104.204803
1949696 108.156607
1951744 109.403264
1953792 108.953076
1955840 110.628634
1957888 111.264544
1959936 110.427574
1961984 108.298613
1964032 111.660937
1966080 111.291445
1968128 111.655308
1970176 108.687632
1972224 104.723604
1974272 108.425008
1976320 110.252959
1978368 108.541611
1980416 109.143933
1982464 110.321969
1984512 109.861058
1986560 107.916033
1988608 108.423726
1990656 107.405166
1992704 109.816376
1994752 111.797862
1996800 110.025930
1998848 112.124639
2000896 108.732302
