2048 -7.716486
4096 -0.043241
6144 -1.713778
8192 7.401716
10240 8.968596
12288 12.188071
14336 16.704413
16384 13.160518
18432 16.058856
20480 14.487911
22528 18.460948
24576 21.298269
26624 20.122055
28672 20.846987
30720 19.985858
32768 18.293339
34816 18.921856
36864 18.169847
38912 22.180958
40960 24.058793
43008 37.191799
45056 30.473097
47104 31.177467
49152 28.105913
51200 32.641326
53248 34.382901
55296 36.789291
57344 35.173960
59392 33.130600
61440 35.145729
63488 34.247441
65536 35.983817
67584 36.150868
69632 36.989752
71680 37.076227
73728 37.905248
75776 37.328140
77824 38.648781
79872 37.068620
81920 36.831303
83968 36.960816
86016 36.192019
88064 36.272431
90112 36.377055
92160 35.657450
94208 36.034878
96256 34.919344
98304 37.894354
100352 35.689810
102400 37.204376
104448 39.133765
106496 38.583808
108544 39.246467
110592 38.908897
112640 40.348560
114688 42.903475
116736 43.791395
118784 44.900048
120832 45.678264
122880 44.266077
124928 45.574049
126976 44.131346
129024 48.859073
131072 44.068524
133120 44.031526
135168 40.574930
137216 51.498701
139264 47.890742
141312 55.925139
143360 57.435138
145408 56.198059
147456 65.816709
149504 63.503378
151552 64.134061
153600 68.534794
155648 69.064671
157696 72.391306
159744 74.025791
161792 71.149226
163840 71.658401
165888 78.127290
167936 76.262351
169984 82.169246
172032 81.871368
174080 77.856454
176128 79.236010
178176 83.801678
180224 86.649816
182272 86.981221
184320 85.779191
186368 83.525302
188416 82.779606
190464 85.149694
192512 87.199648
194560 85.997299
196608 83.571736
198656 84.363638
200704 90.216848
202752 88.674740
204800 87.332988
206848 87.182503
208896 92.982726
210944 91.439099
212992 92.886165
215040 93.068728
217088 92.566760
219136 94.556614
221184 91.807461
223232 92.302180
225280 93.755203
227328 91.416994
229376 93.066667
231424 93.937301
233472 93.536663
235520 99.879418
237568 99.118776
239616 98.570420
241664 100.710510
243712 100.129790
245760 97.924295
247808 97.016006
249856 102.192807
251904 100.312040
253952 98.464175
256000 100.767403
258048 96.715537
260096 101.336059
262144 101.216398
264192 101.535066
266240 102.512062
268288 102.312044
270336 100.338407
272384 100.151578
274432 98.189737
276480 97.165107
278528 96.118069
280576 92.440440
282624 92.294129
284672 96.904720
286720 93.738592
288768 96.533422
290816 96.369357
292864 99.707416
294912 102.751563
296960 104.662180
299008 104.774413
301056 106.096947
303104 100.820591
305152 102.826481
307200 103.926954
309248 100.979757
311296 100.512107
313344 101.184384
315392 102.703939
317440 101.592502
319488 102.395920
321536 106.028562
323584 105.788019
325632 105.706869
327680 103.895026
329728 107.267511
331776 105.472398
333824 105.225000
335872 106.785470
337920 107.607129
339968 106.544541
342016 106.759070
344064 109.672303
346112 108.990896
348160 107.740268
350208 107.206618
352256 108.827239
354304 106.604348
356352 104.599610
358400 102.972187
360448 103.950286
362496 105.423009
364544 105.995859
366592 104.561958
368640 104.720357
370688 105.925040
372736 104.976987
374784 105.820214
376832 104.362483
378880 104.315878
380928 106.707901
382976 108.909853
385024 108.499373
387072 107.792789
389120 105.493610
391168 106.972617
393216 104.311620
395264 106.310356
397312 108.463294
399360 107.902453
401408 107.304631
403456 104.847671
405504 96.523527
407552 94.675435
409600 96.354366
411648 99.526752
413696 100.740398
415744 101.205334
417792 101.282369
419840 99.171474
421888 101.189628
423936 103.903243
425984 101.440975
428032 102.139492
430080 101.628129
432128 105.037387
434176 102.820987
436224 103.154665
438272 102.953096
440320 103.359630
442368 102.371787
444416 100.304632
446464 99.909813
448512 99.820273
450560 101.892631
452608 99.746080
454656 100.390741
456704 101.209922
458752 102.360344
460800 102.010584
462848 102.792320
464896 105.500201
466944 103.479633
468992 101.694514
471040 99.416995
473088 101.198086
475136 99.882067
477184 98.701411
479232 98.528257
481280 95.351682
483328 97.041083
485376 97.381794
487424 95.840869
489472 95.720681
491520 97.718094
493568 98.106256
495616 99.270295
497664 100.878201
499712 100.139810
501760 98.306908
503808 99.048578
505856 94.799409
507904 95.524445
509952 95.289352
512000 94.332204
514048 94.537337
516096 95.817739
518144 97.658477
520192 99.180734
522240 98.695833
524288 99.679087
526336 100.113338
528384 99.671953
530432 102.499312
532480 104.462260
534528 105.232805
536576 106.465716
538624 106.470836
540672 106.343572
542720 106.717351
544768 107.296796
546816 105.500604
548864 105.799933
550912 105.872857
552960 105.890528
555008 106.787614
557056 103.541872
559104 105.753056
561152 106.487700
563200 100.448046
565248 104.701875
567296 102.075781
569344 104.692614
571392 101.176781
573440 102.736190
575488 102.177291
577536 101.465252
579584 102.211369
581632 102.651707
583680 101.532348
585728 102.223489
587776 101.493529
589824 105.592032
591872 103.465735
593920 105.025737
595968 105.350046
598016 104.456822
600064 106.122767
602112 102.571235
604160 103.319501
606208 102.353966
608256 102.827033
610304 104.068545
612352 103.693143
614400 106.194852
616448 107.621698
618496 108.960356
620544 107.960120
622592 105.052794
624640 102.895401
626688 105.804605
628736 103.610159
630784 103.589633
632832 103.751014
634880 106.204693
636928 105.092663
638976 106.399694
641024 105.330851
643072 104.816705
645120 103.180493
647168 104.860904
649216 102.872333
651264 101.585858
653312 100.938060
655360 103.386535
657408 103.822936
659456 104.522556
661504 105.954369
663552 106.545417
665600 106.530638
667648 103.580538
669696 102.752784
671744 103.690324
673792 104.311810
675840 108.487979
677888 107.921147
679936 109.674178
681984 109.610059
684032 110.526914
686080 108.032928
688128 104.962652
690176 103.818237
692224 102.881149
694272 106.532504
696320 106.182289
698368 105.666472
700416 103.254668
702464 106.006659
704512 102.889061
706560 104.638859
708608 104.625703
710656 106.085858
712704 107.877562
714752 108.914364
716800 106.692217
718848 107.342857
720896 106.491048
722944 107.508164
724992 110.227575
727040 108.550944
729088 111.838665
731136 112.689775
733184 111.895371
735232 111.688550
737280 116.227151
739328 114.055060
741376 118.009746
743424 115.736004
745472 118.034703
747520 116.440262
749568 116.952107
751616 115.741706
753664 115.736173
755712 116.589566
757760 120.489801
759808 116.977488
761856 120.772082
763904 119.107770
765952 116.745516
768000 115.288246
770048 116.792594
772096 117.082209
774144 114.387142
776192 116.919683
778240 117.580222
780288 117.222189
782336 114.688997
784384 114.876111
786432 118.349777
788480 118.095385
790528 117.504940
792576 118.071882
794624 115.583123
796672 117.972916
798720 118.445940
800768 118.348841
802816 116.443730
804864 115.224319
806912 118.146182
808960 116.407782
811008 118.223363
813056 118.784863
815104 118.553688
817152 120.434977
819200 119.174087
821248 118.422684
823296 119.353736
825344 117.864471
827392 116.922722
829440 120.749809
831488 119.631957
833536 117.392835
835584 118.220561
837632 118.421797
839680 116.019981
841728 117.454943
843776 114.706468
845824 115.467024
847872 114.803880
849920 114.303142
851968 112.583321
854016 111.580868
856064 109.590597
858112 110.386034
860160 105.300811
862208 108.894503
864256 111.307519
866304 113.539382
868352 113.425328
870400 114.967720
872448 113.237923
874496 115.519173
876544 114.299177
878592 110.966030
880640 114.935412
882688 110.100510
884736 113.000089
886784 115.022820
888832 113.955463
890880 110.276647
892928 108.961183
894976 110.979634
897024 111.965036
899072 111.015521
901120 109.154053
903168 109.584409
905216 108.824555
907264 110.854589
909312 110.527035
911360 110.855250
913408 111.433837
915456 111.592989
917504 108.302861
919552 113.624230
921600 113.962921
923648 114.154582
925696 112.959916
927744 112.667734
929792 113.790217
931840 112.165717
933888 114.830869
935936 115.152201
937984 115.620709
940032 113.487775
942080 109.692179
944128 110.971627
946176 113.908921
948224 111.004555
950272 109.931971
952320 110.388071
954368 107.566739
956416 108.055959
958464 103.459602
960512 102.466015
962560 88.070164
964608 90.134886
966656 97.551799
968704 102.122754
970752 99.252247
972800 103.099574
974848 101.404758
976896 105.307677
978944 106.109207
980992 108.481405
983040 108.793246
985088 107.920217
987136 109.513527
989184 111.476069
991232 110.470941
993280 111.205038
995328 113.172993
997376 112.826247
999424 111.797303
1001472 111.168371
1003520 107.740103
1005568 108.623658
1007616 103.210276
1009664 105.580927
1011712 107.684665
1013760 106.054284
1015808 104.299780
1017856 105.360672
1019904 106.895530
1021952 105.583366
1024000 101.821418
1026048 106.106975
1028096 104.563589
1030144 106.697910
1032192 107.524354
1034240 105.553223
1036288 103.420967
1038336 105.277794
1040384 107.854331
1042432 106.948669
1044480 106.506075
1046528 107.237300
1048576 105.298695
1050624 104.875957
1052672 104.313701
1054720 105.068067
1056768 108.148675
1058816 106.319556
1060864 106.216624
1062912 106.576968
1064960 108.854786
1067008 110.279994
1069056 110.453488
1071104 108.467325
1073152 111.969664
1075200 108.718558
1077248 109.957050
1079296 109.021281
1081344 112.118852
1083392 113.926435
1085440 112.248969
1087488 110.185555
1089536 111.179700
1091584 111.883495
1093632 111.358238
1095680 111.213560
1097728 114.373656
1099776 114.067681
1101824 113.275053
1103872 111.406937
1105920 110.707169
1107968 112.536910
1110016 110.634279
1112064 108.406887
1114112 108.127401
1116160 108.770450
1118208 107.919489
1120256 107.904477
1122304 111.096652
1124352 110.645702
1126400 109.222883
1128448 109.726409
1130496 110.671451
1132544 111.199443
1134592 111.708289
1136640 114.222271
1138688 115.722576
1140736 115.900357
1142784 116.454581
1144832 115.758303
1146880 115.514421
1148928 113.382185
1150976 109.267726
1153024 109.664304
1155072 110.715215
1157120 111.494906
1159168 113.123298
1161216 112.522656
1163264 111.452190
1165312 110.160310
1167360 108.485373
1169408 108.730769
1171456 109.126075
1173504 108.489150
1175552 109.682682
1177600 109.976553
1179648 110.012938
1181696 108.800907
1183744 113.155421
1185792 112.233478
1187840 114.511208
1189888 114.088390
1191936 112.129619
1193984 114.857477
1196032 110.959593
1198080 108.473318
1200128 111.103862
1202176 110.697129
1204224 112.212005
1206272 113.637313
1208320 113.536145
1210368 112.162460
1212416 112.699936
1214464 110.729014
1216512 111.252700
1218560 109.410361
1220608 109.404841
1222656 110.170778
1224704 109.533293
1226752 111.949326
1228800 112.313824
1230848 112.661854
1232896 112.067750
1234944 112.391897
1236992 112.511931
1239040 111.281809
1241088 111.794321
1243136 113.567830
1245184 111.843790
1247232 111.882858
1249280 111.034954
1251328 111.172717
1253376 112.198553
1255424 108.934707
1257472 109.965813
1259520 111.831767
1261568 110.180555
1263616 108.991972
1265664 107.550448
1267712 109.784654
1269760 110.379849
1271808 110.306843
1273856 108.694713
1275904 110.494527
1277952 111.402998
1280000 111.372405
1282048 110.220808
1284096 111.663379
1286144 113.236580
1288192 113.394252
1290240 111.075887
1292288 110.144953
1294336 107.533486
1296384 107.306876
1298432 109.301720
1300480 107.075293
1302528 109.633730
1304576 110.765990
1306624 110.735514
1308672 108.700741
1310720 110.189871
1312768 110.301613
1314816 110.330608
1316864 108.957588
1318912 108.407561
1320960 109.274194
1323008 109.474821
1325056 108.882744
1327104 110.285608
1329152 110.366928
1331200 112.056697
1333248 110.750353
1335296 111.645376
1337344 112.743511
1339392 116.105447
1341440 115.533746
1343488 114.192058
1345536 112.862275
1347584 112.706662
1349632 115.694223
1351680 116.088718
1353728 115.847672
1355776 116.315568
1357824 117.276442
1359872 116.693526
1361920 119.017025
1363968 118.287797
1366016 117.672975
1368064 115.915719
1370112 116.457028
1372160 115.837208
1374208 115.057250
1376256 116.499352
1378304 115.184704
1380352 115.630555
1382400 115.540340
1384448 115.921851
1386496 116.517788
1388544 117.174077
1390592 117.119208
1392640 115.583063
1394688 114.745268
1396736 113.110368
1398784 110.230916
1400832 102.614704
1402880 105.652804
1404928 111.204675
1406976 112.401309
1409024 112.486635
1411072 113.996772
1413120 113.453979
1415168 114.255723
1417216 114.808731
1419264 115.686257
1421312 117.794462
1423360 116.129082
1425408 115.802812
1427456 116.729558
1429504 114.323158
1431552 114.266342
1433600 115.461490
1435648 114.851618
1437696 117.467142
1439744 115.891439
1441792 116.444515
1443840 114.179954
1445888 115.662552
1447936 113.388350
1449984 114.413891
1452032 114.562876
1454080 114.247370
1456128 117.267985
1458176 113.766616
1460224 116.277214
1462272 117.052200
1464320 116.802757
1466368 118.075759
1468416 117.630614
1470464 118.830732
1472512 118.063285
1474560 117.372965
1476608 118.401457
1478656 116.159961
1480704 116.565849
1482752 117.525149
1484800 116.410850
1486848 118.163144
1488896 116.952814
1490944 117.323778
1492992 116.451751
1495040 114.600097
1497088 116.125995
1499136 117.304877
1501184 117.213822
1503232 115.681484
1505280 115.554060
1507328 120.341409
1509376 119.957766
1511424 118.991130
1513472 120.053187
1515520 118.390656
1517568 119.140065
1519616 116.540534
1521664 116.962909
1523712 118.668416
1525760 117.325159
1527808 116.190062
1529856 118.477431
1531904 118.080968
1533952 118.340378
1536000 117.004797
1538048 116.569610
1540096 117.139198
1542144 115.607133
1544192 118.389324
1546240 115.847371
1548288 117.058704
1550336 114.656911
1552384 115.119298
1554432 116.257523
1556480 116.107076
1558528 115.390592
1560576 115.084065
1562624 118.037270
1564672 114.941871
1566720 115.393751
1568768 113.773824
1570816 113.969873
1572864 116.923136
1574912 117.366400
1576960 115.998310
1579008 117.661161
1581056 118.681715
1583104 118.500711
1585152 119.663280
1587200 121.826935
1589248 120.943957
1591296 122.280582
1593344 122.721413
1595392 120.794649
1597440 121.513649
1599488 121.966972
1601536 123.457781
1603584 123.523387
1605632 123.914823
1607680 121.614134
1609728 122.974277
1611776 123.439421
1613824 123.279976
1615872 123.178426
1617920 122.675239
1619968 121.622383
1622016 121.296736
1624064 121.660870
1626112 116.198175
1628160 114.704020
1630208 109.591048
1632256 115.239748
1634304 115.145580
1636352 102.145462
1638400 94.493406
1640448 98.528356
1642496 100.429101
1644544 100.169055
1646592 101.523598
1648640 102.606932
1650688 104.493353
1652736 105.435130
1654784 111.315348
1656832 110.401195
1658880 108.689080
1660928 108.501503
1662976 112.039412
1665024 113.035052
1667072 113.486389
1669120 112.646187
1671168 112.560467
1673216 113.048835
1675264 112.838351
1677312 110.221887
1679360 107.285491
1681408 107.197949
1683456 112.194731
1685504 109.811991
1687552 110.706375
1689600 111.992649
1691648 110.853547
1693696 111.018221
1695744 112.992226
1697792 110.397343
1699840 106.532172
1701888 106.420170
1703936 108.335174
1705984 111.756525
1708032 109.944869
1710080 111.714968
1712128 114.530674
1714176 113.830246
1716224 113.143622
1718272 114.342121
1720320 114.287033
1722368 113.298329
1724416 115.312207
1726464 114.736524
1728512 116.320795
1730560 116.135734
1732608 116.130371
1734656 113.282172
1736704 116.317691
1738752 115.436326
1740800 115.635273
1742848 116.205297
1744896 114.941889
1746944 113.353906
1748992 110.884879
1751040 115.027619
1753088 116.710719
1755136 119.683175
1757184 118.300202
1759232 119.589152
1761280 114.877501
1763328 116.685726
1765376 114.074629
1767424 113.124295
1769472 111.744704
1771520 114.511298
1773568 114.352617
1775616 114.046921
1777664 115.133733
1779712 113.765373
1781760 115.683911
1783808 115.084478
1785856 114.176879
1787904 114.861325
1789952 112.059087
1792000 115.537689
1794048 114.706212
1796096 115.820760
1798144 113.494474
1800192 115.734555
1802240 115.840292
1804288 116.336800
1806336 118.509947
1808384 115.605918
1810432 115.532074
1812480 112.931000
1814528 108.258109
1816576 110.382298
1818624 111.275637
1820672 110.940338
1822720 112.398728
1824768 113.844015
1826816 115.729847
1828864 114.385775
1830912 118.928557
1832960 117.908560
1835008 117.974414
1837056 116.127787
1839104 117.010638
1841152 116.017334
1843200 114.707677
1845248 116.129275
1847296 116.761109
1849344 117.254162
1851392 117.455400
1853440 116.011940
1855488 116.233036
1857536 116.792723
1859584 118.487523
1861632 117.837508
1863680 117.775193
1865728 113.940614
1867776 116.206470
1869824 115.228256
1871872 113.703689
1873920 107.790393
1875968 110.222573
1878016 109.789565
1880064 110.477306
1882112 109.290545
1884160 112.320992
1886208 113.633893
1888256 111.162108
1890304 112.029737
1892352 112.845555
1894400 114.953572
1896448 113.902860
1898496 114.932817
1900544 111.533439
1902592 112.137560
1904640 106.266960
1906688 101.769023
1908736 104.217996
1910784 106.218281
1912832 105.541044
1914880 101.678425
1916928 105.874081
1918976 103.184003
1921024 104.143378
1923072 112.367744
1925120 112.158467
1927168 112.599314
1929216 112.194104
1931264 109.443760
1933312 111.243246
1935360 112.406615
1937408 111.308173
1939456 110.205658
1941504 111.040240
1943552 110.397394
1945600 111.239905
1947648 112.159187
1949696 114.158200
1951744 114.569142
1953792 114.415331
1955840 114.313344
1957888 115.459296
1959936 116.298055
1961984 117.349625
1964032 117.382959
1966080 115.036013
1968128 117.202735
1970176 118.860115
1972224 118.515512
1974272 118.530237
1976320 119.804396
1978368 119.003640
1980416 119.602431
1982464 116.986938
1984512 118.064594
1986560 118.907183
1988608 120.268054
1990656 119.315157
1992704 120.334734
1994752 119.399744
1996800 121.146925
1998848 120.032448
2000896 118.746638
