2048 10.714635
4096 27.999330
6144 26.061932
8192 19.691142
10240 22.302163
12288 21.616036
14336 21.827743
16384 19.762317
18432 15.979827
20480 17.852721
22528 22.617990
24576 21.042690
26624 16.850468
28672 14.166685
30720 26.229893
32768 35.277711
34816 33.435538
36864 28.852124
38912 32.132408
40960 32.380173
43008 29.476871
45056 29.547732
47104 28.601207
49152 29.905101
51200 29.941147
53248 21.700175
55296 36.041146
57344 35.961519
59392 35.483385
61440 35.113722
63488 37.040705
65536 36.734971
67584 36.427875
69632 35.782789
71680 35.120715
73728 28.379603
75776 38.697610
77824 32.199559
79872 36.051166
81920 36.023296
83968 30.430243
86016 33.108957
88064 27.562801
90112 27.354666
92160 37.795066
94208 38.482787
96256 37.861472
98304 40.109891
100352 34.392022
102400 33.488478
104448 39.689978
106496 39.068443
108544 33.365890
110592 40.754856
112640 38.912004
114688 40.864374
116736 40.913921
118784 39.406735
120832 40.584754
122880 35.903936
124928 39.052447
126976 42.352709
129024 45.552137
131072 43.548434
133120 42.938085
135168 43.896922
137216 44.094545
139264 44.865083
141312 44.840816
143360 47.822696
145408 46.379856
147456 46.646900
149504 46.066577
151552 47.676575
153600 51.194243
155648 49.517320
157696 47.856578
159744 48.739212
161792 51.118310
163840 47.923584
165888 51.238001
167936 52.219797
169984 51.323737
172032 54.159185
174080 55.067583
176128 56.420169
178176 57.249365
180224 57.786531
182272 60.238324
184320 60.531128
186368 61.063798
188416 62.098733
190464 61.782764
192512 62.692181
194560 64.295478
196608 64.734538
198656 64.722564
200704 66.117058
202752 64.241159
204800 68.786721
206848 67.353763
208896 68.573986
210944 69.180761
212992 70.345412
215040 67.845744
217088 64.801988
219136 50.170737
221184 55.312317
223232 66.964384
225280 62.805406
227328 67.493541
229376 67.116852
231424 69.422022
233472 70.576216
235520 71.511268
237568 71.643041
239616 68.742345
241664 75.317246
243712 72.324306
245760 72.126381
247808 71.856732
249856 69.695921
251904 71.039319
253952 73.820147
256000 71.614140
258048 70.599547
260096 68.001470
262144 72.489663
264192 75.739482
266240 73.191435
268288 78.491963
270336 78.263063
272384 79.210539
274432 81.761742
276480 79.986301
278528 81.871458
280576 81.995441
282624 79.751639
284672 78.540332
286720 71.467257
288768 73.190226
290816 71.254135
292864 74.189770
294912 74.313895
296960 76.055443
299008 75.742023
301056 78.679615
303104 75.788246
305152 22.065609
307200 12.002670
309248 58.211221
311296 66.375941
313344 69.266193
315392 73.048548
317440 74.626370
319488 74.256057
321536 75.520955
323584 74.518692
325632 74.936664
327680 77.405745
329728 82.309667
331776 83.957881
333824 85.852154
335872 83.082333
337920 82.341216
339968 86.476839
342016 90.365969
344064 91.688690
346112 90.656767
348160 89.693642
350208 91.235674
352256 88.964669
354304 85.907151
356352 86.111675
358400 80.527208
360448 77.788814
362496 31.883313
364544 73.072017
366592 77.292654
368640 77.771982
370688 77.000943
372736 77.661035
374784 78.953465
376832 67.928987
378880 52.551068
380928 65.145983
382976 71.615697
385024 48.781830
387072 68.617222
389120 76.851141
391168 78.088553
393216 83.496281
395264 82.385128
397312 83.232181
399360 83.329106
401408 86.739170
403456 88.701332
405504 89.176112
407552 90.655365
409600 92.787018
411648 92.770193
413696 88.960577
415744 88.236581
417792 89.095203
419840 85.872856
421888 90.914195
423936 83.919035
425984 85.288087
428032 82.049444
430080 80.254625
432128 79.736906
434176 70.073083
436224 78.795037
438272 83.016480
440320 80.216985
442368 74.006532
444416 80.519077
446464 90.429891
448512 83.457181
450560 81.483930
452608 85.034545
454656 80.117849
456704 75.978702
458752 75.967985
460800 69.308399
462848 67.534925
464896 69.791309
466944 73.797664
468992 71.394390
471040 70.835544
473088 71.800103
475136 74.613695
477184 68.713274
479232 73.896039
481280 73.249475
483328 76.766669
485376 77.994217
487424 78.228537
489472 76.264970
491520 79.937603
493568 80.742869
495616 84.617048
497664 84.684419
499712 90.603980
501760 91.592537
503808 89.762745
505856 90.853094
507904 86.888053
509952 89.137201
512000 89.481414
514048 86.746064
516096 85.027166
518144 86.584022
520192 83.840215
522240 86.774609
524288 88.793910
526336 91.838063
528384 89.242366
530432 84.387878
532480 87.756541
534528 90.371381
536576 92.276493
538624 91.484148
540672 89.367107
542720 85.808169
544768 89.511867
546816 91.801449
548864 91.785180
550912 93.703766
552960 93.433166
555008 95.407709
557056 95.157106
559104 96.303850
561152 92.461597
563200 92.247308
565248 94.996978
567296 96.982759
569344 90.867952
571392 92.820121
573440 88.210865
575488 93.957301
577536 97.247820
579584 97.369482
581632 97.491911
583680 99.767815
585728 98.084411
587776 102.777919
589824 103.700940
591872 102.663018
593920 102.949633
595968 103.335482
598016 96.487860
600064 93.461559
602112 88.973337
604160 85.682418
606208 94.577482
608256 92.827887
610304 86.992950
612352 94.215660
614400 97.267118
616448 97.414459
618496 94.934902
620544 95.902273
622592 93.705465
624640 94.352846
626688 89.167605
628736 93.438515
630784 91.268736
632832 90.930460
634880 90.142210
636928 89.911871
638976 92.740704
641024 94.754449
643072 92.676856
645120 88.709091
647168 93.231961
649216 91.675817
651264 96.654113
653312 95.079556
655360 92.810044
657408 92.926526
659456 91.592016
661504 90.102498
663552 90.506413
665600 91.186648
667648 91.584569
669696 90.375833
671744 89.434915
673792 84.689032
675840 89.978651
677888 83.821513
679936 87.873129
681984 76.571376
684032 71.396624
686080 81.474041
688128 82.182877
690176 81.352458
692224 83.606997
694272 85.585507
696320 86.439545
698368 91.827971
700416 90.536639
702464 91.443759
704512 91.565359
706560 91.894055
708608 89.715573
710656 91.584550
712704 91.337507
714752 91.442887
716800 88.277210
718848 88.647057
720896 89.976382
722944 88.201827
724992 88.255164
727040 89.029578
729088 89.172884
731136 88.889953
733184 88.801700
735232 89.734215
737280 92.301483
739328 93.031455
741376 91.860811
743424 90.557058
745472 91.144720
747520 89.155317
749568 90.685421
751616 90.190956
753664 90.801340
755712 89.773067
757760 92.470259
759808 91.047413
761856 89.454278
763904 92.322971
765952 90.506747
768000 91.168750
770048 92.366724
772096 92.458871
774144 92.370189
776192 93.243375
778240 95.332549
780288 94.509966
782336 95.064809
784384 96.202684
786432 94.920877
788480 96.449970
790528 94.897535
792576 95.411423
794624 97.171904
796672 97.214292
798720 97.254758
800768 96.989873
802816 100.361334
804864 98.204589
806912 98.083921
808960 99.335125
811008 98.363400
813056 97.814453
815104 96.537420
817152 97.508150
819200 98.771312
821248 98.490777
823296 95.499676
825344 94.556808
827392 93.083878
829440 97.805244
831488 97.100424
833536 98.106764
835584 99.392275
837632 93.373250
839680 92.000188
841728 92.013808
843776 68.387145
845824 74.047405
847872 76.932386
849920 82.454482
851968 74.410183
854016 60.283210
856064 68.894409
858112 70.568955
860160 87.119704
862208 86.544871
864256 86.294838
866304 90.094030
868352 90.986185
870400 90.886607
872448 91.347265
874496 92.746131
876544 95.666837
878592 95.633697
880640 95.655903
882688 97.342306
884736 98.706120
886784 100.109319
888832 100.885454
890880 101.857288
892928 102.273251
894976 103.938606
897024 105.156303
899072 105.221642
901120 105.362946
903168 103.412452
905216 101.405377
907264 100.776710
909312 101.238281
911360 101.427148
913408 102.266421
915456 100.178456
917504 102.653492
919552 103.295019
921600 103.577178
923648 102.414578
925696 104.852959
927744 103.421392
929792 96.901966
931840 96.965128
933888 98.043542
935936 98.745276
937984 97.926963
940032 98.506550
942080 100.610638
944128 100.740379
946176 102.244802
948224 101.024823
950272 102.396814
952320 99.352229
954368 98.628135
956416 98.266793
958464 98.057930
960512 100.621016
962560 104.135020
964608 106.592640
966656 104.398232
968704 103.513646
970752 101.627394
972800 104.580360
974848 104.306455
976896 104.751378
978944 104.472519
980992 106.129570
983040 105.444278
985088 104.848688
987136 103.180969
989184 103.440697
991232 102.483183
993280 104.215740
995328 105.566149
997376 105.874753
999424 103.837180
1001472 103.103456
1003520 105.074361
1005568 106.453900
1007616 104.587411
1009664 102.632573
1011712 104.506437
1013760 105.517541
1015808 104.839665
1017856 103.013045
1019904 103.587388
1021952 101.547321
1024000 101.092811
1026048 106.562928
1028096 105.154804
1030144 105.863225
1032192 103.046643
1034240 100.680048
1036288 107.040063
1038336 105.612595
1040384 107.443407
1042432 109.078579
1044480 109.194878
1046528 110.051653
1048576 107.289497
1050624 109.728697
1052672 111.093151
1054720 109.856236
1056768 111.998082
1058816 111.464664
1060864 112.050302
1062912 109.966788
1064960 110.583313
1067008 112.043859
1069056 110.811249
1071104 112.554818
1073152 112.107292
1075200 114.519864
1077248 115.764266
1079296 113.556782
1081344 110.383729
1083392 106.957609
1085440 108.222350
1087488 109.323582
1089536 110.510681
1091584 110.089934
1093632 108.589983
1095680 110.343279
1097728 109.455688
1099776 112.256686
1101824 107.066549
1103872 106.523201
1105920 105.646078
1107968 106.588093
1110016 107.912362
1112064 106.576702
1114112 107.853060
1116160 108.095241
1118208 107.731831
1120256 104.744989
1122304 105.693539
1124352 102.491298
1126400 106.681555
1128448 104.862286
1130496 106.860278
1132544 105.977395
1134592 104.156909
1136640 104.333908
1138688 105.023149
1140736 106.373089
1142784 103.779305
1144832 105.955021
1146880 105.389729
1148928 107.489564
1150976 103.081951
1153024 103.650406
1155072 98.612179
1157120 98.378448
1159168 93.078617
1161216 92.106853
1163264 88.606869
1165312 88.748550
1167360 82.417708
1169408 87.453169
1171456 88.556053
1173504 92.261278
1175552 90.805710
1177600 87.772196
1179648 83.714623
1181696 87.385001
1183744 88.165707
1185792 67.081967
1187840 92.556980
1189888 96.167093
1191936 100.060562
1193984 106.444032
1196032 105.313016
1198080 105.227307
1200128 105.521566
1202176 107.624311
1204224 107.198863
1206272 110.694148
1208320 108.142340
1210368 110.413097
1212416 107.458623
1214464 107.600474
1216512 108.199696
1218560 100.793763
1220608 47.466033
1222656 101.814923
1224704 100.541808
1226752 91.174616
1228800 103.576500
1230848 108.643947
1232896 108.678527
1234944 110.610247
1236992 110.891434
1239040 106.015388
1241088 108.227689
1243136 108.047829
1245184 107.627884
1247232 105.898723
1249280 105.818089
1251328 108.323446
1253376 108.969492
1255424 108.138810
1257472 109.004547
1259520 109.427791
1261568 109.183294
1263616 112.379211
1265664 111.575870
1267712 111.040495
1269760 110.282441
1271808 98.733595
1273856 113.170020
1275904 108.780908
1277952 110.144293
1280000 113.322914
1282048 113.943327
1284096 112.452119
1286144 113.782773
1288192 114.524680
1290240 110.873106
1292288 114.003639
1294336 111.799891
1296384 109.526179
1298432 110.844122
1300480 112.453593
1302528 114.366425
1304576 113.332733
1306624 113.369903
1308672 114.470271
1310720 111.363840
1312768 113.218578
1314816 113.201907
1316864 112.268494
1318912 107.607772
1320960 109.481830
1323008 110.675802
1325056 110.746249
1327104 108.576474
1329152 108.614651
1331200 105.847563
1333248 104.412434
1335296 104.254748
1337344 102.802867
1339392 103.354798
1341440 104.503781
1343488 107.033840
1345536 110.520258
1347584 99.434233
1349632 92.362032
1351680 97.058486
1353728 97.574319
1355776 93.255373
1357824 99.231454
1359872 105.318798
1361920 105.066060
1363968 104.576849
1366016 109.395196
1368064 105.342309
1370112 106.420616
1372160 109.090625
1374208 109.848774
1376256 112.028838
1378304 110.636283
1380352 111.318770
1382400 112.370183
1384448 114.542640
1386496 115.827241
1388544 111.218129
1390592 110.577242
1392640 113.600362
1394688 111.195455
1396736 110.096907
1398784 107.352652
1400832 107.779174
1402880 105.068753
1404928 105.909344
1406976 110.055507
1409024 107.795018
1411072 108.394289
1413120 106.419668
1415168 106.228084
1417216 101.444419
1419264 100.485014
1421312 101.593414
1423360 99.734340
1425408 80.510128
1427456 86.048332
1429504 81.820020
1431552 71.861037
1433600 53.345493
1435648 85.098163
1437696 90.721641
1439744 77.955876
1441792 96.259178
1443840 97.344329
1445888 97.210756
1447936 105.677350
1449984 105.224506
1452032 103.259995
1454080 104.632714
1456128 107.843934
1458176 110.273142
1460224 109.054582
1462272 105.744015
1464320 105.202023
1466368 105.199275
1468416 107.830673
1470464 104.425138
1472512 103.863073
1474560 102.242289
1476608 104.012985
1478656 108.081875
1480704 106.202531
1482752 103.629800
1484800 103.863116
1486848 104.030905
1488896 102.468599
1490944 103.708688
1492992 103.054887
1495040 103.186276
1497088 106.355277
1499136 103.270867
1501184 102.252769
1503232 103.902366
1505280 102.850291
1507328 100.240523
1509376 104.329325
1511424 103.816918
1513472 107.324996
1515520 106.583034
1517568 107.608278
1519616 103.362156
1521664 104.188803
1523712 101.242779
1525760 96.647290
1527808 96.783783
1529856 96.016139
1531904 98.128018
1533952 103.488530
1536000 99.415294
1538048 102.008173
1540096 101.933092
1542144 104.870392
1544192 105.453360
1546240 109.888885
1548288 108.909450
1550336 108.369650
1552384 108.703069
1554432 108.566678
1556480 109.851417
1558528 113.260967
1560576 112.395905
1562624 109.942908
1564672 112.585764
1566720 109.902532
1568768 113.389889
1570816 110.308915
1572864 113.233502
1574912 112.170071
1576960 111.040937
1579008 108.318421
1581056 106.772301
1583104 108.194016
1585152 107.430958
1587200 111.761208
1589248 112.351286
1591296 109.035598
1593344 112.914466
1595392 111.538551
1597440 106.264744
1599488 105.628232
1601536 102.820726
1603584 102.132205
1605632 99.367163
1607680 102.877094
1609728 103.602720
1611776 103.262027
1613824 103.054456
1615872 102.903825
1617920 99.187649
1619968 100.407881
1622016 99.088267
1624064 95.486718
1626112 100.128305
1628160 99.750708
1630208 101.004340
1632256 103.168429
1634304 104.167962
1636352 102.617932
1638400 99.714781
1640448 105.802821
1642496 105.898778
1644544 103.486729
1646592 105.962710
1648640 107.205514
1650688 105.131940
1652736 109.551158
1654784 109.755726
1656832 109.489106
1658880 111.361917
1660928 108.559499
1662976 109.237209
1665024 110.089807
1667072 108.294202
1669120 111.305102
1671168 108.581583
1673216 105.790606
1675264 108.058029
1677312 108.366919
1679360 103.051817
1681408 107.680731
1683456 105.118862
1685504 101.909854
1687552 101.929661
1689600 104.728596
1691648 108.284188
1693696 106.565908
1695744 101.512094
1697792 104.833933
1699840 102.095790
1701888 105.255554
1703936 108.197553
1705984 112.417069
1708032 111.609642
1710080 110.569402
1712128 115.516524
1714176 112.644364
1716224 112.011831
1718272 112.818897
1720320 111.121048
1722368 109.481869
1724416 107.296832
1726464 108.228652
1728512 110.134920
1730560 108.908362
1732608 106.482626
1734656 101.935870
1736704 104.336781
1738752 102.647566
1740800 102.487813
1742848 101.667383
1744896 103.093940
1746944 99.871170
1748992 92.837623
1751040 88.766352
1753088 42.947435
1755136 72.476107
1757184 77.032420
1759232 96.043037
1761280 82.681357
1763328 99.082511
1765376 95.605916
1767424 94.461459
1769472 93.789572
1771520 95.320527
1773568 91.355235
1775616 95.947292
1777664 98.864659
1779712 102.831485
1781760 102.528004
1783808 101.004315
1785856 102.730821
1787904 103.153096
1789952 106.295208
1792000 104.512201
1794048 104.078809
1796096 107.865191
1798144 106.768991
1800192 108.684891
1802240 107.967406
1804288 108.854065
1806336 107.028943
1808384 104.484447
1810432 104.985360
1812480 104.160529
1814528 104.777907
1816576 107.499690
1818624 106.063623
1820672 104.161475
1822720 105.111907
1824768 104.426816
1826816 104.942347
1828864 109.089622
1830912 105.031317
1832960 108.104886
1835008 106.055748
1837056 108.167178
1839104 106.609803
1841152 106.031461
1843200 106.640773
1845248 107.391510
1847296 105.746744
1849344 107.650357
1851392 105.631506
1853440 104.732648
1855488 108.650629
1857536 108.885032
1859584 109.697018
1861632 108.354954
1863680 110.701468
1865728 108.780831
1867776 108.563187
1869824 108.733677
1871872 106.340512
1873920 105.736582
1875968 106.100311
1878016 107.110485
1880064 103.510224
1882112 101.527556
1884160 99.235329
1886208 98.050091
1888256 97.377200
1890304 99.992119
1892352 104.184436
1894400 106.090121
1896448 105.136583
1898496 106.598654
1900544 103.954861
1902592 106.988685
1904640 107.105628
1906688 101.812991
1908736 104.545329
1910784 101.454293
1912832 99.615643
1914880 97.199365
1916928 101.688304
1918976 99.299258
1921024 95.129698
1923072 98.455791
1925120 99.595587
1927168 100.175437
1929216 103.084869
1931264 104.572876
1933312 104.242457
1935360 102.934361
1937408 105.362811
1939456 106.159695
1941504 106.969244
1943552 108.471971
1945600 109.376873
1947648 109.286634
1949696 108.931602
1951744 109.282028
1953792 108.727061
1955840 109.336194
1957888 108.747712
1959936 110.425480
1961984 106.290677
1964032 106.287119
1966080 105.369278
1968128 106.901268
1970176 105.102583
1972224 105.957905
1974272 104.817025
1976320 103.118425
1978368 104.068218
1980416 104.532485
1982464 104.910876
1984512 104.785059
1986560 101.239043
1988608 103.054375
1990656 105.523321
1992704 109.252262
1994752 108.294647
1996800 106.773938
1998848 102.355271
2000896 107.700462
