2048 4.335990
4096 -6.199263
6144 -4.214537
8192 17.051399
10240 19.805505
12288 25.422681
14336 25.475790
16384 23.436365
18432 25.690103
20480 28.820910
22528 32.633478
24576 33.851020
26624 35.312663
28672 34.133345
30720 34.689923
32768 36.590781
34816 33.354244
36864 38.539727
38912 35.653953
40960 36.223729
43008 36.544930
45056 35.104180
47104 37.625063
49152 35.895272
51200 35.321185
53248 35.970156
55296 36.092390
57344 37.554446
59392 38.207327
61440 37.829172
63488 36.167203
65536 36.180445
67584 35.266239
69632 35.086942
71680 36.248332
73728 36.869125
75776 37.452914
77824 37.404881
79872 34.419428
81920 37.101707
83968 37.253687
86016 36.062153
88064 37.247892
90112 37.685173
92160 37.762696
94208 37.818654
96256 36.781334
98304 35.804576
100352 36.948063
102400 38.390222
104448 37.358831
106496 36.877252
108544 38.197220
110592 38.702597
112640 38.013519
114688 37.316980
116736 38.848009
118784 36.685371
120832 39.075283
122880 39.550186
124928 39.350441
126976 38.957831
129024 39.856209
131072 39.799521
133120 40.943826
135168 40.040281
137216 39.082430
139264 39.253590
141312 40.320664
143360 40.261668
145408 40.722735
147456 41.466340
149504 34.565034
151552 40.035476
153600 42.197949
155648 42.721013
157696 43.195531
159744 45.385796
161792 46.083248
163840 45.376879
165888 46.196645
167936 49.425182
169984 48.689464
172032 47.025739
174080 49.318547
176128 50.439741
178176 50.668264
180224 50.945707
182272 54.233456
184320 54.319116
186368 51.693720
188416 50.614903
190464 54.035145
192512 53.023759
194560 54.464417
196608 57.043813
198656 58.634690
200704 61.581480
202752 63.334896
204800 61.946343
206848 57.454123
208896 45.080658
210944 32.417327
212992 49.379784
215040 33.961929
217088 47.154840
219136 31.014541
221184 40.640547
223232 43.584239
225280 40.248175
227328 27.451541
229376 40.718357
231424 53.337167
233472 49.394996
235520 59.392179
237568 55.018483
239616 64.317079
241664 68.738968
243712 70.535522
245760 69.776245
247808 70.375867
249856 68.986969
251904 68.968490
253952 70.739359
256000 71.004125
258048 70.638684
260096 69.816774
262144 72.451473
264192 71.563657
266240 72.122322
268288 71.661970
270336 74.497128
272384 73.919267
274432 76.378787
276480 77.528350
278528 79.067607
280576 74.940129
282624 56.993377
284672 41.789158
286720 46.474255
288768 57.598377
290816 50.323885
292864 67.457785
294912 65.016487
296960 53.816073
299008 46.552708
301056 60.230491
303104 63.670436
305152 53.389930
307200 71.700824
309248 45.773610
311296 53.750315
313344 57.231682
315392 59.259127
317440 57.824441
319488 74.320298
321536 66.283927
323584 64.262354
325632 61.123926
327680 69.445220
329728 59.853270
331776 63.198581
333824 71.653264
335872 72.001649
337920 46.716690
339968 73.290958
342016 63.071969
344064 53.762156
346112 73.552085
348160 70.251036
350208 63.267964
352256 83.554112
354304 78.887839
356352 39.914541
358400 57.937484
360448 74.059760
362496 76.082391
364544 71.419254
366592 68.641636
368640 75.575078
370688 67.538481
372736 83.672539
374784 85.587143
376832 57.110308
378880 73.107504
380928 86.135134
382976 87.498145
385024 85.159065
387072 89.620724
389120 86.072074
391168 89.202192
393216 86.410149
395264 82.706140
397312 83.344775
399360 84.197432
401408 82.556232
403456 85.764976
405504 76.129164
407552 73.657327
409600 84.313787
411648 79.428958
413696 83.341147
415744 86.669070
417792 87.856340
419840 85.067007
421888 83.531918
423936 87.969248
425984 86.050121
428032 84.701635
430080 85.914361
432128 81.307407
434176 86.950456
436224 86.132334
438272 88.016991
440320 77.145246
442368 90.481841
444416 90.097840
446464 90.249720
448512 88.975338
450560 90.425048
452608 82.253642
454656 94.038215
456704 91.057740
458752 91.620743
460800 95.987741
462848 88.852422
464896 93.150967
466944 89.388857
468992 92.285112
471040 91.687850
473088 99.113054
475136 100.094110
477184 91.776006
479232 87.308448
481280 92.911606
483328 100.641915
485376 101.012294
487424 98.053576
489472 99.351655
491520 101.559606
493568 100.657900
495616 100.410317
497664 102.598155
499712 100.304029
501760 98.711324
503808 95.299459
505856 98.050128
507904 102.431791
509952 103.966196
512000 100.185971
514048 97.394512
516096 93.998377
518144 98.138984
520192 100.381168
522240 94.874087
524288 100.274297
526336 100.815295
528384 99.991751
530432 96.341058
532480 96.292176
534528 95.989856
536576 97.223359
538624 102.058181
540672 97.353353
542720 98.571891
544768 103.561586
546816 102.148131
548864 99.975682
550912 101.410224
552960 100.026588
555008 99.010939
557056 99.729112
559104 100.434281
561152 100.763285
563200 99.564290
565248 100.699165
567296 102.440563
569344 97.493200
571392 96.143581
573440 100.247422
575488 99.812892
577536 101.668472
579584 102.059460
581632 100.034977
583680 99.960427
585728 102.661319
587776 100.338402
589824 100.162245
591872 96.845449
593920 98.619689
595968 101.324104
598016 102.845836
600064 99.550374
602112 100.214379
604160 101.138703
606208 104.612386
608256 95.691998
610304 102.098553
612352 97.831781
614400 104.333679
616448 103.750291
618496 104.178776
620544 102.389550
622592 103.212698
624640 103.168981
626688 101.249061
628736 99.485576
630784 96.623100
632832 98.540568
634880 99.413051
636928 100.316662
638976 99.053968
641024 99.549581
643072 95.064625
645120 96.572409
647168 101.791513
649216 102.240307
651264 102.251754
653312 99.495690
655360 101.829685
657408 97.186621
659456 99.619712
661504 95.214454
663552 100.567406
665600 99.353335
667648 102.270963
669696 107.419049
671744 100.889361
673792 102.095013
675840 102.670569
677888 105.990950
679936 104.447361
681984 103.569992
684032 105.765447
686080 104.254761
688128 108.209686
690176 109.760133
692224 106.497774
694272 105.331342
696320 102.103300
698368 102.884339
700416 102.514341
702464 103.280543
704512 103.008855
706560 101.960313
708608 105.275305
710656 105.536305
712704 105.113141
714752 103.112051
716800 104.893996
718848 88.711482
720896 98.821512
722944 102.671572
724992 101.155652
727040 106.554758
729088 105.647649
731136 101.610811
733184 103.021699
735232 101.615424
737280 103.878494
739328 104.650380
741376 105.324837
743424 105.676227
745472 103.431717
747520 104.165318
749568 101.606055
751616 102.531448
753664 99.840296
755712 99.607654
757760 98.276761
759808 101.679827
761856 102.528938
763904 104.240047
765952 102.747058
768000 101.919889
770048 103.719091
772096 100.546404
774144 102.113129
776192 102.344665
778240 98.020827
780288 97.373301
782336 94.905212
784384 100.262490
786432 98.906597
788480 100.005551
790528 100.919202
792576 99.604359
794624 101.928632
796672 99.378663
798720 98.537506
800768 96.420338
802816 99.709055
804864 95.864257
806912 97.328081
808960 99.877413
811008 96.240629
813056 97.102220
815104 94.707793
817152 96.827931
819200 96.773753
821248 100.439537
823296 97.567438
825344 92.084355
827392 95.226533
829440 93.788377
831488 90.998407
833536 95.523614
835584 96.364327
837632 95.861927
839680 92.368753
841728 89.963051
843776 89.106666
845824 93.095073
847872 89.980687
849920 93.126615
851968 95.796568
854016 94.740272
856064 94.923874
858112 96.912764
860160 96.895777
862208 98.859196
864256 100.501516
866304 95.962752
868352 95.572152
870400 99.334799
872448 97.505479
874496 95.943120
876544 98.036038
878592 102.014153
880640 100.202876
882688 100.931395
884736 101.468547
886784 100.757327
888832 103.954275
890880 101.157315
892928 99.438800
894976 102.252695
897024 99.442123
899072 100.061371
901120 98.622356
903168 102.366009
905216 100.982873
907264 99.454664
909312 101.982401
911360 96.158472
913408 99.067594
915456 99.177312
917504 99.998716
919552 99.059932
921600 101.367687
923648 99.457918
925696 98.004743
927744 95.475380
929792 95.461206
931840 96.698275
933888 98.817473
935936 97.444604
937984 100.008740
940032 100.410659
942080 98.249461
944128 98.242245
946176 95.030071
948224 96.405639
950272 96.818055
952320 97.012505
954368 98.555930
956416 98.463751
958464 99.370042
960512 95.167768
962560 97.299669
964608 98.017871
966656 94.057493
968704 96.375314
970752 95.759627
972800 96.712380
974848 98.756281
976896 100.525525
978944 100.069344
980992 102.224067
983040 99.318589
985088 103.030693
987136 99.106304
989184 100.699433
991232 97.576623
993280 100.244365
995328 101.382008
997376 102.029472
999424 104.678017
1001472 103.398533
1003520 102.540971
1005568 101.691295
1007616 101.891966
1009664 101.708842
1011712 99.855623
1013760 100.425238
1015808 103.157811
1017856 102.549358
1019904 102.792283
1021952 103.038718
1024000 90.385816
1026048 95.954695
1028096 95.206621
1030144 87.828607
1032192 86.522873
1034240 80.314162
1036288 83.813195
1038336 89.920493
1040384 94.962508
1042432 97.772532
1044480 93.404693
1046528 97.465793
1048576 98.380803
1050624 100.629626
1052672 94.671305
1054720 100.086097
1056768 99.779885
1058816 101.418381
1060864 98.156595
1062912 98.961265
1064960 98.333159
1067008 99.067653
1069056 98.906396
1071104 99.046951
1073152 100.854188
1075200 100.303371
1077248 101.193675
1079296 99.135168
1081344 103.393676
1083392 99.416918
1085440 99.475502
1087488 98.283679
1089536 96.117472
1091584 93.888113
1093632 98.103385
1095680 99.330758
1097728 100.568726
1099776 100.214915
1101824 102.042151
1103872 101.777805
1105920 104.843305
1107968 102.297034
1110016 99.877873
1112064 101.198014
1114112 98.288880
1116160 98.461532
1118208 98.625525
1120256 97.277293
1122304 98.581387
1124352 99.034805
1126400 98.280304
1128448 100.194984
1130496 97.604019
1132544 97.234966
1134592 97.384768
1136640 98.436683
1138688 100.776437
1140736 99.005068
1142784 98.739279
1144832 98.615974
1146880 98.757956
1148928 100.758651
1150976 96.722321
1153024 97.614007
1155072 100.277963
1157120 98.991243
1159168 99.273598
1161216 100.609458
1163264 101.618003
1165312 99.205614
1167360 99.558329
1169408 101.930436
1171456 102.803898
1173504 101.727142
1175552 104.432544
1177600 102.441010
1179648 101.287651
1181696 101.862595
1183744 99.072253
1185792 99.549093
1187840 98.958612
1189888 98.364167
1191936 100.620615
1193984 99.731837
1196032 98.100799
1198080 97.521234
1200128 102.557552
1202176 97.336297
1204224 101.471960
1206272 101.349079
1208320 101.954626
1210368 99.984400
1212416 100.279531
1214464 96.714815
1216512 96.890404
1218560 99.806583
1220608 99.256636
1222656 100.008195
1224704 100.222359
1226752 97.458835
1228800 98.558569
1230848 101.287146
1232896 100.096243
1234944 103.598339
1236992 101.762543
1239040 102.739245
1241088 104.229608
1243136 101.839072
1245184 104.522884
1247232 104.876107
1249280 106.316123
1251328 106.232233
1253376 108.458980
1255424 110.006335
1257472 109.748921
1259520 104.048398
1261568 106.171413
1263616 107.497165
1265664 108.509992
1267712 104.183384
1269760 106.910368
1271808 105.412083
1273856 107.122053
1275904 107.866107
1277952 103.702171
1280000 109.188799
1282048 108.149347
1284096 109.082721
1286144 103.244940
1288192 102.017315
1290240 104.026913
1292288 106.706143
1294336 108.644204
1296384 107.649349
1298432 105.616295
1300480 102.969100
1302528 102.144329
1304576 104.753411
1306624 105.925364
1308672 99.749596
1310720 101.361309
1312768 101.913258
1314816 106.221013
1316864 104.866194
1318912 106.223583
1320960 104.952231
1323008 104.532303
1325056 105.532480
1327104 104.671482
1329152 104.085046
1331200 105.165982
1333248 105.264298
1335296 106.228390
1337344 104.714173
1339392 102.550694
1341440 101.843935
1343488 103.943679
1345536 100.892518
1347584 102.842644
1349632 101.391530
1351680 104.260356
1353728 102.127882
1355776 103.025239
1357824 101.920151
1359872 101.078686
1361920 103.982438
1363968 105.612389
1366016 104.055065
1368064 100.858159
1370112 106.012491
1372160 104.037259
1374208 107.192026
1376256 107.346885
1378304 105.403580
1380352 102.500103
1382400 106.296833
1384448 106.906791
1386496 105.160009
1388544 104.288570
1390592 104.173633
1392640 103.283766
1394688 100.015341
1396736 102.507942
1398784 101.514087
1400832 101.011145
1402880 101.048958
1404928 103.481070
1406976 96.964270
1409024 102.982075
1411072 101.245380
1413120 103.296656
1415168 100.361793
1417216 103.167002
1419264 99.500501
1421312 105.863279
1423360 102.142139
1425408 100.686613
1427456 100.327946
1429504 99.631177
1431552 100.774709
1433600 97.837900
1435648 102.185532
1437696 102.227132
1439744 98.228835
1441792 100.502722
1443840 101.641076
1445888 100.399435
1447936 102.287713
1449984 100.068923
1452032 102.555805
1454080 101.366136
1456128 103.220240
1458176 103.213775
1460224 104.485480
1462272 104.518168
1464320 102.018471
1466368 101.798128
1468416 101.181328
1470464 107.063323
1472512 104.834014
1474560 106.057714
1476608 106.884105
1478656 108.810299
1480704 106.581524
1482752 105.475462
1484800 104.291941
1486848 102.804605
1488896 100.900487
1490944 101.267595
1492992 102.680794
1495040 101.061891
1497088 96.996010
1499136 96.365465
1501184 98.189594
1503232 101.706997
1505280 102.996749
1507328 103.265455
1509376 105.178285
1511424 102.355541
1513472 101.996393
1515520 102.379649
1517568 102.961318
1519616 106.072567
1521664 102.705556
1523712 103.996666
1525760 103.604404
1527808 103.084364
1529856 102.290388
1531904 103.193385
1533952 104.027651
1536000 104.356326
1538048 106.802171
1540096 103.996554
1542144 106.104248
1544192 105.184143
1546240 106.097496
1548288 106.482376
1550336 105.267170
1552384 102.347046
1554432 98.727120
1556480 102.904613
1558528 104.858389
1560576 105.958079
1562624 104.295870
1564672 106.621277
1566720 105.961744
1568768 105.422782
1570816 105.322210
1572864 103.746022
1574912 102.744496
1576960 103.030316
1579008 103.509550
1581056 106.515799
1583104 106.369872
1585152 101.723380
1587200 101.782823
1589248 103.928844
1591296 103.342169
1593344 108.814769
1595392 105.576379
1597440 108.056172
1599488 107.679601
1601536 107.073348
1603584 106.025302
1605632 105.278287
1607680 108.569938
1609728 107.398963
1611776 108.352083
1613824 108.014494
1615872 109.591614
1617920 108.129919
1619968 111.301300
1622016 108.456332
1624064 105.001405
1626112 108.125217
1628160 108.709537
1630208 107.188317
1632256 107.150094
1634304 104.022498
1636352 104.568013
1638400 104.140862
1640448 108.300199
1642496 107.963100
1644544 109.170498
1646592 105.709045
1648640 108.270418
1650688 111.044091
1652736 110.236307
1654784 111.342359
1656832 106.638644
1658880 107.084910
1660928 107.718398
1662976 108.242688
1665024 108.885375
1667072 108.543651
1669120 109.284220
1671168 110.525201
1673216 109.633788
1675264 108.035044
1677312 108.118216
1679360 107.579384
1681408 107.410586
1683456 109.460311
1685504 109.913590
1687552 110.547627
1689600 109.248803
1691648 110.049643
1693696 107.190579
1695744 108.132629
1697792 111.687118
1699840 109.859598
1701888 110.179118
1703936 113.994731
1705984 110.626491
1708032 106.546189
1710080 110.062117
1712128 106.627278
1714176 110.062736
1716224 110.641305
1718272 108.551446
1720320 109.962366
1722368 106.598729
1724416 107.384396
1726464 108.416519
1728512 106.088722
1730560 109.371151
1732608 109.063435
1734656 103.778373
1736704 107.923497
1738752 107.207172
1740800 104.843181
1742848 105.093718
1744896 107.085976
1746944 107.254255
1748992 109.713289
1751040 107.051446
1753088 111.394621
1755136 109.372725
1757184 111.062473
1759232 109.359881
1761280 108.267736
1763328 107.321597
1765376 107.179703
1767424 104.883502
1769472 106.712631
1771520 107.491531
1773568 108.590231
1775616 107.105809
1777664 106.183060
1779712 105.324955
1781760 107.771751
1783808 104.409615
1785856 104.934921
1787904 102.023193
1789952 106.525605
1792000 106.205271
1794048 106.208036
1796096 106.594891
1798144 107.342113
1800192 105.670571
1802240 107.719382
1804288 106.782741
1806336 107.128365
1808384 106.970556
1810432 106.017094
1812480 110.320125
1814528 106.595448
1816576 108.938250
1818624 105.733019
1820672 105.719722
1822720 105.363687
1824768 103.581492
1826816 101.888549
1828864 106.137853
1830912 105.605378
1832960 105.365923
1835008 105.612683
1837056 103.459130
1839104 101.889608
1841152 104.184560
1843200 104.687907
1845248 101.278225
1847296 104.597352
1849344 98.838480
1851392 99.135013
1853440 96.616493
1855488 98.247570
1857536 99.227577
1859584 98.260415
1861632 99.571585
1863680 96.655435
1865728 96.242858
1867776 95.033768
1869824 97.441323
1871872 97.855714
1873920 99.674113
1875968 100.161392
1878016 101.849981
1880064 102.496691
1882112 101.712848
1884160 97.827776
1886208 101.108266
1888256 100.696665
1890304 103.055945
1892352 104.148627
1894400 105.085622
1896448 105.981570
1898496 105.657301
1900544 107.100219
1902592 104.890543
1904640 103.664560
1906688 107.076610
1908736 109.831545
1910784 104.897678
1912832 105.504779
1914880 106.507151
1916928 103.699093
1918976 108.081463
1921024 107.325009
1923072 106.664501
1925120 107.403620
1927168 107.966680
1929216 106.181317
1931264 108.251773
1933312 105.589830
1935360 106.276765
1937408 106.731237
1939456 107.867108
1941504 104.780643
1943552 106.411927
1945600 106.878345
1947648 106.915939
1949696 109.886172
1951744 105.496435
1953792 106.014556
1955840 105.254788
1957888 106.529910
1959936 106.448387
1961984 107.537155
1964032 104.425566
1966080 103.330984
1968128 107.020817
1970176 105.908185
1972224 107.151361
1974272 107.003351
1976320 107.851495
1978368 108.169119
1980416 106.728615
1982464 104.599488
1984512 103.855336
1986560 104.352801
1988608 106.634594
1990656 103.157324
1992704 102.899339
1994752 104.109631
1996800 104.764662
1998848 106.961593
2000896 105.741968
