2048 -7.536671
4096 -1.411037
6144 1.449885
8192 13.559922
10240 26.576625
12288 22.967242
14336 20.737312
16384 20.410056
18432 25.363403
20480 26.696933
22528 30.874359
24576 31.940774
26624 34.630646
28672 35.613329
30720 35.361550
32768 37.107432
34816 35.776882
36864 35.833413
38912 36.365078
40960 35.937638
43008 39.014688
45056 37.126505
47104 34.079370
49152 33.118982
51200 33.718552
53248 34.311219
55296 31.266262
57344 31.583301
59392 32.507991
61440 33.358845
63488 31.361191
65536 28.108127
67584 31.138967
69632 34.728134
71680 33.989034
73728 34.571564
75776 37.514643
77824 37.837434
79872 37.345650
81920 37.737919
83968 37.162190
86016 36.591414
88064 37.109523
90112 36.789869
92160 36.902947
94208 37.332574
96256 35.624060
98304 35.713279
100352 36.441441
102400 29.987530
104448 33.895122
106496 36.434734
108544 36.803834
110592 36.922483
112640 36.078756
114688 35.913048
116736 35.051961
118784 35.929187
120832 34.116814
122880 35.590298
124928 36.570383
126976 36.768487
129024 14.382777
131072 27.411058
133120 34.837194
135168 33.553583
137216 32.829080
139264 34.525013
141312 33.725729
143360 33.617623
145408 34.682049
147456 32.072347
149504 31.430785
151552 31.691680
153600 33.125165
155648 31.923277
157696 33.063456
159744 32.011172
161792 31.102940
163840 33.005811
165888 34.728310
167936 36.240024
169984 33.539523
172032 32.944213
174080 29.995382
176128 34.649737
178176 36.339280
180224 35.547405
182272 35.098157
184320 35.341217
186368 35.003767
188416 34.237249
190464 33.016636
192512 33.688614
194560 36.126002
196608 35.450807
198656 37.214663
200704 35.886955
202752 35.736784
204800 38.077363
206848 35.679316
208896 35.686635
210944 33.888006
212992 34.658757
215040 35.068385
217088 32.231162
219136 32.662440
221184 31.014568
223232 33.470394
225280 31.280000
227328 32.718348
229376 32.475158
231424 32.301954
233472 34.302635
235520 33.325542
237568 33.956249
239616 34.959170
241664 30.536827
243712 34.010485
245760 34.190609
247808 35.575652
249856 35.973499
251904 33.366469
253952 34.950041
256000 34.599275
258048 32.012312
260096 34.421803
262144 29.464238
264192 32.091604
266240 33.405289
268288 32.842090
270336 35.174350
272384 35.727097
274432 35.252037
276480 36.855679
278528 35.688429
280576 37.368600
282624 34.462622
284672 35.408300
286720 35.393590
288768 36.427049
290816 37.038701
292864 36.169017
294912 37.442267
296960 34.962704
299008 39.487864
301056 34.283783
303104 34.188391
305152 34.641530
307200 37.626539
309248 39.024465
311296 38.713246
313344 37.706611
315392 39.225951
317440 38.695090
319488 38.409394
321536 38.288567
323584 38.887989
325632 37.571274
327680 36.648330
329728 36.610415
331776 39.601712
333824 39.028581
335872 38.010591
337920 37.106907
339968 34.810046
342016 34.104842
344064 37.163430
346112 35.095234
348160 38.367210
350208 37.546597
352256 37.452360
354304 38.811225
356352 40.289895
358400 40.385196
360448 38.222324
362496 41.324787
364544 38.879912
366592 37.358626
368640 36.405229
370688 37.682065
372736 36.393025
374784 35.365643
376832 34.977554
378880 35.296769
380928 30.739882
382976 38.074627
385024 37.950286
387072 39.785106
389120 38.511653
391168 38.111296
393216 36.632612
395264 36.211158
397312 39.170733
399360 38.201492
401408 37.686803
403456 37.586682
405504 36.091992
407552 39.175641
409600 38.984606
411648 38.853662
413696 37.806540
415744 39.887794
417792 40.414412
419840 40.271496
421888 40.461723
423936 39.460500
425984 37.682704
428032 39.299389
430080 38.800257
432128 38.026513
434176 38.464999
436224 38.294707
438272 38.964101
440320 40.566779
442368 39.687758
444416 38.911836
446464 39.260948
448512 38.875221
450560 39.636585
452608 38.909190
454656 38.913496
456704 38.296941
458752 39.772051
460800 37.963985
462848 36.789287
464896 30.779767
466944 36.763632
468992 37.796832
471040 38.168728
473088 36.322057
475136 34.990034
477184 37.266360
479232 39.005832
481280 35.290065
483328 34.329418
485376 36.427349
487424 34.186986
489472 37.859966
491520 39.349278
493568 38.131224
495616 36.761387
497664 40.560622
499712 34.885362
501760 38.703510
503808 38.145112
505856 38.042895
507904 40.714660
509952 41.161860
512000 42.122963
514048 43.146042
516096 40.359167
518144 40.542872
520192 38.563427
522240 41.209149
524288 37.719921
526336 40.192365
528384 41.188093
530432 37.794966
532480 37.249136
534528 37.649398
536576 37.143846
538624 37.160817
540672 36.238748
542720 36.080402
544768 37.328513
546816 35.477309
548864 37.497735
550912 38.251731
552960 39.141489
555008 37.377127
557056 37.827739
559104 36.998365
561152 37.403695
563200 39.218620
565248 37.614629
567296 37.077934
569344 37.131994
571392 37.610354
573440 38.877364
575488 32.174083
577536 37.005187
579584 36.594876
581632 36.079079
583680 34.170067
585728 36.325876
587776 36.719269
589824 37.268178
591872 34.049843
593920 32.850228
595968 36.860886
598016 35.552644
600064 35.010687
602112 37.813156
604160 36.959667
606208 38.282776
608256 38.701077
610304 37.042079
612352 36.989624
614400 38.253015
616448 35.209662
618496 35.783004
620544 36.673827
622592 37.582603
624640 37.421261
626688 34.575786
628736 37.880490
630784 33.670214
632832 39.909694
634880 38.562453
636928 36.489548
638976 39.758703
641024 39.503781
643072 38.088983
645120 35.363027
647168 38.488591
649216 37.863044
651264 37.816278
653312 35.045386
655360 40.289843
657408 40.443979
659456 39.691567
661504 41.282167
663552 36.883323
665600 33.600598
667648 38.165635
669696 37.671295
671744 37.763456
673792 34.990403
675840 34.614499
677888 37.685947
679936 37.909517
681984 37.740920
684032 39.301457
686080 38.917334
688128 40.165235
690176 38.283961
692224 39.839306
694272 38.648437
696320 40.376543
698368 40.819258
700416 42.322035
702464 40.112929
704512 40.070777
706560 40.428510
708608 38.098067
710656 37.893735
712704 39.818187
714752 38.247749
716800 37.811318
718848 38.045809
720896 40.794679
722944 37.497792
724992 37.493410
727040 38.641349
729088 39.592130
731136 39.191693
733184 35.293699
735232 29.119744
737280 36.742806
739328 33.821781
741376 31.517136
743424 33.827399
745472 32.881486
747520 30.853676
749568 38.375618
751616 36.429743
753664 37.837897
755712 35.925767
757760 31.723909
759808 35.263432
761856 34.886597
763904 35.678749
765952 39.303523
768000 38.275742
770048 38.619648
772096 38.973945
774144 37.895620
776192 39.508708
778240 38.090444
780288 38.361191
782336 32.551705
784384 37.484358
786432 37.561702
788480 33.551728
790528 27.085689
792576 24.470745
794624 38.114274
796672 37.544366
798720 33.608758
800768 28.947211
802816 14.429908
804864 33.627130
806912 23.424384
808960 30.149076
811008 29.897492
813056 30.868410
815104 34.576083
817152 34.903955
819200 34.438117
821248 35.145593
823296 38.753093
825344 36.426170
827392 35.106913
829440 35.898227
831488 31.994524
833536 37.715808
835584 37.730692
837632 39.550185
839680 41.600996
841728 41.594464
843776 38.753107
845824 38.306017
847872 35.954343
849920 39.140415
851968 39.732069
854016 38.697266
856064 41.034218
858112 39.731876
860160 35.103212
862208 40.106866
864256 39.836599
866304 40.008803
868352 37.731461
870400 39.440760
872448 39.354451
874496 40.284889
876544 40.955020
878592 40.453085
880640 39.110190
882688 40.279635
884736 40.213647
886784 39.818321
888832 40.503621
890880 42.095985
892928 40.361495
894976 40.198382
897024 41.437303
899072 42.131282
901120 41.876096
903168 43.031092
905216 42.539755
907264 43.923048
909312 43.708811
911360 42.580012
913408 44.224399
915456 39.998351
917504 37.763830
919552 43.237683
921600 42.564219
923648 43.645540
925696 42.394819
927744 43.397805
929792 40.762127
931840 42.692440
933888 38.047711
935936 40.643741
937984 42.324042
940032 41.301505
942080 38.213946
944128 39.399820
946176 39.916873
948224 42.639117
950272 38.263931
952320 39.232501
954368 39.894546
956416 33.051327
958464 34.934799
960512 38.482329
962560 37.541448
964608 36.048570
966656 35.248429
968704 31.008125
970752 31.755429
972800 32.307159
974848 31.934931
976896 28.016060
978944 27.708721
980992 30.324821
983040 28.498006
985088 31.145623
987136 35.747158
989184 36.221489
991232 34.590737
993280 39.950601
995328 37.569301
997376 40.036508
999424 34.657645
1001472 39.901512
1003520 36.406210
1005568 31.731128
1007616 37.388658
1009664 38.587476
1011712 40.268952
1013760 39.765935
1015808 37.368496
1017856 34.690642
1019904 33.650102
1021952 35.048753
1024000 35.936787
1026048 37.903285
1028096 34.836493
1030144 37.740529
1032192 36.414762
1034240 39.802823
1036288 36.517578
1038336 36.619100
1040384 42.786677
1042432 39.982331
1044480 40.015013
1046528 42.339973
1048576 42.531515
1050624 36.336113
1052672 38.901437
1054720 41.881632
1056768 41.293156
1058816 39.111495
1060864 39.573484
1062912 37.920438
1064960 39.689517
1067008 40.145935
1069056 42.119452
1071104 41.681698
1073152 41.478991
1075200 40.150269
1077248 41.019536
1079296 39.331301
1081344 42.456277
1083392 42.465800
1085440 41.267656
1087488 43.576055
1089536 42.626621
1091584 42.784266
1093632 42.046686
1095680 42.628607
1097728 43.410970
1099776 42.737229
1101824 41.841110
1103872 41.594243
1105920 45.306383
1107968 42.565388
1110016 42.915268
1112064 42.372355
1114112 42.265861
1116160 36.764740
1118208 42.112199
1120256 42.917755
1122304 42.657139
1124352 42.765475
1126400 41.943967
1128448 41.176306
1130496 42.758290
1132544 44.670106
1134592 41.229966
1136640 40.845619
1138688 40.220944
1140736 42.378009
1142784 42.699156
1144832 41.902773
1146880 42.562284
1148928 41.044666
1150976 40.684923
1153024 42.821436
1155072 40.459567
1157120 43.471583
1159168 43.149828
1161216 41.597691
1163264 39.943689
1165312 42.808571
1167360 41.992652
1169408 43.311437
1171456 42.734479
1173504 43.248333
1175552 42.992271
1177600 39.783201
1179648 44.187289
1181696 42.115896
1183744 44.314503
1185792 44.973449
1187840 43.430864
1189888 42.942997
1191936 43.447505
1193984 41.227648
1196032 43.035828
1198080 43.598631
1200128 42.210188
1202176 42.227857
1204224 43.317286
1206272 40.702451
1208320 41.790339
1210368 42.054052
1212416 40.391974
1214464 38.618500
1216512 35.671573
1218560 38.923199
1220608 41.021495
1222656 38.348217
1224704 40.773322
1226752 42.914179
1228800 41.742917
1230848 43.256717
1232896 42.347658
1234944 42.450764
1236992 42.358808
1239040 41.846717
1241088 42.086009
1243136 42.021523
1245184 42.238817
1247232 43.592972
1249280 41.587340
1251328 43.236800
1253376 42.056442
1255424 41.010997
1257472 41.491277
1259520 42.913399
1261568 43.398539
1263616 41.581369
1265664 41.338551
1267712 40.658517
1269760 38.839328
1271808 39.032648
1273856 42.354694
1275904 41.026001
1277952 42.101935
1280000 41.246860
1282048 39.295277
1284096 43.201540
1286144 43.941144
1288192 44.879838
1290240 46.449029
1292288 45.292098
1294336 43.852952
1296384 42.616776
1298432 41.997148
1300480 44.286470
1302528 42.236329
1304576 42.336629
1306624 42.070954
1308672 44.651786
1310720 43.932837
1312768 42.119481
1314816 44.947274
1316864 43.796665
1318912 43.638377
1320960 42.901484
1323008 44.282955
1325056 43.592652
1327104 42.561969
1329152 42.513407
1331200 42.989792
1333248 43.947958
1335296 42.589798
1337344 44.016082
1339392 42.656919
1341440 44.203181
1343488 43.428488
1345536 43.949918
1347584 43.041104
1349632 42.579988
1351680 44.594984
1353728 44.533824
1355776 44.121354
1357824 43.031753
1359872 43.376047
1361920 42.175974
1363968 43.055684
1366016 38.700310
1368064 41.734215
1370112 40.197664
1372160 35.823531
1374208 40.557261
1376256 39.946178
1378304 42.544103
1380352 41.939597
1382400 41.474695
1384448 41.202505
1386496 44.466418
1388544 41.848312
1390592 43.662025
1392640 39.845842
1394688 39.914956
1396736 40.362633
1398784 37.390909
1400832 35.068722
1402880 33.912297
1404928 37.364685
1406976 42.206152
1409024 39.039133
1411072 39.519611
1413120 38.485789
1415168 39.171040
1417216 41.088834
1419264 42.132615
1421312 36.928012
1423360 37.570856
1425408 32.416709
1427456 33.638720
1429504 34.526221
1431552 38.229108
1433600 37.151821
1435648 40.300358
1437696 37.744682
1439744 37.634561
1441792 39.444432
1443840 40.645651
1445888 40.261969
1447936 40.266168
1449984 39.195619
1452032 40.393383
1454080 40.002518
1456128 41.777973
1458176 39.953769
1460224 40.969576
1462272 42.337099
1464320 41.208522
1466368 40.091445
1468416 41.500668
1470464 41.158433
1472512 42.531214
1474560 43.184304
1476608 43.074029
1478656 41.841535
1480704 43.228172
1482752 44.042161
1484800 41.978920
1486848 45.228890
1488896 42.676551
1490944 42.083529
1492992 42.947717
1495040 40.176190
1497088 40.525675
1499136 41.536703
1501184 42.254717
1503232 39.937219
1505280 41.439646
1507328 39.720946
1509376 41.505458
1511424 43.216516
1513472 41.855397
1515520 43.875195
1517568 43.905198
1519616 41.842323
1521664 42.129506
1523712 43.335360
1525760 43.445142
1527808 43.795914
1529856 44.132013
1531904 43.728728
1533952 43.490429
1536000 42.034919
1538048 43.387196
1540096 43.501248
1542144 42.379260
1544192 42.919346
1546240 41.193632
1548288 43.251593
1550336 43.623976
1552384 42.945846
1554432 43.030042
1556480 44.961522
1558528 45.793783
1560576 44.792834
1562624 46.110414
1564672 45.959914
1566720 46.776940
1568768 46.140757
1570816 46.310459
1572864 43.557181
1574912 43.080475
1576960 44.067126
1579008 42.696911
1581056 42.291439
1583104 45.319700
1585152 44.184238
1587200 44.346228
1589248 42.994148
1591296 44.487363
1593344 43.519335
1595392 44.945880
1597440 43.534217
1599488 44.947570
1601536 45.595509
1603584 44.553533
1605632 43.569042
1607680 44.378434
1609728 44.827483
1611776 43.793542
1613824 43.335224
1615872 43.004975
1617920 42.255837
1619968 43.045499
1622016 41.535311
1624064 41.882851
1626112 42.043927
1628160 43.930827
1630208 41.135706
1632256 43.365391
1634304 43.877798
1636352 45.127298
1638400 42.993537
1640448 41.352574
1642496 41.056283
1644544 42.602149
1646592 42.569540
1648640 42.313816
1650688 43.029768
1652736 41.058933
1654784 42.770060
1656832 41.368252
1658880 41.370919
1660928 42.248833
1662976 42.299320
1665024 41.637000
1667072 41.314225
1669120 43.310428
1671168 43.601858
1673216 42.511220
1675264 38.140587
1677312 35.257368
1679360 37.939530
1681408 39.376048
1683456 45.408798
1685504 41.639025
1687552 42.281711
1689600 42.244173
1691648 38.683594
1693696 42.837360
1695744 42.001286
1697792 42.386580
1699840 44.089413
1701888 42.975279
1703936 41.196728
1705984 40.643512
1708032 41.237618
1710080 41.670100
1712128 43.154558
1714176 45.854025
1716224 41.745324
1718272 43.368438
1720320 41.425108
1722368 42.553549
1724416 42.214804
1726464 43.633215
1728512 45.738483
1730560 45.730888
1732608 45.168845
1734656 44.886452
1736704 44.136182
1738752 44.293591
1740800 45.472773
1742848 45.451476
1744896 45.254457
1746944 44.127716
1748992 44.864876
1751040 45.373357
1753088 44.930171
1755136 45.022034
1757184 43.740966
1759232 44.293680
1761280 42.868218
1763328 44.036926
1765376 44.970280
1767424 44.745935
1769472 44.736844
1771520 45.736754
1773568 43.924152
1775616 43.833204
1777664 43.548909
1779712 44.725971
1781760 45.056464
1783808 43.017603
1785856 44.119732
1787904 44.804225
1789952 42.825397
1792000 44.233453
1794048 43.193593
1796096 44.851186
1798144 43.084318
1800192 43.658088
1802240 43.840692
1804288 41.748504
1806336 40.705428
1808384 42.786629
1810432 41.778816
1812480 42.878146
1814528 42.583354
1816576 43.562480
1818624 43.865885
1820672 43.339233
1822720 43.480181
1824768 45.525354
1826816 44.127723
1828864 43.771266
1830912 44.795276
1832960 45.673770
1835008 44.507540
1837056 43.572349
1839104 43.146728
1841152 42.998973
1843200 43.291040
1845248 44.294803
1847296 42.953661
1849344 42.643840
1851392 42.161031
1853440 42.932068
1855488 44.125798
1857536 43.536780
1859584 44.251942
1861632 44.937990
1863680 44.164546
1865728 42.353273
1867776 44.528369
1869824 44.920727
1871872 44.133933
1873920 44.298321
1875968 43.699889
1878016 44.505502
1880064 45.727417
1882112 46.797392
1884160 46.357370
1886208 43.405237
1888256 42.913428
1890304 43.807784
1892352 43.519956
1894400 42.802938
1896448 41.448034
1898496 43.103105
1900544 43.791446
1902592 44.461699
1904640 43.869463
1906688 43.476110
1908736 43.779537
1910784 42.778899
1912832 43.783217
1914880 44.002446
1916928 42.255153
1918976 43.650338
1921024 42.573877
1923072 44.505331
1925120 43.794469
1927168 42.813108
1929216 43.295069
1931264 46.640558
1933312 45.676069
1935360 44.148563
1937408 43.955633
1939456 42.040644
1941504 44.655893
1943552 42.975758
1945600 41.680665
1947648 43.698020
1949696 42.099931
1951744 43.209607
1953792 44.192125
1955840 43.351023
1957888 43.298830
1959936 42.116315
1961984 42.158168
1964032 43.309589
1966080 42.624329
1968128 44.517048
1970176 44.832852
1972224 45.652172
1974272 46.311791
1976320 44.279210
1978368 43.079693
1980416 42.350252
1982464 44.029153
1984512 44.635061
1986560 44.534729
1988608 46.331330
1990656 44.684437
1992704 46.944406
1994752 46.507263
1996800 46.832550
1998848 47.618198
2000896 47.671719
