2048 11.081299
4096 21.990077
6144 17.993291
8192 19.495795
10240 17.639756
12288 18.569255
14336 19.803189
16384 25.595140
18432 22.857315
20480 30.416981
22528 30.972992
24576 32.475007
26624 28.415899
28672 28.329794
30720 31.709124
32768 33.737822
34816 35.435077
36864 34.886995
38912 34.774777
40960 35.224911
43008 33.950767
45056 32.859901
47104 34.896015
49152 32.555444
51200 33.905674
53248 32.693281
55296 37.163868
57344 39.550601
59392 39.078345
61440 39.926556
63488 38.513172
65536 32.267835
67584 36.038500
69632 36.098461
71680 35.627088
73728 38.220181
75776 38.154738
77824 38.445893
79872 38.852446
81920 38.634608
83968 37.736481
86016 38.126173
88064 37.998738
90112 38.703611
92160 38.524349
94208 39.172907
96256 39.276422
98304 39.292967
100352 38.585951
102400 37.813717
104448 35.618154
106496 37.908735
108544 37.309177
110592 38.399121
112640 39.487045
114688 38.437972
116736 37.915581
118784 40.877793
120832 39.952883
122880 41.369692
124928 40.134228
126976 40.181910
129024 41.889241
131072 40.981942
133120 42.972399
135168 41.006839
137216 40.422124
139264 41.255441
141312 37.576085
143360 41.366613
145408 36.772874
147456 37.814571
149504 43.773585
151552 43.096939
153600 43.190325
155648 43.704108
157696 43.683406
159744 42.159182
161792 43.011005
163840 44.426182
165888 41.785202
167936 44.286247
169984 44.216321
172032 44.322318
174080 44.180671
176128 44.986396
178176 44.822293
180224 44.354395
182272 46.239961
184320 44.355001
186368 44.488058
188416 44.443710
190464 44.604604
192512 45.576551
194560 45.583877
196608 46.834276
198656 46.021414
200704 45.908877
202752 46.166540
204800 44.978901
206848 45.499375
208896 44.412389
210944 44.432469
212992 45.551090
215040 45.895050
217088 45.834509
219136 45.326905
221184 46.052240
223232 47.211271
225280 47.506914
227328 47.637304
229376 46.727725
231424 43.821014
233472 45.201509
235520 46.496151
237568 47.247154
239616 45.934333
241664 47.592794
243712 46.640805
245760 47.454636
247808 45.572859
249856 45.519882
251904 47.951310
253952 47.141018
256000 48.735463
258048 46.505239
260096 46.901314
262144 46.528594
264192 45.214297
266240 45.479223
268288 44.857663
270336 45.959562
272384 45.682501
274432 45.663858
276480 45.500087
278528 48.055606
280576 46.367342
282624 46.116428
284672 46.764836
286720 45.020362
288768 47.442291
290816 45.878763
292864 45.279843
294912 44.035226
296960 45.393357
299008 45.792351
301056 47.683678
303104 47.112176
305152 46.351488
307200 46.322893
309248 45.703858
311296 46.541318
313344 45.679870
315392 44.684384
317440 45.762129
319488 46.054437
321536 45.140795
323584 45.879203
325632 46.644497
327680 46.445100
329728 48.642181
331776 47.562259
333824 47.756351
335872 45.620094
337920 47.324023
339968 44.230004
342016 45.237161
344064 47.277472
346112 45.295568
348160 48.202590
350208 48.026873
352256 48.842231
354304 48.927176
356352 47.528281
358400 47.439294
360448 46.777337
362496 46.455045
364544 48.404601
366592 50.442925
368640 48.117745
370688 49.721947
372736 48.890614
374784 48.471645
376832 49.293638
378880 50.493373
380928 52.639962
382976 51.345515
385024 48.194308
387072 51.085728
389120 52.110051
391168 51.318286
393216 51.996357
395264 53.981734
397312 53.747343
399360 53.883268
401408 53.933555
403456 54.012015
405504 54.258930
407552 56.000896
409600 54.854864
411648 54.129646
413696 53.611707
415744 55.080810
417792 53.424244
419840 54.531377
421888 54.366100
423936 54.332461
425984 52.847218
428032 43.629314
430080 48.720445
432128 49.221834
434176 52.337550
436224 46.629954
438272 47.427416
440320 49.222975
442368 52.266554
444416 52.801667
446464 50.519365
448512 53.309628
450560 53.811551
452608 53.855527
454656 53.213895
456704 52.605454
458752 56.585885
460800 54.277954
462848 55.988707
464896 55.121445
466944 53.986298
468992 56.294442
471040 56.019009
473088 56.923598
475136 56.500981
477184 50.815429
479232 52.912596
481280 55.145025
483328 58.008824
485376 58.403958
487424 58.818977
489472 60.476916
491520 60.919611
493568 64.283809
495616 63.597097
497664 62.450482
499712 64.673420
501760 63.583456
503808 64.756275
505856 64.036028
507904 65.296883
509952 66.485740
512000 67.679633
514048 67.793547
516096 68.252612
518144 69.319118
520192 69.098307
522240 70.450474
524288 69.749080
526336 71.344022
528384 71.461910
530432 72.525395
532480 71.770617
534528 71.413638
536576 71.583366
538624 73.470904
540672 74.513536
542720 75.147235
544768 75.084981
546816 74.791060
548864 75.768345
550912 72.462457
552960 74.891229
555008 73.925986
557056 70.540245
559104 74.601813
561152 73.629812
563200 75.304400
565248 76.571958
567296 80.421832
569344 80.550984
571392 80.022877
573440 80.686568
575488 83.495521
577536 83.466197
579584 84.284700
581632 84.893473
583680 88.564965
585728 85.621550
587776 83.738544
589824 87.246846
591872 89.863685
593920 89.440603
595968 89.463571
598016 89.456108
600064 88.347997
602112 88.778019
604160 88.997310
606208 88.773871
608256 89.186172
610304 81.649473
612352 78.702032
614400 83.541798
616448 85.309923
618496 87.296487
620544 88.003763
622592 91.154626
624640 90.567435
626688 93.028834
628736 94.223717
630784 92.622199
632832 90.472741
634880 92.242033
636928 90.987367
638976 92.602536
641024 90.647536
643072 89.455402
645120 89.260676
647168 89.569300
649216 88.020619
651264 90.884345
653312 90.809137
655360 92.199453
657408 91.115613
659456 90.073764
661504 90.840767
663552 90.372006
665600 89.407134
667648 89.742018
669696 83.949798
671744 84.952892
673792 84.505188
675840 86.677412
677888 88.752629
679936 93.212235
681984 94.331314
684032 91.252620
686080 91.453530
688128 94.494901
690176 93.901927
692224 95.186782
694272 94.342333
696320 96.011852
698368 96.561413
700416 98.279306
702464 96.969098
704512 98.471196
706560 97.272649
708608 93.939714
710656 93.143190
712704 92.093098
714752 91.017944
716800 82.226074
718848 87.465141
720896 92.141005
722944 90.619379
724992 90.003621
727040 91.574645
729088 90.711130
731136 93.694074
733184 93.677031
735232 93.685857
737280 96.030832
739328 92.796257
741376 93.255595
743424 90.181524
745472 91.507725
747520 88.447760
749568 90.755950
751616 91.317184
753664 90.404573
755712 92.946219
757760 91.334009
759808 94.068444
761856 93.216940
763904 94.367782
765952 92.954990
768000 94.115594
770048 94.922375
772096 95.421020
774144 96.072711
776192 96.294964
778240 96.767288
780288 98.122337
782336 97.379314
784384 97.400842
786432 98.244039
788480 95.973850
790528 97.449868
792576 97.425335
794624 98.130230
796672 95.350139
798720 76.284750
800768 98.123020
802816 101.239202
804864 97.912014
806912 97.892087
808960 99.281738
811008 95.631819
813056 95.008963
815104 94.909426
817152 94.122781
819200 99.028170
821248 98.776357
823296 98.232106
825344 94.729272
827392 96.653340
829440 97.043289
831488 98.377831
833536 99.950677
835584 100.447611
837632 102.528250
839680 93.437036
841728 102.783376
843776 100.054204
845824 101.059044
847872 100.357686
849920 97.604418
851968 97.412487
854016 97.248747
856064 98.489673
858112 98.614480
860160 95.643528
862208 96.732591
864256 95.656297
866304 97.498971
868352 97.008990
870400 99.259731
872448 98.260765
874496 97.937520
876544 98.227909
878592 98.947964
880640 98.487996
882688 100.869605
884736 98.924619
886784 97.750054
888832 100.949395
890880 100.186493
892928 99.370492
894976 98.927209
897024 101.563570
899072 99.978462
901120 101.227320
903168 100.485310
905216 99.459786
907264 89.662530
909312 92.251464
911360 91.382707
913408 88.989041
915456 95.963265
917504 91.676162
919552 88.146828
921600 94.281111
923648 96.478766
925696 92.372927
927744 94.569333
929792 97.737694
931840 92.228440
933888 92.408315
935936 94.320099
937984 93.919684
940032 96.711452
942080 100.304737
944128 98.703235
946176 100.318519
948224 98.161735
950272 98.816477
952320 95.924742
954368 96.516238
956416 96.095902
958464 97.693094
960512 100.530787
962560 97.496042
964608 100.860946
966656 99.035836
968704 98.449832
970752 97.936632
972800 97.735639
974848 99.164127
976896 88.685748
978944 91.492092
980992 93.440508
983040 90.558381
985088 92.402931
987136 91.536862
989184 94.432474
991232 93.609167
993280 92.634938
995328 95.846723
997376 97.662480
999424 99.626538
1001472 100.776878
1003520 98.516954
1005568 99.463383
1007616 97.879427
1009664 94.875492
1011712 97.667322
1013760 97.897022
1015808 100.300454
1017856 98.539480
1019904 98.559414
1021952 100.020010
1024000 97.347008
1026048 105.097720
1028096 103.860896
1030144 105.693492
1032192 105.390926
1034240 106.654694
1036288 107.733130
1038336 107.209456
1040384 107.037649
1042432 107.709473
1044480 106.824262
1046528 107.410997
1048576 106.859596
1050624 111.108564
1052672 108.512262
1054720 108.718942
1056768 109.225009
1058816 109.583252
1060864 109.480921
1062912 109.085965
1064960 109.804742
1067008 109.176638
1069056 109.083571
1071104 107.691439
1073152 107.581372
1075200 107.051328
1077248 106.761505
1079296 104.981162
1081344 103.894507
1083392 102.922070
1085440 102.775789
1087488 104.051209
1089536 101.667823
1091584 104.160963
1093632 101.888640
1095680 105.094642
1097728 104.743993
1099776 104.752123
1101824 104.755032
1103872 103.603197
1105920 103.031487
1107968 105.398679
1110016 104.449972
1112064 104.972429
1114112 103.539863
1116160 105.783845
1118208 105.381977
1120256 105.873559
1122304 106.084952
1124352 106.770647
1126400 107.832861
1128448 108.038951
1130496 109.060817
1132544 107.149389
1134592 106.538644
1136640 106.848980
1138688 108.119224
1140736 107.665932
1142784 105.889047
1144832 107.918198
1146880 106.169472
1148928 105.478664
1150976 103.076941
1153024 105.179549
1155072 103.321036
1157120 105.597910
1159168 106.302209
1161216 104.742572
1163264 105.442413
1165312 105.342793
1167360 104.828333
1169408 106.641718
1171456 109.110722
1173504 107.688821
1175552 107.796931
1177600 109.932361
1179648 107.488791
1181696 109.055682
1183744 108.102215
1185792 108.438054
1187840 109.465579
1189888 108.611246
1191936 106.257184
1193984 107.171542
1196032 109.042117
1198080 111.782930
1200128 110.962259
1202176 108.656756
1204224 109.568013
1206272 110.836499
1208320 109.804665
1210368 109.230409
1212416 109.318175
1214464 111.373652
1216512 110.602892
1218560 109.364958
1220608 109.853355
1222656 109.892429
1224704 110.660190
1226752 111.276863
1228800 109.739917
1230848 112.485864
1232896 111.724687
1234944 110.416099
1236992 112.895533
1239040 111.123266
1241088 114.563848
1243136 111.347734
1245184 109.235786
1247232 111.129407
1249280 111.708780
1251328 110.550100
1253376 111.805508
1255424 112.534218
1257472 112.214398
1259520 113.097245
1261568 110.856322
1263616 110.459855
1265664 112.310090
1267712 112.532098
1269760 113.106383
1271808 112.669557
1273856 111.848457
1275904 110.485113
1277952 110.728197
1280000 110.864846
1282048 112.636799
1284096 111.568258
1286144 110.524706
1288192 109.146232
1290240 109.864309
1292288 109.922134
1294336 111.502322
1296384 109.097945
1298432 110.843249
1300480 110.488417
1302528 112.730456
1304576 109.828849
1306624 112.113504
1308672 112.408010
1310720 113.778487
1312768 111.244129
1314816 113.220616
1316864 112.012807
1318912 113.601428
1320960 113.708102
1323008 110.139217
1325056 104.092474
1327104 107.159938
1329152 105.078576
1331200 105.966780
1333248 104.150733
1335296 107.386783
1337344 108.293807
1339392 108.772443
1341440 107.653543
1343488 106.287286
1345536 109.591303
1347584 108.466840
1349632 111.497628
1351680 112.086655
1353728 111.440465
1355776 110.018574
1357824 110.684675
1359872 111.607323
1361920 110.838929
1363968 108.472684
1366016 111.916295
1368064 112.998853
1370112 111.128364
1372160 113.060883
1374208 108.885678
1376256 110.751931
1378304 109.660228
1380352 109.346553
1382400 108.361295
1384448 107.352243
1386496 110.800159
1388544 106.458969
1390592 106.811023
1392640 106.488231
1394688 105.427809
1396736 106.677767
1398784 106.841560
1400832 108.335693
1402880 106.453899
1404928 106.764632
1406976 106.708062
1409024 106.613607
1411072 106.258621
1413120 107.380017
1415168 110.683822
1417216 111.324943
1419264 109.920726
1421312 111.142062
1423360 110.310981
1425408 108.148403
1427456 109.569351
1429504 112.375908
1431552 113.269036
1433600 112.909549
1435648 110.083182
1437696 109.439970
1439744 109.610224
1441792 109.810163
1443840 105.049266
1445888 107.209851
1447936 107.443174
1449984 101.787995
1452032 102.677582
1454080 106.182183
1456128 106.788257
1458176 109.639672
1460224 110.612896
1462272 110.102400
1464320 111.350602
1466368 112.192452
1468416 110.220847
1470464 109.805543
1472512 112.050043
1474560 110.461325
1476608 110.087266
1478656 109.851869
1480704 111.231922
1482752 112.359287
1484800 111.443177
1486848 111.569152
1488896 112.552714
1490944 112.312211
1492992 112.598652
1495040 114.971593
1497088 112.894706
1499136 110.748106
1501184 110.623068
1503232 108.689780
1505280 111.376850
1507328 106.857544
1509376 109.760258
1511424 109.993346
1513472 109.412178
1515520 107.707076
1517568 106.119796
1519616 107.888092
1521664 107.591374
1523712 111.447073
1525760 107.601612
1527808 111.032795
1529856 109.422863
1531904 111.630041
1533952 110.332742
1536000 109.076335
1538048 112.284232
1540096 110.736032
1542144 108.660775
1544192 104.902014
1546240 107.682129
1548288 108.690002
1550336 109.605369
1552384 112.290736
1554432 111.436152
1556480 112.309128
1558528 112.022886
1560576 114.480032
1562624 115.687029
1564672 114.999767
1566720 116.502756
1568768 114.800057
1570816 116.100130
1572864 117.705047
1574912 119.053252
1576960 118.824146
1579008 115.679764
1581056 112.994763
1583104 114.829488
1585152 114.217022
1587200 115.380359
1589248 115.952016
1591296 115.429213
1593344 116.053802
1595392 111.573319
1597440 117.478037
1599488 113.184586
1601536 113.384086
1603584 114.427148
1605632 114.474617
1607680 116.032784
1609728 116.840656
1611776 114.826171
1613824 113.336383
1615872 114.065658
1617920 115.809159
1619968 113.668293
1622016 115.348169
1624064 114.243927
1626112 115.277053
1628160 114.905085
1630208 116.735664
1632256 113.659257
1634304 114.716212
1636352 115.135139
1638400 114.788266
1640448 116.328221
1642496 112.439418
1644544 115.306303
1646592 112.606274
1648640 113.822506
1650688 108.953554
1652736 112.092963
1654784 113.204110
1656832 111.026987
1658880 113.328172
1660928 114.032416
1662976 112.815911
1665024 113.181189
1667072 113.271297
1669120 110.319606
1671168 109.352474
1673216 108.205458
1675264 108.430022
1677312 109.956559
1679360 113.642734
1681408 113.061495
1683456 116.443995
1685504 113.380566
1687552 112.684068
1689600 115.203077
1691648 114.187280
1693696 111.104017
1695744 108.684979
1697792 116.425664
1699840 113.130107
1701888 114.286474
1703936 118.082754
1705984 121.719466
1708032 118.144180
1710080 118.506130
1712128 118.025667
1714176 117.339081
1716224 118.692272
1718272 119.972739
1720320 117.750858
1722368 117.308722
1724416 116.438791
1726464 114.347151
1728512 119.118740
1730560 116.268944
1732608 112.445914
1734656 112.137779
1736704 113.128836
1738752 115.018756
1740800 109.225823
1742848 108.917032
1744896 112.944101
1746944 110.982338
1748992 113.155694
1751040 116.604107
1753088 118.582136
1755136 118.609123
1757184 116.936114
1759232 117.038645
1761280 119.091456
1763328 115.315140
1765376 114.999133
1767424 115.226365
1769472 119.129293
1771520 118.541933
1773568 117.722170
1775616 119.584385
1777664 119.459727
1779712 118.393070
1781760 118.325102
1783808 117.815549
1785856 119.996957
1787904 118.724436
1789952 117.629092
1792000 112.424885
1794048 111.205159
1796096 113.498174
1798144 117.410149
1800192 117.966917
1802240 116.270332
1804288 111.328032
1806336 110.067751
1808384 109.602797
1810432 110.290088
1812480 115.771680
1814528 114.083602
1816576 116.112117
1818624 119.146112
1820672 119.089074
1822720 119.311708
1824768 113.512683
1826816 109.547722
1828864 116.254278
1830912 112.227984
1832960 118.113378
1835008 116.909624
1837056 116.200886
1839104 114.975518
1841152 114.740129
1843200 117.379016
1845248 115.346034
1847296 117.893359
1849344 115.697754
1851392 113.918565
1853440 115.791055
1855488 109.524900
1857536 113.369180
1859584 115.608905
1861632 111.834246
1863680 111.090253
1865728 115.642054
1867776 114.923655
1869824 116.170395
1871872 114.217083
1873920 116.193411
1875968 116.229191
1878016 115.720914
1880064 116.521854
1882112 115.998774
1884160 115.878240
1886208 114.395700
1888256 113.485561
1890304 114.233143
1892352 113.563535
1894400 114.242271
1896448 117.469088
1898496 114.074562
1900544 110.221480
1902592 112.422543
1904640 113.441844
1906688 110.864409
1908736 109.286201
1910784 114.093442
1912832 113.137426
1914880 110.303877
1916928 110.337990
1918976 111.736378
1921024 109.007889
1923072 110.355893
1925120 111.092860
1927168 110.833237
1929216 108.553847
1931264 108.476180
1933312 111.592183
1935360 111.996132
1937408 109.430122
1939456 109.410245
1941504 111.259728
1943552 110.099071
1945600 111.526245
1947648 110.579332
1949696 111.732755
1951744 110.145843
1953792 110.211045
1955840 112.642298
1957888 112.606430
1959936 112.496943
1961984 112.516907
1964032 115.984258
1966080 113.646185
1968128 113.193629
1970176 115.189253
1972224 113.485382
1974272 113.130038
1976320 111.886697
1978368 111.328808
1980416 112.545597
1982464 108.289740
1984512 109.576233
1986560 109.342726
1988608 110.277276
1990656 110.796538
1992704 110.431009
1994752 110.929552
1996800 110.993117
1998848 109.396212
2000896 110.883062
