2048 -3.158299
4096 -6.936923
6144 -0.523608
8192 11.954837
10240 15.552694
12288 29.050033
14336 31.368614
16384 32.399719
18432 33.584464
20480 34.414870
22528 33.133787
24576 31.916875
26624 33.938760
28672 35.027623
30720 36.187346
32768 37.154098
34816 38.909323
36864 36.596752
38912 38.070653
40960 34.547984
43008 37.372316
45056 36.526649
47104 37.671192
49152 36.229808
51200 36.822836
53248 37.265198
55296 38.516238
57344 37.577639
59392 36.835588
61440 37.724890
63488 36.921979
65536 38.060334
67584 37.316921
69632 38.741992
71680 38.657693
73728 38.581389
75776 39.323694
77824 39.900522
79872 39.459544
81920 37.401704
83968 36.012786
86016 34.661324
88064 34.171422
90112 36.275666
92160 38.998261
94208 41.379474
96256 41.689847
98304 43.076413
100352 40.520703
102400 40.833546
104448 40.435499
106496 39.126816
108544 38.552315
110592 40.936547
112640 41.989622
114688 43.225777
116736 43.749680
118784 45.530215
120832 42.699177
122880 46.315928
124928 39.456820
126976 47.459259
129024 44.015095
131072 44.935810
133120 48.183555
135168 41.633545
137216 45.889122
139264 47.934076
141312 50.134891
143360 52.733287
145408 53.169707
147456 52.640565
149504 53.898445
151552 53.128686
153600 52.014161
155648 52.298178
157696 52.056587
159744 54.805004
161792 55.051116
163840 52.596570
165888 52.564288
167936 52.023529
169984 52.663553
172032 51.550900
174080 51.260055
176128 51.812243
178176 50.742534
180224 47.557705
182272 46.792414
184320 45.795440
186368 47.794547
188416 45.342375
190464 42.649016
192512 43.362055
194560 42.160274
196608 41.877679
198656 41.729861
200704 48.016197
202752 45.326426
204800 45.882807
206848 49.193351
208896 45.662474
210944 46.044247
212992 49.335443
215040 49.085488
217088 47.019782
219136 42.600047
221184 41.008269
223232 45.106859
225280 43.427016
227328 48.389224
229376 48.510965
231424 47.540999
233472 52.033242
235520 51.378006
237568 49.574978
239616 52.063766
241664 53.146475
243712 52.372926
245760 54.569302
247808 51.480225
249856 54.031401
251904 53.366219
253952 54.092632
256000 53.674649
258048 51.501821
260096 54.865593
262144 55.535624
264192 56.259135
266240 55.944770
268288 53.211864
270336 52.821396
272384 54.102918
274432 53.259941
276480 54.700505
278528 54.783763
280576 52.693186
282624 51.641405
284672 49.870469
286720 54.537237
288768 53.336139
290816 53.067778
292864 52.434097
294912 54.671057
296960 54.520311
299008 53.072515
301056 54.872323
303104 53.217343
305152 51.423769
307200 53.763035
309248 50.965968
311296 53.361761
313344 52.341479
315392 52.541481
317440 50.909782
319488 56.838965
321536 54.848736
323584 54.973203
325632 56.989260
327680 59.201602
329728 54.502407
331776 55.374581
333824 55.240805
335872 54.625154
337920 55.726869
339968 58.999061
342016 57.189347
344064 52.657651
346112 54.121801
348160 55.258796
350208 53.371493
352256 54.450304
354304 55.668024
356352 55.400704
358400 58.631765
360448 58.850831
362496 58.540726
364544 55.170288
366592 57.975514
368640 55.974214
370688 56.176626
372736 65.132639
374784 66.740012
376832 63.939099
378880 65.260512
380928 58.042026
382976 58.609388
385024 63.528316
387072 57.915226
389120 63.159057
391168 53.031363
393216 60.148505
395264 58.248880
397312 57.484040
399360 56.113679
401408 69.034021
403456 65.527763
405504 66.323802
407552 69.848527
409600 68.871256
411648 71.399389
413696 78.782759
415744 84.861314
417792 76.403180
419840 81.359517
421888 83.607728
423936 81.349093
425984 86.958414
428032 84.404891
430080 89.017813
432128 81.193279
434176 82.576766
436224 85.139973
438272 90.739154
440320 97.098845
442368 101.945422
444416 105.226717
446464 101.270136
448512 96.399374
450560 89.986748
452608 78.934637
454656 79.048083
456704 73.978878
458752 81.075158
460800 85.854274
462848 82.485478
464896 80.018485
466944 72.723286
468992 64.167580
471040 72.444035
473088 65.043567
475136 75.531301
477184 73.703984
479232 70.213800
481280 62.681261
483328 75.372393
485376 62.643598
487424 63.818624
489472 65.744493
491520 72.638548
493568 75.252738
495616 79.861265
497664 85.805651
499712 87.225956
501760 80.741709
503808 97.962784
505856 105.333835
507904 103.460447
509952 100.325522
512000 107.194772
514048 104.188268
516096 103.968469
518144 99.692947
520192 94.525699
522240 94.228962
524288 98.682328
526336 92.922965
528384 88.985842
530432 94.162249
532480 100.511710
534528 104.189367
536576 104.156742
538624 113.010752
540672 108.849011
542720 110.269697
544768 109.256947
546816 106.838611
548864 103.370372
550912 110.997511
552960 100.170948
555008 101.566408
557056 100.969323
559104 103.051235
561152 99.440002
563200 70.083773
565248 65.600234
567296 69.203741
569344 64.363186
571392 66.509123
573440 72.359473
575488 73.896017
577536 77.135047
579584 71.965577
581632 74.778698
583680 69.636563
585728 76.429450
587776 64.741805
589824 67.800488
591872 65.915251
593920 69.474142
595968 66.983251
598016 67.518487
600064 66.458949
602112 71.428214
604160 66.602621
606208 65.113125
608256 67.293603
610304 63.115679
612352 64.457350
614400 69.008869
616448 70.531733
618496 72.527593
620544 65.871981
622592 62.648715
624640 60.555525
626688 57.032731
628736 57.327281
630784 54.275713
632832 55.204118
634880 53.289649
636928 52.205473
638976 52.910697
641024 47.650325
643072 52.855927
645120 52.063280
647168 45.514915
649216 48.534749
651264 46.705265
653312 45.652179
655360 49.171409
657408 47.830145
659456 46.759264
661504 43.589727
663552 47.265288
665600 48.058824
667648 47.691646
669696 48.318609
671744 49.643239
673792 49.106736
675840 49.264181
677888 53.236263
679936 53.578404
681984 49.770230
684032 53.219084
686080 50.529521
688128 50.801984
690176 53.076338
692224 54.377919
694272 49.543116
696320 50.484323
698368 51.346863
700416 53.647184
702464 50.859405
704512 51.373230
706560 55.572035
708608 56.280002
710656 50.751055
712704 53.865529
714752 55.042086
716800 52.943172
718848 53.642216
720896 54.143292
722944 53.590850
724992 53.590249
727040 53.774978
729088 55.269467
731136 51.715190
733184 53.745197
735232 54.548107
737280 49.774804
739328 52.565574
741376 49.867143
743424 47.229061
745472 49.214866
747520 50.011966
749568 52.851727
751616 51.977811
753664 52.654394
755712 54.333522
757760 54.808388
759808 51.235513
761856 53.627347
763904 51.885256
765952 53.247398
768000 50.655490
770048 50.521151
772096 48.626626
774144 51.781306
776192 50.644042
778240 49.669904
780288 47.545561
782336 48.505289
784384 51.213120
786432 52.590116
788480 50.059805
790528 54.956677
792576 50.306616
794624 52.880028
796672 49.585665
798720 46.053766
800768 52.383046
802816 55.670445
804864 53.534938
806912 49.983576
808960 51.777190
811008 53.557391
813056 53.359792
815104 48.680158
817152 54.430747
819200 53.345171
821248 50.336635
823296 50.994543
825344 54.140336
827392 53.899301
829440 53.033637
831488 55.515782
833536 52.875367
835584 51.848312
837632 52.038037
839680 50.106239
841728 52.210586
843776 50.607910
845824 55.577136
847872 50.632009
849920 51.274067
851968 53.344678
854016 53.004149
856064 50.564149
858112 53.148916
860160 52.446938
862208 47.038309
864256 48.589409
866304 52.783241
868352 51.038088
870400 48.328778
872448 50.851123
874496 49.274582
876544 48.073977
878592 49.719373
880640 48.837418
882688 50.975212
884736 49.657050
886784 48.013423
888832 48.819268
890880 50.084629
892928 51.461715
894976 52.146370
897024 51.203696
899072 50.672075
901120 47.020533
903168 51.753616
905216 51.347821
907264 48.719870
909312 47.190521
911360 45.830810
913408 48.277362
915456 45.167645
917504 47.819899
919552 49.935392
921600 48.365207
923648 47.485097
925696 50.479152
927744 49.405525
929792 53.523503
931840 52.731851
933888 52.464666
935936 51.629638
937984 52.882445
940032 50.063165
942080 52.491112
944128 54.435993
946176 52.188038
948224 52.602527
950272 53.702309
952320 53.270614
954368 53.403958
956416 50.364577
958464 50.571077
960512 52.829964
962560 50.647834
964608 50.471122
966656 50.496670
968704 49.104561
970752 50.580271
972800 50.658353
974848 51.672416
976896 49.961154
978944 49.351236
980992 50.327717
983040 48.984903
985088 49.687232
987136 54.333897
989184 52.122334
991232 49.276670
993280 50.390052
995328 49.504424
997376 53.546702
999424 50.739462
1001472 53.647118
1003520 49.344428
1005568 54.086886
1007616 49.522844
1009664 54.535335
1011712 46.844025
1013760 52.347733
1015808 49.607882
1017856 50.796745
1019904 47.747535
1021952 50.225748
1024000 49.852135
1026048 54.575623
1028096 50.582597
1030144 52.658671
1032192 50.473527
1034240 52.574511
1036288 52.056758
1038336 52.159873
1040384 49.449908
1042432 50.209058
1044480 50.750645
1046528 50.882085
1048576 48.339261
1050624 47.945325
1052672 50.145253
1054720 48.211236
1056768 51.554481
1058816 50.509755
1060864 46.542101
1062912 52.117668
1064960 47.808834
1067008 49.814349
1069056 48.534976
1071104 48.624430
1073152 48.162545
1075200 50.644416
1077248 48.697292
1079296 47.461180
1081344 51.890931
1083392 50.394342
1085440 48.218106
1087488 46.987371
1089536 52.370834
1091584 50.353602
1093632 49.086523
1095680 49.501784
1097728 50.922861
1099776 48.547321
1101824 48.547296
1103872 50.670277
1105920 52.156462
1107968 52.576047
1110016 48.496044
1112064 50.070896
1114112 50.765651
1116160 50.074575
1118208 52.312899
1120256 50.120361
1122304 50.956879
1124352 50.431166
1126400 46.511459
1128448 44.517193
1130496 45.578040
1132544 43.910586
1134592 43.041529
1136640 43.089907
1138688 44.228958
1140736 43.711218
1142784 44.483548
1144832 43.029018
1146880 44.861319
1148928 43.619522
1150976 46.788504
1153024 50.132870
1155072 50.453056
1157120 46.486375
1159168 46.261211
1161216 49.689946
1163264 48.110632
1165312 50.223189
1167360 44.707802
1169408 48.304520
1171456 44.280652
1173504 46.474567
1175552 47.584381
1177600 42.891668
1179648 50.131141
1181696 49.559159
1183744 50.915985
1185792 48.228339
1187840 47.231012
1189888 45.701123
1191936 46.889227
1193984 44.262018
1196032 44.751739
1198080 41.311977
1200128 41.718250
1202176 43.357355
1204224 44.403037
1206272 44.698155
1208320 45.575108
1210368 45.039399
1212416 45.473660
1214464 42.839136
1216512 43.423123
1218560 44.825508
1220608 45.628370
1222656 43.869440
1224704 40.988811
1226752 42.031871
1228800 40.836915
1230848 42.119528
1232896 41.563308
1234944 41.734193
1236992 43.732592
1239040 40.506140
1241088 39.805883
1243136 41.591728
1245184 39.623791
1247232 35.425410
1249280 39.097894
1251328 39.021945
1253376 38.636769
1255424 37.985212
1257472 38.831660
1259520 38.899417
1261568 36.157976
1263616 36.932409
1265664 39.656914
1267712 36.153982
1269760 37.860433
1271808 37.041262
1273856 38.347436
1275904 40.026693
1277952 40.050965
1280000 40.154937
1282048 36.148511
1284096 37.134788
1286144 35.255998
1288192 36.175434
1290240 41.308813
1292288 39.321094
1294336 38.848309
1296384 36.664729
1298432 35.092669
1300480 38.133713
1302528 37.784724
1304576 36.910736
1306624 39.398814
1308672 36.413396
1310720 37.726114
1312768 39.765043
1314816 37.351469
1316864 42.825506
1318912 36.338056
1320960 42.365597
1323008 41.002190
1325056 42.528610
1327104 41.184518
1329152 39.464545
1331200 36.599858
1333248 38.444557
1335296 39.438843
1337344 41.592763
1339392 40.034562
1341440 38.811186
1343488 38.827712
1345536 37.537962
1347584 37.053868
1349632 40.484591
1351680 36.975228
1353728 36.163292
1355776 37.591895
1357824 35.299165
1359872 38.362353
1361920 37.088051
1363968 39.769697
1366016 42.713476
1368064 40.236174
1370112 39.773593
1372160 40.470661
1374208 41.067820
1376256 41.608858
1378304 41.750352
1380352 40.484639
1382400 42.640876
1384448 41.728385
1386496 42.918211
1388544 42.996612
1390592 47.047273
1392640 44.932457
1394688 46.395896
1396736 47.309985
1398784 46.625007
1400832 50.606586
1402880 52.916851
1404928 52.465961
1406976 54.724403
1409024 47.709429
1411072 53.004980
1413120 58.336562
1415168 58.428162
1417216 53.546494
1419264 51.272727
1421312 54.113030
1423360 56.366234
1425408 52.741022
1427456 52.464918
1429504 57.479182
1431552 56.792650
1433600 54.085344
1435648 52.509074
1437696 49.412189
1439744 47.303252
1441792 48.714902
1443840 45.197869
1445888 44.775829
1447936 49.751424
1449984 46.191353
1452032 47.000489
1454080 48.291745
1456128 43.118304
1458176 39.774095
1460224 38.797499
1462272 39.665268
1464320 38.241993
1466368 43.696087
1468416 48.251976
1470464 47.864792
1472512 46.727493
1474560 48.283371
1476608 53.447545
1478656 43.814325
1480704 42.336905
1482752 41.970157
1484800 39.907857
1486848 38.658779
1488896 37.182320
1490944 38.446868
1492992 39.344305
1495040 37.904702
1497088 37.269335
1499136 38.532243
1501184 38.678611
1503232 36.974405
1505280 33.576465
1507328 35.741644
1509376 35.635632
1511424 38.050182
1513472 37.154363
1515520 35.880179
1517568 36.751780
1519616 36.472573
1521664 38.156346
1523712 39.867214
1525760 40.191154
1527808 38.235047
1529856 40.485117
1531904 42.764641
1533952 41.780847
1536000 38.657226
1538048 38.635502
1540096 34.961609
1542144 37.457570
1544192 38.493431
1546240 35.697150
1548288 36.727227
1550336 34.738693
1552384 37.667474
1554432 37.897918
1556480 37.150142
1558528 36.308488
1560576 36.544495
1562624 35.599109
1564672 36.027577
1566720 37.843830
1568768 37.677299
1570816 35.847263
1572864 37.902391
1574912 39.579197
1576960 37.670169
1579008 39.858194
1581056 39.757021
1583104 41.336051
1585152 44.366573
1587200 41.464919
1589248 41.851723
1591296 39.196853
1593344 41.143654
1595392 41.193850
1597440 42.004610
1599488 44.406158
1601536 44.505804
1603584 41.812000
1605632 41.605347
1607680 40.642485
1609728 44.186390
1611776 43.844471
1613824 41.676267
1615872 41.373689
1617920 41.262872
1619968 43.842137
1622016 43.112420
1624064 46.283250
1626112 45.723589
1628160 43.798142
1630208 45.402036
1632256 48.236136
1634304 44.507052
1636352 44.411095
1638400 42.893155
1640448 40.731620
1642496 42.480814
1644544 42.312337
1646592 43.873431
1648640 46.505871
1650688 42.546196
1652736 43.019489
1654784 42.913656
1656832 41.768253
1658880 40.941441
1660928 43.375231
1662976 42.003309
1665024 41.322921
1667072 40.462460
1669120 42.404561
1671168 40.969517
1673216 41.260982
1675264 40.796304
1677312 44.804660
1679360 42.770838
1681408 41.174973
1683456 45.606723
1685504 44.991792
1687552 46.562097
1689600 46.099288
1691648 46.187496
1693696 49.212544
1695744 49.960047
1697792 48.514975
1699840 44.617984
1701888 48.823449
1703936 45.931408
1705984 45.785934
1708032 43.476899
1710080 44.604563
1712128 43.262697
1714176 44.341827
1716224 44.820575
1718272 47.651389
1720320 48.516393
1722368 51.562051
1724416 49.133852
1726464 57.047982
1728512 55.232639
1730560 52.895165
1732608 46.996765
1734656 46.589368
1736704 48.395511
1738752 47.990935
1740800 48.738375
1742848 50.886181
1744896 49.087667
1746944 48.751187
1748992 42.890037
1751040 42.714516
1753088 42.556842
1755136 42.800240
1757184 42.029016
1759232 46.594628
1761280 44.108739
1763328 42.921911
1765376 43.672856
1767424 45.517665
1769472 44.972698
1771520 42.264560
1773568 44.279307
1775616 45.521333
1777664 41.815142
1779712 40.909341
1781760 42.360928
1783808 43.038834
1785856 41.607337
1787904 43.655507
1789952 40.549481
1792000 41.661844
1794048 43.804363
1796096 41.816773
1798144 45.560998
1800192 43.675320
1802240 45.065241
1804288 43.935993
1806336 45.938709
1808384 44.957873
1810432 44.170436
1812480 45.666558
1814528 44.978368
1816576 44.629579
1818624 43.662494
1820672 46.780440
1822720 44.652435
1824768 43.641314
1826816 44.501002
1828864 43.888543
1830912 44.752897
1832960 41.993462
1835008 44.088945
1837056 40.887873
1839104 41.127641
1841152 38.496909
1843200 39.309922
1845248 40.297682
1847296 40.156991
1849344 40.649116
1851392 46.354721
1853440 42.203499
1855488 42.092002
1857536 41.549317
1859584 44.231761
1861632 43.913541
1863680 42.557041
1865728 42.706497
1867776 44.844602
1869824 44.965946
1871872 44.601125
1873920 47.974095
1875968 46.257666
1878016 46.939347
1880064 48.192694
1882112 45.167209
1884160 52.189184
1886208 51.635365
1888256 48.653715
1890304 46.463288
1892352 50.431410
1894400 48.883685
1896448 47.486610
1898496 46.555482
1900544 44.632235
1902592 44.837236
1904640 44.324723
1906688 48.038102
1908736 43.133309
1910784 44.652463
1912832 45.465195
1914880 45.982739
1916928 47.835619
1918976 48.816239
1921024 48.887464
1923072 49.871047
1925120 49.141570
1927168 50.238273
1929216 46.813222
1931264 52.857630
1933312 50.889230
1935360 55.285391
1937408 52.109435
1939456 54.940427
1941504 53.112203
1943552 56.858119
1945600 60.217457
1947648 59.177247
1949696 57.497220
1951744 63.558859
1953792 60.490470
1955840 56.764050
1957888 52.588561
1959936 50.815966
1961984 49.938449
1964032 52.280701
1966080 50.656921
1968128 45.047910
1970176 51.039915
1972224 48.682168
1974272 47.646876
1976320 50.385979
1978368 49.800828
1980416 50.032561
1982464 49.923916
1984512 49.319672
1986560 49.673673
1988608 50.889992
1990656 52.307488
1992704 53.048953
1994752 55.394237
1996800 48.233894
1998848 51.242418
2000896 47.739973
