2048 3.595425
4096 23.369515
6144 19.949552
8192 20.967698
10240 20.184179
12288 22.242445
14336 21.640036
16384 28.382992
18432 29.252994
20480 31.363200
22528 27.154765
24576 32.738452
26624 32.974110
28672 29.541233
30720 33.460790
32768 32.248958
34816 32.733556
36864 29.644603
38912 31.257895
40960 36.483373
43008 35.257102
45056 37.169719
47104 36.867514
49152 36.914676
51200 37.984910
53248 40.054564
55296 38.414632
57344 37.710505
59392 35.344887
61440 37.146061
63488 35.504535
65536 36.889048
67584 38.016037
69632 36.910412
71680 37.231108
73728 37.610441
75776 38.275871
77824 39.279636
79872 36.778639
81920 36.859419
83968 36.626947
86016 36.461264
88064 36.626214
90112 36.236820
92160 35.856894
94208 35.709469
96256 36.823636
98304 37.292273
100352 36.453627
102400 36.375933
104448 39.146970
106496 40.428427
108544 40.132064
110592 40.434286
112640 40.114449
114688 39.871215
116736 39.456464
118784 39.381681
120832 40.180269
122880 38.741731
124928 38.577262
126976 38.878391
129024 41.949670
131072 38.035027
133120 36.803782
135168 31.136208
137216 23.788954
139264 28.391582
141312 20.912041
143360 18.490420
145408 16.257614
147456 1.494385
149504 18.357709
151552 -1.456362
153600 3.871076
155648 -7.484533
157696 2.730160
159744 13.547351
161792 11.984618
163840 6.783992
165888 21.528300
167936 36.012454
169984 28.811842
172032 39.730079
174080 31.002601
176128 34.792309
178176 29.738587
180224 25.604559
182272 38.346524
184320 39.221482
186368 39.201038
188416 38.665512
190464 38.664035
192512 37.610398
194560 38.301972
196608 40.962198
198656 38.272850
200704 38.629209
202752 38.808962
204800 38.810826
206848 38.146155
208896 39.795689
210944 39.635696
212992 38.642363
215040 28.555588
217088 18.641131
219136 20.142328
221184 20.798638
223232 9.371734
225280 35.148284
227328 26.316828
229376 24.267530
231424 16.115879
233472 29.039571
235520 23.337038
237568 24.097841
239616 24.428721
241664 26.724235
243712 21.422610
245760 29.696869
247808 32.346003
249856 26.822604
251904 31.036489
253952 30.993004
256000 30.342978
258048 33.077547
260096 31.088125
262144 27.409336
264192 31.597697
266240 37.147049
268288 36.327719
270336 37.313727
272384 31.881185
274432 29.282866
276480 28.407877
278528 37.941455
280576 32.595044
282624 33.352705
284672 38.661813
286720 33.567993
288768 36.095798
290816 27.617476
292864 14.178472
294912 19.623456
296960 11.972117
299008 19.129961
301056 22.608737
303104 24.539205
305152 20.972649
307200 19.527431
309248 21.835569
311296 19.049320
313344 28.160160
315392 13.461248
317440 30.719047
319488 24.175048
321536 26.078679
323584 29.924179
325632 24.311580
327680 27.041793
329728 34.153300
331776 32.124598
333824 23.510174
335872 33.899885
337920 30.060605
339968 29.742654
342016 35.604877
344064 38.301265
346112 31.037895
348160 31.743201
350208 38.934794
352256 36.370619
354304 35.612766
356352 28.302091
358400 38.690821
360448 31.502380
362496 38.070774
364544 33.013323
366592 40.102235
368640 40.538330
370688 40.307362
372736 41.590300
374784 28.318061
376832 40.911198
378880 41.275983
380928 39.366884
382976 40.119601
385024 33.913030
387072 32.370287
389120 39.089768
391168 38.942156
393216 39.524995
395264 25.557439
397312 31.990182
399360 12.911192
401408 12.984099
403456 26.873025
405504 26.319791
407552 31.923972
409600 38.216160
411648 32.195167
413696 25.559603
415744 38.554815
417792 33.207300
419840 39.415350
421888 40.431401
423936 40.227068
425984 41.446283
428032 42.077825
430080 40.689682
432128 42.207731
434176 39.674207
436224 40.578776
438272 42.685798
440320 40.214721
442368 41.743521
444416 40.766580
446464 42.886774
448512 41.149651
450560 43.644627
452608 43.230368
454656 43.402265
456704 42.548838
458752 43.161410
460800 41.488568
462848 40.763591
464896 43.328731
466944 41.782539
468992 40.103638
471040 38.990293
473088 34.971879
475136 31.878012
477184 40.737889
479232 40.734839
481280 41.410766
483328 41.140721
485376 42.666597
487424 43.901098
489472 44.974173
491520 42.602659
493568 39.900488
495616 41.504206
497664 40.078946
499712 40.238825
501760 40.553111
503808 40.258840
505856 41.212008
507904 39.809687
509952 36.096968
512000 31.204294
514048 40.993592
516096 40.748296
518144 40.650298
520192 39.048364
522240 33.133689
524288 40.353827
526336 38.629908
528384 24.244811
530432 24.362897
532480 35.196241
534528 34.021990
536576 30.603431
538624 17.882024
540672 0.029292
542720 13.738275
544768 -2.337940
546816 -6.782870
548864 -0.057894
550912 15.508570
552960 -4.884484
555008 4.405999
557056 29.055807
559104 27.858148
561152 20.998143
563200 33.138858
565248 25.165497
567296 33.109067
569344 39.008078
571392 34.093821
573440 40.564759
575488 39.940981
577536 37.794323
579584 41.077952
581632 36.275349
583680 37.007914
585728 40.706112
587776 39.208081
589824 40.155441
591872 39.393184
593920 40.482178
595968 35.357963
598016 42.330161
600064 40.328953
602112 34.916215
604160 32.728958
606208 41.346374
608256 41.323346
610304 39.261294
612352 40.605909
614400 32.833376
616448 41.287855
618496 37.975869
620544 40.817238
622592 38.452113
624640 42.119741
626688 42.195966
628736 40.934550
630784 41.941887
632832 41.584027
634880 40.999882
636928 41.137648
638976 41.391451
641024 41.376287
643072 40.779241
645120 41.698786
647168 40.230942
649216 40.023729
651264 40.387641
653312 41.374086
655360 40.869467
657408 39.077490
659456 39.657129
661504 39.281232
663552 39.614643
665600 12.681778
667648 26.148439
669696 5.001457
671744 20.870030
673792 5.164563
675840 34.167828
677888 6.265525
679936 20.576131
681984 4.944180
684032 6.165440
686080 41.262452
688128 40.556342
690176 40.678849
692224 40.783756
694272 42.040501
696320 41.331406
698368 40.983147
700416 42.301003
702464 43.121421
704512 43.195488
706560 41.784013
708608 42.735434
710656 42.536974
712704 42.998873
714752 42.997509
716800 44.247902
718848 43.876763
720896 43.947729
722944 43.955723
724992 43.990326
727040 45.453849
729088 43.970778
731136 43.429198
733184 42.989757
735232 42.492555
737280 43.046975
739328 42.990743
741376 42.964463
743424 43.060309
745472 43.804235
747520 42.664430
749568 44.621533
751616 43.323885
753664 43.920084
755712 36.137900
757760 43.880729
759808 44.887458
761856 44.721034
763904 44.760142
765952 44.602313
768000 44.409241
770048 43.550308
772096 44.288598
774144 44.156698
776192 44.168046
778240 43.953305
780288 44.810192
782336 43.449670
784384 44.797761
786432 43.875284
788480 43.974557
790528 44.987073
792576 45.562977
794624 46.181521
796672 46.703271
798720 45.887075
800768 44.995050
802816 46.323318
804864 46.508656
806912 39.359008
808960 47.334617
811008 46.684464
813056 46.970260
815104 46.182686
817152 46.639747
819200 47.334083
821248 46.752720
823296 47.585864
825344 48.723352
827392 48.076190
829440 47.401147
831488 47.551568
833536 47.387194
835584 47.803125
837632 46.862937
839680 47.958593
841728 47.233941
843776 47.568571
845824 47.865644
847872 46.971338
849920 47.412308
851968 47.474684
854016 47.759348
856064 47.730322
858112 47.649103
860160 47.984166
862208 48.830828
864256 48.459741
866304 48.168609
868352 49.021508
870400 48.972738
872448 49.461275
874496 50.711005
876544 50.863336
878592 50.201699
880640 50.792877
882688 50.912411
884736 51.281825
886784 51.398387
888832 51.166406
890880 50.932155
892928 51.664257
894976 51.849137
897024 53.063461
899072 52.699304
901120 52.838288
903168 52.943829
905216 52.954840
907264 52.240464
909312 52.549229
911360 52.294971
913408 52.696439
915456 53.388013
917504 54.008344
919552 52.799218
921600 53.262058
923648 53.289335
925696 52.956912
927744 52.943288
929792 53.413546
931840 52.977104
933888 52.995277
935936 53.801569
937984 54.306094
940032 54.377005
942080 54.887089
944128 54.653694
946176 56.381165
948224 56.234071
950272 55.869612
952320 55.778558
954368 55.510763
956416 55.633668
958464 57.097655
960512 56.021553
962560 56.054273
964608 55.867176
966656 57.759520
968704 57.997614
970752 57.547415
972800 55.598580
974848 56.962062
976896 57.323268
978944 57.262118
980992 57.331794
983040 56.537553
985088 57.678017
987136 58.539429
989184 58.029769
991232 58.943810
993280 59.194607
995328 59.700380
997376 59.415117
999424 59.790558
1001472 59.578150
1003520 60.175932
1005568 59.812371
1007616 59.131594
1009664 59.459460
1011712 60.719239
1013760 59.200824
1015808 60.478960
1017856 60.624482
1019904 60.819825
1021952 60.831861
1024000 60.238261
1026048 60.816317
1028096 61.808698
1030144 62.234520
1032192 61.977984
1034240 62.960073
1036288 63.446794
1038336 63.198873
1040384 63.145850
1042432 64.347329
1044480 63.517996
1046528 63.217984
1048576 62.959433
1050624 63.930220
1052672 64.289108
1054720 64.244257
1056768 65.823283
1058816 65.191049
1060864 66.185777
1062912 65.333991
1064960 65.634351
1067008 65.754133
1069056 64.960585
1071104 62.870640
1073152 65.253258
1075200 65.717083
1077248 65.357437
1079296 65.349897
1081344 65.827782
1083392 66.833682
1085440 67.828677
1087488 69.412605
1089536 69.309013
1091584 67.905112
1093632 68.921964
1095680 67.700120
1097728 67.576250
1099776 69.558778
1101824 70.264465
1103872 69.072417
1105920 69.853603
1107968 69.123133
1110016 63.846961
1112064 66.450331
1114112 67.867963
1116160 69.679138
1118208 70.767157
1120256 70.569677
1122304 70.429116
1124352 71.451489
1126400 71.980220
1128448 69.738220
1130496 70.077382
1132544 71.075066
1134592 71.144929
1136640 72.401294
1138688 72.193858
1140736 72.583879
1142784 73.060724
1144832 73.960900
1146880 74.030458
1148928 74.868084
1150976 74.532457
1153024 74.519553
1155072 69.977511
1157120 69.140513
1159168 73.171011
1161216 69.836511
1163264 73.102021
1165312 70.871289
1167360 72.516424
1169408 75.419838
1171456 74.900909
1173504 72.760645
1175552 73.392350
1177600 72.528534
1179648 75.255330
1181696 70.110461
1183744 70.772520
1185792 72.954164
1187840 72.330671
1189888 72.603536
1191936 72.874886
1193984 69.609538
1196032 65.515446
1198080 67.066477
1200128 70.499174
1202176 74.050667
1204224 72.458454
1206272 73.523825
1208320 67.805390
1210368 37.843436
1212416 61.590045
1214464 69.625010
1216512 67.388250
1218560 65.369316
1220608 73.569502
1222656 73.221190
1224704 75.438585
1226752 75.859867
1228800 76.294640
1230848 76.883311
1232896 76.332352
1234944 75.943095
1236992 75.958393
1239040 77.071336
1241088 77.080912
1243136 77.362848
1245184 77.409234
1247232 75.641363
1249280 75.701146
1251328 75.260754
1253376 75.768191
1255424 75.006898
1257472 76.009676
1259520 75.693286
1261568 75.415876
1263616 74.702971
1265664 72.989401
1267712 72.502727
1269760 73.296416
1271808 74.702120
1273856 74.628073
1275904 75.599021
1277952 74.454183
1280000 77.277919
1282048 78.184233
1284096 78.201381
1286144 71.272982
1288192 69.726555
1290240 77.737114
1292288 74.245711
1294336 73.287402
1296384 73.002970
1298432 69.124653
1300480 75.926178
1302528 73.712126
1304576 73.438116
1306624 72.856545
1308672 66.676157
1310720 77.748648
1312768 76.185133
1314816 75.892064
1316864 77.572748
1318912 79.028601
1320960 79.267896
1323008 77.011146
1325056 75.341584
1327104 77.172786
1329152 72.926884
1331200 75.182220
1333248 74.654676
1335296 74.533803
1337344 71.461131
1339392 73.950936
1341440 74.137532
1343488 75.359216
1345536 76.491563
1347584 77.407388
1349632 73.660446
1351680 76.635653
1353728 76.437862
1355776 75.960802
1357824 76.293737
1359872 77.364417
1361920 77.726221
1363968 78.267855
1366016 78.514973
1368064 76.736443
1370112 75.399398
1372160 72.337071
1374208 68.102761
1376256 66.297523
1378304 68.591923
1380352 69.805174
1382400 70.655553
1384448 72.793759
1386496 70.955154
1388544 68.876545
1390592 68.842410
1392640 68.511442
1394688 68.785712
1396736 68.470958
1398784 66.644042
1400832 68.796476
1402880 68.603610
1404928 67.470234
1406976 66.876500
1409024 67.389311
1411072 63.290540
1413120 63.496086
1415168 57.696284
1417216 46.098663
1419264 50.906683
1421312 48.647691
1423360 50.769061
1425408 53.574304
1427456 52.746328
1429504 53.084234
1431552 52.933142
1433600 55.661015
1435648 59.906863
1437696 58.662864
1439744 60.463432
1441792 60.117172
1443840 64.475549
1445888 63.281507
1447936 64.411382
1449984 63.034823
1452032 64.676763
1454080 66.043424
1456128 64.706534
1458176 66.608312
1460224 68.150924
1462272 65.735072
1464320 67.047682
1466368 67.521274
1468416 69.527603
1470464 68.841472
1472512 66.270798
1474560 64.425811
1476608 68.796949
1478656 67.543214
1480704 68.491503
1482752 68.415784
1484800 68.506819
1486848 69.846902
1488896 70.320842
1490944 69.832578
1492992 68.673219
1495040 69.067123
1497088 67.797170
1499136 67.942955
1501184 68.990307
1503232 69.173074
1505280 68.738067
1507328 69.184474
1509376 68.054525
1511424 70.325793
1513472 68.602446
1515520 70.064397
1517568 68.934766
1519616 68.177165
1521664 68.905177
1523712 69.803189
1525760 68.751265
1527808 67.441654
1529856 68.364246
1531904 67.787577
1533952 66.952421
1536000 66.609662
1538048 65.947700
1540096 66.292680
1542144 66.122211
1544192 68.721316
1546240 69.070942
1548288 70.167019
1550336 69.316014
1552384 70.202056
1554432 72.975460
1556480 72.358529
1558528 72.349900
1560576 73.107622
1562624 73.715388
1564672 73.966526
1566720 73.647648
1568768 74.247019
1570816 73.636328
1572864 74.492594
1574912 73.342387
1576960 74.780871
1579008 74.416390
1581056 75.182119
1583104 75.002130
1585152 75.826424
1587200 75.645951
1589248 74.945159
1591296 75.834883
1593344 74.485759
1595392 75.538326
1597440 76.455005
1599488 76.897162
1601536 78.320282
1603584 78.948266
1605632 78.911976
1607680 78.968290
1609728 79.675784
1611776 80.884670
1613824 81.849449
1615872 79.541552
1617920 81.133895
1619968 83.254499
1622016 82.630367
1624064 82.100552
1626112 79.453949
1628160 80.725368
1630208 80.791723
1632256 81.296499
1634304 79.410313
1636352 78.323389
1638400 79.796558
1640448 80.045056
1642496 81.280989
1644544 79.589078
1646592 79.419497
1648640 78.870141
1650688 79.772854
1652736 81.127224
1654784 83.304684
1656832 83.431587
1658880 84.453343
1660928 82.283934
1662976 86.641027
1665024 85.015795
1667072 85.124588
1669120 86.506710
1671168 87.942460
1673216 87.030414
1675264 88.471380
1677312 88.663315
1679360 88.546285
1681408 79.722574
1683456 83.346107
1685504 85.380222
1687552 85.159889
1689600 84.830394
1691648 87.312987
1693696 86.732295
1695744 87.383214
1697792 91.198644
1699840 89.284128
1701888 82.022569
1703936 86.303719
1705984 82.828768
1708032 81.364098
1710080 80.503440
1712128 80.434882
1714176 87.128907
1716224 88.287105
1718272 88.007642
1720320 90.391097
1722368 91.571820
1724416 91.428439
1726464 89.647429
1728512 92.129111
1730560 90.810460
1732608 91.271756
1734656 91.486809
1736704 86.533963
1738752 88.509078
1740800 82.379490
1742848 86.401598
1744896 86.445965
1746944 85.809852
1748992 88.897221
1751040 91.025448
1753088 91.836071
1755136 88.963542
1757184 90.546719
1759232 89.952547
1761280 84.463215
1763328 86.197572
1765376 87.730109
1767424 88.803952
1769472 92.573102
1771520 91.781243
1773568 93.479508
1775616 92.631956
1777664 90.403931
1779712 87.453007
1781760 86.144866
1783808 86.267307
1785856 85.079787
1787904 87.474315
1789952 86.658703
1792000 89.161936
1794048 88.530870
1796096 89.152790
1798144 88.311983
1800192 90.255642
1802240 90.235796
1804288 89.828892
1806336 89.060994
1808384 88.531821
1810432 87.490902
1812480 88.825625
1814528 87.194730
1816576 88.442110
1818624 88.047723
1820672 87.008219
1822720 86.504523
1824768 88.778402
1826816 88.647248
1828864 88.339606
1830912 92.552162
1832960 91.434181
1835008 87.582174
1837056 89.278123
1839104 88.936401
1841152 90.239361
1843200 89.162700
1845248 86.051448
1847296 86.446437
1849344 87.810043
1851392 87.042949
1853440 87.720916
1855488 87.680829
1857536 86.849050
1859584 87.616536
1861632 85.151786
1863680 87.191577
1865728 88.094639
1867776 87.055947
1869824 89.307913
1871872 90.260273
1873920 91.180293
1875968 88.221919
1878016 90.562801
1880064 92.125131
1882112 94.507677
1884160 94.731428
1886208 91.691643
1888256 93.449312
1890304 94.709983
1892352 94.127455
1894400 94.109672
1896448 95.463919
1898496 95.249406
1900544 96.353087
1902592 94.718317
1904640 97.386675
1906688 96.928298
1908736 98.123282
1910784 97.210702
1912832 95.990072
1914880 95.148261
1916928 96.771053
1918976 95.122729
1921024 96.411020
1923072 95.618171
1925120 96.313911
1927168 94.672954
1929216 93.256394
1931264 94.595010
1933312 94.423452
1935360 92.301987
1937408 90.303506
1939456 90.802550
1941504 93.184770
1943552 93.248407
1945600 92.976879
1947648 94.953808
1949696 96.457236
1951744 93.591283
1953792 98.353091
1955840 96.694887
1957888 97.986120
1959936 98.830821
1961984 97.731335
1964032 97.566023
1966080 97.740189
1968128 98.708242
1970176 98.246635
1972224 98.007404
1974272 96.163369
1976320 98.189726
1978368 96.976642
1980416 96.480475
1982464 93.884139
1984512 93.792230
1986560 91.824063
1988608 89.022308
1990656 90.099365
1992704 91.672316
1994752 87.532330
1996800 91.915614
1998848 96.002365
2000896 94.068764
