2048 0.694474
4096 4.499269
6144 7.360458
8192 8.172206
10240 15.905870
12288 13.417930
14336 21.632815
16384 19.189365
18432 21.035130
20480 20.332282
22528 21.431599
24576 20.641351
26624 26.492539
28672 26.992097
30720 28.359678
32768 29.701882
34816 21.129507
36864 33.183338
38912 34.781660
40960 29.518899
43008 30.744072
45056 34.767884
47104 34.881378
49152 35.512731
51200 36.290292
53248 37.854510
55296 36.829377
57344 35.786514
59392 36.540533
61440 38.350924
63488 28.924988
65536 27.927921
67584 32.488959
69632 37.460681
71680 38.149710
73728 38.236610
75776 39.049919
77824 39.546885
79872 40.270834
81920 37.920530
83968 38.928856
86016 34.984531
88064 35.262255
90112 38.114803
92160 41.076135
94208 41.449092
96256 42.149752
98304 41.814817
100352 41.306121
102400 43.660001
104448 41.857989
106496 40.896255
108544 44.116039
110592 45.120960
112640 44.121153
114688 48.907289
116736 49.809046
118784 48.693605
120832 51.822176
122880 53.700979
124928 56.814004
126976 57.757995
129024 62.565990
131072 62.825496
133120 58.631743
135168 55.937541
137216 52.104315
139264 66.145805
141312 45.158808
143360 72.245257
145408 68.737879
147456 70.241979
149504 71.855908
151552 71.456740
153600 68.529767
155648 72.149320
157696 75.032343
159744 70.078870
161792 47.582348
163840 75.048307
165888 73.719937
167936 71.547716
169984 57.876304
172032 76.580858
174080 78.162909
176128 81.968049
178176 82.827377
180224 83.064660
182272 65.184413
184320 61.300125
186368 85.325089
188416 89.851219
190464 86.525766
192512 89.361513
194560 92.343886
196608 93.524408
198656 96.910676
200704 96.547510
202752 95.362746
204800 95.790110
206848 96.993533
208896 91.837282
210944 93.664615
212992 94.528103
215040 93.792366
217088 97.148778
219136 94.516194
221184 94.643925
223232 91.301085
225280 93.486021
227328 95.877273
229376 94.732798
231424 96.481896
233472 89.883886
235520 92.511382
237568 100.870841
239616 101.720639
241664 102.373676
243712 105.677768
245760 106.328185
247808 106.238400
249856 107.086941
251904 106.416772
253952 108.257305
256000 106.189854
258048 106.572739
260096 101.176209
262144 101.491780
264192 103.368777
266240 105.108949
268288 102.659421
270336 103.601953
272384 100.528246
274432 102.807725
276480 103.308304
278528 102.994122
280576 102.393295
282624 102.402116
284672 102.297321
286720 101.519944
288768 104.647690
290816 106.242731
292864 105.624687
294912 103.135753
296960 100.989821
299008 98.104476
301056 98.981173
303104 97.283681
305152 98.126414
307200 95.626171
309248 97.529429
311296 98.939753
313344 97.223461
315392 90.525034
317440 96.579362
319488 97.879158
321536 93.792923
323584 96.815983
325632 93.043750
327680 92.924226
329728 96.510540
331776 98.009358
333824 97.896629
335872 99.003910
337920 95.937533
339968 97.171020
342016 99.530685
344064 97.968506
346112 97.061992
348160 95.966284
350208 91.150080
352256 96.892682
354304 97.750254
356352 97.919611
358400 97.500189
360448 97.992687
362496 98.997177
364544 100.595790
366592 101.461801
368640 98.297210
370688 100.776655
372736 100.646235
374784 98.536215
376832 101.716787
378880 97.209595
380928 101.542378
382976 101.534046
385024 101.814158
387072 103.874391
389120 106.899426
391168 108.411013
393216 109.904329
395264 108.073132
397312 107.789891
399360 105.116004
401408 104.944964
403456 104.670790
405504 104.310166
407552 103.418860
409600 104.820317
411648 103.693519
413696 101.747521
415744 102.113191
417792 104.461875
419840 106.379523
421888 105.947754
423936 105.632359
425984 109.142906
428032 108.761173
430080 111.949186
432128 110.198337
434176 109.037786
436224 108.014015
438272 108.780038
440320 107.923039
442368 106.704556
444416 108.815561
446464 109.793914
448512 112.268952
450560 108.897716
452608 110.405861
454656 109.921671
456704 111.193534
458752 111.277203
460800 106.290833
462848 107.996557
464896 106.760228
466944 109.198540
468992 113.861478
471040 112.165477
473088 111.181444
475136 110.955494
477184 113.794447
479232 110.341954
481280 111.314989
483328 109.802188
485376 109.254007
487424 109.695848
489472 105.652860
491520 104.766245
493568 107.404726
495616 103.201244
497664 108.247893
499712 107.540459
501760 108.606223
503808 110.410601
505856 109.484517
507904 112.604956
509952 111.468076
512000 112.270407
514048 111.664278
516096 111.854972
518144 112.567171
520192 114.098879
522240 109.935240
524288 110.084610
526336 113.063101
528384 114.934806
530432 111.241938
532480 111.349289
534528 115.029962
536576 111.458060
538624 109.770319
540672 109.916002
542720 107.578057
544768 105.901840
546816 106.724868
548864 104.328894
550912 97.120227
552960 97.518621
555008 95.710654
557056 94.944205
559104 98.772623
561152 99.808902
563200 100.329820
565248 101.660280
567296 105.798944
569344 101.165629
571392 104.795674
573440 106.259535
575488 104.520747
577536 100.106188
579584 99.947680
581632 106.510101
583680 106.609211
585728 106.278309
587776 103.124020
589824 103.809795
591872 104.003242
593920 105.022862
595968 101.319509
598016 106.680605
600064 106.378996
602112 104.440445
604160 103.055243
606208 102.711812
608256 102.414472
610304 101.774139
612352 102.926267
614400 101.705702
616448 103.628926
618496 105.021793
620544 106.264731
622592 109.427522
624640 111.461529
626688 114.281029
628736 114.571660
630784 111.616175
632832 112.212658
634880 111.845871
636928 113.329455
638976 109.311469
641024 112.708854
643072 111.320587
645120 110.262636
647168 111.001492
649216 109.049485
651264 112.556148
653312 108.224548
655360 107.315666
657408 106.703881
659456 111.361034
661504 108.855007
663552 109.082244
665600 111.601108
667648 113.059369
669696 116.909366
671744 117.506595
673792 118.590537
675840 118.642394
677888 119.934075
679936 120.788313
681984 121.134919
684032 119.509105
686080 119.204570
688128 119.561861
690176 120.993436
692224 117.154139
694272 118.218909
696320 116.162894
698368 116.029627
700416 117.688026
702464 118.704184
704512 119.604843
706560 117.862989
708608 120.562534
710656 118.584999
712704 120.000774
714752 119.480063
716800 115.565787
718848 114.391301
720896 115.848354
722944 115.400562
724992 116.311412
727040 114.423840
729088 114.053211
731136 112.782385
733184 112.946213
735232 108.278952
737280 112.119453
739328 112.773705
741376 112.288186
743424 108.030181
745472 108.607110
747520 112.966385
749568 112.373963
751616 111.450586
753664 116.163258
755712 115.732615
757760 116.862960
759808 117.076119
761856 117.708287
763904 116.789424
765952 114.941009
768000 117.879110
770048 115.131099
772096 115.751827
774144 114.789162
776192 114.734976
778240 119.468859
780288 116.641229
782336 116.504099
784384 114.148390
786432 113.127201
788480 112.156352
790528 114.944521
792576 115.049944
794624 114.404422
796672 112.531559
798720 110.802567
800768 113.701695
802816 111.126222
804864 114.717920
806912 114.106971
808960 113.035701
811008 114.487006
813056 112.324051
815104 114.924463
817152 108.388241
819200 108.022562
821248 100.958328
823296 100.800691
825344 100.982660
827392 105.194590
829440 100.696544
831488 106.845676
833536 107.546039
835584 107.367822
837632 108.335387
839680 108.925419
841728 109.777576
843776 112.973833
845824 108.264576
847872 113.610674
849920 111.426652
851968 113.978845
854016 114.332251
856064 115.488006
858112 112.614868
860160 113.561205
862208 111.850385
864256 111.729472
866304 109.673492
868352 108.413036
870400 110.839875
872448 111.781139
874496 106.717028
876544 105.519421
878592 108.313768
880640 108.760256
882688 108.289682
884736 110.942755
886784 110.995230
888832 112.068289
890880 113.546762
892928 105.875682
894976 107.846512
897024 109.877757
899072 109.712571
901120 111.847636
903168 111.963141
905216 110.851091
907264 110.786271
909312 113.673472
911360 109.644162
913408 107.755938
915456 113.002937
917504 111.621119
919552 112.523143
921600 111.564834
923648 112.557089
925696 109.680666
927744 109.326778
929792 111.183915
931840 108.419601
933888 111.018882
935936 112.579644
937984 115.441379
940032 114.655685
942080 117.649529
944128 113.937581
946176 113.527663
948224 118.934145
950272 119.139280
952320 119.609361
954368 120.390637
956416 118.522394
958464 119.231545
960512 118.805356
962560 119.214041
964608 118.488830
966656 121.118039
968704 117.068431
970752 120.057644
972800 118.681649
974848 119.651248
976896 121.088775
978944 121.790335
980992 120.828579
983040 122.343414
985088 117.591501
987136 118.890351
989184 120.078003
991232 119.333213
993280 120.932622
995328 123.276599
997376 121.558340
999424 115.920253
1001472 120.510507
1003520 120.505448
1005568 118.057158
1007616 122.230079
1009664 122.318529
1011712 118.563689
1013760 120.066724
1015808 116.234302
1017856 115.239838
1019904 115.158906
1021952 114.142467
1024000 112.694938
1026048 113.050859
1028096 109.441374
1030144 107.938121
1032192 108.432676
1034240 111.585964
1036288 114.174066
1038336 112.000881
1040384 110.836831
1042432 108.532845
1044480 106.766383
1046528 102.766289
1048576 105.897445
1050624 108.044961
1052672 108.353462
1054720 110.123672
1056768 111.146589
1058816 111.352274
1060864 114.463576
1062912 112.880867
1064960 113.827374
1067008 112.830763
1069056 111.578613
1071104 112.885144
1073152 112.097268
1075200 111.961243
1077248 116.042385
1079296 114.449163
1081344 115.830424
1083392 113.889733
1085440 115.305049
1087488 110.874967
1089536 113.296447
1091584 116.189051
1093632 114.124716
1095680 111.107858
1097728 112.027956
1099776 111.517432
1101824 113.561928
1103872 113.668166
1105920 110.769438
1107968 112.350470
1110016 109.432038
1112064 109.178940
1114112 107.686019
1116160 109.214630
1118208 109.763195
1120256 110.531635
1122304 110.077046
1124352 111.168029
1126400 108.022116
1128448 109.626311
1130496 109.825291
1132544 109.333312
1134592 111.582774
1136640 113.974627
1138688 110.226352
1140736 112.019080
1142784 112.269299
1144832 112.935187
1146880 109.066975
1148928 111.869524
1150976 112.047069
1153024 109.612677
1155072 111.652878
1157120 110.305518
1159168 112.029524
1161216 116.789553
1163264 118.039165
1165312 117.366205
1167360 117.876178
1169408 119.828754
1171456 118.495908
1173504 116.013173
1175552 113.839991
1177600 113.269028
1179648 112.710487
1181696 115.615947
1183744 116.487254
1185792 117.022178
1187840 118.806401
1189888 116.075898
1191936 114.503793
1193984 115.376385
1196032 112.964844
1198080 114.596195
1200128 113.328520
1202176 113.994084
1204224 117.700012
1206272 114.094091
1208320 116.496762
1210368 114.173871
1212416 112.342650
1214464 113.363233
1216512 114.500015
1218560 115.716602
1220608 112.089812
1222656 117.720206
1224704 116.633814
1226752 113.039367
1228800 115.979061
1230848 112.867944
1232896 111.001783
1234944 111.147689
1236992 106.445907
1239040 108.359996
1241088 108.426980
1243136 108.060659
1245184 110.061900
1247232 104.570404
1249280 109.871792
1251328 108.015765
1253376 110.517415
1255424 109.548319
1257472 110.035668
1259520 107.754775
1261568 107.550470
1263616 106.800918
1265664 108.821129
1267712 109.326867
1269760 107.286905
1271808 108.546076
1273856 108.690801
1275904 108.344285
1277952 109.013893
1280000 107.952333
1282048 109.791288
1284096 107.864532
1286144 110.377125
1288192 110.987763
1290240 112.806848
1292288 112.757642
1294336 114.971980
1296384 111.911726
1298432 114.283880
1300480 114.962586
1302528 116.059667
1304576 114.504248
1306624 113.442067
1308672 112.686847
1310720 111.291069
1312768 111.361471
1314816 112.096458
1316864 111.227051
1318912 108.690039
1320960 108.248838
1323008 108.936749
1325056 107.746463
1327104 108.745291
1329152 106.857461
1331200 108.679901
1333248 107.293700
1335296 107.711429
1337344 110.224499
1339392 110.516872
1341440 109.116710
1343488 111.402011
1345536 110.549962
1347584 110.378718
1349632 111.299651
1351680 111.689356
1353728 111.845166
1355776 111.609149
1357824 112.425527
1359872 114.755808
1361920 115.430831
1363968 112.598030
1366016 115.537047
1368064 114.666151
1370112 115.332427
1372160 114.892905
1374208 116.556629
1376256 115.687004
1378304 115.735346
1380352 113.974769
1382400 115.744643
1384448 112.645763
1386496 116.319272
1388544 115.263431
1390592 113.893844
1392640 115.107336
1394688 114.568443
1396736 113.183320
1398784 112.673501
1400832 113.046734
1402880 113.488997
1404928 111.527097
1406976 111.410772
1409024 111.436140
1411072 110.199264
1413120 108.914871
1415168 109.519812
1417216 108.163243
1419264 108.721136
1421312 109.127836
1423360 109.498202
1425408 111.239077
1427456 112.772489
1429504 111.061706
1431552 109.788450
1433600 110.341458
1435648 109.079366
1437696 112.491597
1439744 111.757572
1441792 112.263901
1443840 110.157090
1445888 113.787907
1447936 111.416315
1449984 115.723731
1452032 116.896115
1454080 114.772301
1456128 115.257350
1458176 117.335098
1460224 119.729994
1462272 116.142892
1464320 116.537819
1466368 116.753645
1468416 118.116547
1470464 117.417995
1472512 115.187785
1474560 114.988248
1476608 118.334129
1478656 115.839610
1480704 116.719735
1482752 115.403873
1484800 114.218570
1486848 117.024877
1488896 116.046786
1490944 115.021895
1492992 114.714581
1495040 116.740213
1497088 118.375018
1499136 116.219876
1501184 117.002068
1503232 115.890614
1505280 116.348234
1507328 117.169454
1509376 114.641025
1511424 115.618342
1513472 116.853704
1515520 118.275247
1517568 117.689554
1519616 113.751639
1521664 110.404234
1523712 110.640603
1525760 107.267779
1527808 112.622095
1529856 114.570933
1531904 113.036554
1533952 114.370045
1536000 114.553657
1538048 112.921964
1540096 112.336340
1542144 115.505374
1544192 115.049847
1546240 116.931016
1548288 116.328536
1550336 116.159197
1552384 114.957688
1554432 117.021358
1556480 114.642340
1558528 118.962692
1560576 117.621188
1562624 117.256787
1564672 117.973074
1566720 118.175965
1568768 118.995858
1570816 117.693387
1572864 114.607148
1574912 117.826460
1576960 115.426319
1579008 114.661142
1581056 113.016775
1583104 112.534925
1585152 113.592394
1587200 113.050627
1589248 112.385335
1591296 111.656970
1593344 109.823061
1595392 114.077437
1597440 115.577948
1599488 112.400497
1601536 110.870005
1603584 112.750579
1605632 110.851424
1607680 111.987761
1609728 113.721457
1611776 113.170532
1613824 113.664208
1615872 114.514570
1617920 114.134416
1619968 114.175322
1622016 114.127922
1624064 115.526050
1626112 114.882039
1628160 115.493329
1630208 118.761117
1632256 118.304934
1634304 118.836138
1636352 116.584687
1638400 116.385104
1640448 118.654301
1642496 118.440705
1644544 118.106812
1646592 116.568103
1648640 115.572915
1650688 117.414777
1652736 117.045413
1654784 118.702902
1656832 116.604703
1658880 115.838113
1660928 115.833736
1662976 113.800858
1665024 113.499423
1667072 112.698885
1669120 114.448274
1671168 115.241690
1673216 112.644190
1675264 109.671953
1677312 111.184136
1679360 112.248695
1681408 113.240340
1683456 111.726005
1685504 109.865698
1687552 109.887342
1689600 111.727190
1691648 110.325285
1693696 112.546898
1695744 114.002597
1697792 112.149092
1699840 112.991589
1701888 115.700190
1703936 114.219866
1705984 114.315241
1708032 115.111619
1710080 114.021472
1712128 111.599716
1714176 113.192264
1716224 116.399801
1718272 114.746755
1720320 118.022439
1722368 119.681322
1724416 120.798014
1726464 117.556617
1728512 118.013947
1730560 119.484819
1732608 120.028895
1734656 117.765688
1736704 117.814576
1738752 121.958824
1740800 119.187186
1742848 120.871812
1744896 120.354976
1746944 118.744631
1748992 119.830797
1751040 116.833964
1753088 118.460294
1755136 117.150070
1757184 115.912053
1759232 118.774704
1761280 116.565533
1763328 115.187992
1765376 116.176955
1767424 117.155133
1769472 116.628476
1771520 114.980861
1773568 117.983795
1775616 117.306175
1777664 117.162977
1779712 115.182660
1781760 116.318788
1783808 114.310037
1785856 112.357007
1787904 115.317279
1789952 111.384755
1792000 114.113168
1794048 113.722645
1796096 113.546169
1798144 114.928586
1800192 113.220696
1802240 111.913659
1804288 113.896122
1806336 111.253487
1808384 113.096058
1810432 112.714429
1812480 110.414575
1814528 112.522790
1816576 114.682264
1818624 112.917199
1820672 114.177066
1822720 117.098505
1824768 116.008132
1826816 115.793720
1828864 114.037377
1830912 114.035386
1832960 112.993486
1835008 114.577980
1837056 111.468969
1839104 113.821888
1841152 112.958924
1843200 117.273057
1845248 115.768918
1847296 115.982205
1849344 114.840545
1851392 112.949846
1853440 115.553698
1855488 116.022314
1857536 117.122028
1859584 116.417528
1861632 117.994330
1863680 119.175598
1865728 117.072713
1867776 118.430601
1869824 118.626731
1871872 116.485643
1873920 115.216648
1875968 117.161267
1878016 116.253574
1880064 116.631279
1882112 115.443016
1884160 115.277593
1886208 112.947608
1888256 113.509129
1890304 112.130815
1892352 108.726945
1894400 109.396796
1896448 109.884692
1898496 109.753940
1900544 108.782387
1902592 111.818515
1904640 110.355829
1906688 110.822294
1908736 111.091113
1910784 111.702449
1912832 110.705387
1914880 107.475964
1916928 115.998362
1918976 109.154240
1921024 113.214781
1923072 111.206205
1925120 110.835592
1927168 110.163719
1929216 107.833754
1931264 114.957480
1933312 115.996101
1935360 114.416456
1937408 112.212210
1939456 113.491652
1941504 112.765463
1943552 112.534625
1945600 110.534195
1947648 112.352279
1949696 113.027818
1951744 110.336150
1953792 112.328768
1955840 115.927722
1957888 115.156071
1959936 114.870300
1961984 117.170319
1964032 114.914915
1966080 115.578763
1968128 117.059468
1970176 114.206195
1972224 110.187689
1974272 109.430954
1976320 109.721945
1978368 108.093649
1980416 111.077607
1982464 106.527097
1984512 111.113339
1986560 106.747882
1988608 106.318839
1990656 111.945668
1992704 113.140227
1994752 111.403136
1996800 113.197852
1998848 114.000976
2000896 116.616001
