10 -1.178467
35 0.693630
58 -0.692952
68 -2.813966
93 -1.500424
112 4.450228
145 13.336643
173 -2.994575
201 7.763585
234 6.225189
248 3.268107
261 -2.225679
274 1.087348
284 -1.386254
303 3.408280
323 5.517565
338 -4.924733
358 -6.380895
374 -9.853222
387 2.389198
399 -4.881343
431 -0.307789
442 -2.010829
456 3.182744
479 2.805453
497 1.423789
511 1.460099
523 -7.545229
534 0.180835
553 3.707986
567 4.404164
581 -1.910927
607 -1.549988
616 -4.486736
630 -1.619175
660 7.980836
677 -6.039525
706 -1.927604
723 -3.138699
734 -0.728753
745 -4.377814
762 3.731132
795 10.329025
827 8.488645
845 4.770586
864 -2.722474
874 -1.959457
883 -0.554939
894 -3.888300
910 -2.011911
929 -7.492063
939 -2.239767
958 2.679243
996 11.507831
1009 -7.171236
1035 5.540998
1053 -2.524734
1087 18.371935
1102 -4.035887
1132 15.027223
1173 -10.469529
1195 9.132878
1210 0.914396
1242 7.602429
1251 -3.276883
1273 2.543816
1290 4.499309
1350 18.594086
1367 2.575317
1380 -1.201546
1397 -0.481008
1406 -2.886179
1432 0.576814
1453 1.536757
1482 10.026077
1509 6.843606
1523 -0.125279
1553 18.163602
1571 0.990526
1589 -7.454929
1602 2.536663
1619 -2.588970
1645 -0.164105
1668 8.966012
1689 3.291155
1707 -0.325757
1737 -2.792007
1774 12.073860
1786 1.473992
1805 7.031855
1829 12.348741
1859 5.823850
1886 -2.247563
1919 8.119757
1944 2.624998
1975 18.682547
2005 5.511740
2039 11.977611
2082 24.896955
2092 0.703998
2106 -6.587666
2144 9.834373
2163 -4.007547
2194 18.329585
2211 4.842829
2224 -3.339763
2247 -0.620219
2267 -8.253854
2300 16.916581
2329 9.605877
2344 0.655217
2359 1.868111
2366 -3.581007
2378 0.507909
2425 25.275958
2447 5.376642
2462 1.341239
2478 4.310117
2510 4.821385
2529 -7.312050
2553 -2.057579
2576 4.022831
2594 6.181067
2642 1.898265
2657 -0.635523
2672 -7.914491
2698 14.527313
2710 -3.455926
2724 -0.488305
2741 0.580063
2764 5.429505
2808 7.571743
2843 -2.626181
2867 4.119399
2918 -4.017029
2934 0.030180
2957 5.278730
2979 -5.320293
3003 9.397308
3020 -4.773837
3048 7.429625
3080 -4.307694
3098 0.735698
3112 4.267524
3143 7.158265
3165 4.965821
3206 12.157351
3218 -3.224725
3232 -3.781591
3257 1.276710
3266 -0.780101
3288 0.997038
3316 -2.341532
3342 6.818228
3353 1.425140
3374 -5.425062
3384 -2.338237
3411 4.266331
3456 4.115909
3482 13.397339
3500 5.689984
3516 -0.744944
3532 4.052946
3566 -2.474571
3591 -3.110496
3614 8.332107
3637 -6.965894
3670 8.932820
3703 19.461604
3733 4.954943
3756 4.572494
3769 2.817424
3782 -4.826904
3837 21.487883
3853 -3.414122
3864 0.501611
3893 13.222167
3908 -3.312418
3930 6.264831
3950 -0.544962
3963 1.819839
3987 -2.201506
4038 30.106106
4050 2.686560
4069 1.160966
4094 5.960650
4139 13.357181
4217 27.147674
4247 7.997358
4264 3.402934
4302 10.455931
4316 2.774585
4369 24.013766
4401 5.367570
4503 123.747101
4517 0.520355
4549 15.326662
4567 4.321531
4623 21.020299
4675 26.104447
4725 7.808135
4745 2.480834
4771 7.532479
4800 0.855649
4837 17.752267
4898 19.664436
4963 23.643846
5000 20.620772
5026 9.044109
5063 16.411176
5092 10.800201
5109 4.544109
5127 -5.880296
5197 44.063035
5217 -9.696410
5257 24.718747
5297 14.935133
5307 1.334260
5331 15.638551
5354 8.842740
5382 9.158192
5483 37.035639
5510 6.992111
5539 5.380665
5624 16.924293
5682 25.320881
5725 10.710413
5745 3.751371
5780 8.348398
5806 11.837772
5830 3.548154
5839 -2.362416
5866 17.698582
5922 17.490988
6022 25.475556
6033 -1.224616
6060 12.134939
6138 46.688648
6179 21.732513
6205 12.630089
6251 19.754918
6274 11.439527
6344 71.321864
6394 28.522038
6458 33.171044
6475 7.666165
6547 15.389674
6589 22.807354
6637 25.842169
6694 26.821211
6777 -5.420026
6848 44.908474
6906 28.224158
6923 4.664276
7021 60.089012
7046 11.643321
7066 5.277391
7098 7.690535
7161 25.715563
7190 16.829272
7227 14.319606
7277 27.573308
7292 3.303982
7374 27.842702
7404 3.745750
7445 13.255669
7503 31.839045
7527 9.902830
7560 7.321656
7616 35.720632
7676 33.802813
7745 -5.281121
7764 10.272496
7811 33.277485
7828 4.708467
7859 8.455783
7937 94.702082
7962 14.228718
7982 6.099911
8039 25.436839
8077 18.337832
8135 37.324044
8177 10.325480
8197 -2.139036
8238 20.981506
8337 28.452726
8559 97.144707
8682 119.863955
8777 93.045097
8914 -11.298808
8972 21.270035
9072 58.748981
9098 14.412658
9133 19.165562
9184 11.817642
9396 182.252276
9434 9.756350
9525 30.674704
9550 7.347094
9653 -4.208771
9720 55.768711
9823 -17.091786
9955 30.489245
10034 6.181967
10052 4.958027
10200 227.879423
10240 23.544280
10283 13.601682
10325 17.002162
10415 60.592350
10510 22.535770
10572 52.497869
10669 2.246063
10816 24.452295
10874 6.234629
11260 220.737855
11382 66.781329
11430 32.665273
11581 87.598948
11663 18.804654
11740 25.414124
11805 45.153268
11843 12.327213
11879 14.541581
12046 -12.363963
12184 62.875211
12199 3.881786
12385 30.587969
12560 134.879054
12638 25.382719
12798 39.206474
12818 2.356546
12936 4.956412
13080 83.649906
13265 284.277872
13545 168.139845
13667 99.310582
13869 241.576633
14061 116.076484
14185 5.681803
14429 177.896817
14535 75.129739
14695 239.967325
14841 35.968784
14903 37.911569
15142 192.311051
15481 93.888144
15619 212.138484
15892 346.154325
16083 306.099910
16141 28.782517
16321 278.441051
16342 13.904407
16492 266.597260
16832 125.726670
16911 66.641892
17205 354.618602
17343 236.668296
17469 34.839712
17665 310.104071
17817 257.252730
17937 13.113625
18049 1.562253
18366 163.230080
18445 39.564356
18671 52.679628
18866 300.426532
19012 208.076646
19181 37.094848
19441 152.423021
19539 43.909212
19686 232.287932
19831 228.192901
20067 338.291619
20251 102.323148
20437 282.155343
20747 166.755064
20878 201.003193
21165 339.534778
21354 288.726605
21545 34.930110
21669 181.639649
21859 50.109041
22093 115.738962
22135 31.401554
22422 133.581265
22838 491.392861
22906 52.836207
23072 274.704803
23274 69.918163
23334 43.761467
23405 48.879584
23816 514.505878
24075 18.302117
24355 332.657946
24722 225.867156
24968 335.875893
25141 276.494803
25329 304.299895
25531 113.652503
25717 55.489825
25883 287.670472
25959 51.018832
26141 289.157315
26321 280.014437
26558 344.770933
26681 9.256382
26849 76.110897
27197 177.724074
27344 -2.360352
27528 278.231578
27718 321.122507
27953 135.054620
28160 285.259932
28442 447.921600
28738 161.989983
29105 472.693377
29230 216.263500
29477 334.059648
29752 101.006521
29916 275.352863
30160 77.726583
30326 289.478323
30527 319.570386
30715 328.137354
30886 295.932813
31087 67.931034
31164 20.952964
31389 112.871675
31533 236.431866
31747 319.722079
31948 328.268738
32184 125.136052
32345 92.970710
32514 276.892117
32681 247.419726
32859 262.839323
33246 372.659923
33416 43.878125
33785 473.989286
33978 55.468282
34186 289.953506
34312 232.735826
34430 45.412596
34582 53.517367
34755 74.105267
34955 326.021424
35496 655.699281
35598 197.665343
35720 194.037685
36005 214.157594
36266 139.886866
36412 256.356229
37012 391.925321
37223 311.146802
37424 341.877793
37570 247.428756
37796 355.863571
37893 160.103312
38041 256.113302
38216 77.420579
38405 331.583188
38577 289.319004
38801 341.155616
38991 299.294660
39141 264.162991
39281 248.359681
39450 282.408358
39701 110.019925
39879 75.206571
40152 395.733500
40392 133.190248
40556 272.063395
40761 277.586863
40917 272.037313
41114 305.551452
41302 299.715614
41617 408.529624
41744 235.032604
41993 341.139366
42219 361.994973
42414 294.426946
42554 225.703798
42773 349.005159
42884 218.620021
43021 254.159466
43189 231.099272
43355 293.835613
43619 122.540458
43860 306.127936
44099 357.251041
44311 323.965457
44583 175.829179
44781 92.955950
44970 291.914028
45082 218.742605
45612 373.664731
45791 290.339333
46044 342.413639
46234 14.380832
46583 474.024091
46770 281.172839
47002 354.755228
47164 274.058425
47456 415.678514
47745 411.777385
47923 66.288963
48148 327.231410
48344 257.492389
48513 294.627518
48699 338.770688
49026 405.113998
49290 342.282574
49746 168.032327
49937 105.793283
50124 304.026542
50481 183.280569
51091 560.892564
51443 474.115166
51670 340.102868
51873 38.974256
52025 250.351758
52199 285.831334
52442 378.830008
52554 193.967316
52727 292.215438
53031 451.668445
53200 227.115137
53391 266.033866
53563 263.110118
53723 293.988097
53942 290.318955
54059 219.948590
54189 204.760018
54466 98.621895
54697 345.538742
54857 227.323514
55172 408.778461
55810 735.047526
55974 63.147279
56201 70.909341
56507 338.306678
56677 274.262831
56836 273.009148
57010 289.445419
57319 437.376354
57475 257.231793
57762 370.837473
57925 294.742544
58060 241.214162
58163 179.528815
58460 435.151609
58917 524.421123
59071 295.068945
59258 297.029099
59452 317.097051
59635 281.042890
59805 301.628066
59943 256.835182
60381 219.610419
60560 248.890960
60732 281.145468
60897 282.848727
61053 255.457994
61169 190.505244
61447 406.562157
61671 333.383909
61880 313.682171
62125 358.338946
62610 560.103310
62761 20.221003
62907 31.750428
63099 299.579342
63259 253.194244
63481 354.024571
63658 78.402525
63798 264.839938
64195 512.503806
64577 208.984378
64756 267.030716
64922 270.913406
65341 499.661414
65462 10.369019
65675 337.425406
65805 238.617761
66028 353.990953
66161 234.057930
66323 259.541020
66741 524.310621
66912 287.217837
67056 238.143582
67234 310.513703
67323 151.664581
67491 278.052697
67629 50.704155
68103 330.825190
68302 178.182976
68545 291.297777
69262 751.173474
69443 306.484907
69607 298.183832
69749 214.866163
70356 665.271560
70531 277.085867
70694 274.043808
70883 67.061530
71043 251.175568
71349 411.838684
71563 368.188312
71790 348.856236
72053 389.538903
72342 393.644894
72808 583.479960
72983 272.201212
73167 100.071931
73304 222.331665
73478 256.575062
73625 252.796545
73806 308.618357
73969 240.348290
74306 453.654434
74550 374.750158
74723 266.821475
74883 251.388770
75077 303.336969
75239 277.854507
75491 79.692425
75675 304.056874
75899 338.668415
76024 244.588291
76205 293.661472
76401 306.681969
76683 377.537267
76947 390.061511
77267 412.286848
77422 279.752453
77583 267.178495
77779 327.090611
78040 346.303791
78217 281.734665
78368 272.604082
78549 292.641044
78671 236.368011
78916 352.071299
79035 216.866154
79236 329.677611
79674 481.429091
79966 135.532746
80145 277.508718
80355 339.286093
80492 229.795611
80670 288.001713
80843 289.717045
81023 267.382458
81356 422.271708
81592 341.635759
81767 295.028675
81990 358.780920
82178 285.170399
82285 169.157242
82400 220.788802
82654 375.881934
82865 326.659241
83055 341.667473
83177 224.740029
83290 197.570008
83574 377.305312
83809 362.374221
83993 297.405217
84199 70.396102
84413 319.353304
84559 251.448899
84687 217.275038
84858 295.366934
85038 300.573293
85256 301.877485
85444 294.671846
85572 228.247948
85729 262.048957
86068 474.529504
86203 236.555125
86360 241.661831
86554 306.653733
86742 289.721502
86938 272.580995
87162 87.704648
87305 277.444445
87530 348.365951
87743 346.046777
87941 309.403931
88222 368.888162
88459 361.625419
88680 328.764173
88834 267.255034
89005 279.968179
89205 309.252700
89426 330.599656
89555 227.842967
89732 299.453647
89913 311.505939
90138 65.672640
90318 293.294798
90476 266.728511
90623 250.144249
90800 314.317810
91076 417.907910
91493 264.030772
91697 310.267180
91831 246.552717
91986 263.581813
92234 365.029482
92557 443.468417
92750 308.612681
92895 253.982341
93049 229.589871
93224 282.675177
93446 90.336802
93572 235.833468
93708 195.982924
93855 257.185418
94096 365.921834
94257 257.512636
94543 392.984181
94705 238.516733
94893 315.325196
95168 354.170907
95355 293.058742
95582 348.067142
95754 271.887043
95908 218.760487
96082 314.509300
96398 434.065380
96702 361.227551
96904 326.209958
97026 219.326760
97272 298.519493
97473 299.557289
97652 286.173261
97824 282.416220
97979 271.648754
98156 298.391195
98293 250.149858
98418 215.067231
98565 227.694156
98858 372.301388
99017 244.929764
99200 299.105239
99549 436.832701
99826 405.684546
99967 232.463553
100090 222.782247
100319 338.655001
100617 382.001437
100755 236.012152
100908 259.438995
101080 298.385508
101319 350.011213
101504 296.181278
101858 481.650786
102020 270.757785
102160 230.637034
102334 66.620387
102553 329.677037
102732 280.754001
103256 510.021741
103393 240.953136
103548 284.358551
103939 241.838677
104116 302.280790
104253 256.501770
104390 217.169408
104519 230.998643
104686 278.660595
104864 296.304515
105061 312.783312
105299 330.314244
105510 332.004812
105849 194.610981
105996 238.501594
106194 331.328085
106395 347.940277
106625 351.116073
106826 303.289972
107031 300.618384
107154 209.559108
107389 372.563052
107609 98.824157
107765 262.832087
107894 202.037552
108053 263.278184
108197 255.628327
108505 415.491291
108743 343.352568
108900 268.224237
109263 514.932255
109388 220.681237
109500 177.055009
109767 357.291743
109906 221.488857
110353 575.083590
110505 270.551650
110623 194.778225
110769 249.144088
110998 351.530518
111175 296.560299
111340 257.147686
111521 309.278935
111643 236.937800
111800 259.828112
111922 212.885559
112056 230.468330
112338 388.600903
112597 384.873304
112799 327.433106
113088 377.593742
113235 241.851719
113419 317.726984
113651 339.711852
113808 252.790911
113915 173.571010
114062 250.946798
114566 295.535194
114738 271.704229
114948 326.214376
115157 311.490426
115255 186.692476
115420 276.279592
115630 345.691565
115824 317.111908
116004 52.035208
116164 259.131239
116294 213.308865
116500 298.942934
116647 242.995503
116757 204.743216
116929 273.756972
117232 424.574894
117406 305.170534
117539 253.293370
117703 257.404343
117867 272.625231
118031 282.163102
118367 470.888402
118485 188.051252
118648 288.721776
118749 168.754599
118915 264.309709
119173 407.632524
119392 308.750594
119540 256.980758
119746 286.670372
119901 284.825394
120164 384.684331
120320 253.854470
120496 304.243287
120840 491.670743
121040 319.002476
121295 378.640676
121477 272.601259
121637 272.455467
121795 261.454666
121930 222.340209
122032 183.818226
122235 321.735634
122391 277.159710
122563 298.660230
122682 225.684140
122890 315.182513
123029 232.677360
123191 262.455001
123351 284.218400
123665 400.136591
123956 419.929636
124203 98.865088
124408 261.166429
124598 300.427864
124851 73.118401
125103 363.817524
125291 332.688006
125430 236.395571
125563 235.932589
125675 217.319272
125864 295.298972
126067 337.630699
126205 252.716153
126406 315.634612
126544 227.409239
126691 241.921136
126912 64.887962
127118 74.275454
127273 252.116834
127375 188.551806
127592 353.021918
127760 285.561012
127892 240.871256
128061 305.754400
128224 284.052744
128400 264.794441
128562 280.582961
128721 250.566293
128905 320.587743
129067 277.640652
129263 319.650622
129464 325.605438
129593 230.194426
129789 331.006579
129949 277.609707
130165 341.838911
130311 246.035055
130448 256.800895
130583 236.071673
130740 252.145961
130925 318.013569
131104 296.215159
131605 561.056421
131824 325.452744
131999 301.487169
132180 296.317359
132334 271.503834
132461 249.470720
132643 311.163398
132786 259.883378
132940 270.759191
133128 304.668621
133324 308.280211
133499 304.180683
133592 178.049891
133905 377.491128
134083 299.849443
134214 266.816228
134388 281.577300
134589 329.404388
134757 303.856071
134929 311.805864
135115 320.626071
135283 297.191509
135447 300.801040
135763 444.005574
135884 238.985708
136026 266.255928
136186 282.482880
136370 304.886549
136673 448.133668
136801 243.008473
136913 221.236153
137053 252.009330
137232 328.355751
137464 331.934601
137618 261.242593
137823 335.443529
138076 385.282269
138257 320.263820
138448 320.528287
138551 186.407674
138677 235.847781
138877 343.053525
139019 261.858571
139163 252.786669
139336 291.963349
139473 247.417047
139599 244.189985
139718 214.131052
139834 219.109619
140022 317.356197
140174 270.467121
140277 194.567419
140452 323.926894
140656 341.680382
140932 390.760722
141141 359.308401
141302 276.549593
141486 354.627675
141641 278.630741
141803 290.203962
142032 305.791124
142190 289.920354
142413 376.537030
142609 333.287730
142774 278.363706
142944 283.309075
143116 318.110770
143307 320.436980
143476 292.185286
143608 223.987559
143742 236.776215
143889 263.515356
144115 359.418587
144241 264.852599
144427 318.256770
144594 318.473967
144862 106.528675
144960 157.185291
145124 295.229292
145271 274.720647
145502 358.063291
145633 238.962649
146024 245.081972
146168 278.676582
146344 320.589587
146507 294.798889
146735 117.455702
146862 235.004444
147079 344.237332
147231 291.403635
147489 397.689554
147668 301.038405
147841 288.927024
148043 59.722050
148162 214.284907
148346 318.782526
148487 274.227545
148663 309.207564
148818 302.596141
149029 341.802592
149223 356.356236
149365 264.209940
149499 241.442486
149668 307.739049
149896 355.985116
150063 273.328325
150396 459.373684
150574 299.987344
150715 249.524441
150904 359.330791
151074 298.758420
151273 350.204358
151499 351.988600
151712 355.744079
151901 320.563806
152086 307.871328
152257 312.342467
152382 215.255050
152581 330.395553
152762 349.371972
152918 301.918417
153223 456.138589
153337 228.024326
153427 167.287956
153713 422.188216
153932 370.074188
154059 214.524334
154220 307.294172
154391 303.433435
154609 389.465098
154797 312.879288
154931 255.277870
155151 347.227985
155327 306.465707
155808 595.179500
155972 290.939451
156121 293.559060
156271 269.699495
156458 332.389158
156639 315.270901
156808 311.721315
156931 238.044620
157101 310.784226
157242 280.873652
157407 313.580167
157535 247.097809
157745 329.349364
157929 323.821559
158166 379.586338
158292 230.083146
158472 330.582644
158633 280.556814
158797 327.645707
158962 298.320974
159157 344.738976
159303 259.155658
159545 333.246346
159689 255.819991
159829 252.121807
159969 261.527202
160133 300.530593
160355 335.533361
160517 292.356684
160679 317.736283
160865 306.779242
161042 326.501382
161197 290.206762
161344 281.848961
161518 299.994393
161691 321.671541
161791 198.303168
161922 264.929516
162104 339.398369
162278 325.240581
162499 384.636729
162668 298.223295
162786 222.334219
162945 303.146274
163090 284.450584
163331 374.073540
163500 334.188558
163601 193.511905
163750 263.610914
163895 258.353161
164050 278.932371
164206 269.509368
164340 232.747275
164444 196.168607
164636 396.012559
164850 382.849277
165033 305.847446
165196 308.464829
165335 263.648843
165493 293.882657
165825 439.565913
166008 307.506781
166195 331.082399
166395 361.410296
166594 304.674452
166735 275.410135
166915 334.943222
167106 341.291664
167293 328.404856
167446 269.062119
167614 315.715605
167767 287.058957
167940 309.855834
168140 320.584514
168337 350.008125
168531 322.457142
168702 313.508888
168880 340.861285
169065 319.715113
169272 345.653355
169438 296.789893
169617 336.353299
169810 363.066455
169996 338.033343
170193 362.622856
170356 329.216452
170626 449.285912
170931 372.406418
171112 302.276066
171245 240.000555
171497 374.213538
171689 321.884003
171875 331.152484
172036 301.316313
172232 353.082673
172446 386.782202
172625 325.361282
172795 317.812880
172933 258.047925
173155 398.182251
173313 284.189860
173511 348.251178
173671 319.907385
173813 283.374081
173982 331.672818
174132 273.634955
174309 342.744910
174517 355.467274
174700 315.302568
174879 324.318093
174989 204.374145
175122 265.764136
175325 377.219097
175492 318.152943
175675 346.992192
175803 251.110524
175960 300.199310
176124 280.282177
176410 458.033658
176575 326.386734
176754 303.061006
176959 417.572468
177195 411.042925
177373 346.262224
177512 271.245140
177630 228.496151
177738 202.630337
177909 339.304952
178069 303.109524
178221 295.840378
178367 285.405968
178549 313.340872
178736 329.641058
178978 374.848471
179153 333.713008
179305 307.632116
179538 407.448530
179715 329.046259
179939 395.304309
180119 321.780453
180342 423.567063
180641 431.785316
180832 369.253881
181034 390.229148
181224 339.984508
181368 275.659180
181581 411.660914
181726 272.401443
181874 297.537950
182063 323.974457
182248 335.871547
182394 261.205833
182769 510.377258
182973 348.012802
183187 388.983900
183367 333.645330
183565 395.466415
183774 401.319288
183919 310.299762
184089 321.504507
184231 274.597813
184353 221.501451
184552 369.420751
184711 309.575969
184870 288.080294
185144 384.439872
185318 325.750934
185494 370.729991
185643 281.870728
185794 268.422169
185996 358.697820
186179 356.456737
186365 338.600602
186599 396.606792
186788 383.862083
187052 456.427518
187250 352.813940
187419 316.139698
187654 414.814924
187884 400.355496
188082 353.549118
188263 347.192678
188443 342.452001
188676 438.447767
189007 501.187307
189202 397.378177
189378 346.640267
189552 380.717701
189718 340.967514
189922 375.512874
190113 335.086315
190310 382.254517
190505 378.646396
190677 348.018774
190849 300.163207
191033 330.719608
191238 362.031452
191371 294.402122
191688 475.903557
191845 301.222210
192065 407.730241
192267 338.335968
192485 431.464395
192686 368.843239
192851 315.386315
192967 223.129721
193194 410.125695
193406 435.432174
193643 424.560572
193831 359.677024
193998 334.843759
194209 348.268526
194373 317.328686
194550 355.821415
194700 323.474306
194948 431.891949
195100 321.508805
195284 354.916423
195493 412.830791
195680 350.143242
195872 379.623621
196076 403.240415
196281 383.156309
196503 410.475597
196679 316.987817
196841 337.626869
197066 402.986213
197236 360.016877
197413 360.608674
197561 325.945933
197758 391.221369
197975 396.510754
198242 461.078973
198427 330.970893
198630 368.156056
198820 396.374333
198964 281.677619
199186 416.148014
199407 414.760915
199564 340.565166
199752 377.885907
200045 490.884610
200273 98.316810
200512 438.089767
200713 398.526202
200928 384.960235
201089 304.550508
201242 323.611069
201388 294.655084
201607 415.542052
201804 404.809356
201944 288.808398
202164 403.897058
202326 342.524237
202517 395.350608
202708 396.197890
202892 373.544661
203091 389.075575
203278 375.279926
203449 325.215565
203624 367.043399
203825 377.309801
203973 291.306606
204183 390.798370
204375 369.766224
204558 371.774739
204712 333.137216
204931 431.320163
205186 435.315982
205520 443.620181
205725 425.797261
205944 396.485706
206105 298.211390
206282 346.322373
206484 393.185772
206638 323.731425
206858 431.292009
207085 402.186178
207339 440.051634
207530 373.855224
207697 331.790895
207896 385.511222
208064 350.153119
208246 347.881522
208395 339.768704
208593 359.729636
208849 485.562925
209030 376.111562
209225 399.513508
209431 387.537280
209595 350.550648
209787 380.385006
209971 371.242048
210166 373.412241
210321 333.387605
210485 328.675415
210642 319.983028
210833 367.960636
211043 396.081335
211196 312.313628
211398 404.205167
211588 382.949425
211783 398.732927
211955 334.331848
212109 323.658664
212286 355.086724
212451 326.370439
212661 405.577587
212844 389.211211
213045 405.394027
213229 375.050734
213467 430.006579
213642 374.762813
213822 361.081004
214035 435.600392
214210 341.630727
214404 385.679777
214617 415.984020
214907 509.240482
215139 462.659332
215299 325.379779
215523 457.563385
215808 489.117497
216009 439.082312
216189 354.166184
216333 322.253781
216535 419.195310
216710 374.289676
216910 397.389718
217098 321.302000
217322 418.907101
217490 325.601602
217667 384.283610
217894 425.316810
218130 430.556564
218303 357.507388
218521 409.969303
218717 398.468859
218893 371.101344
219042 291.386083
219277 462.068227
219399 221.306496
219573 409.239772
219796 440.959242
220010 394.125525
220177 371.118779
220391 450.833817
220617 447.601214
220784 365.930789
220966 385.002836
221168 385.376414
221363 391.800374
221548 401.541444
221702 323.263282
221868 338.560929
222087 451.428117
222269 393.642647
222446 387.827627
222617 355.806915
222868 448.651217
223065 418.378251
223264 399.067328
223426 335.586049
223610 363.904696
223780 349.589470
223960 385.485358
224141 381.998950
224379 431.352757
224561 360.706787
224749 411.215398
224960 411.975151
225180 449.473742
225398 432.932088
225559 357.324008
225717 338.329501
225904 398.047183
226078 349.836148
226238 345.366156
226403 363.868769
226539 274.500109
226727 389.867498
226924 407.077477
227084 327.180614
227256 336.456311
227434 367.626546
227600 345.471998
227778 395.651017
227965 398.252119
228168 424.765329
228326 347.817759
228557 455.624969
228740 398.150351
228924 401.546341
229078 379.359392
229289 410.065176
229454 366.270103
229614 376.716198
229791 401.451711
229949 361.651661
230133 407.838886
230315 399.176804
230504 433.114309
230704 416.648262
230858 365.743141
231035 401.221989
231220 384.795094
231390 375.685388
231607 451.230978
231783 393.786093
232005 473.124991
232170 357.100718
232309 294.196896
232533 467.680062
232715 380.384262
232930 451.795982
233164 465.633982
233365 428.636027
233543 393.722066
233742 439.595621
233915 387.686340
234088 396.027654
234266 374.019961
234456 442.237605
234649 432.959041
234774 256.525460
234983 416.374922
235187 446.133762
235360 368.094994
235542 373.622589
235704 349.175009
235890 407.624079
236071 396.627594
236234 340.337530
236434 438.286629
236617 389.277554
236775 308.478457
236972 396.750717
237151 380.575606
237311 353.951783
237509 412.587320
237695 381.765487
237888 402.345078
238062 375.820014
238228 371.444457
238384 366.156431
238544 371.694087
238751 442.908710
238911 335.122124
239055 294.137826
239213 336.723183
239431 451.866922
239625 388.814271
239774 340.570746
239938 387.042778
240103 348.072331
240255 330.385723
240463 423.231440
240639 389.393813
240825 417.241219
240987 361.770661
241131 306.448809
241304 374.729015
241469 354.793506
241666 447.575859
241840 379.178118
242041 409.006702
242180 295.904191
242331 320.150406
242490 359.115451
242690 408.420201
242865 403.117974
243042 397.958858
243231 400.964230
243390 339.247726
243573 402.223192
243747 348.319828
243963 460.709968
244121 339.121438
244296 386.192201
244466 382.960613
244670 461.362302
244880 444.215318
245064 416.408819
245241 400.611045
245418 392.114403
245610 445.268695
245811 426.039145
246032 426.900222
246190 327.928936
246356 363.999159
246556 410.019247
246752 465.422785
246916 335.999481
247084 393.513885
247279 431.714868
247439 346.029780
247600 353.801503
247772 389.045328
247965 441.334520
248223 518.397936
248405 387.376396
248602 381.544396
248756 358.242686
248927 424.780939
249105 409.855712
249281 378.523409
249468 398.196546
249690 456.180399
249916 506.470581
250073 334.433302
250267 451.376002
250480 456.644438
250679 475.759862
250836 340.759634
251029 416.164175
251204 425.972050
251398 405.592298
251545 321.145329
251734 405.277029
251916 414.741495
252106 465.068738
252270 340.375553
252432 359.631598
252643 484.356351
252842 472.931967
253086 537.011558
253246 383.591643
253428 438.125401
253621 413.176221
253787 392.218300
253990 479.110888
254162 382.036970
254360 469.544603
254616 502.011022
254786 390.831408
254964 421.105689
255130 370.404296
255310 373.412211
255486 372.070306
255697 496.376592
255928 451.777994
256109 409.277458
256305 439.602279
256505 457.338313
256688 408.690621
256915 470.991997
257071 363.955575
257273 482.353342
257471 423.328184
257615 327.879515
257791 405.635312
257952 377.947009
258090 313.294991
258260 390.056183
258449 446.510125
258639 436.581221
258827 400.296345
259049 517.147496
259210 370.754087
259409 430.618722
259647 513.068573
259892 525.888369
260057 366.831009
260219 398.415570
260382 339.827371
260549 384.048214
260735 412.913776
260916 435.176524
261116 453.439896
261299 412.255680
261486 410.428321
261645 391.420375
261849 474.803716
262014 405.755932
262190 438.538652
262346 353.608577
262529 401.209833
262701 384.425733
262882 410.479256
263046 385.351114
263250 441.069843
263448 449.922141
263625 372.045234
263834 487.049704
264048 503.437064
264220 411.405790
264437 489.332264
264604 383.427176
264800 470.524189
264981 431.945568
265133 361.343514
265308 376.460798
265476 418.217380
265673 472.414785
265879 481.586699
266089 479.896751
266254 418.823688
266448 451.133861
266620 409.663041
266796 406.566083
266982 440.152565
267188 473.533753
267367 432.791234
267552 421.470911
267772 525.046707
267896 222.508497
268046 336.899945
268204 376.824087
268365 378.048221
268547 462.529170
268729 421.253094
268887 381.834323
269047 384.601925
269249 497.297938
269446 468.235319
269620 400.672749
269806 471.061717
270024 485.083687
270220 450.050860
270418 471.015788
270637 488.229649
270819 450.598469
270999 452.506334
271189 443.749136
271344 336.793667
271533 433.991694
271717 435.475752
271878 396.606742
272053 390.209923
272211 383.375475
272432 509.943791
272609 443.363691
272847 571.925961
273004 372.742724
273227 556.455439
273405 451.328999
273601 472.833297
273773 409.983154
273960 411.367049
274169 523.836576
274333 430.990179
274502 425.148428
274670 421.642557
274841 381.319314
275065 530.961439
275235 408.319620
275418 443.212672
275605 455.040402
275768 369.368050
275944 431.157181
276192 547.413351
276383 444.139982
276589 476.229138
276793 464.712337
276982 477.556264
277200 537.987622
277356 390.635572
277564 510.713118
277764 475.880040
277882 243.592616
278077 459.951044
278288 491.872966
278483 483.688413
278674 491.041403
278848 384.596402
279066 496.971522
279242 418.531189
279420 464.219637
279600 438.879102
279780 458.126309
279926 332.909746
280113 472.224495
280305 468.512977
280506 465.747186
280725 519.608992
280908 419.772351
281167 600.604922
281341 399.449180
281559 478.472994
281781 516.982016
281967 450.504098
282154 479.191025
282311 388.733511
282499 473.389271
282673 412.130769
282859 413.262250
283026 411.624120
283212 449.589265
283375 413.731817
283565 487.423695
283777 516.204253
283957 390.260561
284128 415.932518
284287 385.095139
284471 450.915204
284675 498.900177
284856 431.262507
285037 457.176140
285232 452.818757
285409 438.573483
285583 432.813454
285773 466.191941
285966 478.549249
286172 501.707098
286413 575.262886
286597 460.636287
286782 460.650171
286964 472.050227
287164 526.286008
287335 416.653679
287515 459.693109
287704 449.055405
287916 517.261893
288113 479.922390
288320 535.339115
288521 481.465572
288696 428.427557
288888 480.526007
289099 519.560124
289272 432.318079
289497 530.727517
289693 438.902038
289870 451.966471
290051 413.725441
290249 512.642683
290373 276.658231
290574 459.636196
290796 537.985528
290981 507.116397
291164 441.428147
291390 530.946819
291581 460.767961
291773 481.647084
291945 455.099816
292202 674.287379
292352 357.150683
292571 536.586649
292772 518.407284
292948 424.553383
293134 461.218550
293303 437.933216
293492 458.711767
293680 468.142268
293902 539.963229
294097 511.210365
294325 508.841671
294513 482.113845
294686 427.838659
294900 530.053330
295098 482.930355
295274 465.916814
295449 450.781947
295620 421.829661
295805 476.348730
295971 405.496230
296165 473.916687
296354 481.989739
296534 424.066929
296685 379.096763
296865 467.356763
297053 452.012239
297235 442.325462
297424 477.581211
297637 524.691904
297838 493.419423
298010 448.963749
298224 537.441613
298418 484.085901
298625 502.854499
298832 510.513558
299006 455.492720
299225 541.232142
299400 429.549033
299608 518.670219
299791 463.065464
299968 429.271958
300234 641.539556
300425 464.468691
300629 518.556689
300839 531.433770
301042 513.387099
301227 459.790792
301403 433.685578
301601 489.959380
301790 461.726230
301977 484.236761
302175 539.437061
302377 500.129043
302558 458.908545
302745 489.681803
302916 438.708306
303106 475.853123
303313 506.618717
303504 474.737174
303677 419.980411
303880 510.008052
304089 526.526068
304286 471.557644
304466 456.685374
304652 460.563919
304837 427.168149
305017 455.784898
305234 491.919352
305403 406.784075
305578 443.109761
305790 524.459840
305979 499.349738
306166 490.604722
306364 506.790646
306566 484.527256
306740 416.724860
306937 532.537446
307103 408.229949
307292 480.792300
307487 543.217188
307671 471.094271
307842 433.117907
308042 517.330640
308259 525.675134
308502 565.330769
308749 630.285079
308928 453.495958
309120 471.504736
309352 557.183546
309550 457.402294
309726 447.865300
309915 478.634761
310131 526.887945
310332 498.042223
310516 446.182251
310711 498.704904
310916 528.692340
311117 522.411875
311337 562.455379
311555 550.668960
311749 497.252348
311961 534.245348
312146 432.439082
312399 700.167899
312575 472.197782
312791 521.339284
312971 498.811679
313177 533.567180
313467 691.621179
313712 645.950707
313927 530.408598
314105 453.679936
314290 479.831227
314496 525.934076
314679 508.979366
314897 542.254718
315104 554.390645
315307 545.061922
315533 557.836041
315712 466.014645
315920 562.765183
316113 483.912140
316328 617.802112
316504 435.057711
316698 483.267218
316893 483.100983
317078 462.461897
317291 559.896147
317491 516.236867
317717 627.056985
317909 508.872583
318128 603.921095
318374 565.352802
318603 556.874292
318818 583.204875
319051 643.613914
319237 485.187596
319424 471.812273
319595 444.665974
319798 531.750292
320048 727.691647
320204 398.221940
320410 536.421692
320655 699.512452
320868 518.030868
321148 821.476500
321341 490.089579
321506 401.511865
321752 754.356891
321947 512.656368
322235 843.122913
322462 536.815955
322711 721.049467
322976 791.698871
323185 557.774755
323387 549.268412
323600 560.930290
323862 693.817392
324056 483.520766
324269 580.180843
324615 1004.487275
324799 497.601070
325068 798.625996
325262 539.845572
325454 486.774001
325641 473.166683
325851 586.816607
326083 706.843057
326296 585.026885
326490 520.424123
326690 513.588776
326890 551.717208
327189 883.558919
327475 860.412355
327714 665.424990
328017 935.202160
328286 780.906311
328497 522.332629
328695 545.138628
328896 513.520012
329097 547.114898
329275 470.273038
329520 732.641782
329730 535.461123
330032 928.188760
330298 803.729389
330638 1064.567150
330824 477.157580
331107 876.311843
331291 461.001535
331481 479.223709
331670 493.926659
331909 663.406556
332104 509.098978
332327 604.612252
332673 1098.296712
332876 528.003169
333071 504.752640
333265 498.166309
333490 603.032519
333733 725.086903
334012 837.900820
334227 615.440441
334445 574.539497
334652 538.863956
335028 1202.008915
335293 770.280667
335528 662.600039
335716 495.779754
335912 588.949285
336140 585.271449
336364 563.517243
336653 847.525922
336865 596.709944
337100 599.904442
337316 577.754394
337527 553.192092
337752 654.759063
337973 519.613295
338275 892.536158
338496 569.565976
338762 821.969436
338986 570.519982
339195 544.744501
339440 702.992921
339633 520.798464
339930 836.569185
340315 1200.038819
340624 888.484282
340907 827.497586
341230 991.457887
341431 586.196852
341613 435.005319
341837 573.124570
342025 494.373165
342218 491.504146
342476 795.730778
342749 790.711034
342950 530.179193
343212 731.520040
343430 559.319647
343643 604.992026
343870 628.678596
344170 919.473911
344493 997.497742
344696 589.470068
344923 680.725966
345123 558.006691
345371 721.525680
345656 883.938469
345863 590.954735
346088 632.262477
346285 532.451533
346519 671.788639
346737 641.639612
347084 1064.520642
347302 625.561650
347557 732.965991
347994 1473.261203
348256 760.650929
348536 832.501744
348751 652.394629
349037 883.191627
349314 842.579306
349557 721.036118
349826 829.168068
350073 752.589238
350367 806.082621
350672 922.875838
350896 642.399362
351167 786.103607
351401 670.516107
351711 918.596157
351952 679.298795
352138 493.417800
352467 1009.699859
352636 413.968259
352935 914.497855
353196 672.274117
353472 873.637549
353721 726.876539
353957 706.036558
354374 1344.967148
354612 661.934838
354976 1144.663550
355216 658.629894
355460 665.632820
356019 1929.723186
356359 1111.147538
356724 1115.408708
356989 802.724310
357258 827.043587
357623 1157.102443
357976 1081.918338
358230 772.111239
358502 814.413039
358693 519.504746
358898 565.111739
359127 597.542123
359334 563.844573
359588 785.010682
359769 452.882531
360016 730.220543
360226 562.127498
360434 609.662307
360633 506.882942
360827 521.197124
361128 968.871742
361307 467.116747
361561 749.911665
361771 581.646132
361981 599.295007
362225 686.659432
362415 489.968703
362931 1706.954842
363119 506.476811
363474 1157.504648
363732 793.025597
363925 516.032078
364120 516.893414
364470 1160.154281
364798 919.053232
365087 842.063603
365388 876.297970
365576 511.224326
365752 509.067974
366050 811.471016
366499 1527.642890
366701 558.516042
366917 598.517926
367148 676.207385
367408 810.566058
367603 530.756114
367821 657.314351
368210 1228.366858
368431 644.959191
368986 1923.938844
369202 620.144427
369571 1192.819468
369977 1302.780575
370253 866.488893
370689 1480.846898
370915 628.566239
371131 616.790497
371509 1300.262614
371783 885.980902
372268 1690.741104
372448 497.570980
372668 598.562918
372979 985.725212
373862 3049.356591
374169 976.163819
374372 556.138296
374863 1727.234469
375271 1347.022202
375503 702.424159
375826 919.465105
376056 555.359569
376339 896.657270
376615 773.901596
377081 1503.311796
377463 1147.386142
377794 947.482117
378384 1894.839565
378745 1121.952914
378963 543.228934
379299 1048.080929
380086 2708.765256
380357 832.698367
380555 533.456034
380765 589.875582
381118 1089.284818
381380 791.553649
381562 465.977014
381792 636.071291
382153 1201.215782
382726 1865.793134
382951 612.993575
383185 574.552584
383447 766.500599
383644 526.134906
383850 525.052669
384084 644.105104
384441 1168.398888
384722 863.385137
385252 1837.485974
385865 2057.022658
386359 1625.294159
387099 2647.426059
387564 1502.587216
387806 673.248157
388510 2342.473155
389098 2149.811253
389581 1705.719044
389893 963.554402
390232 1065.560518
390449 542.596664
391055 2053.126567
391268 633.185934
391866 2032.587291
392175 880.063820
392717 1698.501669
392981 755.993223
393224 682.467201
394084 3056.302915
394270 490.167587
394822 1847.014500
395253 1466.558229
396057 2818.961398
396657 2130.737342
396954 938.495686
397343 1257.946209
397583 691.698535
398294 2376.852623
398585 876.879014
399160 1996.720414
399618 1514.609538
399864 732.121087
400435 1845.746039
400938 1654.488176
401172 707.045129
401354 485.586906
401619 671.088503
402192 1907.368053
402402 542.497188
402949 1801.192310
403306 1099.790918
403822 1685.696729
404822 3736.167526
405454 2040.898087
406392 3121.849257
406655 779.273597
407052 1155.594326
407462 1217.987641
408093 2054.053435
408975 2961.474516
409528 1773.978545
409933 1269.691703
410223 872.470405
410886 2196.298123
411064 494.328569
411271 533.584023
412061 2685.141905
412325 771.270999
412746 1388.520507
413122 1215.977697
413881 2619.721429
414159 797.482395
414364 559.048993
414825 1463.558544
415000 430.756614
415262 676.840703
415494 682.292973
415876 1288.366869
416859 3290.847380
417371 1644.188787
417664 844.957848
417935 809.133251
418164 699.585310
418551 949.631781
418801 755.207329
419801 3402.891017
420182 1248.369270
420783 2093.742345
421047 800.376664
422047 3111.392484
422531 1616.412360
423270 2533.203752
423752 1624.308929
424752 3463.970530
425092 1076.123290
425394 855.686135
426221 2763.903700
427221 3466.009174
427532 919.946098
428532 3471.774894
428972 1499.409222
429255 812.486704
429901 2192.343198
430462 1959.774007
430846 1199.977529
431556 2364.545394
431907 1131.357090
432400 1579.967391
432716 971.143597
433121 1352.830984
433531 1258.065714
433842 978.034970
434689 2961.898241
435689 3503.730070
436068 1283.621487
436974 2969.922498
437974 3037.386017
438974 3441.651700
439569 2045.270036
440167 2119.312695
440511 1075.792159
440887 1147.126855
441567 2341.993612
441882 1010.895299
442591 2454.107783
443423 2924.788206
443626 580.663360
443969 958.889117
444182 543.150569
444847 2404.788889
445492 2270.948462
446041 1830.999004
447041 3491.825002
447880 2982.850585
448122 707.705145
448493 1177.639971
448634 301.806940
448919 748.582629
449123 563.191639
449430 886.096014
449993 1928.931129
450572 2038.418654
450906 1077.661377
451314 1263.938763
451575 823.632124
452133 1969.796025
452417 868.476631
453417 3600.533517
453747 989.788105
454124 1203.331343
454432 898.319060
455432 3413.358716
455668 656.535281
456351 2423.237223
456677 1029.094921
457677 3458.801526
458358 2329.097206
458795 1477.685113
459541 2661.746991
459894 1147.930719
460857 3525.315260
461857 3586.944447
462857 3680.403293
463607 2665.213832
464607 3630.355424
465214 2207.269028
465451 692.871277
465828 1198.332240
466023 506.195820
466530 1690.228624
466794 808.104332
467794 3635.083244
468226 1385.134202
468594 1175.657483
469168 2016.293930
470168 3749.123578
471168 3675.528450
471341 404.902905
472218 3087.494132
472640 1390.400406
473343 2498.247276
474011 2404.429569
474414 1394.382958
475378 3552.170335
475621 681.213250
476515 3340.641537
477366 3091.661441
478224 3016.210378
478459 725.644967
478921 1541.802277
479431 1770.149120
479668 673.373669
480086 1405.788513
480374 815.288813
480918 1963.976164
481407 1672.806969
482094 2309.146682
482424 1030.772723
482805 1221.131142
483713 3310.478037
484582 3178.505356
485427 3147.735542
485852 1376.334224
486274 1424.851005
486530 784.871237
487040 1769.561382
487456 1348.193768
487810 1201.807340
488068 770.117283
488753 2462.167574
489007 762.898098
489466 1567.862451
489727 785.825306
490727 3777.248138
491214 1537.047011
491758 1868.754506
492051 908.135032
492364 930.882940
493364 3689.609728
494364 3616.958094
495146 2886.269427
495474 1081.716360
495836 1183.090820
496836 3659.123268
497072 680.910823
497581 1758.875965
498075 1697.735300
498379 989.686474
498636 758.627202
498890 717.129732
499436 2009.979560
499760 1051.992589
500355 2169.899135
501355 3593.552643
502077 2393.899667
502862 2773.357635
503626 2844.183786
504505 3325.546744
504924 1394.309627
505592 2357.347001
506592 3712.294229
507592 3733.382743
507842 745.126401
508100 816.073741
508494 1335.319031
509012 1757.600022
510012 3682.051405
510910 3170.867584
511910 3648.222029
512910 3647.713120
513262 1097.744771
513689 1393.287799
514122 1430.684627
515122 3677.419583
516122 3686.625638
516333 612.935671
517118 2804.239842
517396 885.809922
518396 3735.262268
519396 3645.390682
520173 2792.068886
521169 3732.932943
521645 1590.585484
522361 2538.757386
523361 3601.947689
524017 2280.789508
524378 1119.754120
525378 3501.643571
525876 1680.775796
526782 3365.867010
527487 2462.444487
528487 3511.782549
528953 1609.118604
529476 1701.231971
530013 1723.380922
530949 3420.825092
531292 1075.557084
531569 855.440259
532569 3623.919659
533085 1624.042449
533602 1680.782885
534602 3661.899924
535116 1656.847447
536116 3621.079221
536678 1914.941410
536887 583.099231
537887 3541.577292
538089 585.755638
538659 1973.944472
539073 1308.873305
539375 986.036468
540375 3754.884556
540803 1384.303907
541575 2869.797725
542575 3771.236021
543217 2352.278145
544217 3674.173710
544463 745.110357
544751 908.758294
545751 3667.379411
546751 3616.500810
546988 630.891248
547373 1160.316820
547891 1699.636657
548891 3599.499983
549759 3201.592308
550700 3477.430987
551075 1161.801228
551804 2655.996472
552462 2320.303077
552860 1272.467085
553345 1659.134318
554345 3654.802927
554842 1703.158613
555150 988.650598
555402 731.492029
555690 866.630801
556099 1390.619202
556739 2366.127803
557739 3624.105261
558227 1592.550461
559227 3841.905774
560177 3585.189421
560955 2772.613090
561955 3484.819274
562955 3758.636151
563432 1661.324299
563682 704.532095
564682 3552.681003
565682 3710.719826
566091 1387.718888
567091 3647.411566
568091 3681.434666
568542 1530.736492
569542 3703.264834
570542 3516.486854
570782 678.696395
571376 2171.264496
572376 3597.598625
573376 3740.315945
574376 3695.175921
574578 554.040205
575578 3637.735750
576578 3692.801839
577578 3588.922729
578574 3641.480446
579480 3329.319093
579960 1742.903143
580394 1416.875374
581394 3738.702361
582170 2795.936355
582622 1402.161281
582919 923.815107
583334 1253.024286
584334 3662.513432
584847 1735.487527
585274 1391.683850
586274 3665.342022
587274 3729.755692
588010 2702.286806
588819 2837.353319
589692 3214.359554
590692 3633.189161
591692 3541.513000
592692 3503.225231
593692 3679.861129
594692 3572.820231
595692 3669.477911
596692 3766.287608
597070 1352.692749
597420 1143.492871
597936 1667.877579
598295 1102.956740
598981 2291.370146
599981 3745.724677
600981 3701.072457
601981 3695.123905
602746 2771.832563
603574 2800.023135
604501 3453.249706
604695 507.939618
605695 3630.665749
606333 2315.760802
607333 3759.053940
608333 3756.192393
608609 828.017776
609249 2278.659846
610243 3726.829863
610634 1293.399138
611634 3721.416460
612094 1534.176942
613094 3849.541833
614094 3865.387930
614969 3211.754131
615969 3697.522966
616969 3712.074294
617969 3612.199408
618506 1834.990188
619506 3711.142711
620158 2334.201406
621158 3700.934340
622158 3737.940632
622542 1247.973080
623542 3705.437994
623938 1350.097974
624938 3803.527785
625549 2229.959977
626502 3479.350044
627502 3687.866621
628328 3114.277084
629075 2752.274025
629852 2975.528689
630078 631.385941
630660 2071.723078
631214 1946.893488
631638 1507.391044
632638 3805.052825
632952 1010.835557
633095 308.544091
633650 2020.968194
633853 525.043468
634048 495.360408
634506 1603.236764
635506 3596.678303
636506 3753.837135
636997 1708.168236
637997 3841.270761
638997 3871.173408
639484 1686.731985
640484 3839.466912
641484 3938.506498
641842 1167.522009
642842 3763.138364
643842 3821.288358
644716 3108.267437
645187 1667.864871
646187 3966.533331
646715 1874.861690
647006 889.047296
647287 880.535243
647553 821.424182
648553 3954.876062
649081 1924.053021
649781 2729.738209
650781 4058.795512
651119 1137.572183
651651 1936.833451
651909 767.915192
652909 4027.412882
653455 1956.129778
654455 3980.603383
654751 955.258815
655638 3407.747455
655979 1039.482804
656979 3821.679170
657247 817.212026
657513 830.217537
658513 4003.252083
658861 1085.560360
659123 776.360545
659466 1132.517325
660005 1968.726454
661005 3822.939123
661354 1137.775137
662354 3904.044066
663354 4038.751498
664354 3981.657213
665354 3815.894628
665692 1106.196750
666355 2659.556336
666614 794.599997
666901 944.030013
667901 3904.110950
668901 3796.542347
669124 638.714780
670034 3642.819441
670735 2636.738676
671735 4064.551733
672735 3911.633292
673007 814.588996
673287 833.438529
674287 3930.875457
675059 2725.533535
675670 2183.917824
676499 3218.059787
677324 3256.052127
677689 1161.716747
678045 1164.518496
679045 3743.514022
679505 1573.956214
680505 3934.190000
680772 811.134946
681326 1810.979975
682326 3754.806748
683326 3879.963498
684300 3723.330052
685263 3801.026084
686263 3859.005937
687263 3967.593416
688143 3451.486801
689143 3930.584272
690143 3762.880347
691143 3941.999129
692143 3871.054314
693143 3761.721663
693610 1531.318457
693908 964.171214
694327 1474.454651
695080 2810.082947
695636 1890.693217
696636 3952.361479
697636 3884.509428
698636 3700.559127
699099 1496.297649
700099 3757.454985
700494 1399.461186
700786 827.735853
701435 2332.722449
702435 3824.918966
703435 3682.380794
704258 3196.787926
705258 3968.333579
706198 3748.711688
706936 3020.153598
707751 3224.400520
708109 1137.923170
709109 4075.331442
710109 3899.937502
711109 3901.325462
712109 3928.949224
712488 1252.930388
713488 3871.971341
714295 3102.032070
714844 2040.208067
715844 4046.657825
716462 2201.974863
717462 3894.342384
717728 831.624596
718010 845.507110
718389 1284.545992
719389 4013.875501
720389 3845.314113
721389 3855.902633
722389 3812.246556
723389 3957.743454
723661 862.630243
723896 663.382375
724428 1962.088655
725428 3937.896504
726428 3871.782909
726715 933.568656
726979 801.846836
727347 1175.850591
728081 2941.988455
728587 1802.733142
728902 998.703278
729333 1489.693774
730333 3874.395149
730918 2123.686097
731282 1264.940946
731531 757.183396
732531 3865.044905
733531 3936.317598
733885 1046.939909
734885 4096.871628
735306 1453.105926
736306 3858.428609
736647 1149.703449
737647 4153.775338
738092 1618.649107
739092 3958.584224
740056 3917.422514
740559 1820.786903
741241 2585.835993
742179 3846.539253
742434 726.444433
743434 4054.627904
744434 3866.671122
745308 3344.067301
745627 1047.216783
746242 2292.696424
747242 3931.561706
748242 3967.289082
749242 3787.514936
750065 3293.461683
750840 2988.057052
751840 3836.273638
752688 3338.401916
753055 1159.557982
754055 3952.980122
754798 2911.817855
755470 2377.294528
756470 4092.813775
757053 2252.412260
757727 2518.179375
758497 3065.010135
759497 3995.795992
759720 623.334851
760720 4006.217299
761078 1269.463102
761329 749.530620
762154 3256.045402
762903 2982.830858
763903 4077.546190
764536 2413.516343
765398 3460.762000
765809 1437.712635
766809 4065.740571
766993 491.940732
767568 2127.649404
768364 3168.988107
769090 2788.488277
769518 1457.583352
770166 2400.181578
770834 2539.513280
771834 4023.580182
772246 1383.761643
773246 3813.428252
774049 3157.406416
775049 4029.542386
775812 3047.852882
776416 2354.747996
777416 4103.073368
778416 3998.612312
779416 3942.492980
779763 1108.411039
780432 2575.224874
781432 3932.356215
782002 2148.706149
783002 4052.560597
783351 1150.999248
783663 940.181022
783954 927.975761
784934 3851.628738
785789 3329.877845
786789 4089.202769
787309 1844.723923
788309 3928.556311
789152 3314.216418
790026 3462.056244
791026 3869.445845
792026 3994.561012
793026 4094.773819
794026 4049.630504
794470 1622.961406
795470 3809.206094
796470 3792.940070
797246 3090.050023
797579 1107.463099
798536 3849.085337
799536 4159.821292
800349 3230.572917
801349 4064.394419
801748 1427.834042
802748 3997.915540
803073 1111.436306
803396 1064.502125
804028 2396.226650
805028 4079.340679
805548 1835.458696
805917 1298.041398
806917 3963.131614
807653 2778.108207
808653 3851.933976
809264 2354.245185
810099 3429.262570
810776 2659.556629
811553 3139.571884
812201 2397.140906
813153 3771.210778
814153 4000.216097
814390 700.896250
815148 2928.261332
816148 3968.758476
816772 2348.530670
817333 2127.732883
817910 2245.388942
818093 437.329828
819044 3845.449692
819701 2597.691550
820701 4163.127910
821624 3621.125222
822624 4149.556003
823624 4051.673051
824605 4020.575495
825605 4161.856048
826369 3067.242891
827293 3572.773749
828293 3959.907028
828560 813.427132
829156 2286.354281
829511 1212.730788
830511 4028.731255
831511 4073.559880
832009 1832.472339
832411 1477.154098
833411 4211.069531
833739 1087.405856
834298 2219.611573
835298 4059.008501
836298 4152.997558
837298 4035.472074
838249 3942.543837
838573 1065.347064
839573 4167.201483
840051 1794.102178
840221 435.198863
840640 1490.288844
840912 851.674065
841912 4031.370008
842912 3991.406693
843773 3489.009682
844670 3675.076803
845007 1068.362774
845480 1813.617790
846480 3891.263669
846795 1055.020895
847046 789.264673
847932 3632.058590
848503 2245.703149
848764 816.043157
849125 1237.023243
849678 2192.599082
850678 4138.996754
851678 4093.105596
851819 318.432728
852732 3685.256877
853255 1828.445047
854255 4147.116096
855255 4257.372370
855414 385.294586
855594 457.781840
856139 2092.492598
857139 4207.010496
858067 3780.825082
859067 4232.316178
859552 1845.221754
860552 4195.339666
861552 4105.682594
862552 4158.607964
862726 451.041586
863726 4185.110980
864135 1450.457895
865135 4233.356576
865771 2531.234283
866564 3155.509483
867274 2881.921738
868051 3219.416103
868375 1090.375069
869332 3980.493005
870039 2824.037561
870587 2074.474633
871046 1722.634001
871543 1898.259390
872543 4129.246222
873357 3285.427080
873546 468.341453
874546 4215.618805
875546 4082.811272
876546 4234.139435
877224 2785.493668
877499 906.117045
878499 4254.280411
879343 3592.829351
879675 1103.244140
880027 1204.920181
880265 721.485730
880958 2815.361067
881875 3677.582461
882265 1442.745595
883265 4139.159884
883560 960.197976
883876 1035.314519
884184 1056.545577
885184 4242.219936
885766 2421.146197
886304 1994.179647
886686 1402.155936
887199 1900.370792
888038 3401.607306
888299 771.793496
888811 1985.636822
889273 1718.661650
889582 1039.929755
890213 2521.405229
891213 4225.673830
891527 1048.541402
892427 3736.106619
892733 1038.924131
893398 2723.796804
893878 1827.932203
894118 750.379513
894591 1745.615684
895148 2114.720926
895405 752.104430
895953 2142.313209
896878 3801.617700
897878 4200.680923
898315 1595.873573
899230 3695.487486
899544 1055.843578
899721 459.052426
899894 442.566634
900894 4191.335366
901073 492.762262
901398 1108.844800
901564 396.885685
902442 3664.536975
903442 4176.097406
904079 2490.331622
904525 1743.363764
905525 4234.340734
906032 1977.451019
906706 2778.014950
907706 4236.754010
908284 2268.128085
908640 1217.979110
909143 1935.091101
909541 1429.195197
910222 2784.112046
910999 3198.535670
911999 4236.555997
912999 4218.595712
913475 1795.953999
913657 463.499547
914590 4001.146332
915278 2781.947968
915611 1175.445863
916611 4263.631316
917465 3686.611906
918465 4272.099317
918717 788.929952
919717 4316.257740
920717 4160.148907
920974 826.154352
921668 2912.390640
922668 4164.237536
923668 4238.050461
924109 1648.603619
925109 4164.432099
926109 4192.337929
927038 4098.152155
928038 4293.617961
928834 3277.803654
929834 4299.891942
930645 3291.579671
931000 1274.938259
931545 2152.470051
932545 4260.119178
932687 331.976535
933687 4180.158556
934687 4253.390543
935687 4276.780067
936687 4185.246459
937357 2781.054871
938357 4210.830249
939357 4189.477612
939801 1609.534635
940157 1310.797136
940999 3506.773031
941667 2675.758195
942667 4316.914051
943667 4140.863193
944667 4156.550491
945538 3623.966194
946538 4294.876174
947031 1898.505346
947927 3736.520171
948178 775.326809
948565 1453.591934
948917 1245.640074
949077 383.087897
949879 3406.409646
950338 1702.443953
951235 3724.419623
951678 1678.017161
952027 1248.416789
952379 1281.911144
953379 4230.888107
954158 3092.828367
954632 1797.245122
955632 4211.327207
956632 3990.329197
957632 4175.041493
958632 4183.747850
959615 4154.484284
960111 1883.994425
961111 4136.402757
961624 2045.087832
962624 4198.253775
963624 4175.115076
964624 4119.890726
965624 4249.028110
965978 1287.327060
966351 1353.919466
967003 2598.341288
968003 4203.981597
969003 4165.656078
969176 409.116443
970176 4195.368759
971176 4146.032481
972176 4147.821694
973152 4099.774229
974152 4185.151411
974477 1092.616600
975477 4245.681127
976477 4273.570874
977146 2727.744116
977581 1641.439414
978581 4101.812443
979207 2486.975715
979576 1339.456047
980576 4201.177706
981576 4232.839784
982237 2700.622626
983237 4209.366227
983933 2829.602906
984862 3810.519067
985862 4204.586320
986862 4195.729373
987862 4315.025938
988862 4217.204435
989862 4246.289589
990862 4231.624114
991862 4282.362106
992862 4195.815051
993016 379.845496
993420 1510.224299
994102 2740.252267
995102 4216.554937
996102 4239.844235
997102 4273.409683
998102 4192.655677
998798 2928.299253
999798 4179.216851
1000535 2980.848023
1001535 4277.019440
1002535 4247.932933
1003535 4290.168186
1004535 4332.267255
1005535 4299.053292
1006535 4270.544160
1006767 735.141845
1007005 784.974547
1007803 3378.821052
1008734 3858.316564
1009734 4246.789436
1010135 1493.177632
1010505 1425.525555
1011125 2480.316851
1012125 4204.786462
1012509 1411.287857
1013363 3608.714738
1013516 389.302799
1014451 3959.676175
1015451 4311.815342
1015612 445.936123
1015932 1145.011307
1016789 3571.912185
1017789 4225.122081
1018789 4357.739902
1019362 2306.441251
1019696 1158.782213
1020696 4225.797894
1021696 4338.795343
1022162 1801.842133
1022847 2916.519680
1023847 4134.902247
1024428 2261.603686
1024723 952.898715
1025723 4363.273719
1026656 4002.500998
1026996 1135.927444
1027996 4140.721469
1028996 4193.426352
1029407 1468.701612
1030407 4141.360690
1031261 3463.592717
1031949 2864.996282
1032193 736.356050
1032447 762.866509
1033447 4209.426334
1034287 3480.081938
1035048 3101.484425
1036048 4192.898004
1037048 4101.027387
1038048 4149.799874
1038999 3943.644965
1039999 4248.577299
1040490 1848.144237
1041181 2761.901320
1041730 2147.266526
1042730 4096.544543
1043730 4156.126692
1044532 3178.770418
1044946 1475.622818
1045767 3401.310222
1046767 4292.284095
1047767 4232.099072
1048693 3931.413293
1049312 2539.023163
1050312 4195.793729
1051312 4265.903475
1051751 1693.526395
1052751 4380.005398
1053751 4244.878201
1054751 4334.960886
1055751 4373.297351
1056302 2132.210447
1057302 4298.448006
1057894 2428.276179
1058894 4382.182996
1059894 4211.802211
1060489 2411.137392
1060722 734.244105
1061669 4054.036378
1062669 4319.142391
1063669 4376.124557
1064669 4276.165819
1065669 4274.338599
1066669 4407.201940
1066903 765.951057
1067380 1920.564655
1068380 4296.039874
1068702 1201.717390
1069702 4401.730613
1070548 3570.244023
1071548 4301.758301
1072548 4422.887338
1073085 2186.608099
1074085 4435.829404
1074210 284.350281
1075185 4352.105698
1075488 1064.118827
1076151 2759.093495
1076556 1573.299173
1076989 1700.595937
1077288 1065.079381
1078288 4303.604846
1078665 1415.097101
1079607 4069.068155
1080347 3098.726797
1081347 4531.284017
1081639 1014.752995
1081851 633.604800
1082851 4340.501758
1083207 1262.740729
1083516 1077.957001
1083929 1564.736515
1084331 1480.651556
1085331 4458.504210
1085744 1549.153820
1086652 4004.460829
1087652 4502.628374
1088020 1330.788820
1089020 4272.858922
1090020 4245.361503
1090246 653.437001
1090720 1813.921684
1091720 4291.034725
1092702 4366.570586
1093699 4386.203650
1094478 2996.695039
1095048 2176.312237
1095623 2222.313398
1095855 717.856652
1096855 4348.598472
1097855 4386.053129
1098855 4207.953788
1099855 4347.853381
1100855 4415.186090
1101327 1872.148138
1102327 4217.724933
1102693 1347.704487
1103684 4358.975953
1104684 4268.297286
1105008 1106.603325
1105851 3524.770428
1106851 4403.535393
1107851 4270.616838
1108228 1378.344948
1108554 1122.348528
1109554 4388.554316
1109771 703.550374
1110771 4266.233519
1111002 713.458309
1112002 4410.682157
1113002 4255.421508
1113294 955.239903
1114294 4460.696135
1115294 4246.200860
1116294 4370.907676
1117294 4192.714361
1118030 2947.934601
1119030 4113.683644
1120030 4349.488949
1121030 4231.319929
1122030 4252.082857
1123030 4178.209714
1124030 4323.421168
1125030 4281.276513
1126030 4285.478267
1126837 3533.765250
1127837 4412.819360
1128322 1907.397817
1128566 830.966712
1129566 4438.389719
1130566 4331.914150
1131099 2185.805554
1132099 4321.157762
1133099 4490.938634
1133957 3800.109991
1134865 3936.694030
1135865 4510.438501
1136453 2419.416946
1137007 2235.521688
1137286 915.688808
1137448 389.465085
1138448 4339.957397
1138952 1959.127754
1139952 4416.313996
1140952 4379.561893
1141653 2990.060385
1142192 2258.489108
1143192 4424.779682
1144192 4317.635728
1144512 1136.910682
1145512 4381.337964
1146512 4505.984846
1147512 4521.493917
1148412 3878.733753
1148752 1224.225468
1149752 4428.683189
1150433 2792.817081
1151433 4546.683197
1151668 720.121134
1152415 3150.743796
1152580 424.801847
1152792 639.467293
1153134 1108.623545
1153420 909.172825
1154420 4435.598470
1155120 2927.922018
1156120 4380.514249
1156918 3337.959706
1157053 317.569251
1157201 341.029270
1157335 295.740850
1157449 239.798722
1157556 218.970543
1157968 1506.100143
1158968 4402.666042
1159089 256.891519
1159228 323.253330
1159352 291.208743
1159485 299.653607
1159674 513.517711
1159821 325.037047
1159967 371.080571
1160967 4346.156203
1161118 345.962574
1161268 360.181532
1161416 386.913711
1161561 346.627777
1161697 306.738258
1161860 415.674698
1162860 4343.932559
1163000 325.619905
1163141 336.384142
1163290 364.157530
1163444 400.522937
1163537 185.526532
1163684 329.304991
1163824 311.540646
1163967 363.470360
1164115 343.766003
1165115 4350.463081
1165231 244.237433
1165380 364.945796
1165504 260.621216
1166504 4209.711892
1166650 329.798726
1167650 4422.333871
1168650 4125.451631
1169579 4045.034509
1169692 225.552007
1169818 266.014894
1169933 254.900979
1170278 1193.840340
1171278 4409.410043
1172278 4199.818466
1172407 283.005236
1173180 2799.022156
1173322 333.511083
1173459 306.965850
1173578 254.924654
1174578 4519.183615
1175578 4377.177568
1175720 341.249607
1175863 291.722297
1175990 287.086761
1176141 342.471453
1177141 4239.775023
1177285 359.026473
1177410 276.202115
1178240 3538.335643
1178873 2597.418839
1179257 1416.296583
1179410 402.003120
1179564 421.078423
1179708 337.627668
1179948 752.476699
1180948 4287.900033
1181470 2105.029102
1181620 338.987152
1181754 293.366900
1181930 448.370518
1182244 1063.533809
1183244 4300.829584
1183387 356.326035
1183670 971.772758
1183811 328.142810
1183959 377.446480
1184136 469.705602
1184279 337.747765
1184549 898.028626
1185549 4253.333638
1185697 372.553773
1185915 666.850415
1186376 1764.132675
1186502 278.774698
1186643 349.447980
1186795 347.895861
1186934 338.979914
1187046 233.939008
1187198 366.307800
1188198 4287.512480
1189198 4245.482673
1189457 841.175980
1190457 4279.304457
1190561 197.384297
1191561 4241.100898
1191737 533.104926
1192737 4240.761387
1193737 4482.686484
1193853 253.636669
1194551 2952.162935
1194750 635.165343
1194962 638.419347
1195095 308.207503
1195211 246.430892
1196211 4435.332111
1196329 263.016295
1196877 2287.211881
1197005 286.772969
1197978 4181.891313
1198937 4025.956686
1199937 4304.695808
1200513 2128.233302
1201176 2475.692676
1201544 1190.907203
1201873 1160.213451
1202873 4285.406986
1203873 4378.583146
1204578 3013.637103
1204714 321.577648
1205714 4443.156496
1205864 378.257290
1206022 378.127449
1207022 4309.850323
1207613 2248.831694
1208613 4232.575181
1209574 4186.206879
1209728 392.490032
1209936 614.159315
1210058 278.083764
1210244 450.329966
1210801 2254.915721
1210947 349.406354
1211155 589.753503
1212155 4419.480394
1213155 4235.986571
1213325 482.164586
1213509 507.142097
1213675 438.635101
1213823 364.721460
1214346 2035.516206
1215346 4230.413273
1215497 420.292684
1215664 440.315380
1215807 360.644135
1215982 486.705222
1216982 4341.818538
1217982 4231.842008
1218148 436.937299
1218268 253.655921
1218390 273.447527
1218509 263.023598
1218645 321.561181
1218913 859.232897
1219063 357.440336
1219199 320.643033
1220199 4305.143207
1220343 322.405207
1220482 318.699610
1221482 4350.215889
1221611 294.644478
1221918 1010.740136
1222081 395.751447
1222579 1741.281279
1223579 4373.234568
1223873 877.003170
1224069 586.401555
1225069 4294.573411
1225949 3805.261769
1226310 1172.416128
1226452 357.939837
1226765 1110.255516
1227765 4314.602860
1228073 1089.456424
1229073 4247.714084
1229228 392.171948
1230228 4323.259385
1230497 871.074698
1231231 3165.021665
1231352 267.616950
1232352 4290.498180
1233352 4319.947036
1234352 4399.218555
1234499 352.353923
1235499 4185.458474
1235638 320.676559
1235790 346.169141
1235954 423.161259
1236120 333.595983
1236403 937.328482
1236556 370.972813
1236867 1051.396126
1237025 396.308726
1237324 916.705814
1237470 340.960779
1238470 4233.777176
1238615 350.499867
1238731 249.131204
1238887 352.826443
1239049 416.765811
1240049 4434.756730
1241049 4342.526230
1241169 247.125797
1242169 4063.243947
1242368 603.955437
1243368 4425.278763
1244368 4377.049508
1245368 4405.138810
1245510 324.144997
1245627 248.280854
1245779 360.791939
1246536 3127.335627
1247536 4304.878941
1247694 399.276997
1247836 346.845970
1248031 546.497217
1248169 318.239990
1248368 573.384358
1249368 4408.769813
1249530 422.431238
1250530 4350.232029
1250703 466.484193
1250850 389.006520
1251109 773.102268
1251212 198.921175
1251387 446.558929
1251528 353.041672
1252528 4348.973653
1253528 4452.504192
1253659 297.544221
1253791 297.116483
1254791 4315.784486
1255262 1792.669620
1255496 702.288241
1256288 3380.089662
1256405 246.436997
1256655 816.241863
1257321 2772.855367
1257515 525.006671
1258175 2751.649034
1258334 389.662354
1258524 525.497669
1258739 684.302631
1258883 345.483974
1259347 1755.261121
1260347 4308.933013
1261347 4348.258427
1262347 4327.481397
1263347 4366.568434
1264347 4386.853192
1265347 4406.281616
1265506 425.595448
1266245 3108.939318
1267245 4257.641314
1268245 4385.464017
1268418 467.677501
1268574 378.930800
1268712 312.152920
1269712 4427.613335
1269846 308.811625
1270333 1834.015421
1271333 4412.825336
1272065 3083.960032
1273065 4339.926239
1273254 523.985685
1274254 4423.897757
1274423 447.291372
1274636 656.002546
1275636 4372.109902
1275834 551.574235
1276092 873.473589
1277092 4413.869639
1278064 4189.697542
1279064 4349.435952
1280064 4367.267231
1280304 779.798096
1281304 4343.012989
1282304 4376.263976
1282475 449.192100
1282933 1687.107777
1283933 4389.529313
1284158 700.597124
1285158 4333.022272
1285510 1202.662647
1286319 3436.589579
1287319 4384.052760
1288135 3434.675722
1288441 1053.106283
1288595 351.262427
1289595 4276.927801
1290091 1948.609842
1290701 2503.166746
1291175 1855.186525
1292158 4233.636164
1292770 2253.712846
1293415 2627.444969
1293624 647.228978
1294056 1653.275659
1295056 4062.576572
1296056 4450.284282
1296938 3871.916773
1297344 1444.280629
1297566 694.182561
1297741 478.736481
1298605 3626.182681
1298986 1309.111430
1299856 3713.221050
1300856 4245.075945
1301529 2814.920329
1302067 2023.489681
1302288 677.296911
1303288 4289.551384
1303532 791.357615
1304532 4371.364883
1304757 718.818576
1305757 4518.471726
1306144 1447.772565
1307144 4344.671757
1307535 1390.424264
1308047 2023.575274
1309047 4483.467419
1310047 4455.643143
1311047 4541.975983
1311416 1313.608766
1312416 4412.906781
1313416 4309.323225
1314416 4436.943848
1314693 896.516675
1315132 1480.842305
1315529 1356.109987
1316529 4450.774931
1316977 1687.918799
1317148 440.531413
1318119 4352.680545
1319119 4321.374089
1320006 3741.273600
1320313 1041.160075
1321313 4396.624985
1322313 4377.382669
1322790 1730.388024
1323790 4392.220270
1324172 1403.649105
1325172 4425.488133
1325502 985.407616
1325990 1890.180950
1326990 4549.552613
1327694 3013.258711
1328022 1111.792985
1329022 4389.470713
1329470 1661.225419
1330470 4442.306564
1330978 1955.189579
1331860 3835.893495
1332860 4467.405525
1333309 1665.692250
1334309 4324.673365
1335309 4503.126055
1336309 4342.757334
1337031 2913.111879
1337924 3744.301945
1338924 4355.939739
1339089 437.710130
1339411 1079.339219
1340085 2788.272579
1341085 4211.525148
1342067 4365.443537
1342329 818.861728
1342702 1266.479304
1343033 1103.108926
1343699 2771.385607
1344576 3733.505580
1344882 1058.282712
1345874 4166.787406
1346209 1213.523686
1346638 1670.517743
1346933 945.293082
1347239 1041.102323
1347518 945.290772
1348352 3584.718132
1348994 2568.914640
1349325 1150.850099
1349825 1898.739503
1350178 1294.826303
1350391 612.069837
1351080 2982.412380
1351896 3432.587830
1352205 1034.337635
1352532 1178.699729
1352861 1228.240112
1353601 3107.228447
1353918 1076.259767
1354249 1191.006607
1354880 2618.433581
1355474 2429.821442
1356104 2457.358664
1356378 926.290877
1356645 908.437772
1357645 4200.905152
1358197 2258.849357
1359080 3845.809380
1359822 2962.043965
1360113 960.400092
1360825 2878.282081
1361333 1953.143163
1361975 2515.630916
1362512 2099.255711
1363059 2173.893064
1363774 2873.982630
1364123 1224.377646
1364264 322.088987
1364825 2289.854405
1365825 4309.366607
1366825 4214.566828
1367302 1823.572555
1367590 948.898559
1368590 4172.905844
1368936 1186.436957
1369936 4334.667247
1370936 4195.096709
1371245 1053.917689
1372245 4346.581453
1373245 4326.329983
1374245 4287.282655
1374555 1069.104715
1374875 1095.134831
1375201 1110.446227
1375557 1238.901539
1376460 3823.840737
1376764 992.432962
1377764 4200.729794
1378742 4087.095210
1379579 3419.950897
1380114 2212.203474
1381114 4075.026805
1382114 4159.676347
1382442 1144.008789
1382719 885.266798
1383081 1251.233558
1383792 2989.326165
1384760 4139.455106
1385760 4393.385339
1386676 3968.697941
1387538 3703.571006
1388538 4365.715149
1388961 1679.479548
1389739 3326.753002
1389871 290.572280
1390241 1335.456716
1391241 4368.165838
1391754 2065.094608
1392754 4303.618411
1393167 1546.974940
1393623 1774.475792
1394542 4007.077298
1394898 1217.084406
1395284 1435.390119
1395610 1134.468992
1396024 1641.520370
1396411 1361.165504
1396787 1428.876473
1397500 3026.088261
1398204 3051.425207
1398988 3406.916014
1399542 2229.104133
1400229 2906.538137
1400599 1338.478696
1401448 3826.810120
1402147 2979.210189
1402834 2866.115965
1403086 793.510062
1403546 1835.481385
1403870 1136.606683
1404223 1222.392916
1405042 3527.014136
1405632 2521.391625
1406579 3962.765550
1406985 1538.863506
1407503 2030.650951
1407823 1093.723118
1408228 1562.535721
1409228 4336.797774
1409756 2188.852608
1410360 2581.218159
1411284 3968.952861
1411584 970.657896
1411922 1186.946784
1412801 3740.388157
1413095 987.632848
1413428 1217.426905
1414024 2534.158127
1415024 4402.507684
1415508 1908.897921
1416023 2087.880408
1416343 1135.007039
1416662 1113.999176
1417152 2020.037878
1417596 1591.995930
1418168 2280.621139
1418474 1067.481325
1419038 2203.909269
1419633 2480.561077
1419949 1067.168902
1420578 2670.871357
1421578 4191.970569
1422069 1990.430666
1423069 4483.593189
1423762 2906.907529
1424138 1407.970504
1424708 2377.369021
1425708 4379.510538
1425956 783.184278
1426383 1714.261744
1427164 3298.303550
1427360 549.521691
1427690 1099.483092
1428087 1500.173952
1428465 1380.775332
1428820 1313.690781
1429156 1199.314542
1429492 1201.701680
1430000 2093.340684
1430288 966.609586
1431190 3901.258618
1431682 1924.755610
1432672 4509.760723
1433390 3134.539300
1433938 2258.439366
1434223 942.542953
1434979 3248.433209
1435631 2678.998932
1436259 2501.572231
1436492 715.055800
1437492 4526.342328
1438492 4488.155785
1439492 4237.209457
1439865 1330.550100
1440551 2895.691061
1440973 1598.703122
1441592 2611.077579
1441903 1069.204080
1442903 4492.358363
1443579 2886.236332
1444579 4515.153167
1445212 2663.018982
1446212 4483.993804
1446676 1713.843237
1447676 4444.253168
1447958 990.616658
1448177 672.397963
1449177 4446.461269
1450012 3590.136921
1450885 3802.987436
1451885 4527.039414
1452885 4513.726375
1453490 2622.021361
1454490 4543.146875
1455490 4617.199243
1456490 4624.158581
1457114 2729.876408
1457928 3683.987450
1458882 4288.814072
1459082 599.971996
1459759 2920.374032
1459937 465.801699
1460411 1761.216896
1460646 749.651352
1461118 1910.068480
1461575 1872.002869
1462278 3161.225298
1462605 1169.522101
1462847 744.754795
1463832 4471.341664
1464512 3029.208785
1465055 2128.967365
1465521 1957.009351
1466521 4606.883867
1467245 3267.596191
1468245 4474.884466
1469053 3496.773262
1469270 659.264278
1470270 4545.458298
1471030 3267.366277
1472030 4476.302059
1472411 1388.873791
1473411 4559.005062
1474411 4687.960914
1475411 4467.518994
1475635 648.342293
1476004 1410.182288
1477004 4580.145183
1477186 500.413003
1477368 514.535706
1477932 2370.025898
1478932 4542.466712
1479932 4492.415092
1480151 659.578042
1480470 1136.408356
1481470 4590.502687
1482100 2622.541433
1483100 4578.488272
1483714 2555.047507
1484714 4443.123499
1485094 1465.032942
1485434 1223.621031
1485895 1744.809781
1486895 4571.222872
1487721 3612.665664
1488119 1473.526109
1489119 4607.364164
1489421 1087.127838
1489996 2394.269216
1490996 4571.692512
1491182 512.754739
1491322 340.730205
1491507 515.244411
1491729 712.108964
1491992 867.583723
1492992 4611.482235
1493867 3961.045494
1494867 4549.904436
1495462 2521.538492
1495924 1766.735234
1496924 4490.037054
1497207 1000.641728
1497349 356.191718
1497724 1404.644695
1498724 4493.265938
1499093 1349.257190
1499778 2985.512670
1500124 1263.885779
1501124 4544.001621
1501654 2159.974609
1501791 304.649885
1502791 4479.458506
1502933 327.231374
1503234 1059.732050
1504045 3526.995049
1504488 1766.034267
1504813 1161.408723
1505813 4541.920260
1505944 302.852571
1506944 4471.456262
1507347 1528.790810
1508347 4423.735137
1508482 320.100665
1508603 262.953623
1508737 307.265751
1509410 2903.843913
1510410 4450.532415
1510768 1331.746513
1511768 4368.412952
1511894 308.162283
1512894 4337.913599
1513509 2475.832526
1513881 1268.659740
1514881 4274.001231
1515260 1405.215225
1515564 1000.496808
1515708 354.441924
1515962 802.565216
1516962 4192.759889
1517521 2205.376283
1518465 4076.462159
1518798 1143.127541
1519590 3205.844753
1519912 1119.648508
1520912 4285.118957
1521912 4303.024001
1522176 937.153303
1523176 4155.349928
1524176 4278.224816
1525176 4273.632796
1526176 4172.667404
1526415 737.303121
1527415 4270.514968
1528415 4252.849413
1529415 4210.745444
1530415 4198.812876
1530707 982.824197
1531707 4347.036983
1531963 866.922710
1532089 296.123315
1532430 1207.569362
1533430 4291.231038
1533975 2196.739481
1534975 4270.029649
1535975 4217.748017
1536975 4306.272712
1537975 4251.583467
1538975 4322.946466
1539975 4244.826801
1540975 4264.982832
1541154 471.413025
1541622 1808.692827
1542622 4266.668921
1543253 2610.280244
1544253 4237.097191
1545253 4231.746922
1546253 4294.424764
1547253 4250.878225
1548253 4233.974987
1548541 984.993905
1549541 4349.835006
1550541 4278.822329
1551541 4262.632406
1552541 4216.854645
1553541 4262.969305
1553988 1651.171217
1554918 3915.460752
1555918 4248.151369
1556055 303.597908
1557055 4304.229958
1557709 2743.680134
1558709 4254.252563
1559006 1041.754137
1560006 4198.929888
1560208 594.809223
1560549 1237.884005
1561549 4288.464975
1562297 3068.132683
1563297 4231.552577
1564297 4254.478369
1564677 1396.970828
1565677 4253.722680
1566677 4282.327063
1566997 1102.105101
1567314 1079.795834
1568314 4250.975345
1568787 1778.970932
1569787 4238.299298
1570391 2369.086392
1571391 4196.953560
1572391 4302.855626
1572770 1455.044572
1573152 1456.881431
1573772 2495.817656
1574772 4266.717763
1575772 4189.395510
1576149 1383.579567
1577149 4337.855111
1578149 4282.742578
1578889 3011.477210
1579208 1086.825839
1580208 4232.757181
1581167 4035.870660
1581530 1406.788551
1582038 1987.897197
1582355 1054.268530
1582861 1957.445047
1583861 4329.903255
1584501 2627.329611
1584801 1032.132034
1585315 1982.815607
1585734 1551.613458
1586734 4253.203317
1587454 3021.962601
1588025 2349.944002
1588187 375.215844
1589187 4350.162767
1589631 1685.048973
1590631 4302.244706
1591249 2452.425167
1591890 2656.377793
1592808 4059.338150
1593808 4343.109712
1594808 4394.207120
1595808 4310.420685
1596518 3002.936729
1597518 4315.014761
1598518 4340.299145
1599518 4397.586483
1599857 1152.447921
1600857 4388.332138
1601857 4257.469183
1602857 4242.165157
1603857 4357.614805
1604857 4270.272248
1605463 2428.450325
1606463 4087.365640
1607384 3879.309229
1608045 2625.403085
1608371 1133.578187
1609371 4203.898601
1610371 4300.198738
1610925 2208.132934
1611925 4198.715004
1612508 2129.796702
1613508 4273.024753
1614508 4265.345737
1614907 1410.806489
1615907 4359.260913
1616907 4296.555187
1617416 1746.941181
1618416 4292.020404
1619416 4321.428930
1620416 4266.091587
1621168 3142.602247
1621648 1716.540175
1622436 3268.037825
1623436 4245.162883
1624436 4286.417799
1624759 1145.274865
1625759 4208.267890
1626759 4291.878317
1627748 4245.695084
1628748 4237.891585
1628908 364.266549
1629908 4371.258742
1630672 3269.317136
1631672 4341.117011
1632672 4345.472029
1633672 4364.353882
1634672 4434.110702
1635672 4373.188018
1636672 4373.015880
1637672 4287.290685
1637965 1017.068627
1638965 4369.521012
1639965 4327.002059
1640965 4300.219414
1641965 4353.269104
1642965 4379.402675
1643424 1730.628888
1644424 4324.354626
1644933 2074.278757
1645390 1816.055687
1646016 2598.831781
1646577 2262.621896
1647045 1864.412725
1647498 1781.868046
1647809 1094.951369
1648809 4474.925528
1649326 2162.945899
1649800 1912.705843
1650800 4430.013874
1651800 4488.705919
1652800 4441.388633
1653800 4393.114293
1654163 1337.598805
1654756 2480.208085
1655701 4121.756872
1655945 769.879213
1656320 1376.155619
1657320 4426.174099
1657644 1177.544980
1658243 2487.850074
1659189 4206.592946
1659642 1834.856741
1659964 1129.862428
1660964 4383.488456
1661964 4460.429182
1662349 1521.188653
1663349 4418.179603
1663927 2298.913960
1664904 4372.678762
1665694 3408.594426
1666355 2609.260524
1667355 4497.293481
1668343 4318.343756
1669343 4292.113330
1670343 4483.883466
1671343 4475.266739
1672343 4416.211058
1673343 4382.307534
1674343 4459.070644
1675343 4455.889697
1676292 4045.467807
1677292 4273.126517
1677667 1409.654223
1678667 4396.835580
1679263 2472.950972
1679994 3105.824073
1680994 4415.116565
1681994 4380.839697
1682543 2228.499872
1683543 4397.953343
1684543 4379.933980
1685042 2030.127895
1686042 4309.307483
1687042 4318.731903
1687428 1444.999688
1687954 2099.127915
1688895 4072.788215
1689895 4298.432188
1690895 4376.724309
1691895 4415.484082
1692288 1486.902653
1693288 4249.438036
1694288 4408.929089
1695288 4382.592821
1696288 4341.547841
1697288 4247.091245
1698288 4384.320363
1698798 1774.120906
1699798 4121.923266
1700767 4215.551641
1701157 1231.696290
1701790 2619.876780
1702200 1501.850245
1703200 3974.002852
1703892 2764.229913
1704892 4160.939614
1705320 1509.452706
1706320 4328.603262
1707320 4070.222505
1707797 1755.526581
1708797 4228.643239
1709797 4107.953469
1710797 4428.562536
1711221 1507.742884
1712221 4442.164054
1713221 4342.000731
1714221 4343.496308
1715221 4313.531074
1716205 4138.046432
1717205 4156.481080
1717913 2931.775580
1718913 4523.255082
1719474 2246.100322
1719865 1434.182923
1720262 1442.360643
1721142 3637.259423
1722142 4392.862619
1723142 4264.843499
1724142 4401.138524
1725142 4266.601375
1726142 4249.675813
1727142 4368.911413
1728142 4397.383982
1729142 4247.447809
1730142 4284.671075
1731142 4368.998213
1732142 4529.026607
1733142 4237.539923
1734142 4363.727783
1734992 3789.426317
1735901 3965.550518
1736712 3516.885063
1737712 4561.655215
1738712 4506.158622
1739184 1918.508214
1739462 978.281666
1739782 957.465053
1740389 2402.806202
1740732 1172.428124
1741278 2209.806745
1741901 2696.125145
1742690 3412.188646
1743039 1192.079670
1743814 3274.741859
1744800 4263.465755
1745735 4224.652537
1746664 4185.427251
1747511 3548.907671
1747994 1627.256147
1748451 1565.938510
1748930 1626.982145
1749523 2212.866102
1750523 4354.540328
1750942 1459.722758
1751256 856.245436
1751582 1084.327632
1752582 4208.409187
1753085 1903.070127
1754085 4480.385305
1755085 4333.166256
1755634 2009.136160
1755933 1046.952103
1756933 4159.138026
1757933 4530.556264
1758933 4250.383926
1759933 4549.565385
1760933 4306.515906
1761933 4461.552274
1762933 4365.183241
1763933 4469.213520
1764933 4400.026482
1765630 3035.978570
1766560 4057.241957
1767560 4300.623532
1767952 1277.196756
1768281 1113.446489
1769281 4409.926359
1769638 1158.301927
1770057 1587.926439
1770487 1686.459029
1771487 4223.010358
1772487 4520.902508
1773487 4323.217266
1774487 4562.109682
1774806 1146.807392
1775235 1450.433890
1775600 1228.178368
1776600 4453.422633
1777600 4548.095368
1777986 1424.641686
1778368 1513.312094
1778943 2126.242595
1779943 4521.462836
1780943 4354.224068
1781596 2456.946236
1782596 4145.569238
1783596 4429.908634
1784596 4524.037550
1784909 1077.807527
1785909 4476.172458
1786909 4242.309946
1787909 4295.114122
1788909 4601.858737
1789909 4339.849203
1790206 986.347252
1791206 4564.097968
1792206 4478.302718
1793206 4535.832880
1793441 769.382913
1794441 4485.791328
1794853 1630.233591
1795520 2856.114483
1795923 1516.696331
1796235 1084.268708
1797235 4482.185908
1797522 1029.364125
1798245 2883.423329
1799245 4521.201927
1800245 4434.389363
1800535 926.495132
1800761 723.947110
1801054 1066.028177
1802054 4523.012172
1803047 4542.149626
1804047 4469.981633
1805047 4538.124677
1805439 1500.068377
1805809 1426.365785
1806809 4428.444616
1807042 728.880737
1807295 820.055219
1808295 4505.068100
1809295 4590.942202
1810295 4586.186251
1811295 4583.046226
1811701 1464.502119
1812701 4626.149204
1812975 966.518701
1813762 3590.077458
1814181 1632.174221
1815181 4581.219454
1815601 1649.428801
1816601 4511.452061
1817601 4568.696293
1818601 4434.706275
1819601 4518.657480
1819950 1200.446061
1820950 4609.708498
1821950 4484.800100
1822950 4475.719686
1823303 1344.156815
1823530 731.065475
1824530 4501.592292
1824929 1528.931642
1825246 998.243931
1825560 1015.672864
1826560 4399.009174
1826855 1054.807221
1827855 4613.307335
1828855 4554.640460
1829092 724.252025
1830092 4478.858009
1831092 4410.256711
1832092 4453.306650
1832386 1018.546897
1833386 4459.007053
1834386 4393.855650
1835386 4386.446172
1836386 4368.829492
1836649 876.668255
1837584 4238.887135
1838584 4406.458932
1839584 4507.823394
1840584 4497.230884
1841584 4424.851568
1842584 4470.808601
1843584 4353.164201
1844584 4568.914918
1844888 1066.137423
1845888 4294.583453
1846888 4429.860866
1847888 4446.908937
1848888 4190.113536
1849888 4472.449171
1850888 4629.981845
1851888 4540.908339
1852086 543.375917
1853086 4511.988937
1854086 4545.578363
1855086 4564.042455
1856086 4612.169213
1857086 4474.572567
1858086 4544.934590
1858366 843.898929
1859366 4475.284567
1860366 4485.573147
1860951 2478.401074
1861321 1283.449231
1861618 950.862230
1862477 3827.009925
1862849 1424.002960
1863849 4462.847741
1863990 -7.562987
1864133 -2.192372
1864256 -12.575774
1864387 -17.015180
1864566 23.673225
1865270 2434.393711
1865411 6.137042
1865698 659.549817
1865803 -21.735404
1865879 -31.237773
1865955 -29.709205
1866030 -27.543122
1866106 -31.085836
1866181 -26.629009
1866256 -26.741560
1866331 -28.876394
1866407 -26.853881
1866483 -27.502817
1866560 -31.161459
1866636 -29.752245
1866711 -26.663656
1866786 -27.748473
1866861 -29.021772
1866936 -29.719561
1867012 -29.194697
1867087 -27.557574
1867163 -28.380301
1867236 -26.320583
1867311 -27.928793
1867387 -28.108087
1867463 -29.048952
1867538 -29.379729
1867615 -29.328318
1867690 -27.458750
1867764 -25.117483
1867841 -29.427463
1867916 -29.218479
1867991 -28.893986
1868068 -33.523862
1868143 -29.205157
1868219 -29.156459
1868294 -29.246663
1868369 -29.651453
1868444 -27.296473
1868520 -29.487019
1868595 -30.045393
1868672 -30.062759
1868749 -32.191312
1868825 -31.496083
1868901 -29.324938
1868977 -28.895724
1869052 -29.468928
1869129 -31.744801
1869204 -28.115825
1869281 -30.167126
1869357 -28.717109
1869433 -30.828747
1869508 -29.558756
1869583 -28.636936
1869658 -29.821889
1869734 -30.588012
1869810 -30.100848
1869882 -24.410008
1869955 -21.498792
1870027 -21.974038
1870101 -20.827772
1870175 -20.424909
1870248 -21.119802
1870321 -20.080858
1870394 -21.564705
1870467 -22.443672
1870541 -21.847840
1870613 -21.178517
1870684 -21.378702
1870758 -26.697124
1870832 -21.968493
1870905 -20.792616
1870978 -23.369036
1871053 -21.830506
1871126 -22.637401
1871199 -21.011441
1871271 -20.619075
1871344 -21.766852
1871416 -18.863911
1871491 -28.634962
1871564 -21.464946
1871637 -21.769290
1871709 -19.960271
1871782 -23.240190
1871854 -21.745721
1871928 -19.034820
1871998 -20.472241
1872065 -14.439463
1872132 -16.596893
1872203 -20.739006
1872273 -17.411034
1872341 -16.020635
1872409 -15.291554
1872479 -17.910979
1872549 -18.972463
1872617 -15.860524
1872688 -19.378112
1872757 -15.837393
1872826 -17.039235
1872896 -19.411686
1872966 -18.559140
1873036 -17.969267
1873105 -17.308252
1873174 -17.002986
1873242 -15.602302
1873313 -19.794523
1873384 -19.340904
1873454 -17.691515
1873523 -17.486117
1873593 -18.958068
1873662 -17.348341
1873731 -17.181456
1873800 -16.967511
1873871 -18.698974
1873942 -20.059913
1874021 -40.182147
1874100 -37.535185
1874181 -43.852099
1874257 -35.440229
1874337 -41.706023
1874413 -34.342741
1874491 -36.627914
1874572 -46.493887
1874651 -40.355812
1874736 -51.441447
1874820 -50.680867
1874899 -40.587304
1874979 -41.985399
1875061 -48.641526
1875144 -49.015871
1875221 -38.491910
1875301 -43.800117
1875386 -56.539548
1875468 -48.508632
1875544 -33.463202
1875624 -44.172134
1875704 -43.260725
1875783 -36.522761
1875862 -42.033747
1875942 -41.724382
1876019 -31.936604
1876098 -36.192560
1876175 -34.439417
1876253 -33.225065
1876327 -26.481152
1876407 -41.711386
1876483 -35.004669
1876559 -35.532942
1876634 -30.905986
1876711 -35.495532
1876788 -36.456274
1876867 -39.294922
1876943 -32.718158
1877019 -34.141220
1877100 -44.014489
1877179 -40.270057
1877256 -34.379802
1877334 -35.837979
1877410 -31.235587
1877487 -32.961162
1877563 -32.890409
1877644 -44.881821
1877721 -33.416053
1877797 -31.894503
1877872 -30.850199
1877948 -34.308424
1878027 -41.564638
1878118 -25.430342
1878200 -28.097959
1878283 -31.836314
1878370 -21.822000
1878453 -24.853670
1878542 -23.061365
1878636 -18.706900
1878724 -23.374112
1878811 -25.674359
1878892 -27.147781
1878988 -21.230008
1879066 -33.767223
1879155 -24.799535
1879246 -20.893995
1879326 -26.955518
1879417 -23.496302
1879503 -23.690472
1879594 -27.286084
1879679 -27.659231
1879773 -19.276835
1879855 -26.065816
1879940 -29.602111
1880040 -18.120986
1880121 -21.853298
1880197 -27.217780
1880273 -28.298515
1880348 -26.920008
1880424 -25.902601
1880500 -24.161263
1880575 -27.781717
1880651 -26.841254
1880728 -26.430482
1880804 -26.981097
1880880 -25.962226
1880956 -29.559167
1881031 -27.198517
1881107 -27.120278
1881183 -27.192763
1881258 -25.594959
1881333 -25.602735
1881408 -26.381765
1881484 -25.233901
1881559 -27.066553
1881635 -24.879592
1881710 -24.828988
1881787 -28.397141
1881863 -27.957147
1881939 -26.506838
1882014 -26.876123
1882090 -25.602865
1882167 -33.117407
1882261 -20.741302
1882343 -26.183333
1882425 -25.271355
1882510 -28.312241
1882611 -21.290780
1882694 -27.423172
1882785 -21.417478
1882866 -27.648970
1882948 -28.733038
1883030 -28.050591
1883125 -22.306949
1883208 -26.293956
1883286 -26.556623
1883372 -25.918126
1883458 -21.005895
1883547 -29.432930
1883640 -26.910804
1883726 -26.764693
1883809 -26.502664
1883899 -24.516724
1883980 -27.846775
1884065 -21.516624
1884150 -24.640509
1884503 774.587418
1884713 464.688162
1885004 699.066665
1885215 429.786984
1885611 1146.523661
1885853 480.047041
1886115 593.436357
1886399 744.700896
1886656 674.086412
1886990 1107.862942
1887359 1164.570454
1887565 465.835993
1887828 726.962567
1888069 566.718455
1888266 94.936228
1888419 40.945617
1888684 635.961388
1888979 626.703321
1889247 554.612290
1889529 636.670329
1889780 522.873007
1890094 638.012904
1890255 50.170251
1890490 647.382349
1890726 487.296154
1890992 671.520102
1891112 2.001599
1891267 44.054413
1891474 106.840250
1891720 585.592163
1892050 1004.025090
1892326 824.007794
1892502 61.299860
1892772 698.839535
1893082 739.502495
1893349 694.201689
1893579 657.435310
1893797 463.691661
1894073 804.534405
1894375 857.541361
1894716 936.769163
1894987 652.921165
1895248 695.809187
1895503 525.009903
1895709 451.218043
1896000 721.194356
1896229 562.534065
1896413 337.979467
1896672 575.153862
1896916 614.163203
1897263 1021.230104
1897461 79.233955
1897732 633.844917
1898019 821.412692
1898347 959.079176
1898651 917.998137
1898879 599.914666
1899145 712.842833
1899390 482.551463
1899660 606.303850
1899767 -7.594242
1900064 885.474250
1900406 1123.071513
1900793 1202.349477
1901080 810.969368
1901473 1168.714297
1901734 767.141507
1902007 783.445211
1902317 818.361942
1902644 821.343517
1902987 848.473598
1903313 889.629122
1903721 968.422937
1903977 775.114929
1904259 844.920192
1904574 767.446050
1904773 79.594109
1905143 1139.264744
1905434 879.042705
1905696 758.920467
1906107 1399.492107
1906441 1065.810451
1906722 808.132132
1907208 1774.227213
1907634 1149.735879
1908001 956.730460
1908318 901.053676
1908545 631.383519
1908838 887.219220
1909091 765.933772
1909403 982.928586
1909703 838.999519
1910192 1803.672051
1910918 2967.184850
1911203 817.987147
1911895 2701.414613
1912195 814.428626
1912468 810.397925
1912798 879.045641
1913079 911.572093
1913387 834.180850
1913668 757.990887
1914285 2332.460040
1914650 1143.972794
1915214 2079.199929
1915565 1038.323865
1915825 715.536351
1916131 955.502025
1916393 730.156207
1916691 875.600398
1917035 818.310642
1917431 1346.971348
1917717 752.179129
1917996 698.377721
1918283 827.602987
1918412 20.097763
1918746 1056.290778
1919066 850.998931
1919391 867.812116
1919706 1032.340741
1919828 5.369532
1920169 1091.659691
1920419 691.623267
1920705 731.100256
1921035 1039.223035
1921307 781.718758
1921419 -2.420240
1922227 3153.297230
1922546 871.301676
1922824 777.731408
1923155 982.279768
1923413 786.046843
1923685 861.145723
1923924 754.481421
1924280 1359.256065
1924639 1227.091728
1924861 656.752827
1925089 724.348618
1925835 3160.896346
1926165 1157.192561
1926420 820.503618
1927041 2617.005895
1927305 869.886578
1927588 947.437477
1927984 1435.007533
1928241 766.961222
1928519 995.482056
1929494 4324.728608
1929762 955.180509
1930094 1099.357637
1930343 797.282941
1931007 2714.628567
1931327 1100.743632
1931692 1387.243529
1932079 1473.682489
1932381 1054.666782
1932688 903.256247
1933005 1122.339811
1934005 4352.862913
1934490 1856.493249
1934817 1110.600155
1935049 697.888746
1935440 1468.426487
1935732 1024.220391
1935988 845.815701
1936514 2107.046812
1936752 747.272258
1937261 2078.479515
1937507 808.174621
1937771 901.004267
1938344 2386.055258
1939344 4547.249530
1940031 2894.648966
1940283 798.442606
1941283 4584.987417
1942283 4282.687671
1942595 1082.856214
1943029 1688.552746
1943619 2368.997672
1944190 2434.587908
1944439 789.368889
1944747 1114.677525
1944994 795.954436
1945416 1682.138931
1946023 2578.350060
1946333 1073.670441
1947333 4475.085611
1947638 1126.000707
1948620 4417.013997
1949620 4459.074955
1950620 4498.528074
1951620 4488.198627
1952130 2034.628449
1952452 1164.288540
1952821 1424.159951
1953303 1850.164230
1954303 4467.740423
1954739 1765.456314
1955739 4527.533379
1956739 4543.217644
1957130 1463.889092
1958130 4577.019322
1959077 4271.980641
1960077 4374.074064
1960232 343.617910
1961232 4474.127066
1961978 3150.544426
1962223 814.747490
1963223 4619.429011
1964223 4536.333033
1965024 3569.621942
1965479 1832.719987
1966479 4575.775805
1967479 4617.145054
1968479 4615.180244
1969453 4459.315677
1970453 4586.168771
1971453 4623.531053
1972453 4590.039502
1973453 4626.948971
1973836 1485.901072
1974500 2878.368153
1975098 2549.900813
1975589 2000.107806
1976195 2604.097248
1977195 4620.445704
1977445 783.251724
1978445 4551.503497
1979445 4537.237001
1980445 4602.819650
1981445 4562.022141
1982098 2855.210708
1983098 4580.629840
1984098 4533.572987
1984724 2751.638063
1985079 1353.762649
1985453 1483.430414
1986453 4607.912864
1987034 2454.837743
1987346 1117.719560
1987654 1139.939653
1988654 4493.179089
1989654 4446.806496
1990654 4580.365486
1991192 2251.051202
1991501 1098.368042
1992174 2885.430394
1992776 2599.532133
1993062 957.028442
1993477 1599.342297
1993734 853.770910
1994045 1140.130633
1994452 1516.055120
1994853 1528.542962
1995853 4524.016576
1996449 2561.771878
1997449 4577.445817
1998344 3986.894962
1999344 4599.879752
2000344 4590.533334
2000594 792.949045
