30 3.458011
42 -5.144120
55 0.170113
67 -2.045716
77 -0.931493
93 -2.976538
128 17.155482
144 5.696027
161 -0.343857
190 -2.753697
211 0.087230
235 -2.529229
248 0.789552
271 13.266161
299 1.990235
340 -5.646138
354 -2.997075
370 -0.504166
386 3.900867
395 -0.421371
421 11.521093
435 2.530514
456 7.830938
473 1.232733
483 -0.666773
506 1.517131
538 11.682986
553 -2.284919
568 -3.711119
576 -2.385015
607 4.537657
640 15.412550
665 1.524865
696 8.589546
705 -3.285567
720 -4.308360
734 -3.070497
762 16.542048
783 2.148524
795 0.509642
828 4.159326
842 2.275728
852 -2.135342
870 4.047621
889 6.429987
905 -2.867002
922 4.872435
934 -2.039683
967 8.283860
981 -1.263462
1005 -2.135961
1024 -0.868528
1039 -1.313863
1064 -0.860283
1083 8.712460
1093 -2.772742
1103 -3.962302
1123 -8.860588
1148 -2.918713
1161 -1.185606
1177 -2.036178
1190 -3.232500
1201 -0.338364
1229 6.710193
1263 3.592441
1278 4.083160
1300 -3.265780
1320 -0.049699
1344 -0.393824
1355 0.515041
1386 -1.284283
1405 0.987617
1429 1.780778
1457 6.328443
1472 -4.000702
1501 -7.195593
1523 4.500200
1552 13.944012
1562 -3.060026
1590 3.121938
1610 -3.377476
1628 -5.175386
1646 3.382089
1675 4.181946
1689 -4.540967
1705 -4.837617
1723 3.587858
1750 3.133213
1759 -0.766669
1787 5.534092
1806 7.631059
1830 -8.771637
1841 -0.592008
1853 1.933207
1880 7.145882
1905 8.650238
1927 -8.292235
1947 5.619437
1956 -4.646712
1980 -3.145713
2002 2.864226
2020 4.960561
2038 -3.624666
2064 9.829819
2081 -1.135801
2113 11.328094
2147 18.414604
2175 9.280512
2201 12.883737
2222 7.263855
2283 19.941801
2299 3.885095
2311 2.240460
2328 5.566132
2355 15.645807
2369 1.632493
2388 4.583781
2417 10.754579
2438 -2.901971
2453 0.249644
2495 20.640652
2521 3.353506
2540 1.730140
2575 11.233253
2608 10.459558
2629 -0.437585
2672 10.160084
2714 5.330480
2731 -1.839585
2749 -0.068758
2763 -1.098197
2785 -4.138265
2826 -1.540082
2843 9.096135
2856 1.562444
2879 9.206135
2892 3.101580
2922 13.025948
2935 1.353286
2954 4.872981
2968 4.978382
3015 5.808547
3042 8.082220
3069 8.050731
3087 0.360973
3100 3.204972
3110 -2.314745
3148 -5.323246
3158 -0.807881
3173 0.763050
3204 6.039412
3218 1.833441
3277 30.122236
3293 6.560650
3307 -4.624029
3351 25.116612
3389 10.984628
3414 3.217767
3435 5.178137
3455 5.466591
3465 -0.246979
3482 1.167849
3495 1.831743
3512 -7.692784
3533 3.710098
3547 0.035047
3572 0.291237
3582 -2.692233
3598 -11.376094
3624 -5.708454
3641 -2.035484
3673 7.053470
3711 1.744255
3737 11.448405
3752 2.738286
3775 6.449470
3796 -5.474274
3826 13.824264
3840 4.209812
3876 14.135555
3928 12.971567
3993 -2.899845
4009 3.564070
4057 23.134937
4071 -1.749208
4083 0.863360
4093 -1.220368
4105 1.367154
4184 22.590782
4211 13.858543
4237 11.007172
4306 55.224386
4444 227.857739
4468 -0.020856
4487 6.679978
4505 8.972640
4517 -0.017366
4530 -0.843644
4543 3.396454
4574 23.543971
4600 3.658551
4625 11.718576
4652 15.148160
4666 6.719758
4680 0.575564
4698 5.942715
4729 7.385342
4776 20.297976
4799 9.712843
4848 19.352038
4880 21.273360
4920 12.172428
4936 3.909451
4965 6.769330
4999 12.313032
5017 2.782090
5042 5.021150
5083 5.240061
5136 26.105840
5161 10.820060
5211 34.848060
5233 9.390992
5310 86.445607
5362 25.164789
5380 7.735297
5406 6.731330
5462 24.497925
5475 1.758675
5527 16.947811
5546 1.281269
5570 12.073181
5598 12.486270
5650 30.111844
5671 2.696239
5697 9.344585
5733 11.535629
5752 -4.947084
5779 -0.982856
5815 4.837751
5858 7.286890
5875 5.992872
5931 30.473805
6003 66.704045
6019 0.934951
6035 1.067802
6055 8.308842
6082 0.343071
6108 5.618033
6148 15.366103
6182 15.128053
6225 34.385778
6272 -3.574303
6281 -1.934263
6351 20.904439
6405 32.699378
6444 25.860103
6485 13.233186
6592 -14.770890
6679 15.592398
6691 -1.196243
6722 8.326072
6827 5.442497
6857 14.198693
6892 9.948071
7032 65.718315
7072 12.966346
7083 -0.457149
7104 10.026351
7170 39.733712
7241 24.260428
7255 -1.833737
7287 12.349586
7354 30.154746
7527 108.370243
7554 6.170948
7612 26.216297
7713 20.911994
7738 11.953962
7783 36.462049
7857 73.222736
7872 2.617035
7924 27.201092
7969 19.243806
8016 14.651125
8093 46.710291
8120 1.836078
8170 14.801479
8364 83.468201
8399 24.557184
8430 8.697802
8492 18.181208
8515 7.732736
8733 215.827575
8789 37.494083
8882 137.760990
8946 32.489462
9069 144.017998
9106 19.932937
9137 14.372158
9237 17.006888
9267 12.831965
9341 40.634259
9441 27.950625
9465 6.804231
9558 66.588265
9641 52.357492
9664 7.672064
9766 54.104388
9885 21.191497
9937 27.129436
9977 7.459337
10037 35.747267
10121 44.094724
10210 37.968184
10273 2.006079
10293 8.034213
10492 219.655575
10570 33.822412
10690 -31.121619
10761 32.899644
10918 92.609072
10946 8.489387
11036 85.574086
11112 53.535574
11200 4.904767
11382 269.143436
11464 -8.485082
11573 22.809362
11722 210.438790
11774 32.497533
11857 58.571511
11932 25.016969
12006 19.569217
12166 23.115484
12217 26.562144
12308 105.930713
12368 26.000275
12476 162.850486
12675 330.944892
12797 107.647525
12942 67.483662
13117 280.287676
13222 32.592576
13342 142.036729
13500 97.939999
13756 350.054998
13891 63.722348
14085 270.409126
14273 35.419419
14502 283.324877
14639 38.822492
14788 14.088322
14899 209.399748
15031 16.385463
15236 269.633757
15418 15.558099
15772 164.932053
15901 59.464734
16042 11.169031
16128 21.068342
16401 151.213129
16484 32.329341
16624 207.547806
16681 22.039326
16844 98.400178
17091 369.920083
17398 412.515222
17546 63.611050
17726 41.497347
17822 60.158973
18027 88.693449
18217 53.978146
18434 186.416126
18716 332.647694
18871 227.297682
19014 62.539432
19143 66.292043
19260 -8.206002
19424 123.550573
19547 213.433553
19728 240.691877
19893 63.741040
20055 45.649928
20153 53.808090
20260 142.008625
20444 337.121169
20609 -37.302424
20707 10.853961
20824 17.711350
20955 82.921925
21178 290.541305
21458 374.702863
21533 57.296541
21678 253.805776
21792 42.241872
21979 127.672253
22095 198.362813
22295 322.508688
22448 0.219467
22600 192.231873
22697 183.073917
22862 90.708015
23029 65.985318
23210 269.126727
23340 207.100785
23462 13.179115
23675 245.649170
23881 77.023374
23962 67.829516
24120 214.014134
24176 40.704989
24373 263.888747
24506 115.336278
24636 7.537467
24795 277.555287
24928 231.543119
25128 307.559244
25321 305.232622
25495 59.210974
25631 35.833707
25837 310.416430
26078 320.118988
26167 45.528243
26379 331.363248
26500 11.288032
26701 120.486790
26870 42.645107
26998 27.258895
27284 419.162766
27494 116.083835
27828 221.106886
28001 51.417081
28154 231.003339
28384 353.793044
28523 84.706225
29010 562.155904
29155 254.476368
29439 136.656920
29835 409.132843
29980 19.449619
30331 187.185178
30466 202.487038
30701 74.021553
30876 283.441346
31058 74.900506
31425 442.053683
31596 278.244629
31739 252.306056
32051 507.049932
32387 414.208094
32640 377.250263
32971 481.639295
33118 241.974605
33266 273.602369
33497 337.916609
33981 601.218211
34104 113.865624
34585 268.707596
34801 332.926031
35110 193.013047
35447 204.573199
35599 273.531799
35752 241.197014
35879 144.469873
36061 275.220356
36173 164.706073
36322 264.009344
36473 263.345645
36641 276.161605
36771 224.546675
36925 278.394264
37062 38.540810
37491 203.450128
37661 296.737224
38168 601.341054
38342 293.228713
38814 398.786388
39151 182.904353
39326 287.934982
39690 401.648825
39978 404.286565
40441 309.874899
40669 367.295057
40855 334.651339
40948 81.068555
41164 344.846315
41346 316.389531
41630 412.240003
41803 282.663830
41985 152.214062
42135 259.701748
42363 369.203899
42575 371.498697
42959 500.421895
43123 292.688549
43393 97.477992
43606 322.575316
43726 47.348553
43859 196.501655
44057 45.651446
44230 281.676725
44372 250.238883
44653 339.616135
44923 117.201583
45250 154.796027
45556 179.427981
45700 260.690072
45920 157.709648
46086 275.700234
46264 305.018567
46592 156.945480
46856 334.749988
47387 597.139419
47657 104.692425
47834 278.843334
48018 295.495742
48125 141.014412
48306 293.259740
48699 220.240503
48928 194.635719
49330 215.075788
49616 424.676485
49793 298.988960
50303 360.650585
50518 341.111443
50886 509.181736
51219 472.038408
51510 382.895952
51680 48.602951
51812 246.291981
51958 253.790298
52114 277.768019
52247 26.600808
52520 377.749697
52696 286.162757
52888 279.323394
53106 305.362644
53280 323.952307
53722 488.080675
53910 286.962177
54406 521.426359
54598 301.702076
54777 287.744561
54979 289.322126
55126 240.210173
55360 344.601824
55492 219.522908
55686 62.350060
55904 331.684241
56325 407.772051
56548 349.151549
56768 315.076983
57138 490.760250
57349 317.247288
57677 434.351437
57845 271.852775
58089 387.561174
58256 295.543325
58430 299.232492
58756 444.279582
58919 248.361662
59137 323.553593
59294 265.849205
59465 267.264943
59692 329.353288
60004 395.771093
60218 317.501797
60424 273.550829
60612 286.853900
60846 351.986527
61255 506.670192
61462 287.582029
61630 295.485627
61903 378.174444
62123 331.880005
62295 266.296546
62558 398.648952
62947 519.295607
63171 326.957303
63368 275.679466
63598 347.670055
63843 359.301587
64016 289.556364
64234 337.184752
64386 266.889307
64932 594.774330
65310 447.615410
65612 381.623719
65841 357.596572
66159 429.092838
66350 301.188114
66531 301.751841
66916 488.206768
67118 339.749314
67403 113.356786
67734 183.039406
67889 261.990419
68051 288.496243
68220 258.002566
68384 246.553267
68555 301.870995
68773 298.794299
68921 42.570752
69268 425.528707
69452 298.002787
69623 298.170710
69916 410.584136
70096 64.407337
70271 289.570749
70666 452.357580
70983 415.001549
71169 271.636005
71329 245.157186
71590 382.386493
71910 144.032866
72143 370.081087
72287 237.334443
72492 320.895779
72685 303.188774
72887 334.856150
73071 319.858453
73466 495.013087
73578 207.231646
74023 521.515459
74245 319.642146
74418 264.033772
74546 225.133196
74675 217.562922
75103 492.239217
75304 308.370914
75629 444.708782
75916 394.379023
76074 276.492703
76325 380.350604
76445 218.879295
76637 312.911688
76798 274.840499
77013 351.042904
77202 295.113099
77527 379.475631
77684 48.212159
77887 329.408783
78110 323.435807
78261 289.815148
78634 453.616803
78788 305.076750
79169 433.083248
79284 207.973898
79462 284.434599
79680 335.702890
79833 277.279167
79992 255.772718
80180 335.344618
80426 370.664168
80607 290.036620
80729 230.111277
80905 61.670404
81129 351.713120
81352 118.792011
81562 339.462869
81763 336.374917
81956 320.889677
82051 174.013733
82254 335.087364
82385 215.339982
82606 367.339127
82927 437.231523
83076 279.002830
83237 281.221754
83408 287.743185
83697 88.255270
83927 368.541190
84051 223.568614
84255 333.825531
84516 364.210004
84911 247.896970
85116 81.345687
85311 340.073133
85464 293.872885
85819 144.506402
85996 335.083822
86225 308.143834
86377 26.875849
86550 267.952781
86715 305.607037
86907 304.690330
87021 181.922948
87292 438.964094
87431 272.221296
87676 395.958331
88027 466.760808
88237 332.201814
88456 356.560295
88656 331.345684
88830 323.954511
89022 40.540675
89179 274.328963
89386 343.173834
89665 411.682197
89869 349.234471
90041 57.316816
90242 348.357594
90503 145.992109
90662 286.007303
90855 344.134508
91149 159.640213
91330 94.123535
91559 367.525377
91727 269.390887
91948 356.363631
92138 364.869837
92358 293.560912
92526 313.876744
92692 293.446295
92842 262.674794
93146 468.844800
93394 77.926460
93620 390.642045
93964 482.054400
94169 311.316288
94377 357.775288
94575 348.940212
94741 279.597709
94994 406.123674
95295 99.415729
95454 284.730331
95596 247.370952
95888 421.052269
96051 46.920567
96305 421.596213
96504 376.100153
96684 320.778053
96839 312.294499
97172 169.654652
97311 281.970467
97544 417.890951
97897 522.674194
98052 234.193733
98226 281.024861
98435 370.703939
98607 358.727265
98800 329.569965
98938 265.314902
99196 452.337257
99347 300.449515
99761 593.506041
99898 275.995716
100068 331.635331
100260 391.449196
100432 351.944300
100651 393.659460
100821 273.485792
101034 385.713689
101245 393.436633
101460 418.012051
101679 364.707537
101830 214.052177
102042 382.381202
102309 410.713304
102489 325.912068
102699 358.378425
102878 326.878703
103039 289.746367
103197 314.029526
103411 390.644695
103606 323.299634
103831 400.524435
104005 310.067692
104260 427.465634
104405 262.124213
104598 290.935428
104803 69.278219
104968 326.789168
105157 341.626179
105464 440.240675
105622 288.604888
105852 383.056655
105993 300.447688
106178 341.742596
106369 331.666889
106532 315.157576
106665 231.163731
106902 400.451354
107081 303.952115
107261 318.786294
107622 531.413604
107820 336.515013
108045 381.788407
108206 295.195343
108389 330.850518
108549 341.902290
108711 304.491557
109059 543.167314
109284 397.793670
109435 315.533659
109854 549.278366
110109 460.583798
110290 309.512042
110447 308.953249
110774 501.854451
110939 312.301228
111124 317.108244
111370 423.628183
111546 343.640417
111721 329.190597
111894 298.811933
112174 512.037999
112370 305.546876
112521 313.025063
112739 425.611494
112939 371.686974
113180 417.371932
113399 393.420064
113589 392.379817
113746 358.792734
114022 127.792384
114236 359.353445
114390 315.642896
114598 354.180104
114876 497.304290
115098 388.177808
115340 485.455719
115490 295.004663
115668 383.881779
115834 295.067479
116058 411.522856
116267 345.518493
116531 412.133970
116761 348.166810
116948 352.290328
117157 359.490218
117336 49.217099
117558 396.610992
117760 390.452364
118042 429.156995
118224 381.802102
118429 360.170162
118652 382.893383
118859 394.780907
119074 93.622484
119231 285.784511
119468 427.183508
119649 334.717865
119833 66.262863
120051 335.463371
120239 306.486884
120412 310.627157
120630 395.446732
120780 261.804353
120980 358.714774
121384 473.508185
121670 422.438242
121840 369.511101
122118 421.811588
122288 339.150388
122423 255.595671
122640 345.578386
122917 415.446426
123149 391.942146
123347 378.537420
123506 334.248431
123646 289.670824
123829 302.911748
124026 356.391071
124222 356.231525
124470 386.852936
124685 386.403787
124872 341.577606
125091 405.241414
125220 273.330107
125369 300.953218
125515 285.979207
125725 379.359303
126077 534.974540
126384 456.874600
126569 381.524227
126791 374.651132
126971 327.526218
127206 401.499331
127472 457.971591
127612 270.648968
127915 460.367672
128080 313.618563
128432 558.756972
128573 276.201143
128758 358.099708
129019 429.044997
129191 339.946893
129366 372.136649
129624 404.169779
129750 245.811858
129985 426.210082
130167 352.960983
130441 447.506844
130609 347.112987
130802 351.712973
131132 468.138019
131318 355.584971
131593 489.267051
131698 222.788475
131979 418.015906
132214 412.077353
132501 100.537286
132693 353.277325
132858 311.883628
133009 263.732926
133209 354.937973
133419 364.543396
133676 407.000883
133941 405.871134
134096 297.191813
134281 375.853235
134511 319.433171
134712 391.871196
134873 327.615161
135105 461.382951
135342 399.647573
135567 407.822577
135737 350.985973
135886 264.582914
136141 418.670278
136395 397.967101
136646 378.110494
136799 304.136865
136996 400.981348
137166 307.531081
137370 388.221765
137553 345.370554
137701 293.832587
137902 366.825157
138061 321.085316
138253 363.913122
138364 211.702311
138514 335.646269
138689 338.972803
138881 65.378494
139066 373.339950
139363 483.429915
139548 349.996109
139694 274.676275
139896 375.270534
140104 364.230513
140270 364.359313
140471 340.626839
140597 259.718533
140863 452.522176
141035 369.622248
141228 315.417597
141491 447.744050
141772 140.637802
141997 414.869362
142155 342.143486
142395 417.725765
142579 347.046392
142760 357.028354
142994 418.367923
143219 437.457492
143383 344.865328
143585 343.873392
143785 390.744502
143990 364.119015
144173 321.068759
144353 373.100583
144530 299.089885
144773 398.580765
144942 348.053211
145114 311.677190
145304 379.129418
145515 338.455054
145748 445.403835
145985 469.409115
146170 367.108738
146380 369.627521
146588 357.945907
146806 375.705707
146999 406.356806
147196 372.913201
147435 447.525064
147602 365.787519
147773 333.982093
148006 417.749954
148156 317.180542
148505 512.195085
148724 413.910916
148849 273.145861
149037 346.980497
149187 323.143088
149365 364.776724
149585 415.900051
149795 428.453640
150016 441.912706
150201 366.020802
150366 327.020991
150522 317.835383
150690 345.610976
150831 297.008609
150985 303.722988
151152 344.752475
151319 333.272822
151522 406.689570
151690 352.377623
151880 423.365709
152071 381.697160
152299 443.023282
152497 396.735411
152654 308.995805
152827 364.172043
153017 400.179194
153196 378.807089
153353 335.399180
153513 322.701358
153693 383.240325
153861 284.311829
154042 358.984803
154306 485.931802
154528 432.216001
154706 368.058209
154889 370.171213
155076 345.006565
155216 304.202560
155397 330.618394
155616 384.336758
155792 380.601115
156033 450.849083
156197 321.239531
156339 336.965095
156488 316.720000
156635 310.281120
156793 291.506325
156967 348.933775
157129 307.440680
157355 424.913574
157534 377.293444
157780 461.043297
157948 358.724499
158124 356.686970
158360 420.984828
158577 425.185237
158815 446.141393
158991 354.032998
159177 387.735898
159415 434.712542
159568 353.022407
159777 435.701740
159999 414.097462
160213 339.096214
160365 324.659478
160548 357.457278
160706 328.998973
161027 461.759948
161203 403.557243
161465 466.818710
161644 348.495335
161880 436.066756
162133 444.716896
162318 380.068971
162455 306.025840
162628 335.703946
162837 365.889075
163020 363.447553
163203 375.243443
163344 316.414590
163529 403.373854
163683 335.337170
163847 353.023463
164098 458.704313
164318 433.382040
164507 401.663446
164672 336.131145
164801 291.670651
164992 393.112552
165171 386.384794
165348 367.114136
165475 257.339198
165594 250.328947
165817 406.655736
165971 323.388398
166170 387.874030
166328 357.252727
166476 324.894029
166587 242.970378
166761 387.489815
166963 419.742195
167136 371.298130
167292 374.205135
167450 320.430286
167620 352.110398
167737 236.330403
167866 284.886120
168024 351.085857
168213 406.347764
168401 383.984271
168543 319.473714
168769 419.966894
168937 350.918757
169200 471.290101
169357 313.263765
169549 429.433023
169714 339.807617
169890 367.713995
170089 390.994165
170279 417.219811
170441 370.235073
170650 428.052029
170862 440.570177
171010 321.379962
171222 399.977425
171418 395.946864
171572 333.278017
171741 377.263540
171856 248.921713
172007 265.638146
172138 302.208778
172289 356.675011
172418 294.207179
172568 321.370448
172744 371.988415
172907 351.646652
173083 392.681125
173273 394.026549
173480 404.283420
173658 407.501744
173809 312.913506
174004 375.520913
174235 444.173217
174392 358.267935
174524 270.473860
174709 403.839147
174926 421.348676
175103 374.126894
175275 377.353607
175533 470.444002
175678 325.760956
175866 405.375622
176043 412.115068
176211 389.151993
176363 340.090356
176526 398.753086
176682 370.542308
176813 295.250465
176970 360.865464
177058 164.587803
177240 393.818995
177417 400.340709
177537 264.759706
177723 381.651200
177975 445.799199
178126 370.890630
178267 356.021023
178409 330.007576
178572 353.586668
178757 371.132208
178919 374.199323
179107 404.605611
179360 471.936030
179559 440.420889
179762 409.287254
179918 360.766800
180087 406.217888
180251 338.755265
180441 419.659285
180575 315.725030
180754 405.782111
180921 367.218461
181102 399.445256
181294 420.202604
181447 363.204040
181636 387.378623
181767 250.146299
181938 405.285215
182051 248.180498
182204 361.129817
182353 356.835218
182523 369.099600
182675 357.458245
182820 319.978234
182992 380.855765
183172 408.082803
183320 338.973864
183501 359.219787
183647 324.466170
183846 409.522029
184016 384.169202
184168 323.604917
184326 383.674852
184488 389.586672
184631 343.878595
184901 504.072105
185075 386.543184
185262 406.974509
185464 433.353002
185646 401.676801
185832 391.340242
186028 435.849379
186210 367.753468
186377 380.494880
186531 371.367548
186707 424.007779
186876 403.428868
187037 377.308954
187174 295.545943
187336 379.779138
187512 357.276593
187722 431.177175
187906 414.121946
188074 378.538641
188258 382.348324
188423 377.776328
188594 402.765230
188759 392.211862
189034 126.926856
189261 463.009429
189576 535.417537
189741 347.905290
189914 418.049339
190088 397.411283
190266 404.971277
190428 380.032596
190601 375.569684
190781 402.699509
190949 390.253290
191126 418.726707
191302 364.690517
191518 453.095410
191707 432.341285
191867 379.150253
192038 389.318796
192232 421.233646
192417 402.704138
192619 460.608879
192789 404.406724
192946 375.436163
193126 391.689822
193318 441.167371
193534 457.325518
193719 429.182426
193908 418.801404
194092 411.732190
194295 456.897797
194456 362.894742
194610 355.023253
194760 350.099805
194905 369.736402
195065 364.462951
195242 411.551281
195432 445.311288
195566 330.440431
195763 437.810261
195914 365.601114
196050 310.122762
196239 419.797984
196437 441.255327
196620 435.654826
196774 344.489626
196918 341.482980
197071 361.423475
197217 355.195022
197355 316.957369
197525 401.123806
197681 372.798488
197906 465.671338
198047 331.401582
198230 424.513186
198422 454.827691
198568 292.997575
198662 198.417459
198811 369.827471
198985 432.405135
199136 327.979080
199327 429.012987
199479 349.983715
199672 466.792528
199851 429.149123
200017 434.386116
200171 401.937892
200350 432.290106
200499 366.070001
200640 340.796997
200839 436.038298
200976 318.846128
201133 376.232019
201293 387.061675
201466 415.352971
201630 382.677752
201751 289.493182
201895 343.983748
202074 448.693686
202232 400.052406
202426 490.161108
202579 357.454119
202763 406.403896
202947 438.126532
203061 251.714662
203223 403.996792
203390 417.237374
203571 433.298728
203741 452.552464
203880 329.837250
204048 381.697469
204199 373.283637
204370 401.756734
204523 356.065823
204755 469.193096
204911 375.941629
205109 450.023841
205260 377.120769
205431 422.528618
205606 424.924366
205753 363.503067
205915 391.415156
206118 417.370303
206283 379.396248
206473 421.051345
206614 340.102368
206813 453.687109
206982 396.678619
207139 379.549586
207322 442.618306
207478 387.253284
207599 274.397857
207757 415.348985
207920 398.819578
208060 348.006830
208168 243.655851
208334 400.426838
208488 367.933624
208647 356.219852
208783 309.541044
208947 388.199804
209121 417.491754
209309 404.520556
209474 418.176382
209622 360.755516
209772 346.670372
209943 396.174658
210089 346.376424
210240 357.547920
210404 417.633558
210597 468.461652
210748 375.387300
210936 440.683922
211083 360.801793
211254 413.395978
211438 474.048158
211612 450.582903
211738 289.239602
211888 349.301179
212059 402.986441
212238 424.234151
212390 368.046245
212554 423.018061
212704 335.891392
212880 424.143219
213046 431.525407
213182 295.292167
213342 410.364050
213526 430.004892
213659 334.889999
213819 403.641681
213947 283.579064
214106 406.222341
214273 425.842079
214433 393.857753
214608 426.047939
214714 239.916281
214890 418.054912
215055 434.897726
215218 425.746113
215384 410.981013
215543 389.223753
215691 345.949397
215875 463.648997
216040 387.345700
216193 397.331470
216349 373.175927
216520 384.406628
216673 367.417979
216839 442.719378
216923 164.789637
217175 498.064038
217327 374.820251
217466 371.774481
217635 420.160881
217790 384.814654
217933 318.955738
218098 449.431615
218305 488.348252
218464 399.664815
218663 485.801517
218815 384.938475
218985 416.406038
219151 402.309060
219306 394.235239
219495 445.828662
219661 382.203558
219861 484.566638
220025 394.531937
220243 528.967807
220413 427.848109
220566 386.673943
220741 448.648129
220898 382.553518
221066 394.107836
221256 459.447322
221402 352.865383
221567 408.793730
221733 389.849062
221919 446.304885
222067 367.405279
222230 397.946361
222415 440.727370
222570 384.983901
222755 437.929092
222932 432.260193
223122 490.032458
223287 415.297707
223476 487.635411
223664 470.718376
223846 437.043641
224001 371.396490
224188 444.159346
224349 409.967921
224511 423.754178
224692 446.072662
224906 528.188171
225081 434.434950
225248 429.631343
225440 464.926827
225617 425.243702
225776 416.867967
225970 479.227544
226126 407.549931
226270 357.039184
226445 448.584587
226621 447.676551
226791 395.266727
226949 416.203349
227101 396.714462
227262 422.310695
227458 473.142562
227617 389.973693
227755 335.915806
227921 427.528841
228080 390.031588
228259 408.789719
228422 439.753396
228587 406.137289
228747 413.422216
228933 450.202396
229100 413.458766
229277 438.079458
229479 503.401540
229649 416.310353
229843 481.863233
230054 509.032301
230251 525.845974
230422 447.270329
230596 430.801227
230760 419.595694
230939 438.862013
231113 444.421903
231276 411.381149
231477 472.343588
231646 436.746135
231808 414.535436
231971 396.803875
232136 426.592814
232320 462.864717
232472 362.571845
232646 444.804343
232817 451.491820
233024 464.738448
233162 349.308706
233322 399.214056
233499 435.790651
233661 412.993301
233834 482.431399
233983 386.813770
234148 463.284709
234296 379.752825
234469 423.827677
234659 498.780509
234834 440.492442
235010 508.376250
235171 411.775343
235271 236.607761
235475 482.595198
235648 434.627575
235802 375.551876
235943 348.172725
236094 380.945413
236231 351.573706
236392 382.644518
236576 459.768786
236729 384.199986
236888 401.185867
237063 432.290123
237183 314.415179
237368 474.886528
237539 429.301409
237712 351.044390
237886 445.973688
238066 444.973919
238240 448.591986
238401 400.384107
238560 416.644579
238741 432.256609
238904 382.295181
239075 445.661419
239258 437.714113
239465 483.391582
239616 386.065896
239776 422.851227
239950 431.227253
240114 432.852766
240286 447.064423
240457 438.110548
240632 473.405329
240807 493.666895
240975 430.845406
241096 271.289094
241264 455.027762
241419 403.500379
241583 411.851101
241732 384.263671
241873 370.236027
242055 413.620168
242239 513.146697
242427 462.066292
242617 456.956422
242776 404.906980
242948 454.025431
243084 325.157596
243263 443.888212
243415 403.232442
243571 400.562792
243751 431.769466
243909 412.396249
244069 410.084684
244242 447.684502
244405 404.728748
244592 542.282994
244769 464.150911
244915 362.237816
245081 421.668402
245252 486.836459
245428 473.886338
245608 499.803652
245773 383.689634
245910 338.011259
246094 521.894900
246261 452.034634
246451 447.565538
246628 496.716818
246778 401.282444
246941 420.704651
247127 471.424597
247304 504.645404
247455 374.716158
247601 388.714768
247761 397.062368
247961 554.348487
248176 549.412272
248351 438.210072
248513 409.828714
248676 425.819842
248837 427.128820
249024 510.959730
249184 426.716380
249357 423.276303
249555 508.026283
249715 397.153804
249899 465.313150
250106 588.263340
250303 490.134904
250486 452.024601
250654 474.202012
250820 452.110269
250998 502.562249
251172 432.654685
251332 404.308628
251499 439.567353
251696 493.831268
251875 502.043188
252025 397.685614
252210 468.288580
252396 528.809990
252517 293.818653
252664 372.913267
252857 539.276567
253014 409.213546
253185 457.571176
253359 471.592803
253542 523.697516
253714 450.626943
253887 410.228282
254057 440.578269
254225 414.920792
254393 429.395660
254601 555.182130
254766 453.308277
254950 517.640564
255121 480.907207
255317 563.634044
255502 487.306734
255673 428.169027
255838 433.152491
256016 443.628957
256200 532.568139
256393 566.057838
256561 439.463158
256729 458.137903
256911 515.862385
257066 407.678064
257253 513.368322
257428 504.389403
257602 480.086669
257745 361.749111
257949 508.441188
258120 465.726875
258299 479.213295
258456 402.064798
258580 322.190059
258732 366.890230
258900 431.825401
259062 430.811471
259249 541.975216
259427 441.592790
259587 401.419041
259759 423.678512
259949 476.201370
260125 485.390492
260299 482.054398
260469 467.882086
260650 447.547337
260816 468.150811
261001 522.309062
261175 452.466471
261330 419.760305
261513 466.675720
261704 521.307353
261887 514.116867
262034 386.098633
262194 385.368557
262387 564.678380
262570 534.117719
262774 585.058402
263020 547.632792
263210 476.604987
263400 515.909952
263564 437.051022
263752 556.035934
263954 566.082387
264150 496.993529
264347 570.228460
264516 447.911777
264714 512.346366
264884 437.718571
265071 540.990488
265250 497.137674
265384 349.112090
265576 575.847843
265752 485.853635
265959 585.735693
266127 461.640870
266314 519.497070
266513 563.741516
266707 563.946311
266816 256.617333
267001 544.287469
267180 496.689819
267345 426.476432
267521 491.685281
267670 419.152839
267821 390.699957
268006 514.755777
268202 560.984083
268390 533.142268
268559 429.024477
268760 604.922214
268977 577.189713
269141 438.315252
269337 540.411735
269509 466.925785
269719 581.474225
269949 638.423503
270090 387.605341
270272 532.646946
270427 417.705632
270613 536.131030
270804 527.125104
270989 534.529687
271162 496.477136
271353 530.009224
271524 457.384868
271720 558.446016
271878 409.766023
272091 522.653413
272264 488.932808
272449 501.266164
272620 462.340485
272794 460.335136
272968 455.346958
273100 307.702300
273275 474.783561
273463 527.634367
273617 410.884850
273805 564.081687
273993 530.419123
274233 620.465343
274439 626.998330
274643 579.891054
274850 605.234976
275039 548.713868
275224 477.418144
275389 476.462959
275563 458.609682
275744 516.714652
275928 514.502795
276095 485.857077
276288 577.814125
276453 461.168345
276639 514.604570
276809 465.965354
276990 525.596406
277185 559.801154
277384 582.656954
277583 575.093997
277762 524.272334
277937 509.206981
278112 514.598764
278299 531.113706
278504 584.079845
278674 494.979251
278842 429.869926
279045 585.188471
279210 468.218678
279422 623.757357
279594 499.490223
279769 511.483495
279905 326.588615
280098 557.378351
280267 475.446860
280442 508.990893
280599 435.269958
280795 550.795285
280963 497.861244
281153 539.730590
281347 585.352720
281509 489.354617
281702 569.802373
281882 531.954721
282034 422.021719
282216 530.676424
282412 554.365165
282619 588.512755
282805 517.346403
282960 429.219590
283143 532.445383
283258 280.209484
283444 534.539859
283638 549.587883
283799 484.550809
283995 537.989641
284187 529.535839
284368 519.194456
284546 515.450245
284732 561.538786
284960 692.308600
285141 529.077096
285339 576.360964
285505 475.919262
285689 530.511903
285868 502.130169
286052 538.136615
286246 499.150236
286451 614.236763
286620 487.881682
286842 701.702546
287040 596.054625
287220 536.433853
287465 656.707769
287647 529.746289
287835 552.768542
288005 493.530631
288194 557.363322
288335 379.221279
288536 571.535708
288708 497.048273
288910 585.667443
289082 510.419954
289290 629.084549
289479 522.921144
289659 523.001692
289859 597.663228
290031 450.151539
290229 594.875062
290413 553.144943
290615 560.099145
290825 616.291145
290947 312.964078
291153 615.866434
291364 664.401804
291487 288.164477
291677 556.991703
291841 461.443574
292044 596.075970
292242 573.358780
292433 559.714097
292641 609.107141
292828 548.092880
293007 504.342514
293214 604.218575
293392 524.425020
293581 538.884986
293792 609.524640
293986 571.592205
294191 612.377549
294397 620.553092
294580 536.057883
294725 380.135502
294953 725.530496
295138 517.426544
295311 500.491818
295479 486.241378
295685 620.324661
295822 346.462180
296008 533.975649
296128 298.467666
296307 527.141946
296483 506.027481
296656 520.140799
296829 498.724869
297033 617.293032
297222 562.718121
297415 557.942468
297602 555.041799
297799 612.580685
298025 638.851297
298209 562.346076
298390 551.829139
298569 522.606611
298758 551.274961
298951 564.682774
299166 653.124942
299371 609.581804
299553 524.069576
299968 807.648230
300201 723.676927
300381 494.815632
300507 319.453788
300644 366.959626
300837 597.902091
301036 591.846612
301251 657.316337
301457 599.294962
301672 639.460596
301845 495.035146
302007 452.415726
302199 546.413714
302373 517.889873
302590 690.029329
302731 387.597053
302932 604.223642
303133 608.884634
303325 555.328708
303487 427.972965
303681 597.085603
303882 595.621128
304088 580.486126
304330 774.946554
304495 504.464051
304690 534.672668
304889 581.168374
305095 596.239135
305324 740.874974
305537 587.352767
305752 668.179625
305956 575.697375
306120 485.460002
306340 691.964858
306552 582.089737
306744 556.307613
306947 585.460787
307180 726.783179
307372 580.142285
307578 617.181921
307770 579.904403
307960 489.633659
308198 718.957961
308433 742.258310
308623 541.115746
308819 556.054790
309020 588.386558
309213 538.831957
309413 589.947223
309625 636.265709
309779 403.212645
310028 796.805394
310261 700.356156
310378 265.083620
310598 693.635033
310785 553.213489
310963 507.716476
311180 651.963197
311386 645.647253
311575 557.726643
311781 581.016829
312004 655.483212
312180 484.837537
312393 621.917461
312568 468.814611
312786 691.849715
312976 526.810021
313179 598.142889
313385 618.314872
313631 710.481432
313856 739.688741
314043 560.197055
314260 634.576741
314478 678.397069
314715 709.765997
314962 840.074773
315125 478.605860
315317 540.954477
315444 339.199801
315638 579.072072
315852 671.591094
316006 421.436768
316202 553.106720
316413 654.013059
316612 567.776074
316789 501.659482
316998 617.168576
317225 737.459330
317403 491.275378
317625 702.286371
317836 626.526417
318067 662.754463
318249 498.961785
318416 470.767763
318591 494.345707
318731 374.533661
318954 709.938363
319148 518.245341
319350 593.123018
319555 587.109416
319747 568.017345
319964 666.333570
320166 527.270172
320370 586.337159
320499 313.951909
320640 344.024916
320833 554.508693
321037 614.196130
321222 530.806822
321409 538.217286
321631 664.873993
321835 609.455210
322072 762.895541
322290 646.821795
322483 570.739708
322691 630.373468
322913 688.988826
323144 736.785804
323341 563.585922
323554 603.812913
323772 671.288341
323965 559.996119
324175 665.372341
324346 483.580000
324567 637.840333
324772 648.335038
324983 644.643294
325170 560.611777
325383 619.465191
325586 584.399467
325800 601.477973
325976 505.320397
326198 676.270806
326410 660.590527
326628 620.106569
326833 585.630510
327013 506.361516
327244 746.170739
327456 629.381521
327663 578.819803
327874 672.569574
328091 674.218747
328301 651.866649
328486 533.082672
328668 521.550384
328868 604.345450
329082 666.440156
329336 835.395037
329549 623.621017
329764 636.326540
330006 699.808316
330224 667.489030
330471 809.257905
330692 667.556786
330898 625.698556
331118 672.798600
331327 637.944135
331592 747.859512
331789 589.677431
331991 540.409063
332197 629.587797
332426 625.462467
332591 381.399881
332777 553.498041
332999 613.015468
333250 776.754003
333450 576.392730
333657 581.314900
333881 714.686370
334093 626.203441
334332 770.936819
334521 541.683165
334731 603.482488
334967 749.732281
335209 780.149800
335431 662.449807
335650 667.954190
335865 619.709240
336105 681.669106
336301 588.560125
336510 606.905391
336728 632.180401
336942 625.429199
337163 692.527814
337377 589.659072
337590 621.952896
337795 602.856475
338027 679.583648
338259 710.876018
338485 665.302972
338686 563.114389
338895 628.638724
339128 754.357173
339354 674.127858
339550 555.987605
339734 514.352184
339973 706.583010
340216 755.335796
340466 775.940705
340677 655.075701
340912 746.796702
341144 732.101035
341338 519.490871
341532 578.077152
341719 538.458590
341959 725.334989
342165 610.141091
342366 594.072268
342581 675.609236
342787 625.707598
342964 513.267369
343167 565.147369
343369 571.415296
343593 689.023174
343777 550.980542
343984 614.662445
344220 741.230101
344394 506.407866
344599 565.102959
344799 591.080483
345023 695.676414
345221 560.445392
345372 347.497720
345594 676.510759
345824 658.471785
346058 732.303523
346266 623.171881
346518 791.249085
346763 767.083143
346983 653.433701
347230 764.695274
347445 676.696687
347685 770.111092
347899 630.375042
348090 556.818899
348321 731.536893
348562 777.207680
348791 709.222677
348983 578.794248
349190 623.182571
349424 706.445896
349658 763.042065
349894 756.966397
350080 519.392571
350305 717.157535
350527 643.461961
350735 572.557348
350982 806.480404
351218 718.526267
351408 517.942003
351598 557.249403
351826 699.266744
352045 647.827345
352269 688.066647
352478 632.698477
352705 719.548880
352934 713.555869
353186 812.022592
353402 669.038370
353652 768.269137
353866 594.483521
354070 580.309452
354274 611.941743
354537 817.266332
354772 716.490543
355000 676.311659
355239 781.690200
355454 688.729853
355733 893.853648
355940 550.582455
356191 784.775613
356401 626.068596
356616 638.451253
356829 657.214170
357059 709.454885
357280 656.773720
357491 606.320227
357621 282.555230
357808 489.825329
358025 648.215579
358280 802.400708
358505 666.703209
358743 742.320983
358985 773.257326
359203 644.966412
359392 496.687953
359596 590.742682
359815 657.026145
360008 574.917512
360254 757.442369
360469 642.569951
360665 538.243115
360874 572.127815
361094 674.193471
361353 870.576064
361606 816.838303
361841 761.417445
362076 728.345356
362285 623.643379
362490 627.541071
362699 615.479163
362933 734.396454
363162 698.044813
363361 578.293410
363516 392.903489
363771 820.500218
363970 588.630249
364205 721.793215
364395 564.606733
364643 811.466550
364885 738.871180
365104 683.031564
365332 675.450725
365551 709.163981
365774 716.436689
366001 707.312312
366280 903.439696
366516 752.493107
366733 664.554109
366936 537.869068
367136 568.355772
367382 755.441668
367623 746.240254
367884 829.158123
368103 637.438321
368329 655.344859
368527 573.383281
368735 610.303281
368978 747.904749
369159 515.240643
369381 688.728123
369613 680.279918
369843 715.501197
370079 717.874501
370288 575.831913
370521 706.389297
370771 798.342361
371045 867.111449
371285 722.753984
371514 696.970089
371723 630.474046
371963 780.131663
372211 761.144417
372441 732.650682
372671 695.854287
372906 766.849314
373134 653.538300
373365 670.042535
373622 797.801782
373841 613.083219
374098 820.414991
374339 752.629798
374576 772.892420
374826 769.775976
375040 626.180409
375264 708.133213
375453 581.156467
375716 808.072018
375952 753.713085
376168 632.441590
376413 784.534177
376678 842.990041
376889 621.554473
377137 765.280744
377328 582.498154
377595 875.099519
377841 780.749833
378054 650.467687
378329 846.955229
378571 767.443163
378833 812.858439
379088 804.145182
379350 819.949510
379565 691.925145
379787 700.067685
379983 592.350362
380234 758.052797
380430 560.687953
380696 826.117665
380939 760.801636
381167 715.928164
381401 693.383044
381652 773.432889
381897 811.867944
382091 588.409921
382331 746.847866
382544 618.807086
382747 601.826707
382992 767.013725
383237 780.276143
383477 761.718270
383705 720.791267
383904 592.138329
384169 856.949917
384354 551.031348
384599 765.615901
384780 497.207253
384950 483.516505
385212 850.895356
385431 666.904037
385685 824.576903
385915 722.411381
386191 936.272974
386451 855.636099
386704 805.126013
386917 640.496243
387191 893.451105
387443 786.382894
387703 824.728610
387959 810.905602
388214 794.895582
388408 558.611480
388660 794.695757
388935 875.399078
389139 625.680441
389380 756.278364
389646 887.415367
389879 734.064837
390155 918.963921
390412 871.215695
390664 820.118484
390905 784.379248
391187 926.312337
391450 863.324762
391704 759.381230
391959 847.327813
392189 709.715010
392414 721.686249
392691 893.854834
392878 540.424308
393123 797.709938
393376 797.112083
393620 751.572253
393903 911.016376
394187 926.965158
394435 812.949294
394698 800.075694
394935 755.810412
395185 773.412813
395437 804.754949
395701 870.508779
395932 733.335958
396196 846.077888
396436 732.181753
396694 816.858304
397005 1027.192579
397294 953.649716
397536 792.219962
397820 956.429292
398112 993.137106
398413 999.231947
398726 1071.244347
399018 971.485289
399254 719.842816
399515 829.746767
399796 918.692653
400057 834.994285
400334 868.179530
400632 997.697494
400887 808.798271
401176 929.852731
401437 821.461112
401665 672.612584
401944 936.310628
402254 1067.490211
402506 844.096309
402800 1005.512629
403058 874.231442
403304 779.053778
403551 782.350896
403869 1093.525355
404123 861.028666
404447 1112.818653
404668 691.457818
404928 856.420974
405196 863.365665
405451 790.890082
405744 963.867382
406042 1037.528066
406376 1181.459544
406690 1072.009830
406901 614.664159
407039 338.720216
407329 997.083970
407582 851.462827
407831 805.567877
408118 957.834789
408408 950.666876
408612 625.964080
408833 704.419632
409135 1020.651629
409460 1111.560566
409725 848.196661
409940 638.285582
410243 938.646486
410482 784.784863
410705 737.904395
410978 948.398429
411303 1108.541740
411636 1128.617804
411963 1132.285611
412201 775.383233
412463 879.822792
412772 1093.757557
413100 1120.700619
413454 1212.699577
413777 1103.850224
414001 693.492554
414201 588.653162
414401 631.060299
414630 720.326897
414926 1023.373817
415225 1021.964426
415446 692.178293
415773 1119.640755
416119 1202.878163
416440 1124.606605
416753 1026.220304
417042 952.962565
417359 1074.024507
417629 871.229366
417839 622.446339
418181 1168.124650
418413 756.880807
418698 953.098121
418985 945.890495
419284 1007.612330
419592 1058.542582
419917 1071.015142
420197 903.519770
420462 873.080769
420818 1261.118879
421050 758.150031
421379 1118.294272
421724 1197.506754
421971 812.631801
422182 643.422348
422497 1087.582226
422756 821.612003
422965 653.319136
423287 1100.853547
423514 730.638248
423778 852.058431
423997 663.017251
424318 1089.313202
424591 868.375232
424871 971.644735
425139 878.768234
425414 899.871156
425761 1255.026123
426079 1084.166652
426463 1352.193509
426688 675.721756
426984 972.539991
427242 767.952101
427425 486.230660
427643 656.573254
427977 1182.368221
428227 742.862925
428514 981.926375
428857 1174.982725
429120 814.822097
429482 1247.092193
429792 1022.866190
430044 773.400263
430368 1132.620328
430631 805.528355
430882 812.368620
431191 1062.428838
431505 1092.751180
431784 915.158218
432131 1260.817286
432460 1132.697262
432746 952.626444
433085 1162.160024
433385 1055.299871
433612 680.111657
433885 864.593362
434170 910.860870
434446 884.303133
434704 853.142759
435024 1127.781293
435327 1009.300403
435525 563.515443
435823 960.754554
436067 748.615204
436269 594.306788
436609 1162.448191
436920 1072.610126
437179 847.432705
437449 865.636342
437702 787.153352
438018 1087.581710
438322 1045.430314
438548 672.252880
438834 983.302379
439169 1168.093479
439476 1051.492166
439801 1104.967293
440118 1106.618486
440439 1108.425575
440802 1267.899172
441134 1146.116966
441393 887.098089
441656 854.681490
441958 1001.860787
442251 996.939134
442510 836.369113
442776 871.729422
443094 1078.112419
443304 658.678210
443617 1075.390334
444000 1329.377422
444372 1326.537097
444620 795.901413
444945 1130.029485
445157 616.580551
445426 867.357454
445740 1067.368629
445984 807.062876
446240 872.309199
446500 869.308642
446742 787.368639
447109 1279.052189
447452 1173.213366
447747 963.559098
448158 1450.337269
448537 1315.177114
448730 515.405336
449111 1300.330194
449373 783.434546
449662 957.191280
449894 706.950619
450183 1000.976455
450551 1295.923879
450856 1058.135486
451230 1352.797362
451424 545.201674
451725 995.233529
451928 571.927449
452298 1333.480794
452584 965.775807
452974 1330.845187
453279 972.541601
453599 1106.454925
453821 630.128023
454115 992.668753
454525 1472.795692
454858 1133.005208
455140 889.814108
455519 1251.349083
455809 993.702157
456082 828.420670
456396 1113.144896
456640 761.527290
456997 1223.479852
457322 1081.080676
457636 1065.101828
457989 1187.497473
458260 860.862256
458573 1013.764296
458908 1152.044107
459285 1340.840725
459661 1345.857300
459994 1138.962895
460336 1207.588996
460722 1384.237633
461047 1153.802862
461339 1029.911670
461581 778.648873
461870 965.907378
462145 932.876676
462482 1187.909382
462760 851.622257
462996 716.913903
463326 1146.475872
463614 994.896220
463868 832.194145
464129 800.322655
464445 1050.695489
464765 1149.638147
465042 911.400509
465360 1106.531891
465711 1247.892991
466005 996.096144
466247 777.358587
466541 1020.047648
466798 827.932633
467119 1158.378626
467420 1089.625795
467712 1003.288067
468017 1050.148325
468294 950.543021
468518 726.351359
468820 1025.422540
469159 1231.930974
469505 1244.789261
469752 805.719147
470141 1272.258853
470412 905.242117
470625 630.162170
470855 731.423516
471109 846.172154
471472 1282.478249
471779 1070.267914
472102 1077.656326
472336 727.075959
472649 1140.252056
472996 1257.428687
473278 948.237511
473603 1119.350808
474029 1591.546361
474408 1415.302891
474791 1444.448189
475074 937.155803
475424 1256.624889
475763 1252.971546
476015 847.277469
476279 867.745295
476533 820.867754
476780 815.997835
477113 1197.993819
477437 1143.509396
477816 1373.643381
478197 1412.106432
478461 882.781272
478907 1704.883306
479235 1190.096005
479444 662.475080
479694 814.628054
480062 1311.355811
480401 1212.857692
480720 1130.193146
480941 674.480467
481274 1235.357586
481569 974.818359
481862 1056.209582
482173 1112.180853
482490 1123.956199
482865 1336.392491
483259 1460.588198
483596 1188.217908
483983 1409.629940
484290 1057.117920
484644 1249.613844
484979 1206.675113
485323 1194.443274
485693 1348.046994
486082 1407.408321
486368 963.931990
486698 1142.715865
487083 1368.669327
487475 1437.644707
487927 1771.031907
488372 1678.657986
488753 1381.277507
489132 1382.398238
489459 1127.498523
489918 1673.809648
490426 1954.903051
490806 1352.065883
491189 1355.709048
491578 1363.956316
491968 1415.251917
492350 1312.498306
492720 1330.060368
492982 841.259770
493287 1025.420086
493710 1607.253469
494309 2358.943045
494822 1906.562110
495070 718.089045
495344 961.077912
495832 1807.076553
496331 1965.411112
496739 1497.628437
497213 1735.867810
497763 2202.848805
498325 2174.878622
498886 2148.880109
499450 2126.101529
499735 898.634347
500141 1442.077762
500848 2667.343778
501116 889.200843
501562 1667.559417
502030 1726.403053
502301 914.155138
502525 740.430390
502820 914.243187
503443 2386.233123
503813 1295.753952
503937 298.479120
504332 1380.601375
504891 2138.063060
505505 2388.451339
506052 2057.432892
506548 1818.796197
507046 1882.721596
507303 762.944011
507448 365.983021
507820 1278.745691
508300 1798.623085
508604 969.858369
508999 1436.089806
509256 887.082832
509616 1337.074854
509901 920.250047
510232 1160.809491
510693 1671.101544
511192 1914.125581
511342 395.720723
511760 1591.849992
512075 1065.842153
512559 1826.439477
512855 934.388563
513296 1629.454920
513802 1955.125640
514269 1855.237671
514420 374.472642
514720 976.914646
515254 2049.113674
515540 930.538343
515831 929.193608
516275 1710.065232
516668 1474.714825
517014 1267.141099
517336 1137.956188
517626 911.773386
517999 1426.669397
518434 1686.745345
518782 1318.474975
519134 1267.879593
519410 929.237545
519823 1564.701487
520147 1094.849655
520549 1475.392245
521005 1728.971780
521264 841.399284
521529 872.231331
521835 1022.725531
522128 962.172136
522556 1613.477971
523010 1759.899802
523414 1512.054199
523813 1495.335711
524318 1961.938005
524957 2620.317120
525447 1889.610543
525930 1945.196957
526400 1784.761093
526767 1352.096009
527183 1522.901613
527653 1855.357468
527946 958.902072
528268 1114.163952
528562 949.620128
528872 1077.029121
529149 932.813485
529587 1650.766231
529972 1358.096956
530251 986.050831
530638 1361.882398
530963 1089.464463
531356 1396.854075
531777 1451.147731
532157 1326.640915
532440 942.958298
532845 1397.683314
533287 1670.893472
533601 1020.585437
533945 1246.840313
534353 1524.138531
534597 793.103791
534874 891.450097
535223 1258.757340
535523 975.768815
535855 1077.245787
536187 1195.594868
536495 977.979047
537073 2298.137070
537366 909.583614
537691 1139.748603
538199 1900.863538
538683 1833.993080
539072 1352.323748
539478 1503.465850
539824 1250.978806
540198 1281.356137
540775 2288.687677
541478 2796.130208
541809 1175.064570
542100 958.678759
542500 1475.843020
542928 1641.736835
543270 1211.447101
543904 2586.622089
544220 1119.228419
544498 925.632665
544838 1202.515004
544992 413.835082
545217 710.993009
545428 639.368703
545853 1550.460095
546247 1449.793475
546853 2369.126427
547371 2037.405668
547912 2155.068447
548308 1402.546247
548810 1914.709198
549325 1966.166735
549694 1353.930075
550068 1402.491329
550530 1774.833863
551090 2243.416077
551354 897.096423
551819 1693.923101
551973 412.818490
552554 2254.775534
552772 679.181756
553644 3617.868121
554329 2849.319067
554611 881.955404
554891 955.332333
555527 2617.367086
555835 961.471690
556421 2302.768323
556871 1733.527007
557323 1705.721438
557786 1703.575111
558669 3794.575692
558951 988.794148
559291 1146.361137
559801 2013.606978
560070 919.663862
560532 1730.782785
561133 2502.403639
561512 1403.395706
562137 2528.916331
562609 1822.184293
563525 4017.575977
564042 2030.330017
564563 2026.773481
565135 2320.680675
565691 2241.421241
566351 2768.220111
566754 1439.239923
567339 2342.379182
567922 2320.741199
568365 1691.547732
568571 647.501785
569039 1794.086013
569735 2949.781252
570110 1412.744954
570496 1409.173034
571228 3093.766297
571701 1855.719531
572648 4159.651008
573199 2221.044089
573480 970.492248
574236 3193.447412
574681 1733.341413
575134 1756.313817
575845 3037.828372
576248 1498.904761
576404 428.806174
576831 1555.956295
577119 959.790429
577600 1944.569778
578117 2109.282132
578468 1295.402920
578917 1700.813945
579266 1254.873066
579656 1463.784404
579799 371.315332
580124 1184.029472
580423 1058.687495
581050 2665.384222
581333 949.918628
581609 937.035751
581937 1180.689618
582568 2661.656646
582944 1374.072993
583426 1887.380621
583747 1111.881041
584091 1280.746280
584662 2406.285198
585404 3106.769900
586157 3223.198460
586445 984.587394
586871 1648.696644
587182 1067.125160
587933 3214.033563
588302 1382.759953
588594 920.855837
588820 744.010868
589200 1308.081852
589867 2699.321534
590207 1161.454119
590634 1552.630788
591634 4349.711052
591786 396.447636
591935 409.016717
592483 2085.270901
593483 4224.479432
593654 462.033003
594024 1301.632426
595024 4264.285129
596024 4213.421782
596610 2240.870479
597610 4157.977673
598404 3132.602579
599404 4023.627853
600404 4111.482708
601404 4150.954981
601959 2209.962464
602836 3480.279482
603108 861.478453
604067 3992.184382
604334 944.934037
604488 423.749403
604978 1702.785329
605978 4065.126958
606199 696.740678
607199 4228.062295
608199 4046.141483
608485 869.211230
608864 1328.200748
609864 4146.864701
610864 4171.976574
611245 1296.433654
612140 3767.625190
612418 874.087996
612713 952.262937
613713 4104.669161
614390 2756.147674
615390 4098.710997
616233 3435.541545
616618 1289.197636
616895 838.339080
617895 4202.710925
618895 4113.132454
619895 4031.851287
620198 951.360752
621198 4179.110995
621688 1878.941582
621831 375.455079
622831 4108.055936
623831 4352.166849
624563 2922.454203
624871 995.518633
625871 4186.263339
626646 3253.836163
627566 3808.739206
628566 4230.069380
629566 4184.442434
630566 4291.379349
631566 4125.020800
632566 4153.271415
633566 4256.217812
633933 1222.995215
634933 4050.266543
635370 1542.330757
636245 3666.417745
637245 4265.189306
637469 647.560004
638202 3025.702353
639202 4209.626235
640105 3835.778791
640248 386.472783
641248 4170.572613
641643 1406.664201
642643 4353.399953
643509 3635.160521
643817 984.000618
643966 417.544432
644614 2660.356604
644834 700.463570
645697 3604.552626
646160 1782.426375
646674 1924.210901
647231 2208.930184
647735 1929.772056
648230 1845.950233
649159 3918.726663
649773 2506.277606
650328 2122.759363
651328 4215.592132
651472 380.848203
651811 1261.691941
652811 4288.118486
653729 3962.829246
654729 4435.158951
655668 4102.509998
656612 4067.192639
656927 983.190240
657526 2446.617850
658526 4395.990864
658957 1593.699591
659544 2372.785947
659742 609.688047
660432 2816.809687
660653 693.422140
661174 2031.479337
661565 1443.621376
662565 4333.266532
663265 2935.458091
663796 2121.867445
664207 1555.288364
664352 387.917132
664580 759.898517
665077 1920.565867
665401 1091.420499
666401 4214.625817
666546 390.401255
666681 346.843365
667681 4148.560467
668681 4198.606079
669681 4226.166187
670681 4123.024189
671474 3220.240859
672474 4092.431044
672639 460.388008
673184 2026.343035
674184 4169.774862
675184 4198.716328
675450 780.014259
676450 4104.532394
676595 401.161474
677595 4256.174710
678138 2144.305910
678664 2118.710149
679613 3992.534374
680283 2770.589730
680751 1800.908299
681751 4458.407086
682542 3360.060549
683542 4199.529353
684542 4542.468042
685542 4225.583773
686542 4308.923308
687026 1861.312269
687763 3071.567543
688763 4254.559956
689578 3485.497182
690578 4294.519004
691040 1807.403060
691379 1207.646199
692244 3846.506149
692996 3239.341283
693996 4375.322567
694643 2672.350237
695643 4420.350592
696211 2396.281241
697049 3600.059658
697748 2934.847749
698747 4473.235673
699520 3314.404925
700291 3300.467117
701115 3590.394295
701928 3560.199499
702395 1843.285754
703395 4351.046827
704014 2566.252358
705014 4473.873664
706014 4411.339777
706286 962.888513
707286 4377.599416
708286 4355.244280
708562 949.676194
709188 2245.545746
709330 370.443579
709437 253.365500
709802 1294.159657
710802 3709.191274
710936 355.191608
711075 360.028709
712075 3826.853374
712215 379.031673
712352 367.439047
713352 3754.266121
713501 389.900977
713619 288.382167
714262 2316.898529
714511 864.527029
715204 2604.463099
716204 3666.643986
717075 3238.872500
717692 2209.677138
718541 3089.569326
718688 405.379651
719688 3705.385261
720247 2081.636129
721247 3811.284066
722247 3715.391672
723238 3801.393796
724238 3799.386834
725238 3723.074796
726104 3303.676787
726266 444.826158
727266 3832.240034
728266 3786.311599
729266 3776.341018
729952 2557.811587
730952 3671.393378
731952 3812.309714
732952 3796.511585
733859 3539.332809
734859 3890.400021
735713 3354.221749
736653 3747.929701
737653 3942.003656
738653 3805.296502
739653 3944.590033
740653 3801.036631
741285 2422.012532
742285 3858.627157
743285 3795.954414
744285 3865.956944
744446 444.795115
745446 3838.541800
746259 3122.725387
747023 2880.045496
748023 3847.198963
748687 2486.620507
749235 1975.429561
749745 1810.137570
750508 2847.223025
751508 3862.460265
752195 2532.907649
753195 3833.910156
754195 3851.940663
755195 3858.950477
756195 3930.626723
757195 3922.502364
758195 3854.974135
759195 3858.782806
760195 3822.408182
761195 3889.373791
762195 3849.331541
763195 3892.650715
764195 3865.241347
764755 2037.524329
765755 3764.331514
766755 3879.881504
766907 416.741721
767907 3837.343990
768600 2570.536103
769600 3667.875605
770524 3508.727583
771524 3724.943503
772404 3287.399603
772826 1461.919325
772957 338.038706
773365 1329.547946
773513 401.818412
774227 2510.084285
774666 1585.031742
775666 3662.829197
775806 369.033273
775987 537.707779
776486 1680.872067
776859 1253.133763
777859 3783.739047
778859 3684.795793
779089 745.734975
780089 3566.956117
780285 607.752895
781285 3712.385950
781822 1750.911727
782571 2751.671733
782870 890.105370
783870 3712.912587
784870 3739.054908
785644 2913.588917
786644 3662.298190
787313 2120.451568
787670 1109.469238
788004 1037.989855
788318 990.513167
788899 2109.237697
789899 3467.491539
790123 683.943505
791123 3643.083078
792123 3470.883251
792438 967.231188
793438 3653.833664
793739 903.411261
794739 3617.999687
795739 3596.235031
796739 3666.808781
797036 899.160076
797328 834.340948
797639 884.407174
798639 3714.991928
798912 766.259187
799912 3674.680977
800912 3752.773681
801912 3840.915586
802237 966.668995
803237 3737.261107
803464 611.096617
803707 611.430007
804129 1417.904166
805129 3666.487283
806129 3790.136826
807129 3829.326492
807406 671.612514
807737 939.573723
808640 3326.895197
809626 3678.385312
810226 2086.334194
811226 3714.075303
812226 3636.748803
813226 3666.907383
813831 2104.040315
814569 2724.802652
815569 3644.071931
816466 3317.576641
817466 3778.765679
818439 3634.198933
819300 3194.370153
820094 2895.983131
821094 3750.544999
822094 3741.598646
823094 3715.630158
824094 3712.530027
825021 3382.835809
826021 3676.199560
826747 2556.410648
827747 3610.122921
828747 3732.680464
829747 3715.897027
830747 3718.438561
831443 2545.974075
832443 3702.598965
833443 3740.390623
834443 3678.686781
835443 3804.348330
836443 3672.776534
837443 3719.009877
838443 3691.137810
839443 3540.930312
840443 3690.516087
841443 3642.542604
842443 3677.049182
843443 3744.196331
844443 3732.800324
845443 3554.464356
846443 3601.336351
847443 3656.072300
848443 3656.957972
849443 3854.039386
850443 3783.158859
851443 3687.553365
852139 2509.462984
853139 3664.205746
854139 3742.110215
855139 3642.772578
856139 3701.832301
857139 3710.462176
858139 3666.710641
859139 3748.496210
860139 3695.809418
861139 3694.745468
861786 2338.160720
862786 3735.056621
863786 3840.246422
864786 3757.614668
865786 3785.874235
866786 3883.809271
867786 3811.389345
868786 3813.386882
869194 1398.343469
870194 3984.666669
871194 3848.846517
872194 3796.485137
872612 1516.443267
873612 3798.837371
874612 3798.933213
874821 624.761806
875821 3908.492378
876530 2707.602193
877530 3952.984282
878530 3777.818051
879530 3909.579890
880151 2400.436253
880667 1865.037677
881331 2375.073626
881828 1859.782017
882828 3792.719110
883662 3202.464783
883997 1072.016316
884997 3842.914925
885997 3720.267047
886878 3372.584908
887151 893.431344
888151 3871.827302
889151 3828.860146
890151 3782.440367
891151 3850.252757
891974 3155.674288
892974 3885.285377
893974 3899.176243
894558 2074.570099
895558 3826.309493
896558 3898.611988
897558 3820.595940
898558 3906.058285
899558 3791.692052
900558 3848.210170
901558 3865.070922
902558 3796.758131
903255 2566.994790
903483 654.067072
904483 3793.836269
905483 3796.877295
906483 3906.597107
907210 2690.678511
908210 3865.190537
909210 3731.318435
910210 3748.539280
911210 3851.920097
912210 3866.717829
912393 538.226767
913393 3798.260520
914196 3125.919531
915196 3890.198171
916196 3893.142755
916486 869.568336
916787 972.531538
917787 3937.807432
918787 3884.125799
919694 3509.807875
920694 3890.304124
921584 3440.631937
921855 799.345231
922855 3861.694780
923742 3391.704951
924742 3908.574901
925742 3972.290188
926742 3970.697309
927742 3919.928793
928742 3936.043679
929591 3423.554251
930591 4004.394545
930835 695.910691
931617 3053.802272
932063 1593.300642
933063 3990.952586
933961 3517.502516
934961 3892.251641
935961 4016.578829
936961 3987.867703
937961 3906.704563
938961 3967.678141
939132 446.181416
939419 914.356967
939704 1012.623189
940704 3898.419574
941704 3863.153700
942073 1272.226013
942292 651.272328
943292 3928.871811
943866 2161.566014
944065 567.463052
945065 3924.197863
945272 566.703944
946272 3859.032442
946756 1724.113111
947756 3915.962028
948008 799.953334
948343 1144.999072
948649 944.361668
949649 3917.171772
949966 1005.952108
950966 3895.419945
951883 3590.051797
952883 3915.439149
953145 819.755736
954145 3848.964433
955145 3900.140502
956145 3987.560734
957145 3870.893331
958145 3927.334899
958556 1454.001596
959127 2134.660185
960127 3954.998618
960742 2350.196077
961742 4121.225888
961956 653.730678
962417 1710.220342
963417 3992.860700
964417 4012.672868
965417 3917.824721
966007 2159.745726
967007 3927.257537
967633 2314.153053
968633 4013.219229
969633 3913.201547
970633 3884.993686
971502 3316.616438
972502 3917.727033
973502 3907.767302
974502 3881.911178
975502 3923.378823
976502 3877.746193
977502 3827.687961
978186 2508.526779
979186 3811.177051
979472 908.587812
980472 3895.479440
981339 3322.844250
981545 544.483520
982545 3832.628048
983545 3857.380644
984545 3858.208081
985545 3840.827592
985748 570.601246
986393 2362.010467
987393 3900.495280
987930 1979.885582
988930 3804.300526
989142 634.476234
990142 3893.535740
991142 3936.416744
992142 3872.611269
992934 2989.334720
993934 3970.386165
994934 3964.069184
995464 1962.240187
996464 3798.183374
997464 3869.432749
998464 3779.039536
999273 3085.361349
999739 1663.829627
1000739 3788.600714
1001539 3044.771615
1001767 704.900674
1002767 3868.862197
1003382 2294.268441
1003638 761.840278
1004150 1834.854856
1005150 3849.143160
1006150 3841.769960
1007150 3867.690335
1007798 2409.589272
1008769 3782.883974
1009603 3123.064717
1010426 3155.254407
1011113 2593.260392
1011325 609.827668
1012325 3869.630213
1012507 520.202149
1013507 3849.939233
1013974 1593.795855
1014974 3830.958055
1015960 3772.112651
1016738 2964.330089
1017738 3772.536268
1018738 3788.398988
1019738 3843.376670
1020019 934.177678
1021019 3729.152418
1021621 2205.827279
1022621 3818.158397
1022838 599.622573
1023838 3877.020013
1024838 3806.569320
1025838 3846.331269
1026126 898.680356
1027126 3847.088801
1028126 3850.480264
1028663 1962.720658
1029663 3820.238523
1030291 2276.465024
1031144 3321.109893
1032144 4037.432184
1033144 3879.902559
1034144 4006.485505
1034374 631.720345
1034568 601.198979
1035568 4013.470528
1036199 2389.791932
1037199 3864.011814
1038038 3311.045061
1038703 2534.888008
1039703 3911.399301
1040703 3912.594154
1041703 3954.694328
1042703 3878.094214
1043703 4029.865542
1044703 3875.700042
1044967 801.969339
1045794 3266.374152
1046794 4051.384934
1047009 671.171074
1047326 1037.852196
1047524 606.768236
1048524 4021.669185
1049138 2336.366599
1050138 4013.423585
1050717 2186.363706
1051591 3441.908233
1052591 3995.695616
1053591 3852.633312
1054591 3861.132178
1055591 3844.063947
1055805 641.128039
1056805 3808.601415
1057805 3894.458255
1058805 3742.153167
1059805 3834.683767
1060805 3852.645661
1061315 1807.010008
1062189 3343.470991
1062810 2291.452034
1063669 3213.397551
1064669 3858.172443
1065288 2217.199848
1065971 2556.820527
1066155 532.972444
1067155 3800.718938
1067890 2683.061815
1068890 3813.745884
1069890 3910.760034
1070088 601.973586
1070588 1761.715912
1071588 3960.732703
1072524 3539.249909
1072831 1037.992975
1073831 3975.797644
1074548 2691.282539
1075548 3859.630867
1076548 3977.069308
1077257 2641.248069
1078257 3815.533650
1078453 585.670628
1079157 2655.763325
1080157 3921.900869
1080404 784.534453
1081119 2694.783489
1082119 3772.127986
1083119 3826.009216
1083287 471.186698
1083438 407.701675
1084438 3861.518399
1085438 3793.044413
1085985 1961.714266
1086268 900.294113
1087268 3862.198486
1088268 3857.314025
1089268 3838.276444
1090268 3829.019924
1091268 3805.106581
1092268 3826.992153
1093268 3787.174642
1094268 3784.971829
1094888 2290.016871
1095083 535.815910
1096083 3785.995937
1097083 3757.217394
1098083 3868.106157
1099083 3755.159490
1100083 3780.428104
1101083 3751.794115
1102083 3718.450682
1103083 3748.773825
1104083 3809.163392
1105083 3863.014474
1106083 3754.582489
1107083 3728.949857
1108083 3787.125827
1108300 651.388931
1109300 3736.440541
1110300 3711.600140
1111300 3774.475293
1112300 3716.491206
1112503 633.658078
1112717 666.992039
1113717 3784.904691
1113998 830.959237
1114998 3687.000439
1115998 3703.686491
1116998 3780.394547
1117212 668.802831
1117410 574.203319
1118410 3716.502292
1119410 3721.813848
1120410 3695.917852
1121287 3304.856312
1121504 684.020445
1122504 3767.812061
1123504 3723.121621
1123726 677.399254
1124726 3586.441248
1125726 3713.979020
1126067 1131.153004
1126315 775.890845
1127315 3753.920727
1127563 792.361021
1128563 3791.452442
1129563 3763.831929
1130563 3838.047154
1131563 3758.556285
1131953 1384.922419
1132953 3768.655289
1133953 3858.991447
1134185 695.597571
1135185 3725.155031
1136185 3847.813033
1137185 3672.810391
1137346 458.442385
1138346 3808.135524
1138534 558.349263
1138777 753.633551
1139777 3667.392207
1140076 952.505504
1140358 935.998910
1141241 3311.288875
1142241 3803.968472
1143241 3801.002419
1144241 3776.445108
1144948 2601.817493
1145193 751.741349
1146193 3849.052777
1147193 3791.890888
1147900 2639.959361
1148900 3829.432870
1149900 3882.923817
1150900 3775.115053
1151900 3868.242530
1152900 3790.740201
1153108 622.913195
1154108 3849.479842
1154352 770.232507
1154569 670.344353
1154805 737.489314
1155805 3812.986488
1156805 3869.691564
1157805 3825.106154
1158805 3884.841093
1159805 3901.769699
1160805 3875.328947
1161805 3823.042564
1162647 3303.152964
1163178 1891.569341
1164178 3893.632782
1164388 638.297661
1165388 3873.040116
1165704 1080.186776
1165955 789.161207
1166185 638.984749
1166512 911.875180
1167512 3765.926980
1168145 2458.143360
1168523 1379.888156
1169274 3031.970958
1170274 4103.517623
1170934 2623.811474
1171192 879.960214
1172022 3261.060208
1173022 4026.642930
1173818 3168.795165
1174141 1166.309636
1174754 2399.164926
1175754 4076.721119
1176754 3988.780699
1177754 3936.607948
1178754 3998.636654
1179754 4051.187347
1180754 4052.763753
1181270 1926.579010
1182270 4003.089616
1183270 3996.864281
1183950 2619.426831
1184950 3887.452748
1185950 4030.024701
1186691 2977.297955
1187691 4030.948612
1188691 3923.055266
1189691 3966.626383
1189954 856.568254
1190954 4082.294013
1191954 3974.533381
1192954 3989.655936
1193954 4003.046880
1194540 2282.841182
1194889 1202.673740
1195427 2094.319197
1196090 2664.210353
1196440 1173.580613
1197042 2372.476285
1197754 2905.345178
1198226 1746.011926
1198982 3138.206616
1199459 1812.664609
1199851 1466.428831
1200421 2215.657092
1200776 1172.206798
1201101 1050.441024
1201435 1111.177620
1202018 2279.658911
1202786 3097.797011
1203786 4059.454542
1204786 4142.701549
1205367 2177.172226
1205984 2443.700045
1206673 2816.785576
1207103 1549.118975
1208103 4140.079463
1209103 4183.246637
1210103 4197.306949
1210840 2963.284684
1211641 3167.946909
1212072 1625.897628
1212788 2987.896601
1213788 4262.592984
1214080 987.293504
1214244 456.739911
1215040 3204.734787
1215519 1873.057003
1216293 3034.047276
1217004 2849.942069
1218004 4157.424592
1218786 3139.318166
1219786 4091.749859
1220786 4037.973414
1221786 4116.528639
1222189 1551.834049
1222434 655.417059
1223434 4145.740260
1223735 979.889522
1224735 4029.762315
1225584 3583.635067
1226099 2019.514126
1226513 1570.776070
1226887 1398.584976
1227887 4152.971929
1228281 1465.988088
1228488 605.227890
1229063 2271.439063
1229586 2108.155708
1230579 4198.569391
1231579 4119.006918
1232579 4131.919176
1233123 2071.116341
1233371 829.964716
1233949 2193.161908
1234353 1431.555204
1234982 2448.967541
1235205 695.796528
1235471 909.559645
1235780 1070.060569
1236439 2561.064231
1236621 519.754666
1236830 674.200837
1237540 2927.221750
1238397 3418.656814
1239368 3989.474398
1240009 2541.801800
1240498 1911.213311
1240941 1653.356221
1241409 1759.572220
1242235 3356.582034
1243204 4067.463181
1243902 2795.747364
1244794 3614.755377
1245794 4182.274711
1246754 4014.633477
1247441 2784.860867
1248009 2239.511055
1248744 2959.405780
1249602 3505.763228
1250466 3356.249527
1251466 4155.755295
1252338 3527.751484
1253338 4129.745073
1253867 2079.186931
1254276 1464.092342
1255135 3607.244820
1255981 3469.991025
1256428 1643.525877
1256729 965.926596
1257296 2218.641682
1257697 1482.817323
1258697 4269.553555
1259232 2060.317623
1259547 1128.010210
1260216 2769.924710
1260862 2701.843123
1261530 2774.233018
1262091 2162.911582
1262835 3064.713235
1263588 3124.719000
1264139 2122.549873
1264502 1331.312159
1265144 2501.991059
1266144 4246.998544
1266644 1918.104752
1267302 2615.034951
1268026 2949.947655
1269026 4133.203665
1269880 3544.147465
1270671 3272.528472
1271671 4248.872376
1272275 2383.194000
1272683 1499.650559
1273683 4202.942127
1274642 4111.999146
1275194 2147.783189
1275757 2179.239266
1276681 3796.795209
1277245 2200.435913
1277553 1039.852536
1278228 2667.713400
1278455 671.438795
1279243 3287.082744
1280243 4158.561256
1280794 2106.553515
1281094 1043.754265
1282094 4111.380164
1283094 4225.719060
1284094 4169.138027
1285094 4109.172321
1285430 1146.754113
1286430 4153.167997
1287399 3993.153056
1288399 4212.258573
1289399 4242.864762
1289848 1665.719828
1290731 3701.368565
1291731 4117.787156
1292731 4165.641654
1293731 4131.023146
1294226 1938.457487
1294513 1048.678840
1295241 2988.401200
1296241 4290.282496
1297033 3286.394253
1298033 4257.795759
1298637 2406.052940
1299637 4283.213321
1300637 4188.795874
1300977 1143.016992
1301977 4172.204291
1302696 2819.912510
1303696 4223.785371
1304696 4154.914227
1305163 1762.661081
1306025 3584.908076
1306611 2321.964209
1307394 3181.412306
1307882 1854.038515
1308882 4197.471846
1309882 4165.543971
1310882 4135.308089
1311668 3312.938630
1312130 1693.356021
1313130 4218.824708
1314051 3727.721028
1314898 3455.130077
1315898 4096.738029
1316812 3743.448665
1317747 3844.874152
1318394 2524.783739
1319394 4169.920881
1319619 658.224286
1320158 1997.716342
1320767 2421.500333
1321760 4156.581833
1321950 525.249528
1322937 4160.640026
1323937 4152.548425
1324937 4125.804464
1325403 1753.648978
1326014 2459.689062
1327014 4221.162224
1327701 2701.035651
1328356 2672.280671
1329051 2879.123012
1330012 4083.976087
1331012 4071.203079
1331489 1767.957816
1331967 1614.629512
1332967 4175.887342
1333681 2896.192382
1334681 4201.738711
1335210 1956.184912
1336102 3549.593149
1336978 3693.536101
1337532 2145.176937
1337873 1148.479896
1338256 1422.917085
1338513 799.517826
1338968 1736.081556
1339667 2872.135204
1340223 2181.435791
1340967 3043.955817
1341754 3308.740164
1342258 1963.214404
1342913 2647.452988
1343461 2109.885531
1343883 1641.544107
1344370 1897.146944
1344909 2191.839506
1345241 1209.797726
1345685 1697.719304
1346644 4065.651767
1347644 4307.468638
1348140 1939.986581
1349140 4229.682191
1350140 4284.232951
1351140 4322.908876
1351797 2686.343305
1352045 835.602340
1352913 3583.889421
1353712 3281.526882
1354273 2211.494788
1354835 2233.049513
1355789 3999.423789
1356721 3958.215664
1357109 1502.377308
1358109 4287.820027
1358693 2382.520239
1359693 4214.472416
1360440 3144.642247
1360867 1654.319908
1361332 1844.696352
1362332 4172.861012
1363332 4246.861455
1364332 4199.982132
1365332 4257.335387
1365634 1018.257382
1366346 2914.405140
1367055 2902.012311
1368055 4255.596578
1368353 1083.574281
1368919 2247.713189
1369115 621.466071
1369482 1379.147643
1369822 1265.845602
1370450 2539.293961
1371450 4286.334078
1372450 4254.716655
1372783 1219.995560
1373633 3547.904698
1373841 698.921785
1374251 1540.920355
1374592 1271.108666
1375137 2168.453571
1376137 4251.355493
1376851 3010.702740
1377582 3007.023203
1378174 2385.980630
1378571 1446.308643
1379571 4401.846159
1380571 4346.021258
1381431 3647.617689
1382431 4188.411934
1382941 1985.604618
1383941 4185.362326
1384653 3018.881186
1385506 3672.876517
1386047 2204.873647
1387047 4295.699578
1387740 2809.724871
1388740 4296.315646
1389740 4218.626272
1390740 4162.696666
1391740 4251.110250
1392740 4197.551082
1393508 3189.814516
1394508 4216.497767
1395411 3853.506449
1396411 4288.099267
1397119 3019.145429
1397423 1079.104213
1398359 3980.172725
1398990 2542.639617
1399751 3349.272520
1400751 4338.338829
1401167 1611.140966
1402167 4316.953357
1403019 3690.311320
1403264 861.602783
1404264 4323.876789
1404866 2490.980572
1405239 1404.928656
1405399 466.425313
1405935 2187.848500
1406672 3129.371118
1407672 4318.673338
1408201 2110.318487
1409201 4520.416212
1409408 635.865419
1410408 4268.557600
1410821 1549.667956
1411821 4299.073476
1412821 4316.593361
1413773 3961.347923
1414022 814.276547
1414926 3839.553154
1415926 4269.826639
1416791 3617.276176
1417791 4245.089862
1417979 583.096509
1418810 3452.669245
1419339 2082.922137
1420339 4236.237917
1421339 4122.028221
1422339 4142.812810
1423211 3655.493049
1424211 4123.223498
1425183 4077.349706
1426183 4116.607506
1427183 4157.319478
1428183 4116.914263
1429183 4178.786793
1430183 4129.787095
1431183 4196.038750
1432183 4121.611895
1433132 3921.242328
1434132 4193.195628
1434455 1174.040230
1434620 474.226681
1435620 4164.020037
1436620 4101.569655
1437620 4252.793461
1438620 4143.491227
1439620 4139.938323
1440326 2842.175366
1441326 4144.968509
1442326 4045.098575
1443326 4085.563197
1444326 4090.876208
1445326 4071.972838
1446326 4092.471736
1447326 4107.851875
1447459 326.436780
1448459 4115.373395
1449459 4103.932207
1450109 2633.064397
1451109 4081.835596
1452109 4133.236068
1452286 508.944577
1453286 4052.418418
1454286 4105.212048
1455286 4093.878917
1456286 4149.214780
1457286 4099.073521
1458286 4089.467878
1459286 4257.196105
1460286 4167.717254
1460555 891.156326
1461555 4063.768100
1462241 2763.925143
1462428 567.100534
1463428 4128.570776
1464370 3865.943485
1465370 4065.094670
1466370 4096.523717
1467370 4093.905674
1467733 1306.065149
1468733 4183.109099
1469733 4126.338227
1470733 4306.094523
1471733 4146.099962
1472733 4271.636911
1473733 4278.330107
1474733 4232.921470
1475040 1071.062921
1475540 1955.522289
1475993 1745.016997
1476993 4260.454238
1477649 2702.253662
1478649 4296.627629
1479649 4349.506139
1480649 4506.718459
1480823 504.542760
1481519 2951.446917
1481954 1650.112350
1482597 2638.580554
1483502 3931.445467
1484190 2839.588495
1485190 4388.506679
1486190 4328.137649
1486469 932.976983
1486723 814.996276
1487046 1108.565177
1487417 1405.819143
1487683 862.243382
1488507 3475.280600
1488736 680.544217
1489736 4362.740170
1490736 4261.321124
1491284 2217.139905
1492284 4144.049858
1492753 1817.757572
1493520 3255.383753
1493735 622.310568
1494078 1254.916750
1495078 4392.583694
1495424 1261.947822
1496424 4393.970332
1496649 668.024594
1497172 2128.680141
1497918 3254.413300
1498496 2450.817336
1498906 1583.505361
1499531 2577.675213
1500531 4441.558360
1500953 1662.052835
1501231 884.037825
1501546 1114.400660
1502281 3031.609690
1503190 3892.118370
1503466 896.844369
1504466 4390.614083
1505466 4269.423295
1505799 1186.791183
1506799 4212.071154
1507094 950.850221
1508094 4142.875298
1509094 4106.635278
1510094 4262.480260
1511094 4142.138757
1512094 4280.965965
1512501 1586.355544
1512875 1371.383627
1513875 4208.481715
1514843 4092.391395
1515063 584.376762
1516063 4177.244935
1517063 4097.966536
1518063 4276.891558
1518389 1133.023411
1519389 4076.949247
1520389 4238.943711
1520812 1570.750995
1521812 4238.556155
1522138 1142.892679
1522865 3043.500561
1523279 1568.283109
1523642 1352.499886
1523905 803.165071
1524329 1543.203053
1524620 934.474236
1524876 803.755100
1525141 825.418575
1525404 828.640832
1525689 926.973063
1526088 1451.698220
1526426 1190.416792
1526699 808.679150
1527175 1793.435117
1527576 1532.184458
1527847 852.468168
1528583 3206.710883
1528990 1587.693944
1529166 496.761699
1529537 1373.262132
1530013 1820.475775
1530298 935.016240
1530592 980.907624
1531021 1566.975193
1531314 960.914650
1531639 1152.780518
1532176 2090.463851
1532449 904.136093
1532729 855.386453
1532870 348.659157
1533447 2298.011107
1534447 4162.138603
1535327 3862.262990
1535774 1732.594623
1536046 898.094572
1536511 1780.054871
1537027 2073.050768
1537831 3464.364115
1538175 1268.508967
1538362 539.082446
1538746 1455.641207
1539030 950.800828
1539586 2239.375208
1539978 1390.753143
1540978 4375.495527
1541923 4104.801353
1542359 1600.717710
1542709 1295.685801
1543046 1210.436439
1543364 1112.731387
1543711 1282.650121
1544162 1762.261949
1544870 2961.211067
1545254 1440.510226
1545563 1095.752243
1546020 1775.123197
1547010 4328.425546
1547348 1210.751174
1547788 1665.056863
1548142 1284.215739
1548386 797.002389
1548652 878.593682
1548885 692.822527
1549646 3210.641149
1549988 1210.147927
1550408 1582.567675
1550892 1889.076992
1551427 2167.486787
1552427 4265.454950
1553256 3597.840428
1553642 1438.471008
1554135 1942.473467
1554520 1465.304933
1555116 2308.485946
1555386 833.723105
1555644 841.259033
1556039 1492.385489
1557039 4259.052515
1558039 4295.343993
1558388 1318.142169
1558571 556.144845
1558718 391.137018
1559527 3409.019198
1560397 3733.069265
1560798 1478.887851
1561798 4207.468699
1562208 1551.964971
1563208 4018.027380
1564208 3917.087965
1565208 3962.737148
1566208 3949.542836
1567024 3243.401927
1568024 3963.764285
1568200 424.200834
1568823 2341.914011
1569082 895.332072
1570082 3909.185659
1571082 3891.833656
1572082 3943.909103
1573082 3889.950049
1574082 3882.378222
1574259 500.995355
1575259 3852.974790
1576259 3892.767941
1576515 833.311806
1577515 3870.486579
1577701 540.516237
1577910 662.150090
1578910 3863.569134
1579036 304.946888
1579166 312.097559
1580166 3954.550502
1581166 3947.935707
1582166 3933.846351
1583166 3929.512810
1583973 3217.778384
1584973 3986.166606
1585085 266.258974
1585323 792.175504
1586323 3964.425723
1587135 3202.595761
1588135 3963.407664
1588380 834.520193
1589380 3963.898143
1589816 1594.188067
1590587 2964.413178
1591587 3934.117516
1592587 3939.193317
1592854 857.259903
1593854 3900.145217
1594065 537.809988
1595065 3867.056004
1596065 3864.468045
1597065 3933.336746
1598065 3881.493132
1599065 3986.270881
1599306 721.364274
1600306 3911.341133
1600560 847.478010
1601560 3949.568430
1602560 3992.722350
1603560 3912.699504
1604560 3960.868711
1605560 3926.602246
1606560 3872.763758
1607560 3985.431900
1608560 3891.492970
1608745 513.668278
1609745 3950.541513
1610745 3893.383658
1611745 3945.374207
1612745 3887.061190
1613745 3895.040604
1614745 3927.749418
1615745 3862.810999
1616745 3801.672586
1616922 495.298549
1617122 574.188447
1618122 3824.172180
1619122 3826.075061
1620122 3830.273195
1621122 3377.403899
1621380 817.276146
1622380 3829.480984
1623380 3842.133149
1624380 3847.225370
1624559 495.237722
1625559 3804.233038
1625775 628.723461
1626775 3900.354265
1626979 585.351808
1627288 1021.151747
1627463 482.688842
1628463 3908.989614
1628754 885.071099
1629754 3881.119437
1630754 3826.608045
1631754 3828.426691
1632754 3813.149458
1632964 581.888750
1633964 3911.574129
1634964 3836.888433
1635234 851.905364
1636234 3909.194326
1637234 3915.869826
1637417 516.425398
1638417 3947.951603
1638629 607.530949
1639629 3949.845564
1640629 3897.487832
1640894 825.383253
1641138 743.541544
1642138 3854.336542
1643138 3845.682425
1644138 3840.049748
1644334 532.455536
1644550 627.050471
1644825 868.568400
1645019 555.907622
1645209 530.145488
1646209 3850.807676
1647209 3807.303766
1647500 864.715060
1648500 3855.119221
1649050 1939.365819
1650050 3853.730749
1651050 3834.551270
1652050 3818.153501
1653050 3894.282306
1654050 3952.933484
1655050 3901.057010
1655633 2047.220145
1656633 3849.658196
1657633 3945.990810
1658633 3904.220681
1659486 3324.115460
1660383 3560.017806
1661343 3714.867583
1662343 3947.160584
1662717 1252.561370
1663322 2260.056692
1664322 3885.523149
1665322 4032.570602
1666322 3932.442782
1667322 3884.089563
1667602 890.766957
1667922 1033.431680
1668922 3897.314907
1669922 3876.112328
1670206 895.194242
1670397 535.560737
1671397 3897.466989
1671711 1012.485201
1672711 3882.205529
1673711 3886.248526
1674596 3442.266793
1674958 1212.524114
1675958 3899.578016
1676413 1599.395566
1677413 3822.988413
1677764 1126.227741
1678764 3800.957755
1679764 3887.585219
1680357 2199.232885
1681357 3789.548394
1682301 3634.819889
1683301 3790.556834
1684301 3850.325981
1685301 3762.558297
1685912 2235.310671
1686895 3710.810663
1687895 3802.495671
1688173 874.320736
1689173 3916.422477
1689611 1479.254267
1690611 3922.592898
1691611 3889.414307
1692554 3658.768210
1693307 2747.207907
1694300 3815.126676
1695300 3853.215014
1696300 3875.494546
1697300 3856.960287
1698300 3857.156280
1699300 3839.671165
1700300 3882.710641
1701300 3812.394994
1702300 3757.901326
1702607 1002.181167
1703607 3734.810540
1704607 3839.660164
1705607 3801.009634
1706607 3746.026779
1707607 3779.888573
1707776 467.143963
1708776 3727.016349
1709078 925.732023
1710078 3727.571096
1711078 3784.256372
1712078 3798.728542
1713078 3725.483396
1713543 1655.261228
1714543 3829.571922
1715543 3718.792252
1716543 3705.363646
1717543 3728.616084
1718543 3736.788439
1719028 1734.518307
1720028 3770.222855
1720328 923.090462
1721328 3788.373330
1721537 607.968025
1722537 3805.156875
1723537 3805.044436
1723757 654.962553
1724757 3844.214078
1725252 1775.476757
1726252 3869.783853
1727252 3802.450694
1728252 3941.099709
1729252 3888.012666
1730252 3818.534275
1730475 671.276420
1730838 1234.332165
1731124 896.512954
1732124 3886.015167
1733124 3960.677315
1733353 703.186482
1733657 963.255620
1734657 3859.969153
1735657 3899.300512
1735854 594.528293
1736365 1810.389796
1737365 3920.740016
1738365 3894.673051
1739365 3831.439018
1740365 3902.925371
1741365 3934.051458
1742365 3704.167459
1743365 3969.217924
1744365 3745.080542
1744816 1635.222447
1745816 3782.505888
1746816 3859.717893
1747816 3876.180312
1748323 1878.266260
1749323 3821.789227
1750323 3845.933590
1751323 3814.772263
1751627 972.901244
1752627 3840.028870
1753627 3785.933440
1754627 3740.699321
1755627 3818.020718
1756627 3838.305005
1756940 1052.584538
1757940 3787.307523
1758940 3781.907719
1759362 1500.427239
1760362 3826.915701
1761362 3830.212524
1761587 675.597676
1762587 3899.719884
1763587 3787.304650
1764587 3917.214463
1765587 3814.131369
1766587 3775.451315
1767587 3755.613271
1768587 3895.966193
1769587 3819.525280
1770587 3887.585429
1771587 3928.737420
1772587 3885.615097
1773587 3906.265695
1774587 3996.306728
1775587 3968.638474
1776587 4003.910324
1777587 3980.479070
1778587 3980.205702
1778923 1130.966199
1779117 560.026286
1780117 3904.279449
1781117 3939.584149
1782117 3993.816728
1782960 3265.897901
1783960 4044.407467
1784571 2320.185939
1785571 3963.777173
1785788 658.812928
1786651 3335.705656
1786840 555.534983
1787061 659.173987
1787276 653.511035
1788276 3803.289653
1788503 697.383406
1789503 3936.863304
1790503 3945.781081
1791503 3897.072337
1792503 3965.609177
1792708 614.066938
1792933 700.215992
1793933 3984.952179
1794212 914.976971
1795212 4017.282401
1796212 3905.189937
1797212 4021.635857
1797710 1913.800475
1798710 4071.182479
1799710 4026.968014
1800710 3961.478223
1801236 1922.084971
1802236 4036.547170
1803236 4007.214542
1803530 1038.261118
1803747 641.097622
1804747 3996.673640
1805747 3989.325560
1806747 4106.140941
1806970 684.775834
1807970 3909.200857
1808970 3966.496396
1809970 3998.931118
1810267 952.983491
1810533 846.634996
1810899 1291.201234
1811899 3964.888349
1812899 3917.596097
1813899 3993.951585
1814899 3890.423723
1815110 624.654085
1815426 1067.918992
1816267 3334.563362
1816735 1733.862866
1816923 523.816858
1817923 3965.259119
1818758 3292.613757
1819758 3903.801345
1820261 1796.764848
1820478 653.848720
1821478 3980.713632
1822478 4015.299619
1822780 970.742148
1823063 914.028459
1824063 4075.868386
1824571 1901.085374
1825030 1731.916739
1825189 426.160115
1825347 416.670400
1826347 4193.600636
1826805 1784.546105
1827805 4101.495871
1828805 4128.102295
1829298 1832.576458
1829922 2506.694192
1830208 980.169077
1830523 1048.940110
1830826 965.562816
1831009 511.337521
1832009 4088.459684
1832217 645.567086
1833217 4029.374283
1833505 895.997945
1834065 2183.374583
1834362 949.195533
1834648 909.293228
1835502 3458.558516
1836502 4034.935765
1836829 1095.501194
1837829 4063.805020
1838829 4019.124444
1838999 453.929414
1839276 871.828473
1840276 4071.986578
1840469 564.237488
1841388 3755.011214
1841704 1010.872418
1842440 2896.999986
1843440 4120.857930
1844249 3226.978642
1844916 2713.383480
1845238 1063.328069
1845576 1174.664940
1846218 2556.149861
1846875 2584.311525
1847053 502.697225
1848053 4056.943003
1848986 3916.315255
1849270 948.698797
1850270 4047.519706
1850561 949.344150
1850734 488.112125
1851028 947.097408
1851179 399.599329
1851480 984.380379
1852480 4032.658887
1852993 1903.099811
1853993 4079.886378
1854334 1227.030067
1854910 2230.479733
1855192 917.120249
1855485 960.190861
1856485 4091.668997
1857276 3159.192886
1858276 4056.779488
1858420 374.383905
1858605 521.349227
1859312 2745.704742
1859583 866.645259
1860583 4091.234560
1860841 825.028082
1861185 1166.779712
1862185 4001.414290
1862856 2720.514895
1863470 2407.044371
1863757 989.674160
1864077 1064.476322
1864290 638.790238
1865268 4005.065682
1866268 4102.665363
1866545 914.292883
1867545 4051.997338
1868545 4112.081127
1868778 718.416553
1869387 2465.292513
1869677 945.813114
1869985 1038.950175
1870268 964.514132
1871268 4196.706276
1871528 842.193176
1871818 1000.323893
1872129 1093.548769
1872428 987.164537
1872708 949.821881
1873708 4058.878293
1874708 4178.880984
1875708 4036.247292
1876708 4168.963950
1877497 3340.448597
1877793 997.531501
1878793 4151.776150
1879125 1159.060529
1880125 4081.422669
1880432 1019.015881
1881432 4224.694716
1882432 4216.728481
1883227 3377.546324
1883925 2856.166862
1884100 494.692980
1884705 2423.521260
1884931 687.602591
1885424 1913.945310
1886385 4049.963821
1887224 3401.367588
1888089 3708.908145
1888395 972.097011
1889395 4149.553080
1890395 4222.684528
1891138 3077.313574
1892138 4205.739406
1893138 4230.614669
1893849 2929.109060
1894849 4219.026252
1895035 531.673042
1895903 3553.314802
1896903 4208.545514
1897903 4088.935735
1898903 4111.708595
1899903 4177.288414
1900903 4031.213185
1901903 4077.520982
1902903 4122.222021
1903903 4133.477716
1904903 4116.824258
1905903 4020.876420
1906903 3965.461014
1907762 3420.059520
1908044 904.025945
1909044 3950.778397
1910044 4019.893146
1911044 3953.613678
1911322 869.932924
1912322 3909.774397
1913322 3949.621156
1914322 3975.247402
1915322 3989.870498
1915638 988.510561
1916638 3961.473611
1917638 3896.428413
1918638 3943.233884
1919638 3928.673221
1920638 3833.363366
1921638 3861.120928
1922638 3939.962168
1922919 896.873966
1923919 3837.705918
1924919 3870.741472
1925919 3993.263161
1926218 915.472764
1927218 3858.976713
1927549 1076.911277
1927854 968.308313
1928417 2056.217348
1929417 3967.060509
1930417 3874.348486
1930742 1018.420938
1931052 968.918771
1932052 3902.071322
1933052 3911.942615
1934052 3939.371403
1934869 3285.305453
1935062 528.785397
1935373 987.791923
1936373 3975.469596
1936912 1995.398159
1937215 967.933295
1937567 1192.810264
1938306 2923.751657
1939096 3250.277846
1939530 1543.386976
1939839 1007.844549
1940387 2147.865375
1940683 938.086535
1940987 957.847099
1941987 4006.055050
1942987 3941.514042
1943987 4038.769237
1944987 3964.821246
1945987 4085.528581
1946987 3932.793701
1947987 3951.219633
1948246 823.915852
1949246 4051.318330
1950151 3648.209078
1950632 1805.124405
1951040 1466.106387
1952040 3947.754363
1952320 888.708540
1953320 3986.233521
1954286 3881.827266
1955286 4078.056757
1956286 3998.844118
1957067 3062.844801
1957674 2331.341105
1958280 2377.951570
1959280 3938.826725
1959709 1511.682200
1960709 3970.769129
1961009 965.006379
1962009 3970.105398
1963009 4053.511899
1964009 3986.215811
1965009 4030.214355
1965857 3403.493068
1966857 4032.375627
1967141 884.876021
1968045 3699.048409
1968404 1309.336917
1968709 1001.843898
1969709 3959.683621
1970709 3938.937125
1971709 3966.823678
1972358 2504.478431
1972881 1989.241763
1973790 3739.660151
1974094 1004.864085
1974492 1477.564162
1974989 1905.090904
1975745 3047.349793
1976384 2473.438371
1976684 964.226190
1977684 4007.432020
1978684 4028.216984
1979684 4013.307573
1980684 3928.737023
1981684 3986.434035
1982222 2056.416757
1983222 3994.763669
1983472 792.862097
1984472 4066.155282
1984611 381.200888
1985611 4054.522619
1986611 4096.097413
1987611 4024.004149
1988611 3988.689357
1988944 1151.143762
1989229 935.684675
1989360 340.027794
1990360 4015.358464
1991360 4026.920106
1992360 3955.199872
1993360 3962.027326
1994360 3985.601887
1995026 2673.052544
1995696 2646.579728
1995977 902.030710
1996250 984.439208
1997013 3032.503568
1998013 4096.818700
1999013 4012.779204
1999898 3597.493391
2000511 2422.213786
