2048 40.877750
4096 77.882963
6144 75.168423
8192 82.084544
10240 91.347434
12288 113.169634
14336 166.607235
16384 203.389396
18432 209.875058
20480 183.939050
22528 188.228619
24576 174.800618
26624 203.844899
28672 183.766958
30720 204.432233
32768 206.588031
34816 198.860178
36864 218.600990
38912 223.640913
40960 250.749705
43008 259.005851
45056 277.406528
47104 286.721815
49152 286.116214
51200 306.061435
53248 335.557507
55296 319.835610
57344 332.951450
59392 317.313018
61440 343.223255
63488 345.408693
65536 353.706084
67584 337.294610
69632 364.922202
71680 371.967424
73728 372.456680
75776 373.251654
77824 372.787807
79872 384.628049
81920 397.567862
83968 388.067419
86016 394.568986
88064 416.712880
90112 407.329236
92160 420.556708
94208 429.401627
96256 435.574649
98304 495.063799
100352 495.417944
102400 493.159291
104448 500.663465
106496 518.770787
108544 505.827273
110592 517.408334
112640 547.247063
114688 532.799037
116736 528.326095
118784 556.860540
120832 577.291953
122880 585.242089
124928 572.836977
126976 583.061937
129024 561.856344
131072 586.168877
133120 599.300407
135168 617.007651
137216 630.677790
139264 640.707713
141312 677.878619
143360 727.014884
145408 653.500834
147456 698.329803
149504 672.012510
151552 745.132141
153600 747.032925
155648 693.912597
157696 672.181241
159744 660.920519
161792 771.606421
163840 663.132827
165888 675.629997
167936 719.007771
169984 632.262423
172032 624.055064
174080 360.156758
176128 518.689563
178176 520.035411
180224 222.432765
182272 243.109935
184320 171.745744
186368 172.094288
188416 419.956354
190464 95.288942
192512 150.786977
194560 215.299737
196608 272.653777
198656 396.716046
200704 227.498820
202752 378.386085
204800 260.433919
206848 182.376655
208896 328.813039
210944 472.431171
212992 357.666513
215040 272.861381
217088 426.631290
219136 593.762395
221184 646.174090
223232 540.682017
225280 702.815503
227328 662.640484
229376 760.996150
231424 573.074439
233472 697.161066
235520 593.653291
237568 525.994593
239616 620.260249
241664 657.345173
243712 824.906630
245760 440.017607
247808 436.829865
249856 673.920077
251904 801.558948
253952 905.292341
256000 1019.140764
258048 684.113328
260096 609.173747
262144 815.339800
264192 771.513230
266240 779.402234
268288 637.758859
270336 906.299602
272384 692.577029
274432 764.481295
276480 538.679392
278528 823.495102
280576 684.525150
282624 545.673288
284672 762.391802
286720 346.759816
288768 422.792938
290816 379.606740
292864 426.164801
294912 482.705301
296960 678.662950
299008 356.920378
301056 584.607800
303104 667.270692
305152 666.347195
307200 602.619819
309248 698.208609
311296 647.715378
313344 587.237236
315392 828.990117
317440 637.056808
319488 763.589870
321536 766.637442
323584 767.336064
325632 753.188271
327680 674.814947
329728 744.314698
331776 777.466031
333824 692.542564
335872 767.011805
337920 737.367767
339968 820.339566
342016 777.070403
344064 805.689468
346112 822.693656
348160 762.204058
350208 703.277297
352256 702.436801
354304 703.571200
356352 652.799781
358400 673.533055
360448 570.150703
362496 539.862123
364544 464.369753
366592 368.770943
368640 433.386647
370688 416.349372
372736 319.960334
374784 273.050465
376832 306.583035
378880 296.500215
380928 318.139488
382976 302.076647
385024 363.064138
387072 302.692858
389120 205.089767
391168 393.588302
393216 327.001001
395264 194.475266
397312 238.992698
399360 154.076322
401408 162.486827
403456 166.374819
405504 170.809926
407552 187.745121
409600 218.163676
411648 181.838036
413696 236.306639
415744 265.931863
417792 277.520714
419840 279.363080
421888 265.528642
423936 270.843122
425984 256.302895
428032 220.277657
430080 109.532838
432128 106.910797
434176 98.722377
436224 95.202526
438272 97.447277
440320 86.819524
442368 91.834704
444416 89.806994
446464 85.495158
448512 92.620061
450560 88.718696
452608 95.390329
454656 90.963229
456704 96.760696
458752 95.279848
460800 90.078629
462848 85.221188
464896 85.051757
466944 83.100163
468992 86.557871
471040 75.334022
473088 79.016495
475136 76.538443
477184 80.449940
479232 85.289302
481280 89.433116
483328 90.032439
485376 90.949746
487424 88.576064
489472 80.383097
491520 83.795357
493568 83.036880
495616 82.779169
497664 83.071694
499712 86.745511
501760 78.850480
503808 79.789469
505856 79.736658
507904 76.968879
509952 76.454008
512000 79.282128
514048 74.454920
516096 75.749533
518144 73.531417
520192 70.979093
522240 70.379017
524288 72.385455
526336 73.209456
528384 74.401771
530432 70.838403
532480 70.895422
534528 69.684816
536576 71.758653
538624 72.271244
540672 73.438967
542720 75.693638
544768 73.766814
546816 76.819596
548864 73.741917
550912 77.534204
552960 77.550268
555008 77.264378
557056 76.966711
559104 77.178353
561152 76.258624
563200 76.977522
565248 76.693695
567296 74.866706
569344 77.763943
571392 77.391095
573440 77.066819
575488 80.188337
577536 81.173045
579584 83.467137
581632 83.524340
583680 89.406507
585728 83.018572
587776 87.691790
589824 86.522883
591872 86.200149
593920 81.386732
595968 81.489669
598016 85.950957
600064 85.581311
602112 79.870129
604160 77.323490
606208 77.954535
608256 78.786325
610304 80.833310
612352 76.682385
614400 75.508281
616448 72.551909
618496 74.496953
620544 75.522149
622592 77.002332
624640 77.400352
626688 76.908520
628736 77.665617
630784 79.719701
632832 76.997706
634880 79.435617
636928 79.620343
638976 76.983560
641024 76.860791
643072 76.946870
645120 78.746047
647168 74.574242
649216 76.216491
651264 73.446855
653312 75.196388
655360 73.814242
657408 76.566495
659456 77.360912
661504 74.687994
663552 75.246671
665600 77.098035
667648 73.325185
669696 69.754234
671744 71.676844
673792 71.929915
675840 71.554145
677888 72.819990
679936 71.348585
681984 72.045208
684032 73.818924
686080 72.417718
688128 71.124897
690176 68.368296
692224 69.088853
694272 71.953682
696320 71.650289
698368 70.805941
700416 73.772843
702464 74.318507
704512 72.358960
706560 73.948999
708608 71.324565
710656 70.477914
712704 70.229109
714752 70.352803
716800 70.101711
718848 70.667480
720896 70.771940
722944 69.436029
724992 69.652360
727040 69.024877
729088 68.057183
731136 71.041405
733184 68.974267
735232 68.258666
737280 66.872363
739328 66.505687
741376 67.024837
743424 65.991587
745472 66.355648
747520 66.880720
749568 64.290152
751616 63.271087
753664 65.019744
755712 488.987162
757760 478.095156
759808 377.393822
761856 685.012010
763904 593.814735
765952 619.369269
768000 545.638149
770048 609.310568
772096 611.328315
774144 682.863362
776192 857.315823
778240 701.400215
780288 730.410834
782336 809.665428
784384 624.544817
786432 711.687604
788480 850.870719
790528 879.379755
792576 836.129994
794624 865.783464
796672 874.857167
798720 883.924063
800768 893.343262
802816 789.980612
804864 855.128406
806912 847.942666
808960 820.501534
811008 755.132158
813056 721.427174
815104 756.025501
817152 789.459701
819200 771.470719
821248 828.835333
823296 901.939753
825344 821.123437
827392 909.241574
829440 893.406663
831488 934.122037
833536 923.217370
835584 986.449653
837632 944.057344
839680 948.617095
841728 926.212793
843776 935.719417
845824 942.751489
847872 946.846657
849920 899.065175
851968 927.979593
854016 891.859186
856064 943.757171
858112 897.431154
860160 908.241309
862208 932.619346
864256 858.865227
866304 958.991259
868352 901.488839
870400 944.304081
872448 980.906796
874496 965.402179
876544 821.557599
878592 745.610229
880640 689.453741
882688 935.768478
884736 864.474460
886784 865.305242
888832 865.331374
890880 597.217036
892928 667.368823
894976 649.298661
897024 405.705904
899072 637.616982
901120 543.790942
903168 192.394483
905216 379.688270
907264 505.184474
909312 282.930754
911360 430.779303
913408 801.803600
915456 287.949684
917504 104.780686
919552 252.629414
921600 65.776359
923648 64.565669
925696 244.078078
927744 377.530002
929792 256.805131
931840 399.383177
933888 550.507216
935936 215.610770
937984 213.307862
940032 279.999834
942080 131.471958
944128 65.491492
946176 68.104428
948224 84.418830
950272 149.951894
952320 98.007779
954368 102.580663
956416 87.213351
958464 207.643663
960512 230.052376
962560 352.062725
964608 576.194471
966656 789.233933
968704 931.824171
970752 937.789001
972800 709.460423
974848 768.917119
976896 268.266980
978944 418.980277
980992 543.471205
983040 235.661506
985088 370.832124
987136 67.777989
989184 61.045057
991232 58.602471
993280 60.460274
995328 60.503688
997376 58.606422
999424 58.535103
1001472 58.947274
1003520 60.386887
1005568 57.178781
1007616 59.227692
1009664 61.995143
1011712 60.006009
1013760 61.155373
1015808 68.884694
1017856 62.505075
1019904 67.512347
1021952 66.120520
1024000 71.762518
1026048 67.998902
1028096 77.115926
1030144 82.415881
1032192 120.939913
1034240 349.607425
1036288 177.302794
1038336 390.576019
1040384 207.258172
1042432 233.648147
1044480 84.609391
1046528 73.320717
1048576 247.994346
1050624 189.881209
1052672 402.923022
1054720 360.145694
1056768 665.372435
1058816 399.959126
1060864 603.733372
1062912 816.878172
1064960 708.752962
1067008 692.787509
1069056 592.967532
1071104 483.543004
1073152 389.493747
1075200 668.700776
1077248 614.306751
1079296 590.887656
1081344 635.001992
1083392 371.139059
1085440 401.034565
1087488 300.626780
1089536 265.997306
1091584 443.253471
1093632 503.650427
1095680 221.983239
1097728 378.653481
1099776 383.699374
1101824 351.185594
1103872 470.298281
1105920 869.254220
1107968 369.140273
1110016 686.427638
1112064 422.863332
1114112 574.861076
1116160 401.303903
1118208 547.089407
1120256 566.396955
1122304 719.609738
1124352 677.382980
1126400 516.792002
1128448 730.397099
1130496 620.463836
1132544 500.310241
1134592 594.864518
1136640 655.468041
1138688 617.593549
1140736 537.280955
1142784 633.019953
1144832 330.140367
1146880 452.308649
1148928 381.333446
1150976 525.242977
1153024 281.466545
1155072 285.174522
1157120 543.126829
1159168 283.700235
1161216 282.095141
1163264 197.005438
1165312 213.981919
1167360 193.139033
1169408 175.063594
1171456 196.476337
1173504 150.756092
1175552 177.635520
1177600 177.559143
1179648 171.533958
1181696 169.082977
1183744 169.151306
1185792 182.057695
1187840 171.733558
1189888 177.872046
1191936 182.152515
1193984 182.990839
1196032 181.222856
1198080 166.431843
1200128 180.299625
1202176 174.630125
1204224 169.976443
1206272 180.024013
1208320 246.122208
1210368 187.498489
1212416 171.933526
1214464 177.102229
1216512 161.599026
1218560 172.150662
1220608 171.555974
1222656 170.938836
1224704 177.143715
1226752 175.649403
1228800 239.523283
1230848 193.537729
1232896 159.391282
1234944 150.729034
1236992 143.528469
1239040 135.072099
1241088 273.715236
1243136 212.526231
1245184 273.864551
1247232 280.636633
1249280 228.299902
1251328 301.509312
1253376 241.032296
1255424 211.036577
1257472 215.748433
1259520 190.273464
1261568 168.639136
1263616 238.087296
1265664 187.197102
1267712 156.091973
1269760 175.097032
1271808 166.956306
1273856 165.833149
1275904 187.809975
1277952 166.180498
1280000 163.832721
1282048 164.483265
1284096 186.534895
1286144 152.754482
1288192 164.048972
1290240 174.414721
1292288 129.483619
1294336 141.887777
1296384 117.917168
1298432 120.212882
1300480 134.204059
1302528 107.389055
1304576 149.776302
1306624 133.356602
1308672 132.950416
1310720 106.802335
1312768 84.747783
1314816 88.766612
1316864 65.108793
1318912 77.602039
1320960 106.351533
1323008 120.184940
1325056 134.918176
1327104 138.017326
1329152 86.224491
1331200 157.791857
1333248 163.073979
1335296 183.419659
1337344 153.971701
1339392 162.022988
1341440 165.574903
1343488 169.707639
1345536 163.191961
1347584 163.499302
1349632 163.527597
1351680 163.874093
1353728 165.100374
1355776 170.393484
1357824 161.617805
1359872 167.381730
1361920 169.021314
1363968 171.416314
1366016 169.302131
1368064 170.410491
1370112 177.853099
1372160 189.619494
1374208 163.635481
1376256 160.739555
1378304 145.626441
1380352 165.097287
1382400 157.874887
1384448 159.739927
1386496 166.939405
1388544 166.402240
1390592 167.907562
1392640 160.922476
1394688 165.665286
1396736 167.363768
1398784 169.248394
1400832 165.415697
1402880 169.328598
1404928 169.011557
1406976 169.520252
1409024 165.509404
1411072 169.854163
1413120 167.121822
1415168 169.213154
1417216 164.562023
1419264 170.976127
1421312 165.818462
1423360 207.961226
1425408 171.393828
1427456 170.787846
1429504 148.854165
1431552 163.422117
1433600 155.488851
1435648 162.610755
1437696 166.363592
1439744 168.130327
1441792 169.583710
1443840 165.315752
1445888 168.679062
1447936 169.694209
1449984 168.306183
1452032 247.317408
1454080 170.970520
1456128 172.061258
1458176 172.244842
1460224 172.930579
1462272 174.763053
1464320 208.006135
1466368 225.136150
1468416 230.103099
1470464 168.823314
1472512 185.192865
1474560 170.245318
1476608 170.808886
1478656 163.128625
1480704 158.170874
1482752 139.945816
1484800 184.483485
1486848 182.803277
1488896 178.785352
1490944 184.127967
1492992 164.908306
1495040 180.446356
1497088 187.987999
1499136 189.444525
1501184 195.023648
1503232 189.462737
1505280 191.806932
1507328 194.881168
1509376 193.396710
1511424 191.518386
1513472 195.481381
1515520 193.265592
1517568 199.298823
1519616 191.377725
1521664 172.389058
1523712 155.847883
1525760 206.172780
1527808 172.286634
1529856 187.621709
1531904 194.746567
1533952 187.157160
1536000 184.683808
1538048 191.648896
1540096 197.000242
1542144 187.812149
1544192 190.904722
1546240 198.114405
1548288 204.613244
1550336 201.784913
1552384 198.516879
1554432 189.199095
1556480 195.036852
1558528 198.735029
1560576 173.275311
1562624 190.866253
1564672 198.751681
1566720 197.550478
1568768 197.173857
1570816 206.241310
1572864 201.766311
1574912 194.123052
1576960 200.159430
1579008 192.831692
1581056 197.052309
1583104 198.652224
1585152 195.660201
1587200 212.051210
1589248 199.554594
1591296 170.177783
1593344 153.071478
1595392 140.879748
1597440 154.555213
1599488 139.146480
1601536 109.835543
1603584 109.926658
1605632 109.202358
1607680 109.953382
1609728 110.092600
1611776 108.840320
1613824 110.002225
1615872 109.995398
1617920 110.603963
1619968 110.060750
1622016 120.871134
1624064 129.060816
1626112 118.712308
1628160 111.187112
1630208 111.588489
1632256 132.529812
1634304 118.668297
1636352 128.146054
1638400 143.279007
1640448 227.147739
1642496 187.869193
1644544 302.137908
1646592 205.327386
1648640 200.092287
1650688 189.947979
1652736 203.807056
1654784 202.618939
1656832 190.861302
1658880 217.205112
1660928 223.623944
1662976 178.774209
1665024 200.832535
1667072 200.289041
1669120 204.337156
1671168 179.576158
1673216 177.765094
1675264 130.643380
1677312 213.326730
1679360 162.518768
1681408 166.978714
1683456 164.263238
1685504 226.798839
1687552 210.625137
1689600 207.521486
1691648 222.409232
1693696 187.265028
1695744 402.463715
1697792 313.842105
1699840 319.177643
1701888 585.315729
1703936 651.570413
1705984 529.797188
1708032 316.444640
1710080 356.122862
1712128 111.323609
1714176 790.791659
1716224 527.477323
1718272 908.644505
1720320 584.233106
1722368 1008.579366
1724416 863.811976
1726464 816.379625
1728512 950.167545
1730560 1064.084760
1732608 857.995581
1734656 975.401053
1736704 963.141243
1738752 981.765786
1740800 907.568093
1742848 484.064302
1744896 961.415635
1746944 419.081866
1748992 492.433563
1751040 726.777318
1753088 478.290440
1755136 861.146283
1757184 787.303422
1759232 491.503769
1761280 830.203093
1763328 591.286175
1765376 441.796743
1767424 709.763297
1769472 497.172001
1771520 830.122434
1773568 812.423772
1775616 1757.672814
1777664 206.540794
1779712 203.147394
1781760 278.453462
1783808 257.849369
1785856 294.153089
1787904 266.950434
1789952 335.184441
1792000 335.889309
1794048 239.879252
1796096 224.511891
1798144 236.502580
1800192 305.087926
1802240 463.816967
1804288 242.904295
1806336 280.413088
1808384 200.348723
1810432 174.428353
1812480 199.371594
1814528 160.720705
1816576 190.641706
1818624 184.986390
1820672 182.874835
1822720 188.520611
1824768 174.020827
1826816 164.864811
1828864 121.220694
1830912 188.164966
1832960 178.600369
1835008 189.475173
1837056 185.489978
1839104 189.811200
1841152 193.683608
1843200 198.129512
1845248 232.798878
1847296 210.313613
1849344 202.287797
1851392 254.084176
1853440 243.261372
1855488 272.903529
1857536 240.364384
1859584 226.394215
1861632 617.860333
1863680 463.360321
1865728 315.160219
1867776 226.413313
1869824 230.925560
1871872 283.959788
1873920 221.883509
1875968 345.393435
1878016 308.836258
1880064 396.928364
1882112 463.365921
1884160 763.267256
1886208 662.261219
1888256 693.809854
1890304 672.343313
1892352 762.022221
1894400 349.578017
1896448 329.484420
1898496 351.815547
1900544 662.762022
1902592 409.413371
1904640 615.054926
1906688 404.640290
1908736 463.002316
1910784 209.638300
1912832 196.484180
1914880 197.968633
1916928 161.648075
1918976 193.135472
1921024 192.168344
1923072 132.355052
1925120 85.637443
1927168 125.198265
1929216 182.708146
1931264 198.397420
1933312 131.281009
1935360 124.011380
1937408 141.834191
1939456 131.060149
1941504 135.663055
1943552 119.089696
1945600 125.552557
1947648 152.918526
1949696 138.439856
1951744 103.065437
1953792 51.559456
1955840 85.133058
1957888 68.302161
1959936 189.228872
1961984 190.523205
1964032 238.762053
1966080 251.020558
1968128 208.889306
1970176 245.359989
1972224 332.510630
1974272 274.714347
1976320 235.324650
1978368 340.536877
1980416 355.270774
1982464 239.013982
1984512 292.895491
1986560 553.150242
1988608 446.599281
1990656 300.298817
1992704 337.276178
1994752 233.485440
1996800 483.639465
1998848 451.718514
2000896 357.810933
