2048 36.905910
4096 69.516572
6144 112.021111
8192 93.832097
10240 111.958420
12288 181.649867
14336 129.045299
16384 182.406787
18432 186.338180
20480 199.137925
22528 202.839457
24576 201.861327
26624 206.333844
28672 210.135532
30720 221.428565
32768 206.144998
34816 228.785739
36864 224.730400
38912 227.159179
40960 271.993802
43008 271.140225
45056 276.012223
47104 275.539269
49152 286.745057
51200 287.606918
53248 290.118589
55296 290.668645
57344 283.756003
59392 298.659257
61440 300.723762
63488 322.718147
65536 327.688509
67584 329.124581
69632 342.817567
71680 358.891339
73728 349.371973
75776 364.665056
77824 358.755874
79872 367.225418
81920 366.006657
83968 379.235127
86016 376.336912
88064 386.471666
90112 406.525088
92160 405.032050
94208 421.163738
96256 413.653747
98304 435.216639
100352 442.614234
102400 437.817372
104448 452.621073
106496 447.695222
108544 445.678285
110592 459.498070
112640 510.562260
114688 476.580293
116736 449.977323
118784 481.890639
120832 514.884540
122880 434.996662
124928 195.874379
126976 280.756394
129024 206.319914
131072 229.919298
133120 281.678458
135168 289.267418
137216 416.328087
139264 331.416323
141312 332.188311
143360 386.027811
145408 495.734117
147456 436.193535
149504 595.105437
151552 425.328693
153600 354.458314
155648 402.244470
157696 403.241383
159744 394.481544
161792 253.318132
163840 408.408463
165888 283.881172
167936 290.265365
169984 424.587830
172032 484.058227
174080 453.478423
176128 417.176716
178176 401.194534
180224 501.738777
182272 536.303627
184320 583.878074
186368 551.118665
188416 513.358735
190464 473.044732
192512 405.949025
194560 496.828558
196608 535.031662
198656 522.819103
200704 520.070249
202752 561.557122
204800 573.473154
206848 509.653179
208896 542.169849
210944 523.323323
212992 538.264876
215040 512.965687
217088 545.229054
219136 553.893948
221184 560.313663
223232 528.939696
225280 556.358077
227328 578.088452
229376 577.680532
231424 567.487062
233472 502.953948
235520 362.686895
237568 535.984548
239616 482.269440
241664 521.465300
243712 505.308624
245760 404.455603
247808 463.685308
249856 332.772431
251904 433.326817
253952 438.341630
256000 580.793334
258048 523.942961
260096 513.375015
262144 420.204602
264192 508.141892
266240 579.967259
268288 612.325094
270336 590.043536
272384 597.992230
274432 606.400882
276480 615.096672
278528 599.329634
280576 618.280758
282624 612.307388
284672 584.917394
286720 503.201999
288768 587.117913
290816 494.881288
292864 574.857788
294912 580.976099
296960 564.025044
299008 605.496041
301056 483.911133
303104 533.862623
305152 546.449506
307200 559.896628
309248 491.288748
311296 581.723846
313344 549.240097
315392 614.512820
317440 578.319431
319488 574.826308
321536 550.607425
323584 598.650696
325632 511.553218
327680 580.648933
329728 544.335303
331776 334.487431
333824 461.517628
335872 435.578366
337920 390.552086
339968 478.411647
342016 486.677516
344064 483.645329
346112 515.907160
348160 543.113711
350208 520.446303
352256 553.952613
354304 513.775570
356352 509.121653
358400 528.611603
360448 455.479232
362496 536.685030
364544 160.833029
366592 158.753383
368640 241.031988
370688 417.649759
372736 342.184103
374784 136.466387
376832 243.767398
378880 237.136439
380928 425.793289
382976 438.511545
385024 375.176898
387072 469.681929
389120 431.695896
391168 431.194269
393216 436.262723
395264 549.188275
397312 480.812281
399360 524.817082
401408 494.660397
403456 528.161912
405504 525.287936
407552 570.401082
409600 600.289393
411648 589.455052
413696 584.856629
415744 641.280422
417792 633.474490
419840 639.598042
421888 596.311402
423936 586.616643
425984 605.328829
428032 481.260439
430080 352.910219
432128 319.854384
434176 511.929883
436224 482.256468
438272 485.589425
440320 471.840647
442368 311.342782
444416 349.768686
446464 546.329170
448512 483.910366
450560 513.817516
452608 578.199831
454656 545.263504
456704 513.065557
458752 574.805415
460800 495.357536
462848 546.968105
464896 453.721020
466944 505.554887
468992 417.872379
471040 323.220601
473088 314.206190
475136 424.940034
477184 581.911226
479232 351.125888
481280 417.933928
483328 403.879461
485376 331.079096
487424 299.234511
489472 346.858144
491520 213.916508
493568 232.902144
495616 319.176685
497664 469.201292
499712 401.233757
501760 537.971887
503808 509.062121
505856 614.362674
507904 636.901882
509952 586.344173
512000 623.218170
514048 619.145909
516096 552.292932
518144 463.233429
520192 635.767593
522240 441.256155
524288 652.848878
526336 563.097606
528384 584.407279
530432 434.441293
532480 437.358460
534528 591.669055
536576 535.967515
538624 403.212633
540672 618.663499
542720 474.128625
544768 410.019340
546816 545.656241
548864 538.700164
550912 540.895337
552960 422.802444
555008 483.465689
557056 444.972623
559104 258.914044
561152 397.407776
563200 111.781202
565248 620.721273
567296 538.377681
569344 603.418575
571392 550.222991
573440 480.336905
575488 541.548802
577536 576.782171
579584 573.526932
581632 521.814483
583680 619.656952
585728 505.153115
587776 478.506932
589824 459.750079
591872 256.968556
593920 189.487268
595968 109.998156
598016 167.953285
600064 687.812476
602112 485.132897
604160 554.937353
606208 660.075451
608256 522.637834
610304 540.315730
612352 430.051920
614400 617.085144
616448 318.475969
618496 192.744822
620544 344.782359
622592 545.670511
624640 452.139988
626688 325.952868
628736 235.365756
630784 136.542764
632832 103.601493
634880 104.537798
636928 158.099414
638976 155.571485
641024 155.594906
643072 228.926331
645120 253.926026
647168 323.730334
649216 343.152706
651264 330.410905
653312 160.643849
655360 362.498962
657408 526.978608
659456 378.096045
661504 366.089462
663552 666.282217
665600 646.617978
667648 555.057281
669696 631.992963
671744 718.103198
673792 692.452598
675840 528.718205
677888 613.112065
679936 614.432926
681984 651.751544
684032 653.623499
686080 624.320550
688128 487.776455
690176 621.584227
692224 553.972319
694272 681.971512
696320 659.469815
698368 692.758549
700416 733.131407
702464 699.423839
704512 745.174642
706560 772.281023
708608 750.852913
710656 673.695328
712704 653.069810
714752 624.063691
716800 559.897093
718848 645.778766
720896 520.164252
722944 612.371015
724992 654.714473
727040 622.813981
729088 478.426047
731136 525.099704
733184 505.297981
735232 533.166839
737280 710.363033
739328 593.980984
741376 643.828753
743424 552.425217
745472 644.282266
747520 734.830557
749568 744.195408
751616 536.945794
753664 686.656304
755712 695.402788
757760 546.836617
759808 620.629244
761856 675.427860
763904 652.167074
765952 648.790551
768000 667.945597
770048 641.709125
772096 739.406376
774144 750.458199
776192 674.772947
778240 657.959814
780288 747.461094
782336 751.026797
784384 667.613803
786432 652.099598
788480 752.451672
790528 617.600547
792576 679.965620
794624 661.061105
796672 682.036991
798720 717.267487
800768 694.642474
802816 797.157255
804864 754.976671
806912 818.856591
808960 621.936922
811008 763.637526
813056 595.370864
815104 672.601074
817152 751.710736
819200 636.900543
821248 602.636678
823296 627.086796
825344 425.645079
827392 636.993404
829440 765.405743
831488 564.765711
833536 732.680531
835584 666.376868
837632 702.954301
839680 691.768234
841728 718.327020
843776 623.508874
845824 625.822534
847872 534.241079
849920 461.859073
851968 373.417926
854016 290.917744
856064 499.457389
858112 563.716542
860160 736.664314
862208 749.181897
864256 708.181101
866304 752.158327
868352 706.002892
870400 847.210808
872448 885.194182
874496 845.068263
876544 861.055030
878592 507.919104
880640 687.645639
882688 816.885690
884736 697.225043
886784 785.807155
888832 867.806334
890880 790.515688
892928 456.675684
894976 885.460058
897024 953.599777
899072 984.987133
901120 848.793057
903168 875.513380
905216 941.868381
907264 830.570816
909312 898.400833
911360 736.134430
913408 658.373359
915456 359.258592
917504 272.468991
919552 117.210035
921600 798.178975
923648 729.935927
925696 685.992800
927744 736.013194
929792 345.951527
931840 718.882976
933888 593.997380
935936 202.987916
937984 530.040467
940032 326.987643
942080 888.444740
944128 941.665629
946176 936.473665
948224 984.104975
950272 944.300343
952320 893.970761
954368 923.748138
956416 1025.476314
958464 917.431354
960512 936.418120
962560 874.588034
964608 1020.326563
966656 974.503938
968704 874.428009
970752 1012.234412
972800 1032.004262
974848 905.098017
976896 1041.944465
978944 993.622408
980992 995.570029
983040 814.075654
985088 1004.390113
987136 944.575875
989184 965.306606
991232 971.097389
993280 1083.499993
995328 989.999705
997376 1061.804386
999424 969.997081
1001472 895.984866
1003520 1023.077349
1005568 886.765806
1007616 899.691356
1009664 953.858033
1011712 943.772874
1013760 946.003613
1015808 913.017022
1017856 874.931203
1019904 965.923608
1021952 962.690105
1024000 995.420246
1026048 1081.838963
1028096 1010.675426
1030144 976.181531
1032192 1039.272708
1034240 1056.905998
1036288 1006.195748
1038336 875.427161
1040384 972.744651
1042432 939.270479
1044480 1024.308116
1046528 964.019065
1048576 1048.666475
1050624 1254.642104
1052672 971.237682
1054720 996.679745
1056768 1018.151864
1058816 1008.046828
1060864 1060.671994
1062912 1128.151451
1064960 1119.783947
1067008 1220.051714
1069056 1314.818836
1071104 1172.752414
1073152 1381.688646
1075200 1148.082535
1077248 1237.561365
1079296 1153.693123
1081344 970.707525
1083392 1360.626302
1085440 1305.327604
1087488 1231.185465
1089536 1212.164007
1091584 1176.341890
1093632 1447.766564
1095680 1427.016907
1097728 1481.827789
1099776 1218.199961
1101824 1200.398011
1103872 1422.137695
1105920 1679.069168
1107968 1075.598929
1110016 1497.461911
1112064 1319.843378
1114112 1483.458221
1116160 703.693395
1118208 1277.192996
1120256 546.355092
1122304 966.087640
1124352 1388.993513
1126400 1011.240800
1128448 1139.341904
1130496 1036.710559
1132544 842.055133
1134592 805.142910
1136640 841.390630
1138688 1241.863485
1140736 931.537473
1142784 1004.264424
1144832 702.388173
1146880 447.203809
1148928 732.117024
1150976 376.668495
1153024 224.440138
1155072 116.250810
1157120 360.055699
1159168 836.423757
1161216 737.004612
1163264 638.650160
1165312 338.431945
1167360 404.631105
1169408 322.687549
1171456 105.255525
1173504 327.826234
1175552 711.897248
1177600 295.427305
1179648 328.195230
1181696 752.528598
1183744 712.391626
1185792 1108.211314
1187840 475.653272
1189888 797.188442
1191936 699.797624
1193984 654.673645
1196032 644.943976
1198080 622.236682
1200128 227.121117
1202176 133.692682
1204224 2071.603163
1206272 1585.296330
1208320 1577.659429
1210368 1567.304909
1212416 1385.607277
1214464 1353.672309
1216512 1343.629389
1218560 1559.906902
1220608 1485.986687
1222656 1208.439513
1224704 1689.315148
1226752 1431.768201
1228800 1525.188608
1230848 1509.884451
1232896 1567.242068
1234944 1423.971914
1236992 994.676880
1239040 878.939934
1241088 740.090380
1243136 1356.612007
1245184 732.661420
1247232 1659.537567
1249280 886.268079
1251328 113.327591
1253376 1727.456172
1255424 2070.907974
1257472 1842.963048
1259520 1797.920167
1261568 1791.194712
1263616 1765.308954
1265664 2156.884379
1267712 1968.061939
1269760 1697.631021
1271808 1970.976862
1273856 1629.095525
1275904 1476.830758
1277952 1540.442868
1280000 1916.378548
1282048 1497.420423
1284096 1308.742039
1286144 1797.944724
1288192 1294.173144
1290240 1209.577837
1292288 1346.457096
1294336 1299.078671
1296384 1334.612166
1298432 1147.031058
1300480 1330.664444
1302528 1348.400183
1304576 1269.309526
1306624 1414.925986
1308672 1632.056221
1310720 1521.293794
1312768 1360.389023
1314816 1819.550424
1316864 1523.351108
1318912 1826.422295
1320960 923.418760
1323008 910.188022
1325056 161.598330
1327104 78.438745
1329152 82.192947
1331200 84.798330
1333248 86.089716
1335296 90.853446
1337344 93.582935
1339392 112.270965
1341440 163.123938
1343488 164.740027
1345536 169.930156
1347584 460.190281
1349632 197.679402
1351680 184.876709
1353728 256.556783
1355776 358.945509
1357824 348.724296
1359872 271.304651
1361920 289.532200
1363968 373.073174
1366016 527.404435
1368064 679.466224
1370112 455.714780
1372160 367.736526
1374208 267.274869
1376256 423.864897
1378304 564.735521
1380352 560.953311
1382400 704.966945
1384448 509.950689
1386496 578.267321
1388544 903.099366
1390592 700.605450
1392640 735.305653
1394688 756.424566
1396736 780.591005
1398784 965.707973
1400832 992.677266
1402880 874.810051
1404928 838.009364
1406976 637.967201
1409024 415.199240
1411072 474.421993
1413120 556.309051
1415168 334.382763
1417216 690.761717
1419264 591.314524
1421312 376.708987
1423360 490.528709
1425408 657.359940
1427456 442.839320
1429504 450.723769
1431552 621.986737
1433600 202.214026
1435648 98.414116
1437696 326.251474
1439744 241.184662
1441792 626.141053
1443840 603.593940
1445888 832.910250
1447936 418.287847
1449984 527.162334
1452032 665.535061
1454080 975.854032
1456128 808.893201
1458176 600.162375
1460224 419.579814
1462272 805.889189
1464320 932.158664
1466368 861.890207
1468416 916.435801
1470464 1310.198818
1472512 799.173043
1474560 1244.353918
1476608 1041.403697
1478656 1108.084557
1480704 793.981914
1482752 829.105052
1484800 1066.498826
1486848 899.780992
1488896 930.608361
1490944 1107.538592
1492992 428.708887
1495040 801.420688
1497088 1257.904914
1499136 1121.465838
1501184 668.056864
1503232 1145.852956
1505280 741.445694
1507328 936.073957
1509376 1051.962868
1511424 1039.789664
1513472 1254.518514
1515520 1468.920331
1517568 1036.605326
1519616 1390.313943
1521664 1407.076954
1523712 1386.048729
1525760 1814.753716
1527808 1268.162155
1529856 774.355227
1531904 1449.793245
1533952 1797.718158
1536000 1686.949090
1538048 1149.335095
1540096 2177.198094
1542144 1381.793611
1544192 1263.290506
1546240 1299.854407
1548288 939.375251
1550336 1309.322964
1552384 1371.623169
1554432 1695.989637
1556480 1281.078913
1558528 98.029403
1560576 99.019285
1562624 97.283054
1564672 98.442845
1566720 98.117081
1568768 133.181889
1570816 165.697598
1572864 199.913387
1574912 439.663767
1576960 355.232503
1579008 660.312997
1581056 843.683752
1583104 262.418120
1585152 563.222076
1587200 602.064486
1589248 712.072064
1591296 958.445725
1593344 670.756814
1595392 547.805451
1597440 1004.470812
1599488 1006.535679
1601536 1325.763908
1603584 1285.935686
1605632 1313.542919
1607680 1275.887788
1609728 1128.801496
1611776 693.064947
1613824 848.856142
1615872 909.305317
1617920 456.618063
1619968 448.463729
1622016 2045.225891
1624064 1802.687195
1626112 1627.114742
1628160 1310.641282
1630208 1881.080746
1632256 1993.387846
1634304 2047.513436
1636352 1512.130835
1638400 1250.198121
1640448 1592.285259
1642496 1776.416029
1644544 947.024569
1646592 1801.245544
1648640 1356.251055
1650688 699.141451
1652736 1007.381060
1654784 1475.696128
1656832 1131.199192
1658880 964.771011
1660928 911.413471
1662976 709.616119
1665024 1077.303528
1667072 964.279082
1669120 1263.828791
1671168 1449.187296
1673216 1314.293559
1675264 1748.720722
1677312 1092.694838
1679360 1588.142134
1681408 907.906734
1683456 1661.469020
1685504 1904.679492
1687552 1415.905164
1689600 1817.628904
1691648 2118.331581
1693696 1849.977009
1695744 1203.023573
1697792 2058.969817
1699840 1537.050717
1701888 2031.427313
1703936 2042.016032
1705984 1945.823516
1708032 1686.782231
1710080 2210.877575
1712128 1489.314442
1714176 2091.089849
1716224 1853.751191
1718272 2123.537075
1720320 1430.539356
1722368 1877.818363
1724416 2258.775764
1726464 2140.582477
1728512 1443.622431
1730560 1597.270177
1732608 2030.323057
1734656 1533.435905
1736704 1585.620765
1738752 1532.940962
1740800 1323.213773
1742848 1198.704509
1744896 1463.708705
1746944 1280.430782
1748992 1407.992447
1751040 1618.382042
1753088 1776.048957
1755136 2040.006040
1757184 1382.981157
1759232 1789.956334
1761280 1791.601699
1763328 1658.098803
1765376 1588.989077
1767424 1685.420525
1769472 1309.252173
1771520 2034.187587
1773568 2198.587217
1775616 1651.438137
1777664 1994.396697
1779712 2084.032365
1781760 2116.793541
1783808 2270.498831
1785856 2233.750240
1787904 2166.835557
1789952 1640.048663
1792000 2323.638957
1794048 2780.314678
1796096 2058.458299
1798144 1820.396185
1800192 1799.109816
1802240 1740.824098
1804288 1595.935955
1806336 1919.810793
1808384 1862.549119
1810432 1629.109351
1812480 1809.554109
1814528 1519.566859
1816576 1518.650505
1818624 1754.391255
1820672 1826.903822
1822720 1605.445900
1824768 1366.855454
1826816 1545.623896
1828864 1534.349287
1830912 1522.221075
1832960 1732.174364
1835008 1418.120692
1837056 1974.369331
1839104 1504.435885
1841152 1879.338304
1843200 1512.094168
1845248 1707.943574
1847296 934.034769
1849344 2048.971293
1851392 1626.115271
1853440 1584.509284
1855488 1201.063496
1857536 1371.936953
1859584 1163.975121
1861632 1208.344573
1863680 770.161819
1865728 1128.075948
1867776 1032.033763
1869824 1467.124410
1871872 1225.658309
1873920 1455.497010
1875968 1061.039466
1878016 140.392992
1880064 105.961262
1882112 52.950277
1884160 40.027745
1886208 40.659787
1888256 53.706463
1890304 61.239667
1892352 73.912112
1894400 66.077002
1896448 64.359056
1898496 72.477310
1900544 79.328280
1902592 75.824277
1904640 75.918534
1906688 88.703893
1908736 90.127375
1910784 88.741429
1912832 89.480987
1914880 91.034072
1916928 92.137098
1918976 92.660049
1921024 91.968420
1923072 92.668000
1925120 92.881604
1927168 93.039796
1929216 93.375802
1931264 94.514954
1933312 93.758722
1935360 94.119952
1937408 94.414870
1939456 94.177559
1941504 93.840421
1943552 93.848591
1945600 95.085839
1947648 94.364101
1949696 93.006636
1951744 94.003616
1953792 93.998041
1955840 93.768225
1957888 95.150408
1959936 95.147084
1961984 96.460562
1964032 96.506771
1966080 97.165392
1968128 97.328461
1970176 97.504725
1972224 97.682874
1974272 98.409696
1976320 97.539157
1978368 99.540740
1980416 98.562786
1982464 99.846163
1984512 99.543091
1986560 100.836481
1988608 101.189644
1990656 100.632743
1992704 101.136724
1994752 101.251137
1996800 101.485652
1998848 101.727897
2000896 101.898256
