2048 32.445850
4096 93.038781
6144 86.794396
8192 65.881617
10240 83.905831
12288 120.658098
14336 98.109587
16384 165.918715
18432 169.617089
20480 217.189376
22528 207.305272
24576 200.877351
26624 215.940232
28672 223.967020
30720 212.914673
32768 216.011391
34816 217.033378
36864 222.552175
38912 198.708564
40960 220.899265
43008 242.912202
45056 252.327662
47104 266.240322
49152 299.936475
51200 307.399153
53248 318.753940
55296 322.311147
57344 320.593365
59392 319.164428
61440 318.663504
63488 314.848247
65536 307.166668
67584 319.846878
69632 315.901098
71680 335.959726
73728 343.886713
75776 334.211415
77824 330.234250
79872 347.784325
81920 343.478045
83968 346.214123
86016 351.574199
88064 350.561396
90112 349.158161
92160 359.955773
94208 339.242678
96256 348.175829
98304 340.272384
100352 324.074863
102400 319.945128
104448 310.827603
106496 314.176882
108544 323.744313
110592 341.308311
112640 319.682789
114688 314.510085
116736 331.017265
118784 340.855027
120832 344.289476
122880 364.488332
124928 352.374568
126976 371.573583
129024 344.956806
131072 363.848114
133120 367.540528
135168 390.514523
137216 373.537324
139264 378.331347
141312 377.194433
143360 389.371039
145408 385.335012
147456 412.858443
149504 423.555061
151552 422.581676
153600 412.920519
155648 430.326917
157696 416.928373
159744 470.353047
161792 449.105476
163840 504.998032
165888 502.824907
167936 470.585541
169984 524.983469
172032 509.939068
174080 560.407627
176128 561.857110
178176 567.901796
180224 557.708623
182272 482.420946
184320 493.053686
186368 524.058176
188416 490.508094
190464 514.149719
192512 527.064545
194560 512.050626
196608 552.079476
198656 493.483295
200704 459.410864
202752 508.082220
204800 460.362392
206848 446.116858
208896 451.212033
210944 488.145147
212992 475.215608
215040 454.979247
217088 428.868798
219136 420.844116
221184 505.996436
223232 470.124760
225280 512.202716
227328 538.514519
229376 523.938569
231424 581.411043
233472 585.231808
235520 570.490429
237568 628.039361
239616 532.359371
241664 577.934362
243712 494.427570
245760 495.482837
247808 473.046907
249856 538.532573
251904 513.778669
253952 501.871137
256000 530.215527
258048 458.022986
260096 393.307701
262144 338.109220
264192 196.385288
266240 93.098609
268288 91.281811
270336 100.399350
272384 394.609056
274432 408.901122
276480 409.025390
278528 345.091278
280576 199.879037
282624 307.071483
284672 450.522007
286720 449.987893
288768 398.849482
290816 552.709172
292864 529.364846
294912 472.925293
296960 533.409677
299008 515.308615
301056 474.402227
303104 461.974436
305152 343.289724
307200 351.276900
309248 466.186732
311296 375.879894
313344 255.193450
315392 493.770254
317440 204.595021
319488 266.393680
321536 431.948569
323584 159.078755
325632 256.022265
327680 512.777863
329728 502.271339
331776 310.237542
333824 208.404252
335872 165.831562
337920 634.914282
339968 669.041032
342016 573.672332
344064 702.372642
346112 750.970819
348160 679.175289
350208 404.478351
352256 350.475134
354304 633.285273
356352 417.335621
358400 753.729095
360448 834.315883
362496 780.244017
364544 807.832485
366592 843.109355
368640 831.612505
370688 849.892094
372736 829.112537
374784 857.202921
376832 831.746102
378880 815.155174
380928 724.085322
382976 772.553428
385024 760.201346
387072 736.841196
389120 768.022051
391168 809.423106
393216 734.808917
395264 821.324112
397312 769.143238
399360 759.160744
401408 700.334767
403456 784.636390
405504 728.884012
407552 687.938572
409600 701.521187
411648 689.598976
413696 711.966354
415744 771.634566
417792 703.308520
419840 675.362155
421888 696.677781
423936 673.403526
425984 653.799425
428032 655.574958
430080 623.570389
432128 659.138472
434176 671.355352
436224 637.735410
438272 656.734956
440320 609.779575
442368 633.424808
444416 601.120239
446464 635.812091
448512 623.063322
450560 632.904832
452608 629.860503
454656 656.998227
456704 637.689914
458752 644.144619
460800 712.265289
462848 668.053822
464896 679.079352
466944 698.593508
468992 687.571535
471040 681.087385
473088 712.083968
475136 708.811784
477184 686.399791
479232 715.653963
481280 701.595554
483328 663.043620
485376 624.122634
487424 616.626343
489472 638.069764
491520 648.587031
493568 644.307023
495616 648.923469
497664 686.531510
499712 659.533974
501760 672.754334
503808 649.397331
505856 681.491890
507904 641.598140
509952 644.526139
512000 652.353800
514048 634.678085
516096 586.886635
518144 620.468072
520192 625.882558
522240 563.053345
524288 627.427384
526336 623.760958
528384 607.875056
530432 590.759322
532480 555.417539
534528 515.146749
536576 536.767995
538624 492.347686
540672 503.182835
542720 507.591581
544768 480.767534
546816 503.610464
548864 508.846338
550912 577.562293
552960 603.017023
555008 519.089874
557056 455.889542
559104 516.484478
561152 562.220965
563200 515.381852
565248 531.841701
567296 548.428346
569344 468.521185
571392 510.791849
573440 428.654815
575488 442.820122
577536 473.856685
579584 517.771377
581632 522.100829
583680 511.108789
585728 466.481834
587776 483.738208
589824 483.671771
591872 577.648103
593920 571.813806
595968 537.272538
598016 630.336801
600064 485.315238
602112 477.387454
604160 548.768314
606208 516.020396
608256 460.470071
610304 485.234865
612352 473.527468
614400 412.459208
616448 483.091746
618496 565.208441
620544 554.566418
622592 620.305753
624640 550.709701
626688 561.863258
628736 560.498939
630784 502.310813
632832 454.166009
634880 443.153018
636928 536.262300
638976 543.380570
641024 440.099624
643072 482.019206
645120 519.279552
647168 548.249866
649216 594.022139
651264 580.799655
653312 553.230307
655360 546.511947
657408 605.765426
659456 658.270137
661504 606.688216
663552 654.393708
665600 683.958296
667648 565.988991
669696 608.635890
671744 577.826113
673792 554.881121
675840 632.789172
677888 574.577729
679936 471.144855
681984 426.800909
684032 459.956446
686080 466.676378
688128 473.461310
690176 500.451334
692224 535.248085
694272 529.215369
696320 596.281322
698368 628.717347
700416 546.988449
702464 540.632312
704512 559.606388
706560 730.787054
708608 791.691296
710656 749.472987
712704 756.204927
714752 668.695849
716800 745.681536
718848 701.481008
720896 809.547647
722944 744.521874
724992 821.402171
727040 714.857460
729088 768.047247
731136 722.378147
733184 789.534394
735232 689.676850
737280 613.847527
739328 658.304585
741376 598.277348
743424 569.859823
745472 469.408798
747520 533.022780
749568 505.569602
751616 467.907755
753664 511.594317
755712 520.121468
757760 578.815921
759808 549.073966
761856 534.867934
763904 609.591615
765952 630.476542
768000 574.521646
770048 650.429176
772096 600.395358
774144 489.615039
776192 487.754729
778240 481.896812
780288 602.494028
782336 615.403131
784384 658.236644
786432 627.309245
788480 692.079543
790528 659.189726
792576 642.514915
794624 671.039466
796672 642.325886
798720 712.387792
800768 673.443277
802816 642.178093
804864 660.183784
806912 661.595047
808960 647.911894
811008 699.788898
813056 775.300091
815104 718.091479
817152 724.006728
819200 678.971055
821248 669.386868
823296 650.917165
825344 641.492961
827392 665.744400
829440 679.560600
831488 699.487572
833536 616.526338
835584 606.074926
837632 655.960152
839680 653.743092
841728 615.112521
843776 635.705635
845824 710.960775
847872 800.921417
849920 779.285321
851968 615.450386
854016 779.026301
856064 784.695846
858112 870.486733
860160 941.590773
862208 879.575399
864256 814.350456
866304 708.397355
868352 687.951995
870400 733.555707
872448 640.247118
874496 694.361523
876544 807.491787
878592 696.422043
880640 728.174324
882688 645.050180
884736 663.074669
886784 676.025725
888832 738.646679
890880 664.784282
892928 697.113951
894976 785.145750
897024 562.606057
899072 609.811256
901120 624.708304
903168 718.861583
905216 711.431948
907264 709.457834
909312 595.464974
911360 638.705298
913408 675.754473
915456 600.909884
917504 612.349996
919552 597.817589
921600 628.244529
923648 830.014942
925696 793.176103
927744 695.636701
929792 660.251033
931840 879.428903
933888 656.906629
935936 673.688461
937984 615.492281
940032 874.387409
942080 982.277632
944128 713.010664
946176 813.771910
948224 897.162810
950272 1214.166299
952320 774.564073
954368 976.274483
956416 914.673614
958464 1309.178061
960512 836.740362
962560 679.992809
964608 778.998861
966656 759.741144
968704 718.809885
970752 895.222701
972800 690.261531
974848 687.684137
976896 731.396891
978944 683.643912
980992 686.259826
983040 788.040737
985088 730.150453
987136 751.444933
989184 707.246373
991232 710.971306
993280 736.842210
995328 676.366879
997376 695.721140
999424 686.084835
1001472 667.020859
1003520 654.678455
1005568 641.795574
1007616 653.193279
1009664 662.684846
1011712 682.945174
1013760 666.134798
1015808 684.364224
1017856 679.386847
1019904 674.985626
1021952 679.732204
1024000 676.470745
1026048 683.250390
1028096 674.143169
1030144 681.697640
1032192 682.143767
1034240 698.714016
1036288 679.000203
1038336 729.772533
1040384 678.599024
1042432 708.608228
1044480 691.928013
1046528 704.529767
1048576 921.460704
1050624 696.874501
1052672 687.490185
1054720 717.271986
1056768 707.157552
1058816 720.605846
1060864 725.797519
1062912 684.294286
1064960 681.570071
1067008 704.326782
1069056 710.449119
1071104 699.391678
1073152 687.928504
1075200 686.758070
1077248 682.049695
1079296 701.608981
1081344 692.242793
1083392 681.209105
1085440 744.208276
1087488 718.530740
1089536 683.613324
1091584 695.861565
1093632 718.358031
1095680 720.681982
1097728 724.857264
1099776 768.417461
1101824 831.077615
1103872 1018.731408
1105920 811.709764
1107968 738.786785
1110016 752.633257
1112064 791.079619
1114112 660.964094
1116160 731.117199
1118208 698.655279
1120256 709.070006
1122304 587.502462
1124352 647.668120
1126400 703.664627
1128448 684.551716
1130496 731.736343
1132544 851.826644
1134592 944.562319
1136640 860.989059
1138688 724.168455
1140736 839.745966
1142784 852.877862
1144832 774.713808
1146880 871.584891
1148928 866.890671
1150976 817.014707
1153024 720.502947
1155072 778.361964
1157120 970.244096
1159168 894.466831
1161216 724.769274
1163264 345.525228
1165312 403.359413
1167360 765.119624
1169408 652.823832
1171456 375.110934
1173504 326.202546
1175552 236.030071
1177600 519.270409
1179648 479.755214
1181696 588.503421
1183744 592.073542
1185792 667.586559
1187840 500.969646
1189888 390.686138
1191936 400.571218
1193984 415.090160
1196032 305.297303
1198080 153.022794
1200128 180.879916
1202176 163.219534
1204224 167.716401
1206272 220.574135
1208320 407.037268
1210368 571.348634
1212416 526.649285
1214464 586.196702
1216512 676.684470
1218560 733.096628
1220608 957.281151
1222656 681.765728
1224704 616.549717
1226752 760.006601
1228800 48.807311
1230848 48.952701
1232896 52.854420
1234944 54.427081
1236992 61.243953
1239040 64.343615
1241088 76.253524
1243136 74.952768
1245184 64.936604
1247232 61.780977
1249280 70.348853
1251328 68.060590
1253376 68.619093
1255424 84.324791
1257472 107.225922
1259520 73.590590
1261568 149.797976
1263616 109.204786
1265664 101.022360
1267712 103.773797
1269760 81.923124
1271808 82.104009
1273856 156.107228
1275904 130.270706
1277952 147.964933
1280000 287.535329
1282048 495.281822
1284096 494.725792
1286144 657.394702
1288192 650.016016
1290240 423.804955
1292288 231.161800
1294336 373.587552
1296384 163.757373
1298432 359.670418
1300480 271.255316
1302528 432.832629
1304576 667.644790
1306624 100.938248
1308672 499.419852
1310720 604.806834
1312768 656.177969
1314816 706.023875
1316864 871.257087
1318912 843.388163
1320960 704.379721
1323008 776.911479
1325056 766.989640
1327104 824.444889
1329152 651.281676
1331200 685.755764
1333248 626.397650
1335296 716.372413
1337344 760.406637
1339392 661.471191
1341440 561.394048
1343488 489.706086
1345536 685.870240
1347584 832.572371
1349632 796.314738
1351680 684.732682
1353728 659.017572
1355776 640.992371
1357824 566.931774
1359872 655.399610
1361920 543.277154
1363968 478.910680
1366016 547.058425
1368064 542.426943
1370112 655.584782
1372160 699.944317
1374208 781.882527
1376256 841.585805
1378304 771.051362
1380352 820.422125
1382400 858.043754
1384448 877.353200
1386496 738.588502
1388544 798.494042
1390592 765.887657
1392640 773.510704
1394688 718.266941
1396736 681.921843
1398784 856.289068
1400832 749.548989
1402880 861.858798
1404928 777.802549
1406976 908.809311
1409024 638.112743
1411072 700.394623
1413120 950.067810
1415168 707.748054
1417216 691.250012
1419264 630.376882
1421312 520.403167
1423360 472.617929
1425408 554.457409
1427456 345.722671
1429504 288.933624
1431552 226.468211
1433600 706.202261
1435648 658.017756
1437696 1015.886215
1439744 674.960923
1441792 646.216439
1443840 657.264864
1445888 741.309949
1447936 772.828162
1449984 904.596867
1452032 567.509399
1454080 394.744983
1456128 422.076473
1458176 196.454293
1460224 366.726756
1462272 362.112739
1464320 443.150460
1466368 308.497816
1468416 250.453168
1470464 110.498626
1472512 303.998616
1474560 354.355316
1476608 270.384689
1478656 240.120683
1480704 126.364090
1482752 297.026786
1484800 157.994521
1486848 180.282438
1488896 181.831790
1490944 259.534173
1492992 290.634173
1495040 313.036762
1497088 313.128287
1499136 502.119352
1501184 551.736979
1503232 333.943975
1505280 338.148972
1507328 409.195286
1509376 403.943447
1511424 455.751511
1513472 710.214662
1515520 614.442013
1517568 768.693851
1519616 737.253509
1521664 810.208812
1523712 798.729624
1525760 871.483259
1527808 793.745074
1529856 804.777211
1531904 756.204405
1533952 729.557335
1536000 705.370299
1538048 668.688919
1540096 863.512151
1542144 907.631009
1544192 837.286204
1546240 757.122600
1548288 830.753767
1550336 885.311390
1552384 908.410650
1554432 867.324177
1556480 1008.522953
1558528 803.334635
1560576 739.155734
1562624 891.076765
1564672 879.049547
1566720 841.393823
1568768 934.991231
1570816 869.233276
1572864 872.539550
1574912 845.085652
1576960 912.159431
1579008 814.836027
1581056 830.736956
1583104 794.691176
1585152 815.408911
1587200 830.704908
1589248 802.804747
1591296 798.610386
1593344 885.504545
1595392 884.145124
1597440 860.486190
1599488 850.059492
1601536 903.239579
1603584 899.040134
1605632 759.782091
1607680 832.032931
1609728 874.541340
1611776 847.788779
1613824 870.895399
1615872 767.923688
1617920 814.778849
1619968 797.985617
1622016 748.051031
1624064 762.290335
1626112 712.167070
1628160 795.168271
1630208 827.464213
1632256 806.638722
1634304 710.549910
1636352 747.149426
1638400 738.355651
1640448 671.709138
1642496 637.219903
1644544 727.183172
1646592 727.968050
1648640 756.390796
1650688 709.248705
1652736 814.193850
1654784 768.034922
1656832 747.475788
1658880 725.598748
1660928 905.856524
1662976 836.254744
1665024 790.395302
1667072 737.217758
1669120 766.890326
1671168 713.020323
1673216 801.232805
1675264 756.617959
1677312 886.215745
1679360 851.723967
1681408 740.503503
1683456 873.831903
1685504 723.545089
1687552 761.742450
1689600 760.651591
1691648 787.369798
1693696 735.952405
1695744 744.170883
1697792 731.294610
1699840 723.415478
1701888 699.322782
1703936 684.539299
1705984 756.996592
1708032 853.969967
1710080 727.072216
1712128 669.598495
1714176 742.763128
1716224 669.822256
1718272 711.750385
1720320 589.215766
1722368 805.591810
1724416 772.265290
1726464 700.934751
1728512 754.224729
1730560 720.378598
1732608 730.919195
1734656 715.885193
1736704 737.691404
1738752 697.741136
1740800 709.767294
1742848 683.919877
1744896 756.823729
1746944 694.107327
1748992 713.763622
1751040 668.859258
1753088 696.888707
1755136 709.884169
1757184 725.186473
1759232 699.806825
1761280 703.177244
1763328 736.520289
1765376 727.664533
1767424 698.762953
1769472 727.346847
1771520 700.181578
1773568 777.359458
1775616 765.285468
1777664 767.468293
1779712 754.326661
1781760 782.388409
1783808 733.149602
1785856 801.599267
1787904 764.728542
1789952 767.284585
1792000 738.190104
1794048 780.698078
1796096 747.120704
1798144 794.435015
1800192 739.265240
1802240 706.552618
1804288 714.557362
1806336 742.233853
1808384 704.329723
1810432 698.274676
1812480 705.436818
1814528 683.279513
1816576 723.423064
1818624 720.231280
1820672 779.527820
1822720 801.631541
1824768 831.050031
1826816 717.082238
1828864 769.487173
1830912 729.863809
1832960 728.970650
1835008 787.522332
1837056 751.006953
1839104 716.661326
1841152 706.421278
1843200 658.106514
1845248 693.906890
1847296 735.111258
1849344 771.863355
1851392 789.119717
1853440 719.388518
1855488 701.932036
1857536 696.951264
1859584 695.567765
1861632 797.830709
1863680 805.019686
1865728 784.397964
1867776 734.377006
1869824 761.414082
1871872 783.705504
1873920 762.973753
1875968 739.943009
1878016 611.950575
1880064 647.880739
1882112 725.529730
1884160 739.968348
1886208 649.816604
1888256 762.755892
1890304 791.078464
1892352 810.072912
1894400 817.132100
1896448 787.548607
1898496 839.456430
1900544 857.140586
1902592 834.686440
1904640 864.046697
1906688 907.037212
1908736 804.532014
1910784 841.357114
1912832 831.235682
1914880 789.332714
1916928 864.476779
1918976 924.778356
1921024 766.997437
1923072 811.918750
1925120 836.595856
1927168 892.144466
1929216 935.624048
1931264 860.565425
1933312 830.328736
1935360 935.762497
1937408 820.690965
1939456 890.661337
1941504 791.423306
1943552 803.269242
1945600 827.362495
1947648 793.013094
1949696 756.180446
1951744 792.981959
1953792 807.016037
1955840 805.259992
1957888 786.856120
1959936 736.919845
1961984 738.208544
1964032 785.789105
1966080 687.006860
1968128 614.273132
1970176 733.274676
1972224 779.975824
1974272 785.548507
1976320 727.846448
1978368 705.866345
1980416 798.389966
1982464 767.949221
1984512 755.215168
1986560 724.004552
1988608 689.267779
1990656 728.453050
1992704 721.671177
1994752 768.266595
1996800 753.147327
1998848 743.716719
2000896 692.855216
