2048 17.656479
4096 42.211906
6144 78.380152
8192 87.498707
10240 104.712925
12288 135.175315
14336 182.476699
16384 190.794189
18432 201.659114
20480 167.833964
22528 203.526455
24576 212.424922
26624 200.446374
28672 202.531398
30720 210.725775
32768 202.869741
34816 215.101876
36864 211.437912
38912 203.706820
40960 206.930517
43008 218.711059
45056 240.930612
47104 234.844788
49152 259.069787
51200 242.257990
53248 278.589466
55296 288.190804
57344 306.135435
59392 257.736834
61440 317.942561
63488 264.342965
65536 305.318342
67584 299.966711
69632 309.083554
71680 276.355485
73728 273.540146
75776 327.593793
77824 297.150315
79872 268.461799
81920 349.561116
83968 305.890264
86016 244.760081
88064 241.240387
90112 223.246320
92160 158.393495
94208 157.448186
96256 259.828986
98304 198.545448
100352 178.924058
102400 171.485149
104448 199.662322
106496 171.291416
108544 224.005737
110592 157.822433
112640 178.659922
114688 190.703832
116736 271.199572
118784 248.439151
120832 298.751440
122880 219.289784
124928 337.676416
126976 266.015368
129024 222.426887
131072 273.794043
133120 320.077429
135168 370.346926
137216 319.231449
139264 400.021148
141312 229.350043
143360 248.938824
145408 231.032266
147456 234.344975
149504 328.574816
151552 293.047839
153600 326.144925
155648 380.439047
157696 332.187105
159744 351.431428
161792 278.276609
163840 329.519266
165888 226.611291
167936 250.966474
169984 253.976024
172032 333.085067
174080 276.546312
176128 333.412047
178176 375.569222
180224 231.379121
182272 278.116811
184320 302.071668
186368 383.968174
188416 356.594278
190464 380.375935
192512 289.178539
194560 328.400087
196608 270.107157
198656 155.895427
200704 167.349595
202752 120.791536
204800 238.326288
206848 244.838074
208896 242.540628
210944 223.895553
212992 211.951888
215040 70.819236
217088 55.565791
219136 182.966199
221184 104.369399
223232 93.649865
225280 177.083825
227328 178.057685
229376 344.145596
231424 287.181027
233472 356.944598
235520 281.995603
237568 219.003290
239616 228.325071
241664 388.018869
243712 359.341677
245760 385.833158
247808 311.989114
249856 388.171521
251904 275.583296
253952 194.675000
256000 320.785665
258048 244.829060
260096 109.343274
262144 56.227789
264192 62.801639
266240 61.498673
268288 58.760211
270336 81.665583
272384 115.355323
274432 137.909349
276480 185.874985
278528 97.448416
280576 191.181527
282624 115.461400
284672 112.203446
286720 93.261442
288768 124.000664
290816 113.479830
292864 81.400717
294912 122.195671
296960 122.885829
299008 104.262574
301056 94.711479
303104 96.837044
305152 76.051526
307200 65.604032
309248 106.016701
311296 132.043795
313344 164.517655
315392 181.322157
317440 158.637209
319488 155.712777
321536 148.940344
323584 150.446244
325632 159.913941
327680 93.769666
329728 101.073184
331776 120.112207
333824 128.274038
335872 142.657505
337920 108.400824
339968 88.549369
342016 104.388110
344064 123.946085
346112 153.975079
348160 132.372496
350208 140.809177
352256 122.967823
354304 160.635439
356352 158.948922
358400 166.745803
360448 171.433602
362496 167.241337
364544 161.017765
366592 170.441658
368640 155.731047
370688 165.963851
372736 165.844977
374784 161.092095
376832 159.462187
378880 161.257411
380928 162.654965
382976 159.771085
385024 166.868955
387072 158.254881
389120 162.549230
391168 166.961412
393216 165.400430
395264 160.627254
397312 64.954948
399360 57.076130
401408 51.741901
403456 53.796892
405504 74.471616
407552 74.039539
409600 88.664485
411648 91.949209
413696 96.339539
415744 104.109779
417792 121.818508
419840 127.920819
421888 125.939521
423936 94.824915
425984 114.954792
428032 114.644472
430080 116.413322
432128 106.468509
434176 127.332283
436224 134.305936
438272 132.603478
440320 131.859181
442368 129.970252
444416 125.829934
446464 126.118673
448512 115.584031
450560 120.178113
452608 122.944451
454656 122.374272
456704 120.039905
458752 119.071519
460800 119.176126
462848 118.328366
464896 116.544146
466944 117.498316
468992 120.087341
471040 120.923940
473088 119.979274
475136 123.278444
477184 120.878124
479232 122.182056
481280 122.599003
483328 125.423121
485376 126.050861
487424 123.026335
489472 120.429437
491520 119.963947
493568 122.247012
495616 127.490635
497664 123.171747
499712 124.394781
501760 123.699400
503808 123.570059
505856 124.845946
507904 130.246209
509952 127.823749
512000 131.839067
514048 131.433925
516096 134.106874
518144 132.138554
520192 135.203761
522240 392.877159
524288 369.243552
526336 210.969821
528384 222.056103
530432 233.217751
532480 302.529376
534528 185.968682
536576 311.086585
538624 228.714771
540672 274.367881
542720 293.803569
544768 245.409502
546816 321.857877
548864 215.296125
550912 227.182770
552960 146.557211
555008 223.090425
557056 234.036200
559104 218.894162
561152 147.197429
563200 269.632480
565248 214.093673
567296 151.189006
569344 146.605021
571392 152.175765
573440 137.039975
575488 158.932276
577536 141.618647
579584 147.771128
581632 158.286255
583680 123.649343
585728 146.845023
587776 155.887336
589824 126.711280
591872 125.526232
593920 118.968019
595968 135.010763
598016 131.626999
600064 120.346646
602112 120.933005
604160 164.151526
606208 168.735615
608256 136.368527
610304 126.052228
612352 126.438033
614400 173.245099
616448 142.144402
618496 189.120002
620544 208.708690
622592 235.600464
624640 128.048203
626688 168.328009
628736 180.651459
630784 192.168143
632832 198.240988
634880 128.673433
636928 133.079302
638976 128.477111
641024 115.631219
643072 114.210102
645120 111.848775
647168 109.461345
649216 108.298219
651264 86.977096
653312 73.839626
655360 77.111881
657408 80.118723
659456 89.244190
661504 75.165388
663552 74.610190
665600 75.843960
667648 92.572835
669696 94.514611
671744 76.899802
673792 79.826865
675840 109.435534
677888 92.423313
679936 107.397558
681984 99.400147
684032 148.706246
686080 77.471684
688128 106.922637
690176 113.036452
692224 78.983323
694272 120.775974
696320 119.852671
698368 136.874297
700416 136.333283
702464 147.860287
704512 119.302431
706560 112.552362
708608 128.790258
710656 116.237184
712704 100.486904
714752 116.233823
716800 141.033941
718848 153.077541
720896 139.667101
722944 166.824432
724992 143.013886
727040 127.464446
729088 138.207270
731136 101.981182
733184 140.405492
735232 131.891968
737280 141.185686
739328 141.630478
741376 115.532751
743424 165.706906
745472 141.447676
747520 142.979236
749568 114.249578
751616 145.956073
753664 125.249394
755712 177.958355
757760 149.580592
759808 109.078895
761856 123.323019
763904 123.847585
765952 187.843729
768000 162.168111
770048 128.640082
772096 202.687747
774144 178.620849
776192 126.747117
778240 114.722633
780288 113.310305
782336 88.401271
784384 86.960365
786432 112.960251
788480 114.889386
790528 89.125298
792576 142.426302
794624 90.405663
796672 128.298147
798720 129.382585
800768 102.851134
802816 104.066821
804864 132.127927
806912 133.982596
808960 132.343855
811008 131.764856
813056 115.865048
815104 131.074585
817152 91.372323
819200 91.254494
821248 97.394215
823296 191.918689
825344 169.071882
827392 129.244621
829440 112.965118
831488 128.602053
833536 159.232183
835584 142.329767
837632 133.069546
839680 91.026611
841728 114.518555
843776 92.438091
845824 84.655273
847872 101.145384
849920 87.194583
851968 84.679284
854016 84.492719
856064 82.501444
858112 81.350933
860160 86.559559
862208 87.348634
864256 86.108119
866304 82.202005
868352 106.630604
870400 91.084811
872448 88.243379
874496 87.553888
876544 89.686122
878592 118.004689
880640 116.943303
882688 103.339770
884736 137.732299
886784 142.056868
888832 104.502359
890880 115.580809
892928 93.956531
894976 98.924644
897024 128.920019
899072 111.494639
901120 101.734391
903168 96.519849
905216 132.527777
907264 173.714796
909312 167.588369
911360 147.672528
913408 136.983676
915456 155.566719
917504 131.223069
919552 105.860756
921600 115.332940
923648 111.236109
925696 116.616702
927744 116.817245
929792 120.398213
931840 129.387511
933888 145.278947
935936 133.025194
937984 149.066164
940032 140.231293
942080 150.890581
944128 171.337374
946176 176.011600
948224 178.488588
950272 190.241039
952320 190.751073
954368 192.369719
956416 181.841186
958464 191.827782
960512 199.888679
962560 195.325118
964608 191.356293
966656 184.265903
968704 195.924262
970752 190.363873
972800 186.045366
974848 187.304025
976896 188.296032
978944 192.010833
980992 190.891458
983040 192.192423
985088 187.158138
987136 183.194597
989184 190.714744
991232 188.046346
993280 192.671728
995328 189.603650
997376 185.313528
999424 185.447094
1001472 182.711757
1003520 176.045774
1005568 172.540322
1007616 169.691609
1009664 169.968144
1011712 171.116490
1013760 170.488552
1015808 169.451603
1017856 187.835619
1019904 180.120584
1021952 177.085595
1024000 174.127036
1026048 175.911651
1028096 175.647375
1030144 173.762172
1032192 170.228298
1034240 169.849080
1036288 174.091095
1038336 170.802212
1040384 168.899425
1042432 171.192458
1044480 170.007260
1046528 169.035178
1048576 166.020389
1050624 163.976280
1052672 163.976057
1054720 162.434735
1056768 164.031636
1058816 159.652042
1060864 162.463587
1062912 163.460150
1064960 162.179964
1067008 164.096072
1069056 165.651745
1071104 165.941491
1073152 162.472064
1075200 166.930578
1077248 166.357317
1079296 165.593966
1081344 161.002190
1083392 160.273700
1085440 155.517175
1087488 157.982723
1089536 159.841929
1091584 161.654508
1093632 158.930341
1095680 160.038533
1097728 159.081123
1099776 156.955169
1101824 192.216402
1103872 195.895902
1105920 201.296227
1107968 207.052951
1110016 186.787209
1112064 182.895796
1114112 200.524550
1116160 224.230251
1118208 229.011928
1120256 186.402741
1122304 204.241645
1124352 187.795736
1126400 189.570389
1128448 196.680025
1130496 190.191998
1132544 187.051461
1134592 187.231607
1136640 189.644548
1138688 219.967735
1140736 193.220581
1142784 184.732095
1144832 196.921831
1146880 186.368007
1148928 184.914753
1150976 185.743679
1153024 182.828404
1155072 182.696124
1157120 192.986475
1159168 186.667906
1161216 188.418259
1163264 198.689872
1165312 190.391398
1167360 204.281683
1169408 183.688650
1171456 192.897137
1173504 187.105359
1175552 186.885368
1177600 186.991216
1179648 185.578102
1181696 183.112731
1183744 184.069127
1185792 186.121966
1187840 181.662725
1189888 189.281374
1191936 186.284711
1193984 188.895624
1196032 184.491324
1198080 193.402916
1200128 197.793401
1202176 195.036867
1204224 203.326586
1206272 197.448748
1208320 223.275288
1210368 205.821928
1212416 231.119797
1214464 233.341498
1216512 239.489813
1218560 231.452273
1220608 232.708802
1222656 226.663681
1224704 230.552165
1226752 227.371611
1228800 219.214394
1230848 224.551304
1232896 226.439940
1234944 225.959574
1236992 238.522861
1239040 213.622964
1241088 224.443761
1243136 225.267533
1245184 216.181152
1247232 230.247922
1249280 236.005283
1251328 233.734066
1253376 235.135251
1255424 230.597654
1257472 230.413053
1259520 230.801624
1261568 235.726651
1263616 241.414373
1265664 234.628641
1267712 215.033740
1269760 228.723620
1271808 221.646110
1273856 212.246926
1275904 189.839077
1277952 220.655415
1280000 211.932488
1282048 202.558957
1284096 199.227974
1286144 193.149620
1288192 186.356424
1290240 192.612117
1292288 211.115570
1294336 207.577036
1296384 205.797332
1298432 193.735955
1300480 195.216113
1302528 186.160263
1304576 198.204393
1306624 194.722448
1308672 201.719959
1310720 212.717147
1312768 201.440581
1314816 203.268253
1316864 201.623482
1318912 205.160024
1320960 205.957559
1323008 205.201656
1325056 163.701452
1327104 121.073967
1329152 124.415709
1331200 122.771246
1333248 128.186747
1335296 129.057578
1337344 134.537658
1339392 135.307577
1341440 140.127540
1343488 134.791721
1345536 147.924553
1347584 144.789238
1349632 140.478921
1351680 132.850972
1353728 132.895521
1355776 138.239012
1357824 138.648799
1359872 126.563418
1361920 127.203410
1363968 130.831983
1366016 131.444378
1368064 130.348070
1370112 117.285167
1372160 117.412570
1374208 113.249999
1376256 120.563001
1378304 107.013684
1380352 144.057063
1382400 129.663451
1384448 139.299055
1386496 130.261933
1388544 129.708360
1390592 152.722764
1392640 141.444057
1394688 130.133764
1396736 160.359560
1398784 157.201608
1400832 165.146224
1402880 160.776016
1404928 164.135740
1406976 170.298560
1409024 171.459931
1411072 175.091130
1413120 175.161350
1415168 169.498249
1417216 170.331691
1419264 164.840294
1421312 158.638335
1423360 166.842676
1425408 164.974163
1427456 162.586566
1429504 160.415253
1431552 160.650968
1433600 159.325596
1435648 161.562836
1437696 164.382706
1439744 164.927493
1441792 170.339753
1443840 168.325299
1445888 171.815533
1447936 171.086099
1449984 169.862693
1452032 170.775438
1454080 167.582391
1456128 176.000418
1458176 169.389988
1460224 162.164381
1462272 165.293016
1464320 164.309036
1466368 164.608701
1468416 154.314924
1470464 141.233823
1472512 93.601510
1474560 192.108386
1476608 195.547130
1478656 190.114181
1480704 191.067218
1482752 188.877593
1484800 192.958333
1486848 192.710489
1488896 209.133267
1490944 188.157135
1492992 209.017573
1495040 194.023736
1497088 201.533019
1499136 196.648548
1501184 209.045347
1503232 199.987230
1505280 213.880655
1507328 194.088943
1509376 227.495678
1511424 239.336038
1513472 549.848375
1515520 513.820378
1517568 499.908040
1519616 542.938425
1521664 500.550492
1523712 685.912126
1525760 408.824198
1527808 276.240502
1529856 397.966604
1531904 437.934624
1533952 369.137772
1536000 512.048725
1538048 469.590367
1540096 392.642098
1542144 525.951903
1544192 746.732287
1546240 563.806029
1548288 606.739185
1550336 534.741726
1552384 461.715310
1554432 713.387087
1556480 660.756661
1558528 724.001277
1560576 616.653447
1562624 719.821882
1564672 695.873744
1566720 684.027455
1568768 670.663092
1570816 676.176313
1572864 456.048775
1574912 392.085310
1576960 313.810549
1579008 320.808345
1581056 149.342319
1583104 409.982668
1585152 310.980270
1587200 326.104265
1589248 401.344547
1591296 433.797145
1593344 418.613705
1595392 445.701916
1597440 330.945053
1599488 451.447457
1601536 414.112697
1603584 459.477478
1605632 453.435084
1607680 486.787833
1609728 134.582677
1611776 86.541161
1613824 86.478939
1615872 85.472769
1617920 85.792121
1619968 145.116422
1622016 205.553344
1624064 338.340763
1626112 406.380450
1628160 407.872989
1630208 224.783416
1632256 691.858300
1634304 644.762004
1636352 706.647972
1638400 541.547777
1640448 654.892777
1642496 599.476416
1644544 712.081664
1646592 471.253451
1648640 488.276013
1650688 495.366294
1652736 433.355634
1654784 664.884243
1656832 403.323222
1658880 403.003218
1660928 294.096281
1662976 291.618772
1665024 373.468037
1667072 366.067467
1669120 410.046142
1671168 411.954877
1673216 381.238921
1675264 401.818588
1677312 396.016634
1679360 425.490751
1681408 431.590020
1683456 395.670970
1685504 424.464114
1687552 399.720527
1689600 407.347430
1691648 409.734917
1693696 431.537777
1695744 396.215822
1697792 397.595320
1699840 394.365027
1701888 418.710387
1703936 400.996401
1705984 403.879535
1708032 399.748741
1710080 400.973230
1712128 401.698413
1714176 474.042877
1716224 419.056912
1718272 419.092142
1720320 455.335600
1722368 439.186603
1724416 419.466293
1726464 422.151945
1728512 398.416095
1730560 514.794400
1732608 457.823136
1734656 397.279530
1736704 400.376560
1738752 497.695218
1740800 421.256550
1742848 399.824890
1744896 402.161570
1746944 443.433835
1748992 395.301201
1751040 402.793148
1753088 405.779928
1755136 444.929218
1757184 407.943621
1759232 387.706657
1761280 280.325636
1763328 302.600663
1765376 360.998907
1767424 360.548480
1769472 344.819448
1771520 251.966570
1773568 246.688230
1775616 240.674098
1777664 243.514302
1779712 232.284940
1781760 217.397292
1783808 223.430116
1785856 212.725981
1787904 224.985883
1789952 238.973562
1792000 241.407035
1794048 233.716015
1796096 236.964027
1798144 202.003651
1800192 205.539157
1802240 214.476952
1804288 220.525964
1806336 215.352388
1808384 230.116837
1810432 249.108423
1812480 227.790901
1814528 229.580150
1816576 218.506019
1818624 257.751978
1820672 247.133090
1822720 252.119532
1824768 254.645491
1826816 246.227006
1828864 195.033537
1830912 321.598973
1832960 136.850986
1835008 103.024471
1837056 564.189598
1839104 448.873405
1841152 416.429126
1843200 442.157326
1845248 316.338324
1847296 345.512783
1849344 282.729323
1851392 281.836868
1853440 316.266131
1855488 315.844826
1857536 567.151597
1859584 581.255638
1861632 582.793256
1863680 591.900064
1865728 582.743086
1867776 576.105199
1869824 565.274369
1871872 600.308163
1873920 512.320036
1875968 553.145674
1878016 394.736099
1880064 280.815350
1882112 285.213471
1884160 692.598442
1886208 625.768986
1888256 601.267019
1890304 485.462070
1892352 594.814313
1894400 678.730712
1896448 544.831378
1898496 446.145797
1900544 325.053136
1902592 347.232617
1904640 323.404225
1906688 374.398235
1908736 482.901813
1910784 322.190406
1912832 693.747326
1914880 725.525537
1916928 714.810712
1918976 689.836383
1921024 634.882663
1923072 649.444639
1925120 836.633533
1927168 771.050625
1929216 658.769148
1931264 743.152922
1933312 718.239122
1935360 679.644891
1937408 809.803802
1939456 786.229959
1941504 810.734955
1943552 688.359064
1945600 762.190411
1947648 20.865232
1949696 18.611729
1951744 12.555492
1953792 5.802940
1955840 5.842942
1957888 5.725632
1959936 5.767092
1961984 5.761025
1964032 5.758050
1966080 5.716790
1968128 5.720782
1970176 5.702941
1972224 5.694433
1974272 5.681804
1976320 5.600578
1978368 5.662386
1980416 5.671830
1982464 5.719364
1984512 5.761946
1986560 5.674127
1988608 6.189687
1990656 6.700988
1992704 5.638741
1994752 5.931938
1996800 10.674257
1998848 7.666102
2000896 5.772541
