2048 34.627317
4096 73.457138
6144 94.949741
8192 108.787434
10240 103.765482
12288 170.017164
14336 113.333202
16384 186.046155
18432 186.881159
20480 166.923373
22528 156.332451
24576 190.568894
26624 139.491707
28672 182.076964
30720 194.225870
32768 159.040236
34816 185.020583
36864 211.918781
38912 216.610234
40960 232.058479
43008 261.368493
45056 259.212484
47104 271.366293
49152 310.014672
51200 175.429031
53248 151.947094
55296 139.215958
57344 112.070414
59392 217.258929
61440 152.303317
63488 182.913233
65536 150.656935
67584 196.067806
69632 203.858923
71680 167.992440
73728 270.555958
75776 325.994480
77824 145.059361
79872 205.381421
81920 194.765954
83968 191.502759
86016 135.664116
88064 157.820683
90112 464.790603
92160 467.581834
94208 319.177823
96256 547.304430
98304 275.494261
100352 213.265697
102400 257.713440
104448 188.375130
106496 111.234735
108544 108.632009
110592 160.802350
112640 132.770019
114688 124.894002
116736 139.164855
118784 117.462634
120832 93.021031
122880 114.417621
124928 182.303012
126976 207.155552
129024 128.252349
131072 86.667051
133120 97.103133
135168 121.219486
137216 159.858441
139264 139.852818
141312 88.861735
143360 101.597128
145408 98.763206
147456 95.882705
149504 93.237053
151552 83.582820
153600 145.279231
155648 119.476431
157696 134.758858
159744 170.249319
161792 127.248808
163840 174.375782
165888 120.657501
167936 138.317480
169984 120.343533
172032 123.175057
174080 102.078992
176128 93.516537
178176 96.125897
180224 100.644637
182272 95.105661
184320 86.578932
186368 85.759520
188416 88.360872
190464 101.239102
192512 98.761708
194560 100.608982
196608 102.674240
198656 93.252500
200704 100.857860
202752 112.514353
204800 104.616134
206848 101.004417
208896 113.208638
210944 141.855003
212992 154.699007
215040 128.838268
217088 123.485146
219136 124.608229
221184 146.409806
223232 162.203454
225280 167.698682
227328 162.651759
229376 148.812904
231424 153.401175
233472 144.337774
235520 132.652963
237568 146.058583
239616 163.147116
241664 150.336640
243712 141.911899
245760 149.408619
247808 147.501113
249856 142.284338
251904 132.812992
253952 150.892436
256000 141.543925
258048 140.533589
260096 140.348627
262144 154.143939
264192 155.841628
266240 154.850206
268288 140.829459
270336 156.429940
272384 154.221256
274432 151.742144
276480 156.484841
278528 153.259745
280576 151.921010
282624 147.671833
284672 147.505901
286720 145.431557
288768 142.155701
290816 142.543354
292864 146.748183
294912 150.893428
296960 151.812935
299008 153.111301
301056 148.891244
303104 172.776277
305152 160.664705
307200 287.523828
309248 220.153893
311296 135.465455
313344 309.466880
315392 133.257433
317440 127.898856
319488 126.764015
321536 127.777611
323584 128.621395
325632 138.150583
327680 127.768398
329728 133.851922
331776 127.757539
333824 134.011744
335872 126.714817
337920 130.111201
339968 128.905978
342016 134.068147
344064 129.639413
346112 249.466422
348160 123.442676
350208 133.810816
352256 664.409242
354304 124.226480
356352 644.452033
358400 511.680162
360448 521.905588
362496 257.788153
364544 405.801087
366592 479.312777
368640 725.427675
370688 847.836588
372736 749.322769
374784 345.960623
376832 132.492505
378880 226.155965
380928 104.843650
382976 553.464602
385024 319.192720
387072 435.552228
389120 636.237419
391168 774.149227
393216 851.260862
395264 679.218275
397312 973.846457
399360 328.132351
401408 351.315433
403456 558.559628
405504 372.729742
407552 566.027628
409600 386.715354
411648 315.210714
413696 502.293731
415744 531.912812
417792 484.998900
419840 467.463499
421888 654.259616
423936 307.572439
425984 495.176908
428032 527.484684
430080 498.640148
432128 591.970479
434176 496.405233
436224 607.248072
438272 371.890232
440320 469.707444
442368 425.529927
444416 472.471148
446464 730.198073
448512 473.482240
450560 656.936644
452608 397.886964
454656 794.787594
456704 293.061559
458752 464.974947
460800 492.943675
462848 364.879941
464896 424.059855
466944 608.814893
468992 432.764104
471040 603.592828
473088 675.391641
475136 514.809163
477184 554.647989
479232 702.620932
481280 481.287008
483328 715.986660
485376 524.530864
487424 663.697922
489472 451.189703
491520 595.109778
493568 726.266620
495616 967.167176
497664 869.114565
499712 998.359744
501760 1011.057213
503808 967.689614
505856 953.115317
507904 993.890068
509952 965.025969
512000 959.103835
514048 1007.049774
516096 963.875563
518144 1010.946212
520192 785.618579
522240 715.885708
524288 660.867207
526336 632.312346
528384 740.547918
530432 820.371934
532480 1011.196192
534528 1009.546423
536576 970.148146
538624 1011.322224
540672 1010.115354
542720 1009.749120
544768 952.878729
546816 835.134047
548864 764.295575
550912 906.158438
552960 944.760022
555008 1002.512761
557056 959.581050
559104 840.974377
561152 812.742726
563200 955.037808
565248 909.216533
567296 884.230155
569344 1018.283845
571392 948.825916
573440 768.142036
575488 808.985570
577536 812.729381
579584 685.258819
581632 779.066967
583680 800.526280
585728 667.646013
587776 913.419202
589824 828.663395
591872 878.127901
593920 925.116387
595968 973.002348
598016 904.179838
600064 962.849793
602112 1010.641294
604160 1010.139758
606208 1007.118331
608256 1001.605309
610304 1002.532233
612352 1007.922505
614400 1007.821210
616448 1007.398942
618496 1006.241996
620544 1005.634957
622592 1005.670191
624640 1005.050744
626688 1004.909495
628736 1005.085096
630784 1004.186454
632832 1004.595521
634880 1008.308622
636928 1007.981076
638976 1008.277843
641024 1008.457764
643072 1007.693271
645120 1007.703147
647168 1007.953141
649216 1007.613971
651264 1007.494553
653312 1006.984780
655360 1007.129644
657408 1006.790887
659456 1006.548965
661504 1007.357159
663552 1007.416216
665600 1007.077502
667648 1007.056227
669696 1006.312420
671744 1006.220363
673792 1006.656420
675840 1006.700547
677888 1006.333856
679936 1006.129331
681984 1006.447818
684032 1006.751906
686080 925.395409
688128 835.515811
690176 1006.979121
692224 653.341230
694272 991.578801
696320 918.155097
698368 673.430177
700416 630.635859
702464 650.100962
704512 833.514390
706560 151.148263
708608 347.246065
710656 559.005373
712704 472.799186
714752 312.292315
716800 196.538653
718848 166.663123
720896 121.696469
722944 128.432051
724992 85.894693
727040 109.479614
729088 140.423842
731136 80.662171
733184 82.660805
735232 89.229665
737280 147.778358
739328 155.778326
741376 101.899267
743424 248.258838
745472 83.631075
747520 353.274801
749568 179.175109
751616 382.589826
753664 239.889663
755712 70.953873
757760 64.106875
759808 72.532111
761856 250.560023
763904 231.505736
765952 83.723409
768000 140.636003
770048 140.283498
772096 223.630912
774144 292.693408
776192 418.400624
778240 356.717212
780288 577.263318
782336 523.918038
784384 461.731603
786432 418.391082
788480 661.255074
790528 278.488184
792576 172.849804
794624 1005.994239
796672 759.813121
798720 1005.262027
800768 1005.795586
802816 1005.116800
804864 1005.269524
806912 910.672520
808960 736.314303
811008 539.239446
813056 455.913447
815104 343.337334
817152 59.364283
819200 365.098075
821248 251.286594
823296 36.474968
825344 133.712470
827392 229.442086
829440 231.691385
831488 165.385844
833536 53.658958
835584 44.911481
837632 236.653346
839680 45.576337
841728 53.908697
843776 56.850085
845824 69.105153
847872 40.211937
849920 44.167159
851968 55.280909
854016 48.850020
856064 63.364598
858112 61.423102
860160 65.362476
862208 76.262935
864256 87.608952
866304 73.577407
868352 81.009441
870400 78.004915
872448 99.661951
874496 84.471077
876544 131.542174
878592 130.979535
880640 114.656364
882688 117.016929
884736 113.571740
886784 145.624066
888832 175.162204
890880 126.468844
892928 113.160677
894976 142.663872
897024 149.949310
899072 135.844837
901120 125.581280
903168 138.971717
905216 181.940340
907264 137.285026
909312 128.579422
911360 195.844458
913408 155.639738
915456 149.672722
917504 168.434997
919552 208.248214
921600 140.057996
923648 152.286158
925696 190.468620
927744 149.540945
929792 126.358166
931840 162.038624
933888 133.255959
935936 128.064225
937984 168.250504
940032 194.182015
942080 175.988380
944128 131.195378
946176 168.807157
948224 153.788161
950272 121.011095
952320 188.470535
954368 229.527031
956416 215.335088
958464 271.564787
960512 237.221868
962560 252.306099
964608 227.566848
966656 249.181173
968704 261.559933
970752 372.848242
972800 330.710458
974848 279.709027
976896 281.807056
978944 272.392444
980992 270.744292
983040 326.171096
985088 260.651115
987136 241.023108
989184 346.156166
991232 224.945756
993280 254.379541
995328 325.386485
997376 228.712245
999424 206.899697
1001472 278.996855
1003520 271.945350
1005568 205.139492
1007616 244.207542
1009664 219.208853
1011712 211.289895
1013760 246.144656
1015808 293.832796
1017856 214.499409
1019904 253.484394
1021952 314.765636
1024000 350.840755
1026048 220.182476
1028096 259.111548
1030144 294.251612
1032192 290.149502
1034240 201.856646
1036288 288.777004
1038336 244.509698
1040384 356.098840
1042432 247.569352
1044480 253.322287
1046528 295.078699
1048576 346.140318
1050624 273.051106
1052672 304.366377
1054720 294.656784
1056768 276.223053
1058816 321.626567
1060864 234.923908
1062912 257.195384
1064960 271.125139
1067008 345.936380
1069056 345.627415
1071104 355.926396
1073152 260.223690
1075200 251.089194
1077248 297.168085
1079296 186.920444
1081344 308.267087
1083392 318.310585
1085440 298.099430
1087488 365.702114
1089536 426.344588
1091584 287.495629
1093632 336.180196
1095680 253.187519
1097728 223.038957
1099776 287.661015
1101824 285.268870
1103872 271.697040
1105920 241.742230
1107968 244.691212
1110016 175.349317
1112064 273.583938
1114112 222.062257
1116160 264.982643
1118208 279.917079
1120256 217.028954
1122304 160.280935
1124352 184.273653
1126400 145.298958
1128448 176.403394
1130496 183.246875
1132544 168.486848
1134592 168.807220
1136640 157.550387
1138688 204.347128
1140736 178.833307
1142784 233.042911
1144832 225.378889
1146880 181.136138
1148928 149.574300
1150976 217.105352
1153024 197.055738
1155072 233.272090
1157120 227.615901
1159168 213.457198
1161216 289.837010
1163264 242.808555
1165312 218.168207
1167360 231.638096
1169408 290.189745
1171456 209.470196
1173504 223.417983
1175552 365.512622
1177600 252.953552
1179648 243.737016
1181696 256.755041
1183744 257.757064
1185792 252.728258
1187840 263.123802
1189888 328.519346
1191936 268.163237
1193984 183.567875
1196032 260.760604
1198080 192.944514
1200128 218.802739
1202176 232.027784
1204224 227.804177
1206272 280.650012
1208320 228.284083
1210368 268.518168
1212416 175.829822
1214464 217.736296
1216512 265.106814
1218560 235.751871
1220608 307.092685
1222656 239.470739
1224704 179.587803
1226752 348.189925
1228800 296.303455
1230848 219.125753
1232896 245.802568
1234944 288.714256
1236992 303.445840
1239040 413.142488
1241088 243.054408
1243136 293.267971
1245184 250.462353
1247232 274.556063
1249280 220.881488
1251328 280.087613
1253376 249.536002
1255424 229.689194
1257472 254.564195
1259520 293.147326
1261568 257.369081
1263616 294.383069
1265664 253.926405
1267712 222.593683
1269760 273.304894
1271808 266.942517
1273856 196.328380
1275904 181.303163
1277952 239.108488
1280000 173.177946
1282048 224.868218
1284096 230.392568
1286144 213.553907
1288192 227.056063
1290240 186.327884
1292288 209.446644
1294336 194.422634
1296384 227.464832
1298432 238.200703
1300480 234.888121
1302528 224.941281
1304576 242.845004
1306624 279.085463
1308672 398.044347
1310720 283.892023
1312768 289.590557
1314816 281.464611
1316864 315.451049
1318912 349.965826
1320960 341.228046
1323008 190.273037
1325056 321.398985
1327104 306.667422
1329152 287.710695
1331200 306.785887
1333248 347.958259
1335296 376.719715
1337344 299.885431
1339392 290.898517
1341440 248.840553
1343488 266.527676
1345536 260.807988
1347584 285.252745
1349632 282.191004
1351680 419.366662
1353728 325.603766
1355776 255.285611
1357824 287.382022
1359872 212.721195
1361920 305.247888
1363968 297.130285
1366016 222.164619
1368064 261.983535
1370112 357.642010
1372160 203.153431
1374208 234.620849
1376256 240.590222
1378304 285.650993
1380352 270.286570
1382400 253.771698
1384448 237.795931
1386496 188.847756
1388544 196.182466
1390592 176.799237
1392640 177.005735
1394688 160.805589
1396736 186.764220
1398784 207.033755
1400832 176.712386
1402880 298.814178
1404928 198.696375
1406976 172.928299
1409024 227.786942
1411072 171.601465
1413120 220.910483
1415168 236.231021
1417216 193.116218
1419264 193.810566
1421312 226.860425
1423360 270.632489
1425408 180.817833
1427456 289.870413
1429504 291.262440
1431552 227.599701
1433600 211.736451
1435648 221.830617
1437696 190.615818
1439744 271.465737
1441792 197.270111
1443840 208.834899
1445888 197.808456
1447936 243.580852
1449984 259.307039
1452032 289.331595
1454080 250.617411
1456128 195.441117
1458176 208.701548
1460224 201.955997
1462272 246.045944
1464320 254.670222
1466368 260.248263
1468416 316.428638
1470464 228.180801
1472512 239.506698
1474560 220.982377
1476608 298.272055
1478656 301.161447
1480704 373.844053
1482752 377.074299
1484800 252.269813
1486848 230.562867
1488896 326.473797
1490944 382.635147
1492992 361.401965
1495040 379.559859
1497088 289.128759
1499136 456.357612
1501184 309.094576
1503232 321.829722
1505280 408.555289
1507328 319.470632
1509376 221.913076
1511424 331.337862
1513472 300.320898
1515520 183.297622
1517568 287.086067
1519616 242.590661
1521664 223.119002
1523712 232.146283
1525760 239.352572
1527808 272.356146
1529856 261.904813
1531904 216.254648
1533952 274.380356
1536000 237.884942
1538048 214.922334
1540096 234.328357
1542144 144.310695
1544192 186.804496
1546240 200.445836
1548288 234.457472
1550336 265.413397
1552384 269.368728
1554432 206.982074
1556480 202.715399
1558528 146.437933
1560576 160.502407
1562624 300.050295
1564672 225.595094
1566720 212.736216
1568768 164.807661
1570816 195.238908
1572864 263.724179
1574912 165.106769
1576960 193.386324
1579008 168.211284
1581056 262.940649
1583104 249.608140
1585152 280.415169
1587200 247.810772
1589248 226.694628
1591296 257.225070
1593344 240.680886
1595392 219.388977
1597440 191.305291
1599488 161.254221
1601536 158.480388
1603584 131.817707
1605632 240.503935
1607680 192.023186
1609728 191.087814
1611776 132.466447
1613824 182.218324
1615872 190.491976
1617920 184.862098
1619968 182.063674
1622016 234.781365
1624064 207.028097
1626112 163.781168
1628160 181.736547
1630208 156.785963
1632256 178.902796
1634304 191.613246
1636352 156.933070
1638400 149.372194
1640448 187.432292
1642496 206.937123
1644544 238.115877
1646592 233.815080
1648640 183.268274
1650688 255.582219
1652736 219.650811
1654784 221.871084
1656832 165.644452
1658880 219.510952
1660928 293.236815
1662976 267.286548
1665024 364.426992
1667072 258.634023
1669120 251.395705
1671168 221.219263
1673216 177.815620
1675264 154.181257
1677312 139.266545
1679360 170.408315
1681408 220.269852
1683456 129.924979
1685504 225.445548
1687552 226.859059
1689600 170.825380
1691648 118.135259
1693696 181.376675
1695744 209.038346
1697792 134.613919
1699840 174.979831
1701888 135.760242
1703936 95.675075
1705984 123.239118
1708032 126.378297
1710080 111.606132
1712128 118.988398
1714176 137.371177
1716224 109.255368
1718272 115.524019
1720320 156.574099
1722368 145.968922
1724416 110.078663
1726464 136.071791
1728512 145.118658
1730560 129.307334
1732608 184.311320
1734656 156.091087
1736704 163.706283
1738752 189.467846
1740800 225.369115
1742848 176.222966
1744896 140.040707
1746944 243.077295
1748992 177.771751
1751040 174.360161
1753088 173.354649
1755136 140.736767
1757184 106.374445
1759232 150.665535
1761280 146.969028
1763328 169.774761
1765376 199.809551
1767424 136.849153
1769472 147.124920
1771520 122.732463
1773568 135.878359
1775616 189.015997
1777664 172.357022
1779712 153.019633
1781760 170.815216
1783808 130.762191
1785856 110.835794
1787904 162.389751
1789952 182.395265
1792000 153.986406
1794048 134.134615
1796096 163.081293
1798144 133.401605
1800192 192.852204
1802240 197.216784
1804288 172.226399
1806336 218.238512
1808384 183.385536
1810432 195.638128
1812480 142.777709
1814528 287.809256
1816576 181.273544
1818624 244.651312
1820672 211.212992
1822720 169.280658
1824768 212.062203
1826816 302.687755
1828864 294.345271
1830912 267.821860
1832960 261.104019
1835008 314.284726
1837056 190.070919
1839104 298.676939
1841152 344.863870
1843200 276.328350
1845248 215.560990
1847296 296.298920
1849344 312.042393
1851392 245.718357
1853440 203.817665
1855488 217.396106
1857536 242.506524
1859584 265.873710
1861632 228.274219
1863680 262.652609
1865728 199.404250
1867776 241.923501
1869824 233.738033
1871872 225.448970
1873920 200.496965
1875968 208.805425
1878016 187.597019
1880064 193.947418
1882112 172.115284
1884160 244.386685
1886208 229.762078
1888256 228.176991
1890304 179.036985
1892352 147.472613
1894400 222.559006
1896448 182.465027
1898496 245.259378
1900544 153.576407
1902592 182.672391
1904640 178.399854
1906688 205.492747
1908736 176.486712
1910784 226.101358
1912832 166.464143
1914880 244.429217
1916928 292.657205
1918976 210.360305
1921024 236.663536
1923072 240.682551
1925120 219.017845
1927168 388.334164
1929216 207.466025
1931264 200.578650
1933312 232.561391
1935360 246.875334
1937408 292.568517
1939456 312.437070
1941504 230.278937
1943552 282.788025
1945600 249.163235
1947648 299.701306
1949696 216.231452
1951744 271.231293
1953792 277.835045
1955840 239.650315
1957888 194.375987
1959936 174.732249
1961984 234.613459
1964032 235.767939
1966080 154.936255
1968128 187.698191
1970176 153.007798
1972224 157.139516
1974272 168.798208
1976320 204.970598
1978368 186.458726
1980416 192.460123
1982464 187.844736
1984512 206.246129
1986560 326.796382
1988608 214.010300
1990656 345.021811
1992704 219.211756
1994752 213.327134
1996800 308.545558
1998848 287.671559
2000896 201.125493
