2048 12.508940
4096 74.748278
6144 89.129651
8192 91.926182
10240 115.806086
12288 134.601032
14336 194.865470
16384 191.871269
18432 210.586008
20480 205.893403
22528 214.874169
24576 209.178101
26624 214.883574
28672 214.858176
30720 215.054662
32768 213.327866
34816 216.721081
36864 222.469602
38912 227.069006
40960 216.053759
43008 222.172644
45056 214.953622
47104 230.409200
49152 233.919410
51200 247.582732
53248 236.472670
55296 247.693108
57344 277.929042
59392 289.973369
61440 297.732546
63488 306.677830
65536 312.849760
67584 309.410029
69632 321.035973
71680 337.583408
73728 338.920718
75776 320.794007
77824 319.234228
79872 297.744571
81920 215.066581
83968 283.778369
86016 286.282879
88064 159.453771
90112 94.933865
92160 128.594887
94208 265.363292
96256 304.509818
98304 369.383716
100352 377.070261
102400 268.064497
104448 243.505071
106496 269.814852
108544 130.533000
110592 58.774218
112640 201.048168
114688 308.739020
116736 238.589649
118784 324.094561
120832 245.729037
122880 406.569799
124928 397.865019
126976 371.683485
129024 319.678245
131072 336.278610
133120 396.990043
135168 381.669113
137216 363.874530
139264 509.258611
141312 489.873935
143360 363.529038
145408 369.335078
147456 367.762207
149504 154.533411
151552 422.204522
153600 381.650533
155648 382.736213
157696 523.784848
159744 522.632961
161792 506.347833
163840 479.908344
165888 547.618243
167936 456.751576
169984 350.092396
172032 363.944711
174080 452.265432
176128 354.717928
178176 462.502048
180224 215.288823
182272 558.781762
184320 510.914697
186368 558.714215
188416 453.944038
190464 552.117344
192512 459.934915
194560 412.125136
196608 505.312327
198656 523.434863
200704 526.557737
202752 164.702828
204800 458.729932
206848 523.227608
208896 464.567575
210944 472.478354
212992 557.846561
215040 443.766677
217088 404.778137
219136 121.712477
221184 419.059936
223232 522.654145
225280 530.542603
227328 661.151069
229376 519.631956
231424 402.908098
233472 559.674283
235520 253.352899
237568 327.852682
239616 367.571719
241664 400.881780
243712 340.842600
245760 693.495986
247808 723.099505
249856 741.704906
251904 724.121698
253952 676.157121
256000 697.390867
258048 756.722164
260096 568.763081
262144 510.949524
264192 798.003127
266240 835.008393
268288 829.245612
270336 807.473864
272384 783.861090
274432 781.886769
276480 809.978231
278528 847.466396
280576 828.162582
282624 821.130034
284672 863.564881
286720 893.409967
288768 889.496996
290816 978.077075
292864 887.706735
294912 904.321822
296960 982.522737
299008 995.160118
301056 1007.626115
303104 1142.531257
305152 1259.145199
307200 255.070494
309248 640.072749
311296 882.115539
313344 985.537305
315392 1305.782729
317440 665.570275
319488 1230.399493
321536 1392.390818
323584 1407.367429
325632 1228.783145
327680 937.054012
329728 1368.702692
331776 1312.255355
333824 1161.301889
335872 1157.756455
337920 595.786142
339968 607.713789
342016 440.246398
344064 217.005915
346112 207.928671
348160 220.763359
350208 206.239915
352256 204.570272
354304 207.160116
356352 418.478479
358400 201.182208
360448 198.513357
362496 190.966797
364544 406.108490
366592 203.718729
368640 198.159713
370688 208.706620
372736 203.002491
374784 196.896150
376832 170.580035
378880 141.919866
380928 180.101699
382976 186.692923
385024 188.335208
387072 200.872105
389120 212.715034
391168 228.649314
393216 192.487604
395264 195.661571
397312 190.236704
399360 137.192362
401408 209.433808
403456 132.449666
405504 200.667410
407552 624.870029
409600 145.084943
411648 206.723482
413696 202.252664
415744 233.305834
417792 463.726003
419840 238.929821
421888 672.673764
423936 665.501197
425984 627.052478
428032 448.438155
430080 211.920864
432128 857.831164
434176 1687.219024
436224 664.017591
438272 648.172647
440320 866.848328
442368 1713.119729
444416 1463.425712
446464 1889.455679
448512 1641.209708
450560 626.591680
452608 1007.782069
454656 1000.152002
456704 1366.571964
458752 210.429253
460800 222.092711
462848 253.961468
464896 202.938529
466944 181.802812
468992 199.064215
471040 147.564805
473088 169.728208
475136 120.189594
477184 103.045389
479232 163.676938
481280 755.248948
483328 162.812737
485376 164.802005
487424 165.025950
489472 293.407541
491520 170.413567
493568 526.231322
495616 163.659563
497664 162.147852
499712 165.045020
501760 170.643683
503808 170.062574
505856 173.157994
507904 178.124918
509952 312.909831
512000 322.448784
514048 166.595681
516096 163.860753
518144 161.567079
520192 157.275947
522240 153.564766
524288 153.352141
526336 143.531264
528384 142.197872
530432 143.083117
532480 147.832781
534528 149.010175
536576 150.891917
538624 145.646272
540672 180.257703
542720 204.168530
544768 147.443413
546816 153.938851
548864 157.855029
550912 221.715675
552960 273.882274
555008 178.744247
557056 353.321761
559104 534.791799
561152 799.905163
563200 677.472889
565248 775.206163
567296 855.581246
569344 1036.381572
571392 1022.997980
573440 782.065713
575488 574.429323
577536 991.767385
579584 716.486817
581632 1269.744151
583680 1264.251548
585728 1191.728172
587776 1250.362355
589824 1317.173696
591872 1288.772997
593920 953.966947
595968 926.612068
598016 970.245222
600064 1043.869455
602112 1237.172770
604160 1073.596130
606208 677.609404
608256 584.468819
610304 933.584579
612352 681.271551
614400 351.480210
616448 364.599926
618496 310.355451
620544 545.306360
622592 595.960218
624640 815.011142
626688 605.399207
628736 567.572090
630784 1005.281335
632832 1279.406694
634880 1108.815645
636928 941.523377
638976 893.758859
641024 691.820337
643072 645.213965
645120 889.503713
647168 756.450231
649216 541.220326
651264 788.983901
653312 778.232843
655360 777.832314
657408 1024.930773
659456 804.756166
661504 988.662160
663552 685.828231
665600 781.844903
667648 688.726401
669696 617.255523
671744 578.026576
673792 665.652545
675840 521.650107
677888 487.330659
679936 483.002751
681984 657.606829
684032 589.093833
686080 493.676699
688128 462.467782
690176 539.528887
692224 472.499645
694272 440.504256
696320 422.668221
698368 657.715008
700416 617.194137
702464 587.987590
704512 604.529689
706560 506.259652
708608 541.799787
710656 399.082667
712704 542.448000
714752 416.827555
716800 552.734495
718848 580.442136
720896 659.234107
722944 798.026618
724992 662.570058
727040 530.759666
729088 597.834421
731136 611.018551
733184 654.288158
735232 537.644065
737280 640.442939
739328 928.055439
741376 958.060705
743424 1060.595998
745472 1079.254577
747520 1071.767975
749568 993.221572
751616 1118.391747
753664 1158.790102
755712 1176.784188
757760 1122.967276
759808 1019.867105
761856 1020.622554
763904 1018.702461
765952 929.561170
768000 1019.854380
770048 1018.428159
772096 921.582592
774144 1017.583764
776192 1018.532429
778240 1019.523189
780288 928.837749
782336 1018.603443
784384 1019.563886
786432 1018.573894
788480 1018.900189
790528 1018.714611
792576 923.721706
794624 737.332417
796672 1018.368473
798720 1017.935017
800768 1019.057356
802816 1019.778179
804864 1020.358322
806912 990.329141
808960 1021.411006
811008 1021.128453
813056 1029.299772
815104 1021.476740
817152 985.297235
819200 918.594647
821248 1018.956922
823296 974.107055
825344 977.614688
827392 939.925398
829440 903.703738
831488 749.179025
833536 800.672674
835584 772.720813
837632 723.717797
839680 1202.979110
841728 1136.578114
843776 1089.550337
845824 1153.386592
847872 1143.284154
849920 1086.236438
851968 1037.076716
854016 1053.360693
856064 1042.097109
858112 1074.200371
860160 1065.481871
862208 1069.745664
864256 1119.451011
866304 1075.542883
868352 1061.458771
870400 1078.581409
872448 1026.782220
874496 1033.696894
876544 1038.680781
878592 1057.362056
880640 1059.344797
882688 1023.344151
884736 1024.105250
886784 1046.998928
888832 1077.616711
890880 1081.102697
892928 1143.371727
894976 1092.474372
897024 1108.739119
899072 1081.168084
901120 1037.811488
903168 1109.083912
905216 1199.305896
907264 1204.233880
909312 1218.637748
911360 1215.027673
913408 1211.810875
915456 1204.279669
917504 1206.931638
919552 1197.846168
921600 1202.014474
923648 1198.186676
925696 1191.672536
927744 1190.908005
929792 1182.018898
931840 1190.500639
933888 1107.409269
935936 1171.522347
937984 1167.817936
940032 956.777741
942080 1158.228911
944128 1151.671938
946176 1169.412691
948224 1163.891443
950272 1167.938704
952320 1163.995264
954368 1123.407210
956416 1156.687652
958464 1154.931499
960512 930.670182
962560 1138.505029
964608 1145.247784
966656 1128.716500
968704 1115.198062
970752 1124.770019
972800 1145.584032
974848 1135.266844
976896 1058.390771
978944 1114.121152
980992 951.785715
983040 1093.667896
985088 910.119773
987136 1006.792932
989184 931.356918
991232 1065.214250
993280 156.869869
995328 149.678627
997376 158.307569
999424 188.468498
1001472 191.130709
1003520 124.609960
1005568 132.566049
1007616 90.500468
1009664 129.417253
1011712 80.421733
1013760 115.233958
1015808 119.225294
1017856 125.296243
1019904 137.254333
1021952 99.244411
1024000 87.352604
1026048 94.274625
1028096 85.590806
1030144 103.048188
1032192 73.526488
1034240 185.293101
1036288 176.770146
1038336 494.183759
1040384 189.535761
1042432 434.769457
1044480 258.725329
1046528 553.621936
1048576 224.162631
1050624 522.131784
1052672 537.305859
1054720 456.184717
1056768 272.153544
1058816 104.822537
1060864 245.008189
1062912 208.070142
1064960 71.021090
1067008 57.850725
1069056 272.107812
1071104 416.796074
1073152 227.433246
1075200 202.573608
1077248 268.029190
1079296 240.842299
1081344 450.420822
1083392 464.753091
1085440 258.171517
1087488 405.930187
1089536 272.590376
1091584 177.146138
1093632 236.747276
1095680 289.785083
1097728 249.747200
1099776 227.506929
1101824 231.950418
1103872 312.241351
1105920 617.660686
1107968 386.573302
1110016 359.477160
1112064 241.038546
1114112 200.215040
1116160 128.073279
1118208 131.577844
1120256 137.089397
1122304 96.043313
1124352 120.674210
1126400 179.097319
1128448 221.165427
1130496 156.821599
1132544 328.847093
1134592 198.325767
1136640 181.749346
1138688 166.225523
1140736 155.777120
1142784 228.869938
1144832 341.062637
1146880 272.378185
1148928 260.637523
1150976 316.744374
1153024 315.729920
1155072 227.869195
1157120 193.033423
1159168 190.546043
1161216 210.097746
1163264 215.549452
1165312 183.435402
1167360 179.250886
1169408 204.558981
1171456 151.542541
1173504 280.941579
1175552 290.646627
1177600 283.477693
1179648 178.269037
1181696 175.391529
1183744 163.649819
1185792 137.386585
1187840 135.237065
1189888 153.399516
1191936 144.905006
1193984 146.844619
1196032 141.055001
1198080 134.518331
1200128 223.174852
1202176 175.074907
1204224 316.415966
1206272 357.757882
1208320 354.425573
1210368 370.340999
1212416 556.855186
1214464 305.573425
1216512 219.969567
1218560 332.305395
1220608 731.492604
1222656 503.871483
1224704 258.095658
1226752 169.851631
1228800 188.545019
1230848 218.749070
1232896 160.690792
1234944 161.651057
1236992 154.166307
1239040 130.198227
1241088 128.742911
1243136 153.297862
1245184 132.638438
1247232 129.856277
1249280 174.764738
1251328 159.177403
1253376 200.694248
1255424 189.672569
1257472 1082.255175
1259520 1364.449868
1261568 1347.403343
1263616 1293.974515
1265664 1087.588298
1267712 1274.378927
1269760 617.869749
1271808 272.825970
1273856 268.093718
1275904 252.947503
1277952 254.155409
1280000 263.648494
1282048 240.673679
1284096 272.767636
1286144 264.011043
1288192 243.611350
1290240 230.571092
1292288 252.103638
1294336 278.243646
1296384 425.749228
1298432 745.573366
1300480 444.176689
1302528 694.847502
1304576 267.571862
1306624 344.018207
1308672 350.378606
1310720 369.487591
1312768 501.344066
1314816 409.918253
1316864 350.263074
1318912 297.871426
1320960 450.104664
1323008 321.539871
1325056 600.201471
1327104 491.472983
1329152 699.901294
1331200 215.403068
1333248 178.018301
1335296 165.362995
1337344 186.330896
1339392 130.186604
1341440 177.060197
1343488 165.199281
1345536 136.246318
1347584 150.555456
1349632 165.188574
1351680 131.946482
1353728 124.475097
1355776 137.225276
1357824 161.224541
1359872 131.386376
1361920 119.103889
1363968 151.675231
1366016 136.692243
1368064 152.822044
1370112 120.951396
1372160 139.906118
1374208 163.044549
1376256 193.947341
1378304 128.693889
1380352 129.406508
1382400 137.493249
1384448 149.501686
1386496 141.526667
1388544 144.289938
1390592 157.565617
1392640 135.303300
1394688 138.747720
1396736 148.388922
1398784 137.268885
1400832 123.778499
1402880 162.221918
1404928 128.342379
1406976 125.413415
1409024 138.988935
1411072 127.153562
1413120 151.687546
1415168 132.181876
1417216 149.561504
1419264 116.676756
1421312 121.303985
1423360 137.871766
1425408 158.984341
1427456 125.048311
1429504 155.396610
1431552 124.238548
1433600 124.022862
1435648 114.935230
1437696 107.045797
1439744 116.765365
1441792 107.600351
1443840 138.190065
1445888 90.098171
1447936 109.267925
1449984 107.409926
1452032 110.497327
1454080 115.232196
1456128 115.790498
1458176 117.434788
1460224 105.178929
1462272 128.800473
1464320 98.271688
1466368 90.980275
1468416 87.948630
1470464 95.673242
1472512 113.169590
1474560 111.588828
1476608 94.714059
1478656 91.339387
1480704 97.948399
1482752 90.291353
1484800 94.512156
1486848 76.103221
1488896 108.418720
1490944 98.151908
1492992 98.308830
1495040 95.317974
1497088 100.005842
1499136 78.909862
1501184 109.593389
1503232 93.678143
1505280 95.911988
1507328 123.080733
1509376 121.175102
1511424 112.104380
1513472 127.199138
1515520 109.264305
1517568 124.195314
1519616 110.333055
1521664 112.167583
1523712 107.533008
1525760 121.419363
1527808 127.980492
1529856 126.459765
1531904 102.296922
1533952 126.278294
1536000 119.139207
1538048 129.795372
1540096 124.391369
1542144 115.856653
1544192 119.109912
1546240 135.310341
1548288 121.419298
1550336 130.663749
1552384 122.600502
1554432 127.594553
1556480 119.136214
1558528 127.014152
1560576 138.948866
1562624 113.021267
1564672 115.737560
1566720 120.659039
1568768 118.812421
1570816 120.113487
1572864 120.896197
1574912 125.792390
1576960 127.667111
1579008 120.251026
1581056 122.295682
1583104 125.636848
1585152 120.800826
1587200 119.871065
1589248 125.746976
1591296 127.219225
1593344 128.603619
1595392 122.232459
1597440 121.508933
1599488 130.696789
1601536 133.513474
1603584 124.609192
1605632 122.047693
1607680 110.746071
1609728 116.179621
1611776 114.398632
1613824 108.390225
1615872 115.074116
1617920 118.125366
1619968 114.187273
1622016 118.102553
1624064 110.723337
1626112 116.429726
1628160 124.589463
1630208 110.898503
1632256 108.436727
1634304 102.825887
1636352 116.919912
1638400 104.462147
1640448 117.315226
1642496 108.732375
1644544 107.471597
1646592 114.200642
1648640 121.774958
1650688 119.509160
1652736 110.154901
1654784 96.364453
1656832 107.991468
1658880 109.560767
1660928 112.000143
1662976 109.080492
1665024 116.102204
1667072 108.381292
1669120 116.199494
1671168 130.891689
1673216 104.687024
1675264 125.392081
1677312 114.348872
1679360 104.152675
1681408 118.267113
1683456 113.060224
1685504 126.067745
1687552 125.362316
1689600 94.860849
1691648 103.524633
1693696 122.777178
1695744 112.916858
1697792 102.391007
1699840 101.953727
1701888 105.234172
1703936 106.893871
1705984 95.746618
1708032 90.439444
1710080 92.814162
1712128 85.407677
1714176 98.564047
1716224 95.856855
1718272 87.621672
1720320 81.238341
1722368 83.443358
1724416 78.682625
1726464 81.713121
1728512 81.229199
1730560 81.717795
1732608 86.921016
1734656 92.136412
1736704 83.197776
1738752 82.355278
1740800 87.776734
1742848 83.199854
1744896 82.989830
1746944 87.231419
1748992 79.815697
1751040 76.518126
1753088 81.470797
1755136 75.363368
1757184 83.680953
1759232 82.979269
1761280 77.077610
1763328 77.412542
1765376 80.868557
1767424 75.517545
1769472 69.624944
1771520 71.103939
1773568 73.213533
1775616 78.501606
1777664 67.352756
1779712 72.700493
1781760 84.914295
1783808 73.919107
1785856 77.118440
1787904 77.569731
1789952 72.218849
1792000 67.757301
1794048 68.519198
1796096 74.146278
1798144 76.052591
1800192 72.020028
1802240 67.841116
1804288 72.073755
1806336 72.977609
1808384 71.856132
1810432 71.274613
1812480 68.213881
1814528 67.646812
1816576 71.262963
1818624 68.781532
1820672 68.379269
1822720 68.223320
1824768 68.428678
1826816 71.907451
1828864 67.790310
1830912 66.947248
1832960 68.185599
1835008 66.519982
1837056 68.254730
1839104 67.417600
1841152 68.292907
1843200 71.160470
1845248 68.338558
1847296 67.292691
1849344 66.878357
1851392 65.848546
1853440 65.793852
1855488 67.196234
1857536 66.794172
1859584 66.642166
1861632 66.965360
1863680 67.390407
1865728 67.275414
1867776 66.683780
1869824 67.011094
1871872 66.361566
1873920 66.828640
1875968 66.402611
1878016 65.143814
1880064 65.663506
1882112 65.977676
1884160 65.160108
1886208 65.441784
1888256 65.739380
1890304 66.089231
1892352 64.846676
1894400 64.657653
1896448 65.393985
1898496 65.424082
1900544 65.456815
1902592 65.442107
1904640 65.894121
1906688 65.894578
1908736 67.103098
1910784 66.725271
1912832 67.170360
1914880 66.750644
1916928 65.983735
1918976 65.581158
1921024 65.554689
1923072 65.180935
1925120 64.826711
1927168 64.973527
1929216 64.950556
1931264 67.117390
1933312 67.093932
1935360 66.589498
1937408 68.259374
1939456 66.615831
1941504 66.334406
1943552 65.641354
1945600 65.604571
1947648 65.958056
1949696 65.561997
1951744 66.343387
1953792 66.756158
1955840 66.455748
1957888 67.453512
1959936 67.152166
1961984 68.236106
1964032 68.250138
1966080 67.992204
1968128 68.446917
1970176 68.923266
1972224 69.129249
1974272 68.956146
1976320 68.423549
1978368 68.293356
1980416 68.742409
1982464 68.961530
1984512 68.725975
1986560 68.208907
1988608 67.761987
1990656 66.276417
1992704 66.658269
1994752 66.447781
1996800 66.539412
1998848 66.702605
2000896 66.848114
