2048 37.498447
4096 72.296085
6144 92.521077
8192 71.600258
10240 127.215303
12288 115.640176
14336 180.598885
16384 155.474101
18432 188.928006
20480 193.248704
22528 196.030332
24576 187.019815
26624 187.041220
28672 189.818055
30720 195.840811
32768 191.123155
34816 184.722903
36864 178.462989
38912 153.923489
40960 186.224426
43008 213.144947
45056 184.334984
47104 192.264281
49152 218.027798
51200 225.511285
53248 254.468399
55296 276.399177
57344 292.592277
59392 319.453267
61440 327.075793
63488 326.353622
65536 338.042519
67584 336.800544
69632 334.642126
71680 323.367651
73728 333.345356
75776 329.115260
77824 344.580048
79872 345.837513
81920 360.094231
83968 363.246483
86016 345.453855
88064 385.665432
90112 378.607431
92160 386.391453
94208 377.310819
96256 389.659635
98304 394.439366
100352 417.306747
102400 465.624047
104448 422.486706
106496 450.145131
108544 489.987658
110592 499.221252
112640 539.521223
114688 547.879949
116736 552.361871
118784 547.330979
120832 551.810859
122880 534.995054
124928 540.077433
126976 546.632713
129024 551.909107
131072 563.788820
133120 558.983276
135168 541.844880
137216 561.733099
139264 571.459015
141312 546.593136
143360 537.467334
145408 546.538489
147456 569.010036
149504 540.323658
151552 551.261243
153600 555.687195
155648 581.121521
157696 552.887619
159744 545.313627
161792 538.542444
163840 554.141285
165888 550.400924
167936 569.244225
169984 580.377114
172032 577.794454
174080 567.433006
176128 575.574703
178176 572.683503
180224 566.990446
182272 556.822644
184320 590.930305
186368 582.821594
188416 607.421846
190464 581.802796
192512 604.333241
194560 596.261706
196608 602.440056
198656 616.223540
200704 602.694406
202752 610.787853
204800 608.487882
206848 631.652850
208896 629.086633
210944 644.625611
212992 630.157588
215040 602.360883
217088 647.070076
219136 640.276878
221184 651.570388
223232 637.101865
225280 648.699828
227328 625.235411
229376 660.920971
231424 619.209394
233472 646.727994
235520 624.787017
237568 610.990007
239616 627.280801
241664 616.923691
243712 625.481397
245760 600.913125
247808 622.028963
249856 612.906980
251904 647.259097
253952 660.844256
256000 660.529974
258048 629.016976
260096 558.008461
262144 543.716107
264192 567.157722
266240 632.526279
268288 605.447861
270336 518.565895
272384 533.811811
274432 559.604394
276480 591.376854
278528 580.922185
280576 607.297980
282624 586.528219
284672 565.009629
286720 595.652977
288768 574.138632
290816 576.079462
292864 550.876813
294912 610.135751
296960 588.178589
299008 579.724644
301056 556.728875
303104 621.643894
305152 624.347489
307200 607.435105
309248 627.688836
311296 496.829336
313344 559.908984
315392 583.603491
317440 633.107215
319488 584.591873
321536 550.610272
323584 586.030716
325632 554.336917
327680 532.098555
329728 619.310211
331776 530.446130
333824 573.184358
335872 660.406435
337920 665.310708
339968 612.854478
342016 592.581531
344064 625.420441
346112 596.014740
348160 599.174712
350208 597.315777
352256 606.942038
354304 605.449771
356352 604.838194
358400 583.529896
360448 595.085082
362496 602.304609
364544 563.424686
366592 562.806445
368640 598.542001
370688 626.777572
372736 597.345443
374784 584.356735
376832 645.130520
378880 614.975278
380928 614.791761
382976 638.012830
385024 653.733999
387072 680.228219
389120 635.604667
391168 661.023519
393216 644.849252
395264 613.348514
397312 622.797644
399360 594.417750
401408 590.593621
403456 655.039684
405504 640.669730
407552 558.077679
409600 637.551014
411648 592.135089
413696 599.907323
415744 605.337880
417792 606.409938
419840 603.178596
421888 565.649318
423936 584.797660
425984 592.241948
428032 603.591986
430080 598.691250
432128 620.620785
434176 572.158566
436224 486.911365
438272 491.471797
440320 438.203056
442368 541.150065
444416 504.262211
446464 617.463805
448512 605.571877
450560 542.214379
452608 515.651459
454656 494.423382
456704 492.904508
458752 499.963027
460800 450.869970
462848 498.613354
464896 445.646490
466944 487.232447
468992 496.304288
471040 507.633109
473088 485.545837
475136 560.503138
477184 603.280346
479232 533.824423
481280 524.492018
483328 620.864198
485376 580.334435
487424 589.971867
489472 592.606929
491520 615.739147
493568 596.482031
495616 650.581010
497664 627.000454
499712 606.177242
501760 501.290356
503808 507.715861
505856 550.179843
507904 479.540246
509952 581.549927
512000 538.124646
514048 422.792503
516096 248.739017
518144 226.464246
520192 301.186864
522240 216.379423
524288 221.874910
526336 223.701002
528384 223.512797
530432 228.740862
532480 226.742036
534528 271.957518
536576 253.522422
538624 266.392141
540672 226.376729
542720 226.472812
544768 227.017467
546816 226.009581
548864 227.156985
550912 293.050385
552960 225.686177
555008 226.436641
557056 226.027569
559104 225.598072
561152 228.013548
563200 228.451817
565248 228.029760
567296 224.161534
569344 223.281874
571392 223.957998
573440 262.651899
575488 226.699997
577536 224.308849
579584 226.232195
581632 265.980033
583680 226.943945
585728 226.202626
587776 227.319433
589824 253.658528
591872 232.213714
593920 232.813596
595968 232.739516
598016 230.028333
600064 231.785314
602112 299.824919
604160 295.326046
606208 263.243324
608256 372.331436
610304 338.356878
612352 297.637518
614400 306.891362
616448 229.092699
618496 293.275144
620544 264.521206
622592 414.396690
624640 357.045800
626688 483.905094
628736 474.088246
630784 369.401201
632832 424.837686
634880 468.905591
636928 372.956477
638976 517.835344
641024 402.602238
643072 508.234239
645120 548.585536
647168 489.590102
649216 498.054361
651264 423.808490
653312 498.589180
655360 435.438814
657408 485.048835
659456 468.402611
661504 461.582408
663552 431.563584
665600 441.856754
667648 477.784154
669696 488.927603
671744 459.390336
673792 397.712797
675840 495.764344
677888 434.232554
679936 441.148881
681984 463.334667
684032 417.459475
686080 323.020602
688128 374.892221
690176 351.800692
692224 386.818498
694272 403.089370
696320 333.177812
698368 418.444954
700416 382.516355
702464 472.408384
704512 432.981651
706560 419.065040
708608 356.101922
710656 383.168713
712704 379.820877
714752 441.490802
716800 442.866559
718848 445.913679
720896 399.246350
722944 382.264202
724992 443.814523
727040 421.906795
729088 415.509421
731136 429.612635
733184 435.143167
735232 403.645763
737280 421.813259
739328 429.275416
741376 438.492077
743424 312.739903
745472 267.029290
747520 244.297623
749568 218.758834
751616 264.492130
753664 288.555641
755712 218.283098
757760 219.003529
759808 220.885294
761856 244.561575
763904 221.186959
765952 221.020560
768000 219.512041
770048 222.541583
772096 244.644343
774144 244.068714
776192 224.353729
778240 224.064692
780288 225.573814
782336 225.404578
784384 226.991406
786432 224.239179
788480 223.011487
790528 247.820005
792576 271.983429
794624 269.595432
796672 223.392614
798720 299.527694
800768 221.847986
802816 221.796747
804864 246.743337
806912 222.258535
808960 224.117866
811008 224.900048
813056 223.832265
815104 248.118549
817152 223.654787
819200 224.299816
821248 223.198127
823296 224.634330
825344 224.636727
827392 225.078183
829440 224.841135
831488 222.681051
833536 222.015684
835584 245.856337
837632 268.481019
839680 285.475213
841728 292.765629
843776 314.993122
845824 267.705251
847872 316.663391
849920 315.626404
851968 364.355313
854016 340.015116
856064 286.365624
858112 295.526165
860160 243.413901
862208 316.759133
864256 406.108056
866304 377.235314
868352 483.395339
870400 411.623948
872448 422.285490
874496 383.320051
876544 395.188205
878592 420.608179
880640 448.342868
882688 484.534580
884736 503.018442
886784 466.958256
888832 467.504988
890880 507.324944
892928 602.200954
894976 606.850365
897024 644.878183
899072 626.791761
901120 702.056917
903168 698.362389
905216 693.999334
907264 687.628465
909312 649.914165
911360 660.691738
913408 681.312637
915456 658.172441
917504 642.793300
919552 631.497751
921600 667.548739
923648 614.415373
925696 649.841474
927744 760.770566
929792 746.819122
931840 782.986767
933888 727.488831
935936 729.943655
937984 735.384580
940032 769.433230
942080 754.516888
944128 776.282377
946176 743.213960
948224 754.928772
950272 755.628438
952320 762.264547
954368 795.279045
956416 763.742099
958464 778.235633
960512 729.689378
962560 731.936807
964608 695.255322
966656 690.137198
968704 705.410167
970752 836.591842
972800 774.045472
974848 417.057754
976896 565.818242
978944 188.589628
980992 218.993922
983040 350.277525
985088 364.372240
987136 357.817759
989184 362.993477
991232 368.210331
993280 359.362144
995328 364.570540
997376 353.215553
999424 370.658019
1001472 367.403259
1003520 365.597305
1005568 363.352442
1007616 365.513721
1009664 364.315759
1011712 366.710307
1013760 362.803085
1015808 361.712273
1017856 366.340688
1019904 372.404240
1021952 374.508047
1024000 373.478814
1026048 370.557445
1028096 368.774664
1030144 368.937141
1032192 372.696986
1034240 374.202006
1036288 373.182403
1038336 369.101448
1040384 370.301600
1042432 370.243449
1044480 369.451569
1046528 369.364755
1048576 365.670920
1050624 367.536899
1052672 365.368835
1054720 374.009204
1056768 369.747115
1058816 371.720198
1060864 369.431738
1062912 370.512287
1064960 366.017524
1067008 372.740527
1069056 370.329455
1071104 371.483063
1073152 377.828394
1075200 372.525101
1077248 374.996897
1079296 371.794602
1081344 379.542748
1083392 375.303623
1085440 375.862127
1087488 374.639717
1089536 380.274384
1091584 388.909440
1093632 373.249191
1095680 410.992705
1097728 396.991479
1099776 412.975614
1101824 431.069939
1103872 421.337312
1105920 430.338619
1107968 434.353183
1110016 423.742681
1112064 451.964511
1114112 451.764207
1116160 453.800096
1118208 456.787507
1120256 457.917025
1122304 458.959111
1124352 455.750028
1126400 458.915038
1128448 455.727234
1130496 458.024419
1132544 452.449100
1134592 475.225911
1136640 452.588449
1138688 456.852217
1140736 450.471634
1142784 460.566558
1144832 476.833534
1146880 457.224529
1148928 447.000567
1150976 456.902522
1153024 459.316775
1155072 484.924184
1157120 459.316240
1159168 475.876638
1161216 469.480768
1163264 467.489504
1165312 455.258869
1167360 428.785682
1169408 433.329732
1171456 464.930858
1173504 467.188932
1175552 465.826296
1177600 467.110930
1179648 465.034069
1181696 470.651037
1183744 470.899381
1185792 470.585255
1187840 471.333008
1189888 471.607539
1191936 471.692771
1193984 471.363639
1196032 473.773751
1198080 468.992854
1200128 473.344259
1202176 473.945917
1204224 473.843631
1206272 462.976605
1208320 465.059502
1210368 468.184060
1212416 468.968946
1214464 452.641549
1216512 431.261038
1218560 434.410676
1220608 471.477395
1222656 458.643587
1224704 471.306184
1226752 470.175701
1228800 469.399449
1230848 469.345995
1232896 470.776607
1234944 467.634960
1236992 431.591871
1239040 436.027693
1241088 452.893802
1243136 457.541966
1245184 419.055325
1247232 414.367498
1249280 410.973150
1251328 414.181134
1253376 423.380345
1255424 535.935293
1257472 458.893362
1259520 458.979527
1261568 459.178927
1263616 466.375417
1265664 440.989353
1267712 427.884262
1269760 453.865984
1271808 460.620665
1273856 463.455092
1275904 422.902537
1277952 424.294963
1280000 423.659155
1282048 440.672087
1284096 421.811246
1286144 412.275721
1288192 419.531102
1290240 409.730407
1292288 427.260177
1294336 433.659624
1296384 425.881896
1298432 426.106190
1300480 420.764809
1302528 448.762071
1304576 442.546964
1306624 426.928528
1308672 440.464601
1310720 418.108242
1312768 467.588173
1314816 327.475551
1316864 399.617794
1318912 392.034583
1320960 409.607044
1323008 402.796240
1325056 398.198339
1327104 389.686495
1329152 391.632040
1331200 394.127599
1333248 363.949649
1335296 379.758071
1337344 419.774958
1339392 410.724549
1341440 398.776577
1343488 409.474467
1345536 391.593946
1347584 404.064613
1349632 396.149501
1351680 444.852173
1353728 406.679935
1355776 421.971254
1357824 403.797968
1359872 396.870981
1361920 414.208544
1363968 397.143501
1366016 396.894297
1368064 374.771248
1370112 353.472463
1372160 367.966772
1374208 386.832755
1376256 391.798416
1378304 404.940658
1380352 393.472249
1382400 398.001887
1384448 403.210845
1386496 392.668534
1388544 400.968034
1390592 465.665006
1392640 433.074777
1394688 450.484573
1396736 458.075194
1398784 459.683107
1400832 429.520459
1402880 446.943756
1404928 429.155062
1406976 426.131425
1409024 434.156879
1411072 444.575859
1413120 442.182085
1415168 467.565961
1417216 417.406105
1419264 455.914858
1421312 461.884057
1423360 380.487838
1425408 434.278511
1427456 316.501786
1429504 255.711184
1431552 265.787077
1433600 290.637343
1435648 301.057297
1437696 292.544208
1439744 328.678021
1441792 391.138706
1443840 356.295134
1445888 321.239944
1447936 386.571280
1449984 280.312677
1452032 355.453332
1454080 353.678272
1456128 372.657445
1458176 391.499778
1460224 384.384144
1462272 364.259925
1464320 406.054910
1466368 419.037499
1468416 451.524797
1470464 406.297284
1472512 386.464341
1474560 391.560020
1476608 409.741097
1478656 410.679095
1480704 393.061632
1482752 406.735161
1484800 421.666950
1486848 423.920040
1488896 404.831055
1490944 430.535333
1492992 439.824088
1495040 429.462842
1497088 400.604268
1499136 440.874330
1501184 417.064876
1503232 396.372379
1505280 407.228318
1507328 391.401094
1509376 422.439955
1511424 399.216344
1513472 408.825999
1515520 389.553225
1517568 400.803263
1519616 381.249518
1521664 377.369866
1523712 386.597591
1525760 404.022621
1527808 366.096989
1529856 394.817411
1531904 401.323986
1533952 412.888267
1536000 395.865498
1538048 411.758522
1540096 401.534380
1542144 413.296709
1544192 395.012416
1546240 402.135263
1548288 397.580466
1550336 389.494975
1552384 402.191065
1554432 408.655793
1556480 444.723862
1558528 433.076670
1560576 420.907622
1562624 419.169750
1564672 423.424441
1566720 395.127275
1568768 396.192493
1570816 443.685041
1572864 464.860096
1574912 502.369318
1576960 458.421482
1579008 461.421891
1581056 431.250230
1583104 406.050329
1585152 396.754744
1587200 395.392250
1589248 396.058140
1591296 425.999551
1593344 438.248997
1595392 423.573039
1597440 405.439080
1599488 383.708117
1601536 383.306760
1603584 389.362486
1605632 387.676947
1607680 397.486649
1609728 400.692952
1611776 400.328104
1613824 386.869063
1615872 407.880667
1617920 408.731238
1619968 419.029304
1622016 418.174147
1624064 404.327288
1626112 432.222971
1628160 434.841357
1630208 421.780621
1632256 420.854616
1634304 460.182028
1636352 466.098542
1638400 458.731717
1640448 474.620387
1642496 470.992924
1644544 460.374388
1646592 476.697373
1648640 473.223955
1650688 472.871297
1652736 474.244519
1654784 480.923823
1656832 474.364163
1658880 477.453402
1660928 572.076811
1662976 541.920090
1665024 552.376223
1667072 550.274935
1669120 565.762599
1671168 563.299518
1673216 607.060826
1675264 619.340450
1677312 579.250285
1679360 693.835875
1681408 670.619807
1683456 670.847743
1685504 671.298360
1687552 677.066378
1689600 674.481908
1691648 656.209147
1693696 671.712884
1695744 667.254357
1697792 669.189846
1699840 706.086265
1701888 672.092424
1703936 675.195610
1705984 650.560743
1708032 654.598346
1710080 676.171554
1712128 663.378517
1714176 667.368671
1716224 672.253840
1718272 693.601999
1720320 669.631361
1722368 631.073364
1724416 617.194565
1726464 629.651998
1728512 643.789339
1730560 654.684230
1732608 576.667134
1734656 647.740768
1736704 537.035965
1738752 665.370167
1740800 592.728555
1742848 570.634856
1744896 634.440983
1746944 502.393954
1748992 535.734355
1751040 612.649909
1753088 603.878978
1755136 677.687556
1757184 708.090781
1759232 647.444665
1761280 532.880636
1763328 515.919916
1765376 679.720921
1767424 456.267295
1769472 584.578462
1771520 305.212265
1773568 355.299133
1775616 376.792683
1777664 456.783269
1779712 434.403288
1781760 399.243147
1783808 321.590016
1785856 257.646623
1787904 258.159282
1789952 337.395052
1792000 272.336308
1794048 215.344292
1796096 214.977689
1798144 258.852596
1800192 211.104068
1802240 242.046585
1804288 251.805584
1806336 212.995062
1808384 209.973493
1810432 241.110987
1812480 242.509206
1814528 267.226831
1816576 215.668744
1818624 216.333345
1820672 349.517768
1822720 214.342005
1824768 214.903820
1826816 213.622623
1828864 215.439464
1830912 214.565969
1832960 215.223542
1835008 213.353517
1837056 210.990565
1839104 209.003412
1841152 208.768828
1843200 270.479344
1845248 212.840028
1847296 213.860248
1849344 214.064647
1851392 214.681817
1853440 215.330263
1855488 215.845530
1857536 215.758197
1859584 216.356319
1861632 217.010626
1863680 217.310569
1865728 217.803143
1867776 218.227535
1869824 218.017223
1871872 216.541080
1873920 215.310970
1875968 213.250484
1878016 214.482937
1880064 213.871002
1882112 213.378331
1884160 213.850811
1886208 214.695700
1888256 215.093482
1890304 215.300467
1892352 217.062658
1894400 218.145505
1896448 216.837514
1898496 217.684101
1900544 216.679093
1902592 217.598373
1904640 215.372547
1906688 215.633488
1908736 215.754711
1910784 216.319706
1912832 214.545158
1914880 213.181303
1916928 219.846118
1918976 220.778739
1921024 223.753875
1923072 207.541216
1925120 219.645377
1927168 225.981215
1929216 226.787795
1931264 233.357823
1933312 230.346334
1935360 221.823606
1937408 212.290010
1939456 211.621595
1941504 218.357380
1943552 216.325577
1945600 214.470096
1947648 219.031824
1949696 221.490699
1951744 220.522724
1953792 220.867376
1955840 223.568703
1957888 226.363912
1959936 221.860761
1961984 225.023057
1964032 229.015662
1966080 224.795694
1968128 226.374615
1970176 226.472746
1972224 227.961584
1974272 226.636569
1976320 266.276850
1978368 224.985778
1980416 225.268947
1982464 264.597228
1984512 225.397716
1986560 307.481561
1988608 224.524934
1990656 302.853710
1992704 265.108492
1994752 226.534263
1996800 223.299191
1998848 224.319691
2000896 223.884125
