2048 26.736287
4096 85.216951
6144 102.167080
8192 102.725900
10240 119.709352
12288 152.593707
14336 148.349348
16384 173.430973
18432 195.629780
20480 203.876602
22528 204.964220
24576 213.497402
26624 189.304990
28672 213.320104
30720 210.757840
32768 187.006407
34816 225.974914
36864 219.423452
38912 184.583593
40960 153.607911
43008 194.671985
45056 226.621445
47104 237.472206
49152 228.912300
51200 251.968316
53248 211.532563
55296 229.745315
57344 235.511425
59392 265.568451
61440 299.327443
63488 312.139439
65536 343.548956
67584 369.004569
69632 374.198676
71680 379.713814
73728 382.487358
75776 347.442510
77824 352.191805
79872 385.773115
81920 387.311921
83968 375.439824
86016 374.175353
88064 390.522589
90112 393.578943
92160 389.860738
94208 359.317708
96256 365.078618
98304 369.134708
100352 375.505038
102400 295.662824
104448 229.751587
106496 328.832270
108544 252.348601
110592 239.708090
112640 220.364258
114688 138.455540
116736 257.858433
118784 341.998913
120832 230.693519
122880 394.791334
124928 429.387940
126976 549.426790
129024 498.659977
131072 499.190412
133120 507.234564
135168 281.122332
137216 238.796241
139264 376.477225
141312 323.696264
143360 213.386962
145408 69.699461
147456 53.958489
149504 54.080722
151552 71.688731
153600 84.911050
155648 142.214387
157696 51.857470
159744 54.627287
161792 50.829269
163840 121.456940
165888 120.768361
167936 196.509345
169984 221.636160
172032 167.328057
174080 397.858546
176128 233.165718
178176 128.632319
180224 185.227741
182272 73.919905
184320 53.926956
186368 116.590994
188416 57.618534
190464 172.693816
192512 251.011985
194560 172.523554
196608 60.420188
198656 74.693530
200704 171.474026
202752 156.858641
204800 183.544451
206848 209.720398
208896 219.923917
210944 76.668969
212992 90.105781
215040 150.020599
217088 232.172186
219136 298.079944
221184 249.297886
223232 453.412187
225280 412.745488
227328 338.930565
229376 411.906841
231424 686.704625
233472 635.817319
235520 518.005030
237568 473.338541
239616 370.272285
241664 439.674848
243712 265.603242
245760 650.332923
247808 322.639709
249856 216.993616
251904 582.936890
253952 457.139142
256000 542.972259
258048 604.459958
260096 473.113773
262144 683.191970
264192 537.310542
266240 721.442859
268288 603.671362
270336 691.934943
272384 667.342466
274432 844.265942
276480 825.614968
278528 836.772495
280576 779.579510
282624 734.542090
284672 739.165999
286720 870.632796
288768 817.270136
290816 1116.362868
292864 1070.142213
294912 1045.914521
296960 900.154328
299008 993.648421
301056 862.823187
303104 559.331932
305152 679.839116
307200 565.585742
309248 772.013843
311296 882.044640
313344 924.539021
315392 461.796512
317440 498.858112
319488 731.756586
321536 637.851341
323584 577.946593
325632 457.329965
327680 548.304142
329728 621.815868
331776 968.436694
333824 813.964406
335872 924.446721
337920 1097.088848
339968 657.265214
342016 772.869555
344064 787.244779
346112 467.662172
348160 713.774485
350208 267.826351
352256 248.539151
354304 405.554552
356352 271.247226
358400 331.936165
360448 722.182307
362496 883.283571
364544 225.964043
366592 223.899041
368640 671.099614
370688 354.370129
372736 585.447217
374784 900.638312
376832 937.263505
378880 767.481026
380928 439.091350
382976 1012.723613
385024 782.932733
387072 799.521802
389120 1124.854829
391168 975.085516
393216 303.029221
395264 418.353420
397312 1088.568673
399360 1158.808786
401408 967.189195
403456 1223.425538
405504 727.715703
407552 848.097949
409600 735.311499
411648 922.102230
413696 1185.330430
415744 1204.471853
417792 1198.764498
419840 1016.552714
421888 1047.036120
423936 681.640152
425984 1377.524454
428032 1046.263113
430080 1182.942901
432128 534.632492
434176 466.355039
436224 1011.262460
438272 448.551524
440320 778.264119
442368 544.384583
444416 626.909114
446464 849.889761
448512 1124.839618
450560 924.773379
452608 1136.684785
454656 1009.926754
456704 1001.941617
458752 652.997608
460800 574.086004
462848 853.228580
464896 847.831747
466944 1125.943835
468992 632.386209
471040 371.693478
473088 265.103555
475136 222.404803
477184 502.344610
479232 363.517291
481280 514.600381
483328 512.130629
485376 730.234380
487424 208.676544
489472 504.324535
491520 204.314495
493568 177.436032
495616 119.959739
497664 308.513986
499712 144.098994
501760 134.840307
503808 204.883161
505856 265.511053
507904 963.861633
509952 715.354811
512000 1476.027726
514048 752.441729
516096 266.617359
518144 318.613087
520192 248.708149
522240 267.299957
524288 223.233559
526336 181.348615
528384 172.351600
530432 457.972073
532480 169.454802
534528 248.364709
536576 628.391066
538624 192.330284
540672 815.870510
542720 949.605645
544768 627.470629
546816 812.163005
548864 634.302291
550912 1013.179697
552960 924.434924
555008 424.131835
557056 341.830054
559104 183.565797
561152 166.955519
563200 177.141655
565248 173.260038
567296 193.411023
569344 175.037797
571392 173.731228
573440 175.661209
575488 188.079936
577536 347.192911
579584 177.125025
581632 164.979260
583680 188.084253
585728 192.740884
587776 191.685837
589824 187.702981
591872 1482.247802
593920 711.881452
595968 521.471523
598016 630.550291
600064 747.764967
602112 1153.004298
604160 1306.436685
606208 1720.503116
608256 153.354305
610304 270.297070
612352 1374.849085
614400 243.907212
616448 698.563255
618496 707.123924
620544 1477.424557
622592 301.197697
624640 156.841930
626688 314.430040
628736 453.311481
630784 154.550935
632832 150.249833
634880 152.329905
636928 368.636478
638976 138.255609
641024 144.520412
643072 148.129921
645120 145.344148
647168 144.336895
649216 144.297191
651264 143.497637
653312 141.762298
655360 143.060842
657408 143.825179
659456 139.450045
661504 146.888878
663552 147.280552
665600 148.558665
667648 148.421504
669696 151.207226
671744 152.642103
673792 153.452382
675840 151.049706
677888 151.427411
679936 151.850669
681984 150.391033
684032 150.366483
686080 151.013768
688128 149.961597
690176 148.865797
692224 146.691189
694272 147.624417
696320 150.865493
698368 152.847291
700416 151.289656
702464 150.875286
704512 151.295642
706560 150.417513
708608 149.931138
710656 150.042246
712704 150.574431
714752 149.745485
716800 149.050619
718848 147.996679
720896 150.039474
722944 147.930238
724992 149.738498
727040 148.977424
729088 145.687592
731136 145.089672
733184 150.070998
735232 149.917860
737280 149.268603
739328 149.293449
741376 149.656165
743424 150.527023
745472 149.092441
747520 150.890835
749568 148.271830
751616 146.032850
753664 151.337275
755712 152.222786
757760 146.887260
759808 146.384111
761856 144.786419
763904 141.465466
765952 145.017998
768000 142.015756
770048 143.190694
772096 143.246431
774144 140.702095
776192 142.806606
778240 145.391361
780288 147.883100
782336 147.092279
784384 145.905848
786432 148.264184
788480 148.816654
790528 150.750369
792576 150.918912
794624 154.835354
796672 155.396035
798720 156.756306
800768 154.655664
802816 157.308967
804864 154.176764
806912 156.276420
808960 154.385688
811008 188.851555
813056 188.211159
815104 155.673390
817152 155.815046
819200 150.302568
821248 152.959503
823296 154.803461
825344 150.193246
827392 145.116184
829440 145.056641
831488 145.055474
833536 145.324876
835584 143.709421
837632 145.534785
839680 143.103491
841728 142.393854
843776 140.897312
845824 141.574081
847872 143.940890
849920 142.511134
851968 142.958201
854016 138.409840
856064 135.774413
858112 139.549319
860160 137.673818
862208 143.637867
864256 145.913258
866304 145.236837
868352 146.487605
870400 145.307186
872448 142.726288
874496 142.496898
876544 145.625259
878592 145.388982
880640 142.101049
882688 142.115315
884736 142.843712
886784 143.171242
888832 142.261354
890880 141.083849
892928 142.442742
894976 145.460215
897024 145.585919
899072 147.393684
901120 147.037861
903168 144.362072
905216 145.185150
907264 147.139439
909312 147.283165
911360 148.836626
913408 146.753271
915456 143.802600
917504 146.386749
919552 145.292656
921600 146.330974
923648 145.031637
925696 143.038136
927744 145.567675
929792 142.974382
931840 145.051277
933888 143.950922
935936 140.902756
937984 141.322198
940032 144.733719
942080 145.833522
944128 144.368044
946176 146.930288
948224 145.316334
950272 147.846606
952320 163.876073
954368 145.865074
956416 143.140258
958464 147.247490
960512 146.995898
962560 147.399832
964608 146.608365
966656 148.041726
968704 146.511751
970752 145.313579
972800 145.593563
974848 145.280748
976896 142.604281
978944 146.102800
980992 144.031528
983040 145.522040
985088 146.143830
987136 146.174217
989184 144.889860
991232 146.248538
993280 144.403151
995328 144.330793
997376 144.490063
999424 142.829776
1001472 145.540599
1003520 146.991074
1005568 147.206672
1007616 147.321535
1009664 148.299703
1011712 145.994026
1013760 144.079103
1015808 144.725792
1017856 142.895931
1019904 142.393344
1021952 143.190111
1024000 148.484948
1026048 145.994202
1028096 145.673935
1030144 144.407926
1032192 160.101655
1034240 147.117224
1036288 147.190457
1038336 146.909583
1040384 147.717129
1042432 145.529738
1044480 145.844350
1046528 145.208176
1048576 145.115040
1050624 144.336419
1052672 146.292038
1054720 144.245953
1056768 145.183133
1058816 161.812280
1060864 147.689223
1062912 146.512270
1064960 145.464647
1067008 146.740553
1069056 145.572515
1071104 146.816665
1073152 163.195867
1075200 148.101128
1077248 211.593510
1079296 226.921884
1081344 291.018386
1083392 249.898428
1085440 151.014619
1087488 152.660868
1089536 153.389050
1091584 185.371884
1093632 244.788179
1095680 248.592892
1097728 259.880581
1099776 262.349955
1101824 188.762053
1103872 256.028260
1105920 165.078682
1107968 144.379335
1110016 416.889437
1112064 146.260036
1114112 149.357376
1116160 148.252222
1118208 164.080234
1120256 150.115326
1122304 147.008090
1124352 395.272769
1126400 147.873192
1128448 398.722054
1130496 147.842116
1132544 151.306533
1134592 471.972144
1136640 149.269484
1138688 152.758330
1140736 340.314451
1142784 335.525841
1144832 187.872235
1146880 491.939633
1148928 194.130578
1150976 150.770813
1153024 150.921020
1155072 147.658619
1157120 148.845744
1159168 151.139043
1161216 150.033747
1163264 152.567013
1165312 164.684843
1167360 143.648571
1169408 141.974239
1171456 142.884134
1173504 288.153962
1175552 251.082866
1177600 311.082111
1179648 376.319861
1181696 422.617940
1183744 443.523480
1185792 434.623134
1187840 417.833814
1189888 461.423858
1191936 408.683745
1193984 272.917183
1196032 270.838087
1198080 264.003562
1200128 244.094002
1202176 240.790191
1204224 239.185192
1206272 243.098937
1208320 237.149362
1210368 238.917858
1212416 234.317843
1214464 236.477378
1216512 221.201679
1218560 240.324342
1220608 247.125320
1222656 226.586813
1224704 242.484120
1226752 231.514422
1228800 208.329025
1230848 157.207017
1232896 134.946423
1234944 134.337873
1236992 132.551866
1239040 133.009690
1241088 132.203091
1243136 129.209594
1245184 130.403179
1247232 129.485888
1249280 129.784334
1251328 130.672687
1253376 130.673845
1255424 131.166495
1257472 140.958905
1259520 143.473283
1261568 170.605286
1263616 175.721905
1265664 163.019455
1267712 181.109015
1269760 185.377882
1271808 173.846495
1273856 181.226459
1275904 171.850785
1277952 167.916513
1280000 189.997884
1282048 203.022202
1284096 195.560826
1286144 202.555227
1288192 189.288751
1290240 194.577581
1292288 191.193840
1294336 182.553015
1296384 197.436262
1298432 204.658722
1300480 190.761606
1302528 263.465223
1304576 198.306898
1306624 196.013801
1308672 211.479330
1310720 218.557360
1312768 229.169571
1314816 211.470988
1316864 280.272656
1318912 261.413163
1320960 294.779496
1323008 577.586779
1325056 300.899808
1327104 472.341096
1329152 263.520301
1331200 281.958259
1333248 239.612220
1335296 259.020372
1337344 336.853814
1339392 271.264138
1341440 472.182503
1343488 228.249747
1345536 290.704322
1347584 321.151713
1349632 513.217240
1351680 487.111253
1353728 397.394404
1355776 887.741268
1357824 761.271839
1359872 310.353099
1361920 372.112604
1363968 499.142321
1366016 844.351631
1368064 352.676159
1370112 407.286650
1372160 426.955786
1374208 667.240978
1376256 563.058864
1378304 392.219127
1380352 262.709539
1382400 510.630051
1384448 551.361797
1386496 246.842167
1388544 358.933175
1390592 326.302986
1392640 466.423571
1394688 602.172027
1396736 583.188718
1398784 368.998231
1400832 593.309820
1402880 512.499513
1404928 674.847850
1406976 421.452946
1409024 298.682105
1411072 411.562311
1413120 635.696781
1415168 748.107930
1417216 544.674246
1419264 272.260246
1421312 214.954045
1423360 218.299873
1425408 573.929962
1427456 1093.355818
1429504 221.824350
1431552 641.124305
1433600 1255.542737
1435648 328.400970
1437696 1215.032094
1439744 1076.285778
1441792 960.909881
1443840 461.506829
1445888 483.712383
1447936 497.757741
1449984 399.690869
1452032 507.504935
1454080 731.292435
1456128 1071.193568
1458176 629.042695
1460224 447.594628
1462272 583.288411
1464320 1281.077513
1466368 1277.712686
1468416 1106.312994
1470464 1798.729473
1472512 1161.755709
1474560 1284.621350
1476608 1516.296766
1478656 1844.991764
1480704 1666.277783
1482752 1411.036972
1484800 1396.598885
1486848 1434.018755
1488896 1396.423820
1490944 1643.159281
1492992 1237.577893
1495040 1628.099083
1497088 2070.010115
1499136 1772.931863
1501184 2039.689882
1503232 1630.697164
1505280 1505.276980
1507328 1680.201020
1509376 1551.046212
1511424 1852.297901
1513472 1628.924759
1515520 1500.149442
1517568 1207.160026
1519616 1419.358138
1521664 1363.138133
1523712 1321.209483
1525760 1168.948704
1527808 1572.382373
1529856 1228.838055
1531904 1568.486355
1533952 1438.991975
1536000 1154.836033
1538048 1351.209084
1540096 1077.604198
1542144 1091.805609
1544192 1142.549223
1546240 998.677676
1548288 1572.741953
1550336 1352.057141
1552384 1237.776615
1554432 1345.363999
1556480 895.297715
1558528 1405.047397
1560576 1052.413336
1562624 997.473815
1564672 911.003352
1566720 873.959846
1568768 1282.229846
1570816 415.222908
1572864 843.973480
1574912 413.596611
1576960 266.838216
1579008 330.577401
1581056 471.353043
1583104 383.200077
1585152 264.704181
1587200 261.055107
1589248 659.424079
1591296 557.519275
1593344 604.477461
1595392 836.967677
1597440 796.367169
1599488 777.375318
1601536 652.499045
1603584 597.844481
1605632 1012.558675
1607680 930.101298
1609728 1170.325952
1611776 1318.651392
1613824 1251.406310
1615872 1472.106318
1617920 1274.434581
1619968 1436.413028
1622016 1510.811037
1624064 1564.672520
1626112 1545.428408
1628160 1568.605149
1630208 1564.597871
1632256 1355.741460
1634304 1310.907105
1636352 1570.861079
1638400 1201.897786
1640448 1262.235936
1642496 1362.282435
1644544 1527.109277
1646592 1550.782154
1648640 1229.416142
1650688 1558.227402
1652736 1390.810508
1654784 1504.382868
1656832 1500.129266
1658880 1545.046082
1660928 1505.015577
1662976 1555.506681
1665024 1467.296637
1667072 1401.376279
1669120 1346.969203
1671168 1406.553639
1673216 1499.254595
1675264 1560.254880
1677312 1474.404557
1679360 1142.999953
1681408 1079.606585
1683456 878.055281
1685504 548.451810
1687552 1092.095058
1689600 930.268741
1691648 1301.443783
1693696 1280.174861
1695744 856.596158
1697792 1108.019975
1699840 1244.934292
1701888 1211.527183
1703936 923.918090
1705984 946.028356
1708032 982.440186
1710080 1314.613675
1712128 1218.453061
1714176 1009.047497
1716224 1130.264654
1718272 898.141140
1720320 469.422953
1722368 650.757152
1724416 769.735974
1726464 376.450097
1728512 169.458081
1730560 654.125019
1732608 476.750319
1734656 515.091722
1736704 124.953452
1738752 332.284223
1740800 123.432691
1742848 138.197205
1744896 168.789255
1746944 116.281690
1748992 234.471605
1751040 129.583383
1753088 136.692779
1755136 142.276851
1757184 147.522832
1759232 150.690048
1761280 145.463802
1763328 187.182064
1765376 167.784808
1767424 220.862659
1769472 146.230246
1771520 154.231497
1773568 319.324624
1775616 143.507291
1777664 166.977713
1779712 180.958995
1781760 203.340362
1783808 279.315926
1785856 206.712253
1787904 250.091374
1789952 672.857141
1792000 473.921297
1794048 472.734355
1796096 467.944239
1798144 377.391982
1800192 492.120107
1802240 467.441793
1804288 502.390758
1806336 1100.880331
1808384 1057.326954
1810432 584.130943
1812480 961.241461
1814528 1007.833026
1816576 690.417193
1818624 324.156871
1820672 330.357335
1822720 517.523771
1824768 659.278016
1826816 273.139085
1828864 661.652229
1830912 660.840257
1832960 226.704503
1835008 99.423427
1837056 269.600070
1839104 302.341466
1841152 215.498700
1843200 114.238687
1845248 136.756831
1847296 69.390718
1849344 32.844994
1851392 169.203706
1853440 448.057249
1855488 421.033010
1857536 320.791195
1859584 287.270018
1861632 323.125682
1863680 551.285782
1865728 582.231072
1867776 347.956630
1869824 796.715368
1871872 611.477210
1873920 600.001923
1875968 609.414242
1878016 572.890735
1880064 555.538158
1882112 693.835514
1884160 784.077946
1886208 886.435180
1888256 812.294935
1890304 488.674651
1892352 752.823530
1894400 845.360032
1896448 487.247465
1898496 363.128092
1900544 550.003902
1902592 569.604946
1904640 429.705455
1906688 747.103473
1908736 430.426257
1910784 487.005729
1912832 371.478874
1914880 559.096854
1916928 467.013493
1918976 491.956595
1921024 360.523605
1923072 379.113369
1925120 779.463543
1927168 484.523449
1929216 551.814141
1931264 383.985810
1933312 727.287374
1935360 641.866484
1937408 748.940687
1939456 921.012024
1941504 994.457757
1943552 1112.837884
1945600 784.840316
1947648 754.528364
1949696 1044.773735
1951744 533.736413
1953792 565.379373
1955840 311.341777
1957888 372.826128
1959936 770.339051
1961984 794.265942
1964032 585.187948
1966080 651.266267
1968128 704.753568
1970176 762.960744
1972224 866.504501
1974272 767.349402
1976320 1038.004228
1978368 1000.827666
1980416 764.455855
1982464 1202.569672
1984512 1200.563116
1986560 1101.621853
1988608 1215.374856
1990656 1013.096635
1992704 1138.227083
1994752 1227.413420
1996800 1229.833637
1998848 1220.275867
2000896 1226.715663
