2048 36.023828
4096 71.257605
6144 99.132086
8192 94.452516
10240 133.537713
12288 146.349032
14336 187.343471
16384 213.673028
18432 203.238287
20480 200.835885
22528 202.580519
24576 203.170727
26624 206.857071
28672 196.643099
30720 215.068437
32768 211.328329
34816 207.455723
36864 195.151959
38912 235.450138
40960 238.596746
43008 243.046294
45056 246.953232
47104 280.273061
49152 299.714174
51200 297.642712
53248 316.443292
55296 325.855718
57344 340.411291
59392 357.766491
61440 345.289804
63488 353.805681
65536 360.158542
67584 362.046260
69632 368.852675
71680 374.910526
73728 357.905143
75776 373.617013
77824 384.404235
79872 382.387449
81920 396.218263
83968 410.811558
86016 410.901413
88064 442.362290
90112 418.861135
92160 453.940807
94208 480.514900
96256 471.140808
98304 469.904133
100352 480.658380
102400 460.659923
104448 484.542242
106496 523.376359
108544 480.236736
110592 543.483248
112640 536.638529
114688 506.905319
116736 555.637843
118784 550.707667
120832 555.303773
122880 514.915883
124928 563.477392
126976 515.232577
129024 550.056950
131072 541.236106
133120 586.088228
135168 577.884425
137216 580.839445
139264 569.743600
141312 581.693428
143360 546.090781
145408 522.560818
147456 583.714708
149504 580.671967
151552 524.449672
153600 500.104640
155648 511.030232
157696 510.996278
159744 565.603532
161792 499.704459
163840 501.592338
165888 478.558178
167936 489.951427
169984 507.691886
172032 498.891857
174080 554.687554
176128 535.289459
178176 573.573564
180224 527.986776
182272 556.291548
184320 544.282626
186368 527.218159
188416 551.880745
190464 613.351765
192512 631.721870
194560 618.942307
196608 633.591745
198656 643.600540
200704 639.044928
202752 612.065910
204800 649.753257
206848 664.552941
208896 663.344775
210944 619.062354
212992 661.340598
215040 608.511740
217088 641.425745
219136 663.507278
221184 628.556704
223232 618.461749
225280 590.502311
227328 581.602442
229376 600.800151
231424 583.907532
233472 561.769907
235520 568.383007
237568 529.115647
239616 541.808104
241664 558.175129
243712 495.862620
245760 451.090201
247808 474.863113
249856 465.972135
251904 471.928057
253952 402.519154
256000 431.153112
258048 418.639776
260096 423.979569
262144 374.987910
264192 322.921685
266240 445.015060
268288 467.082764
270336 421.345346
272384 372.764088
274432 421.198628
276480 424.180246
278528 550.543338
280576 440.451860
282624 438.188629
284672 426.535346
286720 597.501709
288768 500.232612
290816 721.682694
292864 522.854106
294912 501.976043
296960 661.143960
299008 796.174368
301056 656.791149
303104 462.144276
305152 709.317610
307200 725.846725
309248 716.932829
311296 637.150709
313344 635.651594
315392 446.243018
317440 449.220120
319488 741.198888
321536 761.070661
323584 522.134047
325632 519.325274
327680 355.537552
329728 294.666798
331776 238.957755
333824 355.593834
335872 326.968848
337920 526.814215
339968 424.915476
342016 641.427301
344064 559.866475
346112 503.276764
348160 201.988448
350208 202.271156
352256 195.853415
354304 203.355380
356352 223.979114
358400 273.742420
360448 709.276172
362496 890.872275
364544 501.332467
366592 438.071167
368640 198.102684
370688 203.263749
372736 200.559531
374784 203.221299
376832 221.784506
378880 206.392237
380928 208.043224
382976 338.239253
385024 309.088625
387072 397.369643
389120 349.599817
391168 420.001592
393216 324.776791
395264 268.367776
397312 389.905994
399360 247.643939
401408 325.981898
403456 406.462688
405504 331.185866
407552 290.640623
409600 333.195495
411648 404.459339
413696 411.849684
415744 407.944938
417792 468.774187
419840 455.993607
421888 333.720350
423936 336.016362
425984 319.585873
428032 250.991113
430080 361.095097
432128 411.220787
434176 289.600483
436224 355.582788
438272 359.780266
440320 345.329788
442368 334.666603
444416 355.291927
446464 357.434084
448512 345.453570
450560 415.622578
452608 462.573061
454656 406.554134
456704 390.703548
458752 432.445963
460800 355.150548
462848 357.241975
464896 322.649437
466944 358.542151
468992 376.264251
471040 348.056400
473088 396.437512
475136 407.953921
477184 390.174581
479232 377.057899
481280 364.731836
483328 333.658519
485376 399.632953
487424 347.297880
489472 397.966423
491520 306.057638
493568 325.648898
495616 394.921634
497664 349.527842
499712 406.245015
501760 408.970349
503808 382.970575
505856 409.840443
507904 408.407883
509952 380.902492
512000 420.179190
514048 434.834587
516096 361.172381
518144 341.244873
520192 367.981444
522240 408.402334
524288 379.222415
526336 343.800298
528384 405.952146
530432 446.603049
532480 376.295236
534528 405.974808
536576 434.761581
538624 451.109508
540672 514.151274
542720 399.706294
544768 400.382841
546816 503.990086
548864 541.913376
550912 450.262559
552960 440.718153
555008 398.383911
557056 378.016201
559104 382.300484
561152 400.043757
563200 406.092578
565248 375.145517
567296 551.244895
569344 474.464530
571392 518.613661
573440 309.998404
575488 482.646572
577536 558.702503
579584 472.986316
581632 574.420596
583680 574.637114
585728 486.243216
587776 550.415236
589824 428.210620
591872 420.977505
593920 583.370568
595968 500.682959
598016 607.898418
600064 425.379063
602112 498.985304
604160 307.263904
606208 284.813763
608256 226.914053
610304 233.737448
612352 231.799530
614400 253.599498
616448 256.735909
618496 237.429755
620544 235.440052
622592 238.825498
624640 238.609147
626688 276.817316
628736 273.829723
630784 242.566927
632832 242.975204
634880 351.422008
636928 264.304403
638976 247.947092
641024 300.065389
643072 267.169426
645120 282.270940
647168 298.710299
649216 337.112001
651264 250.764863
653312 272.960035
655360 268.602311
657408 350.887450
659456 330.783054
661504 331.990962
663552 372.996503
665600 309.726685
667648 323.078337
669696 292.927878
671744 276.039624
673792 321.444051
675840 356.853382
677888 307.520357
679936 309.865470
681984 309.225074
684032 294.877285
686080 269.614790
688128 341.103434
690176 230.462342
692224 227.074870
694272 242.026524
696320 222.414547
698368 224.906766
700416 226.345939
702464 226.472852
704512 227.614586
706560 223.397889
708608 244.111059
710656 246.315751
712704 224.965082
714752 241.970718
716800 216.090667
718848 216.176481
720896 240.269041
722944 214.783961
724992 218.069298
727040 242.451799
729088 219.521180
731136 218.678600
733184 218.701378
735232 220.181496
737280 218.713544
739328 215.895612
741376 234.357169
743424 215.450970
745472 262.570773
747520 232.111696
749568 218.050891
751616 218.434403
753664 217.881531
755712 307.185003
757760 237.099255
759808 223.279623
761856 263.221956
763904 222.812591
765952 220.620144
768000 253.375316
770048 259.408329
772096 222.909231
774144 231.015446
776192 371.887671
778240 364.035267
780288 407.172310
782336 335.927656
784384 309.625884
786432 425.836486
788480 301.967687
790528 404.371965
792576 482.631004
794624 490.017769
796672 476.514243
798720 421.207249
800768 476.285826
802816 489.009108
804864 469.010412
806912 464.041610
808960 565.435078
811008 505.766289
813056 508.347747
815104 401.720972
817152 421.683715
819200 400.730886
821248 441.277351
823296 280.557315
825344 398.980426
827392 550.412329
829440 481.732165
831488 408.991286
833536 437.577372
835584 397.914631
837632 468.689976
839680 388.685780
841728 511.018331
843776 438.833303
845824 314.499823
847872 321.886278
849920 252.327815
851968 268.218984
854016 301.992661
856064 307.831325
858112 341.643549
860160 311.400991
862208 276.012340
864256 278.373862
866304 266.741775
868352 269.258548
870400 222.683188
872448 224.255670
874496 223.640911
876544 222.496875
878592 249.809241
880640 233.382379
882688 242.169680
884736 219.638491
886784 219.383015
888832 286.553897
890880 289.893725
892928 233.347555
894976 222.636731
897024 258.578785
899072 228.312189
901120 227.607941
903168 222.212391
905216 223.659729
907264 222.656297
909312 224.410836
911360 221.791554
913408 222.320814
915456 221.689928
917504 224.205470
919552 242.959420
921600 245.205943
923648 221.630941
925696 222.896074
927744 222.850176
929792 221.782264
931840 219.636400
933888 246.747916
935936 220.182105
937984 219.611031
940032 220.364130
942080 222.523341
944128 223.226602
946176 220.210453
948224 217.230330
950272 221.461573
952320 220.601334
954368 241.953480
956416 220.762840
958464 223.398073
960512 243.562504
962560 223.047194
964608 224.228336
966656 221.269188
968704 220.876265
970752 220.863506
972800 219.446975
974848 220.749098
976896 220.871719
978944 219.049812
980992 216.707716
983040 218.301807
985088 219.224128
987136 219.510807
989184 241.240271
991232 283.977509
993280 246.243561
995328 326.040124
997376 347.098791
999424 327.791894
1001472 280.423025
1003520 240.238583
1005568 472.065966
1007616 309.974399
1009664 318.160609
1011712 245.666281
1013760 403.425046
1015808 344.090944
1017856 308.124693
1019904 326.072770
1021952 329.096082
1024000 386.073808
1026048 415.861851
1028096 373.785968
1030144 400.060404
1032192 417.685705
1034240 386.786511
1036288 372.840757
1038336 405.698934
1040384 393.801628
1042432 548.475634
1044480 401.845842
1046528 358.619680
1048576 386.717359
1050624 383.049504
1052672 465.448642
1054720 392.694874
1056768 387.542830
1058816 394.509442
1060864 308.398143
1062912 397.049497
1064960 328.520517
1067008 283.198121
1069056 244.665611
1071104 464.414477
1073152 453.340156
1075200 390.350788
1077248 365.214795
1079296 343.213212
1081344 359.404030
1083392 264.787719
1085440 279.639251
1087488 290.258304
1089536 269.792897
1091584 272.539755
1093632 249.726648
1095680 234.663707
1097728 236.347768
1099776 236.289062
1101824 234.214168
1103872 234.004926
1105920 234.615249
1107968 234.665548
1110016 233.338459
1112064 233.892223
1114112 233.240073
1116160 236.097242
1118208 236.325481
1120256 235.910094
1122304 235.540779
1124352 232.201990
1126400 231.726923
1128448 228.097651
1130496 230.132511
1132544 230.728214
1134592 230.524066
1136640 230.786292
1138688 229.590733
1140736 229.603988
1142784 228.943951
1144832 229.404837
1146880 227.352044
1148928 224.894866
1150976 225.337330
1153024 224.700864
1155072 222.857702
1157120 223.527675
1159168 225.162845
1161216 226.806690
1163264 226.211143
1165312 225.030175
1167360 222.967942
1169408 222.776950
1171456 221.176935
1173504 220.834215
1175552 220.079265
1177600 221.417255
1179648 218.342592
1181696 218.913832
1183744 218.235624
1185792 219.116866
1187840 215.361224
1189888 214.311230
1191936 211.305618
1193984 209.075877
1196032 207.616674
1198080 204.881267
1200128 205.256538
1202176 208.748843
1204224 207.014952
1206272 215.843771
1208320 213.530303
1210368 212.917909
1212416 215.282414
1214464 213.752930
1216512 212.275114
1218560 210.263328
1220608 211.464731
1222656 268.408702
1224704 210.186637
1226752 216.002044
1228800 210.861375
1230848 267.483959
1232896 291.092645
1234944 238.907034
1236992 272.579861
1239040 427.002748
1241088 368.349822
1243136 328.803078
1245184 444.285003
1247232 310.723462
1249280 392.775884
1251328 265.112202
1253376 369.045073
1255424 207.113398
1257472 238.929239
1259520 206.654163
1261568 203.366846
1263616 205.192842
1265664 200.413198
1267712 202.414443
1269760 208.797210
1271808 202.552172
1273856 199.989118
1275904 197.782354
1277952 200.063439
1280000 203.300353
1282048 709.732268
1284096 502.566003
1286144 324.079495
1288192 273.287087
1290240 258.645250
1292288 360.418145
1294336 234.992929
1296384 207.207078
1298432 206.055538
1300480 207.335931
1302528 206.524031
1304576 262.393794
1306624 246.499597
1308672 211.951505
1310720 210.456109
1312768 211.174183
1314816 273.490149
1316864 246.141775
1318912 364.457657
1320960 341.134193
1323008 384.101495
1325056 489.834905
1327104 695.586806
1329152 721.919544
1331200 516.380257
1333248 680.358163
1335296 622.174805
1337344 596.141494
1339392 519.091375
1341440 598.710108
1343488 439.533397
1345536 639.045716
1347584 438.857744
1349632 464.323029
1351680 451.159904
1353728 357.013798
1355776 289.692095
1357824 379.912706
1359872 462.817026
1361920 396.053192
1363968 363.837320
1366016 261.618612
1368064 256.427968
1370112 216.596427
1372160 213.611190
1374208 215.537113
1376256 388.521330
1378304 313.368843
1380352 242.238725
1382400 250.611431
1384448 213.344335
1386496 211.566709
1388544 210.505277
1390592 211.626284
1392640 210.034805
1394688 236.719020
1396736 212.142340
1398784 209.512076
1400832 209.528388
1402880 207.254527
1404928 246.244464
1406976 235.048214
1409024 206.398689
1411072 209.021485
1413120 208.603094
1415168 208.901049
1417216 207.594969
1419264 207.930943
1421312 211.467325
1423360 325.802332
1425408 212.855301
1427456 210.363512
1429504 239.238307
1431552 294.882419
1433600 250.273445
1435648 246.099298
1437696 208.702486
1439744 207.511238
1441792 211.974774
1443840 270.046039
1445888 212.682557
1447936 213.475469
1449984 248.618996
1452032 265.759588
1454080 268.493454
1456128 210.322416
1458176 213.184582
1460224 243.380441
1462272 207.018982
1464320 204.481901
1466368 206.991679
1468416 233.612218
1470464 203.936219
1472512 204.493290
1474560 202.270386
1476608 203.518019
1478656 200.976457
1480704 201.999169
1482752 202.901957
1484800 206.154290
1486848 244.339821
1488896 276.648143
1490944 284.014863
1492992 204.644669
1495040 286.631063
1497088 206.424291
1499136 273.264276
1501184 207.021540
1503232 207.043382
1505280 208.058177
1507328 234.114423
1509376 207.239159
1511424 208.584012
1513472 206.849808
1515520 211.665019
1517568 243.127374
1519616 214.218506
1521664 213.539621
1523712 213.629666
1525760 218.849158
1527808 205.981094
1529856 203.635929
1531904 198.650938
1533952 196.198345
1536000 203.360905
1538048 204.521813
1540096 205.357435
1542144 204.658937
1544192 207.865920
1546240 205.843998
1548288 208.187902
1550336 206.078282
1552384 206.713549
1554432 207.833046
1556480 207.225211
1558528 204.523906
1560576 202.383157
1562624 200.426717
1564672 205.050755
1566720 203.561958
1568768 205.544932
1570816 205.980316
1572864 251.250017
1574912 207.560520
1576960 324.728984
1579008 336.419828
1581056 236.412764
1583104 235.852686
1585152 205.723264
1587200 207.237070
1589248 269.774670
1591296 335.077133
1593344 208.612551
1595392 205.384664
1597440 206.412381
1599488 205.977176
1601536 249.237831
1603584 211.278075
1605632 253.158072
1607680 253.837061
1609728 207.868055
1611776 297.324426
1613824 206.218859
1615872 205.851609
1617920 204.575340
1619968 202.908590
1622016 209.127552
1624064 206.710872
1626112 204.930156
1628160 312.473515
1630208 237.570062
1632256 202.416996
1634304 262.481454
1636352 200.261497
1638400 332.074783
1640448 474.514928
1642496 450.574053
1644544 428.520525
1646592 554.129571
1648640 258.299786
1650688 284.997067
1652736 195.173036
1654784 360.497578
1656832 273.282328
1658880 412.222450
1660928 404.931133
1662976 201.291177
1665024 205.563888
1667072 283.309453
1669120 230.715024
1671168 236.489789
1673216 235.289881
1675264 236.283928
1677312 236.334793
1679360 234.396098
1681408 233.787012
1683456 235.230233
1685504 232.745475
1687552 230.214056
1689600 230.636746
1691648 230.124561
1693696 230.242224
1695744 231.602513
1697792 229.488315
1699840 230.224619
1701888 230.562227
1703936 231.231994
1705984 228.045119
1708032 227.338876
1710080 228.175529
1712128 225.665311
1714176 226.949391
1716224 228.279336
1718272 229.066297
1720320 228.932577
1722368 229.612608
1724416 229.234251
1726464 228.438012
1728512 228.069411
1730560 226.575646
1732608 236.529290
1734656 113.929698
1736704 113.297690
1738752 114.306305
1740800 112.769075
1742848 114.733577
1744896 143.589145
1746944 123.338001
1748992 141.686970
1751040 125.848931
1753088 180.674090
1755136 231.674534
1757184 231.657323
1759232 256.637517
1761280 258.657681
1763328 256.138812
1765376 253.891606
1767424 252.155903
1769472 251.117049
1771520 251.608815
1773568 251.026646
1775616 251.738926
1777664 252.193927
1779712 252.649505
1781760 252.446929
1783808 254.663295
1785856 253.887330
1787904 256.660834
1789952 256.096664
1792000 256.524094
1794048 256.623877
1796096 257.530422
1798144 256.984735
1800192 256.297571
1802240 256.266580
1804288 255.105388
1806336 254.175624
1808384 252.525662
1810432 263.027327
1812480 261.737398
1814528 261.277395
1816576 261.571443
1818624 259.483773
1820672 261.251495
1822720 261.875080
1824768 261.724665
1826816 261.134886
1828864 260.914321
1830912 259.125966
1832960 262.431421
1835008 256.378173
1837056 249.261196
1839104 236.565565
1841152 255.990790
1843200 255.679633
1845248 256.100388
1847296 256.215313
1849344 255.904449
1851392 256.240694
1853440 257.781139
1855488 257.576449
1857536 256.494195
1859584 258.711441
1861632 258.613561
1863680 257.884319
1865728 259.900910
1867776 260.707317
1869824 258.008501
1871872 256.908315
1873920 261.001498
1875968 225.046424
1878016 225.746167
1880064 223.557371
1882112 222.929558
1884160 223.239793
1886208 221.576151
1888256 221.907812
1890304 220.909052
1892352 220.560901
1894400 221.143964
1896448 222.388250
1898496 223.221039
1900544 224.112306
1902592 222.366491
1904640 225.040989
1906688 226.550477
1908736 226.547644
1910784 241.152373
1912832 242.191713
1914880 204.790201
1916928 184.734279
1918976 183.590408
1921024 45.078314
1923072 9.863160
1925120 43.678757
1927168 42.506424
1929216 47.198462
1931264 46.553419
1933312 46.491131
1935360 46.619775
1937408 47.481128
1939456 47.108166
1941504 47.863418
1943552 47.351810
1945600 48.118189
1947648 47.589584
1949696 47.972399
1951744 48.533877
1953792 48.699321
1955840 48.686281
1957888 49.230087
1959936 49.324738
1961984 49.556889
1964032 49.888591
1966080 49.817816
1968128 50.126954
1970176 50.072924
1972224 50.533862
1974272 49.635018
1976320 50.268941
1978368 50.616932
1980416 50.487517
1982464 49.857825
1984512 50.584665
1986560 50.508203
1988608 50.007324
1990656 49.267345
1992704 48.650765
1994752 49.602899
1996800 48.800304
1998848 49.193552
2000896 49.384183
