2048 42.740034
4096 88.155642
6144 88.554308
8192 86.444740
10240 108.180919
12288 144.439909
14336 143.940736
16384 154.386340
18432 186.439922
20480 203.817642
22528 195.210202
24576 209.242397
26624 185.796355
28672 161.801354
30720 115.868642
32768 219.664187
34816 241.127830
36864 281.365128
38912 310.673112
40960 298.534727
43008 318.170780
45056 343.657285
47104 331.232947
49152 356.781984
51200 364.234255
53248 353.317138
55296 283.630247
57344 404.538456
59392 409.237994
61440 368.323954
63488 252.712696
65536 363.512855
67584 412.570818
69632 270.992592
71680 205.609980
73728 303.048567
75776 150.334111
77824 132.567157
79872 147.727305
81920 104.231327
83968 59.313460
86016 94.921310
88064 116.333949
90112 145.746321
92160 181.706414
94208 120.327898
96256 66.819748
98304 61.500545
100352 76.610222
102400 67.621725
104448 64.980575
106496 63.940635
108544 71.776099
110592 85.518736
112640 71.076512
114688 73.548116
116736 214.592570
118784 80.374101
120832 74.760451
122880 77.934618
124928 77.593108
126976 76.921350
129024 69.931006
131072 79.484362
133120 84.759695
135168 85.380306
137216 81.136794
139264 74.461271
141312 76.181227
143360 78.658279
145408 115.778192
147456 190.636428
149504 206.002814
151552 236.929768
153600 199.057321
155648 140.214921
157696 143.377436
159744 187.735189
161792 168.981938
163840 158.898180
165888 165.377840
167936 86.602337
169984 101.211714
172032 171.611168
174080 88.676577
176128 92.257937
178176 82.326942
180224 101.838557
182272 78.387205
184320 79.032506
186368 79.303988
188416 77.502907
190464 80.675608
192512 85.604770
194560 77.468721
196608 74.567781
198656 81.365984
200704 81.007906
202752 85.611806
204800 82.141190
206848 84.758838
208896 86.605000
210944 82.009408
212992 99.451591
215040 78.997873
217088 86.088027
219136 82.422875
221184 80.482920
223232 85.354613
225280 99.137089
227328 77.327397
229376 85.336521
231424 95.755109
233472 85.059613
235520 76.704378
237568 77.387295
239616 79.585142
241664 74.989769
243712 83.537368
245760 80.795528
247808 86.576615
249856 82.872362
251904 83.888349
253952 84.280398
256000 89.647652
258048 87.351732
260096 83.354276
262144 83.168655
264192 79.588135
266240 84.509026
268288 91.644605
270336 93.720219
272384 103.569061
274432 92.880981
276480 104.485406
278528 98.727213
280576 104.076945
282624 92.196406
284672 92.796899
286720 92.156199
288768 94.277104
290816 91.750486
292864 95.233319
294912 90.081699
296960 90.119138
299008 88.115909
301056 93.643010
303104 82.162032
305152 89.895293
307200 84.448980
309248 81.285455
311296 82.327017
313344 77.627681
315392 84.510462
317440 82.841134
319488 82.638234
321536 78.089207
323584 81.769678
325632 80.974080
327680 83.592169
329728 87.048914
331776 81.273848
333824 88.018893
335872 79.711353
337920 77.551375
339968 82.180185
342016 80.615701
344064 85.203687
346112 84.452268
348160 89.466901
350208 98.422911
352256 85.584744
354304 84.971666
356352 98.992735
358400 87.511212
360448 85.878970
362496 89.685261
364544 100.206614
366592 90.061927
368640 86.897353
370688 87.852591
372736 88.192363
374784 82.580685
376832 85.332737
378880 79.842393
380928 87.925973
382976 85.192271
385024 91.591454
387072 81.102707
389120 86.075873
391168 88.313492
393216 92.063839
395264 82.434639
397312 89.467841
399360 87.568880
401408 93.068960
403456 85.926731
405504 92.207233
407552 94.107618
409600 94.338072
411648 95.628934
413696 101.359554
415744 92.506125
417792 94.198446
419840 96.418307
421888 91.639060
423936 93.230969
425984 93.969445
428032 94.581837
430080 90.770260
432128 92.735681
434176 89.031118
436224 93.805718
438272 92.504324
440320 105.439005
442368 92.565056
444416 94.079238
446464 97.124891
448512 95.329711
450560 93.732608
452608 92.738651
454656 102.208910
456704 93.749218
458752 93.997471
460800 93.297655
462848 90.215624
464896 88.119998
466944 94.060813
468992 88.341115
471040 86.700376
473088 86.097768
475136 87.689827
477184 87.229303
479232 83.399451
481280 89.786866
483328 86.638636
485376 97.310052
487424 110.524749
489472 121.713261
491520 103.249004
493568 115.076085
495616 89.177142
497664 94.314535
499712 89.777893
501760 86.900662
503808 112.031678
505856 86.096626
507904 102.899078
509952 118.481408
512000 104.026386
514048 95.309539
516096 112.367042
518144 99.691761
520192 117.700588
522240 113.183228
524288 140.863681
526336 113.252742
528384 123.178280
530432 115.670404
532480 108.450634
534528 95.650785
536576 93.880255
538624 136.731478
540672 95.542590
542720 115.636081
544768 121.000740
546816 107.420666
548864 111.451444
550912 109.822707
552960 113.001517
555008 91.621818
557056 111.849248
559104 100.018448
561152 96.557439
563200 89.544652
565248 92.170892
567296 114.387466
569344 101.040811
571392 131.692484
573440 107.897547
575488 107.273311
577536 94.509146
579584 100.303424
581632 95.966389
583680 104.426828
585728 107.855197
587776 103.971565
589824 122.266486
591872 114.771795
593920 104.489906
595968 94.113175
598016 122.609006
600064 123.745168
602112 106.508967
604160 126.890278
606208 109.112558
608256 92.452606
610304 105.778690
612352 94.722173
614400 92.730397
616448 92.750784
618496 96.814686
620544 110.509845
622592 85.072311
624640 102.004546
626688 86.192071
628736 87.740133
630784 103.984417
632832 90.494990
634880 82.576063
636928 101.893499
638976 87.128963
641024 93.292671
643072 87.723471
645120 121.481185
647168 122.627567
649216 104.137385
651264 105.429405
653312 105.819874
655360 99.178904
657408 90.285917
659456 92.997311
661504 100.721341
663552 85.262829
665600 104.443535
667648 102.996267
669696 96.399726
671744 95.858222
673792 86.720756
675840 100.262241
677888 91.200487
679936 102.354655
681984 113.821271
684032 88.406161
686080 104.741815
688128 97.933123
690176 105.647200
692224 102.347250
694272 102.711450
696320 210.492885
698368 118.834549
700416 97.278591
702464 107.272724
704512 105.312545
706560 108.785317
708608 106.215719
710656 106.987490
712704 106.178803
714752 85.915222
716800 112.837426
718848 104.827282
720896 99.123963
722944 118.612896
724992 103.728612
727040 91.704740
729088 118.809757
731136 107.719900
733184 94.960566
735232 91.938795
737280 90.004958
739328 89.833934
741376 83.993980
743424 81.813388
745472 86.268255
747520 101.287173
749568 85.250885
751616 78.461623
753664 76.068647
755712 81.036426
757760 89.526239
759808 86.059248
761856 88.029513
763904 84.400583
765952 77.758362
768000 76.137180
770048 72.986650
772096 71.457487
774144 71.506506
776192 75.966621
778240 65.043768
780288 69.719585
782336 72.556753
784384 69.861279
786432 70.829588
788480 70.025026
790528 67.624359
792576 73.939129
794624 70.968220
796672 72.650516
798720 78.231712
800768 89.263698
802816 78.490915
804864 76.164006
806912 80.337212
808960 72.764456
811008 72.974264
813056 72.255310
815104 71.435846
817152 68.280615
819200 84.089673
821248 74.220894
823296 83.233021
825344 266.821438
827392 143.195814
829440 89.174584
831488 81.439409
833536 196.112457
835584 110.879192
837632 74.879892
839680 78.624400
841728 73.721546
843776 89.074207
845824 85.794626
847872 87.238173
849920 84.817228
851968 107.171517
854016 76.501141
856064 95.922269
858112 80.931446
860160 88.657269
862208 122.552454
864256 168.960039
866304 109.408955
868352 129.875191
870400 143.764206
872448 174.877054
874496 88.700607
876544 164.444385
878592 198.805614
880640 89.902219
882688 84.768489
884736 105.763032
886784 143.957085
888832 120.044536
890880 97.789008
892928 74.409033
894976 119.836341
897024 154.764391
899072 127.118716
901120 131.563960
903168 121.286176
905216 128.603547
907264 110.920278
909312 119.581035
911360 113.713390
913408 101.801987
915456 127.395529
917504 99.232298
919552 107.760466
921600 108.516025
923648 118.978801
925696 126.693391
927744 132.968538
929792 149.576335
931840 112.018711
933888 123.405225
935936 122.259380
937984 143.045993
940032 110.294697
942080 130.036596
944128 157.452845
946176 129.700720
948224 167.786442
950272 134.450258
952320 142.802967
954368 170.958942
956416 206.566981
958464 147.118059
960512 138.681300
962560 167.189559
964608 209.287711
966656 189.927135
968704 140.212407
970752 159.441765
972800 175.708245
974848 118.702556
976896 154.805300
978944 135.132207
980992 142.485006
983040 149.632409
985088 122.551942
987136 136.269481
989184 118.152973
991232 103.240873
993280 100.069702
995328 114.296893
997376 98.430486
999424 83.334664
1001472 189.561397
1003520 115.435644
1005568 89.146436
1007616 117.591456
1009664 81.184480
1011712 110.382401
1013760 164.168408
1015808 81.587498
1017856 79.406581
1019904 72.312598
1021952 70.062010
1024000 151.561240
1026048 88.525660
1028096 83.567385
1030144 85.560833
1032192 67.112441
1034240 67.772961
1036288 76.465408
1038336 62.419902
1040384 72.003504
1042432 88.381285
1044480 69.331328
1046528 162.377673
1048576 103.209141
1050624 76.981230
1052672 69.377442
1054720 87.929711
1056768 76.485130
1058816 79.093624
1060864 83.122662
1062912 67.422778
1064960 75.999094
1067008 73.057857
1069056 65.451659
1071104 71.415371
1073152 75.531064
1075200 64.921171
1077248 76.915476
1079296 75.765015
1081344 65.083637
1083392 70.844524
1085440 68.613033
1087488 72.142979
1089536 61.900174
1091584 62.829550
1093632 87.893791
1095680 65.106390
1097728 63.354045
1099776 62.317049
1101824 65.551771
1103872 67.305348
1105920 64.581123
1107968 86.634463
1110016 72.919445
1112064 65.280742
1114112 63.378298
1116160 78.729961
1118208 65.241381
1120256 69.072493
1122304 75.254261
1124352 65.379293
1126400 66.761760
1128448 78.367283
1130496 65.784584
1132544 62.615837
1134592 62.333026
1136640 64.977851
1138688 60.935810
1140736 62.246505
1142784 61.778694
1144832 67.297383
1146880 66.237535
1148928 63.782713
1150976 75.465286
1153024 59.818692
1155072 65.695637
1157120 61.632264
1159168 61.923440
1161216 62.766834
1163264 60.331946
1165312 62.573227
1167360 63.557772
1169408 61.009763
1171456 60.097565
1173504 63.588767
1175552 63.168063
1177600 60.003887
1179648 61.532249
1181696 60.282086
1183744 60.379444
1185792 73.621280
1187840 62.253058
1189888 58.227044
1191936 63.948534
1193984 63.877337
1196032 58.419105
1198080 60.552634
1200128 62.017810
1202176 58.901483
1204224 60.472492
1206272 60.542828
1208320 63.112996
1210368 58.840524
1212416 60.319561
1214464 58.319061
1216512 57.652733
1218560 57.430109
1220608 59.532792
1222656 56.399959
1224704 56.953991
1226752 57.835937
1228800 57.290000
1230848 57.466676
1232896 58.227142
1234944 58.031533
1236992 56.374199
1239040 56.937331
1241088 57.375605
1243136 55.689946
1245184 55.840249
1247232 56.005851
1249280 56.702810
1251328 56.293156
1253376 55.087151
1255424 55.744737
1257472 59.466739
1259520 59.402883
1261568 58.221420
1263616 58.425343
1265664 59.483562
1267712 63.545430
1269760 58.320050
1271808 60.176007
1273856 61.357249
1275904 58.685032
1277952 61.454734
1280000 57.884701
1282048 59.841334
1284096 57.865277
1286144 59.640088
1288192 56.773914
1290240 58.233819
1292288 56.141008
1294336 58.064832
1296384 58.007348
1298432 59.780212
1300480 60.260385
1302528 58.908718
1304576 60.496140
1306624 60.603306
1308672 61.708884
1310720 63.158040
1312768 61.470656
1314816 62.784741
1316864 60.293126
1318912 70.987023
1320960 67.195595
1323008 69.930732
1325056 68.307604
1327104 68.758179
1329152 67.870137
1331200 67.720803
1333248 71.203857
1335296 72.303038
1337344 73.303242
1339392 75.225149
1341440 69.534391
1343488 68.024663
1345536 70.653802
1347584 66.911514
1349632 66.386415
1351680 65.511103
1353728 64.557026
1355776 68.278834
1357824 66.979218
1359872 69.687765
1361920 71.198696
1363968 72.993281
1366016 73.786346
1368064 69.565388
1370112 73.346763
1372160 73.364969
1374208 68.606602
1376256 68.837434
1378304 72.548714
1380352 69.088954
1382400 108.716087
1384448 68.190478
1386496 68.918631
1388544 72.668339
1390592 67.590643
1392640 67.541412
1394688 65.379622
1396736 69.217531
1398784 67.528453
1400832 68.646606
1402880 69.361780
1404928 74.293407
1406976 62.992983
1409024 63.099042
1411072 65.602729
1413120 60.024365
1415168 66.355531
1417216 66.856288
1419264 60.732821
1421312 61.087796
1423360 58.660747
1425408 58.645598
1427456 60.195597
1429504 58.752820
1431552 60.483292
1433600 58.436506
1435648 60.792138
1437696 59.514396
1439744 59.192936
1441792 61.353445
1443840 57.896836
1445888 57.725877
1447936 56.732657
1449984 56.705322
1452032 57.460348
1454080 57.667247
1456128 60.467598
1458176 57.812889
1460224 58.828052
1462272 58.942631
1464320 57.790479
1466368 57.551767
1468416 56.191516
1470464 58.489202
1472512 57.474068
1474560 55.156600
1476608 56.204619
1478656 58.624375
1480704 60.668507
1482752 57.638829
1484800 58.348561
1486848 55.805151
1488896 56.065326
1490944 55.448647
1492992 54.165687
1495040 56.030284
1497088 56.849234
1499136 58.951850
1501184 58.677665
1503232 61.344127
1505280 62.829699
1507328 65.029651
1509376 64.650250
1511424 67.786942
1513472 65.231982
1515520 62.051460
1517568 62.752579
1519616 60.768764
1521664 60.401290
1523712 62.951731
1525760 64.562644
1527808 65.041588
1529856 65.206635
1531904 62.661903
1533952 69.159397
1536000 74.385736
1538048 63.585777
1540096 61.702986
1542144 68.094892
1544192 69.360798
1546240 59.225608
1548288 65.028676
1550336 61.346296
1552384 60.735851
1554432 62.138174
1556480 58.054670
1558528 59.867924
1560576 59.860281
1562624 61.107476
1564672 60.592863
1566720 61.479994
1568768 68.540158
1570816 62.820311
1572864 62.518192
1574912 59.444094
1576960 80.410888
1579008 65.058675
1581056 61.856852
1583104 71.015529
1585152 69.059867
1587200 75.590943
1589248 73.739901
1591296 69.815044
1593344 69.647013
1595392 73.002644
1597440 80.135156
1599488 77.830556
1601536 78.319318
1603584 77.605827
1605632 83.051976
1607680 72.649932
1609728 82.497872
1611776 82.270148
1613824 79.250178
1615872 78.102444
1617920 80.985232
1619968 79.083240
1622016 84.079538
1624064 82.429023
1626112 79.225800
1628160 86.755882
1630208 91.841658
1632256 91.142828
1634304 87.423439
1636352 85.359925
1638400 84.084470
1640448 93.062792
1642496 99.013952
1644544 112.116033
1646592 105.288646
1648640 88.309221
1650688 104.234621
1652736 97.570391
1654784 104.292202
1656832 101.245446
1658880 99.920705
1660928 101.245385
1662976 103.198020
1665024 95.393905
1667072 97.901333
1669120 101.627095
1671168 100.794825
1673216 97.540407
1675264 95.827434
1677312 103.785984
1679360 127.213144
1681408 103.133917
1683456 106.177774
1685504 113.443848
1687552 98.150056
1689600 96.162169
1691648 90.747410
1693696 108.487984
1695744 98.761880
1697792 126.215798
1699840 139.658654
1701888 134.212615
1703936 139.403486
1705984 155.130427
1708032 117.616750
1710080 128.267337
1712128 121.044797
1714176 111.754636
1716224 117.768951
1718272 103.706570
1720320 95.763645
1722368 95.819303
1724416 96.432435
1726464 102.868603
1728512 102.112360
1730560 96.091528
1732608 94.140288
1734656 96.751161
1736704 95.667124
1738752 99.589206
1740800 97.734785
1742848 108.394995
1744896 96.812427
1746944 96.245376
1748992 100.249931
1751040 100.099588
1753088 95.882497
1755136 99.882122
1757184 100.602580
1759232 98.765974
1761280 95.240062
1763328 110.667439
1765376 108.310874
1767424 97.084497
1769472 102.603833
1771520 98.125607
1773568 114.190952
1775616 100.214167
1777664 108.257953
1779712 99.786452
1781760 101.970793
1783808 107.018279
1785856 107.338912
1787904 98.322530
1789952 97.827290
1792000 94.171926
1794048 101.106356
1796096 92.646418
1798144 99.129384
1800192 93.283614
1802240 96.977471
1804288 91.392215
1806336 93.998194
1808384 90.186841
1810432 89.208575
1812480 93.733278
1814528 88.752399
1816576 85.797603
1818624 81.571351
1820672 90.963986
1822720 90.103488
1824768 89.763416
1826816 92.143810
1828864 93.238342
1830912 94.832892
1832960 93.269254
1835008 90.347534
1837056 91.552852
1839104 89.433002
1841152 90.303695
1843200 89.076995
1845248 96.842031
1847296 89.342533
1849344 86.411131
1851392 89.497777
1853440 86.606454
1855488 90.077376
1857536 86.699510
1859584 86.489963
1861632 85.985601
1863680 85.889960
1865728 80.100654
1867776 79.254748
1869824 88.301772
1871872 76.407652
1873920 75.551682
1875968 80.822921
1878016 75.938521
1880064 85.752250
1882112 86.276375
1884160 81.085806
1886208 87.817433
1888256 88.721191
1890304 89.422340
1892352 108.860547
1894400 93.556830
1896448 113.132020
1898496 94.936918
1900544 118.282852
1902592 99.739854
1904640 92.345345
1906688 92.327886
1908736 94.328947
1910784 91.776801
1912832 91.120337
1914880 93.588555
1916928 90.778231
1918976 95.792438
1921024 90.807017
1923072 95.655692
1925120 96.836054
1927168 94.639226
1929216 95.534252
1931264 94.477187
1933312 96.578233
1935360 88.431958
1937408 89.807641
1939456 80.873238
1941504 79.426374
1943552 84.055978
1945600 79.633416
1947648 78.423119
1949696 72.557770
1951744 71.571353
1953792 68.842931
1955840 74.002959
1957888 73.063502
1959936 70.081327
1961984 79.878411
1964032 80.254406
1966080 69.953081
1968128 66.043311
1970176 72.975332
1972224 81.212716
1974272 76.860738
1976320 78.734849
1978368 74.770993
1980416 75.872902
1982464 72.959898
1984512 83.701815
1986560 79.229252
1988608 86.773110
1990656 83.464063
1992704 76.642796
1994752 82.374980
1996800 82.250838
1998848 87.789515
2000896 93.587250
