2048 17.602968
4096 42.204559
6144 77.271159
8192 131.356432
10240 177.114940
12288 185.299476
14336 310.965133
16384 221.359910
18432 254.837401
20480 277.853370
22528 252.807983
24576 307.283769
26624 252.163820
28672 300.628506
30720 253.360336
32768 318.778799
34816 315.712434
36864 231.732168
38912 298.646692
40960 259.000677
43008 265.857280
45056 283.422893
47104 281.601462
49152 283.431374
51200 289.822529
53248 247.586602
55296 299.415589
57344 304.897928
59392 251.517206
61440 280.464513
63488 241.597806
65536 317.839080
67584 294.622378
69632 308.954592
71680 306.206912
73728 255.558000
75776 226.701007
77824 298.346646
79872 309.428182
81920 294.564471
83968 328.341155
86016 309.740716
88064 312.096721
90112 337.505884
92160 337.337958
94208 338.045115
96256 393.815369
98304 348.355400
100352 364.036761
102400 386.101563
104448 364.828621
106496 352.115571
108544 361.393742
110592 364.855583
112640 382.912092
114688 332.674585
116736 358.171264
118784 358.465572
120832 343.544012
122880 337.324020
124928 335.782152
126976 336.078895
129024 333.020795
131072 328.114198
133120 345.073476
135168 356.165402
137216 349.665675
139264 333.628606
141312 325.797398
143360 322.216703
145408 328.326383
147456 332.885996
149504 319.138498
151552 344.914462
153600 313.602770
155648 334.936938
157696 331.632190
159744 354.641682
161792 377.006936
163840 326.150573
165888 344.825753
167936 365.995478
169984 353.123101
172032 336.900460
174080 370.350468
176128 350.066864
178176 356.714874
180224 353.953950
182272 355.388929
184320 338.610310
186368 351.075450
188416 323.824441
190464 352.986619
192512 362.453984
194560 355.697564
196608 358.148999
198656 356.668038
200704 359.817781
202752 343.487588
204800 351.588651
206848 367.788417
208896 360.176762
210944 356.570231
212992 376.664431
215040 382.160462
217088 383.643058
219136 383.406482
221184 366.101820
223232 377.609228
225280 359.697757
227328 382.546610
229376 375.002137
231424 396.645226
233472 381.183757
235520 360.550768
237568 373.514877
239616 395.382393
241664 360.583464
243712 384.238253
245760 388.970329
247808 374.365923
249856 359.122735
251904 371.573584
253952 380.914970
256000 380.239920
258048 382.799000
260096 397.702949
262144 400.514829
264192 410.712159
266240 386.069859
268288 400.629291
270336 382.822812
272384 393.090371
274432 386.161634
276480 382.491959
278528 407.911785
280576 409.209838
282624 395.137256
284672 405.432715
286720 417.934081
288768 431.468837
290816 423.966415
292864 412.014033
294912 417.960684
296960 452.346217
299008 423.311049
301056 429.628817
303104 427.417878
305152 414.978339
307200 429.940653
309248 397.780603
311296 408.934206
313344 421.865885
315392 396.436049
317440 395.006128
319488 394.213611
321536 413.227533
323584 411.115173
325632 410.635847
327680 400.228332
329728 407.019005
331776 418.014587
333824 412.990221
335872 423.434562
337920 423.472241
339968 427.780685
342016 432.780967
344064 458.752184
346112 416.072653
348160 476.122275
350208 455.540013
352256 454.190637
354304 448.147879
356352 452.418758
358400 468.951332
360448 444.556100
362496 478.694630
364544 440.029286
366592 446.853168
368640 459.464414
370688 443.283340
372736 470.193228
374784 434.468342
376832 432.110308
378880 451.167001
380928 473.618995
382976 482.298205
385024 497.435817
387072 499.996370
389120 503.124880
391168 512.294124
393216 470.828753
395264 471.649640
397312 458.104185
399360 504.289450
401408 507.550631
403456 481.028163
405504 499.509039
407552 510.863868
409600 492.979308
411648 482.865555
413696 481.963890
415744 497.121802
417792 499.964727
419840 480.360887
421888 512.036075
423936 505.829224
425984 541.195437
428032 523.083095
430080 522.325545
432128 503.221716
434176 497.179960
436224 510.336949
438272 495.191405
440320 539.691008
442368 501.904274
444416 548.776026
446464 517.944343
448512 505.191358
450560 504.073040
452608 519.238481
454656 503.864839
456704 510.535739
458752 538.508036
460800 552.632494
462848 537.559024
464896 513.408002
466944 488.603342
468992 509.578541
471040 499.534878
473088 542.523417
475136 550.718740
477184 536.560591
479232 541.757559
481280 523.349001
483328 532.944530
485376 528.158213
487424 541.310139
489472 553.696695
491520 574.639463
493568 555.853715
495616 558.666898
497664 566.584882
499712 541.268987
501760 566.545982
503808 542.897559
505856 592.402258
507904 587.531548
509952 594.056555
512000 557.344876
514048 601.563058
516096 605.567587
518144 607.205928
520192 646.220850
522240 618.284614
524288 615.837003
526336 643.081557
528384 593.443558
530432 642.505024
532480 619.933348
534528 645.376293
536576 663.859245
538624 634.370769
540672 636.761314
542720 673.395271
544768 682.960181
546816 604.185068
548864 694.978578
550912 626.916573
552960 700.559139
555008 627.630180
557056 675.219964
559104 635.728278
561152 686.809532
563200 709.239450
565248 699.358136
567296 719.582828
569344 712.395378
571392 669.051090
573440 719.006059
575488 678.752380
577536 710.457102
579584 701.503709
581632 676.015744
583680 680.493304
585728 697.005982
587776 682.414930
589824 719.097266
591872 663.219489
593920 595.604462
595968 594.688937
598016 608.700822
600064 601.440333
602112 593.305574
604160 607.562775
606208 585.123751
608256 592.922126
610304 593.213325
612352 559.830257
614400 584.890400
616448 597.792987
618496 614.672466
620544 582.800401
622592 583.398689
624640 592.002633
626688 599.621903
628736 623.961237
630784 608.973888
632832 634.393641
634880 601.836300
636928 610.562696
638976 633.803157
641024 631.885083
643072 598.561025
645120 592.356388
647168 596.288654
649216 628.757334
651264 634.930238
653312 595.109450
655360 583.456982
657408 573.504036
659456 600.211628
661504 599.129646
663552 590.457238
665600 580.997492
667648 608.840378
669696 642.908298
671744 659.008052
673792 682.981021
675840 613.309944
677888 629.130427
679936 665.425020
681984 715.835062
684032 661.272385
686080 644.627149
688128 606.077104
690176 672.859914
692224 683.789198
694272 671.175079
696320 666.554303
698368 618.144112
700416 634.271448
702464 652.617255
704512 661.600566
706560 665.302350
708608 639.902446
710656 666.163266
712704 658.445615
714752 662.419687
716800 658.920478
718848 623.051653
720896 636.730900
722944 644.835946
724992 684.379052
727040 668.365533
729088 638.878530
731136 646.175100
733184 651.515147
735232 649.889509
737280 658.437139
739328 658.933106
741376 673.872497
743424 640.650693
745472 661.040136
747520 637.158468
749568 654.928221
751616 648.387482
753664 637.836717
755712 689.564764
757760 627.838635
759808 643.694849
761856 615.646786
763904 614.687305
765952 660.129695
768000 587.786158
770048 601.960292
772096 623.686706
774144 642.939592
776192 644.397585
778240 603.466429
780288 594.863718
782336 598.627427
784384 594.457771
786432 588.913816
788480 600.931827
790528 589.916836
792576 589.200274
794624 572.098735
796672 622.705976
798720 718.229744
800768 662.064564
802816 682.459178
804864 685.439670
806912 736.120228
808960 712.344382
811008 647.141446
813056 707.775713
815104 659.533025
817152 702.682117
819200 684.535466
821248 703.945646
823296 722.846499
825344 729.301649
827392 693.066446
829440 621.006497
831488 634.525808
833536 629.276259
835584 668.286707
837632 717.954147
839680 674.921679
841728 737.774465
843776 718.622751
845824 748.908482
847872 766.466040
849920 708.416991
851968 711.429819
854016 765.315215
856064 711.578115
858112 693.932648
860160 680.381619
862208 666.034735
864256 694.600206
866304 756.762013
868352 807.648204
870400 698.636994
872448 735.665300
874496 701.252320
876544 719.980969
878592 656.765765
880640 722.046908
882688 714.533034
884736 714.358603
886784 707.190340
888832 729.026208
890880 766.596711
892928 739.582992
894976 670.429423
897024 653.522034
899072 666.746377
901120 619.684736
903168 703.911639
905216 713.390945
907264 711.049393
909312 762.870788
911360 658.597098
913408 673.260854
915456 656.764069
917504 683.087891
919552 690.431222
921600 607.432269
923648 673.467334
925696 588.792398
927744 646.266019
929792 645.205802
931840 671.503971
933888 698.785717
935936 720.490568
937984 645.587398
940032 679.480270
942080 640.554062
944128 684.153872
946176 693.676696
948224 639.116265
950272 621.620060
952320 588.380534
954368 551.787451
956416 615.863116
958464 587.237123
960512 643.306563
962560 638.430928
964608 682.241484
966656 764.903288
968704 801.093793
970752 639.250323
972800 632.071201
974848 669.256941
976896 626.190225
978944 690.016507
980992 687.850054
983040 805.359399
985088 697.873694
987136 728.973563
989184 776.406446
991232 807.392964
993280 832.461154
995328 812.873207
997376 793.459649
999424 761.182909
1001472 856.006414
1003520 851.500656
1005568 800.951830
1007616 834.359141
1009664 817.745429
1011712 918.970971
1013760 822.613354
1015808 873.316942
1017856 911.575833
1019904 893.000422
1021952 818.971253
1024000 917.123551
1026048 920.842555
1028096 857.803445
1030144 957.484329
1032192 876.984257
1034240 832.728920
1036288 929.090858
1038336 697.912559
1040384 775.464931
1042432 716.744736
1044480 682.806565
1046528 685.513262
1048576 737.817945
1050624 831.601422
1052672 736.798648
1054720 726.814192
1056768 821.581884
1058816 687.606628
1060864 585.496181
1062912 666.688916
1064960 732.431133
1067008 692.912574
1069056 748.632227
1071104 657.862505
1073152 798.859349
1075200 792.605637
1077248 889.202697
1079296 866.872798
1081344 814.071658
1083392 895.167619
1085440 803.925693
1087488 847.770474
1089536 704.369122
1091584 892.488507
1093632 820.483354
1095680 838.214826
1097728 741.576038
1099776 779.648667
1101824 753.419750
1103872 718.342515
1105920 862.673381
1107968 870.434912
1110016 710.743765
1112064 954.777638
1114112 844.249874
1116160 781.073914
1118208 825.033631
1120256 868.598399
1122304 666.175597
1124352 785.414670
1126400 890.599152
1128448 756.652308
1130496 777.384909
1132544 791.184614
1134592 855.526067
1136640 757.511564
1138688 796.498861
1140736 654.512331
1142784 603.802704
1144832 723.070564
1146880 664.402624
1148928 588.373552
1150976 619.874452
1153024 646.402544
1155072 770.748313
1157120 869.857066
1159168 583.948686
1161216 580.506756
1163264 588.755733
1165312 742.798591
1167360 909.145548
1169408 693.336291
1171456 756.097466
1173504 599.471944
1175552 827.226174
1177600 677.314458
1179648 794.753315
1181696 875.134329
1183744 600.575493
1185792 667.989410
1187840 587.166433
1189888 871.994164
1191936 730.673661
1193984 715.007998
1196032 835.402037
1198080 738.853201
1200128 750.817041
1202176 899.763031
1204224 831.035753
1206272 990.157492
1208320 1027.925243
1210368 955.181872
1212416 1029.106112
1214464 951.663414
1216512 1130.983946
1218560 1570.783322
1220608 1619.923756
1222656 1819.902662
1224704 1606.320730
1226752 1684.417246
1228800 1717.071417
1230848 1932.951031
1232896 1185.958708
1234944 1543.115593
1236992 1186.466304
1239040 1331.618279
1241088 1266.773663
1243136 1293.576796
1245184 1212.063662
1247232 973.567764
1249280 1276.193811
1251328 783.573089
1253376 835.771097
1255424 1018.225195
1257472 1121.163411
1259520 1573.879389
1261568 1091.030135
1263616 1024.648958
1265664 879.678822
1267712 818.215798
1269760 996.047729
1271808 1107.762440
1273856 1020.260121
1275904 840.875487
1277952 838.017675
1280000 842.254992
1282048 672.764709
1284096 709.667870
1286144 660.287801
1288192 728.668984
1290240 737.367181
1292288 934.735744
1294336 841.472206
1296384 839.950205
1298432 779.940256
1300480 684.129217
1302528 853.337807
1304576 929.218787
1306624 801.508152
1308672 1263.434747
1310720 916.610610
1312768 1096.545482
1314816 924.474772
1316864 849.099125
1318912 679.462578
1320960 685.239325
1323008 916.453870
1325056 670.003120
1327104 1022.118619
1329152 775.987695
1331200 849.074863
1333248 1088.248771
1335296 905.233138
1337344 835.873599
1339392 666.463208
1341440 875.755590
1343488 1113.810921
1345536 966.173147
1347584 832.044104
1349632 965.446149
1351680 871.028644
1353728 767.040628
1355776 682.290951
1357824 782.022813
1359872 685.448679
1361920 972.381599
1363968 846.098641
1366016 794.963020
1368064 807.479903
1370112 714.564168
1372160 886.293822
1374208 914.537823
1376256 956.407474
1378304 942.737443
1380352 875.924994
1382400 907.124393
1384448 806.448390
1386496 875.498689
1388544 894.190638
1390592 838.491466
1392640 944.451539
1394688 887.003038
1396736 831.187925
1398784 915.532907
1400832 823.379608
1402880 899.445856
1404928 1152.647819
1406976 1042.904929
1409024 836.254282
1411072 888.385649
1413120 770.044059
1415168 795.556372
1417216 717.124931
1419264 732.558401
1421312 884.840180
1423360 843.113679
1425408 920.396069
1427456 885.538693
1429504 903.216172
1431552 912.437361
1433600 849.389733
1435648 862.265379
1437696 907.835788
1439744 750.515465
1441792 995.226107
1443840 1098.473892
1445888 924.145451
1447936 932.657236
1449984 833.780050
1452032 893.319464
1454080 1253.192830
1456128 1136.848132
1458176 1265.921387
1460224 1495.558543
1462272 1271.032126
1464320 1180.114500
1466368 1286.198800
1468416 1409.781522
1470464 1391.274789
1472512 1339.982761
1474560 1002.332555
1476608 1174.085677
1478656 1275.346017
1480704 1236.835645
1482752 1251.992848
1484800 1214.167245
1486848 1414.300334
1488896 1487.554233
1490944 1596.939533
1492992 1421.544978
1495040 1551.200070
1497088 1030.082083
1499136 1175.044338
1501184 1131.883703
1503232 1222.498676
1505280 1426.655489
1507328 1674.084767
1509376 1601.613503
1511424 1038.762280
1513472 879.072533
1515520 1203.986064
1517568 1485.544789
1519616 1073.744075
1521664 1190.716321
1523712 1210.033788
1525760 1152.415341
1527808 1106.934749
1529856 1510.308243
1531904 1605.245674
1533952 1355.536323
1536000 1244.586342
1538048 1264.819619
1540096 1352.241362
1542144 1513.081544
1544192 1757.736116
1546240 1423.458171
1548288 1787.333887
1550336 1576.886359
1552384 1726.272083
1554432 1419.782449
1556480 1133.971821
1558528 1350.413017
1560576 1361.636927
1562624 1360.140682
1564672 1270.219875
1566720 1409.335929
1568768 1468.170345
1570816 1192.675193
1572864 1336.045840
1574912 938.535892
1576960 1556.191653
1579008 1189.719356
1581056 936.615589
1583104 1126.998139
1585152 1352.949893
1587200 898.973829
1589248 1041.572191
1591296 1345.960534
1593344 821.438343
1595392 1105.439976
1597440 1404.816725
1599488 1405.790148
1601536 1215.393875
1603584 1473.033584
1605632 936.987534
1607680 1358.390479
1609728 1299.451209
1611776 1593.901934
1613824 1080.227850
1615872 1465.881112
1617920 867.021481
1619968 995.843559
1622016 986.799461
1624064 725.205572
1626112 401.776848
1628160 931.425836
1630208 1136.146085
1632256 1181.222615
1634304 1163.128636
1636352 1067.180252
1638400 1130.440047
1640448 882.532135
1642496 1153.774023
1644544 1307.436630
1646592 1170.798541
1648640 917.697790
1650688 895.211943
1652736 947.793065
1654784 921.517928
1656832 971.318279
1658880 1125.234255
1660928 1151.873658
1662976 702.749679
1665024 1036.921957
1667072 977.383885
1669120 926.980512
1671168 1362.571499
1673216 1147.336818
1675264 914.693856
1677312 937.604240
1679360 1029.367820
1681408 1078.382367
1683456 1284.342989
1685504 1437.276943
1687552 1595.029031
1689600 961.285007
1691648 982.752030
1693696 1659.884602
1695744 1120.664546
1697792 1381.617491
1699840 987.179154
1701888 1181.672621
1703936 1175.113365
1705984 941.849406
1708032 766.303981
1710080 1025.728422
1712128 1311.191595
1714176 1025.612151
1716224 1163.655146
1718272 969.392187
1720320 1150.040645
1722368 939.151222
1724416 1267.959213
1726464 1213.281047
1728512 1204.765449
1730560 1103.441582
1732608 1068.648753
1734656 1044.930846
1736704 1127.089900
1738752 949.064071
1740800 947.795002
1742848 1399.331284
1744896 990.608064
1746944 1210.650188
1748992 1180.106664
1751040 1201.992643
1753088 894.224135
1755136 1101.409403
1757184 1081.310385
1759232 806.400094
1761280 954.834648
1763328 859.884050
1765376 1501.427841
1767424 988.145750
1769472 1079.993407
1771520 1214.944282
1773568 1165.180178
1775616 1170.346068
1777664 841.351439
1779712 1133.089028
1781760 1324.990607
1783808 1097.576063
1785856 798.589639
1787904 1176.892946
1789952 1527.629192
1792000 1016.466207
1794048 745.798481
1796096 919.759058
1798144 1104.055630
1800192 1085.241196
1802240 1282.207173
1804288 734.117747
1806336 1294.322853
1808384 1136.694568
1810432 1198.371072
1812480 1140.827798
1814528 1227.497045
1816576 1143.040217
1818624 1567.288759
1820672 1166.325043
1822720 1923.566243
1824768 1722.767518
1826816 1315.369356
1828864 1126.930593
1830912 1526.437303
1832960 1864.618362
1835008 1495.876784
1837056 1331.293808
1839104 1480.220465
1841152 1023.295981
1843200 1220.422722
1845248 894.362178
1847296 1700.441667
1849344 1358.699630
1851392 1484.200829
1853440 1790.827118
1855488 1637.195163
1857536 2701.216546
1859584 2023.743462
1861632 2654.736851
1863680 1977.340834
1865728 2240.725607
1867776 2068.131499
1869824 2004.457979
1871872 1629.075399
1873920 1637.989922
1875968 2222.267142
1878016 1868.099350
1880064 2312.153636
1882112 2187.544454
1884160 2627.164103
1886208 1932.386188
1888256 2429.661044
1890304 2221.501839
1892352 2218.985383
1894400 2241.463842
1896448 2362.357804
1898496 1679.868875
1900544 1911.612895
1902592 1572.159729
1904640 1826.630105
1906688 1483.586767
1908736 2020.207861
1910784 1909.981306
1912832 1791.468910
1914880 1344.053459
1916928 1809.982404
1918976 1665.766606
1921024 918.688353
1923072 1459.117116
1925120 999.011918
1927168 1421.319542
1929216 1119.689942
1931264 1216.307557
1933312 1299.552538
1935360 1402.761146
1937408 1507.133453
1939456 1261.329272
1941504 1005.561878
1943552 1173.806586
1945600 1424.052434
1947648 1048.240868
1949696 2124.976276
1951744 1452.294910
1953792 1564.002758
1955840 2242.730229
1957888 2494.199768
1959936 2209.763940
1961984 2230.746488
1964032 2414.756767
1966080 2421.873960
1968128 2319.765477
1970176 1813.085224
1972224 1823.539534
1974272 1998.757519
1976320 1705.589756
1978368 1921.159732
1980416 1753.796784
1982464 2053.634669
1984512 1246.642952
1986560 1823.232761
1988608 1414.157504
1990656 1599.837057
1992704 1497.590155
1994752 2133.190801
1996800 1872.794246
1998848 1268.340476
2000896 1417.190129
