2048 3.424397
4096 50.803263
6144 99.063536
8192 130.697133
10240 141.460658
12288 186.148984
14336 186.307867
16384 246.412329
18432 250.543998
20480 240.558486
22528 254.331678
24576 237.213082
26624 299.649640
28672 296.086713
30720 264.652145
32768 249.052722
34816 307.913409
36864 269.331985
38912 274.443040
40960 298.631972
43008 281.361016
45056 253.749152
47104 308.261862
49152 294.450217
51200 268.847398
53248 297.812398
55296 283.885912
57344 276.143524
59392 297.542009
61440 254.396204
63488 247.180299
65536 278.914291
67584 264.683990
69632 233.956823
71680 251.939592
73728 195.278910
75776 261.445799
77824 272.262001
79872 263.808216
81920 282.724453
83968 251.074852
86016 199.782219
88064 198.654655
90112 282.436444
92160 310.696074
94208 353.891819
96256 317.284801
98304 323.924490
100352 333.024629
102400 376.878567
104448 398.334430
106496 323.896519
108544 421.107317
110592 384.188358
112640 403.536738
114688 365.894237
116736 390.554982
118784 380.690773
120832 361.788581
122880 351.962730
124928 402.319005
126976 411.780229
129024 443.767829
131072 389.720582
133120 404.099725
135168 403.969622
137216 372.670243
139264 387.870622
141312 389.517898
143360 433.822285
145408 424.084361
147456 488.185290
149504 448.039400
151552 418.233144
153600 443.071059
155648 413.389024
157696 449.542825
159744 426.831505
161792 424.595971
163840 440.976051
165888 468.741546
167936 440.745791
169984 427.243587
172032 492.513108
174080 398.925999
176128 478.249966
178176 522.967354
180224 497.362785
182272 487.680946
184320 554.820501
186368 487.877958
188416 559.767388
190464 518.907530
192512 485.274360
194560 542.264753
196608 547.469089
198656 577.003661
200704 558.466535
202752 573.816554
204800 628.915318
206848 585.364274
208896 567.602405
210944 630.060927
212992 589.862592
215040 573.857428
217088 717.285192
219136 563.807201
221184 645.063942
223232 623.563003
225280 625.631196
227328 664.477076
229376 664.342143
231424 581.587205
233472 602.830981
235520 594.722584
237568 760.861966
239616 724.888217
241664 585.626466
243712 725.082573
245760 733.382792
247808 741.059476
249856 734.512177
251904 760.282491
253952 735.179607
256000 816.903551
258048 811.889312
260096 729.609434
262144 768.321403
264192 757.038195
266240 868.101926
268288 851.131615
270336 851.304801
272384 868.930881
274432 899.377433
276480 825.998218
278528 858.676219
280576 919.830187
282624 850.548023
284672 915.712284
286720 936.334283
288768 1003.514373
290816 1042.163508
292864 869.420000
294912 966.790602
296960 983.299501
299008 950.561356
301056 995.326186
303104 924.917319
305152 957.572045
307200 973.543077
309248 967.328288
311296 829.342483
313344 967.607254
315392 931.967750
317440 917.242499
319488 869.496007
321536 921.516882
323584 950.737574
325632 946.750313
327680 849.014471
329728 777.642159
331776 904.756449
333824 918.357160
335872 883.858938
337920 923.002365
339968 991.142698
342016 1024.071096
344064 1078.857918
346112 1098.653583
348160 1048.335352
350208 1114.212951
352256 1195.345096
354304 1305.247046
356352 1100.912099
358400 1351.397100
360448 1137.394470
362496 1246.537693
364544 1225.764840
366592 1140.471530
368640 1238.634782
370688 1065.769036
372736 1127.718954
374784 1358.030084
376832 1357.222610
378880 1181.666163
380928 1047.079657
382976 1106.636888
385024 1258.984644
387072 1254.149337
389120 1158.908347
391168 1272.230962
393216 1081.763927
395264 1247.510799
397312 1099.849530
399360 1085.676027
401408 1112.222962
403456 1052.469934
405504 1083.043663
407552 1136.278899
409600 1295.402110
411648 1125.687588
413696 1089.346907
415744 1074.724844
417792 1216.729503
419840 1093.241573
421888 1092.404293
423936 949.286166
425984 1189.864114
428032 1290.561844
430080 1453.403545
432128 1255.171236
434176 1375.362586
436224 1477.232731
438272 1480.472197
440320 1123.799441
442368 1142.069055
444416 1272.346671
446464 1166.457175
448512 1295.473508
450560 1307.587081
452608 1305.377988
454656 1214.636343
456704 1653.896619
458752 1354.289850
460800 1049.496447
462848 1012.183291
464896 1529.937792
466944 1288.968255
468992 1292.949722
471040 1204.136638
473088 1275.501140
475136 1561.083591
477184 1431.641109
479232 1039.040677
481280 1696.167743
483328 1314.607999
485376 1317.930859
487424 1553.205582
489472 1554.342018
491520 1376.029694
493568 1436.744416
495616 2000.231980
497664 1269.524615
499712 1391.624305
501760 1700.401172
503808 2185.374596
505856 1158.722465
507904 1895.928135
509952 1672.304910
512000 1911.830850
514048 1483.636101
516096 1655.316441
518144 1922.675320
520192 1453.627703
522240 1361.211093
524288 2063.803648
526336 1804.918822
528384 1897.071808
530432 1568.391175
532480 1460.192983
534528 1268.509254
536576 1702.269172
538624 1456.593651
540672 1423.919619
542720 1355.936656
544768 1576.994847
546816 1485.494282
548864 1416.197598
550912 1525.788792
552960 1475.586281
555008 1487.092187
557056 1268.686388
559104 1156.743397
561152 1320.890149
563200 1479.227274
565248 1429.360231
567296 1324.165356
569344 1334.319725
571392 1445.084654
573440 1912.124788
575488 1817.159938
577536 2057.243600
579584 2224.596239
581632 1847.779757
583680 1973.131966
585728 1788.321936
587776 1439.562179
589824 2256.776652
591872 895.737732
593920 1037.367070
595968 928.171434
598016 957.662852
600064 1696.672856
602112 1846.146424
604160 1696.880650
606208 1782.985745
608256 1465.016181
610304 1366.549139
612352 1296.777267
614400 1328.005520
616448 1881.856448
618496 1236.205872
620544 1077.642966
622592 1556.266882
624640 1076.081099
626688 2353.233531
628736 1232.301793
630784 2138.644960
632832 1697.926157
634880 1527.528376
636928 1954.587371
638976 1661.729446
641024 1861.311527
643072 2588.642600
645120 2543.485183
647168 1937.137075
649216 1810.215656
651264 1796.278177
653312 1455.116131
655360 1551.397175
657408 2176.044736
659456 2095.866127
661504 1621.326081
663552 1803.516964
665600 2328.544698
667648 2697.152932
669696 1912.922804
671744 2295.846702
673792 2184.841387
675840 2193.830995
677888 1948.713955
679936 2227.786515
681984 1768.917299
684032 1948.786436
686080 2145.877120
688128 1960.828375
690176 1504.658984
692224 1342.600483
694272 2306.908386
696320 1518.133170
698368 1847.898752
700416 2437.272747
702464 1493.549086
704512 1886.950482
706560 1857.070018
708608 1357.814604
710656 1819.544285
712704 1474.377596
714752 1667.454171
716800 1824.012408
718848 1425.078020
720896 1663.504359
722944 1183.027696
724992 1309.978245
727040 1734.980108
729088 1099.476222
731136 1309.569696
733184 1456.802590
735232 1257.317462
737280 1606.167290
739328 1359.540014
741376 1182.642537
743424 1423.640879
745472 1419.615380
747520 1225.713300
749568 1523.941237
751616 1134.785353
753664 1365.075530
755712 1393.042573
757760 1755.203933
759808 1084.132328
761856 1320.415812
763904 1664.227315
765952 1692.891942
768000 1505.157295
770048 1917.109601
772096 1819.141475
774144 1505.087071
776192 1890.610129
778240 1837.859074
780288 1170.662041
782336 1163.241306
784384 1286.345501
786432 639.703559
788480 892.791097
790528 859.854133
792576 1235.974977
794624 908.034560
796672 837.316506
798720 736.766265
800768 1181.158426
802816 649.978015
804864 841.046030
806912 744.428790
808960 886.559389
811008 983.889089
813056 829.150720
815104 1020.745333
817152 892.529871
819200 773.860187
821248 1073.585043
823296 743.365749
825344 1055.495158
827392 840.124801
829440 1119.830628
831488 1092.344452
833536 1089.234153
835584 1311.508535
837632 1120.668401
839680 921.395699
841728 1130.704571
843776 986.461073
845824 1224.234686
847872 1085.152037
849920 1010.036437
851968 963.838400
854016 1019.357924
856064 1123.190966
858112 1154.619607
860160 1056.366750
862208 1048.914681
864256 1191.663675
866304 990.443637
868352 955.539748
870400 1071.635277
872448 1298.423448
874496 1296.749229
876544 1046.424095
878592 1143.830349
880640 1339.351164
882688 797.310216
884736 1020.197433
886784 1022.683516
888832 989.630393
890880 1746.537646
892928 1334.361306
894976 1029.343136
897024 1289.575178
899072 1661.687073
901120 1061.192633
903168 1335.378269
905216 1322.482575
907264 1379.028786
909312 1044.843088
911360 1054.883310
913408 1115.283028
915456 1039.040029
917504 1024.612724
919552 989.530740
921600 987.851895
923648 1002.064432
925696 938.065188
927744 872.304641
929792 876.926811
931840 829.685155
933888 1146.995299
935936 890.195206
937984 892.007105
940032 1416.998742
942080 1728.176699
944128 1262.591337
946176 1260.938690
948224 1644.715120
950272 1199.232164
952320 1025.202017
954368 2258.278286
956416 1278.010182
958464 1407.472454
960512 1217.635770
962560 1442.173753
964608 937.703327
966656 931.983377
968704 845.341782
970752 910.881949
972800 791.569924
974848 803.349930
976896 1010.510875
978944 836.459351
980992 1174.603270
983040 889.680093
985088 1165.872952
987136 974.568483
989184 933.976350
991232 1018.737984
993280 1147.803964
995328 998.032772
997376 1368.430791
999424 1072.379548
1001472 875.059763
1003520 1130.848660
1005568 1131.700111
1007616 1141.377189
1009664 964.324588
1011712 917.097516
1013760 818.546316
1015808 1027.713133
1017856 1107.600645
1019904 1078.340044
1021952 1387.485668
1024000 1290.601427
1026048 1288.096730
1028096 1154.138539
1030144 1471.124257
1032192 1121.851951
1034240 1159.678809
1036288 1290.711456
1038336 1150.119042
1040384 1167.722280
1042432 1036.557874
1044480 1054.909875
1046528 915.589577
1048576 908.897075
1050624 919.321975
1052672 875.105778
1054720 911.891405
1056768 804.920811
1058816 807.017097
1060864 916.741706
1062912 880.757641
1064960 939.992631
1067008 1086.595169
1069056 1137.600672
1071104 1070.382401
1073152 880.915689
1075200 1236.429575
1077248 1317.660876
1079296 825.352463
1081344 1138.479990
1083392 1159.619678
1085440 1429.675327
1087488 1302.105745
1089536 1321.939602
1091584 1289.217719
1093632 1251.534071
1095680 1355.544616
1097728 1169.571984
1099776 1044.376492
1101824 1405.569998
1103872 1426.174827
1105920 1532.460293
1107968 1474.915300
1110016 1456.898173
1112064 1853.684197
1114112 1667.328988
1116160 2044.163302
1118208 2258.906297
1120256 1450.316264
1122304 1227.619899
1124352 1087.866491
1126400 1121.382377
1128448 1018.699082
1130496 943.134394
1132544 1364.809903
1134592 691.427271
1136640 694.989795
1138688 925.613332
1140736 695.496762
1142784 944.801839
1144832 974.647920
1146880 900.520784
1148928 1024.235905
1150976 1031.928411
1153024 1410.717882
1155072 1337.763070
1157120 1430.699209
1159168 1297.893130
1161216 1261.878340
1163264 1346.570501
1165312 1314.209587
1167360 1264.553474
1169408 1181.161639
1171456 1431.998944
1173504 1515.234677
1175552 1501.462690
1177600 1295.724028
1179648 1178.509702
1181696 1174.682526
1183744 1329.954409
1185792 1153.453794
1187840 1366.899106
1189888 1013.896922
1191936 1143.598508
1193984 980.282993
1196032 1083.055265
1198080 1201.939349
1200128 1185.207357
1202176 1214.724924
1204224 862.722416
1206272 870.851243
1208320 1009.119444
1210368 1084.341906
1212416 915.695575
1214464 1013.879135
1216512 1011.728492
1218560 950.659405
1220608 1050.588175
1222656 1145.280642
1224704 971.256709
1226752 1010.880479
1228800 849.986232
1230848 861.294337
1232896 771.341956
1234944 753.384439
1236992 771.945757
1239040 922.432881
1241088 803.408771
1243136 787.387057
1245184 717.900503
1247232 844.256235
1249280 751.419246
1251328 717.448565
1253376 689.649718
1255424 801.580151
1257472 981.891357
1259520 1027.466844
1261568 1046.524067
1263616 1150.874608
1265664 1262.683490
1267712 1278.395541
1269760 1182.824350
1271808 1271.977583
1273856 1370.422870
1275904 1535.983594
1277952 1285.417092
1280000 1433.529202
1282048 1293.799406
1284096 1739.226311
1286144 1823.676685
1288192 1496.448762
1290240 1590.261540
1292288 1130.449445
1294336 1503.604704
1296384 1541.104749
1298432 1530.047453
1300480 1571.578258
1302528 1809.585022
1304576 1740.601689
1306624 1489.325222
1308672 1493.596745
1310720 1134.911735
1312768 1526.198808
1314816 1352.864798
1316864 1331.248933
1318912 1320.998681
1320960 1494.808783
1323008 1252.442550
1325056 1270.666443
1327104 1423.715404
1329152 1486.550482
1331200 1579.329675
1333248 1530.010868
1335296 1130.980197
1337344 1382.366409
1339392 1144.137817
1341440 986.131036
1343488 1247.605529
1345536 1341.980909
1347584 1253.676139
1349632 1197.439442
1351680 1154.746867
1353728 1399.676761
1355776 1527.953351
1357824 1491.045460
1359872 1642.026709
1361920 1612.019986
1363968 1553.050686
1366016 1599.775857
1368064 1290.631660
1370112 1663.894779
1372160 1530.924793
1374208 1464.579740
1376256 1340.145886
1378304 1426.325677
1380352 1669.326356
1382400 1542.135799
1384448 1197.446822
1386496 1323.175198
1388544 1200.339384
1390592 1267.227921
1392640 1471.828411
1394688 1128.808738
1396736 1532.428295
1398784 1506.321977
1400832 1462.525597
1402880 1653.469961
1404928 1392.031468
1406976 1494.766429
1409024 1281.053092
1411072 1526.043648
1413120 1298.307574
1415168 1356.468152
1417216 1202.246275
1419264 1424.054041
1421312 1310.741112
1423360 1405.128119
1425408 1477.495328
1427456 1240.844706
1429504 1318.555912
1431552 1663.831948
1433600 1298.102990
1435648 1321.353834
1437696 1427.516514
1439744 1167.741419
1441792 1768.568333
1443840 1202.568039
1445888 1357.480571
1447936 1387.155377
1449984 1516.523959
1452032 1547.501729
1454080 1493.054146
1456128 1590.746383
1458176 1703.576893
1460224 1494.204726
1462272 1647.571802
1464320 1571.792884
1466368 1385.537158
1468416 1436.479697
1470464 1442.512880
1472512 1280.734301
1474560 1176.397110
1476608 1382.161396
1478656 1464.471665
1480704 1275.860467
1482752 1327.144293
1484800 1280.238613
1486848 1358.113114
1488896 1386.131230
1490944 1158.387423
1492992 1380.502592
1495040 1263.965705
1497088 1610.880258
1499136 1348.513253
1501184 1537.038848
1503232 1237.208804
1505280 1478.254263
1507328 1215.572437
1509376 1339.863438
1511424 1273.710470
1513472 1288.225477
1515520 1526.669201
1517568 1431.130344
1519616 1377.297421
1521664 1207.814091
1523712 1316.263131
1525760 1218.540177
1527808 1284.742578
1529856 1377.740092
1531904 1267.994276
1533952 1166.366122
1536000 1378.431892
1538048 1398.123807
1540096 1300.975200
1542144 986.729702
1544192 1203.522324
1546240 1475.273937
1548288 1651.456721
1550336 1464.999152
1552384 1366.557949
1554432 1240.795648
1556480 1132.746464
1558528 1266.709365
1560576 1346.703066
1562624 1108.801314
1564672 1311.615664
1566720 1670.423202
1568768 1286.157344
1570816 1393.717930
1572864 1123.361648
1574912 1320.603063
1576960 1352.821619
1579008 1509.941708
1581056 1191.156026
1583104 1436.233750
1585152 1307.623118
1587200 1208.033152
1589248 1184.208721
1591296 1243.410132
1593344 1262.105282
1595392 1180.540337
1597440 1033.406100
1599488 1265.573158
1601536 1256.520220
1603584 1181.497102
1605632 1171.616770
1607680 1488.095145
1609728 1405.481738
1611776 1602.635014
1613824 1252.181865
1615872 1273.978427
1617920 1123.368929
1619968 1079.919984
1622016 1264.456920
1624064 1659.978504
1626112 1358.497411
1628160 1761.487406
1630208 1355.435088
1632256 1222.831521
1634304 1176.336036
1636352 1395.534681
1638400 1186.713778
1640448 1133.261141
1642496 1287.089286
1644544 905.302706
1646592 1259.366539
1648640 1005.201778
1650688 1018.038798
1652736 1216.636849
1654784 989.988458
1656832 1130.406217
1658880 1016.256476
1660928 712.747439
1662976 997.056425
1665024 965.613433
1667072 949.210443
1669120 807.614031
1671168 925.299697
1673216 1216.279197
1675264 1077.860480
1677312 1039.780671
1679360 984.421545
1681408 1282.114721
1683456 976.183819
1685504 1120.382694
1687552 899.910815
1689600 768.992177
1691648 834.094348
1693696 794.726851
1695744 852.999352
1697792 833.723588
1699840 842.683463
1701888 727.760959
1703936 874.919036
1705984 672.028804
1708032 815.661171
1710080 1194.903892
1712128 807.106934
1714176 562.937818
1716224 783.525358
1718272 741.839081
1720320 945.079135
1722368 809.804493
1724416 822.490048
1726464 866.506095
1728512 756.066362
1730560 793.743568
1732608 895.737960
1734656 644.921533
1736704 715.165565
1738752 782.271380
1740800 705.710406
1742848 761.061438
1744896 742.761488
1746944 812.636689
1748992 714.055766
1751040 979.226221
1753088 1024.407920
1755136 823.953031
1757184 1010.787849
1759232 1022.778921
1761280 854.357597
1763328 836.055972
1765376 787.225022
1767424 883.408081
1769472 781.402704
1771520 811.220880
1773568 697.065110
1775616 913.104230
1777664 804.711856
1779712 751.617027
1781760 872.668364
1783808 822.053463
1785856 782.814518
1787904 853.157372
1789952 760.180594
1792000 939.981513
1794048 796.245838
1796096 838.549193
1798144 812.455526
1800192 822.903740
1802240 765.791512
1804288 886.811530
1806336 871.223044
1808384 958.622695
1810432 845.947439
1812480 896.455903
1814528 924.677499
1816576 857.223300
1818624 923.068238
1820672 1041.506319
1822720 935.745039
1824768 1049.508826
1826816 886.042200
1828864 967.148178
1830912 874.158189
1832960 1024.268428
1835008 952.462988
1837056 854.376178
1839104 1071.090113
1841152 981.745689
1843200 1030.165056
1845248 1029.814751
1847296 1145.949050
1849344 1195.211613
1851392 1087.823381
1853440 1022.518404
1855488 1234.010212
1857536 1102.716630
1859584 938.326673
1861632 1165.545086
1863680 1056.301944
1865728 981.218181
1867776 1058.790983
1869824 1171.441020
1871872 1005.241088
1873920 863.370997
1875968 1106.431843
1878016 1172.044224
1880064 1067.955025
1882112 1084.079594
1884160 914.329863
1886208 879.195161
1888256 995.117160
1890304 863.474162
1892352 1030.133146
1894400 932.341295
1896448 1221.298951
1898496 1138.430859
1900544 1039.685759
1902592 1006.666427
1904640 1052.985306
1906688 1149.634108
1908736 1162.701917
1910784 1110.579948
1912832 1163.304036
1914880 934.643450
1916928 1192.189303
1918976 979.253981
1921024 1005.601642
1923072 1007.937321
1925120 910.759854
1927168 1034.418238
1929216 981.636209
1931264 915.439034
1933312 955.147617
1935360 839.384146
1937408 940.828080
1939456 1090.970972
1941504 898.050999
1943552 963.829255
1945600 976.823536
1947648 1014.490455
1949696 956.147870
1951744 939.725137
1953792 1040.484126
1955840 1117.246014
1957888 998.439506
1959936 1023.779907
1961984 1161.200334
1964032 1007.355204
1966080 926.198078
1968128 996.764806
1970176 1041.984490
1972224 1156.739226
1974272 1035.543679
1976320 1021.915867
1978368 959.966644
1980416 1004.254207
1982464 1033.907552
1984512 920.565514
1986560 1218.691186
1988608 952.405254
1990656 908.578439
1992704 977.252091
1994752 992.375108
1996800 1031.788313
1998848 869.623738
2000896 857.502787
