2048 8.634781
4096 21.990308
6144 119.414062
8192 162.146672
10240 186.127664
12288 192.691904
14336 108.431893
16384 240.303740
18432 252.823039
20480 309.146148
22528 307.480197
24576 232.289294
26624 238.277779
28672 253.805215
30720 345.917829
32768 278.477630
34816 258.769210
36864 225.230205
38912 256.745527
40960 279.613122
43008 282.603429
45056 344.631499
47104 323.918905
49152 289.222168
51200 287.794150
53248 275.432963
55296 298.109404
57344 256.379427
59392 312.784669
61440 299.136641
63488 245.304372
65536 211.019948
67584 225.624153
69632 268.216712
71680 245.887088
73728 286.022997
75776 333.206329
77824 241.300768
79872 299.148497
81920 322.886717
83968 264.722883
86016 295.327737
88064 320.884249
90112 317.723219
92160 246.532482
94208 267.387798
96256 278.612443
98304 278.531188
100352 309.470256
102400 294.448114
104448 295.250050
106496 314.305338
108544 295.129264
110592 304.053515
112640 270.302024
114688 340.301815
116736 283.855329
118784 319.241469
120832 331.538626
122880 366.545451
124928 336.335611
126976 366.732847
129024 337.565122
131072 387.002800
133120 367.043082
135168 367.522482
137216 371.945828
139264 373.434150
141312 342.351979
143360 368.611600
145408 336.136324
147456 347.467624
149504 348.930242
151552 332.950843
153600 349.187202
155648 315.172785
157696 321.798015
159744 295.141458
161792 308.542270
163840 301.207314
165888 321.278571
167936 312.187456
169984 320.416940
172032 337.493102
174080 345.745060
176128 341.010274
178176 354.307069
180224 349.415048
182272 343.481497
184320 348.428798
186368 327.881003
188416 337.900958
190464 342.311781
192512 357.378396
194560 366.639804
196608 370.036370
198656 399.235741
200704 373.963299
202752 402.115573
204800 390.589703
206848 404.149192
208896 403.801786
210944 422.730199
212992 397.942396
215040 403.470653
217088 407.661871
219136 402.671923
221184 428.128176
223232 404.294125
225280 424.373932
227328 413.527447
229376 420.453548
231424 402.959533
233472 419.192028
235520 431.462545
237568 405.759253
239616 410.101674
241664 440.601537
243712 440.020460
245760 453.810738
247808 465.477278
249856 485.666403
251904 408.041053
253952 475.990254
256000 459.766197
258048 471.159259
260096 485.728726
262144 503.758910
264192 505.393898
266240 476.991533
268288 494.962404
270336 477.996135
272384 494.306756
274432 486.184274
276480 459.875149
278528 475.553365
280576 537.880028
282624 516.717414
284672 515.658566
286720 491.098418
288768 528.305855
290816 513.322113
292864 534.094988
294912 548.544251
296960 514.092082
299008 561.870595
301056 521.956675
303104 520.192349
305152 500.493281
307200 600.273499
309248 539.415452
311296 663.105278
313344 594.866571
315392 680.726948
317440 735.254036
319488 673.465303
321536 791.261707
323584 800.221833
325632 696.129998
327680 704.012170
329728 713.937068
331776 786.011309
333824 789.029784
335872 833.010888
337920 775.484980
339968 804.981061
342016 1143.519051
344064 1046.458791
346112 796.395992
348160 821.643595
350208 953.701929
352256 832.879109
354304 751.636360
356352 1274.096548
358400 1330.140849
360448 1286.410206
362496 1498.254236
364544 1471.135916
366592 1076.622657
368640 959.955288
370688 1678.288764
372736 1604.662914
374784 1273.021028
376832 1747.204181
378880 1974.407891
380928 1335.273192
382976 1535.162211
385024 1473.189692
387072 1554.738797
389120 1250.674683
391168 1499.120060
393216 1697.374300
395264 1835.477088
397312 1367.734240
399360 1062.077221
401408 889.351017
403456 766.837572
405504 713.794965
407552 810.328414
409600 759.646774
411648 733.411747
413696 758.545329
415744 769.466040
417792 767.961730
419840 687.457452
421888 904.016627
423936 798.636481
425984 856.323527
428032 839.813982
430080 766.500146
432128 801.719680
434176 827.288986
436224 852.483711
438272 824.645562
440320 799.176917
442368 846.269773
444416 903.957929
446464 800.863813
448512 912.974005
450560 1075.313706
452608 767.736524
454656 916.246273
456704 1004.698850
458752 778.427589
460800 877.850664
462848 849.662307
464896 850.896958
466944 886.334008
468992 772.834757
471040 799.578520
473088 993.292726
475136 633.622154
477184 866.311475
479232 892.590134
481280 1030.733318
483328 871.138433
485376 1997.010388
487424 1111.679579
489472 839.646007
491520 880.092801
493568 682.101194
495616 1221.809263
497664 972.763207
499712 958.602664
501760 856.622010
503808 863.976327
505856 1011.114274
507904 988.680324
509952 533.253331
512000 574.132455
514048 558.401694
516096 601.148278
518144 524.907948
520192 644.886549
522240 609.592736
524288 622.463724
526336 660.373717
528384 662.495742
530432 741.812026
532480 688.445010
534528 814.190204
536576 588.642640
538624 739.369129
540672 690.881531
542720 861.005271
544768 595.164707
546816 609.465111
548864 697.004700
550912 630.146896
552960 573.851433
555008 612.039918
557056 558.449431
559104 658.150443
561152 674.728312
563200 599.048308
565248 724.943313
567296 656.146808
569344 748.310888
571392 775.284082
573440 453.885638
575488 802.344270
577536 674.615276
579584 751.444482
581632 668.214207
583680 659.307032
585728 688.772349
587776 714.955565
589824 748.228120
591872 599.115632
593920 800.743452
595968 797.579833
598016 855.911349
600064 780.566522
602112 740.923070
604160 913.833201
606208 765.053876
608256 867.675884
610304 825.723187
612352 846.078852
614400 872.516306
616448 844.276997
618496 747.173763
620544 778.595163
622592 1068.362580
624640 937.272936
626688 1000.973956
628736 936.743645
630784 1062.631429
632832 1005.062430
634880 876.359317
636928 868.900170
638976 976.584225
641024 975.965455
643072 1090.982053
645120 1148.491196
647168 1422.034162
649216 1215.208713
651264 1459.060103
653312 909.891752
655360 944.098237
657408 1065.664853
659456 1155.988962
661504 1114.889931
663552 869.487177
665600 1138.538103
667648 979.946612
669696 908.005493
671744 895.950217
673792 664.192335
675840 845.524456
677888 1036.833279
679936 987.831866
681984 1238.735356
684032 1118.948988
686080 1129.595659
688128 1033.541772
690176 1006.172598
692224 1008.200952
694272 1029.681930
696320 875.770579
698368 909.175637
700416 857.502037
702464 1063.531846
704512 1184.490692
706560 1472.707050
708608 831.409082
710656 836.363256
712704 833.287307
714752 806.716883
716800 868.247949
718848 740.668510
720896 832.787182
722944 876.394772
724992 805.631370
727040 942.906621
729088 956.689770
731136 803.732856
733184 772.457825
735232 862.621476
737280 814.887225
739328 750.714613
741376 804.891040
743424 787.732089
745472 857.927961
747520 941.715850
749568 1049.092914
751616 1065.333859
753664 1146.041440
755712 953.624169
757760 1129.829703
759808 1367.466511
761856 1046.779299
763904 1071.247665
765952 1411.852700
768000 1179.544308
770048 1278.510929
772096 1067.517702
774144 1351.997058
776192 1228.652570
778240 1230.917795
780288 1251.394871
782336 1314.932772
784384 1375.004378
786432 1391.085642
788480 1181.351694
790528 923.678629
792576 1074.991257
794624 1058.914417
796672 849.540747
798720 895.524938
800768 800.989648
802816 858.312435
804864 852.220344
806912 807.974987
808960 792.968265
811008 768.637662
813056 972.160776
815104 1003.588479
817152 776.616757
819200 861.451774
821248 787.531896
823296 840.036240
825344 916.504429
827392 916.909861
829440 969.633969
831488 965.498848
833536 846.490374
835584 853.554061
837632 877.612175
839680 794.920511
841728 1032.032576
843776 1213.890742
845824 895.267975
847872 808.645661
849920 779.757847
851968 949.886630
854016 1099.222323
856064 1060.846433
858112 1039.266764
860160 1071.921497
862208 915.503473
864256 1012.855822
866304 994.318150
868352 1359.295930
870400 1310.568087
872448 1214.442738
874496 1080.015159
876544 1036.914520
878592 1065.644857
880640 841.800551
882688 1073.105351
884736 1074.013342
886784 1096.017143
888832 1090.366996
890880 1170.923659
892928 1220.019713
894976 1181.371083
897024 1029.244058
899072 986.417515
901120 1241.391370
903168 1123.996024
905216 1360.348891
907264 1308.490525
909312 1345.995704
911360 1140.899193
913408 875.150379
915456 746.895251
917504 1131.994615
919552 1243.856186
921600 936.532405
923648 1003.823639
925696 1001.580014
927744 977.811526
929792 867.437860
931840 991.599739
933888 925.995050
935936 947.397982
937984 975.478108
940032 947.914461
942080 1027.842604
944128 945.846226
946176 947.470551
948224 947.808006
950272 939.398838
952320 987.648345
954368 999.674701
956416 963.834772
958464 983.979617
960512 934.788829
962560 921.044670
964608 951.370884
966656 973.219534
968704 880.927329
970752 949.716465
972800 888.972081
974848 818.549559
976896 833.218749
978944 859.404736
980992 801.300001
983040 749.331464
985088 854.626247
987136 895.932902
989184 927.560824
991232 926.145011
993280 884.927615
995328 992.005480
997376 1007.691768
999424 1064.356787
1001472 1547.597067
1003520 933.604985
1005568 902.274988
1007616 1216.890831
1009664 967.157008
1011712 1141.687760
1013760 1152.335982
1015808 1141.160053
1017856 1146.566531
1019904 1177.744943
1021952 1340.614110
1024000 1118.076689
1026048 1014.450633
1028096 1071.327629
1030144 1137.594930
1032192 1169.927243
1034240 990.928108
1036288 1225.982115
1038336 1271.934518
1040384 1326.323263
1042432 1390.938140
1044480 1405.430507
1046528 1524.073492
1048576 857.827738
1050624 541.695016
1052672 1319.242478
1054720 1672.460204
1056768 944.474181
1058816 415.001185
1060864 1940.304959
1062912 1754.227300
1064960 1658.600563
1067008 1837.583228
1069056 1696.275281
1071104 1377.797417
1073152 927.185226
1075200 1408.444221
1077248 1367.444023
1079296 1117.736512
1081344 1219.949858
1083392 1076.180095
1085440 976.262059
1087488 1619.450536
1089536 1040.946431
1091584 1197.257387
1093632 1056.620446
1095680 1123.266065
1097728 1221.988348
1099776 1099.213123
1101824 1199.594920
1103872 1357.596050
1105920 1336.721756
1107968 1156.886223
1110016 1200.190181
1112064 1471.815885
1114112 1175.399023
1116160 1418.156102
1118208 1540.513698
1120256 1642.982989
1122304 1762.220173
1124352 2089.351952
1126400 1513.821246
1128448 2335.411221
1130496 2271.496848
1132544 1896.485002
1134592 2184.731913
1136640 1664.307429
1138688 2047.911277
1140736 1871.973323
1142784 1693.369616
1144832 1967.381215
1146880 1260.797423
1148928 1303.244126
1150976 1782.498021
1153024 1657.146864
1155072 1635.388364
1157120 1666.204971
1159168 1479.107601
1161216 1757.159498
1163264 1562.234247
1165312 1638.987427
1167360 2794.008279
1169408 1460.190916
1171456 1744.243012
1173504 1758.935529
1175552 1466.820480
1177600 1224.323817
1179648 1391.854945
1181696 1300.574340
1183744 876.908028
1185792 1379.901208
1187840 1272.693809
1189888 1487.919782
1191936 1842.698633
1193984 1286.945390
1196032 1411.956272
1198080 1649.950914
1200128 1277.460174
1202176 1540.140642
1204224 1819.690955
1206272 1349.774733
1208320 993.511151
1210368 1758.249971
1212416 1161.194520
1214464 1328.051462
1216512 1474.093623
1218560 1395.806101
1220608 1176.290444
1222656 1218.605832
1224704 1514.229819
1226752 1531.295755
1228800 1105.533469
1230848 1202.057387
1232896 1059.384215
1234944 1517.154368
1236992 897.713020
1239040 1330.607313
1241088 1469.701695
1243136 714.741122
1245184 905.749789
1247232 773.009738
1249280 1237.727308
1251328 1192.625493
1253376 1320.120071
1255424 968.681998
1257472 1485.967246
1259520 1105.604675
1261568 1286.188423
1263616 1034.781620
1265664 1238.382111
1267712 1075.878257
1269760 1030.712555
1271808 1083.770258
1273856 1142.050337
1275904 870.323399
1277952 1173.503891
1280000 1153.567855
1282048 997.559881
1284096 1224.987059
1286144 1272.615283
1288192 1249.151925
1290240 1386.052075
1292288 1860.918117
1294336 1419.022843
1296384 882.476024
1298432 1337.704520
1300480 1548.254925
1302528 1173.998400
1304576 1508.381073
1306624 1405.977036
1308672 1525.577151
1310720 1579.831469
1312768 1392.553298
1314816 1539.033374
1316864 1710.858254
1318912 1757.146994
1320960 1275.742004
1323008 1157.766490
1325056 1281.112763
1327104 1323.476304
1329152 1056.526082
1331200 1372.578309
1333248 1252.806106
1335296 1171.064700
1337344 1034.734453
1339392 1218.627242
1341440 1146.962802
1343488 1354.248991
1345536 1221.145480
1347584 1104.107878
1349632 2002.625463
1351680 1150.840667
1353728 1571.491847
1355776 1222.234677
1357824 1219.345981
1359872 1018.461431
1361920 927.719989
1363968 1464.106222
1366016 1890.633893
1368064 1366.398261
1370112 1323.273820
1372160 1005.561567
1374208 876.367351
1376256 975.551718
1378304 1005.582779
1380352 1161.842576
1382400 902.932731
1384448 876.497155
1386496 1050.012572
1388544 1636.769869
1390592 1472.939369
1392640 1549.906312
1394688 1254.954737
1396736 1118.453598
1398784 1457.389731
1400832 1145.302167
1402880 945.751430
1404928 1144.750690
1406976 1408.594317
1409024 994.791759
1411072 956.968054
1413120 781.785227
1415168 913.644239
1417216 877.206347
1419264 1266.345319
1421312 1329.213143
1423360 1347.450146
1425408 1222.741682
1427456 1761.543197
1429504 1794.711869
1431552 1544.684953
1433600 2055.942801
1435648 1353.520840
1437696 1659.669948
1439744 1540.145608
1441792 1423.002819
1443840 1403.990534
1445888 1322.255386
1447936 987.166303
1449984 946.303075
1452032 1011.961099
1454080 1035.610044
1456128 887.683439
1458176 1242.935960
1460224 1252.078975
1462272 1064.360950
1464320 1055.200604
1466368 884.841771
1468416 1049.980748
1470464 842.125489
1472512 1125.092193
1474560 933.588417
1476608 1170.070412
1478656 1208.038380
1480704 1180.643894
1482752 1425.314610
1484800 1424.223533
1486848 1104.390999
1488896 1068.101503
1490944 1032.340704
1492992 1086.663550
1495040 1296.219813
1497088 1247.152204
1499136 1165.252939
1501184 1301.824407
1503232 1309.030686
1505280 1416.178079
1507328 1264.088478
1509376 1050.765782
1511424 1115.231347
1513472 1112.985525
1515520 1333.428230
1517568 1383.386408
1519616 1585.901832
1521664 1381.909483
1523712 1335.371816
1525760 1280.621128
1527808 1384.927865
1529856 1535.735637
1531904 1418.228173
1533952 1312.184453
1536000 1420.905741
1538048 1207.088110
1540096 1380.319550
1542144 1303.233318
1544192 887.909057
1546240 788.865972
1548288 997.432638
1550336 975.484169
1552384 1125.511575
1554432 903.933278
1556480 1028.935231
1558528 934.180550
1560576 956.917620
1562624 1193.609495
1564672 1149.700606
1566720 1091.516851
1568768 1225.028787
1570816 1212.809728
1572864 1126.803566
1574912 1181.760113
1576960 779.999559
1579008 753.036313
1581056 690.439813
1583104 728.448010
1585152 636.146462
1587200 744.682714
1589248 941.024623
1591296 799.839428
1593344 834.359601
1595392 701.161801
1597440 748.763265
1599488 831.639618
1601536 675.350529
1603584 1051.786806
1605632 820.089279
1607680 764.864133
1609728 863.448953
1611776 705.832334
1613824 828.295327
1615872 1007.801529
1617920 791.954683
1619968 1191.861727
1622016 818.073128
1624064 1089.683868
1626112 947.420409
1628160 1174.626635
1630208 1030.168717
1632256 1094.706116
1634304 662.302690
1636352 696.662437
1638400 766.110273
1640448 872.167331
1642496 1054.951672
1644544 844.747718
1646592 1019.888662
1648640 983.277838
1650688 1174.081020
1652736 1711.843903
1654784 1144.644048
1656832 1097.196304
1658880 1268.987206
1660928 1205.370940
1662976 1438.097422
1665024 1417.963407
1667072 1276.712643
1669120 1543.210314
1671168 1190.874002
1673216 1228.525246
1675264 1193.688396
1677312 1006.266989
1679360 1487.008002
1681408 905.441976
1683456 878.477530
1685504 897.260363
1687552 1133.065419
1689600 963.280778
1691648 1096.951937
1693696 796.049399
1695744 982.085360
1697792 1115.583320
1699840 1055.427372
1701888 940.422807
1703936 1067.147444
1705984 905.150580
1708032 914.343994
1710080 907.417163
1712128 987.597839
1714176 986.620823
1716224 1034.580192
1718272 944.105297
1720320 811.343983
1722368 986.310503
1724416 996.893283
1726464 1298.710175
1728512 1166.160959
1730560 1120.703147
1732608 1117.602087
1734656 1499.166612
1736704 1323.441127
1738752 927.604970
1740800 817.436577
1742848 1067.892557
1744896 1151.168223
1746944 1126.750121
1748992 1249.108151
1751040 1108.153804
1753088 1610.768752
1755136 1276.087791
1757184 1077.678131
1759232 1194.086494
1761280 1027.758349
1763328 954.536816
1765376 802.565988
1767424 674.760846
1769472 798.904886
1771520 679.754390
1773568 813.291798
1775616 797.053126
1777664 749.139784
1779712 849.241210
1781760 745.521414
1783808 926.445917
1785856 883.641636
1787904 865.859866
1789952 1121.928557
1792000 750.440246
1794048 1172.572708
1796096 889.620773
1798144 923.466466
1800192 896.647003
1802240 1071.107183
1804288 999.069383
1806336 786.238632
1808384 950.440378
1810432 755.336082
1812480 777.531275
1814528 779.093917
1816576 1030.964199
1818624 832.119611
1820672 693.338350
1822720 909.256505
1824768 802.996296
1826816 853.527366
1828864 882.901856
1830912 792.741336
1832960 909.758309
1835008 910.878612
1837056 910.472682
1839104 752.390660
1841152 841.646549
1843200 978.565799
1845248 996.808446
1847296 721.686421
1849344 766.547949
1851392 943.514007
1853440 844.280439
1855488 900.770444
1857536 1007.375821
1859584 976.174027
1861632 1193.283735
1863680 1076.901967
1865728 901.977373
1867776 938.183762
1869824 617.128870
1871872 1208.060252
1873920 1081.067817
1875968 1062.085027
1878016 1036.461859
1880064 916.675904
1882112 1110.540610
1884160 856.866741
1886208 785.828916
1888256 940.558987
1890304 1357.860314
1892352 797.965298
1894400 1088.122790
1896448 931.069118
1898496 1100.959138
1900544 932.462531
1902592 818.473679
1904640 1092.098024
1906688 991.136975
1908736 914.229349
1910784 683.082655
1912832 688.491216
1914880 814.935034
1916928 941.768608
1918976 832.759396
1921024 816.721123
1923072 740.000805
1925120 868.764211
1927168 997.884074
1929216 909.796715
1931264 1008.544550
1933312 962.414882
1935360 1230.554683
1937408 1065.739565
1939456 943.626549
1941504 1027.225963
1943552 1058.921512
1945600 1098.494127
1947648 1127.403351
1949696 1102.384848
1951744 942.705095
1953792 931.229866
1955840 1087.813593
1957888 982.982169
1959936 1077.417086
1961984 1009.318770
1964032 1089.141085
1966080 900.518576
1968128 837.593096
1970176 811.543709
1972224 763.980709
1974272 879.132536
1976320 875.871565
1978368 992.017811
1980416 1048.425393
1982464 1018.795110
1984512 1086.126024
1986560 970.014940
1988608 871.319612
1990656 1081.191751
1992704 1066.925685
1994752 1073.441990
1996800 880.063338
1998848 966.856484
2000896 946.651202
