2048 3.459147
4096 27.240289
6144 72.847568
8192 108.663559
10240 106.501184
12288 169.969806
14336 276.181821
16384 285.141590
18432 213.233505
20480 186.400718
22528 208.655967
24576 225.328609
26624 281.763047
28672 247.947596
30720 240.609669
32768 194.379390
34816 202.335628
36864 257.478510
38912 285.689198
40960 280.396552
43008 234.928104
45056 268.920094
47104 273.962166
49152 275.254650
51200 245.198849
53248 298.669694
55296 242.582791
57344 263.177735
59392 296.702862
61440 255.951290
63488 246.892902
65536 260.653057
67584 357.766901
69632 300.474346
71680 258.810020
73728 249.631141
75776 311.609551
77824 259.014045
79872 277.741666
81920 297.208902
83968 334.352042
86016 301.182245
88064 337.016484
90112 307.578009
92160 282.120563
94208 283.367993
96256 327.083516
98304 287.512034
100352 311.538803
102400 275.311469
104448 322.283393
106496 316.058959
108544 333.712195
110592 347.646557
112640 340.861760
114688 320.447535
116736 349.235471
118784 353.469576
120832 342.749904
122880 370.464748
124928 329.460982
126976 376.972150
129024 366.098520
131072 374.572548
133120 368.870247
135168 375.995580
137216 375.270404
139264 367.059465
141312 374.502508
143360 368.945363
145408 366.357994
147456 375.835513
149504 362.551216
151552 379.819428
153600 365.441304
155648 362.693428
157696 363.838527
159744 360.164220
161792 359.181017
163840 363.632887
165888 365.064149
167936 366.260136
169984 366.612982
172032 357.425381
174080 354.140102
176128 364.038607
178176 360.868195
180224 335.660982
182272 351.462652
184320 358.038908
186368 355.359310
188416 358.492945
190464 351.199860
192512 370.886199
194560 360.406659
196608 352.606412
198656 356.616075
200704 372.008103
202752 356.011853
204800 372.955598
206848 368.803112
208896 360.534079
210944 372.193661
212992 364.274502
215040 361.310683
217088 386.684595
219136 371.626475
221184 380.090872
223232 379.295303
225280 395.739097
227328 392.917784
229376 389.415556
231424 403.136255
233472 392.735798
235520 409.942179
237568 402.374975
239616 397.117615
241664 421.773088
243712 410.647661
245760 411.793437
247808 402.914180
249856 398.296717
251904 423.377072
253952 403.912932
256000 413.977070
258048 411.446597
260096 430.478788
262144 439.847840
264192 430.876493
266240 425.609432
268288 433.230477
270336 421.099818
272384 420.536128
274432 397.093555
276480 445.076930
278528 458.559140
280576 455.075394
282624 471.726683
284672 446.910459
286720 465.429393
288768 456.458920
290816 458.645002
292864 484.162290
294912 463.902650
296960 459.775692
299008 458.651156
301056 467.617336
303104 456.862505
305152 500.487224
307200 515.513075
309248 486.472629
311296 549.086399
313344 506.135899
315392 528.698926
317440 532.426654
319488 500.627403
321536 516.483522
323584 512.536974
325632 499.059871
327680 547.852650
329728 531.471059
331776 525.622946
333824 513.563588
335872 532.629736
337920 522.573468
339968 512.256863
342016 506.033979
344064 544.244240
346112 537.341865
348160 510.080695
350208 504.437506
352256 559.305108
354304 511.356692
356352 534.195545
358400 573.732148
360448 550.539755
362496 574.363157
364544 539.317613
366592 582.609474
368640 540.496554
370688 544.666556
372736 563.198359
374784 552.826282
376832 523.334331
378880 595.028031
380928 587.859599
382976 602.048815
385024 544.680990
387072 548.176993
389120 546.621287
391168 551.619959
393216 528.050615
395264 604.470916
397312 575.516461
399360 594.923650
401408 596.601139
403456 592.357533
405504 610.069143
407552 591.395978
409600 564.657455
411648 642.885309
413696 622.835695
415744 574.859121
417792 491.736600
419840 537.618685
421888 526.536249
423936 559.676702
425984 582.015263
428032 536.523902
430080 562.512072
432128 654.703735
434176 581.311991
436224 579.572250
438272 587.142262
440320 571.905834
442368 622.330062
444416 567.357347
446464 645.095037
448512 635.990264
450560 587.943355
452608 581.796950
454656 594.765662
456704 569.164892
458752 608.903824
460800 590.178065
462848 593.965559
464896 620.238025
466944 572.681740
468992 604.861577
471040 583.781192
473088 601.459195
475136 570.200073
477184 599.921708
479232 629.549211
481280 612.572039
483328 614.682510
485376 568.612146
487424 594.089631
489472 600.880693
491520 571.449792
493568 617.754511
495616 568.865561
497664 648.172379
499712 589.835612
501760 583.085107
503808 582.967175
505856 558.747774
507904 623.825567
509952 612.728525
512000 602.278759
514048 630.762535
516096 641.635293
518144 633.828557
520192 570.834661
522240 711.658744
524288 648.922845
526336 623.620410
528384 614.588216
530432 704.434062
532480 721.793828
534528 651.412526
536576 749.292730
538624 720.804680
540672 665.950154
542720 693.161395
544768 698.133957
546816 722.893670
548864 726.147042
550912 691.055339
552960 734.959000
555008 712.271266
557056 778.401965
559104 754.265639
561152 775.938729
563200 775.403144
565248 706.205313
567296 791.170530
569344 753.420046
571392 821.484130
573440 798.492816
575488 749.910247
577536 817.410113
579584 795.869897
581632 796.153038
583680 841.875911
585728 822.100369
587776 833.211316
589824 833.095905
591872 792.370386
593920 910.217199
595968 816.474581
598016 832.076591
600064 921.508186
602112 896.091462
604160 913.667088
606208 916.126910
608256 951.134821
610304 1039.857987
612352 935.506609
614400 854.306068
616448 941.221965
618496 858.721547
620544 1025.410347
622592 923.665044
624640 1053.584782
626688 890.722703
628736 944.154557
630784 958.873024
632832 957.017317
634880 992.820801
636928 950.150571
638976 968.423964
641024 974.754331
643072 1136.355708
645120 1005.013935
647168 1095.805816
649216 982.131819
651264 1050.610376
653312 918.269674
655360 863.357207
657408 904.595931
659456 851.956420
661504 793.326367
663552 948.831078
665600 818.107314
667648 911.595104
669696 848.336251
671744 846.457731
673792 830.094046
675840 803.760156
677888 894.794960
679936 997.142928
681984 962.804724
684032 1002.071983
686080 1002.357940
688128 932.824268
690176 986.253437
692224 987.171412
694272 850.816978
696320 989.076923
698368 987.754472
700416 989.071559
702464 952.020578
704512 709.415798
706560 1070.769732
708608 854.393944
710656 894.447004
712704 978.890062
714752 972.725141
716800 899.802613
718848 829.763810
720896 882.648533
722944 829.270885
724992 925.377294
727040 1035.990190
729088 1077.972897
731136 963.891992
733184 973.189191
735232 881.398783
737280 932.719753
739328 1064.270838
741376 1206.218304
743424 1017.284049
745472 1118.836951
747520 1116.615706
749568 1129.504093
751616 1150.299012
753664 1136.474378
755712 1033.744692
757760 1012.904346
759808 906.754851
761856 872.512472
763904 947.796824
765952 685.154512
768000 899.722716
770048 1085.133426
772096 1089.225440
774144 834.064962
776192 915.826086
778240 1110.896903
780288 973.907444
782336 1094.983486
784384 826.533115
786432 959.034827
788480 965.939651
790528 949.225157
792576 1102.039508
794624 945.938194
796672 1068.877485
798720 1018.533850
800768 1013.708325
802816 841.346263
804864 951.926588
806912 1114.899531
808960 1257.974240
811008 1036.184254
813056 991.856422
815104 852.286026
817152 914.853096
819200 858.966396
821248 1034.234844
823296 1074.681054
825344 1187.804167
827392 1144.827054
829440 1224.685119
831488 1122.648272
833536 1188.731525
835584 1142.393732
837632 975.878569
839680 1190.525591
841728 1208.940181
843776 1118.247787
845824 1071.509124
847872 1076.070782
849920 1024.776843
851968 1092.511411
854016 1085.103860
856064 1065.578545
858112 980.359063
860160 1053.875409
862208 1039.848387
864256 1051.370984
866304 910.420545
868352 644.530734
870400 1035.832103
872448 943.182123
874496 920.114210
876544 689.275272
878592 838.472919
880640 784.772741
882688 861.749441
884736 798.265777
886784 631.549771
888832 1087.055935
890880 1094.017398
892928 1017.287531
894976 926.569479
897024 1189.037057
899072 1075.798181
901120 1089.366469
903168 1135.640933
905216 1134.137364
907264 1124.617441
909312 1172.405372
911360 1203.789223
913408 1143.473918
915456 1160.818911
917504 1190.360856
919552 1150.831335
921600 1100.954537
923648 1196.225553
925696 1182.114611
927744 1120.971975
929792 1114.851786
931840 -3.699131
933888 -24.905411
935936 73.485403
937984 132.868903
940032 83.348896
942080 150.242521
944128 76.134372
946176 70.876798
948224 74.847016
950272 78.265158
952320 74.215485
954368 65.984676
956416 147.741958
958464 131.839217
960512 83.375347
962560 248.371891
964608 97.790101
966656 91.121359
968704 90.693569
970752 175.132537
972800 393.295396
974848 238.602724
976896 155.265452
978944 85.524556
980992 743.145526
983040 722.777310
985088 671.144261
987136 667.224600
989184 614.414590
991232 713.770038
993280 689.139620
995328 660.939409
997376 641.225244
999424 587.972087
1001472 652.553505
1003520 581.981948
1005568 590.551035
1007616 584.947794
1009664 575.276067
1011712 571.212455
1013760 658.554274
1015808 628.518665
1017856 676.904883
1019904 731.509556
1021952 607.102781
1024000 635.218570
1026048 710.907612
1028096 639.672430
1030144 726.886889
1032192 687.351141
1034240 791.245456
1036288 716.769019
1038336 785.781682
1040384 839.634941
1042432 768.118446
1044480 1065.699444
1046528 858.116223
1048576 994.170050
1050624 921.397448
1052672 919.480639
1054720 997.022892
1056768 953.728456
1058816 848.427108
1060864 898.306715
1062912 989.479951
1064960 1131.639118
1067008 1096.341698
1069056 930.758844
1071104 606.854878
1073152 1051.342994
1075200 720.521165
1077248 1031.022083
1079296 699.463903
1081344 841.424393
1083392 952.760542
1085440 772.324905
1087488 858.090508
1089536 731.033426
1091584 1054.570309
1093632 843.503134
1095680 833.991310
1097728 704.307695
1099776 846.080876
1101824 784.464223
1103872 786.812748
1105920 938.893544
1107968 1574.422940
1110016 988.926457
1112064 1078.276116
1114112 962.151025
1116160 900.042109
1118208 943.361146
1120256 849.941817
1122304 1155.572977
1124352 1314.804902
1126400 1495.014737
1128448 1144.248988
1130496 996.096074
1132544 1062.873786
1134592 983.461962
1136640 1536.301485
1138688 1418.479096
1140736 1136.821430
1142784 1026.439636
1144832 1561.147706
1146880 1411.871114
1148928 1287.739648
1150976 1344.986835
1153024 1098.281481
1155072 891.334833
1157120 933.603642
1159168 1507.814194
1161216 1277.657548
1163264 1170.984024
1165312 1189.435474
1167360 957.204713
1169408 1319.650631
1171456 1467.428213
1173504 1016.499887
1175552 1346.666059
1177600 1398.509145
1179648 1160.461102
1181696 1273.339482
1183744 1413.953006
1185792 1489.035837
1187840 1047.495875
1189888 1319.896659
1191936 1177.366071
1193984 1273.045030
1196032 1311.422053
1198080 1078.422570
1200128 1427.290966
1202176 1014.188667
1204224 1204.261709
1206272 1309.536207
1208320 1045.008678
1210368 1377.566388
1212416 1082.342849
1214464 1367.442049
1216512 998.833041
1218560 1082.510102
1220608 1309.650057
1222656 1144.868120
1224704 1308.506184
1226752 1223.608899
1228800 1309.237086
1230848 1113.187676
1232896 1118.149293
1234944 896.859910
1236992 1130.724758
1239040 921.276249
1241088 835.119237
1243136 842.198841
1245184 754.658354
1247232 946.531866
1249280 927.557938
1251328 1459.086760
1253376 1128.191036
1255424 940.467272
1257472 1207.802934
1259520 1252.744560
1261568 823.542296
1263616 1275.016013
1265664 1456.447325
1267712 814.328804
1269760 851.260454
1271808 782.936463
1273856 823.162546
1275904 882.383104
1277952 680.342410
1280000 621.372308
1282048 693.098317
1284096 678.374864
1286144 533.663614
1288192 523.137220
1290240 466.122601
1292288 669.257282
1294336 781.767852
1296384 861.507964
1298432 908.725598
1300480 777.470015
1302528 933.865804
1304576 992.875850
1306624 1031.426832
1308672 955.454166
1310720 1047.882429
1312768 948.416665
1314816 989.798930
1316864 948.416990
1318912 1168.469986
1320960 933.989355
1323008 941.519922
1325056 962.572103
1327104 1032.240674
1329152 1081.053924
1331200 1080.281520
1333248 1051.654145
1335296 1392.871222
1337344 1011.168227
1339392 1373.010563
1341440 1419.424263
1343488 1331.455259
1345536 946.395074
1347584 1209.769545
1349632 933.801945
1351680 1271.599747
1353728 1320.697840
1355776 1247.200385
1357824 1441.677139
1359872 1342.905500
1361920 1367.070690
1363968 1317.982368
1366016 1500.110492
1368064 1398.075127
1370112 1461.257264
1372160 1410.429754
1374208 1059.412849
1376256 1254.067367
1378304 1338.765436
1380352 1482.861714
1382400 1548.816882
1384448 1365.121195
1386496 1525.639779
1388544 1592.846892
1390592 1529.426991
1392640 1522.687493
1394688 1452.099382
1396736 1866.498867
1398784 1605.583141
1400832 1392.548419
1402880 1398.691215
1404928 1273.830813
1406976 1927.342261
1409024 1325.272808
1411072 1324.154456
1413120 2147.042002
1415168 1427.928834
1417216 1398.684081
1419264 1849.330745
1421312 1534.853907
1423360 1433.561365
1425408 1201.525740
1427456 1498.805693
1429504 1131.928631
1431552 898.605970
1433600 1603.886525
1435648 1113.892837
1437696 1546.052709
1439744 1038.925927
1441792 993.545548
1443840 1460.139135
1445888 1622.132445
1447936 1093.222512
1449984 1393.281215
1452032 1183.521042
1454080 1517.254242
1456128 1345.402429
1458176 1323.251806
1460224 902.290035
1462272 1211.495877
1464320 1333.677117
1466368 1265.256827
1468416 1388.346698
1470464 1283.026708
1472512 1286.012255
1474560 1494.296132
1476608 1395.717980
1478656 1457.614424
1480704 1138.852149
1482752 1660.763047
1484800 1546.828119
1486848 1592.985643
1488896 1487.096179
1490944 1461.149001
1492992 1707.163949
1495040 1266.468112
1497088 1459.596463
1499136 1374.566968
1501184 1096.560106
1503232 1108.367527
1505280 1392.452377
1507328 1191.139925
1509376 1243.603786
1511424 972.838745
1513472 1097.889104
1515520 1109.277028
1517568 1241.393212
1519616 1164.447793
1521664 1462.134748
1523712 924.851187
1525760 1009.942532
1527808 1064.852084
1529856 937.747916
1531904 1057.254612
1533952 1575.287067
1536000 1042.185649
1538048 1128.624467
1540096 1470.982381
1542144 1536.669754
1544192 1323.656120
1546240 1765.603990
1548288 1609.472392
1550336 1709.765046
1552384 1621.893405
1554432 1376.538738
1556480 1393.327886
1558528 1371.294470
1560576 1347.771568
1562624 1186.782950
1564672 1475.146761
1566720 1784.337493
1568768 1087.056801
1570816 1656.049407
1572864 1830.079102
1574912 1720.939619
1576960 2068.960232
1579008 1431.630519
1581056 1740.621730
1583104 1882.300914
1585152 1618.361304
1587200 1394.867399
1589248 2091.437612
1591296 2084.212147
1593344 1458.187868
1595392 1889.991701
1597440 1487.914560
1599488 1471.402111
1601536 1822.301478
1603584 1811.946001
1605632 2221.862026
1607680 2159.309777
1609728 2167.555033
1611776 2775.059277
1613824 2786.528794
1615872 2084.223449
1617920 2092.618187
1619968 2064.529626
1622016 1959.599779
1624064 2386.892058
1626112 2872.308381
1628160 2678.533048
1630208 2526.183765
1632256 2150.548554
1634304 2525.831535
1636352 2470.319493
1638400 1339.008218
1640448 1683.627918
1642496 1473.500064
1644544 1940.255503
1646592 2734.436508
1648640 889.337693
1650688 2226.313966
1652736 1097.975761
1654784 1475.316566
1656832 2261.128437
1658880 1442.319175
1660928 1777.089283
1662976 1540.188395
1665024 2205.764078
1667072 620.486839
1669120 839.472185
1671168 887.174448
1673216 905.693862
1675264 935.665263
1677312 998.280434
1679360 629.109844
1681408 671.474331
1683456 477.777513
1685504 539.936601
1687552 505.849234
1689600 551.246881
1691648 838.390524
1693696 1105.945407
1695744 845.314730
1697792 535.697158
1699840 567.930623
1701888 736.490990
1703936 746.920309
1705984 1023.204247
1708032 1158.190834
1710080 1122.910810
1712128 1100.946528
1714176 2315.961962
1716224 1351.859132
1718272 1956.349134
1720320 1341.699650
1722368 1580.693035
1724416 1545.657397
1726464 1300.369047
1728512 1321.328472
1730560 1604.865821
1732608 589.315085
1734656 1315.520364
1736704 1944.068530
1738752 1832.028402
1740800 1556.344965
1742848 856.348065
1744896 1978.923053
1746944 3010.982830
1748992 2217.895586
1751040 2758.307254
1753088 2984.084261
1755136 2262.064744
1757184 2951.058144
1759232 3067.863105
1761280 3148.312646
1763328 3089.463146
1765376 2786.430474
1767424 3371.660209
1769472 2919.491078
1771520 2972.976004
1773568 1284.633349
1775616 1164.531850
1777664 1067.322326
1779712 999.645309
1781760 1141.262405
1783808 1170.324980
1785856 1081.752411
1787904 1169.522624
1789952 1145.477712
1792000 1129.664669
1794048 1111.567699
1796096 1044.220353
1798144 1293.167968
1800192 1532.614051
1802240 1106.396768
1804288 998.919682
1806336 1183.197417
1808384 1079.948658
1810432 1047.843103
1812480 1111.757885
1814528 1105.798583
1816576 1164.674156
1818624 1188.945564
1820672 1040.608204
1822720 1222.836103
1824768 1123.987231
1826816 1168.030804
1828864 965.913094
1830912 1033.483520
1832960 1084.479537
1835008 1334.884558
1837056 1329.153186
1839104 2279.378528
1841152 1734.834957
1843200 956.677171
1845248 2185.573720
1847296 1621.269139
1849344 1382.269241
1851392 1286.115972
1853440 2316.571743
1855488 2906.599374
1857536 2730.022889
1859584 2083.025546
1861632 2438.763941
1863680 2319.906742
1865728 2373.753162
1867776 2093.988408
1869824 1626.595812
1871872 2046.349373
1873920 1379.217575
1875968 1267.370806
1878016 1385.389353
1880064 1357.495934
1882112 1295.891681
1884160 2657.956365
1886208 1916.160040
1888256 3008.500649
1890304 2620.411267
1892352 1248.165009
1894400 1183.137943
1896448 1393.899941
1898496 970.893936
1900544 1606.884028
1902592 1180.421171
1904640 1039.958323
1906688 1270.485664
1908736 1115.420328
1910784 1217.031109
1912832 1148.703838
1914880 1143.230357
1916928 1168.369897
1918976 1181.325062
1921024 1074.687216
1923072 1187.372996
1925120 2291.000551
1927168 1540.047077
1929216 806.651914
1931264 1408.018868
1933312 967.457708
1935360 1627.903427
1937408 1936.378417
1939456 1644.898459
1941504 1709.028527
1943552 1681.023968
1945600 1071.956092
1947648 1623.152440
1949696 1943.894067
1951744 1678.344001
1953792 2171.761922
1955840 1075.584048
1957888 2094.239466
1959936 1695.126405
1961984 2705.333923
1964032 3014.778337
1966080 2910.332746
1968128 2414.802169
1970176 3017.414389
1972224 2811.112269
1974272 2240.715476
1976320 1940.802294
1978368 2750.092156
1980416 2786.498276
1982464 1913.233007
1984512 2512.150184
1986560 2517.944663
1988608 1749.870983
1990656 1691.598506
1992704 1474.268908
1994752 1887.206870
1996800 2434.725038
1998848 2547.635920
2000896 1898.032876
