2048 4.572574
4096 21.923952
6144 89.693408
8192 103.207380
10240 130.185096
12288 203.248940
14336 156.712640
16384 171.316594
18432 172.118553
20480 159.256287
22528 261.633012
24576 253.714422
26624 344.778943
28672 180.856501
30720 171.245495
32768 241.680510
34816 261.686263
36864 269.170121
38912 316.452590
40960 284.527649
43008 250.996198
45056 241.891629
47104 190.213781
49152 207.505637
51200 179.161418
53248 257.489260
55296 187.635952
57344 220.644555
59392 226.536532
61440 266.188244
63488 290.981887
65536 272.775644
67584 358.131372
69632 280.725393
71680 324.244721
73728 281.092740
75776 277.489940
77824 229.354604
79872 251.888160
81920 255.798760
83968 260.725268
86016 307.533115
88064 266.184180
90112 304.037250
92160 362.331538
94208 317.676724
96256 291.771246
98304 241.278476
100352 277.364802
102400 335.287673
104448 311.465625
106496 352.079256
108544 360.327971
110592 267.154329
112640 282.688720
114688 307.482577
116736 299.601046
118784 285.364056
120832 336.903939
122880 291.042798
124928 305.757316
126976 243.574219
129024 254.804811
131072 351.276792
133120 311.134773
135168 294.956615
137216 296.381510
139264 312.205460
141312 329.394279
143360 338.334533
145408 323.705819
147456 290.830075
149504 299.262802
151552 316.683675
153600 347.685378
155648 287.002795
157696 292.114262
159744 321.323693
161792 315.130428
163840 322.576069
165888 370.268853
167936 366.630183
169984 348.605193
172032 375.272624
174080 356.078167
176128 369.107527
178176 325.905089
180224 370.525749
182272 371.631978
184320 359.599538
186368 388.591412
188416 381.254196
190464 363.473334
192512 387.073011
194560 363.677403
196608 365.812908
198656 337.917454
200704 354.895069
202752 330.858430
204800 344.090625
206848 362.360353
208896 346.015747
210944 335.570358
212992 365.426642
215040 340.326161
217088 328.319629
219136 331.695754
221184 339.106974
223232 356.789835
225280 349.771722
227328 345.268468
229376 350.152822
231424 350.447719
233472 345.308887
235520 353.083059
237568 340.217938
239616 353.732896
241664 350.411304
243712 317.239267
245760 340.666251
247808 342.981239
249856 363.018474
251904 351.951024
253952 347.923082
256000 367.287868
258048 362.630119
260096 341.175222
262144 350.262639
264192 336.861794
266240 360.284520
268288 365.306240
270336 364.430374
272384 358.073959
274432 370.386229
276480 379.153691
278528 369.780619
280576 370.424364
282624 374.918793
284672 376.323944
286720 379.508301
288768 383.559995
290816 395.077116
292864 382.662575
294912 369.506872
296960 387.782441
299008 392.645936
301056 388.564431
303104 396.617349
305152 398.694663
307200 400.014311
309248 404.191205
311296 409.994854
313344 397.448616
315392 400.301818
317440 401.307952
319488 409.762489
321536 403.363039
323584 399.189837
325632 396.378215
327680 392.665786
329728 402.472616
331776 403.374228
333824 404.181149
335872 401.753700
337920 407.325811
339968 402.853705
342016 410.841485
344064 409.326555
346112 415.835415
348160 401.436698
350208 409.441311
352256 415.424141
354304 430.287714
356352 415.132374
358400 427.753755
360448 420.446093
362496 408.167634
364544 415.565626
366592 404.791148
368640 429.240721
370688 423.186186
372736 412.114837
374784 427.028595
376832 429.379199
378880 421.159780
380928 429.021932
382976 419.483617
385024 381.135482
387072 407.522636
389120 420.041956
391168 404.498461
393216 416.049453
395264 419.140797
397312 428.260086
399360 416.803303
401408 424.287600
403456 431.004664
405504 419.289928
407552 425.002893
409600 409.073588
411648 413.495872
413696 410.213324
415744 421.841899
417792 475.764119
419840 458.960469
421888 419.334848
423936 440.140897
425984 433.771174
428032 436.121924
430080 429.559454
432128 417.261488
434176 431.813901
436224 426.870361
438272 442.968120
440320 441.340485
442368 444.253609
444416 443.350917
446464 439.751973
448512 443.365456
450560 451.172243
452608 450.966730
454656 462.568075
456704 440.378776
458752 438.592250
460800 422.770086
462848 465.342983
464896 428.308288
466944 457.190478
468992 474.402982
471040 477.966169
473088 472.879989
475136 442.339633
477184 453.176949
479232 452.524218
481280 452.279934
483328 457.499916
485376 469.866799
487424 474.663798
489472 459.310530
491520 479.804712
493568 468.966068
495616 427.982093
497664 480.270318
499712 457.038805
501760 463.069660
503808 438.161287
505856 475.574205
507904 467.190263
509952 463.612589
512000 424.387711
514048 420.499537
516096 444.242900
518144 438.442171
520192 452.955521
522240 458.661047
524288 449.080484
526336 443.447869
528384 466.699096
530432 477.291356
532480 458.375256
534528 436.408580
536576 448.496989
538624 461.490580
540672 449.195246
542720 397.125296
544768 445.084963
546816 430.055423
548864 430.657457
550912 404.911866
552960 421.926155
555008 434.532347
557056 411.779556
559104 406.819489
561152 437.752805
563200 460.824231
565248 411.330625
567296 433.652288
569344 457.775253
571392 409.806745
573440 436.162382
575488 419.746566
577536 434.247889
579584 420.682127
581632 437.624473
583680 444.476386
585728 429.674410
587776 407.413697
589824 436.373586
591872 399.131164
593920 430.980446
595968 432.680916
598016 437.197890
600064 427.631731
602112 432.687196
604160 388.484992
606208 395.540740
608256 435.781625
610304 448.985097
612352 410.806626
614400 448.953308
616448 423.076501
618496 451.279105
620544 413.362377
622592 430.535186
624640 399.036219
626688 425.560866
628736 445.569178
630784 428.001250
632832 426.395636
634880 451.200464
636928 421.341783
638976 428.359986
641024 460.777253
643072 442.224245
645120 454.001408
647168 455.994405
649216 445.708405
651264 476.228849
653312 464.220227
655360 447.331673
657408 427.769866
659456 428.401032
661504 441.432724
663552 438.773246
665600 436.010167
667648 427.583244
669696 475.649863
671744 425.529267
673792 442.670704
675840 425.871015
677888 399.619822
679936 414.521217
681984 414.049496
684032 427.299470
686080 415.479323
688128 411.719657
690176 403.211440
692224 410.224209
694272 444.345799
696320 424.311712
698368 455.771603
700416 460.535778
702464 456.645124
704512 434.183482
706560 460.448483
708608 424.393325
710656 418.290799
712704 451.362036
714752 477.539351
716800 441.579313
718848 459.947184
720896 447.892697
722944 478.903969
724992 476.052506
727040 453.242994
729088 448.954564
731136 440.502852
733184 416.747410
735232 447.532943
737280 440.180728
739328 441.294992
741376 473.977950
743424 435.268117
745472 448.865996
747520 459.184546
749568 460.763049
751616 413.519758
753664 435.886485
755712 438.591568
757760 440.027101
759808 433.560606
761856 441.467253
763904 453.638177
765952 450.392840
768000 435.759381
770048 451.242886
772096 450.771218
774144 469.999810
776192 445.115494
778240 447.812149
780288 454.466745
782336 444.082068
784384 455.477346
786432 462.380661
788480 450.418138
790528 432.883782
792576 444.870412
794624 449.353195
796672 460.898769
798720 449.595731
800768 440.158857
802816 420.033294
804864 426.786116
806912 421.537142
808960 430.709920
811008 408.866970
813056 412.820254
815104 427.023746
817152 441.976248
819200 429.881220
821248 441.439864
823296 450.944783
825344 444.533469
827392 459.034264
829440 466.363487
831488 453.048648
833536 480.356932
835584 478.372907
837632 456.990511
839680 444.272385
841728 453.604229
843776 443.493404
845824 436.368572
847872 460.124240
849920 459.283667
851968 449.173966
854016 432.913846
856064 442.624729
858112 458.117396
860160 454.424885
862208 475.392178
864256 489.939539
866304 441.969816
868352 403.900539
870400 424.099846
872448 446.654763
874496 444.152324
876544 486.933029
878592 458.926160
880640 465.251410
882688 429.367341
884736 452.243161
886784 447.647192
888832 464.767339
890880 470.961216
892928 464.253866
894976 471.514276
897024 461.129908
899072 472.755078
901120 453.009579
903168 503.863216
905216 488.450123
907264 460.445513
909312 459.265534
911360 458.535897
913408 455.455905
915456 415.315563
917504 420.985907
919552 450.080205
921600 450.003555
923648 434.350477
925696 424.533482
927744 438.685161
929792 432.396679
931840 421.262286
933888 445.108221
935936 456.299127
937984 466.742830
940032 457.516624
942080 471.493161
944128 464.396008
946176 445.815639
948224 444.527984
950272 454.337220
952320 462.005043
954368 443.563508
956416 424.726274
958464 468.514855
960512 460.487748
962560 447.196603
964608 437.205543
966656 450.644849
968704 452.410026
970752 448.355741
972800 434.309876
974848 508.566794
976896 493.750820
978944 127.405475
980992 634.918423
983040 639.427928
985088 618.469155
987136 626.098477
989184 624.079179
991232 617.705155
993280 619.932131
995328 568.646622
997376 565.169218
999424 588.747704
1001472 598.108631
1003520 599.556162
1005568 565.579512
1007616 511.370246
1009664 567.353527
1011712 574.099617
1013760 618.198215
1015808 562.505424
1017856 606.674536
1019904 597.313175
1021952 545.294014
1024000 582.161576
1026048 567.695755
1028096 568.690551
1030144 563.684730
1032192 511.762129
1034240 539.868739
1036288 525.231689
1038336 490.809410
1040384 498.853517
1042432 560.377663
1044480 487.015900
1046528 529.265073
1048576 535.299462
1050624 526.564600
1052672 530.924253
1054720 567.182856
1056768 550.538988
1058816 543.110393
1060864 548.696074
1062912 514.452969
1064960 526.951576
1067008 493.699589
1069056 540.410723
1071104 525.638909
1073152 526.914449
1075200 514.848491
1077248 528.215423
1079296 548.820968
1081344 545.153123
1083392 523.787263
1085440 545.383315
1087488 528.972587
1089536 533.728826
1091584 489.750843
1093632 520.219467
1095680 503.349323
1097728 525.100240
1099776 502.335865
1101824 491.487725
1103872 509.566136
1105920 489.439921
1107968 506.891303
1110016 493.905131
1112064 509.756418
1114112 504.040948
1116160 500.293522
1118208 488.299217
1120256 489.525477
1122304 494.197874
1124352 539.304066
1126400 534.601367
1128448 558.615491
1130496 551.696383
1132544 474.876641
1134592 501.909767
1136640 483.596554
1138688 485.187451
1140736 501.623263
1142784 488.553211
1144832 502.541636
1146880 494.858803
1148928 468.456646
1150976 469.776225
1153024 465.171093
1155072 483.146002
1157120 453.963880
1159168 483.950471
1161216 461.682127
1163264 462.375729
1165312 455.113099
1167360 459.544790
1169408 469.264597
1171456 490.383106
1173504 453.615445
1175552 458.577701
1177600 466.726750
1179648 447.148865
1181696 474.317651
1183744 491.176876
1185792 479.950356
1187840 512.755286
1189888 479.069230
1191936 462.942009
1193984 451.261072
1196032 458.126059
1198080 445.119478
1200128 439.943194
1202176 450.793380
1204224 437.346377
1206272 443.767845
1208320 444.154366
1210368 443.255732
1212416 453.384120
1214464 444.738292
1216512 454.940118
1218560 458.772215
1220608 460.592771
1222656 439.878582
1224704 465.046622
1226752 480.591647
1228800 467.622489
1230848 466.957690
1232896 470.623196
1234944 452.603066
1236992 465.297687
1239040 499.520114
1241088 483.499673
1243136 474.866822
1245184 450.651853
1247232 438.209120
1249280 476.685171
1251328 477.766241
1253376 474.967182
1255424 466.525652
1257472 461.947438
1259520 468.571086
1261568 471.058846
1263616 461.448603
1265664 462.859528
1267712 572.843647
1269760 558.744360
1271808 543.103332
1273856 621.799733
1275904 572.821028
1277952 563.157824
1280000 556.280388
1282048 499.583361
1284096 509.780383
1286144 477.768531
1288192 490.149688
1290240 491.753273
1292288 512.373851
1294336 502.453244
1296384 489.094853
1298432 509.899902
1300480 490.956252
1302528 495.134984
1304576 493.043790
1306624 494.137034
1308672 499.101099
1310720 491.178602
1312768 522.674999
1314816 496.797473
1316864 542.829530
1318912 540.461815
1320960 515.831557
1323008 547.490139
1325056 522.866293
1327104 516.522452
1329152 526.741325
1331200 541.302459
1333248 557.154901
1335296 567.061522
1337344 716.042601
1339392 579.786276
1341440 587.285969
1343488 533.847949
1345536 543.686922
1347584 586.629519
1349632 541.539987
1351680 532.067861
1353728 549.697203
1355776 515.366251
1357824 577.984956
1359872 600.153691
1361920 597.502113
1363968 587.963315
1366016 669.051688
1368064 813.529603
1370112 437.688449
1372160 487.972060
1374208 497.837432
1376256 488.860826
1378304 546.251351
1380352 505.065556
1382400 545.029944
1384448 515.166191
1386496 502.453833
1388544 525.702429
1390592 504.450242
1392640 515.660312
1394688 489.652820
1396736 563.868557
1398784 522.137828
1400832 504.609217
1402880 519.477645
1404928 501.375791
1406976 497.316169
1409024 599.353742
1411072 529.289679
1413120 541.853901
1415168 534.348644
1417216 547.100821
1419264 570.375618
1421312 519.182917
1423360 538.011331
1425408 545.593626
1427456 544.479569
1429504 540.083035
1431552 547.750252
1433600 566.333912
1435648 500.914434
1437696 532.960041
1439744 517.101810
1441792 576.540348
1443840 528.128021
1445888 527.549959
1447936 549.773987
1449984 684.703180
1452032 581.511516
1454080 573.718792
1456128 528.949720
1458176 525.402556
1460224 493.553382
1462272 502.874320
1464320 561.102187
1466368 580.441014
1468416 596.175743
1470464 539.505129
1472512 550.772993
1474560 508.627423
1476608 536.633963
1478656 544.361762
1480704 519.673265
1482752 616.961494
1484800 539.179352
1486848 588.816058
1488896 597.180431
1490944 578.461532
1492992 579.776984
1495040 577.973729
1497088 573.500731
1499136 558.200331
1501184 536.291740
1503232 546.124163
1505280 537.040220
1507328 565.355137
1509376 577.327720
1511424 585.173713
1513472 588.687259
1515520 587.727883
1517568 442.022433
1519616 427.894876
1521664 410.209805
1523712 423.098993
1525760 434.232069
1527808 432.701256
1529856 437.055066
1531904 451.060201
1533952 447.102286
1536000 455.788566
1538048 452.586124
1540096 457.245055
1542144 469.876685
1544192 464.848314
1546240 463.602142
1548288 462.450953
1550336 464.981685
1552384 499.626036
1554432 496.472441
1556480 492.250367
1558528 505.666492
1560576 522.171142
1562624 527.767499
1564672 510.706800
1566720 503.918790
1568768 505.563143
1570816 547.976354
1572864 530.323034
1574912 538.971199
1576960 560.331534
1579008 547.341760
1581056 545.680502
1583104 527.379089
1585152 533.220966
1587200 521.450580
1589248 570.603769
1591296 574.941621
1593344 551.606638
1595392 526.456245
1597440 557.721514
1599488 551.920234
1601536 569.688041
1603584 576.621928
1605632 573.488286
1607680 475.775828
1609728 508.059630
1611776 549.277505
1613824 531.000247
1615872 568.175954
1617920 565.242229
1619968 531.652397
1622016 558.259926
1624064 588.144995
1626112 607.652262
1628160 579.072322
1630208 581.312395
1632256 590.323001
1634304 718.965951
1636352 597.409987
1638400 458.929582
1640448 493.735793
1642496 458.158439
1644544 611.784319
1646592 585.703882
1648640 530.452151
1650688 521.713615
1652736 533.730013
1654784 484.697060
1656832 468.221546
1658880 446.854461
1660928 840.888308
1662976 451.634722
1665024 493.115980
1667072 498.580557
1669120 487.371412
1671168 468.574747
1673216 469.807847
1675264 476.225876
1677312 465.076975
1679360 468.115514
1681408 465.179823
1683456 471.951315
1685504 472.364729
1687552 659.731869
1689600 579.639020
1691648 660.395418
1693696 530.761357
1695744 482.532698
1697792 538.140015
1699840 517.369086
1701888 574.524544
1703936 1107.657189
1705984 651.585209
1708032 453.473162
1710080 549.434673
1712128 482.640684
1714176 521.879980
1716224 582.855314
1718272 537.077531
1720320 506.400057
1722368 450.137964
1724416 535.032796
1726464 444.389903
1728512 450.409890
1730560 506.191798
1732608 489.984860
1734656 494.697391
1736704 607.805255
1738752 24.081168
1740800 447.402661
1742848 415.310640
1744896 385.272247
1746944 409.467431
1748992 380.703935
1751040 379.538420
1753088 406.831240
1755136 410.612944
1757184 380.063508
1759232 400.812863
1761280 410.759159
1763328 400.580872
1765376 419.941018
1767424 427.723085
1769472 425.605078
1771520 405.185288
1773568 429.166199
1775616 411.779589
1777664 418.409052
1779712 417.861500
1781760 429.431831
1783808 396.099895
1785856 408.642633
1787904 402.052427
1789952 399.912111
1792000 387.017714
1794048 420.186933
1796096 415.060495
1798144 376.893748
1800192 413.787527
1802240 414.976602
1804288 426.918736
1806336 427.565918
1808384 435.153519
1810432 397.056323
1812480 445.750302
1814528 408.453697
1816576 471.924913
1818624 405.062589
1820672 418.729581
1822720 433.135514
1824768 450.690468
1826816 405.360834
1828864 480.646485
1830912 416.206226
1832960 462.655561
1835008 436.715192
1837056 445.685857
1839104 466.663657
1841152 461.693989
1843200 439.219757
1845248 467.395975
1847296 480.348692
1849344 445.470938
1851392 448.840132
1853440 474.295794
1855488 406.944267
1857536 418.949296
1859584 457.591219
1861632 411.296516
1863680 399.770876
1865728 433.651103
1867776 458.297692
1869824 410.295149
1871872 411.513986
1873920 455.273452
1875968 428.703696
1878016 446.018400
1880064 404.166647
1882112 440.655926
1884160 451.968235
1886208 383.782415
1888256 513.791255
1890304 446.151986
1892352 463.972045
1894400 486.677660
1896448 520.269855
1898496 567.344656
1900544 438.010905
1902592 491.964240
1904640 520.576922
1906688 506.862940
1908736 511.376798
1910784 430.573419
1912832 484.090309
1914880 459.301145
1916928 507.791331
1918976 512.214675
1921024 508.418648
1923072 541.733718
1925120 432.956675
1927168 489.851788
1929216 612.999957
1931264 476.316980
1933312 460.737079
1935360 492.641607
1937408 659.806599
1939456 554.521237
1941504 662.938368
1943552 544.984307
1945600 590.070163
1947648 517.078388
1949696 549.249334
1951744 547.746839
1953792 679.559503
1955840 761.882557
1957888 443.046337
1959936 601.037716
1961984 517.851909
1964032 700.109490
1966080 593.598078
1968128 697.686468
1970176 663.001890
1972224 642.443858
1974272 726.035930
1976320 734.813791
1978368 664.490996
1980416 756.638402
1982464 665.003366
1984512 855.396274
1986560 535.121143
1988608 626.318565
1990656 836.919323
1992704 599.535009
1994752 802.943029
1996800 742.231412
1998848 656.657658
2000896 717.320669
