2048 11.260498
4096 18.653149
6144 55.060916
8192 130.845384
10240 121.379379
12288 74.841050
14336 153.382764
16384 202.204936
18432 149.864846
20480 157.792635
22528 221.596913
24576 312.948212
26624 238.949325
28672 307.790909
30720 326.199251
32768 326.036886
34816 302.058768
36864 322.347918
38912 315.166448
40960 331.411233
43008 323.853227
45056 330.356597
47104 359.361790
49152 363.342884
51200 264.539842
53248 312.256197
55296 307.839386
57344 282.489858
59392 290.041540
61440 238.209003
63488 275.047385
65536 308.149337
67584 265.808335
69632 285.829188
71680 320.823646
73728 280.895610
75776 329.800587
77824 327.169159
79872 316.017157
81920 342.110020
83968 301.962954
86016 337.359840
88064 339.064333
90112 323.158004
92160 350.208260
94208 306.495855
96256 345.256671
98304 327.589697
100352 320.748426
102400 391.784755
104448 335.787119
106496 365.096775
108544 336.596121
110592 348.636656
112640 370.456929
114688 339.935898
116736 350.573511
118784 339.261658
120832 354.539318
122880 344.074479
124928 361.249501
126976 357.286642
129024 360.130859
131072 363.809521
133120 364.422234
135168 388.100853
137216 392.991232
139264 381.123416
141312 380.629957
143360 368.219395
145408 394.387184
147456 393.017322
149504 368.325546
151552 373.043399
153600 401.443052
155648 397.195105
157696 365.737589
159744 375.886414
161792 364.467117
163840 418.488648
165888 395.593781
167936 373.222508
169984 388.679933
172032 416.230917
174080 377.441681
176128 381.063053
178176 359.141768
180224 379.317467
182272 402.565137
184320 416.488210
186368 404.522140
188416 419.384504
190464 419.892650
192512 411.227250
194560 422.194761
196608 392.404212
198656 418.768864
200704 414.067498
202752 415.589750
204800 423.734547
206848 428.009040
208896 410.663286
210944 435.959061
212992 409.049294
215040 427.938479
217088 415.459263
219136 437.178194
221184 447.690262
223232 464.473195
225280 458.007721
227328 451.711935
229376 453.393723
231424 440.202898
233472 445.864619
235520 457.067305
237568 483.323729
239616 478.467049
241664 472.267191
243712 447.501726
245760 470.440259
247808 461.592455
249856 468.000720
251904 457.912491
253952 429.923036
256000 468.239673
258048 444.589430
260096 448.267196
262144 462.309719
264192 436.453709
266240 481.044500
268288 468.120324
270336 431.805060
272384 481.697146
274432 446.163022
276480 454.270838
278528 473.421807
280576 487.251124
282624 477.375322
284672 461.478200
286720 470.447506
288768 477.975864
290816 458.030992
292864 478.470541
294912 472.156438
296960 472.193916
299008 462.503568
301056 469.810553
303104 467.610352
305152 443.542725
307200 470.529569
309248 490.433569
311296 456.020881
313344 502.736055
315392 499.058625
317440 491.290473
319488 510.939765
321536 503.678005
323584 500.124705
325632 500.031243
327680 498.210212
329728 507.429060
331776 503.204764
333824 516.634876
335872 528.843047
337920 510.770277
339968 517.257659
342016 523.876700
344064 528.293677
346112 521.535324
348160 515.889177
350208 516.538524
352256 504.742796
354304 493.196323
356352 503.539823
358400 527.879031
360448 531.568561
362496 524.824983
364544 519.701636
366592 536.804377
368640 476.331743
370688 514.416990
372736 528.247467
374784 511.098170
376832 501.073574
378880 507.763391
380928 521.126510
382976 521.973968
385024 525.584717
387072 502.751942
389120 510.778624
391168 511.549429
393216 540.065623
395264 528.260668
397312 541.990681
399360 530.359075
401408 530.559675
403456 544.937414
405504 543.159449
407552 555.911029
409600 543.368913
411648 501.766122
413696 524.639939
415744 522.091860
417792 541.602308
419840 503.141958
421888 543.614877
423936 535.547418
425984 535.390584
428032 509.753792
430080 554.917869
432128 527.850364
434176 540.995359
436224 562.727692
438272 539.996744
440320 555.221486
442368 544.543818
444416 554.368794
446464 551.223661
448512 570.379586
450560 563.703594
452608 561.029376
454656 549.050566
456704 553.050730
458752 568.806589
460800 566.411735
462848 520.781357
464896 575.897211
466944 563.312740
468992 539.476053
471040 539.862302
473088 573.830573
475136 556.626309
477184 566.402318
479232 566.192770
481280 571.741855
483328 556.862958
485376 551.659203
487424 573.805952
489472 573.100476
491520 559.237013
493568 565.477179
495616 548.829132
497664 558.338040
499712 572.604896
501760 562.028252
503808 560.290470
505856 581.146549
507904 575.135336
509952 566.843069
512000 571.540213
514048 556.139546
516096 559.736384
518144 566.328262
520192 563.267805
522240 565.442481
524288 554.612116
526336 557.324738
528384 562.189958
530432 562.657135
532480 570.399318
534528 571.059465
536576 561.899790
538624 540.713846
540672 506.348144
542720 506.992818
544768 505.186419
546816 529.354634
548864 513.198424
550912 510.613013
552960 543.995338
555008 533.772646
557056 565.824401
559104 559.759481
561152 574.859646
563200 569.697546
565248 551.219790
567296 534.069854
569344 534.033635
571392 569.057578
573440 572.768190
575488 542.137880
577536 579.439405
579584 499.105838
581632 527.524860
583680 549.802382
585728 575.778934
587776 581.627124
589824 582.886058
591872 591.443286
593920 582.009303
595968 580.871697
598016 560.001886
600064 570.133798
602112 573.582734
604160 560.750579
606208 572.326489
608256 585.112539
610304 580.477271
612352 581.167135
614400 581.742308
616448 588.200593
618496 589.718658
620544 596.264638
622592 592.197065
624640 580.699799
626688 564.877379
628736 592.325517
630784 574.431498
632832 581.065477
634880 528.027751
636928 497.648094
638976 519.186885
641024 525.242450
643072 514.124653
645120 511.910963
647168 481.086051
649216 501.755691
651264 527.919334
653312 504.406482
655360 527.806643
657408 490.022169
659456 511.432197
661504 447.944885
663552 556.509237
665600 554.321746
667648 542.699721
669696 505.217619
671744 549.566043
673792 553.301631
675840 543.669319
677888 570.103222
679936 542.736624
681984 550.743366
684032 545.839629
686080 552.490888
688128 567.651831
690176 541.041071
692224 538.895113
694272 531.919830
696320 512.170758
698368 493.706338
700416 500.510377
702464 500.149525
704512 511.358817
706560 484.593762
708608 501.960450
710656 516.778849
712704 517.941151
714752 507.872585
716800 485.887090
718848 505.857878
720896 509.705569
722944 496.054240
724992 514.714022
727040 512.951384
729088 508.432290
731136 518.624248
733184 501.179899
735232 510.170398
737280 509.758755
739328 523.140982
741376 516.252948
743424 509.601029
745472 527.333536
747520 524.230316
749568 523.505224
751616 535.067134
753664 526.130578
755712 511.218262
757760 523.491570
759808 503.843944
761856 505.634506
763904 508.844516
765952 500.513899
768000 504.550927
770048 460.399279
772096 500.728306
774144 492.561148
776192 496.808403
778240 495.801150
780288 489.630331
782336 489.822405
784384 492.633141
786432 505.960110
788480 501.068679
790528 504.204252
792576 499.257729
794624 502.093988
796672 505.047539
798720 508.195201
800768 515.332762
802816 515.858973
804864 522.259517
806912 508.962179
808960 511.735686
811008 505.704691
813056 514.341631
815104 502.594675
817152 488.582388
819200 501.827348
821248 500.659037
823296 504.195353
825344 506.813881
827392 508.189718
829440 501.280839
831488 501.452369
833536 496.118439
835584 501.883621
837632 511.022598
839680 512.920578
841728 511.182835
843776 508.852962
845824 515.844197
847872 493.870435
849920 488.706734
851968 471.797580
854016 459.839453
856064 465.692470
858112 465.183858
860160 460.743959
862208 458.856487
864256 466.375613
866304 464.628841
868352 479.774690
870400 473.069814
872448 476.103267
874496 493.494274
876544 497.170655
878592 495.218218
880640 497.834706
882688 494.733459
884736 493.150324
886784 492.215597
888832 498.150135
890880 487.885664
892928 495.830921
894976 492.818244
897024 491.064050
899072 474.645379
901120 472.817122
903168 480.155950
905216 476.043429
907264 481.987064
909312 488.189418
911360 486.732448
913408 500.879261
915456 486.602011
917504 481.059691
919552 493.588852
921600 475.212777
923648 494.932767
925696 487.122320
927744 474.577783
929792 497.622468
931840 491.414994
933888 496.348014
935936 511.451422
937984 508.290698
940032 510.180174
942080 516.569521
944128 513.503743
946176 509.623070
948224 509.499530
950272 508.083367
952320 512.848865
954368 504.354149
956416 527.165680
958464 520.003791
960512 529.680267
962560 519.249241
964608 527.702241
966656 529.260031
968704 530.206775
970752 523.992012
972800 511.945723
974848 512.116330
976896 535.307855
978944 525.183866
980992 516.244684
983040 530.230610
985088 528.311063
987136 529.722073
989184 510.735063
991232 531.576462
993280 522.493985
995328 523.331867
997376 526.668411
999424 524.089239
1001472 526.950107
1003520 532.413149
1005568 533.424866
1007616 531.756853
1009664 517.586448
1011712 519.264534
1013760 533.365344
1015808 530.476420
1017856 527.731128
1019904 525.363715
1021952 532.391427
1024000 541.196227
1026048 534.005833
1028096 539.073429
1030144 539.057130
1032192 536.547711
1034240 551.269898
1036288 550.767047
1038336 544.414913
1040384 550.688686
1042432 551.526405
1044480 564.691252
1046528 543.511150
1048576 557.379127
1050624 557.747705
1052672 545.916876
1054720 551.531987
1056768 546.063608
1058816 554.295755
1060864 554.129116
1062912 546.447517
1064960 530.911853
1067008 525.492888
1069056 525.660145
1071104 535.151171
1073152 521.922158
1075200 522.407863
1077248 534.235753
1079296 529.907108
1081344 536.479737
1083392 551.067404
1085440 540.726160
1087488 542.101800
1089536 526.402263
1091584 551.965995
1093632 557.129358
1095680 546.453212
1097728 545.656842
1099776 548.643628
1101824 538.760563
1103872 546.579284
1105920 559.871197
1107968 570.319819
1110016 546.624487
1112064 545.561073
1114112 563.562678
1116160 559.692940
1118208 545.079784
1120256 549.863560
1122304 535.471279
1124352 560.038318
1126400 546.392419
1128448 553.877943
1130496 553.436076
1132544 541.243152
1134592 548.630234
1136640 543.538946
1138688 550.572794
1140736 541.471556
1142784 553.682902
1144832 560.166814
1146880 555.512278
1148928 550.205356
1150976 546.183686
1153024 562.259828
1155072 561.536471
1157120 548.079454
1159168 567.188680
1161216 551.702536
1163264 566.541135
1165312 552.978331
1167360 565.833543
1169408 555.639057
1171456 549.733835
1173504 556.238750
1175552 561.015373
1177600 546.941182
1179648 577.033601
1181696 559.457930
1183744 550.573307
1185792 556.263202
1187840 545.306365
1189888 566.427377
1191936 569.483824
1193984 571.683643
1196032 587.343110
1198080 564.690779
1200128 566.636645
1202176 562.935534
1204224 570.259574
1206272 539.873796
1208320 558.485186
1210368 564.997773
1212416 547.077616
1214464 593.047402
1216512 570.721641
1218560 571.318331
1220608 554.613137
1222656 562.848456
1224704 559.766870
1226752 559.995450
1228800 563.776240
1230848 559.444447
1232896 551.169196
1234944 575.302243
1236992 566.415552
1239040 554.339238
1241088 551.449234
1243136 544.701683
1245184 559.935120
1247232 554.029495
1249280 550.182889
1251328 547.269262
1253376 541.460122
1255424 553.805647
1257472 532.661428
1259520 586.759066
1261568 589.974556
1263616 589.994600
1265664 597.970167
1267712 615.489376
1269760 593.007428
1271808 587.052070
1273856 603.462266
1275904 580.013107
1277952 584.037069
1280000 589.827094
1282048 596.451436
1284096 596.529072
1286144 594.395877
1288192 610.580271
1290240 514.735956
1292288 587.881186
1294336 562.254464
1296384 553.987542
1298432 574.693841
1300480 561.771065
1302528 572.548888
1304576 566.112318
1306624 566.637529
1308672 567.228299
1310720 567.832287
1312768 574.910917
1314816 590.618387
1316864 582.563869
1318912 589.899567
1320960 593.503273
1323008 591.665696
1325056 619.883309
1327104 611.152383
1329152 617.641948
1331200 606.611282
1333248 590.060044
1335296 607.373089
1337344 629.161440
1339392 612.456862
1341440 618.507902
1343488 605.737635
1345536 602.864157
1347584 611.018328
1349632 582.337788
1351680 609.479249
1353728 598.038165
1355776 573.888759
1357824 616.362369
1359872 609.283554
1361920 597.373671
1363968 607.578162
1366016 566.978191
1368064 608.933000
1370112 572.031348
1372160 594.175731
1374208 581.483099
1376256 578.897345
1378304 607.313445
1380352 613.029911
1382400 574.605941
1384448 581.526825
1386496 523.157860
1388544 579.330091
1390592 586.538173
1392640 584.731989
1394688 597.325234
1396736 588.234343
1398784 606.347059
1400832 578.319747
1402880 586.867654
1404928 592.002383
1406976 605.571511
1409024 605.988913
1411072 596.119384
1413120 586.479032
1415168 627.633782
1417216 623.855579
1419264 602.480011
1421312 594.970410
1423360 592.360996
1425408 638.995450
1427456 630.667900
1429504 615.365145
1431552 632.405751
1433600 615.304399
1435648 597.630240
1437696 612.254203
1439744 604.210091
1441792 590.938114
1443840 561.609507
1445888 569.698250
1447936 642.446020
1449984 557.889567
1452032 592.067984
1454080 604.748546
1456128 576.315248
1458176 530.655641
1460224 522.321462
1462272 522.214135
1464320 577.750374
1466368 547.380602
1468416 546.724761
1470464 546.656037
1472512 559.775472
1474560 537.785000
1476608 560.715363
1478656 566.181595
1480704 586.608898
1482752 576.528932
1484800 596.084173
1486848 583.282172
1488896 571.459359
1490944 563.106005
1492992 550.776669
1495040 580.921335
1497088 589.660569
1499136 581.122645
1501184 600.327616
1503232 584.696820
1505280 596.997979
1507328 587.991522
1509376 603.413756
1511424 611.902174
1513472 606.315570
1515520 591.284198
1517568 621.771121
1519616 603.867849
1521664 616.458787
1523712 591.999265
1525760 599.283120
1527808 573.734424
1529856 532.901006
1531904 596.624586
1533952 611.827054
1536000 621.936754
1538048 624.057168
1540096 612.974670
1542144 591.444750
1544192 601.381297
1546240 600.080321
1548288 613.741634
1550336 614.251681
1552384 611.516317
1554432 596.747389
1556480 608.514122
1558528 603.967286
1560576 518.537526
1562624 494.246298
1564672 484.070483
1566720 468.935767
1568768 465.585269
1570816 469.203962
1572864 472.792105
1574912 473.144967
1576960 474.155226
1579008 475.232934
1581056 475.937062
1583104 480.399252
1585152 487.375211
1587200 480.163187
1589248 488.316013
1591296 487.739906
1593344 492.261971
1595392 484.980651
1597440 491.468641
1599488 506.897621
1601536 502.984121
1603584 497.859851
1605632 506.161838
1607680 516.500219
1609728 514.249766
1611776 515.060241
1613824 517.603419
1615872 510.173742
1617920 518.110304
1619968 522.364277
1622016 526.709327
1624064 526.701835
1626112 530.888564
1628160 523.149254
1630208 529.873264
1632256 538.535691
1634304 534.452680
1636352 539.318823
1638400 535.058518
1640448 538.488519
1642496 548.649165
1644544 534.316878
1646592 546.557336
1648640 534.203647
1650688 544.831244
1652736 542.948540
1654784 553.936508
1656832 565.690611
1658880 560.769105
1660928 543.613008
1662976 560.031512
1665024 573.546373
1667072 565.045112
1669120 576.892117
1671168 574.541466
1673216 569.886333
1675264 552.113748
1677312 571.062937
1679360 578.067156
1681408 568.368765
1683456 593.363584
1685504 571.220986
1687552 584.815321
1689600 588.875626
1691648 533.897928
1693696 427.409334
1695744 393.582235
1697792 410.379273
1699840 426.617504
1701888 444.977749
1703936 438.049047
1705984 487.333924
1708032 528.795275
1710080 363.324972
1712128 353.552585
1714176 275.990492
1716224 166.052171
1718272 554.267560
1720320 532.351480
1722368 537.555795
1724416 532.737478
1726464 543.073010
1728512 511.104006
1730560 517.310082
1732608 512.698486
1734656 520.317036
1736704 520.494546
1738752 508.976929
1740800 528.666826
1742848 516.470337
1744896 528.609091
1746944 524.137384
1748992 524.112829
1751040 540.307026
1753088 524.937020
1755136 533.366722
1757184 531.474969
1759232 531.043157
1761280 527.199281
1763328 524.848440
1765376 539.724283
1767424 543.859316
1769472 534.379007
1771520 534.237315
1773568 518.513463
1775616 517.112721
1777664 524.014191
1779712 518.219235
1781760 615.132069
1783808 622.853375
1785856 653.145467
1787904 660.408305
1789952 699.148066
1792000 664.920794
1794048 672.449977
1796096 635.235443
1798144 668.139826
1800192 572.879234
1802240 584.969089
1804288 581.941651
1806336 615.602948
1808384 516.780526
1810432 313.124499
1812480 459.053789
1814528 529.657669
1816576 470.588895
1818624 655.761942
1820672 668.580598
1822720 595.385353
1824768 607.257926
1826816 661.142044
1828864 655.000144
1830912 619.053481
1832960 675.977713
1835008 661.144351
1837056 665.167229
1839104 650.835287
1841152 647.608146
1843200 633.627840
1845248 637.760270
1847296 633.428735
1849344 626.045344
1851392 628.436702
1853440 628.231466
1855488 634.343051
1857536 634.069733
1859584 635.589885
1861632 632.602237
1863680 639.967220
1865728 647.987969
1867776 594.820941
1869824 635.575626
1871872 640.211035
1873920 633.883601
1875968 632.569742
1878016 641.781393
1880064 644.662775
1882112 627.177138
1884160 633.287758
1886208 643.494452
1888256 636.378288
1890304 638.892095
1892352 623.570116
1894400 629.709675
1896448 624.769552
1898496 622.544988
1900544 615.999795
1902592 635.796215
1904640 628.400541
1906688 643.370187
1908736 633.024318
1910784 646.057497
1912832 646.112739
1914880 642.004054
1916928 640.260018
1918976 647.872779
1921024 644.637080
1923072 648.636717
1925120 649.807182
1927168 655.127706
1929216 648.843945
1931264 653.197602
1933312 651.158412
1935360 656.642274
1937408 654.124021
1939456 653.269254
1941504 644.215424
1943552 647.233378
1945600 657.290812
1947648 652.875990
1949696 665.721942
1951744 647.930818
1953792 653.667720
1955840 616.827811
1957888 618.098671
1959936 583.878700
1961984 602.324769
1964032 618.168458
1966080 613.904038
1968128 615.578289
1970176 616.095435
1972224 616.186812
1974272 619.324640
1976320 625.150111
1978368 620.751602
1980416 621.074170
1982464 621.847761
1984512 621.530432
1986560 624.876417
1988608 623.598091
1990656 626.821436
1992704 624.430005
1994752 628.985061
1996800 626.451070
1998848 629.167029
2000896 632.723751
