2048 6.944193
4096 35.274638
6144 97.943167
8192 50.865418
10240 94.160470
12288 199.302215
14336 158.968098
16384 221.386520
18432 191.667125
20480 189.411600
22528 255.300030
24576 315.896634
26624 283.553525
28672 258.633476
30720 309.203245
32768 251.267534
34816 278.165475
36864 277.475103
38912 342.565569
40960 269.423789
43008 281.334858
45056 286.511897
47104 257.602295
49152 289.098869
51200 286.047210
53248 246.176786
55296 229.246543
57344 219.856589
59392 237.969033
61440 270.065311
63488 309.887846
65536 289.270562
67584 259.902460
69632 244.161605
71680 243.722034
73728 284.379511
75776 252.272135
77824 252.004062
79872 231.435509
81920 244.379448
83968 289.386251
86016 215.132854
88064 299.784459
90112 280.632018
92160 276.363174
94208 241.950271
96256 232.968029
98304 268.491530
100352 210.776417
102400 337.584643
104448 331.670221
106496 291.544130
108544 269.290281
110592 321.965945
112640 311.365196
114688 366.638792
116736 340.926310
118784 358.375931
120832 345.657333
122880 341.620351
124928 353.267201
126976 346.759644
129024 371.000939
131072 322.421275
133120 306.220228
135168 353.340575
137216 320.324770
139264 348.135483
141312 354.081596
143360 359.224072
145408 337.412898
147456 369.163342
149504 326.651438
151552 366.050145
153600 363.395454
155648 335.879564
157696 379.704117
159744 322.252536
161792 350.282697
163840 340.309104
165888 346.174122
167936 358.427878
169984 349.284375
172032 333.938875
174080 304.895868
176128 345.530189
178176 311.585339
180224 335.488476
182272 350.078341
184320 316.986712
186368 346.672056
188416 343.537825
190464 346.088175
192512 341.339587
194560 366.533809
196608 339.023208
198656 334.428735
200704 360.836011
202752 352.394612
204800 352.132981
206848 380.203785
208896 377.840582
210944 353.398072
212992 384.455134
215040 364.775945
217088 371.391373
219136 366.420496
221184 387.315558
223232 353.144005
225280 370.895231
227328 363.137972
229376 366.372700
231424 398.274857
233472 377.802318
235520 393.645655
237568 373.295242
239616 396.601795
241664 422.293263
243712 385.405213
245760 382.684227
247808 386.142022
249856 411.000661
251904 374.923720
253952 410.467663
256000 431.551802
258048 450.355291
260096 429.554978
262144 461.363388
264192 455.337841
266240 429.855958
268288 429.343716
270336 442.739986
272384 431.981246
274432 435.337541
276480 449.656738
278528 445.341659
280576 484.561892
282624 484.352763
284672 467.959617
286720 473.466493
288768 472.250913
290816 479.772352
292864 482.564720
294912 477.394505
296960 498.942293
299008 528.489957
301056 470.198433
303104 480.807935
305152 466.686282
307200 510.833035
309248 509.229566
311296 524.322889
313344 499.971127
315392 526.183722
317440 526.111987
319488 584.824813
321536 566.681043
323584 578.052889
325632 564.900622
327680 581.446375
329728 590.665485
331776 608.745486
333824 596.388524
335872 629.236501
337920 577.768101
339968 553.035199
342016 601.999339
344064 590.414766
346112 596.189821
348160 600.422269
350208 604.594610
352256 639.465340
354304 621.427173
356352 643.913115
358400 608.489612
360448 642.795654
362496 619.403568
364544 654.006578
366592 645.702235
368640 628.764527
370688 676.171016
372736 653.931582
374784 669.599234
376832 650.242256
378880 669.299061
380928 666.721403
382976 677.520185
385024 654.070347
387072 674.883607
389120 628.197632
391168 687.683401
393216 680.507845
395264 667.493906
397312 697.432594
399360 661.509893
401408 680.335365
403456 706.437144
405504 694.681972
407552 669.493519
409600 675.339404
411648 662.809336
413696 678.140263
415744 676.501079
417792 663.063110
419840 695.263589
421888 667.954660
423936 671.253409
425984 669.781752
428032 681.817345
430080 692.310327
432128 699.645940
434176 691.902731
436224 688.459811
438272 710.776286
440320 706.447664
442368 717.658283
444416 692.088458
446464 717.835514
448512 724.132316
450560 742.847908
452608 742.790725
454656 738.455154
456704 739.336545
458752 762.459523
460800 761.806944
462848 724.985521
464896 764.485058
466944 771.709649
468992 775.427681
471040 773.997224
473088 756.495424
475136 772.549489
477184 755.785538
479232 712.337536
481280 749.965814
483328 731.659497
485376 724.451610
487424 738.000485
489472 764.927782
491520 728.096935
493568 758.151522
495616 786.150968
497664 759.995454
499712 777.874062
501760 818.671569
503808 786.688329
505856 784.295340
507904 802.795280
509952 851.483174
512000 800.683650
514048 792.999678
516096 728.278531
518144 761.969709
520192 789.952993
522240 766.446122
524288 806.389659
526336 751.831071
528384 808.325593
530432 954.064868
532480 829.206589
534528 703.242960
536576 863.944424
538624 755.439641
540672 938.729266
542720 849.011674
544768 737.025624
546816 939.310246
548864 835.324790
550912 880.719737
552960 863.868331
555008 955.055045
557056 893.690843
559104 1048.116142
561152 1162.716346
563200 905.801418
565248 842.568137
567296 885.814862
569344 906.340849
571392 1113.899889
573440 1056.214991
575488 990.665118
577536 986.578446
579584 806.502580
581632 863.884388
583680 855.178195
585728 817.588757
587776 856.678272
589824 865.634831
591872 848.257260
593920 866.487930
595968 840.966047
598016 937.176828
600064 855.860677
602112 891.784173
604160 874.122867
606208 831.555832
608256 868.275766
610304 904.132389
612352 898.492407
614400 868.046725
616448 858.036362
618496 842.625771
620544 902.848144
622592 883.828299
624640 901.942556
626688 913.442817
628736 862.388578
630784 907.813293
632832 940.889125
634880 873.857946
636928 844.837853
638976 916.599762
641024 937.731955
643072 960.594167
645120 920.708764
647168 974.333001
649216 858.124373
651264 978.562071
653312 930.426817
655360 976.887803
657408 900.642614
659456 766.006461
661504 866.415775
663552 753.986338
665600 898.470840
667648 856.221869
669696 804.977502
671744 806.909810
673792 769.828080
675840 668.599492
677888 820.802458
679936 709.345029
681984 734.475899
684032 909.808580
686080 1044.171200
688128 1083.182547
690176 1025.501243
692224 820.366037
694272 932.374385
696320 1011.245006
698368 1016.617482
700416 742.515279
702464 724.680737
704512 716.998184
706560 703.428810
708608 699.127327
710656 701.395075
712704 735.379856
714752 685.155668
716800 655.672318
718848 605.364629
720896 687.935252
722944 748.289112
724992 677.576943
727040 541.020478
729088 686.785647
731136 544.943411
733184 721.177814
735232 667.217573
737280 715.882551
739328 745.663725
741376 612.985593
743424 623.464320
745472 757.608964
747520 695.647010
749568 587.119313
751616 601.575910
753664 684.866985
755712 655.614943
757760 591.410384
759808 604.830881
761856 493.200703
763904 569.608885
765952 601.065680
768000 484.415241
770048 793.972063
772096 638.965369
774144 743.308111
776192 756.381251
778240 465.180380
780288 764.802984
782336 500.232229
784384 649.606090
786432 698.549182
788480 709.921168
790528 635.850427
792576 606.319689
794624 603.695788
796672 859.450284
798720 730.639949
800768 818.129114
802816 773.884858
804864 854.768307
806912 739.088874
808960 606.031289
811008 659.884722
813056 800.707503
815104 596.051491
817152 754.423146
819200 701.186306
821248 646.333305
823296 850.328595
825344 752.905561
827392 716.386620
829440 669.528461
831488 568.636744
833536 749.346774
835584 660.097313
837632 610.911700
839680 796.259905
841728 649.818913
843776 722.140645
845824 744.874957
847872 665.612536
849920 625.476000
851968 792.800215
854016 609.519970
856064 802.270822
858112 615.510526
860160 889.990765
862208 419.080700
864256 820.878664
866304 509.287347
868352 794.955462
870400 958.773781
872448 1634.674003
874496 1019.890110
876544 1243.811465
878592 990.158064
880640 1590.646053
882688 1168.621248
884736 1420.811009
886784 2133.669443
888832 2097.845796
890880 1833.567660
892928 1479.687001
894976 1279.428738
897024 1541.766909
899072 1142.554182
901120 2091.461841
903168 1429.079278
905216 1129.582016
907264 1004.700462
909312 1061.999234
911360 712.913611
913408 1088.089693
915456 1164.715326
917504 1151.866719
919552 1181.548939
921600 927.972935
923648 878.823553
925696 779.897556
927744 1232.555497
929792 844.192196
931840 895.906778
933888 1129.975754
935936 763.788223
937984 788.311373
940032 1178.911407
942080 1256.475786
944128 799.696289
946176 1100.100304
948224 834.112997
950272 922.845281
952320 963.884093
954368 663.825844
956416 1056.055607
958464 1100.284701
960512 651.544413
962560 345.895158
964608 1038.456090
966656 1017.370749
968704 813.920470
970752 794.924826
972800 1055.328675
974848 784.618430
976896 617.708211
978944 873.831543
980992 996.296576
983040 1062.501938
985088 1099.188293
987136 964.147654
989184 846.695656
991232 827.787559
993280 847.583447
995328 671.423587
997376 664.928447
999424 866.514088
1001472 780.683239
1003520 689.134447
1005568 839.869501
1007616 687.716888
1009664 880.253431
1011712 834.209059
1013760 707.260269
1015808 611.563249
1017856 865.410826
1019904 1224.929537
1021952 994.523521
1024000 788.626351
1026048 1005.505012
1028096 926.467515
1030144 773.649655
1032192 1184.807449
1034240 1110.639737
1036288 1081.569494
1038336 989.351571
1040384 1069.313272
1042432 1418.958657
1044480 1031.472811
1046528 1116.657168
1048576 964.412591
1050624 1262.982835
1052672 1058.242624
1054720 1133.525793
1056768 1229.746717
1058816 1361.962831
1060864 856.594524
1062912 1193.351988
1064960 1115.104309
1067008 809.646983
1069056 711.955602
1071104 890.385525
1073152 1062.659736
1075200 842.448552
1077248 880.661032
1079296 977.869688
1081344 962.611385
1083392 908.653690
1085440 956.564118
1087488 983.354856
1089536 1250.082009
1091584 1466.779421
1093632 1433.158532
1095680 1377.793637
1097728 1453.162809
1099776 1049.001679
1101824 1141.349864
1103872 1075.336822
1105920 1588.973566
1107968 1283.814310
1110016 1052.142475
1112064 1535.033345
1114112 1131.984008
1116160 1378.326533
1118208 1002.605854
1120256 1205.523876
1122304 999.400647
1124352 1274.469155
1126400 1234.424032
1128448 1816.439442
1130496 2015.478636
1132544 1213.150674
1134592 1477.618769
1136640 1566.353465
1138688 1334.438634
1140736 1385.843860
1142784 1181.205520
1144832 1579.575491
1146880 1161.213371
1148928 1298.014500
1150976 1186.472594
1153024 1202.635584
1155072 1824.173815
1157120 1557.594725
1159168 1155.515905
1161216 1559.324797
1163264 1417.914127
1165312 1183.537287
1167360 1146.534108
1169408 1817.762058
1171456 1339.023072
1173504 1376.540047
1175552 1303.674379
1177600 1164.489532
1179648 1325.234562
1181696 1907.788075
1183744 1823.765614
1185792 1410.230018
1187840 1389.472414
1189888 1077.190561
1191936 1363.437426
1193984 1447.154167
1196032 1571.801617
1198080 1192.973597
1200128 1298.212855
1202176 1023.113568
1204224 1174.362286
1206272 1178.909890
1208320 1010.788861
1210368 576.217386
1212416 1349.031259
1214464 1765.907022
1216512 1133.056681
1218560 1112.832940
1220608 1344.770207
1222656 1346.154440
1224704 1692.912613
1226752 1257.543343
1228800 827.051739
1230848 1407.553010
1232896 1246.026183
1234944 1075.888093
1236992 1416.533260
1239040 1596.296657
1241088 1235.206956
1243136 1484.439990
1245184 1098.138902
1247232 1187.710183
1249280 1076.958457
1251328 1164.449260
1253376 1151.583841
1255424 655.753983
1257472 914.824047
1259520 1013.466154
1261568 719.634281
1263616 960.471896
1265664 1045.999976
1267712 676.663419
1269760 1024.740808
1271808 659.313105
1273856 545.635491
1275904 578.634468
1277952 688.656097
1280000 494.930947
1282048 803.621199
1284096 690.062211
1286144 1041.458388
1288192 985.439938
1290240 1181.968393
1292288 895.838276
1294336 1024.663944
1296384 750.467091
1298432 646.372523
1300480 1340.677969
1302528 1186.439923
1304576 1259.124248
1306624 1138.457553
1308672 1334.656163
1310720 770.066023
1312768 904.754766
1314816 559.887698
1316864 1245.580613
1318912 775.904628
1320960 882.222756
1323008 570.757331
1325056 1239.920866
1327104 671.953658
1329152 745.035870
1331200 454.692219
1333248 566.682334
1335296 583.377573
1337344 603.626260
1339392 557.642019
1341440 349.032927
1343488 802.590893
1345536 1192.942037
1347584 1058.824905
1349632 841.648409
1351680 834.847505
1353728 760.556028
1355776 652.603429
1357824 794.760960
1359872 514.612570
1361920 654.519613
1363968 557.718755
1366016 651.883451
1368064 625.804608
1370112 949.094619
1372160 1014.279039
1374208 661.827061
1376256 641.359822
1378304 939.511005
1380352 672.482762
1382400 736.901016
1384448 919.267750
1386496 679.444962
1388544 698.185825
1390592 694.010205
1392640 682.067751
1394688 737.364741
1396736 866.540087
1398784 992.012298
1400832 923.699994
1402880 467.653183
1404928 424.537769
1406976 482.514349
1409024 327.158163
1411072 392.591243
1413120 251.542960
1415168 380.105471
1417216 302.837379
1419264 522.624523
1421312 229.364726
1423360 173.628487
1425408 341.709835
1427456 442.542520
1429504 149.802821
1431552 525.233182
1433600 392.691986
1435648 252.051181
1437696 441.103836
1439744 295.807933
1441792 294.748605
1443840 419.432187
1445888 578.299967
1447936 199.876478
1449984 355.212989
1452032 491.896537
1454080 488.019721
1456128 798.044445
1458176 571.620771
1460224 465.394596
1462272 405.628676
1464320 248.599472
1466368 304.488946
1468416 213.846501
1470464 125.165103
1472512 275.254507
1474560 461.404466
1476608 535.516648
1478656 479.258733
1480704 333.155131
1482752 272.641228
1484800 281.720771
1486848 323.149691
1488896 640.414675
1490944 518.729731
1492992 270.199972
1495040 79.881471
1497088 221.036169
1499136 218.331416
1501184 172.414371
1503232 50.261102
1505280 195.959944
1507328 143.898849
1509376 287.161974
1511424 167.330173
1513472 128.568952
1515520 131.185051
1517568 220.352001
1519616 101.638490
1521664 250.990832
1523712 116.970062
1525760 38.436185
1527808 53.229693
1529856 158.421909
1531904 43.500638
1533952 47.211729
1536000 34.330753
1538048 42.362629
1540096 58.340899
1542144 33.311488
1544192 188.621388
1546240 132.721117
1548288 161.643993
1550336 95.128574
1552384 65.063441
1554432 108.334711
1556480 92.148056
1558528 165.469996
1560576 65.191485
1562624 26.012081
1564672 77.034592
1566720 283.671808
1568768 30.209156
1570816 128.096032
1572864 43.317250
1574912 71.610174
1576960 36.488864
1579008 72.710198
1581056 53.233247
1583104 142.766911
1585152 93.349174
1587200 115.255490
1589248 35.698165
1591296 61.498115
1593344 165.334271
1595392 151.990911
1597440 119.632798
1599488 71.265335
1601536 190.299782
1603584 221.843968
1605632 192.378303
1607680 322.879493
1609728 196.346359
1611776 354.066275
1613824 52.265789
1615872 319.654945
1617920 267.869607
1619968 191.331415
1622016 416.294181
1624064 280.361327
1626112 256.486963
1628160 180.551043
1630208 343.483867
1632256 91.728688
1634304 152.723171
1636352 222.251533
1638400 135.205662
1640448 205.641689
1642496 500.576008
1644544 311.028190
1646592 198.923035
1648640 80.653262
1650688 199.074476
1652736 85.076455
1654784 56.141240
1656832 77.999769
1658880 452.200447
1660928 227.913218
1662976 162.727938
1665024 149.745730
1667072 297.953446
1669120 140.085279
1671168 217.629422
1673216 223.640040
1675264 -7.544792
1677312 845.419459
1679360 719.403445
1681408 846.400843
1683456 601.571814
1685504 520.932846
1687552 581.315779
1689600 633.645366
1691648 446.088755
1693696 595.823249
1695744 865.187174
1697792 775.864134
1699840 835.699726
1701888 930.127114
1703936 731.271641
1705984 921.044774
1708032 911.917850
1710080 766.545779
1712128 651.555447
1714176 513.468205
1716224 863.523033
1718272 244.497588
1720320 730.375365
1722368 594.930797
1724416 300.036360
1726464 645.783725
1728512 780.759215
1730560 594.866514
1732608 781.129015
1734656 470.766695
1736704 431.586443
1738752 798.276581
1740800 657.327822
1742848 642.213969
1744896 431.995217
1746944 450.005336
1748992 380.055973
1751040 827.960213
1753088 532.984620
1755136 813.244169
1757184 531.813015
1759232 615.551353
1761280 583.950806
1763328 725.984962
1765376 530.949023
1767424 671.922464
1769472 523.609329
1771520 621.630120
1773568 426.985364
1775616 747.422061
1777664 454.606994
1779712 462.973279
1781760 469.260011
1783808 488.706312
1785856 485.573123
1787904 551.940741
1789952 624.895298
1792000 315.020249
1794048 329.963887
1796096 465.085243
1798144 290.822221
1800192 364.003935
1802240 301.380463
1804288 299.124363
1806336 633.186280
1808384 401.282724
1810432 404.544825
1812480 398.870573
1814528 609.260467
1816576 586.530106
1818624 715.377271
1820672 424.606210
1822720 530.707488
1824768 431.763953
1826816 379.281434
1828864 472.523084
1830912 347.180529
1832960 314.247262
1835008 460.373058
1837056 374.785114
1839104 432.924304
1841152 427.837128
1843200 408.234181
1845248 296.504730
1847296 298.782228
1849344 347.221874
1851392 322.297582
1853440 229.731737
1855488 231.532081
1857536 288.237755
1859584 248.678805
1861632 242.006278
1863680 290.625890
1865728 256.367138
1867776 313.608145
1869824 339.590957
1871872 312.046092
1873920 297.811334
1875968 266.971760
1878016 273.067044
1880064 358.042080
1882112 232.927663
1884160 260.921791
1886208 237.376328
1888256 304.714043
1890304 323.004882
1892352 243.940774
1894400 266.576933
1896448 271.739892
1898496 470.006157
1900544 387.792261
1902592 587.150964
1904640 489.949922
1906688 342.232423
1908736 601.657737
1910784 682.607501
1912832 756.192302
1914880 650.935820
1916928 485.840465
1918976 627.648793
1921024 313.218025
1923072 414.584069
1925120 485.867321
1927168 531.287352
1929216 551.794213
1931264 497.404416
1933312 281.761872
1935360 607.591646
1937408 550.889146
1939456 526.348963
1941504 545.576375
1943552 522.826720
1945600 418.314024
1947648 567.110275
1949696 452.365666
1951744 812.576421
1953792 502.193933
1955840 738.073790
1957888 957.739757
1959936 774.550691
1961984 725.289305
1964032 641.658463
1966080 698.437599
1968128 703.816474
1970176 636.643001
1972224 601.110162
1974272 843.330048
1976320 693.525171
1978368 664.526033
1980416 696.208307
1982464 953.050878
1984512 708.128747
1986560 910.308689
1988608 743.919783
1990656 1221.333313
1992704 868.982443
1994752 914.479466
1996800 935.353934
1998848 797.259389
2000896 765.917038
