2048 6.774914
4096 22.997944
6144 72.243459
8192 73.898540
10240 212.623504
12288 110.485847
14336 232.293581
16384 239.836333
18432 287.741205
20480 223.109421
22528 163.676744
24576 246.810869
26624 317.850831
28672 289.655612
30720 286.950211
32768 287.784568
34816 284.181561
36864 281.314460
38912 320.882272
40960 298.983220
43008 329.599395
45056 302.227200
47104 290.902351
49152 233.183970
51200 250.991785
53248 268.000682
55296 303.905331
57344 258.694015
59392 303.334244
61440 273.923246
63488 276.892284
65536 260.008240
67584 267.634740
69632 261.615688
71680 273.384376
73728 297.505007
75776 267.092694
77824 284.446179
79872 271.468492
81920 268.927161
83968 232.367721
86016 295.771745
88064 279.403874
90112 299.105049
92160 290.309260
94208 273.026177
96256 305.494435
98304 275.120078
100352 292.678165
102400 283.030474
104448 281.982787
106496 318.950097
108544 300.088049
110592 296.496645
112640 320.355362
114688 343.499626
116736 318.261859
118784 330.152625
120832 334.989838
122880 367.672334
124928 352.526570
126976 346.151776
129024 375.152538
131072 371.243378
133120 370.635396
135168 393.519123
137216 378.623232
139264 367.118776
141312 408.061634
143360 371.708679
145408 391.348568
147456 383.491180
149504 385.647250
151552 372.356267
153600 367.347798
155648 395.811550
157696 374.578449
159744 384.435865
161792 388.625852
163840 408.071171
165888 396.399959
167936 384.209954
169984 369.597601
172032 380.924390
174080 395.028748
176128 396.228547
178176 400.623896
180224 395.115003
182272 388.655244
184320 385.012419
186368 387.063339
188416 392.423153
190464 400.225516
192512 387.284676
194560 365.409928
196608 388.867986
198656 389.799138
200704 366.727983
202752 371.593245
204800 392.777135
206848 370.912084
208896 383.024201
210944 407.858866
212992 396.904973
215040 386.067752
217088 397.104070
219136 412.785466
221184 399.781426
223232 404.450194
225280 419.990102
227328 431.207809
229376 397.165430
231424 420.407844
233472 399.523052
235520 398.661854
237568 400.685435
239616 399.281849
241664 411.130396
243712 388.595164
245760 387.016685
247808 374.174342
249856 396.390692
251904 426.132383
253952 423.054521
256000 373.592520
258048 412.041148
260096 407.062535
262144 428.216379
264192 403.470951
266240 419.060907
268288 402.088845
270336 397.797251
272384 416.029487
274432 424.207451
276480 425.365715
278528 431.542999
280576 429.662379
282624 401.188922
284672 416.137942
286720 406.020405
288768 434.842100
290816 426.967364
292864 425.133542
294912 441.036139
296960 443.515893
299008 456.489427
301056 421.016243
303104 411.222105
305152 437.740417
307200 440.366534
309248 459.404107
311296 444.162012
313344 451.440911
315392 458.886784
317440 460.250361
319488 458.318505
321536 484.605079
323584 471.850437
325632 465.380744
327680 452.061433
329728 482.265546
331776 481.530976
333824 473.297804
335872 450.202745
337920 466.078373
339968 486.279793
342016 480.465331
344064 489.514839
346112 470.438250
348160 448.903039
350208 481.651936
352256 471.834381
354304 477.444502
356352 456.410320
358400 483.851095
360448 461.338157
362496 497.561154
364544 492.478440
366592 462.755436
368640 468.951994
370688 503.071071
372736 483.811423
374784 495.388595
376832 485.915657
378880 507.572896
380928 483.347224
382976 498.240067
385024 505.561285
387072 502.755560
389120 489.731460
391168 483.583393
393216 497.922267
395264 492.362600
397312 508.990306
399360 506.980962
401408 499.480471
403456 506.839638
405504 482.107828
407552 497.183589
409600 506.340998
411648 527.888110
413696 513.229724
415744 506.859817
417792 528.240697
419840 480.498296
421888 539.850018
423936 531.697649
425984 512.579050
428032 524.260384
430080 505.176632
432128 540.192615
434176 523.600082
436224 532.910240
438272 525.086693
440320 545.304357
442368 473.281963
444416 522.455193
446464 534.495637
448512 549.258491
450560 475.481395
452608 535.834777
454656 526.184902
456704 524.060228
458752 522.505197
460800 522.948527
462848 532.933252
464896 527.081287
466944 548.261958
468992 491.145641
471040 557.317101
473088 503.902971
475136 519.099938
477184 518.625515
479232 533.102492
481280 506.216443
483328 531.406945
485376 551.989600
487424 541.760066
489472 567.210705
491520 540.144863
493568 555.849894
495616 559.971312
497664 557.311972
499712 576.285157
501760 486.221164
503808 555.079087
505856 544.071233
507904 553.657382
509952 549.985372
512000 550.453860
514048 547.275229
516096 540.693947
518144 510.005676
520192 540.042125
522240 542.168279
524288 550.608079
526336 548.123659
528384 555.106301
530432 548.653323
532480 550.785562
534528 550.281979
536576 557.228790
538624 554.675984
540672 543.423433
542720 549.273637
544768 554.542649
546816 550.586185
548864 556.902169
550912 549.928197
552960 542.311496
555008 554.757872
557056 535.673385
559104 554.025970
561152 551.383338
563200 557.563475
565248 557.458441
567296 551.855383
569344 542.308374
571392 536.066222
573440 559.482447
575488 517.864595
577536 552.864168
579584 546.705868
581632 539.714316
583680 543.819558
585728 536.631719
587776 532.378321
589824 548.093363
591872 557.301246
593920 547.812779
595968 547.523630
598016 547.714143
600064 547.784596
602112 542.132864
604160 543.653037
606208 543.844833
608256 550.790884
610304 572.103429
612352 562.457002
614400 565.010069
616448 562.633756
618496 583.130052
620544 583.054033
622592 578.397563
624640 568.995094
626688 578.008588
628736 576.482359
630784 566.212088
632832 562.800865
634880 563.063818
636928 576.908883
638976 574.045936
641024 650.457059
643072 617.539335
645120 604.163604
647168 596.137033
649216 597.519345
651264 588.623087
653312 591.343516
655360 585.977290
657408 592.228926
659456 572.165305
661504 566.260623
663552 583.291013
665600 569.839746
667648 566.840005
669696 573.658143
671744 576.653990
673792 577.578954
675840 580.421033
677888 563.363769
679936 569.669367
681984 584.997602
684032 585.205039
686080 588.116161
688128 587.139203
690176 587.504143
692224 587.131608
694272 588.596871
696320 587.976829
698368 589.715729
700416 590.420124
702464 589.468388
704512 594.072842
706560 589.046134
708608 597.062071
710656 556.586342
712704 532.159254
714752 532.085271
716800 518.926612
718848 510.875060
720896 521.933640
722944 526.894439
724992 522.674636
727040 536.952497
729088 526.101957
731136 533.122738
733184 540.577017
735232 540.240044
737280 545.194448
739328 552.237545
741376 554.977925
743424 550.074608
745472 552.795401
747520 560.416633
749568 551.766902
751616 552.995961
753664 550.168294
755712 556.752997
757760 549.145244
759808 548.456540
761856 553.462475
763904 565.152525
765952 563.886147
768000 560.558490
770048 568.822082
772096 556.489510
774144 563.873991
776192 132.681852
778240 9.621247
780288 3.969509
782336 1.711548
784384 -12.894497
786432 -14.847281
788480 -16.995144
790528 -27.043606
792576 -31.196965
794624 -28.731200
796672 -24.263383
798720 -27.620968
800768 -28.635934
802816 -28.673524
804864 -23.628282
806912 -25.672532
808960 -18.819598
811008 -12.020736
813056 -23.716452
815104 -2.588867
817152 -21.957313
819200 -20.114434
821248 -21.231081
823296 10.250343
825344 17.591436
827392 19.785022
829440 -0.559343
831488 8.106367
833536 -15.049510
835584 -7.941894
837632 -25.679427
839680 158.373559
841728 97.672047
843776 329.888817
845824 78.600597
847872 162.815357
849920 255.848024
851968 161.449584
854016 228.368736
856064 290.939688
858112 230.155682
860160 195.428740
862208 275.621927
864256 228.875981
866304 234.090882
868352 223.777250
870400 188.191757
872448 263.325167
874496 225.330626
876544 361.160969
878592 204.081375
880640 396.670282
882688 339.558341
884736 249.488847
886784 376.409668
888832 438.567226
890880 324.214677
892928 516.177548
894976 495.009473
897024 428.063080
899072 455.872992
901120 424.862063
903168 398.603447
905216 434.155490
907264 341.345631
909312 326.574604
911360 46.880835
913408 315.403669
915456 154.156912
917504 284.884213
919552 342.103822
921600 388.496217
923648 347.901345
925696 417.037428
927744 370.935621
929792 -32.380518
931840 360.915958
933888 285.481058
935936 304.388729
937984 364.332299
940032 348.032293
942080 428.660163
944128 409.619873
946176 500.349809
948224 465.815231
950272 466.611948
952320 510.664196
954368 565.535367
956416 536.097916
958464 539.656078
960512 414.164274
962560 456.255983
964608 606.568249
966656 467.813654
968704 445.993392
970752 462.392627
972800 527.609430
974848 559.366333
976896 633.011412
978944 541.905542
980992 556.127324
983040 561.101007
985088 670.259515
987136 645.000427
989184 679.344452
991232 666.659108
993280 622.116307
995328 635.838992
997376 568.839342
999424 551.417741
1001472 554.020139
1003520 461.153938
1005568 514.153449
1007616 421.056259
1009664 457.133961
1011712 481.491952
1013760 446.696354
1015808 459.504920
1017856 513.943104
1019904 524.388116
1021952 466.923933
1024000 419.227554
1026048 466.812906
1028096 473.472618
1030144 537.670871
1032192 428.162643
1034240 482.690806
1036288 486.920485
1038336 430.052084
1040384 355.852882
1042432 420.318411
1044480 409.149814
1046528 407.419207
1048576 473.606449
1050624 575.584672
1052672 503.673607
1054720 515.695350
1056768 507.432306
1058816 451.286893
1060864 399.167038
1062912 462.891601
1064960 506.509754
1067008 436.572558
1069056 507.380138
1071104 553.541162
1073152 583.564231
1075200 487.803974
1077248 559.317772
1079296 568.277688
1081344 576.983926
1083392 518.725808
1085440 565.869968
1087488 570.913311
1089536 567.027439
1091584 520.324554
1093632 558.550214
1095680 548.991838
1097728 547.851182
1099776 571.275907
1101824 550.304531
1103872 570.392722
1105920 603.325207
1107968 596.712002
1110016 590.516269
1112064 584.315475
1114112 599.137793
1116160 589.097558
1118208 663.752920
1120256 634.154577
1122304 596.516925
1124352 648.305751
1126400 605.628085
1128448 580.664796
1130496 569.397187
1132544 620.791948
1134592 634.423745
1136640 664.370703
1138688 586.682974
1140736 598.855644
1142784 549.315784
1144832 602.035364
1146880 611.507839
1148928 647.182921
1150976 676.309550
1153024 671.711942
1155072 653.947468
1157120 687.606900
1159168 666.590899
1161216 716.923161
1163264 708.937578
1165312 777.524806
1167360 755.553755
1169408 686.472027
1171456 696.581942
1173504 839.889442
1175552 720.601747
1177600 756.614140
1179648 794.176432
1181696 754.211747
1183744 738.680702
1185792 682.511579
1187840 735.966335
1189888 814.729581
1191936 809.513556
1193984 789.224702
1196032 682.694355
1198080 903.224910
1200128 840.981158
1202176 782.500542
1204224 847.825354
1206272 942.071819
1208320 687.395756
1210368 760.219535
1212416 748.831116
1214464 688.436007
1216512 775.937943
1218560 761.249324
1220608 640.287390
1222656 600.658493
1224704 613.202716
1226752 680.969330
1228800 632.222763
1230848 691.933776
1232896 597.848410
1234944 567.071787
1236992 585.391861
1239040 608.597044
1241088 640.749981
1243136 580.588969
1245184 468.844025
1247232 781.791741
1249280 760.483080
1251328 803.288374
1253376 767.287897
1255424 714.001856
1257472 814.418267
1259520 878.467309
1261568 754.694605
1263616 735.077455
1265664 760.824847
1267712 778.364495
1269760 743.339605
1271808 716.519191
1273856 739.675067
1275904 730.704740
1277952 713.541064
1280000 707.876060
1282048 549.568046
1284096 574.758409
1286144 554.271153
1288192 453.572728
1290240 682.133207
1292288 621.552606
1294336 707.009492
1296384 885.841767
1298432 935.075741
1300480 764.804938
1302528 713.610716
1304576 932.666689
1306624 729.880940
1308672 543.930980
1310720 491.587893
1312768 597.697859
1314816 468.934006
1316864 732.604404
1318912 718.405549
1320960 716.043517
1323008 875.507110
1325056 989.273661
1327104 961.791754
1329152 712.593163
1331200 823.544267
1333248 812.251621
1335296 938.486839
1337344 869.282052
1339392 1158.462398
1341440 959.042337
1343488 1153.675217
1345536 903.209431
1347584 758.287684
1349632 878.129342
1351680 900.617207
1353728 780.708974
1355776 896.647712
1357824 848.138905
1359872 716.596091
1361920 915.130955
1363968 1010.498831
1366016 1286.775379
1368064 1062.817585
1370112 903.847355
1372160 985.995501
1374208 983.124133
1376256 1082.034708
1378304 893.828779
1380352 828.035817
1382400 1178.295867
1384448 907.420264
1386496 1118.175766
1388544 1077.268717
1390592 687.772870
1392640 623.877358
1394688 664.497844
1396736 701.603095
1398784 792.257225
1400832 665.767172
1402880 730.381506
1404928 759.849893
1406976 622.236788
1409024 599.411099
1411072 677.646156
1413120 687.311051
1415168 660.833154
1417216 656.245748
1419264 571.974782
1421312 685.145305
1423360 702.732145
1425408 736.565516
1427456 763.927297
1429504 684.031561
1431552 735.881354
1433600 714.224391
1435648 685.300155
1437696 720.370972
1439744 571.494381
1441792 731.434179
1443840 788.414244
1445888 713.167298
1447936 786.830592
1449984 750.225965
1452032 829.403072
1454080 740.101178
1456128 789.924218
1458176 876.214914
1460224 834.310458
1462272 831.772012
1464320 673.051198
1466368 793.706610
1468416 578.020728
1470464 699.568588
1472512 794.783220
1474560 835.165121
1476608 851.051818
1478656 896.019568
1480704 985.211971
1482752 612.524491
1484800 842.192810
1486848 946.570376
1488896 833.992769
1490944 844.241723
1492992 820.359581
1495040 768.206295
1497088 894.443224
1499136 777.227922
1501184 835.728442
1503232 911.535912
1505280 756.575531
1507328 709.014570
1509376 669.383790
1511424 795.639874
1513472 803.540313
1515520 820.275570
1517568 790.101359
1519616 904.883989
1521664 798.059117
1523712 857.334645
1525760 949.767039
1527808 755.884831
1529856 744.310503
1531904 686.192614
1533952 775.277421
1536000 728.675037
1538048 862.251350
1540096 803.707627
1542144 651.775209
1544192 722.752399
1546240 694.281726
1548288 638.115405
1550336 750.611672
1552384 706.893736
1554432 752.233072
1556480 611.071379
1558528 801.357487
1560576 948.337835
1562624 727.171039
1564672 818.482925
1566720 806.233737
1568768 767.998786
1570816 818.779530
1572864 656.827246
1574912 655.587553
1576960 636.586685
1579008 681.308973
1581056 695.822504
1583104 523.489508
1585152 508.921240
1587200 554.934405
1589248 639.783948
1591296 570.135746
1593344 594.798426
1595392 630.806874
1597440 781.979848
1599488 682.017983
1601536 467.414295
1603584 522.939794
1605632 576.339235
1607680 647.685327
1609728 598.714847
1611776 653.894771
1613824 734.945241
1615872 752.969041
1617920 912.670164
1619968 1176.540809
1622016 960.061200
1624064 793.331912
1626112 804.472389
1628160 762.655726
1630208 1144.833098
1632256 987.965028
1634304 942.343944
1636352 1017.399982
1638400 912.475510
1640448 961.566474
1642496 1049.400795
1644544 1114.670307
1646592 889.235607
1648640 881.059490
1650688 834.474000
1652736 712.340356
1654784 577.153935
1656832 725.351271
1658880 611.281641
1660928 565.374360
1662976 546.069883
1665024 572.622645
1667072 568.544371
1669120 533.364497
1671168 519.092805
1673216 576.057326
1675264 614.957597
1677312 644.388781
1679360 619.055002
1681408 693.174533
1683456 651.518548
1685504 625.626709
1687552 599.275688
1689600 587.646473
1691648 631.020544
1693696 554.975145
1695744 632.553006
1697792 580.950226
1699840 578.761369
1701888 605.961052
1703936 568.670435
1705984 594.087967
1708032 577.452637
1710080 625.724944
1712128 587.966093
1714176 490.507681
1716224 524.030679
1718272 581.593628
1720320 575.677883
1722368 594.304605
1724416 583.985556
1726464 589.653256
1728512 489.659853
1730560 530.827233
1732608 557.965302
1734656 526.695818
1736704 510.010036
1738752 642.422841
1740800 637.565856
1742848 607.236388
1744896 659.759122
1746944 696.974037
1748992 677.475856
1751040 679.656436
1753088 704.467522
1755136 784.415225
1757184 720.941863
1759232 813.742352
1761280 738.872648
1763328 801.772512
1765376 762.945087
1767424 630.617403
1769472 724.258544
1771520 705.559584
1773568 694.124065
1775616 471.636228
1777664 444.784330
1779712 535.447627
1781760 465.096297
1783808 1046.595169
1785856 793.897386
1787904 1040.952656
1789952 1027.660863
1792000 1064.252617
1794048 1182.736987
1796096 1139.100646
1798144 977.735376
1800192 1311.775397
1802240 1543.680599
1804288 1276.171888
1806336 1109.096431
1808384 1079.902190
1810432 1421.126548
1812480 1296.886411
1814528 1375.600049
1816576 1244.537781
1818624 1145.776087
1820672 1147.639843
1822720 1172.851858
1824768 1061.443292
1826816 955.935057
1828864 934.528230
1830912 1090.333440
1832960 800.541652
1835008 860.238264
1837056 804.136840
1839104 850.557564
1841152 778.015335
1843200 729.396333
1845248 707.803679
1847296 675.299497
1849344 893.738125
1851392 924.774558
1853440 918.651218
1855488 937.051373
1857536 791.683948
1859584 717.792440
1861632 861.933460
1863680 939.291016
1865728 789.655105
1867776 815.552678
1869824 562.850155
1871872 543.950167
1873920 518.734551
1875968 601.603735
1878016 706.628800
1880064 728.866088
1882112 603.840091
1884160 666.837806
1886208 706.869180
1888256 627.741069
1890304 525.510223
1892352 744.609705
1894400 744.153912
1896448 635.157026
1898496 548.467436
1900544 549.716171
1902592 531.566338
1904640 464.212922
1906688 515.827601
1908736 638.219570
1910784 625.499814
1912832 570.219055
1914880 576.891645
1916928 555.208803
1918976 584.455617
1921024 566.891499
1923072 508.763985
1925120 502.802005
1927168 465.455030
1929216 595.275629
1931264 515.633598
1933312 599.322593
1935360 570.019905
1937408 633.505639
1939456 627.205464
1941504 769.256232
1943552 653.179551
1945600 494.984409
1947648 563.850174
1949696 481.208917
1951744 600.281284
1953792 515.680199
1955840 487.224187
1957888 580.189826
1959936 530.952679
1961984 580.234091
1964032 545.096176
1966080 512.273512
1968128 508.579182
1970176 545.028582
1972224 467.886042
1974272 466.267594
1976320 467.039286
1978368 466.335992
1980416 463.278705
1982464 462.777504
1984512 555.845114
1986560 487.999604
1988608 441.680026
1990656 434.300875
1992704 454.099458
1994752 458.805019
1996800 467.897467
1998848 520.681822
2000896 618.425170
