2048 1.765467
4096 32.900111
6144 52.235203
8192 60.758847
10240 145.991687
12288 162.760512
14336 246.867994
16384 208.561813
18432 177.664142
20480 275.748720
22528 297.012989
24576 294.194002
26624 279.804428
28672 332.678428
30720 350.254153
32768 303.208326
34816 227.109460
36864 231.887717
38912 289.769931
40960 284.735857
43008 360.925616
45056 316.995917
47104 319.392483
49152 245.758162
51200 276.338240
53248 301.705093
55296 342.093395
57344 249.243458
59392 319.849035
61440 269.680265
63488 303.606226
65536 291.009679
67584 294.107182
69632 310.628515
71680 343.540181
73728 287.722350
75776 275.057614
77824 318.266044
79872 253.508790
81920 317.526162
83968 303.809171
86016 228.179125
88064 284.589989
90112 320.546284
92160 273.989708
94208 260.325395
96256 336.304780
98304 230.331167
100352 293.512801
102400 303.344402
104448 245.057668
106496 278.678293
108544 308.624347
110592 345.353139
112640 325.779725
114688 321.321282
116736 353.817217
118784 302.823362
120832 366.939725
122880 347.460571
124928 329.614282
126976 393.452126
129024 408.773114
131072 394.056452
133120 381.851012
135168 377.114744
137216 387.693596
139264 354.747905
141312 383.039112
143360 360.634021
145408 394.521637
147456 355.629967
149504 394.249271
151552 394.108025
153600 378.789725
155648 382.163703
157696 397.835430
159744 365.474540
161792 361.004386
163840 395.254490
165888 372.374895
167936 364.345160
169984 403.262527
172032 378.111808
174080 355.062395
176128 391.175980
178176 399.101080
180224 372.620937
182272 345.150558
184320 357.784666
186368 343.905382
188416 359.684236
190464 384.743249
192512 344.744685
194560 377.764313
196608 356.281314
198656 361.553293
200704 367.632060
202752 358.977559
204800 379.248771
206848 386.454190
208896 374.033317
210944 380.324157
212992 357.311176
215040 401.481526
217088 385.610167
219136 365.446457
221184 378.267913
223232 410.915019
225280 383.370494
227328 393.604753
229376 369.072309
231424 389.754331
233472 404.303171
235520 424.917545
237568 445.476762
239616 387.930715
241664 388.200006
243712 409.555966
245760 412.086815
247808 427.851701
249856 423.402567
251904 431.225075
253952 413.607436
256000 407.405506
258048 424.029422
260096 415.606036
262144 456.688476
264192 445.298822
266240 496.337660
268288 453.007946
270336 442.030056
272384 463.313782
274432 438.783054
276480 460.234646
278528 472.502923
280576 420.221560
282624 429.068830
284672 428.093102
286720 464.355885
288768 460.640452
290816 437.502400
292864 453.767065
294912 507.829509
296960 477.792439
299008 466.792867
301056 492.140174
303104 497.061033
305152 485.544084
307200 499.024621
309248 508.983692
311296 471.676917
313344 515.010314
315392 465.177344
317440 507.247228
319488 514.082377
321536 493.420979
323584 496.751072
325632 559.265677
327680 569.206153
329728 547.985096
331776 572.919853
333824 577.826958
335872 555.586301
337920 595.611257
339968 561.153584
342016 618.430066
344064 639.751856
346112 571.814581
348160 564.244551
350208 600.352623
352256 599.056180
354304 632.080006
356352 573.763251
358400 567.104030
360448 615.752376
362496 635.438193
364544 608.362950
366592 600.689278
368640 610.915902
370688 605.265636
372736 518.625297
374784 568.911291
376832 603.473091
378880 615.264773
380928 608.830447
382976 609.531970
385024 541.870283
387072 679.212482
389120 554.051330
391168 634.062021
393216 569.383693
395264 561.588639
397312 634.663119
399360 592.255494
401408 605.838037
403456 630.037730
405504 612.845957
407552 662.597019
409600 618.599594
411648 694.426109
413696 624.098129
415744 711.545201
417792 693.999381
419840 717.738971
421888 665.206689
423936 570.701141
425984 588.661696
428032 612.959174
430080 568.465042
432128 666.483409
434176 610.247357
436224 662.583638
438272 628.837325
440320 615.396891
442368 691.713125
444416 614.304250
446464 731.174891
448512 675.607359
450560 653.847452
452608 691.583571
454656 717.874943
456704 655.414854
458752 675.546249
460800 692.800517
462848 704.710230
464896 667.564751
466944 712.538782
468992 657.316558
471040 713.824447
473088 712.994283
475136 753.002991
477184 775.870729
479232 731.077858
481280 730.546083
483328 751.116554
485376 781.899209
487424 709.839869
489472 831.746492
491520 838.926295
493568 740.778433
495616 692.082846
497664 738.119009
499712 769.480933
501760 793.023699
503808 822.280045
505856 803.418490
507904 758.330964
509952 791.683649
512000 847.484293
514048 859.126310
516096 864.775011
518144 888.588904
520192 881.370592
522240 882.642682
524288 863.204172
526336 893.694241
528384 811.148190
530432 819.908836
532480 882.978803
534528 865.578132
536576 836.499596
538624 817.220358
540672 849.435541
542720 847.297120
544768 861.541739
546816 874.375245
548864 822.725339
550912 835.723885
552960 874.676106
555008 894.294419
557056 883.192448
559104 877.024857
561152 864.230526
563200 862.124852
565248 861.738589
567296 917.919528
569344 852.601398
571392 825.623050
573440 922.352254
575488 891.226811
577536 898.552149
579584 902.304784
581632 895.658611
583680 985.944671
585728 884.388658
587776 882.299387
589824 929.524916
591872 880.805507
593920 889.273203
595968 847.997076
598016 951.053915
600064 934.744269
602112 904.321629
604160 885.119820
606208 919.667892
608256 884.950888
610304 898.022274
612352 956.389460
614400 908.963449
616448 902.507370
618496 960.873037
620544 920.952345
622592 987.348410
624640 979.867778
626688 923.721322
628736 994.062518
630784 968.357621
632832 956.490355
634880 1022.279466
636928 1023.692851
638976 1048.579650
641024 1104.721114
643072 990.416681
645120 1019.694596
647168 1003.773748
649216 999.772849
651264 988.907748
653312 1040.491795
655360 1030.175319
657408 964.718861
659456 1116.121452
661504 1080.656385
663552 1058.746911
665600 966.021165
667648 1092.332446
669696 1087.826685
671744 1078.281346
673792 962.411917
675840 1085.307716
677888 964.400736
679936 851.477641
681984 945.387329
684032 875.521179
686080 940.068475
688128 891.216082
690176 966.381718
692224 960.122682
694272 1020.305780
696320 1021.581866
698368 1037.486180
700416 1151.990303
702464 1183.460643
704512 1141.523158
706560 1151.230483
708608 1121.602378
710656 1021.610504
712704 973.527698
714752 877.154345
716800 908.226849
718848 1156.473911
720896 1068.531206
722944 1014.073968
724992 779.807307
727040 739.038539
729088 786.712190
731136 925.566312
733184 800.630511
735232 906.439363
737280 852.168341
739328 824.949129
741376 951.714373
743424 880.857985
745472 1034.146248
747520 926.034010
749568 1027.278518
751616 853.500172
753664 904.283705
755712 985.019356
757760 893.885968
759808 976.802393
761856 942.489267
763904 897.781721
765952 908.598748
768000 982.292065
770048 1094.331330
772096 949.343852
774144 894.312420
776192 1033.409107
778240 998.780544
780288 1121.369965
782336 1007.839374
784384 997.417121
786432 884.349524
788480 872.762285
790528 979.671348
792576 896.672445
794624 863.894059
796672 794.793610
798720 789.574071
800768 779.902141
802816 925.874207
804864 1031.474037
806912 856.136225
808960 838.860530
811008 755.736647
813056 817.228607
815104 796.463320
817152 700.654681
819200 828.933722
821248 837.313125
823296 772.471492
825344 767.890488
827392 798.020385
829440 887.394585
831488 846.643781
833536 983.944216
835584 919.051017
837632 906.605602
839680 1017.020163
841728 1002.195248
843776 967.695298
845824 969.453163
847872 980.046585
849920 970.803946
851968 1063.801756
854016 982.385133
856064 1062.656815
858112 862.143141
860160 878.997154
862208 937.205577
864256 1006.922147
866304 1018.188909
868352 942.842017
870400 990.103598
872448 934.546936
874496 920.963837
876544 923.605699
878592 941.955269
880640 1027.284564
882688 873.440681
884736 1142.138607
886784 1040.462856
888832 1156.774030
890880 1023.066961
892928 1018.163187
894976 1265.076850
897024 1119.307812
899072 1196.211682
901120 926.162266
903168 1106.977552
905216 1193.228192
907264 982.499924
909312 1178.491998
911360 1186.522514
913408 1030.377010
915456 983.793358
917504 945.637239
919552 1083.821618
921600 1096.673378
923648 1201.240592
925696 1085.448362
927744 1073.659864
929792 1023.102704
931840 888.676840
933888 880.276790
935936 861.471002
937984 1006.675680
940032 862.760307
942080 993.979234
944128 886.840597
946176 800.595054
948224 873.278063
950272 785.724778
952320 867.452055
954368 822.471899
956416 718.407832
958464 805.823778
960512 923.720150
962560 807.393990
964608 550.013264
966656 615.005698
968704 615.612417
970752 737.693256
972800 720.164221
974848 661.238707
976896 793.572488
978944 872.877855
980992 780.071535
983040 781.082738
985088 818.525398
987136 767.978540
989184 788.451122
991232 852.026675
993280 759.025193
995328 692.713772
997376 689.085230
999424 811.969194
1001472 801.038535
1003520 871.014876
1005568 862.028870
1007616 868.155003
1009664 797.812611
1011712 768.600042
1013760 824.314734
1015808 725.800501
1017856 671.571118
1019904 707.488389
1021952 715.345132
1024000 848.689493
1026048 870.492761
1028096 732.070815
1030144 743.281666
1032192 812.267903
1034240 768.673988
1036288 778.226829
1038336 844.140238
1040384 852.424555
1042432 961.405800
1044480 935.517157
1046528 1043.446778
1048576 990.561573
1050624 1084.597227
1052672 1026.849200
1054720 1058.682201
1056768 936.104527
1058816 943.411841
1060864 896.255112
1062912 981.402744
1064960 920.514133
1067008 881.331840
1069056 901.609214
1071104 827.381883
1073152 1031.140429
1075200 976.000429
1077248 1057.644570
1079296 1025.607102
1081344 1095.248353
1083392 1076.106290
1085440 1097.863678
1087488 1158.982955
1089536 1184.233978
1091584 1014.451904
1093632 834.524503
1095680 1019.471779
1097728 788.713648
1099776 931.518688
1101824 956.990299
1103872 1037.146883
1105920 1019.779048
1107968 937.348732
1110016 999.566648
1112064 1039.993215
1114112 1063.268623
1116160 1173.030888
1118208 1099.930287
1120256 1125.290751
1122304 1091.176605
1124352 996.958247
1126400 1029.398208
1128448 1281.779606
1130496 1323.769707
1132544 1234.508376
1134592 1229.051044
1136640 1216.441108
1138688 1083.562565
1140736 1164.797726
1142784 1055.428455
1144832 1100.351250
1146880 1095.904559
1148928 1079.373609
1150976 1113.107595
1153024 1041.195660
1155072 1113.617488
1157120 1146.562762
1159168 1179.594879
1161216 1277.952668
1163264 1241.466129
1165312 1201.964992
1167360 1192.857083
1169408 1105.879610
1171456 1099.124107
1173504 1011.433750
1175552 1138.910123
1177600 1107.187121
1179648 1004.996653
1181696 1258.403027
1183744 1466.026051
1185792 1278.259359
1187840 1170.543688
1189888 1078.570861
1191936 946.854093
1193984 718.105169
1196032 798.021914
1198080 899.908794
1200128 946.464772
1202176 1294.643408
1204224 1477.201938
1206272 1278.313377
1208320 1535.413862
1210368 1807.265861
1212416 1686.074745
1214464 1895.499950
1216512 1624.485492
1218560 1683.855393
1220608 1641.266615
1222656 1428.747514
1224704 1428.141532
1226752 1638.632629
1228800 2110.872168
1230848 1840.053418
1232896 2009.562336
1234944 1868.563422
1236992 1201.804913
1239040 1649.080512
1241088 1323.230893
1243136 1471.643000
1245184 1558.097855
1247232 1550.588082
1249280 1686.245226
1251328 1567.876328
1253376 1606.215472
1255424 1366.259027
1257472 1113.473244
1259520 1411.243317
1261568 1609.878621
1263616 1387.052042
1265664 1414.982209
1267712 1768.652765
1269760 1154.509990
1271808 1259.076321
1273856 1228.385298
1275904 1364.589768
1277952 1359.666932
1280000 1429.122891
1282048 1615.057058
1284096 1646.387381
1286144 2324.880096
1288192 1783.754681
1290240 1463.944880
1292288 1767.583688
1294336 1148.424369
1296384 1256.229415
1298432 1558.019111
1300480 1850.492703
1302528 1505.069163
1304576 1512.244764
1306624 1270.931509
1308672 1743.718350
1310720 1825.753667
1312768 1728.929848
1314816 1510.651117
1316864 1454.107012
1318912 1847.573870
1320960 1784.008165
1323008 1579.856201
1325056 1704.657843
1327104 1440.151981
1329152 1267.582349
1331200 1670.167862
1333248 1337.921425
1335296 1320.438101
1337344 1378.455423
1339392 1493.418690
1341440 1443.730533
1343488 1457.179238
1345536 1396.525915
1347584 1407.369337
1349632 1464.301020
1351680 1429.790697
1353728 1396.156100
1355776 1369.946823
1357824 1504.376324
1359872 1517.920220
1361920 1354.362823
1363968 1480.119961
1366016 1509.013424
1368064 1524.351018
1370112 1422.187699
1372160 1403.098769
1374208 1524.963796
1376256 1454.850456
1378304 1475.445402
1380352 1696.713795
1382400 1423.582532
1384448 1532.054917
1386496 1516.409473
1388544 1729.315096
1390592 1376.811547
1392640 1275.295900
1394688 1446.043272
1396736 1412.685446
1398784 1455.543966
1400832 1316.842148
1402880 1408.269835
1404928 1459.996828
1406976 1127.065907
1409024 1262.058786
1411072 1234.747830
1413120 1202.334777
1415168 1111.906875
1417216 1333.467650
1419264 1185.756709
1421312 1367.916405
1423360 1355.414632
1425408 1214.990423
1427456 1301.528923
1429504 1511.321206
1431552 1490.268135
1433600 1446.050995
1435648 1494.205814
1437696 1398.375131
1439744 1292.718153
1441792 1373.134463
1443840 1462.036054
1445888 1402.744948
1447936 1616.941486
1449984 1655.732722
1452032 1365.429801
1454080 1435.283673
1456128 1308.560713
1458176 1639.195595
1460224 1576.269181
1462272 2340.150907
1464320 1775.457851
1466368 2360.439285
1468416 1971.082296
1470464 2227.756992
1472512 2908.689215
1474560 2062.917957
1476608 1859.794579
1478656 1986.222585
1480704 2031.374118
1482752 2182.666423
1484800 1463.693354
1486848 1042.437226
1488896 1506.825377
1490944 1617.204246
1492992 1475.537486
1495040 1937.067980
1497088 1202.754474
1499136 1935.232723
1501184 1251.095331
1503232 1260.839887
1505280 1596.061481
1507328 1679.485499
1509376 1244.991183
1511424 1761.340800
1513472 1361.255287
1515520 1452.033562
1517568 1812.543435
1519616 1970.568904
1521664 1913.472509
1523712 1864.920304
1525760 1593.695568
1527808 1756.438876
1529856 1286.170751
1531904 1259.511584
1533952 1518.165676
1536000 2467.777568
1538048 1880.118967
1540096 2127.249087
1542144 1581.783477
1544192 1945.989431
1546240 2347.552593
1548288 1562.155452
1550336 1541.417760
1552384 1761.722704
1554432 1987.938781
1556480 2041.239507
1558528 1532.361261
1560576 1932.453768
1562624 1643.814229
1564672 1844.201109
1566720 1748.646828
1568768 2043.444313
1570816 1997.874864
1572864 1612.467906
1574912 1549.974981
1576960 1731.646587
1579008 1621.424686
1581056 2019.328900
1583104 1442.451543
1585152 1213.628170
1587200 1572.491302
1589248 1228.416378
1591296 1571.537644
1593344 2089.856608
1595392 1206.144244
1597440 1046.651485
1599488 1668.421042
1601536 1681.200898
1603584 1518.929005
1605632 1667.173991
1607680 1958.457932
1609728 1719.105720
1611776 2179.261425
1613824 2198.340944
1615872 1842.470546
1617920 1933.053668
1619968 2099.009165
1622016 2396.887713
1624064 2527.117943
1626112 2618.443440
1628160 2479.547209
1630208 2454.678956
1632256 2171.025790
1634304 2648.382349
1636352 2429.856766
1638400 2743.007161
1640448 2308.785614
1642496 2732.753799
1644544 1962.611375
1646592 2937.126732
1648640 2326.054101
1650688 2131.132358
1652736 1749.814973
1654784 1913.554134
1656832 2580.717067
1658880 2533.913616
1660928 1812.642322
1662976 2721.641332
1665024 1875.484144
1667072 2026.990335
1669120 1893.951908
1671168 2058.329808
1673216 1699.415085
1675264 2762.311061
1677312 2082.698517
1679360 2080.153076
1681408 2033.848078
1683456 1665.666284
1685504 1790.903613
1687552 1629.553261
1689600 1951.943740
1691648 1922.490078
1693696 1880.923109
1695744 2490.357970
1697792 1952.234620
1699840 1440.112590
1701888 1961.052390
1703936 1966.997345
1705984 1594.035358
1708032 1920.559641
1710080 2370.874649
1712128 2184.389011
1714176 2053.440185
1716224 1916.065814
1718272 1870.306884
1720320 2086.333549
1722368 1967.078467
1724416 1976.087431
1726464 2252.571959
1728512 2082.038207
1730560 2378.609960
1732608 2725.368881
1734656 2414.252979
1736704 2087.554327
1738752 1904.137231
1740800 1776.461135
1742848 1591.879282
1744896 1978.494609
1746944 1922.075319
1748992 1842.117610
1751040 2120.439649
1753088 1979.166710
1755136 2220.338762
1757184 1727.993118
1759232 2450.597390
1761280 2082.661870
1763328 1880.935037
1765376 2106.346960
1767424 2051.090872
1769472 1856.723094
1771520 1764.210513
1773568 2253.665561
1775616 2158.466175
1777664 2113.736899
1779712 2319.774388
1781760 2030.446384
1783808 1781.304049
1785856 1800.211954
1787904 897.513028
1789952 692.856821
1792000 405.723576
1794048 410.481946
1796096 92.013502
1798144 225.048689
1800192 267.710572
1802240 196.962106
1804288 86.019673
1806336 74.605056
1808384 82.098136
1810432 67.488328
1812480 76.253846
1814528 840.518423
1816576 232.992872
1818624 330.588746
1820672 367.536361
1822720 457.219318
1824768 525.328235
1826816 443.249720
1828864 546.193396
1830912 608.629611
1832960 631.300320
1835008 626.616553
1837056 797.071243
1839104 685.194417
1841152 1019.722091
1843200 622.634837
1845248 1038.960745
1847296 1257.772824
1849344 1806.648831
1851392 1763.503352
1853440 1619.707129
1855488 2342.079678
1857536 1470.646209
1859584 1260.620599
1861632 2093.815685
1863680 1903.231450
1865728 1497.841807
1867776 1094.767815
1869824 1368.743394
1871872 1173.431024
1873920 1856.408046
1875968 1035.063612
1878016 1150.973596
1880064 1442.580990
1882112 738.262235
1884160 1139.005898
1886208 1197.428967
1888256 1515.572596
1890304 1881.266972
1892352 1127.662297
1894400 2008.959362
1896448 1805.601374
1898496 1690.791154
1900544 1129.801833
1902592 1411.835912
1904640 1426.669223
1906688 1635.648399
1908736 1069.687805
1910784 163.781031
1912832 75.425252
1914880 66.586975
1916928 267.038168
1918976 68.401840
1921024 540.350225
1923072 212.991043
1925120 291.413593
1927168 579.583340
1929216 483.687761
1931264 836.173020
1933312 495.968419
1935360 1223.294378
1937408 913.390850
1939456 863.718309
1941504 752.035654
1943552 1187.919433
1945600 1121.310404
1947648 1220.358328
1949696 1534.051029
1951744 984.543756
1953792 74.389111
1955840 1095.448465
1957888 1266.462850
1959936 1256.250342
1961984 1240.215459
1964032 1247.176432
1966080 1138.878049
1968128 1016.780471
1970176 1349.240027
1972224 1809.247879
1974272 1816.697398
1976320 1598.659474
1978368 1769.700252
1980416 1479.448402
1982464 1534.574604
1984512 1525.749941
1986560 1562.863153
1988608 1210.119213
1990656 1668.751053
1992704 1455.351473
1994752 1184.689053
1996800 1558.182743
1998848 1458.823563
2000896 1564.117545
