2048 8.809104
4096 17.521875
6144 85.336100
8192 107.852188
10240 166.131259
12288 174.196686
14336 255.667599
16384 205.181434
18432 208.797034
20480 215.658113
22528 227.961247
24576 276.536535
26624 291.720216
28672 273.433560
30720 304.339065
32768 249.213119
34816 310.035283
36864 310.934958
38912 291.148187
40960 317.514451
43008 242.677678
45056 240.292892
47104 241.924407
49152 290.730992
51200 269.514216
53248 232.228996
55296 266.676767
57344 286.989193
59392 263.202355
61440 280.707921
63488 283.934989
65536 286.460646
67584 205.723570
69632 258.809346
71680 267.003095
73728 311.187248
75776 309.212543
77824 214.097537
79872 254.899644
81920 251.265509
83968 297.521251
86016 221.890589
88064 294.824801
90112 278.381741
92160 301.517704
94208 257.646221
96256 277.431523
98304 282.414619
100352 279.808479
102400 255.321891
104448 269.236945
106496 300.508129
108544 288.159182
110592 268.773712
112640 271.002407
114688 280.911517
116736 283.835011
118784 275.713970
120832 291.180837
122880 268.186868
124928 305.311710
126976 294.831899
129024 283.605327
131072 281.533474
133120 276.248753
135168 279.235697
137216 315.390627
139264 277.451313
141312 290.132064
143360 275.524171
145408 275.403726
147456 291.338556
149504 300.003468
151552 319.467029
153600 314.878277
155648 326.415355
157696 315.308894
159744 302.684556
161792 341.426754
163840 351.223176
165888 353.006580
167936 368.155556
169984 349.499899
172032 351.060771
174080 360.167543
176128 347.383443
178176 368.535519
180224 370.489558
182272 363.756854
184320 362.389836
186368 348.242510
188416 338.491325
190464 368.641869
192512 366.584760
194560 366.900064
196608 362.231740
198656 354.483612
200704 350.011881
202752 369.661240
204800 377.316649
206848 369.115182
208896 358.147118
210944 359.231214
212992 363.314197
215040 372.218059
217088 362.795282
219136 375.855128
221184 381.443942
223232 376.236596
225280 379.547503
227328 378.367248
229376 372.114966
231424 373.796943
233472 369.815033
235520 366.900284
237568 357.734944
239616 385.988210
241664 397.095628
243712 392.233534
245760 402.434200
247808 407.191778
249856 385.936405
251904 393.757343
253952 407.248843
256000 413.389671
258048 425.054643
260096 419.623380
262144 417.918883
264192 433.826267
266240 423.850924
268288 410.718060
270336 436.571735
272384 425.413090
274432 453.632917
276480 470.455355
278528 467.365681
280576 456.882896
282624 450.161095
284672 459.527722
286720 445.553960
288768 443.506219
290816 429.786513
292864 460.333837
294912 445.361209
296960 471.919518
299008 465.317996
301056 472.630664
303104 481.434553
305152 474.451310
307200 489.571677
309248 467.164906
311296 470.397095
313344 455.597439
315392 462.516133
317440 466.636748
319488 486.922517
321536 470.606681
323584 456.718702
325632 465.682221
327680 477.868140
329728 477.502671
331776 490.435433
333824 474.549535
335872 466.603297
337920 486.055130
339968 482.601484
342016 476.381853
344064 494.056637
346112 487.716571
348160 487.595711
350208 496.466910
352256 496.377529
354304 501.831938
356352 495.263990
358400 491.731255
360448 505.060285
362496 488.983937
364544 496.143592
366592 494.222911
368640 494.441174
370688 524.792412
372736 448.452238
374784 556.360744
376832 506.754832
378880 517.625956
380928 521.858769
382976 560.822850
385024 554.089014
387072 502.061936
389120 498.873381
391168 497.723090
393216 498.388180
395264 487.305088
397312 505.712574
399360 499.451797
401408 532.633991
403456 497.876592
405504 509.212947
407552 530.362478
409600 538.764441
411648 594.875697
413696 515.787793
415744 597.384767
417792 545.375125
419840 613.745744
421888 592.009072
423936 543.215207
425984 581.600299
428032 545.046658
430080 513.145440
432128 566.346285
434176 522.504275
436224 607.981003
438272 594.422838
440320 590.591132
442368 520.817611
444416 525.855100
446464 578.785647
448512 525.578540
450560 561.504337
452608 549.340003
454656 521.167800
456704 549.978354
458752 547.812780
460800 536.421762
462848 612.159799
464896 562.428276
466944 630.538551
468992 589.745179
471040 641.887929
473088 633.253865
475136 615.646307
477184 641.915779
479232 639.757389
481280 615.141424
483328 609.802148
485376 654.904473
487424 676.604340
489472 662.758722
491520 635.586853
493568 575.260824
495616 682.750480
497664 637.153768
499712 552.523850
501760 670.591817
503808 639.698962
505856 709.153617
507904 715.350045
509952 696.239430
512000 662.131808
514048 639.874845
516096 679.437729
518144 720.126549
520192 688.118187
522240 752.617894
524288 690.908915
526336 664.494091
528384 735.490509
530432 724.217094
532480 737.049929
534528 668.305661
536576 796.529667
538624 755.850790
540672 732.506121
542720 703.255274
544768 552.824665
546816 653.026184
548864 601.208869
550912 661.859790
552960 560.987370
555008 631.667115
557056 664.942612
559104 599.755505
561152 657.230457
563200 681.226266
565248 691.473113
567296 706.939229
569344 686.293567
571392 767.812886
573440 663.293088
575488 817.527788
577536 830.756957
579584 699.308463
581632 802.937515
583680 754.560079
585728 692.717562
587776 804.092535
589824 855.539189
591872 838.307339
593920 891.147043
595968 849.807840
598016 790.478505
600064 706.626751
602112 840.438988
604160 852.448733
606208 821.514969
608256 692.326995
610304 710.191943
612352 770.032843
614400 768.412246
616448 679.106638
618496 821.523610
620544 834.392870
622592 830.272317
624640 776.430885
626688 754.856773
628736 847.021009
630784 805.306884
632832 835.238298
634880 863.648798
636928 892.606247
638976 835.767024
641024 745.949580
643072 819.058891
645120 671.736869
647168 772.033828
649216 754.461779
651264 762.333562
653312 769.364733
655360 822.753247
657408 825.905412
659456 768.532000
661504 828.288281
663552 765.465805
665600 751.729180
667648 862.357585
669696 885.563304
671744 1042.542645
673792 825.861426
675840 904.120309
677888 945.835594
679936 964.997415
681984 993.872088
684032 934.941334
686080 1017.555788
688128 895.208027
690176 746.599213
692224 842.262190
694272 763.195308
696320 923.303482
698368 859.290202
700416 949.972773
702464 904.129668
704512 745.805179
706560 865.249611
708608 868.029139
710656 848.688248
712704 973.563209
714752 913.727138
716800 919.239484
718848 1184.383766
720896 943.266986
722944 906.270545
724992 864.752398
727040 765.827023
729088 864.898687
731136 783.947243
733184 807.285318
735232 724.841517
737280 785.248611
739328 807.536311
741376 834.188967
743424 791.384795
745472 853.641537
747520 1102.268223
749568 967.528654
751616 811.474812
753664 798.581213
755712 840.652158
757760 755.479228
759808 904.116678
761856 747.893761
763904 935.064495
765952 880.832705
768000 860.824141
770048 706.676110
772096 701.906637
774144 642.555086
776192 625.040909
778240 601.333563
780288 706.164723
782336 610.311773
784384 750.355544
786432 695.682244
788480 678.640553
790528 653.731484
792576 749.465018
794624 754.771231
796672 703.449639
798720 697.723106
800768 775.449381
802816 784.300096
804864 769.080768
806912 768.574193
808960 845.322161
811008 922.468114
813056 677.533331
815104 783.551705
817152 715.187702
819200 817.845125
821248 685.033917
823296 750.823508
825344 767.331443
827392 764.414815
829440 760.014836
831488 720.675844
833536 899.475088
835584 751.654683
837632 758.309391
839680 712.927359
841728 722.962239
843776 605.530581
845824 696.935725
847872 757.464567
849920 709.565590
851968 783.582246
854016 707.066453
856064 891.118705
858112 933.405079
860160 829.115158
862208 815.180774
864256 865.520837
866304 871.025619
868352 903.175796
870400 881.380184
872448 925.966157
874496 927.871489
876544 781.399380
878592 893.121902
880640 995.808662
882688 878.409288
884736 844.831668
886784 826.626201
888832 678.744031
890880 930.175519
892928 848.438079
894976 725.156181
897024 550.651036
899072 710.125900
901120 689.511882
903168 605.862037
905216 685.459583
907264 795.714791
909312 721.324137
911360 700.688440
913408 700.412851
915456 706.322905
917504 907.029277
919552 722.716136
921600 749.289889
923648 780.734964
925696 784.928304
927744 766.071419
929792 1154.572286
931840 902.561517
933888 959.962985
935936 888.674477
937984 999.056121
940032 932.984061
942080 896.951944
944128 893.307758
946176 922.814642
948224 911.849519
950272 853.939754
952320 913.815176
954368 896.629851
956416 939.945288
958464 807.563830
960512 791.116973
962560 754.930545
964608 920.915834
966656 678.221660
968704 691.345063
970752 763.157644
972800 833.358748
974848 827.668048
976896 735.582588
978944 884.020747
980992 735.467439
983040 739.930525
985088 773.034532
987136 711.079670
989184 769.170108
991232 817.767359
993280 959.707320
995328 822.245529
997376 875.665390
999424 772.691970
1001472 834.088441
1003520 878.726196
1005568 802.125034
1007616 935.602591
1009664 869.026462
1011712 829.515759
1013760 757.998940
1015808 768.320938
1017856 903.968248
1019904 753.282527
1021952 826.416140
1024000 790.640836
1026048 691.224009
1028096 757.891171
1030144 704.502026
1032192 621.493218
1034240 737.588896
1036288 657.448089
1038336 735.892355
1040384 759.857087
1042432 791.915398
1044480 781.222155
1046528 742.127617
1048576 766.362719
1050624 750.424624
1052672 768.015245
1054720 735.041516
1056768 745.735527
1058816 700.228058
1060864 836.806565
1062912 741.208352
1064960 765.985503
1067008 723.453507
1069056 736.483345
1071104 727.854335
1073152 750.772674
1075200 703.316641
1077248 580.631714
1079296 675.283811
1081344 672.298186
1083392 714.291305
1085440 644.659672
1087488 585.603572
1089536 662.191454
1091584 653.005002
1093632 582.414754
1095680 592.059234
1097728 620.155660
1099776 624.106627
1101824 626.316323
1103872 642.431327
1105920 626.035237
1107968 646.903066
1110016 700.260534
1112064 663.990363
1114112 742.044335
1116160 659.985664
1118208 623.661201
1120256 649.147404
1122304 704.948870
1124352 661.923123
1126400 798.386108
1128448 770.412856
1130496 660.125159
1132544 654.668281
1134592 697.916590
1136640 624.507912
1138688 649.490137
1140736 792.097025
1142784 885.556618
1144832 905.405860
1146880 860.736769
1148928 848.689167
1150976 694.114221
1153024 859.660290
1155072 783.661566
1157120 899.625644
1159168 869.364543
1161216 920.150955
1163264 701.208110
1165312 969.595586
1167360 774.387734
1169408 853.769381
1171456 998.989481
1173504 798.382699
1175552 638.903082
1177600 582.181980
1179648 634.359244
1181696 528.622889
1183744 693.629153
1185792 504.169440
1187840 570.675542
1189888 533.598953
1191936 705.989309
1193984 561.311600
1196032 556.694075
1198080 546.993644
1200128 590.466182
1202176 583.306425
1204224 612.948418
1206272 547.226920
1208320 926.737677
1210368 652.101264
1212416 585.222909
1214464 652.963032
1216512 633.116111
1218560 753.624067
1220608 571.767451
1222656 667.275843
1224704 781.777732
1226752 657.426661
1228800 625.929904
1230848 671.421962
1232896 683.051169
1234944 673.675461
1236992 708.193273
1239040 840.912895
1241088 813.838623
1243136 857.857800
1245184 631.040151
1247232 951.641697
1249280 644.299430
1251328 633.211012
1253376 689.004313
1255424 701.071684
1257472 649.753383
1259520 648.813467
1261568 665.019772
1263616 693.019862
1265664 592.898178
1267712 823.589655
1269760 695.939531
1271808 629.883347
1273856 730.001543
1275904 651.991295
1277952 729.214971
1280000 778.245740
1282048 852.531976
1284096 747.124363
1286144 710.776167
1288192 827.619157
1290240 887.695721
1292288 717.474464
1294336 794.726539
1296384 743.818065
1298432 766.760536
1300480 749.071711
1302528 702.516636
1304576 743.744999
1306624 784.063728
1308672 653.777854
1310720 785.802194
1312768 712.882560
1314816 720.222399
1316864 782.144465
1318912 746.769252
1320960 583.701974
1323008 684.938690
1325056 601.818381
1327104 630.806922
1329152 696.699210
1331200 719.217797
1333248 694.880942
1335296 702.844811
1337344 698.035804
1339392 862.939061
1341440 818.547109
1343488 835.875289
1345536 751.071970
1347584 765.947587
1349632 952.264414
1351680 871.397769
1353728 897.531386
1355776 920.788367
1357824 905.766529
1359872 688.204030
1361920 959.997317
1363968 722.011303
1366016 817.923286
1368064 1078.164327
1370112 970.445193
1372160 575.236900
1374208 607.858800
1376256 671.714538
1378304 723.970688
1380352 522.406097
1382400 640.522015
1384448 651.442471
1386496 471.878188
1388544 620.104279
1390592 559.161777
1392640 594.775236
1394688 535.223183
1396736 572.920121
1398784 587.649582
1400832 528.396718
1402880 512.100516
1404928 553.984750
1406976 629.981822
1409024 511.385331
1411072 647.951691
1413120 708.717124
1415168 614.322689
1417216 492.929482
1419264 470.318128
1421312 576.657564
1423360 454.293884
1425408 475.454367
1427456 637.012639
1429504 649.879279
1431552 619.290940
1433600 650.402357
1435648 492.368798
1437696 555.665580
1439744 638.060161
1441792 808.354751
1443840 1145.181078
1445888 749.367491
1447936 798.773312
1449984 716.439536
1452032 898.796166
1454080 1060.020342
1456128 1062.026000
1458176 1125.277057
1460224 760.578701
1462272 942.220790
1464320 871.177838
1466368 1017.362406
1468416 1229.896639
1470464 1042.866235
1472512 875.872398
1474560 904.891582
1476608 910.213184
1478656 958.500489
1480704 1032.570214
1482752 876.470404
1484800 747.927186
1486848 1068.177857
1488896 972.143944
1490944 1149.958583
1492992 1139.055083
1495040 1108.500206
1497088 1120.978061
1499136 1042.597889
1501184 1070.744811
1503232 940.024026
1505280 800.662321
1507328 803.907406
1509376 886.039477
1511424 963.684805
1513472 874.790426
1515520 779.987178
1517568 813.857189
1519616 691.419586
1521664 775.430096
1523712 701.079354
1525760 1032.000571
1527808 918.308269
1529856 682.394462
1531904 950.651643
1533952 657.556765
1536000 731.206417
1538048 701.570551
1540096 756.865425
1542144 788.597701
1544192 688.274655
1546240 877.558347
1548288 919.505437
1550336 918.026519
1552384 839.424330
1554432 1269.383761
1556480 801.829304
1558528 700.234651
1560576 645.510648
1562624 753.035760
1564672 763.317854
1566720 628.977624
1568768 642.796978
1570816 644.943520
1572864 649.321686
1574912 749.165538
1576960 731.282910
1579008 702.072653
1581056 741.189369
1583104 686.763960
1585152 704.134668
1587200 792.889836
1589248 778.670694
1591296 765.760881
1593344 659.511950
1595392 689.830909
1597440 744.758047
1599488 662.551071
1601536 771.029117
1603584 700.993184
1605632 668.518897
1607680 776.862993
1609728 745.899326
1611776 693.013939
1613824 764.565610
1615872 998.313140
1617920 889.397415
1619968 1130.428076
1622016 756.006403
1624064 1005.905851
1626112 836.605959
1628160 778.694662
1630208 785.235279
1632256 657.470474
1634304 643.644668
1636352 835.089658
1638400 1051.058642
1640448 752.234337
1642496 909.309864
1644544 666.857741
1646592 770.277946
1648640 1038.375892
1650688 1101.016233
1652736 808.031918
1654784 714.297113
1656832 870.058863
1658880 575.110798
1660928 633.726543
1662976 780.080970
1665024 794.007212
1667072 535.426236
1669120 786.490919
1671168 849.409806
1673216 750.892719
1675264 601.744257
1677312 708.269279
1679360 685.949457
1681408 714.951036
1683456 620.706954
1685504 636.109888
1687552 631.912021
1689600 767.784705
1691648 743.341307
1693696 770.445750
1695744 630.413193
1697792 692.169105
1699840 680.411686
1701888 751.294246
1703936 782.980074
1705984 751.336289
1708032 792.041467
1710080 698.192069
1712128 709.424057
1714176 873.004083
1716224 637.422771
1718272 913.692466
1720320 715.092980
1722368 622.426599
1724416 1126.425100
1726464 1060.214845
1728512 911.532600
1730560 850.687721
1732608 1289.341408
1734656 927.776426
1736704 790.078102
1738752 748.694924
1740800 949.300689
1742848 865.339802
1744896 1072.922723
1746944 1111.427661
1748992 1106.736035
1751040 1348.531818
1753088 825.575733
1755136 921.626110
1757184 1082.021889
1759232 986.501463
1761280 761.619113
1763328 612.495439
1765376 813.407780
1767424 828.406030
1769472 752.563006
1771520 720.049317
1773568 1373.140572
1775616 1465.306894
1777664 1202.554656
1779712 1263.840593
1781760 1329.048909
1783808 1111.923311
1785856 1305.869150
1787904 1191.951425
1789952 1249.880907
1792000 1255.406750
1794048 1140.248985
1796096 1528.740277
1798144 1571.153749
1800192 1250.252743
1802240 1409.711036
1804288 1298.028250
1806336 1638.544125
1808384 1629.943654
1810432 1456.014285
1812480 1691.787484
1814528 1722.517568
1816576 1340.697747
1818624 1604.225428
1820672 1220.490358
1822720 1204.583511
1824768 1136.305732
1826816 1329.365060
1828864 1242.537313
1830912 1210.578191
1832960 1314.549025
1835008 1627.992825
1837056 1926.835398
1839104 1415.399641
1841152 1307.038132
1843200 1542.243840
1845248 1044.608287
1847296 1312.420010
1849344 1576.711243
1851392 1059.316494
1853440 1182.915298
1855488 1320.243944
1857536 1688.413124
1859584 1649.012004
1861632 1527.995929
1863680 1178.442032
1865728 1261.431353
1867776 1129.317108
1869824 1437.359499
1871872 1565.524167
1873920 1701.226817
1875968 1721.656416
1878016 1469.347892
1880064 1855.181008
1882112 1371.674080
1884160 1417.014895
1886208 1206.894070
1888256 1748.396959
1890304 1860.751250
1892352 1305.420176
1894400 1770.721101
1896448 1723.167761
1898496 1619.536898
1900544 1565.875671
1902592 1569.800191
1904640 1662.430086
1906688 1425.245355
1908736 1840.240171
1910784 1586.770497
1912832 1550.760947
1914880 1581.458829
1916928 1560.734947
1918976 905.079207
1921024 992.234594
1923072 1214.759881
1925120 1052.771134
1927168 1003.280540
1929216 1127.556709
1931264 1107.004901
1933312 1159.437804
1935360 1012.438510
1937408 1210.231186
1939456 894.121741
1941504 886.264833
1943552 1065.630151
1945600 1336.738899
1947648 1146.303486
1949696 1101.500761
1951744 1401.359555
1953792 1109.969112
1955840 1223.126753
1957888 1396.024370
1959936 1418.346859
1961984 1293.749732
1964032 1253.070945
1966080 1446.570893
1968128 1151.054208
1970176 1338.418128
1972224 1057.682956
1974272 1269.377052
1976320 1373.057295
1978368 1290.561488
1980416 1010.713445
1982464 1307.263606
1984512 1088.482433
1986560 1109.569359
1988608 1092.399552
1990656 1714.262684
1992704 1114.214568
1994752 1009.560367
1996800 910.855869
1998848 866.409754
2000896 1015.560589
