14 13.552714
64 79.205310
89 18.086267
106 13.816831
135 17.208866
163 17.584729
180 12.095417
201 8.852231
222 25.832070
249 12.051016
289 25.792125
311 23.910269
326 14.491777
342 10.039381
356 9.617285
374 16.814317
393 11.990193
404 9.415072
423 11.886963
433 7.612232
449 10.639972
470 19.234399
484 11.735176
516 28.487210
531 7.114398
553 19.439914
585 11.238499
600 14.939615
620 6.921129
635 12.886999
646 8.856068
668 23.051744
692 21.493705
712 12.340634
733 10.523932
748 12.328804
761 11.606701
782 10.066670
802 23.022176
824 16.290827
841 6.745820
855 12.385519
865 7.471507
889 13.406435
950 100.692794
969 18.579679
1003 38.528617
1024 19.060919
1042 13.050859
1063 17.708046
1085 6.851938
1102 15.905032
1112 7.360723
1147 24.714189
1160 6.828695
1171 7.930400
1190 12.455176
1210 7.655498
1245 26.045531
1281 27.828981
1312 11.813453
1334 15.642956
1353 11.852564
1365 8.460536
1392 33.607149
1402 7.950004
1413 4.546236
1433 21.221366
1451 10.372085
1466 15.549029
1487 10.532129
1498 7.416002
1519 14.580239
1558 46.704542
1579 15.805425
1591 9.748070
1611 16.421997
1625 11.689176
1638 11.849905
1651 12.203927
1668 17.158893
1699 19.471516
1717 12.640380
1733 8.598090
1756 18.989188
1768 10.123262
1809 22.908240
1836 32.352815
1859 18.386248
1875 17.100567
1893 9.810228
1910 11.363792
1921 8.414140
1935 11.384475
1946 8.743894
1971 27.147566
1988 18.402789
1997 6.225681
2013 8.423406
2042 10.295082
2076 45.277829
2090 12.392890
2108 20.272171
2124 15.493273
2213 125.787649
2261 40.830386
2278 11.684415
2292 9.662513
2305 9.390158
2334 32.780803
2358 11.283660
2435 99.428937
2454 14.957205
2483 28.990596
2509 28.593185
2554 75.155546
2583 36.136073
2616 48.583219
2638 23.784806
2652 10.776520
2707 92.710952
2721 12.454103
2765 73.919873
2789 25.003697
2821 44.093538
2843 17.237886
2862 15.949638
2874 9.362996
2897 9.944546
2922 12.073616
2963 50.450515
2975 10.023696
3001 13.615302
3078 93.111598
3093 12.849621
3111 19.593397
3138 13.735719
3181 50.925448
3195 10.796833
3219 21.178257
3240 22.089217
3250 6.738655
3271 12.552337
3304 17.329148
3355 55.528041
3374 20.466185
3386 9.669120
3412 20.477391
3562 154.024017
3582 13.444355
3601 11.425248
3616 14.374838
3635 18.812085
3652 13.125315
3667 7.990447
3682 5.678442
3695 10.665748
3705 6.194980
3725 21.844175
3741 14.318090
3755 9.218429
3810 76.416867
3842 34.619240
3864 22.515419
3900 49.214529
3949 84.983390
4043 88.530212
4098 61.617247
4141 73.074919
4206 95.513650
4225 12.051156
4251 30.024051
4270 20.416972
4297 17.383615
4313 15.120701
4338 30.628774
4393 96.671870
4459 108.031633
4489 9.450836
4522 42.448688
4556 55.311314
4586 27.283797
4603 15.855684
4635 53.802189
4673 49.054480
4720 73.338706
4739 20.031081
4780 68.743089
4867 147.331133
4915 65.423682
4976 109.592269
4988 12.144134
5004 14.732939
5069 124.997252
5082 10.555597
5129 70.389058
5192 116.578654
5239 82.817641
5260 22.501293
5283 25.820473
5363 146.498439
5377 13.977359
5425 83.488083
5490 66.446368
5511 22.109868
5584 121.687104
5624 35.058325
5694 143.203389
5736 73.681441
5749 9.658376
5788 56.195544
5848 113.163596
5882 32.916965
5939 92.607771
5954 12.318683
5967 10.836015
5982 9.374172
6007 30.902454
6045 46.606462
6069 24.195861
6111 71.766315
6158 13.878192
6180 26.277113
6220 66.067117
6281 111.633145
6313 12.626278
6351 64.324329
6433 164.181239
6463 19.411819
6533 119.931946
6618 103.039598
6722 153.618708
6789 112.287019
6835 67.575534
6883 52.329370
6980 156.350772
7031 89.923500
7080 85.149677
7167 160.502293
7236 128.657157
7251 11.526243
7304 92.921509
7347 71.665095
7366 22.264567
7391 32.730545
7436 73.180372
7480 55.802523
7549 74.816943
7599 89.008170
7657 79.244270
7709 91.018129
7724 11.478471
7769 73.896789
7827 97.795207
7867 25.275021
7902 56.589586
7950 78.412129
7995 62.368208
8036 69.012462
8100 126.586290
8195 165.640719
8212 17.148601
8279 102.751826
8319 68.989542
8360 68.746410
8424 113.909432
8483 108.216811
8556 120.277656
8595 66.573141
8631 57.096431
8684 90.744063
8696 10.468139
8755 116.586326
8810 40.561084
8846 59.981960
8870 24.691659
8947 150.764717
9031 163.407756
9085 86.544429
9127 57.124952
9190 119.499316
9230 60.550288
9292 78.167686
9334 30.346534
9388 76.794154
9412 17.981818
9448 55.152959
9512 126.829835
9542 27.176121
9558 17.454369
9593 56.614506
9670 122.010400
9723 94.123413
9772 85.063901
9798 34.957031
9867 79.421051
9932 95.195514
9978 82.429706
10044 89.419104
10101 86.017572
10136 57.986484
10186 88.257517
10249 93.264425
10311 105.537543
10357 83.168754
10425 44.428316
10503 168.739492
10570 124.096406
10632 114.017844
10703 143.369059
10735 51.515423
10785 72.748307
10865 111.818884
10939 134.642265
10979 66.668044
11042 116.095027
11135 170.764711
11198 90.286299
11270 144.199699
11308 63.151085
11368 108.775361
11411 70.250517
11454 73.012264
11515 105.451142
11620 197.343891
11664 71.332387
11728 105.738710
11780 82.167268
11829 71.029466
11877 82.558686
11967 127.535408
12052 162.665582
12120 129.143996
12177 83.897817
12297 200.896453
12357 94.050921
12416 102.185085
12459 72.541859
12558 188.742182
12588 36.571089
12670 179.641999
12730 112.190517
12794 109.476436
12837 64.430015
12886 87.378387
12946 104.161233
12991 72.060939
13035 76.798094
13102 125.090653
13203 176.009621
13235 40.105796
13278 73.832416
13319 66.081956
13365 78.378990
13434 126.244455
13460 26.052466
13539 138.145298
13568 48.811892
13644 136.013593
13711 103.671757
13757 78.555468
13791 56.823927
13830 66.661486
13909 141.967122
13979 136.355747
14064 158.253800
14124 109.391799
14151 30.488609
14185 56.311811
14246 94.885411
14296 69.415411
14394 218.738755
14433 66.973328
14512 152.938181
14608 210.550735
14661 94.880342
14702 69.633730
14765 118.929138
14801 59.738725
14871 141.402707
14911 53.252780
14952 70.280222
15013 106.427443
15097 182.633200
15163 128.470172
15217 80.242751
15233 18.290072
15342 211.577025
15381 66.215688
15476 213.120388
15526 88.790431
15627 202.719178
15723 194.328998
15773 88.362945
15887 197.545617
15965 156.658683
16030 94.325536
16086 96.324118
16195 223.934746
16282 193.557208
16337 100.330801
16395 99.643598
16426 44.043225
16515 139.215870
16621 220.096735
16699 159.347427
16755 104.270452
16787 53.052528
16820 54.483560
16932 216.353987
16999 102.225443
17100 214.049444
17168 103.162590
17275 215.019078
17350 136.079339
17396 80.787244
17506 214.475537
17587 144.298224
17649 100.186268
17677 33.090777
17779 223.751923
17836 99.473962
17946 208.266978
18072 225.924073
18149 134.362493
18254 176.819647
18325 134.843069
18425 191.011456
18588 223.663878
18654 130.088933
18726 138.272656
18796 135.977071
18846 74.056412
18909 117.150705
18983 124.529840
19094 222.562962
19168 141.881579
19321 260.881137
19383 117.160180
19437 95.491387
19500 124.032450
19584 168.892389
19640 100.472340
19765 244.714233
19850 144.450579
19961 213.468632
20034 141.004620
20134 162.973059
20209 101.272215
20319 222.688949
20422 199.346421
20528 202.989924
20665 246.234127
20796 249.961419
20892 178.952020
21016 237.503573
21072 103.138964
21224 263.181740
21358 210.449925
21468 221.436022
21599 230.073215
21707 193.026281
21823 219.373109
21937 205.014319
22052 223.379084
22152 187.860415
22262 217.864737
22365 196.128756
22472 207.858819
22617 226.455846
22683 132.766934
22825 231.517585
22878 93.202001
23033 262.822932
23146 208.602386
23252 192.915569
23365 225.153944
23478 196.168200
23599 213.249061
23697 191.319058
23817 223.135082
23926 202.360204
24025 222.846566
24132 214.089597
24257 211.184312
24360 189.248425
24419 101.152056
24520 222.801065
24636 230.950379
24759 215.991371
24921 272.590936
25061 250.814976
25175 216.793428
25275 226.823330
25392 202.024325
25499 209.916928
25592 204.621013
25705 222.503076
25801 187.132386
25915 201.143234
26034 234.847686
26140 208.616746
26244 222.113846
26415 263.596413
26532 211.952583
26640 208.908080
26751 219.133112
26868 234.776558
27003 255.670185
27116 225.353900
27216 200.382833
27367 255.407070
27459 207.066444
27572 218.093392
27662 202.582846
27823 278.468976
27928 225.055874
28017 198.469579
28109 203.781518
28214 198.214205
28314 208.197249
28430 197.532484
28541 201.744814
28646 221.503700
28755 215.704682
28855 222.142793
28956 221.247811
29047 203.801156
29150 202.786504
29238 190.605665
29342 188.359757
29458 196.112954
29554 203.671629
29663 220.125628
29765 217.825489
29873 195.778419
29965 205.086723
30071 216.584026
30175 215.764083
30299 238.282955
30424 227.417936
30546 221.360529
30654 234.314493
30753 212.325490
30858 200.400531
30905 79.727235
30993 191.491241
31090 198.787022
31183 205.148085
31285 223.756873
31368 160.046818
31455 190.692036
31552 214.913105
31620 127.819964
31727 203.269213
31829 214.283682
31941 225.230294
32006 125.411853
32103 203.265383
32194 202.058981
32277 175.856790
32379 208.974562
32468 194.313542
32574 206.917901
32664 199.811565
32718 95.095454
32809 195.672508
32897 198.563366
32994 197.096885
33094 216.024573
33190 207.814089
33297 224.914593
33390 202.336865
33486 208.148805
33587 211.054623
33709 238.219082
33808 187.872926
33907 208.916577
34020 227.013990
34131 235.626746
34226 209.693626
34343 240.094757
34437 207.155793
34527 202.817510
34575 81.570835
34668 196.191839
34780 216.284202
34897 227.322425
34995 213.062183
35084 199.495785
35173 200.735068
35287 211.423497
35375 165.500650
35476 220.605615
35565 192.538147
35654 191.057614
35746 204.068490
35853 199.687759
35947 211.501125
36055 219.766030
36163 203.617309
36276 239.777951
36400 240.905758
36485 174.972543
36582 209.493538
36692 202.023581
36781 180.181951
36874 209.910805
36981 220.283718
37086 234.172558
37194 228.487207
37298 222.131157
37393 199.656692
37493 212.054639
37590 197.293208
37696 225.024468
37784 188.682350
37899 226.857813
37996 210.614388
38095 211.007616
38197 228.813657
38296 213.283754
38398 220.811704
38493 207.840875
38562 130.705918
38682 224.161309
38790 217.001524
38894 224.331083
38986 200.392877
39079 201.770531
39130 87.239804
39226 212.228081
39331 226.084727
39390 99.970655
39497 209.437508
39599 228.184377
39720 243.690802
39813 198.300978
39914 214.291385
40015 209.650219
40117 212.199732
40240 241.047554
40353 233.168859
40442 201.377372
40540 188.977282
40632 196.425924
40747 229.357705
40863 215.760644
40911 79.822765
41017 228.137369
41060 72.424548
41175 235.047617
41275 231.985433
41411 253.553575
41500 190.171635
41595 202.236704
41701 219.814622
41773 135.182175
41890 238.389675
42011 253.643160
42145 251.211685
42262 233.955392
42313 85.702595
42403 190.416420
42511 229.801964
42628 226.309289
42735 234.599827
42839 222.245662
42953 232.650892
43072 256.871545
43182 223.794467
43289 229.208242
43400 216.903070
43508 242.866407
43614 225.595695
43719 224.358126
43843 250.284840
43946 226.978279
44061 224.485331
44184 276.653937
44306 251.480380
44403 212.014127
44500 213.975954
44592 200.757879
44696 215.518879
44802 223.130786
44895 211.322010
44994 221.853687
45105 224.476419
45201 214.468308
45314 235.062955
45425 225.054066
45553 245.283809
45672 263.235735
45788 238.684048
45898 234.084810
46015 212.866360
46119 220.474519
46250 254.018073
46370 230.378630
46472 222.816917
46595 250.783168
46710 242.736657
46813 227.005046
46946 290.137706
47050 221.669828
47161 237.917969
47296 281.953294
47407 225.619799
47520 248.205385
47545 29.287980
47654 223.032455
47776 263.486350
47801 29.878063
47899 213.772871
48038 269.349306
48159 254.962859
48257 215.872162
48365 230.425824
48476 243.445442
48591 253.957289
48712 243.603668
48832 249.700798
48955 291.068577
49074 235.057846
49191 229.358500
49313 251.245964
49427 248.686374
49558 274.300314
49704 318.605872
49829 262.583157
49968 280.274841
50086 249.241986
50214 291.233576
50343 254.054759
50475 264.335324
50583 228.950283
50688 237.927196
50795 227.625232
50926 293.198094
51046 253.775809
51160 277.853090
51295 288.355457
51418 275.776623
51553 295.180986
51687 296.367946
51826 256.146468
51946 271.054086
52104 308.476963
52233 280.811488
52360 287.893412
52487 309.961344
52599 226.433630
52731 300.692072
52852 266.577988
52984 296.795344
53102 241.169287
53212 237.901634
53368 339.785768
53503 295.495264
53662 309.537295
53795 299.099324
53932 303.979811
54068 291.273089
54200 276.998339
54350 329.013986
54489 323.534724
54623 288.427658
54752 289.018942
54897 308.018141
55027 295.342007
55167 307.503235
55309 313.806482
55473 342.530292
55609 290.383876
55738 261.226485
55898 314.001969
56043 321.257204
56184 285.579048
56317 312.626096
56456 312.097786
56593 294.397482
56729 293.365434
56877 314.599743
57025 335.605740
57161 291.274739
57293 300.377753
57428 315.072161
57558 285.681318
57699 304.262137
57838 320.795515
57977 328.246263
58119 324.151486
58255 322.832072
58390 307.095165
58528 318.288064
58650 278.482492
58785 350.282569
58924 308.825199
59063 330.869188
59199 287.836659
59343 299.017289
59487 347.579722
59629 322.736295
59765 298.292679
59909 311.434842
60053 308.306789
60209 335.124854
60354 334.927381
60487 310.009186
60637 345.217726
60766 278.898597
60896 298.953867
61041 338.500521
61183 337.625744
61331 318.152020
61466 304.474296
61596 326.220536
61734 303.659506
61880 353.638368
62017 310.749192
62151 316.858120
62283 297.583863
62413 318.120906
62542 312.147137
62692 341.666998
62827 303.887149
62962 317.685061
63103 319.268524
63247 349.685554
63379 303.940004
63515 309.173514
63656 327.046960
63803 366.356160
63948 352.501052
64085 348.319086
64223 352.148129
64367 361.229312
64498 309.579151
64633 319.140127
64761 306.321607
64905 346.578641
65037 324.444075
65177 358.207314
65305 308.717239
65446 324.930254
65589 360.834754
65723 358.664590
65871 372.055702
66005 326.079367
66155 344.582389
66282 301.876478
66427 331.903602
66574 351.034555
66723 369.485709
66859 340.473746
66988 344.790318
67134 371.712450
67301 390.991343
67425 304.043408
67564 345.149790
67708 336.420993
67857 346.650286
67998 348.689465
68131 325.721095
68270 352.775046
68414 335.127107
68568 357.212981
68702 331.159454
68843 334.979984
68983 377.770464
69135 362.015745
69271 326.671946
69381 263.100814
69528 345.602778
69630 221.524423
69723 212.099339
69853 358.132480
69985 321.654836
70128 360.076565
70268 352.487221
70406 351.352911
70542 365.524611
70682 339.118034
70812 327.892806
70949 373.354619
71153 545.831982
71299 405.629561
71437 352.926819
71574 342.764424
71721 341.245305
71942 586.389938
72073 359.101133
72223 388.012525
72367 344.376093
72492 296.059768
72648 414.406779
72799 334.960407
73013 576.925452
73150 353.516113
73287 346.872482
73420 345.057898
73573 389.752374
73699 322.266069
73833 343.011996
73977 367.254008
74110 353.343813
74252 377.425012
74398 335.097132
74546 388.616911
74699 381.031188
74914 595.261416
75070 399.709936
75204 349.408071
75314 262.536842
75464 374.416689
75604 362.884666
75738 354.290315
75870 346.884061
76006 333.111885
76144 356.720402
76316 472.904291
76458 357.525648
76654 563.921166
76805 347.661556
76949 374.402536
77094 380.908895
77238 375.671449
77443 581.838464
77595 401.598561
77764 476.971865
77905 384.131232
78041 342.017295
78186 383.234199
78306 266.718902
78513 545.313092
78658 375.744990
78864 569.958517
79002 358.384241
79146 376.904798
79284 352.474861
79552 766.748769
79739 528.642865
79945 593.047134
80090 388.006293
80254 461.876541
80397 371.431745
80543 379.600117
80765 620.384906
80966 543.329366
81253 806.936992
81461 605.891421
81719 708.292214
81886 430.672051
82079 567.942968
82231 384.942015
82423 523.020295
82662 682.639653
82843 504.681216
83057 588.540068
83199 357.421825
83424 632.235842
83557 333.123062
83675 277.500569
83876 544.847880
84069 536.690056
84269 581.216463
84446 480.466373
84647 549.192496
84893 653.497320
85111 638.015985
85302 557.723923
85448 364.220119
85658 593.475218
85856 587.333224
86059 587.851697
86269 615.874364
86292 27.913426
86501 579.383321
86627 243.381663
86747 268.882506
87006 799.889510
87175 470.047629
87390 622.399742
87533 367.780304
87677 391.426776
87925 626.814109
88164 709.015971
88377 590.188872
88607 573.597162
88748 392.497296
88910 443.871601
89117 567.566810
89308 554.409539
89529 592.122343
89669 351.658649
89880 530.461210
90088 577.197694
90363 814.878215
90593 678.116851
90881 836.522913
91113 664.776201
91312 582.818352
91509 569.689847
91721 615.897876
91978 784.709146
92187 589.406883
92383 553.424662
92580 573.146832
92725 388.390346
92944 616.158019
93161 580.516563
93385 608.963747
93588 553.518991
93786 573.938209
93983 576.080652
94185 604.034139
94397 611.144041
94631 734.241902
94838 594.504416
95072 628.506548
95272 590.309914
95474 587.895578
95688 636.808675
95895 578.654475
96106 614.140458
96317 585.936870
96561 792.261417
96842 828.803953
97097 780.822259
97282 541.384245
97489 584.636042
97664 496.992885
97891 667.918276
98086 592.183737
98352 814.189624
98563 578.662496
98819 712.521759
99060 734.686203
99272 604.478132
99475 567.648128
99715 725.403407
100038 1020.517478
100353 928.337630
100618 804.260286
100892 786.226827
101169 852.123843
101428 795.722202
101650 636.226920
101878 684.293449
102155 879.335426
102355 560.834609
102586 731.591563
102784 557.848376
103075 827.491039
103318 751.065697
103528 609.031550
103736 588.749908
103991 777.911779
104239 729.454608
104496 806.428964
104628 344.002581
104874 787.101195
105142 801.832727
105415 840.082711
105648 663.562964
105888 741.792848
106094 603.269704
106406 932.020055
106603 602.149254
106793 600.497373
107030 732.847269
107271 608.244844
107506 606.171366
107638 365.690266
107938 920.703234
108198 757.426107
108415 590.457160
108693 812.506776
108995 902.936020
109309 969.291705
109524 603.645909
109742 612.534097
110003 643.247013
110308 936.189445
110584 825.046989
110768 542.025743
111008 755.895727
111270 784.179094
111540 841.808027
111788 778.315954
112069 820.041592
112340 817.578083
112664 961.092206
112906 774.936343
113163 758.005048
113493 970.992755
113720 580.310415
113976 805.438977
114273 844.448506
114481 599.245997
114774 839.456956
115077 920.152963
115291 586.736414
115500 612.099317
115704 595.010704
115755 86.053742
116025 782.966765
116319 857.369078
116370 87.738275
116417 80.950813
116664 657.494698
116948 878.372340
117229 826.018619
117562 1005.766360
117924 1073.147078
117967 74.074189
118216 788.958225
118527 896.778581
118571 77.230260
118890 986.232230
119146 810.365877
119430 860.141012
119682 729.408132
120016 996.035226
120294 829.703764
120481 551.648314
120768 881.324064
121042 809.631614
121301 732.814014
121668 1097.294725
121864 574.700335
122190 963.156740
122392 641.796113
122738 1064.880201
122996 807.086555
123232 691.562091
123555 1020.476453
123845 843.505878
124112 820.301273
124356 713.096451
124619 786.656826
124927 875.727785
125270 1047.511419
125595 1013.420430
125868 863.036721
126203 1026.844162
126555 1015.410793
126843 847.414127
127055 578.918225
127393 959.847349
127670 847.438561
127966 929.689274
128313 1062.253411
128608 818.688661
129006 1165.262789
129311 788.229446
129584 828.241577
130046 1346.438491
130427 1208.565170
130703 864.663971
130981 869.729528
131401 1349.017031
131771 1044.731105
132038 804.456542
132436 1254.662385
132682 759.116256
133008 987.890649
133362 1036.285269
133977 1842.404009
134245 832.176532
134547 903.482841
134872 1036.000195
135256 1188.221416
135556 884.974523
135942 1168.257350
135977 60.506297
136334 991.812368
136500 460.380272
136842 1060.163656
137130 810.736672
137169 66.251690
137441 825.889647
137709 818.437073
137893 536.238047
138197 915.951242
138543 1029.639285
138941 1254.231331
139358 1255.127706
139692 1063.804496
140018 1033.640070
140151 321.899809
140456 853.203930
140694 781.857074
140962 835.037699
141176 631.582331
141222 78.605792
141563 1101.291701
142005 1266.602361
142284 795.006278
142557 810.440040
142934 1134.304659
143170 724.488054
143225 96.281754
143435 648.757475
143683 756.966180
143935 759.472011
144252 1017.609334
144656 1235.831657
144961 969.315505
145265 976.097651
145490 688.878453
145845 1081.536754
145988 376.652898
146262 871.648103
146541 863.270191
146833 883.477449
147048 616.001297
147354 957.846913
147633 819.476453
147829 596.133173
147987 464.113892
148257 790.542435
148485 720.785715
148729 743.861306
149106 1185.407389
149390 891.781234
149580 584.770387
149772 549.377126
150025 738.150154
150312 792.746448
150584 822.188839
150816 752.898893
151073 813.467748
151238 468.862872
151502 820.950444
151794 912.564898
152108 933.500679
152432 1008.199585
152719 899.096606
153063 1047.063726
153195 336.225259
153460 802.425838
153754 937.640919
153883 314.411659
154101 652.217624
154234 344.918643
154505 813.594325
154757 748.778547
154995 717.354154
155274 865.980152
155429 433.668696
155721 851.026560
156177 1356.717299
156371 634.982488
156623 783.493773
156883 815.976970
157075 623.387911
157431 1079.260476
157691 795.955392
157747 94.731347
158134 1227.661028
158336 613.317001
158666 1053.466559
158874 629.526376
158937 107.865630
158993 94.953789
159253 809.408578
159705 1355.753010
159767 107.778552
159964 597.265043
160294 1042.122196
160591 909.280621
160882 897.018542
161065 544.720205
161394 1033.858181
161667 865.524091
161871 652.448161
162075 648.429667
162344 872.101951
162616 804.518386
162748 347.069254
163038 897.428641
163293 769.995409
163505 653.658606
163784 865.977912
164020 713.032151
164277 813.963048
164539 698.111037
164803 841.383430
165030 703.013365
165311 845.575769
165521 625.096348
165728 604.662754
165928 635.395245
166138 604.105652
166413 795.815101
166592 537.060397
166922 1071.768523
167179 762.900886
167437 757.361552
167787 1031.437147
168040 764.359629
168271 694.583748
168507 745.844626
168707 640.272681
168962 801.061007
169172 635.310966
169372 604.443379
169568 601.287257
169893 1010.585488
170154 749.700574
170451 934.060272
170682 733.097601
170842 468.913783
171219 1181.293458
171482 784.559955
171686 591.040727
171941 771.659988
172000 104.359319
172223 715.670188
172487 798.137554
172713 699.635049
172881 503.735603
173229 1085.086974
173461 728.422037
173704 754.282926
173962 813.663007
174174 654.032475
174437 790.167912
174724 890.557601
175039 978.881783
175075 62.121001
175352 827.569736
175392 70.499203
175430 66.658786
175737 971.161016
176087 1121.665058
176301 637.544673
176539 752.611261
176838 934.013000
177067 722.645855
177413 1045.449927
177679 796.781697
177915 730.063248
178212 922.311987
178338 319.453175
178562 664.254816
178803 708.456817
178987 562.711731
179114 320.510077
179376 850.979121
179579 658.332221
179834 791.732751
180051 672.377962
180282 696.099676
180408 315.118864
180642 738.106962
180847 613.441137
181101 772.607485
181312 638.483305
181640 1021.445496
181889 743.044635
182078 572.034313
182404 1029.999576
182699 923.555763
182905 623.866606
183090 577.691016
183359 841.809746
183563 580.089714
183826 733.285075
184090 737.656610
184373 879.012140
184674 945.948882
184830 437.510082
185106 764.777810
185452 1064.756959
185635 602.993076
185906 830.815127
186290 1223.959265
186495 603.581801
186795 915.653581
187065 763.976172
187334 811.160424
187577 761.784984
187846 808.731209
188149 934.370169
188411 812.749903
188680 811.026361
188965 886.221125
189241 844.921717
189449 611.531390
189824 1194.419381
190065 757.126225
190338 842.714449
190642 929.754027
190916 776.957991
191104 586.687138
191411 973.140973
191675 799.236821
191993 1025.072958
192196 600.690759
192665 1444.619864
192873 625.639631
193174 932.109844
193453 859.663001
193764 1023.665024
194022 776.665816
194257 711.899401
194621 1073.892527
194859 740.247811
195182 1049.315523
195546 1139.999472
195819 829.600813
196120 966.488576
196440 978.289425
196743 975.804145
197025 891.161215
197246 711.211022
197511 862.067441
197763 811.209109
198029 840.710847
198226 577.899474
198439 650.265895
198816 1189.407304
199017 632.072175
199219 624.467624
199482 829.580560
199788 894.279647
200151 1115.265617
200424 850.672583
200632 639.371127
200976 1093.218546
201276 928.785997
201577 958.739679
201839 796.986628
202096 801.526582
202344 814.915118
202589 770.961920
202833 745.578920
203062 730.299146
203270 627.120187
203543 884.916799
203744 642.624073
203976 734.887734
204357 1088.791069
204625 811.143516
204870 765.450016
205095 693.731348
205454 1158.364681
205744 895.946090
205958 651.219010
206296 1047.107902
206533 798.091633
206783 801.492642
207139 1085.062286
207429 903.768175
207706 848.683306
207971 840.662696
208168 650.020918
208371 628.213682
208601 720.050184
208858 814.799688
209061 605.813633
209263 607.889375
209431 494.217314
209887 1437.651781
210205 1032.643228
210470 841.242577
210848 1205.140365
211108 823.365596
211461 1105.869646
211684 697.667408
211875 582.589005
212200 1044.724836
212520 1024.405898
212811 962.990747
213011 637.780914
213196 580.673535
213413 655.552956
213677 834.060947
214005 1061.632505
214248 775.105174
214614 1141.573939
214820 658.823172
215008 561.645284
215457 1453.515326
215741 940.482510
216019 884.164788
216345 1048.297821
216687 1079.076806
216932 754.666456
217171 804.095163
217435 839.335070
217636 627.813160
217880 782.462115
218028 410.578181
218372 1102.130185
218719 1087.104678
219065 1091.352243
219360 937.330473
219621 832.898872
219861 764.331283
220166 1022.447477
220438 876.179008
220638 609.426678
220846 641.461398
221023 574.876535
221273 851.082302
221507 729.750611
221825 1014.998186
221957 334.691738
222290 1044.533184
222645 1119.876541
222961 956.790311
223295 1057.883608
223620 1055.329627
223919 932.606032
224165 780.335240
224428 846.860686
224622 587.449777
224945 1052.161430
225259 1012.408866
225512 804.029030
225857 1087.674561
226125 827.396908
226468 1122.123719
226759 882.894036
227011 773.888627
227224 656.082009
227436 645.767195
227782 1048.412667
227988 634.936716
228248 818.931369
228495 775.920070
228746 860.100099
229090 1101.850414
229400 973.282386
229652 840.416828
229860 621.536238
230150 914.025301
230343 613.474546
230673 1032.678289
230949 866.640418
230990 74.344040
231312 1078.727893
231515 670.983305
231789 845.596497
232111 1012.705551
232277 486.875600
232550 842.299659
232754 621.356650
233185 1352.717258
233479 941.321749
233801 1006.382105
234002 655.611989
234360 1158.053209
234669 968.014741
234858 579.878352
235230 1163.758067
235293 112.793440
235608 1016.834567
235870 825.203808
236116 866.830047
236423 957.373600
236727 928.828810
236935 624.984450
237171 711.096142
237504 1087.926238
237836 1054.670396
238137 941.705089
238374 767.455726
238696 1011.743697
239010 986.257719
239257 799.615176
239558 943.419476
239803 776.223671
239846 77.960808
240104 864.768837
240383 900.122905
240641 804.539939
240955 1014.639057
241151 619.334788
241379 712.907623
241770 1212.387697
242051 872.556909
242257 609.543929
242530 874.676315
242771 776.985497
243044 832.594984
243352 971.452075
243617 871.551800
243925 957.071835
244274 1180.225243
244659 1184.636084
244958 931.082598
245259 983.066143
245552 895.016055
245596 80.401487
245892 919.653310
246251 1133.766534
246534 912.075864
246905 1181.130818
247200 937.109070
247556 1161.611540
247850 904.562987
248233 1223.093316
248529 895.284810
248885 1111.277656
249203 1013.865802
249518 1023.612045
249784 840.493740
249990 655.196547
250378 1233.529950
250440 110.771140
250737 954.787196
251034 936.926480
251296 826.502139
251542 779.317182
251951 1298.789062
252262 970.835148
252503 753.155402
252855 1083.517713
253233 1166.959589
253458 699.276497
253812 1050.880554
254122 984.744124
254173 93.354526
254202 51.111634
254234 56.075359
254573 1044.451401
254891 1023.965711
255141 761.715678
255408 820.543113
255715 998.431209
255758 76.831482
256071 976.671465
256384 994.873712
256661 831.873736
256967 967.333469
257233 895.720864
257607 1160.710605
257901 937.235234
258238 1084.607176
258564 1012.714226
258833 818.090042
259155 956.376884
259192 67.789829
259640 1360.007528
259979 1043.966573
260305 1022.379962
260618 993.490190
260962 1080.705745
261261 933.096237
261568 945.292531
261859 907.498987
262122 888.221071
262485 991.477751
262873 1208.769743
263245 1158.873486
263659 1259.450330
264029 1171.899192
264353 994.075626
264700 1142.028669
265084 1174.872242
265288 634.283317
265692 1255.032668
265756 115.685544
266078 1038.771222
266397 981.861031
266652 801.567753
266976 1051.429271
267410 1408.675165
267699 884.476173
268082 1217.265629
268377 887.842587
268632 783.608445
269006 1190.056311
269385 1157.048572
269711 1041.935799
269925 645.228441
270358 1358.267646
270733 1148.171693
271116 1147.112299
271513 1247.520638
271931 1352.829211
272335 1270.121036
272713 1188.999893
273012 959.992573
273394 1215.003221
273717 995.508155
273958 771.759319
274357 1269.978477
274651 983.984711
274960 995.835397
275270 970.359584
275592 999.743677
275910 1037.132620
276433 1720.162092
276729 954.853180
276933 642.167889
277191 824.075473
277511 973.131133
277972 1480.810774
278373 1255.774093
278693 1056.075189
279239 1681.256448
279667 1379.541461
280070 1330.365900
280417 1124.611922
281055 2066.373394
281266 670.477358
281313 84.066557
281594 917.126023
281834 793.059017
282176 1061.919875
282569 1270.738448
283020 1475.787391
283229 635.474506
283444 725.304651
283853 1329.732201
284072 737.625641
284332 866.848739
284542 644.610553
284878 1087.507416
285505 2038.600430
285954 1453.316881
286273 1076.205605
286338 118.928703
286404 120.638145
286790 1222.934404
287228 1410.352750
287482 875.917201
287540 103.915603
287789 826.822341
288023 774.476487
288596 1775.549230
288944 1159.130991
289326 1257.331124
289629 998.165314
289982 1143.658493
290580 1897.890469
290895 1058.031623
291246 1071.895114
291520 933.764088
291937 1327.034521
292259 1070.517288
292804 1730.797778
293247 1442.717025
293617 1094.350608
293965 1153.881067
294268 1039.582498
294691 1360.857515
294758 121.825202
295232 1597.968269
295508 954.099837
296059 1713.232087
296426 1243.928858
296820 1325.717338
296949 332.165338
297262 1009.394783
297859 2006.022185
298302 1460.418254
298832 1671.506786
299396 1838.214985
299930 1790.265231
300334 1306.646589
300750 1321.512584
301163 1358.421559
301393 777.694821
301800 1282.712755
302254 1390.574597
302528 923.543244
302896 1212.168399
303156 849.747453
303365 695.512924
303953 1867.933845
304449 1666.855598
304824 1271.327372
305209 1230.371453
305469 856.412807
305531 113.493877
305799 914.697135
306259 1442.070840
306496 780.439052
306802 1028.529127
307200 1294.170718
307587 1224.241592
307947 1216.865211
308354 1441.925651
308877 1640.018497
309306 1348.933319
309677 1283.784737
309919 750.507561
310386 1414.971324
310872 1553.562109
311135 822.364535
311531 1230.963493
311824 961.145913
312286 1526.352405
312608 1113.494890
312833 758.051373
313218 1243.701744
313560 1126.942774
313853 982.866801
314233 1235.009135
314614 1204.633430
315000 1200.364690
315357 1208.378086
315842 1545.006752
316214 1128.859136
316605 1243.505863
317223 1993.604260
317672 1381.777113
318012 1124.207858
318362 1211.762624
318837 1523.602101
319226 1206.218664
319634 1186.004687
320289 2072.685567
320739 1402.504753
321202 1419.522748
321630 1433.350086
321986 1146.972937
322294 1058.695005
322565 836.311767
323016 1490.161958
323220 489.908087
323516 975.819557
323719 477.263170
324098 1243.346865
324731 2096.312590
324958 762.525777
325305 1143.624282
325783 1562.562460
326160 1185.499672
326529 1241.363209
326978 1412.684310
327283 983.795166
327671 1257.799630
327715 80.455599
327917 495.553073
328320 1313.970213
328387 122.712905
328944 1777.453929
329249 999.241797
329865 2015.020225
330216 1101.618359
330759 1770.304645
331165 1351.753490
331619 1484.099514
332062 1447.431027
332446 1286.731622
332646 474.387653
333358 2355.700460
333640 921.042197
334165 1815.142248
334466 961.497581
334897 1401.824671
335183 976.279728
335671 1694.171770
335912 781.434939
336253 1052.840568
336570 1003.524650
336977 1335.118408
337291 1006.370734
337345 100.616826
337714 1269.196681
338146 1396.705979
338190 79.788103
338591 1347.231797
339079 1603.840435
339115 64.192250
339537 1374.836158
339822 865.549331
340154 1054.889096
340795 2088.186627
341674 2752.110607
342018 1080.105194
342339 1052.625128
342672 1113.920277
343010 1125.299068
343317 1019.921046
343356 70.883904
343637 924.071754
343976 1026.614395
344401 1365.433349
344738 1152.470276
345128 1312.708860
345835 2299.443891
346157 914.546744
346514 1198.282873
346910 1312.635491
347539 2088.086150
347875 983.962817
348217 1015.951705
348601 1219.735315
348803 492.521228
349003 441.874691
350003 3248.786202
350340 1120.035883
350403 114.476834
350873 1546.144430
351253 1238.227693
351751 1701.525691
352143 1256.837882
352526 1264.030088
352850 963.712040
353380 1691.315481
353677 954.093559
353872 454.347388
354540 2133.779923
354870 1078.688737
355165 955.436375
355615 1546.539376
356189 1883.059692
356717 1785.330110
357090 1280.286871
357557 1468.293689
358035 1561.629954
358660 2043.907571
358700 73.376355
359185 1566.022827
359241 102.601942
359444 485.190994
359931 1482.823427
360375 1382.396833
360751 1291.704925
361144 1264.924777
361467 794.810507
361939 1543.012115
362490 1798.121249
363036 1711.439528
363375 1125.470861
363651 932.857027
364184 1795.436271
364611 1334.495047
364956 1124.051407
365425 1558.077489
365827 1389.707263
366188 1225.367316
366629 1462.991938
366915 905.058913
367199 899.912876
367581 1240.726319
367910 1073.310647
368410 1634.520121
368729 1036.774333
368998 854.019961
369531 1772.416937
369915 1266.435543
370335 1311.845243
370792 1490.586913
371352 1822.253979
371977 2034.051248
372436 1472.561442
373000 1842.850910
373448 1431.042674
373841 1235.452024
374287 1386.446556
374651 1245.791476
375026 1247.216066
375457 1468.797473
375782 1059.617500
376074 940.681037
376563 1559.344238
377065 1631.440327
377440 1219.195929
377758 1047.062249
378132 1207.994966
378465 1089.366241
378825 1163.082705
379213 1267.605873
379668 1557.526166
379996 1100.560679
380437 1440.557780
380845 1323.519573
381420 1878.494428
381792 1290.215036
382163 1233.651524
382205 76.667417
382518 1052.222416
382936 1450.425457
383222 940.920632
383587 1187.662831
383986 1346.087030
384293 1001.750163
384339 84.175127
384371 57.722021
384406 63.303387
384731 1070.900876
385171 1450.396807
385655 1529.898541
386111 1453.167514
386418 1054.282694
386769 1171.301041
387139 1295.467549
387420 897.233375
388030 2071.512755
388573 1855.791458
388854 893.960519
389231 1302.636820
389571 1183.094087
390023 1513.324500
390323 976.347895
390629 1012.011419
390976 1182.198693
391334 1186.681944
391946 2070.624765
392455 1692.103787
392940 1624.577306
393438 1632.572016
394060 2026.479701
394424 1243.684010
394929 1715.033232
395323 1307.276144
395658 1156.869410
396518 2789.496660
396899 1242.045266
397552 2199.399888
397951 1319.275519
398854 3045.699020
399335 1637.926351
399696 1222.726216
400114 1372.260101
400414 1063.832945
400781 1236.151630
400817 64.783084
401255 1451.595189
401658 1286.129577
401721 113.948779
401785 116.031428
401999 524.299908
402376 1261.961774
402438 113.377730
402972 1805.356831
403296 1096.588280
403764 1594.808809
404212 1538.457365
404616 1380.192648
404952 1106.151574
405320 1269.416273
405783 1612.004865
406121 1142.083378
406532 1405.759545
406909 1275.717895
407572 2240.376131
408058 1644.692937
408479 1436.755279
408956 1587.429277
409343 1344.532531
409750 1390.695347
410209 1545.573720
410511 998.894644
410850 1180.125188
411512 2269.613293
412363 3049.871347
412941 1970.645913
413006 118.635634
413365 1254.948691
413585 562.936736
413879 984.313988
414187 1039.312733
414644 1547.888775
415057 1387.453865
415465 1377.101707
415784 1081.619350
416185 1336.641717
416752 1944.059820
417066 1089.459157
417551 1667.120231
418030 1642.715685
418508 1620.150009
418542 61.505802
418971 1499.900733
419430 1589.507815
419828 1290.540927
420222 1343.951943
420537 1052.741190
420978 1545.518147
421361 1331.274675
421817 1580.696809
422403 1984.634603
422922 1769.961811
423228 985.735998
423915 2389.639112
424518 2032.247570
424944 1478.891387
425418 1613.098654
425814 1349.576007
426490 2261.439043
426946 1571.899330
427259 1039.681851
427752 1679.176674
427957 514.653878
428337 1265.677442
428930 2029.526790
429232 970.699073
429941 2452.948554
430632 2419.753757
430940 1025.418154
431354 1380.940743
431852 1685.634441
432354 1717.173413
432764 1335.995433
433131 1249.472409
433560 1464.646355
434340 2614.367520
434653 1053.829918
435055 1324.243317
435527 1659.618691
435880 1187.467915
436548 2295.987344
436926 1267.794922
437380 1514.016626
437729 1212.558901
438151 1393.021333
438495 1187.587360
438961 1649.956783
439461 1657.704035
439507 83.146174
440236 2542.514239
440781 1943.066604
441415 2182.183586
441685 891.613746
442164 1608.525335
442988 2874.323836
443680 2415.776262
444152 1604.498012
444647 1631.423342
445148 1768.716137
445484 1082.940362
446020 1883.327624
446546 1852.875169
446971 1397.727879
447556 2024.558042
447907 1185.958210
448377 1643.406609
448752 1148.442971
449188 1508.454424
449408 560.195962
449786 1210.571937
450222 1510.822439
450563 1197.240471
451442 3148.888776
451843 1404.076682
452449 2135.388219
452779 1114.601885
453121 1134.789881
453602 1664.689122
453920 1056.770805
454248 1097.315409
454789 1902.362751
455337 1869.073038
455926 2017.877963
456268 1147.281524
456332 116.949328
456910 1893.188566
457329 1455.713513
458011 2323.161517
458514 1734.921516
458871 1237.352406
459328 1608.537405
459756 1494.785634
460163 1389.693595
460582 1454.771542
460953 1296.292955
461492 1909.842422
461919 1451.161325
462898 3450.167085
463333 1535.899420
463933 2147.339404
464372 1544.154117
464769 1347.995430
465340 2006.449828
465979 2264.974260
466409 1497.286124
466812 1380.523571
467270 1535.434266
467657 1319.847896
468143 1694.640910
468564 1488.311110
469023 1618.901767
469524 1747.006008
469727 501.636230
470045 1065.035510
470396 1220.316918
470804 1381.338491
471272 1638.270916
471929 2331.812397
472270 1160.875762
472619 1209.400264
473249 2224.637514
473590 1188.012156
474195 2098.539509
474755 1897.915684
475277 1850.208280
475597 1088.163727
475919 1113.108528
476589 2311.565071
477085 1725.280441
478085 3457.858231
479085 3554.028119
479468 1324.705807
479749 977.411065
480346 2110.328093
480976 2264.562987
481896 3284.129801
482358 1604.239116
482754 1382.980559
483113 1238.881628
483639 1861.367085
484165 1850.549944
484864 2444.482478
485290 1504.547572
485828 1929.278634
486400 1997.493576
486885 1726.030454
487471 2099.454340
488174 2490.166282
488562 1308.681290
488902 1204.313802
489287 1347.561061
489641 1230.744663
490110 1654.249590
490646 1928.371654
490995 1244.236395
491582 2074.251146
491626 79.881099
491970 1170.876075
492479 1801.941482
492514 63.379185
492992 1703.729064
493498 1792.446087
493752 716.409415
494205 1633.148186
494648 1426.179799
494977 1133.893862
495327 1069.431507
495723 1400.099249
496162 1428.048139
496707 1767.506570
497055 1077.679889
497649 2050.222542
498495 3068.018080
498838 1048.578462
499105 750.529186
499577 1691.665362
500017 1404.400381
500605 2119.429831
500859 720.312156
501207 1047.195219
501785 2063.848718
502127 1067.808703
502342 542.453698
502803 1651.433005
503143 1052.385637
503567 1475.367865
504147 2046.053594
504783 2097.520460
505404 2202.200718
505859 1595.314073
506747 3198.248279
507740 3509.543129
507991 713.618996
508424 1520.112991
508884 1638.342846
509503 2223.061024
509859 1104.738632
510334 1733.675478
510666 1142.665664
511020 1201.739425
511858 3068.965611
512381 1861.967734
512419 69.409461
512981 1998.241230
513768 2824.128197
514335 2016.829450
514881 1951.324121
515405 1864.727208
515920 1831.664653
516408 1727.665623
516919 1803.200031
517480 2049.330755
517940 1627.769891
518251 1047.590650
519126 3145.848977
519564 1567.341179
520092 1907.185415
520591 1756.019359
521323 2670.594744
521914 2141.467859
522914 3520.965438
522953 70.633884
523953 3485.097822
524600 2335.110071
525280 2438.199416
525888 2190.659499
526390 1779.513723
526888 1769.744222
527359 1709.068244
527941 2053.518624
528389 1610.407058
528926 1916.169970
529510 2105.809729
529546 65.911632
530131 2062.487550
530382 715.000474
531382 3504.236511
532107 2611.793355
532787 2440.363453
532823 65.335136
533378 1992.580634
533857 1731.238491
534575 2576.983363
535242 2398.141911
535636 1375.042452
536184 1962.803033
536530 1094.196462
537373 3051.478597
537860 1752.548902
538477 2260.622339
538921 1504.892933
539444 1877.012015
540347 3294.192672
540869 1903.949933
541548 2466.863496
542043 1718.874744
542570 1925.755527
543570 3497.113041
544124 1991.532480
544555 1532.686247
545041 1740.047986
545583 1937.845083
546036 1527.086308
546540 1601.443119
547194 2350.096251
548194 3553.691596
548585 1411.994171
549404 2973.281152
550330 3333.770228
551330 3477.221063
552179 3039.978956
553179 3455.931888
554129 3425.916237
555129 3508.422750
555581 1614.768079
556581 3630.995245
557342 2765.979993
557741 1440.159260
557805 117.094302
558401 2131.401291
559185 2854.395370
560185 3483.163938
560820 2292.690434
561281 1675.042773
561765 1738.230394
562240 1699.188576
563199 3381.179421
564016 2940.294841
564926 3299.731289
565572 2325.876626
565984 1390.591302
566454 1687.312191
567067 2215.801200
567828 2720.266304
568232 1370.745136
568634 1408.849686
569112 1694.604355
569772 2417.632722
570401 2268.160672
571125 2645.894079
571636 1850.829747
571910 832.751904
572381 1641.846035
572850 1662.074438
573126 873.433432
573741 2199.051903
574138 1252.457843
574772 2176.574472
575676 3327.146363
576151 1723.950483
577151 3499.650637
578151 3520.488912
578730 2108.315108
579730 3361.175308
580390 2417.131180
581236 3011.634035
581680 1591.064687
582531 3101.208555
583248 2621.533888
583926 2455.346658
584926 3439.139744
585052 244.189006
585977 3339.534723
586342 1263.345347
587276 3353.968638
587702 1503.117560
588199 1730.065061
588750 1972.355165
589325 2037.991213
589895 2052.014654
590157 778.855480
590704 1992.721433
591148 1604.910689
591320 440.568734
591770 1441.627463
591941 436.552993
592382 1603.813837
592752 1143.764641
592955 529.487227
593223 761.339247
593770 1770.688903
594027 747.910575
594311 878.657277
594845 1934.057412
595360 1899.661424
596360 3484.816553
596799 1539.826794
596928 255.196221
597928 3487.691413
597967 71.375737
598922 3463.265754
599889 3499.487968
600889 3568.608497
601889 3557.813416
602711 2950.685969
603451 2662.194795
604155 2454.409582
604787 2272.910599
605562 2793.782405
606562 3467.614989
607535 3326.907242
608535 3462.430939
609188 2354.119774
609880 2442.287492
610880 3485.171984
611527 2256.505972
612527 3490.532289
613527 3473.759039
613656 262.535708
614147 1757.572854
614277 265.419573
614716 1530.494749
615595 3166.975051
616595 3454.750575
617595 3355.501949
618595 3457.478906
618724 253.634243
619724 3406.895697
620724 3451.384589
620851 243.762582
620979 253.767077
621821 2799.167643
622308 1599.752241
622570 765.647150
623298 2399.173856
624242 3444.074598
625242 3489.062656
626242 3409.832838
627242 3443.275555
627373 261.830566
627630 758.284625
628112 1511.772997
629112 3413.071507
630112 3533.854599
630556 1455.185963
631556 3403.830520
632556 3441.361520
633556 3518.361980
634556 3545.940342
635170 2074.926001
636170 3475.346957
637170 3510.575763
638014 3045.652764
638891 3204.140333
639891 3421.475272
640891 3461.235106
641370 1696.811896
641427 104.965520
641913 1726.306748
642749 2983.511175
643736 3580.299006
644316 2083.811297
644730 1396.429700
645105 1197.201996
646105 3478.514003
647105 3405.814182
648105 3401.352061
649105 3471.185101
649937 3090.351670
650540 2137.359775
651120 2036.755418
651797 2470.137783
652614 2953.222539
653091 1708.384282
653579 1738.072268
653830 624.124914
653959 257.964519
654339 1136.689688
654946 2175.673306
655076 258.566903
655727 2278.716261
655918 507.920329
656471 1960.700686
656985 1883.319305
657985 3445.641540
658111 246.542719
659111 3640.723491
659238 246.344332
659636 1365.497053
660372 2579.103790
661135 2755.270072
661521 1347.304781
662481 3423.809494
663007 1745.717303
663443 1554.351462
663945 1729.536795
664945 3479.565884
665943 3536.245476
666609 2357.100563
667609 3481.826749
668137 1763.905842
668390 612.195350
668926 1943.219405
669055 259.355121
670055 3363.522551
671055 3438.594897
671513 1455.916729
672475 3389.613036
673262 2834.354600
674262 3442.849403
675262 3427.497007
676262 3429.969356
677262 3353.543246
678262 3362.177573
679262 3502.163362
679763 1715.190982
680763 3517.341790
681763 3425.695096
682509 2647.995613
683267 2771.936068
683946 2439.114752
684946 3488.802116
685946 3378.091950
686685 2659.050885
687685 3462.934444
688334 2364.135028
689334 3368.442289
690334 3457.760536
690819 1663.832053
691819 3427.330451
692819 3455.246794
693543 2621.992059
694119 2003.117091
695119 3411.451437
695620 1735.376574
696153 1957.149559
696813 2269.739194
697813 3400.139968
698813 3385.763680
698942 257.209440
699942 3382.055986
700543 2032.596478
701543 3417.530134
702543 3453.486565
703543 3456.280001
704307 2650.350018
705307 3549.105247
706307 3452.645632
706891 2080.348768
707891 3470.610952
708691 2950.501678
709691 3528.477368
710441 2683.750303
711389 3456.996810
712206 2840.070534
712336 258.480646
713336 3434.029138
713468 253.715889
714024 1954.379305
715024 3362.986781
715547 1859.705956
716372 2920.019891
717372 3407.661627
718372 3361.018112
719372 3435.524307
720372 3420.593215
721372 3277.813394
722372 3378.958957
723372 3339.385966
724372 3415.012261
725372 3471.746814
725964 2124.090728
726095 265.668963
727095 3390.796344
728095 3243.948884
729095 3344.853883
730095 3126.516671
731095 3374.675735
732095 3253.685225
733095 3414.551191
734095 3348.333960
734817 2492.620243
735817 3399.472705
736817 3310.161794
737817 3440.445532
738817 3449.359018
738946 252.075129
739946 3386.747675
740946 3470.321563
741946 3349.709018
742946 3472.184636
743946 3356.660590
744946 3490.543001
745946 3506.608061
746946 3593.652557
747946 3541.990810
748946 3458.526756
749946 3464.676964
750519 2048.555348
751519 3470.823327
752519 3456.622244
753519 3422.028505
754519 3237.811405
755519 3478.903463
756112 1885.952671
757112 3400.854559
758112 3241.987382
758918 2587.935884
759918 3342.262433
760918 3312.855300
761918 3347.188941
762918 3314.001252
763918 3383.796493
764355 1262.969157
765353 3288.121106
765481 257.955810
765730 620.366682
765858 256.218781
766858 3355.021570
767858 3300.411085
768697 2621.571390
769434 2314.542479
770112 2382.275595
771112 3431.904278
772112 3212.315523
773112 3358.266391
774112 3379.107007
775112 3398.660836
776112 3431.787865
776920 2859.357844
777920 3424.148060
778920 3433.238568
779157 588.447184
780157 3421.061417
780912 2762.668220
781912 3524.978212
782912 3419.946770
783912 3548.460570
784803 3234.978775
785699 3298.324723
786699 3475.374919
787699 3480.769804
788699 3589.190843
789254 2020.107093
789314 109.049970
790314 3548.589387
791314 3390.835750
791869 1986.298767
792869 3507.215536
792995 252.141628
793578 1996.715060
794119 1917.383059
795119 3509.450393
795247 257.181942
796247 3419.063926
796377 265.088092
797317 3350.147926
797858 1914.847821
798858 3427.970269
799858 3434.252492
800858 3486.294701
801747 3267.549765
802565 3036.938891
803307 2663.657137
804307 3412.126547
805307 3528.863435
806014 2551.802888
807014 3385.887988
807603 2059.476496
808510 3249.983311
809510 3476.944515
810328 2923.309227
810388 108.791925
810906 1867.006104
811906 3459.967236
812387 1731.505823
813387 3452.911341
814129 2672.752401
815129 3475.556304
816129 3587.531171
816189 108.897704
817189 3440.985006
817225 64.998979
818225 3456.996635
818265 72.763962
818306 74.662534
819306 3531.599785
820306 3431.375218
821306 3493.239238
821347 74.559173
822347 3500.279387
822382 62.645165
823382 3445.701511
823988 2273.991189
824022 61.725029
825014 3641.020868
826014 3516.633200
827014 3423.177662
828014 3468.264918
828902 3235.061252
829902 3569.171739
830404 1733.130946
831404 3501.369500
832404 3419.576213
832464 110.156822
833464 3400.344378
834193 2623.047321
834321 255.530546
834448 262.375946
834501 97.260155
834627 252.051735
835627 3385.563727
836627 3441.704363
837627 3445.483787
838335 2443.187522
839335 3520.557799
839835 1763.959335
839962 260.612374
840551 2039.920453
841179 2122.777063
841676 1756.727683
842676 3499.657730
842929 630.401679
843418 1744.675920
844418 3445.533198
844546 268.321685
845546 3431.613575
846141 2099.257938
847141 3450.387698
847723 2049.682597
848573 3018.760858
849410 2997.534010
849984 1991.936476
850778 2809.266727
851431 2263.615273
851561 256.887170
851692 264.675630
852343 2301.336534
852841 1767.250357
853344 1737.344581
853850 1752.171689
853977 259.107571
854104 251.734538
854233 261.593055
854851 2093.253738
854976 251.838649
855793 2898.679684
856046 604.928941
856611 1982.768764
857126 1705.549048
857993 3113.440758
858898 3188.604333
858955 105.162052
859083 263.650838
859208 233.785343
859250 76.367365
859813 1920.802296
859853 72.853022
860816 3365.782346
860874 105.577428
861377 1742.707997
861506 245.388116
862151 2281.061620
862197 83.311314
862322 239.263658
862447 250.469198
862485 68.746238
862614 259.649150
862737 242.454829
862865 261.180367
863864 3507.291477
863902 68.856502
864542 2269.879688
864667 249.244518
865256 2141.493898
866256 3511.434820
866293 66.518247
867122 2786.846357
867248 248.722935
867862 2128.704201
867989 258.208062
868227 589.348147
868829 2065.827332
869829 3336.783202
870532 2390.229327
871532 3476.131837
872532 3392.015502
873532 3520.363692
874442 3381.152871
874691 608.985443
874722 55.731339
874758 65.276451
875758 3449.184173
876758 3333.537513
877758 3433.413964
878758 3460.739942
879758 3510.016649
880758 3521.851542
880881 236.922959
881881 3427.347597
882881 3428.118680
883881 3435.382198
884837 3354.320070
885837 3442.197066
885965 252.028357
886965 3643.723493
887589 2298.818891
888205 2123.004798
888236 56.018287
889236 3409.794150
890236 3541.854728
891236 3460.716054
892236 3453.697623
893236 3455.774271
894236 3363.581703
895236 3484.833909
895694 1589.833747
896694 3418.894805
897195 1753.393322
897637 1609.270623
897763 249.240572
898278 1767.453627
898898 2131.680325
899674 2722.316398
899803 256.477321
900243 1485.377984
900753 1760.571743
901167 1405.048928
901737 1982.128493
902289 1971.664085
902841 1907.299736
902900 106.630569
903513 2099.031097
903912 1385.116627
903970 104.785242
904568 2076.367188
904961 1398.632087
905457 1711.152031
905907 1598.803584
906400 1695.272405
907001 2094.659277
908001 3447.687676
908994 3573.032189
909549 2041.543466
910124 2016.004753
910596 1544.722212
911129 1948.823324
912129 3484.384207
912793 2343.339502
913793 3484.544459
914793 3551.973522
915285 1718.760010
915786 1773.922228
916326 1956.985133
916881 1983.101784
917881 3536.094207
918656 2696.899239
918784 261.362340
919021 597.851126
920021 3548.750434
920817 2821.880333
921817 3501.021585
921945 260.280080
922945 3467.629209
923906 3524.899121
924906 3497.844014
925906 3440.059843
926462 1991.000409
926590 247.953809
927590 3441.655396
928253 2238.775773
928310 103.016882
929310 3430.735453
930104 2838.416442
930647 1918.576573
930710 115.250054
930839 299.412970
931654 2983.576073
931773 260.126916
931836 115.637639
931895 109.096889
932431 1889.410948
932490 109.413157
932552 114.323600
932613 110.463208
932673 109.988395
932733 109.429837
932794 112.402789
932855 111.325172
932917 113.598605
932976 108.333856
933036 110.645917
933097 111.009082
934097 3554.058574
934179 159.607561
934406 607.498582
935406 3514.799094
936406 3543.334401
937079 2365.689325
938079 3597.934423
939079 3466.931281
939140 112.735663
939382 601.358767
940382 3536.421556
941382 3481.329198
942382 3415.794397
942446 116.915543
942531 164.902195
943531 3507.595546
944206 2389.415954
945206 3562.611001
946206 3500.700778
946443 614.083842
946527 161.192159
947216 2443.540603
948137 3169.714251
948764 2267.849311
949025 763.817513
950025 3503.356267
950266 594.470761
951266 3424.469836
952266 3467.835539
953266 3476.555499
953857 1848.599492
954857 3446.724057
955500 2143.015388
955864 1060.875043
956864 3459.215280
957864 3358.770531
958864 3388.228930
959864 3438.524933
960864 3465.534588
961106 611.406238
962106 3410.789463
963106 3350.393368
964106 3361.601618
965106 3331.193995
965351 615.835783
966351 3424.668741
967351 3422.785883
968351 3310.297899
969351 3437.581362
970351 3444.846451
971351 3376.168121
972351 3389.846776
972436 165.163363
973436 3470.825924
974436 3483.062012
975436 3400.405898
976436 3474.003364
977436 3397.645822
978436 3438.009516
979436 3416.715086
980436 3391.574769
981436 3421.930521
982436 3370.524923
983436 3384.578977
984436 3341.130816
985436 3466.685201
986293 3021.294499
987293 3378.272123
987920 2023.501876
988920 3461.322470
989920 3452.336080
990920 3310.110418
991000 157.760121
991081 160.813156
991697 2238.327067
992697 3434.848378
993697 3513.211309
993778 155.460298
994778 3408.191743
995778 3288.775973
995856 153.358360
996488 2040.122518
997488 3402.568360
998028 1851.805853
999028 3521.947743
1000028 3491.187894
1000656 2196.446156
1001656 3301.677622
1002656 3291.377712
1002716 109.659894
1003536 2852.562575
1003594 106.522573
1004163 1798.723047
1004979 2937.582056
1005089 231.625772
1005169 156.094022
1005644 1698.907698
1006644 3349.938452
1007172 1749.615191
1007233 111.422596
1008233 3390.658270
1008716 1667.726694
1008798 156.155246
1009562 2694.638591
1010020 1626.215582
1011020 3364.473946
1012020 3309.929208
1012771 2691.936144
1013176 1397.892993
1013865 2284.754451
1014503 2169.150442
1015503 3391.119203
1015797 1041.358867
1016797 3398.880619
1016879 159.855354
1017476 2113.289791
1018120 2325.523472
1019120 3474.432184
1019525 1361.684579
1020525 3294.357679
1021525 3282.867168
1022525 3153.108466
1023525 3265.577721
1024269 2438.189990
1025269 3227.469165
1026001 2352.372178
1027001 3338.509536
1028001 3110.604056
1028062 111.791384
1029062 3254.089275
1029374 911.084618
1030374 3276.311393
1031231 2783.867406
1032231 3316.931146
1033231 3316.291441
1034231 3221.507481
1035231 3353.419928
1036231 3336.424882
1036290 108.016974
1037290 3314.813947
1038290 3340.738097
1039290 3360.859911
1040290 3409.483214
1041290 3360.745478
1041586 1003.862144
1042586 3446.430239
1043586 3357.834006
1044586 3374.722186
1045586 3451.594493
1046586 3467.698496
1047211 2225.165898
1048211 3431.923552
1049211 3404.127753
1050205 3426.453306
1051205 3373.003432
1052205 3441.388923
1052890 2312.290315
1053794 3231.528403
1054794 3458.874756
1055708 3279.241057
1056708 3383.748101
1057708 3532.295691
1058708 3464.254582
1059708 3401.936063
1060708 3489.451575
1061708 3492.824278
1062708 3452.671560
1063708 3517.691706
1064708 3453.932349
1065708 3456.350155
1066708 3467.449180
1067708 3464.923716
1068708 3403.019444
1068790 156.828028
1069790 3258.951846
1070295 1763.258282
1071295 3515.701278
1072219 3148.317605
1073219 3517.905507
1073990 2755.422047
1074990 3502.745462
1075990 3409.656214
1076990 3402.839952
1077990 3496.813414
1078072 155.167897
1079072 3458.071495
1080072 3530.578429
1081072 3514.054613
1082072 3491.482690
1083072 3491.704819
1084072 3426.725654
1085072 3453.308216
1086072 3402.085856
1087072 3374.342058
1088072 3472.605897
1089072 3410.723012
1090072 3491.984399
1090097 44.012539
1091097 3526.728152
1092097 3409.691361
1093097 3421.247307
1093124 48.045782
1094124 3444.037244
1094529 1435.540809
1095055 1815.041374
1096055 3515.749470
1097055 3459.296770
1098055 3474.954615
1099055 3538.542693
1100055 3402.871398
1101055 3453.378080
1101942 3146.885046
1102942 3522.854208
1103055 239.667487
1103540 1673.642261
1103624 166.189403
1103868 773.645022
1103951 161.794768
1104031 158.665609
1105031 3321.459524
1105116 166.395809
1105201 169.589969
1105287 171.065770
1106287 3457.108345
1106368 161.658900
1106451 162.744018
1106535 167.747339
1106617 165.526839
1106698 161.445270
1106780 161.669438
1107780 3483.463714
1108780 3423.281384
1109780 3525.296864
1110517 2615.710908
1110602 167.951438
1111602 3388.070047
1112602 3485.748807
1112686 162.843713
1112768 159.290786
1112795 47.924387
1112822 47.402355
1113822 3472.284723
1113905 162.199090
1113986 159.803616
1114070 164.902970
1115070 3423.091038
1116070 3423.379219
1117070 3473.855245
1118070 3359.534606
1118152 161.362761
1119152 3491.833156
1119240 173.394935
1120240 3507.935873
1121240 3362.948676
1122240 3446.489511
1123240 3458.306192
1124240 3398.091500
1125240 3421.758266
1126240 3495.722661
1127240 3462.895869
1127842 2031.196480
1127926 166.027495
1128926 3409.998817
1129926 3408.212027
1130926 3388.955759
1131926 3391.512909
1132926 3465.761789
1133926 3411.344374
1134926 3448.656244
1135926 3476.916513
1136926 3453.257045
1137926 3433.237114
1138926 3452.286028
1138951 43.561937
1139951 3390.321654
1140951 3528.789637
1141951 3488.166206
1142951 3525.112618
1143951 3462.159251
1144225 794.563954
1145225 3384.250208
1145727 1762.417475
1146370 2142.503903
1146981 2106.517706
1147249 771.035474
1147841 1951.646196
1148841 3372.941957
1149102 764.559376
1150102 3373.507736
1150379 801.612258
1151379 3516.679531
1152379 3475.665261
1153071 2398.514378
1153657 1896.154386
1154081 1413.374741
1154827 2492.808696
1155692 3017.703250
1156692 3388.642757
1157395 2377.406712
1158282 3074.681791
1159282 3362.947661
1160282 3365.597274
1160764 1681.153431
1161764 3441.908781
1162427 2128.783518
1163427 3376.561953
1163509 156.417389
1164509 3494.538146
1164591 160.547084
1165330 2516.451020
1166330 3566.718989
1166841 1652.501516
1167841 3338.853695
1167926 165.255950
1168158 590.499340
1168667 1772.891862
1168885 574.257458
1169885 3387.061773
1170344 1455.657549
1171134 2595.619118
1171217 162.486339
1171721 1571.065589
1172721 3532.193434
1172960 601.823739
1173960 3483.410444
1174452 1772.808751
1175098 2381.705037
1175929 3050.625410
1176422 1753.504532
1177044 2151.428807
1178044 3572.980911
1178683 2165.378119
1179247 2051.524811
1180108 3058.688519
1181108 3553.050352
1181373 779.295966
1181839 1664.320003
1182675 3022.171568
1183602 3379.947163
1184602 3600.844102
1185602 3612.832373
1185687 168.765481
1186687 3556.591131
1187687 3574.249581
1188687 3534.416282
1188921 611.141318
1189921 3535.207976
1190921 3552.001815
1191004 161.150139
1192004 3555.800464
1192088 160.715426
1193069 3478.003818
1193152 158.139648
1193402 628.359990
1194402 3541.844242
1195258 3130.396267
1196258 3575.274662
1196827 2062.374769
1197316 1769.549931
1198136 3033.190897
1199136 3515.441046
1199679 1986.387423
1200596 3348.081080
1200818 591.199136
1201562 2650.316947
1202562 3588.202963
1203145 2099.771183
1204145 3495.539785
1205145 3550.687196
1205843 2422.481501
1206684 3003.009587
1207684 3475.928032
1208331 2312.647622
1208416 166.088245
1209416 3493.053210
1209498 161.741843
1209757 740.170275
1210290 1933.052398
1210856 2060.444667
1211327 1718.941624
1212327 3553.953388
1212832 1853.110693
1213443 2250.685731
1214381 3378.926392
1215381 3609.596451
1216004 2264.154003
1216560 1999.425756
1217168 2053.185891
1218168 3537.163323
1218726 2035.657625
1219423 2464.939680
1220363 3407.068909
1220849 1751.338429
1221787 3459.969129
1221869 153.445055
1222869 3428.197357
1223807 3394.172029
1224469 2404.164823
1225024 2003.378320
1225109 166.653121
1226109 3511.315401
1227097 3664.552412
1227178 157.012579
1227547 1144.919434
1228547 3470.094029
1229547 3577.988274
1230547 3427.044230
1230811 767.107360
1230893 160.241848
1231868 3614.306732
1232868 3420.254234
1232950 157.015046
1233714 2699.733135
1234280 2064.138638
1235280 3523.696540
1236280 3610.162924
1236359 150.344603
1237359 3556.897377
1237951 2074.813762
1238760 2755.594958
1238841 153.021067
1239841 3590.570375
1240841 3480.574665
1241477 2351.654238
1241604 252.063902
1242604 3459.641527
1242637 58.807297
1242764 260.074597
1243400 2364.640227
1243974 2080.616004
1244786 2858.969120
1245786 3452.346385
1246357 2085.754574
1246595 586.307437
1246725 270.819668
1247645 3376.027978
1247887 609.388706
1248017 264.365053
1248378 1161.823798
1249321 3452.581967
1249954 2174.793895
1250187 589.863813
1250431 626.354007
1251001 2032.927981
1251243 608.359354
1252243 3464.548401
1252482 609.563207
1253482 3408.635396
1253720 606.435790
1253954 603.881121
1254531 2098.358420
1254767 588.362031
1255008 608.958784
1255138 266.758991
1256138 3399.026711
1256374 559.810957
1256502 261.576158
1256733 606.715996
1256967 578.928182
1257215 610.206670
1257464 626.851633
1257696 611.329636
1258592 3136.032125
1259276 2424.143344
1260106 2820.495096
1260345 593.967088
1261345 3510.085801
1262345 3515.390214
1262582 595.487873
1262817 593.390382
1263268 1449.409470
1264268 3546.437221
1264500 572.658111
1264750 596.907930
1265750 3497.255570
1265874 246.766439
1266114 606.005030
1266701 2087.954528
1266967 782.119274
1267691 2449.253368
1268420 2505.980847
1268550 257.710104
1269550 3614.529347
1269788 603.732925
1270788 3473.218912
1271461 2238.418535
1271726 769.257523
1272546 2881.864068
1273118 1854.968280
1273361 598.221509
1273839 1725.438247
1274839 3506.262021
1275839 3451.735543
1276839 3428.825955
1277839 3534.444440
1278081 620.128261
1279081 3532.085033
1280081 3454.389757
1281081 3503.694431
1281573 1739.882004
1282573 3520.605997
1283564 3519.488492
1284564 3475.106578
1284645 154.094862
1285645 3482.203001
1286645 3475.511952
1287645 3439.271505
1288645 3454.294264
1289645 3447.427783
1290645 3487.251488
1291176 1922.195761
1292176 3486.980330
1293176 3481.088230
1294176 3590.188348
1294909 2680.074426
1294994 165.330257
1295699 2538.034096
1296556 3125.437242
1297556 3451.837900
1298493 3384.694787
1299493 3503.951674
1300157 2220.331583
1301157 3387.334314
1302157 3395.160036
1303157 3464.967637
1304157 3422.757565
1305157 3420.413292
1305284 251.148874
1306284 3519.745427
1306821 1782.528215
1307070 618.952828
1308070 3447.232925
1308906 2834.064194
1309906 3514.280723
1310906 3510.403375
1311906 3423.693399
1312906 3532.445199
1313036 267.948445
1314036 3482.745929
1314275 591.012255
1315275 3441.306734
1315668 1151.292048
1316668 3415.185051
1317668 3539.743422
1318668 3372.106508
1319668 3434.122940
1320287 2113.777337
1321287 3476.371392
1321559 790.784994
1322201 2163.819610
1322282 155.467147
1323063 2801.913287
1323689 2135.876644
1323931 590.649115
1324547 2112.194719
1324797 612.598575
1325797 3439.437150
1325922 244.534847
1326490 2061.073944
1327139 2375.574975
1327923 2752.261638
1328160 593.707077
1329160 3415.069227
1330160 3290.709472
1330402 602.771846
1330943 1927.896023
1331943 3465.137878
1332943 3500.644654
1333536 2036.816352
1334536 3487.767165
1335536 3374.527488
1336536 3574.648043
1337536 3532.291079
1337562 46.143026
1337644 162.306070
1338644 3478.707922
1338890 617.477148
1339890 3469.152110
1340890 3526.691069
1341890 3356.010188
1342665 2766.268627
1343665 3525.379791
1343746 154.561434
1344398 2335.755231
1345398 3487.307001
1345528 257.189706
1346528 3481.305312
1347011 1739.741539
1348011 3359.402037
1348824 2927.612238
1349067 607.062768
1349393 945.146297
1350175 2744.386925
1351175 3514.191833
1352175 3471.342779
1353175 3601.122856
1353646 1682.957043
1354169 1805.606599
1354695 1756.358499
1355396 2450.384243
1355886 1703.522598
1356886 3513.606958
1357886 3513.254860
1357913 48.173713
1358385 1677.028593
1358975 2048.819892
1359002 48.098281
1359498 1701.105240
1360498 3432.983968
1360978 1674.944107
1361004 46.373600
1361032 50.089645
1361936 3227.663139
1362331 1360.887108
1363122 2879.162300
1363613 1719.271903
1364170 1963.938680
1364632 1638.011014
1365105 1630.760555
1365130 43.741127
1365153 40.673356
1365620 1668.609482
1366085 1633.232349
1366448 1271.203179
1366617 426.355693
1367154 1914.409034
1367485 1130.353397
1367869 1362.842391
1368869 3587.026388
1369264 1369.016916
1369679 1422.588014
1370153 1662.810021
1370608 1562.392073
1371036 1439.045027
1371434 1373.810584
1371691 779.125406
1372102 1426.402689
1372273 437.260045
1372624 1150.537078
1373036 1454.109927
1373419 1335.377230
1373820 1389.551126
1374213 1341.614950
1374608 1335.931738
1375092 1681.368448
1375980 3177.728616
1376378 1425.488752
1377017 2285.974341
1377756 2622.950313
1377780 42.083475
1377808 50.378939
1378692 3168.507089
1379168 1698.973575
1379652 1696.089205
1380109 1594.553309
1380225 257.476324
1380668 1565.385065
1381269 2051.224775
1381746 1684.502749
1382148 1403.541394
1383148 3512.221221
1383630 1668.253002
1384032 1398.299517
1384524 1699.837898
1384985 1641.338873
1385459 1694.679591
1385904 1544.801724
1386367 1576.778599
1387367 3441.818205
1388367 3461.483599
1388860 1714.539103
1389235 1334.976031
1389792 1954.430164
1390230 1514.460781
1390809 2049.088981
1391285 1669.167965
1391809 1845.079108
1392803 3566.852136
1393292 1671.124407
1393864 1886.450679
1394107 614.352408
1394680 1951.439765
1395304 2099.067388
1396304 3445.266324
1396728 1512.686305
1397345 2184.413314
1397803 1648.488133
1398295 1658.400113
1398537 617.441598
1398929 1376.189334
1399728 2854.806664
1400300 2022.217261
1401209 3324.943944
1401942 2617.910596
1402191 619.511438
1402748 1894.915885
1403135 1357.163639
1403213 147.114900
1403294 155.944404
1403740 1608.068813
1404119 1362.079935
1404672 1955.318997
1404923 634.043792
1405628 2540.864844
1406227 2131.281626
1406550 1123.627141
1407023 1651.884352
1407415 1355.277599
1407821 1401.829562
1407898 147.520253
1408741 3012.573208
1409203 1596.281571
1409332 262.858390
1410332 3483.760030
1410870 1885.053342
1411870 3471.106761
1412622 2628.628687
1413314 2441.193078
1413939 2241.123845
1414939 3459.925593
1415919 3542.015654
1416394 1618.698861
1416889 1751.279112
1417743 2989.277363
1418477 2590.998668
1419126 2264.508426
1420126 3536.495499
1420612 1643.514819
1421196 2011.166414
1421662 1675.542755
1422593 3280.172498
1423089 1715.896053
1423747 2369.340172
1424747 3510.917796
1425747 3513.132688
1426747 3584.925407
1427610 3035.146894
1428104 1702.830610
1428599 1655.322826
1429599 3525.176357
1430563 3485.438614
1431375 2970.375502
1431630 628.238301
1432614 3584.902959
1433356 2676.183684
1433830 1692.784012
1434279 1615.705829
1435279 3556.299912
1435909 2271.972821
1436909 3541.267214
1437672 2736.558606
1438672 3549.889315
1439219 1978.965041
1439789 2052.177724
1440789 3491.070430
1441295 1739.896803
1442295 3486.135238
1442858 2009.962413
1443858 3502.639748
1444858 3494.694558
1445427 1993.611451
1446427 3366.154485
1446915 1723.524773
1447155 606.259464
1447284 260.966936
1447529 603.962889
1447933 1398.754645
1448309 1363.125508
1448952 2316.810340
1449952 3487.759199
1450760 2954.201053
1451760 3445.011967
1452760 3574.595027
1453760 3495.070624
1454230 1665.750868
1454718 1722.736826
1455188 1676.435225
1456165 3457.557339
1457165 3479.928461
1457631 1656.215686
1458631 3411.124616
1459171 1973.994711
1460171 3510.812370
1461042 3173.333220
1462042 3371.172354
1462366 1068.047635
1462759 1393.668855
1463759 3446.599307
1464759 3464.702024
1465624 3006.307255
1466624 3455.961551
1467322 2420.944948
1468322 3529.616472
1468759 1607.211427
1468998 599.246780
1469335 1066.043861
1470335 3436.193481
1471169 2954.592212
1471594 1545.694074
1471674 151.712821
1471804 261.180766
1471884 152.975280
1472370 1687.628455
1472499 263.989816
1473300 2876.735532
1473815 1710.704642
1474404 2029.691476
1475404 3435.561496
1475486 154.036913
1476379 3204.386853
1477366 3510.770468
1478366 3455.084735
1479366 3483.425336
1480366 3404.694479
1480606 595.330209
1481606 3358.177796
1482606 3297.609716
1483368 2658.605420
1484368 3324.890947
1484611 598.583501
1485611 3397.037064
1486611 3398.075170
1486857 600.840593
1487857 3372.063534
1488857 3334.227473
1489337 1632.685433
1489745 1199.740410
1490745 3408.440802
1491142 1159.062790
1492142 3453.169907
1493142 3398.671264
1494142 3238.050602
1494487 1185.235633
1494727 588.081329
1495727 3312.676130
1495854 255.852059
1495933 150.137300
1496933 3288.184191
1497061 259.646063
1497547 1410.833621
1497658 239.071111
1498658 3344.660441
1498785 257.402323
1499180 1205.411890
1500180 3255.566261
1500306 253.585473
1501306 3243.221400
1501773 1415.364692
1502773 3342.856173
1503773 3233.972498
1503902 260.877600
1504026 247.042711
1505026 3230.389070
1505151 250.794636
1505278 252.822287
1505979 2310.400466
1506979 3262.126983
1507105 256.200918
1507233 261.121748
1507475 600.813532
1507552 143.438873
1508311 2597.332608
1509311 3284.306530
1509438 256.091860
1510211 2481.775173
1510337 248.499488
1511337 3340.558113
1511446 226.777927
1512239 2554.176244
1512353 253.732432
1512463 239.796608
1513463 3249.896874
1514463 3324.530521
1514710 616.539068
1515208 1683.241911
1515320 245.368015
1516284 3179.603419
1517284 3317.233474
1517469 434.322498
1517576 225.932706
1517687 238.918753
1517796 235.836836
1517909 246.018173
1518151 592.018390
1518260 226.163696
1518374 251.530717
1519374 3300.660359
1519504 264.394018
1519613 232.489683
1520215 1954.419297
1521215 3402.507330
1521465 611.736213
1521577 240.286105
1521689 246.127901
1522689 3318.802610
1523689 3289.366836
1523822 289.103491
1523927 223.711129
1524056 294.260575
1524396 1085.137416
1524529 299.374722
1524658 282.370061
1524841 387.554599
1524976 301.477227
1525153 386.855780
1525429 612.742970
1525564 301.005380
1525696 291.664082
1525827 290.015890
1525958 291.102258
1526090 292.932562
1526113 40.532451
1526351 490.483561
1526483 291.921346
1526614 285.561498
1527038 1075.038648
1527170 285.400314
1527304 295.360588
1527412 222.165814
1527545 292.956737
1527679 291.435758
1527856 371.604206
1528036 391.068959
1528221 422.690825
1528353 295.275524
1528571 522.469657
1528833 619.897622
1528969 292.181587
1529474 1358.531559
1529604 290.517882
1529736 293.924855
1529872 292.135900
1530086 510.721271
1530292 469.131607
1530422 284.318906
1530770 843.726588
1530903 295.160258
1531011 230.020201
1531140 287.922826
1531245 216.346898
1531376 282.239232
1531514 300.366006
1531648 293.800138
1531779 297.158590
1532047 591.281046
1532181 294.052830
1532463 663.831056
1532596 284.617270
1532731 296.025335
1532865 287.622997
1532970 216.928979
1533550 1450.018974
1533656 215.043168
1534127 1258.237258
1534265 295.054305
1534405 308.054425
1534860 1114.910658
1534990 293.941500
1535601 1555.086168
1535736 312.833713
1535950 471.786625
1536306 955.772751
1536443 297.586717
1536576 299.421468
1536713 299.267779
1537213 1380.057523
1537411 447.061934
1537808 1092.178174
1538109 834.154544
1538400 656.936529
1538538 291.314371
1539035 1373.253536
1539551 1445.861802
1539943 1114.287354
1540147 467.221690
1540280 297.784482
1540733 1088.468079
1541100 949.050698
1541620 1465.913132
1542106 1171.997815
1542472 923.938809
1542760 774.151047
1542981 498.376510
1543236 576.255012
1544236 2474.955299
1544677 1074.345521
1545191 1352.211258
1545411 506.371879
1545791 917.644380
1545924 303.027735
1546057 294.400149
1546478 1024.835417
1546964 1314.687462
1547586 1729.849075
1548195 1459.255967
1549047 2433.596671
1549392 787.030698
1549690 812.488936
1549907 498.551679
1550039 302.876981
1550483 1145.891031
1550903 1075.237601
1551359 1091.984624
1551647 771.236477
1551910 673.553694
1552044 293.799617
1552151 228.514332
1552632 1331.493877
1552933 844.517015
1553068 300.660201
1553201 298.812680
1553309 225.153126
1553593 674.385981
1554099 1294.679722
1554417 863.790194
1554730 899.034558
1555025 858.857278
1555299 653.168116
1556039 2301.926418
1556379 851.303608
1556893 1441.299814
1557239 955.304466
1557609 1044.416724
1557742 302.834051
1558245 1297.868889
1558647 1110.883570
1559240 1789.455764
1559543 857.884904
1559813 686.462900
1560184 991.208138
1560479 759.194222
1561046 1471.863038
1561399 934.399866
1561796 1049.098381
1561928 298.686051
1562149 533.427731
1562427 724.683978
1562830 1237.004942
1563285 1103.355656
1563816 1455.884631
1564459 1775.343263
1564897 1192.253231
1565897 2152.078143
1566218 892.226892
1567218 2762.667203
1568218 2575.119050
1569006 2072.830380
1569114 226.275089
1569466 985.964860
1569600 284.058240
1569884 734.690706
1570410 1292.699009
1570678 699.148113
1571568 2647.342985
1571871 816.790038
1572373 1341.717347
1572653 717.086654
1573107 1210.616983
1573564 1221.643385
1573882 853.978507
1574193 853.058186
1574497 860.550145
1575055 1487.029829
1575358 796.644152
1575652 798.743270
1576130 1281.462758
1576446 834.351845
1576750 850.767157
1577409 2042.193684
1577754 952.803764
1578083 978.822181
1578471 999.386600
1578906 1112.908017
1579180 709.144367
1579732 1547.000442
1580004 685.477155
1580316 883.132226
1580448 293.089826
1581290 2463.195889
1581878 1634.905289
1582366 1473.550410
1582755 1205.038561
1583181 1205.305353
1583466 752.974839
1583959 1375.107606
1584332 1110.480805
1584816 1272.133743
1585541 2163.795246
1586206 1719.029846
1586498 804.625444
1586852 951.060919
1587123 725.152334
1587618 1249.708003
1587922 883.568693
1588232 841.194920
1588611 1050.622940
1589410 2345.426300
1589812 1206.934370
1590226 1246.240882
1590883 1967.669536
1591492 1672.981612
1592033 1594.138853
1592626 1785.215344
1593021 1136.563561
1593395 982.092829
1594307 2540.100831
1595307 2863.041145
1596307 2988.890297
1597263 2555.687304
1598202 3143.619879
1598526 865.622207
1599526 3030.245556
1599835 885.867984
1600835 2736.047270
1601791 2769.067733
1602526 2271.615245
1603274 1957.678011
1604198 2466.576491
1604561 874.682234
1605561 2971.409465
1605814 705.829652
1606753 2685.055702
1607656 2500.085212
1608414 2293.037492
1609414 2940.811668
1610414 3012.766387
1611414 3233.119477
1612414 3103.229412
1613165 2156.228919
1614165 3007.273963
1615061 2822.198880
1615773 2209.218685
1616773 3122.890902
1617773 3226.615699
1617904 291.433846
1618735 2361.795984
1619735 3219.002296
1620424 2236.797501
1621424 2945.866274
1622067 2215.476933
1622580 1552.589167
1623580 3095.945197
1624463 2622.402337
1624898 1332.662006
1625440 1615.497392
1625661 546.940374
1625890 574.355508
1626890 2995.830227
1626997 224.608895
1627729 2200.377776
1628185 1323.532532
1628723 1695.983379
1628746 40.740590
1629219 1362.252846
1630219 2960.881351
1631219 3107.278687
1631325 218.664040
1632325 2801.288006
1633325 3052.312840
1633903 1753.304869
1634903 3121.055045
1635903 3212.660702
1636009 220.236164
1636111 208.145126
1637111 3227.973826
1637220 232.250193
1638220 3094.032309
1638324 211.484840
1638937 1926.353532
1639937 3149.543731
1640937 3281.923660
1641338 1207.455251
1642338 3118.549255
1642675 1009.987144
1643015 927.411358
1644015 3160.072412
1644235 517.250106
1645235 3178.213235
1646235 3071.604801
1647026 2521.733833
1648026 3135.516292
1649026 3194.998624
1650026 3018.426808
1651020 2951.557409
1651123 208.133905
1651374 710.593237
1651621 680.965791
1652255 1958.910619
1653112 2646.146111
1654106 3014.565526
1655106 3046.136428
1656106 3195.884621
1657106 3169.530195
1658106 3260.359825
1659106 3053.790769
1660106 3099.400992
1660446 928.095226
1660700 697.747467
1661700 3320.123856
1662700 3113.356101
1663700 3167.942230
1664514 2723.382207
1665514 2943.462789
1666514 3154.193333
1667514 3178.655948
1668514 3172.306633
1669514 3126.700807
1670514 3072.793233
1671514 3222.516551
1672514 3223.169018
1673514 3275.677936
1674514 3325.245943
1675514 3150.473888
1676317 2591.243400
1677317 3302.906189
1677881 1825.401885
1678189 956.853974
1678265 141.896582
1678393 263.320168
1678470 146.476180
1678594 253.468573
1678911 983.122820
1679034 236.942745
1679348 949.264493
1680348 3330.844041
1681348 3437.564121
1681423 140.633787
1681548 243.911333
1681622 138.996428
1681745 245.205274
1682412 2210.563917
1682838 1289.320178
1682967 266.198525
1683042 141.070739
1683118 144.205933
1683874 2421.002353
1683949 141.070588
1684025 144.220006
1684275 687.692413
1684351 142.050799
1684428 148.156951
1684502 138.704766
1684578 143.168499
1684704 249.197518
1684779 142.470337
1685121 1022.852345
1685195 140.883944
1685270 141.320894
1685343 138.376513
1685418 143.984841
1685493 143.320922
1685901 1229.655641
1686063 401.101556
1686137 143.015699
1686212 140.865042
1686558 1009.562033
1687216 2246.317977
1687292 142.744052
1687636 1021.122429
1687713 146.034026
1687788 141.778020
1687862 141.120569
1688139 722.381052
1688216 145.498783
1688291 141.837506
1688367 143.586530
1688444 144.636313
1688953 1653.892542
1689953 3284.923400
1690028 143.028477
1690270 687.812610
1690834 1807.847664
1690959 248.780565
1691035 144.750353
1691111 142.124516
1691187 143.970104
1691688 1589.154062
1691764 145.117486
1691840 145.460233
1691964 242.423274
1692040 143.377332
1692167 262.677432
1692244 145.087396
1692755 1581.811563
1693013 714.530714
1693466 1499.737113
1693821 1034.531100
1693897 144.392596
1694392 1585.510743
1695160 2492.279600
1695576 1277.809850
1695983 1251.884215
1696544 1796.496821
1696851 914.773796
1696926 141.682483
1697002 144.697261
1697080 149.717474
1697156 142.954172
1697813 2202.829430
1697887 137.522566
1697962 141.278708
1698952 3325.238468
1699952 3311.777231
1700368 1350.001257
1700442 143.053313
1700517 143.585123
1700593 146.161664
1700667 141.700071
1700742 144.514756
1701742 3277.742403
1701818 145.636611
1702818 3270.928392
1702894 142.548999
1702970 146.772996
1703047 146.866525
1704047 3330.314478
1705047 3347.816163
1705792 2483.688785
1706782 3458.287498
1707597 2787.268346
1708597 3313.520686
1709597 3185.588536
1710020 1249.662765
1711020 3399.283933
1711750 2559.346685
1712750 3350.803992
1713750 3341.455854
1714150 1446.828103
1714467 935.302012
1714622 368.976073
1714787 388.997294
1715787 3280.839944
1716586 2680.939415
1716983 1256.873207
1717538 1805.516423
1717854 935.514766
1718013 370.890562
1719013 3233.142405
1720013 3292.772829
1720942 3046.182030
1721020 148.664606
1722020 3294.674989
1722097 146.228040
1722906 2780.208440
1723542 2191.974832
1724542 3351.665493
1725542 3219.942954
1726542 3349.725865
1727542 3309.831997
1727848 940.345356
1727922 143.269011
1728642 2469.377729
1729642 3299.481999
1730642 3277.061069
1731545 3023.987109
1732545 3335.262010
1733545 3359.179284
1734355 2749.704597
1735177 2790.470601
1736177 3353.417933
1736565 1310.033281
1737565 3257.290335
1738179 2132.752876
1739179 3333.067453
1740179 3310.850786
1741179 3254.335948
1742179 3308.427173
1743179 3278.071938
1744179 3317.567556
1744256 149.873180
1745256 3237.277007
1746256 3325.950882
1747256 3254.042413
1748256 3319.548303
1748741 1712.369798
1749741 3361.422340
1750741 3323.683344
1751741 3371.397895
1752741 3343.292380
1753741 3328.491522
1754741 3303.764103
1755741 3342.440237
1756741 3397.487761
1757741 3357.003498
1758165 1347.013778
1759165 3389.911283
1760165 3398.390944
1761165 3360.930773
1762091 3282.902473
1763091 3366.059967
1764091 3312.422264
1765057 3367.130603
1766039 3353.138994
1767039 3400.023484
1768039 3403.968539
1769039 3408.791497
1769765 2546.352201
1770765 3390.343704
1771765 3373.387511
1772765 3406.551033
1773765 3414.438487
1774765 3390.850275
1775765 3405.901132
1775844 154.306260
1776844 3462.991449
1777844 3395.083992
1777926 162.232765
1778926 3438.436827
1779926 3400.305767
1780926 3499.887710
1781926 3468.197914
1782753 2770.450613
1783753 3456.193677
1783918 400.316586
1784918 3428.511955
1785084 415.732907
1785331 718.180977
1786331 3417.300707
1787331 3429.328858
1787800 1631.590511
1788800 3457.368633
1789413 2195.499270
1790413 3402.526659
1791413 3455.540416
1792217 2767.955670
1793217 3385.226114
1794217 3411.052084
1794875 2187.234045
1795036 402.024209
1795914 3119.669445
1796914 3423.844495
1797914 3459.125045
1798914 3401.827437
1799652 2498.220406
1800569 3249.217673
1801510 3284.271491
1802061 1909.704365
1803061 3373.891315
1804061 3427.015999
1804560 1755.001729
1805009 1565.001630
1806009 3368.449907
1806902 3023.755185
1807902 3417.439878
1808331 1513.678102
1808773 1519.004192
1809773 3432.631247
1810476 2522.051908
1811476 3409.440019
1812476 3439.391216
1813476 3400.978684
1814021 1895.483884
1814289 896.958682
1815289 3340.961360
1815861 1976.603283
1816861 3490.080582
1817253 1204.369663
1818253 3422.531484
1818496 698.914855
1819458 3434.816507
1820458 3408.357246
1821272 2868.340215
1822272 3362.189970
1823272 3404.294416
1824272 3476.923006
1825272 3382.260868
1826272 3445.100879
1827272 3361.647195
1828272 3418.014554
1828334 113.917976
1829334 3420.251384
1830334 3344.957907
1830733 1246.340161
1831733 3394.070594
1832733 3405.643397
1833173 1521.220929
1834173 3363.880964
1835173 3420.207030
1835938 2738.210882
1836938 3398.534312
1837938 3412.925317
1838938 3434.863996
1839938 3445.932025
1840938 3361.962461
1841938 3377.318013
1842931 3451.194982
1843931 3353.719891
1844931 3452.507314
1845379 1546.646243
1846379 3395.672436
1847379 3432.249028
1848379 3453.242071
1849379 3438.292371
1850379 3468.359799
1851379 3443.034731
1852379 3498.793803
1853075 2485.268401
1853778 2421.033833
1854334 1865.438794
1855233 3000.700159
1855680 1519.016318
1856680 3427.860874
1857680 3440.705787
1858152 1622.516583
1858737 2050.181715
1859387 2244.180290
1860302 3213.751434
1860458 382.648935
1861164 2435.092468
1862164 3410.787233
1863164 3399.552531
1863641 1571.776444
1864641 3512.293479
1865205 1870.326503
1866205 3388.491343
1867205 3443.377555
1868205 3408.414281
1869205 3408.285094
1869852 2268.634049
1870852 3440.934616
1871832 3321.422342
1872242 1293.574221
1873242 3466.732396
1873838 2073.142161
1874838 3426.493582
1875343 1760.156694
1876095 2627.501857
1876285 477.312143
1877285 3448.223483
1877781 1718.227338
1878268 1580.490560
1878863 2070.856092
1879269 1289.025649
1879671 1263.099840
1880236 1910.266432
1880691 1554.827933
1881188 1696.854731
1881769 2011.676987
1882569 2703.672229
1883569 3424.524441
1884067 1696.990558
1885067 3402.870500
1886032 3358.567477
1886852 2845.886832
1887276 1385.657517
1887435 366.135480
1888244 2813.717140
1888982 2546.509071
1889144 403.789780
1889989 3003.979952
1890474 1654.847221
1890949 1663.856696
1891601 2307.460366
1892085 1644.234765
1892806 2378.946514
1893288 1648.360692
1893693 1349.547581
1894053 1210.497995
1895053 3402.299514
1895668 2185.127791
1896668 3381.045733
1897478 2768.234045
1897894 1441.744363
1898043 331.816031
1898778 2583.866963
1899731 3314.285310
1900551 2864.360890
1901551 3423.872904
1902292 2612.003816
1903020 2591.721545
1903869 2924.751115
1904869 3423.812419
1905568 2430.380647
1906070 1750.518010
1906734 2296.941024
1907734 3404.248402
1908154 1436.576491
1908936 2782.224787
1909413 1637.088206
1910383 3399.797929
1910467 172.556947
1910890 1421.884971
1911472 1980.616217
1912196 2569.307391
1912283 178.552771
1913283 3404.866143
1913776 1704.133803
1914480 2367.763902
1915480 3402.213022
1916480 3388.558232
1917480 3427.197709
1917632 361.613649
1917785 352.139725
1917849 116.604584
1918000 357.854253
1918808 2797.124714
1919808 3413.169461
1920312 1687.018808
1920823 1788.848213
1921823 3413.154161
1921975 358.404042
1922131 362.518862
1922619 1710.684778
1923022 1315.077343
1923324 824.790231
1923814 1646.971905
1923879 119.635501
1924192 1064.553321
1924339 363.374611
1924795 1542.146967
1925795 3482.285687
1925948 361.388527
1926099 357.854939
1926623 1759.777179
1926775 370.792085
1926925 352.194712
1927379 1568.091449
1927530 365.124260
1927684 375.348858
1927839 378.841561
1928065 583.733489
1928392 944.888622
1928543 370.297105
1928741 575.211737
1929397 2255.098477
1929461 118.953938
1929611 361.788807
1930233 2102.574973
1930887 2265.935102
1931042 386.895594
1931610 1942.900279
1931759 368.023132
1932621 2982.297364
1932774 369.752111
1933251 1527.451923
1933315 118.030568
1934315 3485.138850
1935265 3336.257686
1935725 1517.460661
1936542 2840.398530
1937542 3406.773006
1938226 2406.511302
1938786 1938.276252
1938942 382.128676
1939580 2086.074453
1939733 395.611238
1940733 3389.277626
1941733 3410.922322
1941885 380.133606
1942444 1908.922943
1942594 384.713223
1943594 3384.986246
1944121 1806.013750
1944186 120.875491
1944646 1530.157403
1945646 3405.384226
1946181 1850.840552
1946854 2327.534819
1947422 2021.058633
1947485 116.555390
1948485 3523.803841
1949485 3425.312997
1949638 383.414138
1949789 379.957844
1950498 2441.934599
1950964 1476.537842
1951473 1746.007775
1951733 881.069761
1951936 626.252022
1952936 3398.879614
1953936 3420.930321
1954143 628.362504
1955143 3441.634884
1955609 1566.211428
1956231 2171.037218
1956368 347.579475
1956941 1956.420953
1957092 395.638327
1958092 3440.736668
1958948 2949.666504
1959501 1889.393296
1959653 396.545457
1959825 493.010812
1960300 1646.556510
1960461 416.645851
1960614 381.784887
1960814 617.481516
1960977 427.549014
1961499 1816.089780
1961764 909.211529
1961921 392.345938
1962395 1593.237876
1962990 2074.178213
1963337 1180.157585
1963834 1721.711600
1964039 643.080225
1964063 42.160440
1964091 49.675123
1964445 1266.821619
1964471 46.290674
1965024 1888.061389
1965051 48.064901
1965745 2415.147254
1966216 1593.907814
1966680 1590.816571
1966875 591.358689
1967128 833.847052
1967738 2138.967173
1968036 1024.130332
1968189 379.983410
1968342 384.979500
1968565 705.592332
1969446 3119.327749
1969510 117.085899
1969710 603.509218
1969862 383.535461
1970862 3481.502021
1971660 2820.394668
1972116 1574.555591
1972696 1977.087106
1973260 1948.269232
1974260 3446.290422
1974717 1560.006029
1975278 1962.361460
1975625 1217.325113
1976625 3486.343429
1977155 1826.901503
1977539 1308.030431
1977947 1394.676657
1978930 3527.289725
1979472 1880.526521
1979537 120.576202
1979975 1505.757821
1980222 792.715987
1980406 530.855911
1980952 1892.589268
1981420 1604.325311
1981605 538.041682
1982311 2479.758140
1983311 3429.484630
1983828 1787.105427
1984789 3442.651690
1985572 2753.217277
1986189 2172.299234
1986363 494.484018
1986905 1875.533828
1987485 2042.802988
1987655 473.991959
1988432 2746.084268
1989059 2182.483520
1989950 3160.870252
1990651 2489.200962
1991162 1768.867239
1991315 381.493162
1991838 1812.533651
1992084 685.234613
1992585 1750.016036
1993292 2520.719266
1993356 118.143062
1994356 3482.097688
1995016 2289.849188
1995465 1555.298426
1995723 837.394610
1995787 117.944734
1996510 2483.139299
1997133 2199.573715
1997419 965.464794
1998293 3105.857868
1998916 2172.552566
1999720 2854.683123
2000699 3327.648404
