10 8.995218
25 12.458248
41 11.405240
55 9.277457
65 8.320467
90 25.039168
102 9.197180
123 22.156836
133 8.385773
156 11.370836
175 11.475228
189 9.990428
201 6.983425
217 9.703743
238 11.547306
252 11.849907
267 8.417381
289 23.591093
303 9.411100
321 19.744122
389 95.650676
415 12.235611
446 32.152642
459 9.193474
470 8.700025
495 17.921492
512 13.313971
538 8.829863
557 20.476903
580 9.562797
601 15.921878
627 24.457980
642 13.424592
656 13.104072
683 31.883285
705 21.017951
716 8.239899
725 6.061483
738 9.312864
771 24.176231
782 9.110598
801 17.463600
820 13.418741
832 7.122784
871 18.370012
890 12.673329
937 51.725071
970 31.278376
1000 27.851302
1017 12.555414
1032 10.340865
1058 11.014022
1090 16.673030
1109 21.073416
1127 16.570074
1148 12.375877
1166 15.656681
1179 10.371308
1204 21.765713
1237 9.183239
1251 13.405439
1303 82.371203
1313 7.875134
1324 8.331120
1347 16.488797
1372 9.952449
1384 9.753351
1393 6.584109
1410 15.338386
1427 10.637628
1442 11.426192
1454 7.762826
1469 5.731439
1495 22.738200
1516 18.395772
1528 8.133136
1565 25.118834
1574 7.355259
1602 18.520115
1623 11.134262
1635 7.927049
1649 8.343685
1675 19.746737
1689 6.847577
1699 6.778807
1720 11.624474
1753 19.481981
1768 8.932223
1802 14.311383
1820 10.794505
1839 17.833000
1872 15.379253
1893 17.705855
1933 37.061467
1951 11.923105
1999 46.962001
2027 13.406287
2063 35.973637
2093 15.665420
2119 32.409643
2165 47.891996
2210 16.696162
2239 30.333448
2250 7.138116
2272 11.759944
2293 21.084573
2339 60.068079
2359 17.352216
2386 30.704465
2408 17.666203
2460 72.371919
2506 45.769258
2528 13.098207
2551 12.760737
2570 17.101309
2595 20.376435
2621 11.723617
2636 14.264691
2726 73.341588
2741 11.519879
2776 44.909701
2806 38.280884
2863 84.696897
2924 112.286249
2949 17.953387
2986 14.197117
3001 12.920485
3018 11.115530
3039 16.131888
3051 8.615388
3069 15.120788
3099 37.744614
3119 16.360575
3185 81.951186
3219 36.641647
3247 27.885475
3287 22.814302
3357 118.645224
3369 9.198472
3385 7.465039
3395 7.368043
3447 48.205667
3465 18.618987
3513 36.649198
3535 21.426767
3558 11.227352
3583 18.465768
3598 14.313509
3616 10.212180
3644 12.058505
3671 8.803675
3738 99.534514
3760 6.234252
3778 18.497535
3788 7.159667
3893 204.965363
3909 14.751361
3940 14.860982
3966 32.345737
4010 26.123391
4021 8.506270
4037 15.973450
4060 9.788752
4088 25.588712
4124 15.282917
4172 44.463165
4200 33.135563
4240 36.275428
4260 19.150537
4327 86.956142
4402 55.579259
4497 210.495203
4516 17.582052
4632 135.410589
4653 19.384545
4702 87.001135
4727 27.835078
4742 14.361393
4794 94.073087
4808 13.598093
4824 12.745299
4865 20.818443
4917 70.482509
4951 37.281269
5017 129.779711
5052 25.206760
5072 20.312952
5111 52.528821
5146 43.889655
5195 85.402514
5222 44.842918
5247 15.871425
5270 26.823755
5339 129.690241
5408 141.088284
5464 101.068319
5484 20.744030
5516 16.803165
5537 24.067705
5570 54.284966
5597 28.290450
5637 11.373094
5690 95.950011
5756 63.103942
5807 90.046285
5820 10.574979
5834 7.967677
5853 22.824410
5895 66.332623
5909 10.336174
5980 136.810058
6025 12.752231
6042 10.797573
6079 59.208155
6140 116.044900
6180 65.636254
6228 70.505660
6260 34.806368
6297 48.487711
6414 194.683581
6467 93.152023
6526 60.932879
6571 76.724172
6647 116.869846
6693 69.528569
6727 17.943084
6758 50.615729
6806 78.464862
6889 98.814020
6952 104.232108
6970 16.748565
7033 111.759178
7070 61.939427
7101 32.132693
7142 63.374107
7181 28.960443
7202 23.846810
7242 69.165225
7305 121.477946
7333 28.408330
7367 57.270666
7396 34.568248
7476 143.490498
7562 123.338428
7592 37.660623
7666 113.022070
7681 12.122795
7732 94.656185
7758 24.120646
7798 66.983203
7875 94.842616
7890 14.286212
7949 86.457964
8053 173.737519
8086 56.290957
8123 45.477261
8152 46.961040
8234 108.084048
8262 35.799663
8342 110.621106
8376 55.616019
8430 96.835701
8491 100.768443
8540 83.825524
8653 218.067568
8699 72.933637
8767 105.447386
8817 45.993131
8852 57.790480
8893 66.136853
8930 62.383489
8961 42.696693
9006 19.463345
9107 203.436993
9174 115.137022
9275 127.227217
9312 61.193993
9367 99.096889
9415 88.617467
9473 93.221802
9519 74.766128
9562 72.048399
9634 86.364196
9728 179.861830
9779 78.897987
9829 91.688575
9866 62.232161
9904 61.097502
9963 35.376567
10000 55.712230
10062 119.252721
10082 24.570047
10120 61.687577
10161 68.382924
10186 28.982272
10232 74.476675
10274 71.708252
10328 96.394273
10438 218.230181
10539 184.277911
10573 56.725038
10632 81.237801
10683 91.869604
10754 145.462695
10882 171.518304
10949 138.790562
10989 67.172365
11050 91.169852
11121 142.237764
11158 61.742984
11187 47.923894
11246 109.686909
11354 224.987267
11393 68.405891
11476 163.824678
11519 72.721743
11574 98.814978
11609 54.062925
11668 106.689264
11720 83.398069
11735 11.629386
11780 76.822576
11825 77.419889
11871 79.871123
11955 154.895500
12021 114.226247
12059 62.245166
12104 79.603009
12192 190.185124
12226 56.127129
12306 142.173831
12373 111.945995
12427 95.699136
12493 122.086272
12548 99.379961
12609 115.129023
12662 96.368993
12697 56.412504
12814 240.218825
12897 162.932850
12930 55.032129
12991 111.637319
13059 122.305085
13144 156.455965
13212 125.226398
13300 193.786192
13331 24.324858
13395 113.971266
13445 69.137953
13498 94.282255
13549 91.816390
13636 178.237243
13698 98.236361
13737 64.843326
13799 114.275122
13870 117.617061
13906 60.228386
13937 51.698525
14037 214.832715
14097 108.183604
14129 52.195324
14220 180.876752
14274 97.130839
14368 179.338078
14476 216.620676
14562 142.249094
14668 215.675960
14772 191.997356
14884 162.236255
14953 92.510037
15022 137.680857
15092 143.091743
15142 90.435688
15190 79.855619
15252 103.299227
15333 168.365410
15384 89.219983
15428 75.740057
15487 102.058197
15588 223.662739
15678 164.342130
15751 145.699335
15851 199.839074
15974 242.522385
16005 47.459329
16062 97.688591
16154 209.409845
16253 224.223671
16320 126.601880
16358 62.732667
16401 61.878083
16435 56.455377
16545 228.034761
16586 69.547220
16635 83.668632
16722 159.204421
16807 169.732881
16893 153.000887
16965 136.304004
17121 268.630735
17209 198.134220
17309 214.560028
17346 61.292515
17382 59.348185
17466 180.239056
17565 221.528615
17633 132.470431
17722 171.394262
17840 220.928060
17887 77.281264
17930 72.228936
18024 213.204523
18108 150.931394
18167 106.874530
18272 180.279373
18393 235.414602
18491 202.605061
18586 221.295073
18682 167.774615
18783 221.196969
18884 213.309872
18989 218.906808
19109 234.232071
19229 229.002926
19308 162.386188
19402 180.079115
19537 243.688048
19650 217.294477
19761 232.992635
19832 133.909631
19996 267.216465
20093 184.286481
20225 247.824640
20335 223.198649
20406 145.607009
20513 236.061762
20633 252.793540
20738 226.285565
20834 210.868296
20943 237.853157
21044 230.778728
21146 224.955606
21244 216.197223
21338 201.243703
21433 212.537327
21545 240.115297
21667 233.364526
21704 61.623194
21799 201.494372
21909 227.109963
22007 219.753562
22109 181.811835
22143 41.865391
22257 225.791517
22348 203.120555
22492 259.826674
22590 200.710391
22679 193.129607
22769 203.528830
22868 213.626758
22963 200.289721
23057 203.312514
23128 123.238728
23242 236.098497
23355 222.903701
23455 221.262800
23556 217.157692
23653 213.606717
23739 191.177696
23817 141.473092
23907 188.473807
24014 219.273243
24114 204.519226
24220 217.021886
24308 188.387299
24406 176.272884
24508 216.811190
24606 198.065369
24729 219.128607
24795 103.657910
24892 206.051809
24989 210.717168
25079 185.300224
25197 237.135390
25295 207.229338
25399 207.250561
25515 206.353422
25612 207.287653
25702 194.526654
25797 206.990951
25892 213.685272
25984 202.008926
26077 205.362245
26175 190.739173
26268 207.954213
26367 190.787020
26460 211.564090
26547 190.050497
26640 205.221445
26743 225.126402
26838 191.029347
26921 179.559105
26961 66.511215
27013 92.021783
27107 207.327857
27228 233.007665
27332 218.293404
27418 184.477078
27517 209.959630
27607 199.831956
27695 192.157830
27782 191.836347
27871 178.094602
27984 220.702357
28077 202.630341
28165 189.786012
28265 215.823480
28355 203.075866
28447 205.081979
28540 203.860873
28630 194.800711
28719 187.490813
28809 194.510829
28903 205.546950
28999 208.917454
29113 260.752340
29215 232.622805
29304 198.847542
29405 214.779889
29505 204.792687
29597 203.595157
29692 183.949638
29777 182.804642
29873 201.828341
29969 217.313399
30065 199.602730
30163 211.774332
30250 194.110851
30359 202.183732
30457 197.147032
30542 185.241168
30636 184.001404
30726 189.218439
30832 219.098626
30920 191.465544
31009 192.356923
31097 197.829305
31203 222.136290
31222 20.166494
31321 213.723721
31410 198.345637
31513 196.457946
31613 215.954978
31717 217.031359
31808 205.925294
31900 203.745526
31992 209.157230
32086 209.524388
32177 205.421796
32271 199.383775
32356 175.339665
32459 224.625068
32561 210.831449
32657 201.770356
32748 198.425504
32842 202.428503
32935 208.397065
33024 199.059776
33118 208.213228
33233 219.462514
33322 200.608576
33436 235.895276
33533 220.332488
33625 195.713662
33727 216.703608
33828 201.362095
33924 200.795886
34027 218.819434
34123 209.228840
34223 218.184798
34312 195.365679
34401 196.588599
34500 213.631007
34551 90.522679
34647 200.469356
34734 189.508486
34825 200.010323
34918 207.851268
35018 214.123604
35111 214.343675
35202 191.377415
35288 196.424116
35388 212.108364
35484 212.042633
35581 204.209080
35684 229.108086
35780 210.796055
35874 209.310146
35978 229.591792
36071 208.922405
36188 223.451412
36268 169.094843
36367 230.828854
36458 197.669026
36548 204.692822
36644 212.192112
36742 213.967482
36834 196.119120
36939 225.968716
37032 195.189345
37126 212.774547
37222 216.552233
37325 227.694389
37427 225.557397
37525 223.738418
37615 193.125145
37712 217.086836
37806 207.033658
37904 222.917401
37997 196.929543
38094 206.984587
38197 228.660797
38292 214.976912
38384 210.757265
38480 203.024409
38575 214.012899
38667 204.851593
38768 229.872756
38867 226.998861
38970 227.318110
39062 198.673957
39159 220.714382
39261 207.283688
39359 218.992534
39457 202.297327
39567 227.872319
39667 226.128336
39766 220.935742
39863 220.932846
39980 249.536054
40075 217.140772
40160 191.182928
40267 232.872637
40363 215.051345
40464 234.944744
40563 227.684307
40675 229.041245
40766 204.294154
40863 213.303188
40968 234.979860
41071 233.468296
41195 245.420270
41298 226.897384
41399 223.895334
41506 238.065493
41616 235.547863
41730 239.547371
41832 227.750573
41933 227.947553
42042 247.549972
42145 229.357907
42247 227.133908
42350 234.454779
42455 230.128628
42561 249.912705
42663 226.455028
42763 225.550610
42860 220.541077
42957 219.521104
43053 214.728883
43147 209.533158
43249 229.890701
43349 231.224022
43457 240.415821
43562 241.473481
43667 229.702504
43806 268.899498
43908 236.619870
44005 215.013055
44104 224.106963
44205 223.790492
44313 244.470604
44415 232.621022
44517 229.810454
44618 230.150378
44732 269.984248
44835 227.439315
44930 211.685701
45034 233.499742
45137 234.493310
45256 275.887405
45375 284.280870
45468 212.269122
45575 246.340841
45679 240.334424
45782 236.933424
45898 244.115913
46003 231.975093
46106 238.521933
46208 229.040468
46328 284.391016
46436 243.297925
46557 299.802602
46669 280.748954
46772 225.552001
46898 301.139222
47005 245.720463
47108 236.881151
47217 253.552689
47326 247.051326
47448 312.911647
47563 272.317510
47678 253.496135
47787 241.892166
47901 261.456566
48011 250.010081
48122 262.305441
48232 258.652758
48341 248.116666
48454 253.277730
48564 254.416270
48667 235.429948
48772 239.232685
48877 232.469057
48983 236.926627
49097 251.167933
49216 292.967940
49332 264.799897
49450 284.233841
49572 286.575436
49690 283.577825
49812 295.646603
49926 270.764501
50030 235.497762
50146 292.479500
50288 328.196084
50395 252.172700
50515 276.386529
50634 293.280226
50743 248.136607
50854 253.037679
50977 300.767016
51103 294.863816
51274 357.938759
51385 258.114007
51497 253.123959
51622 316.898484
51743 313.759860
51845 228.455151
51956 262.301816
52017 113.683531
52131 278.572725
52265 329.374869
52368 231.942149
52500 330.168474
52638 339.161690
52764 304.141111
52883 294.856057
53004 294.556606
53132 286.331457
53258 318.442349
53369 251.079598
53493 301.415140
53647 345.822762
53773 307.604480
53885 262.450823
54020 323.751355
54150 309.016666
54273 316.178795
54403 326.950700
54524 301.436096
54650 326.866770
54783 329.685017
54901 291.371231
54951 87.590116
55006 97.929948
55142 337.674209
55274 327.243777
55392 303.429404
55508 284.460018
55625 289.781523
55743 289.669237
55874 336.811611
56010 338.930843
56146 366.124531
56276 316.500172
56408 328.245103
56529 296.367228
56646 283.846718
56778 317.739167
56892 264.330829
57024 332.850695
57142 273.285239
57275 317.643941
57404 336.015836
57528 302.788380
57665 343.700736
57793 326.296066
57925 358.707255
58053 330.323318
58176 305.956178
58308 333.765372
58427 308.623094
58541 281.325396
58667 311.557635
58802 335.427819
58929 310.271339
59062 343.624166
59193 335.128309
59319 324.602745
59451 326.381861
59566 283.104821
59680 281.528847
59810 341.756444
59937 325.339479
60059 316.357973
60173 285.863186
60299 320.878374
60437 344.409123
60559 322.539018
60685 313.151940
60816 321.587922
60942 318.517411
61062 307.686621
61192 332.397341
61321 321.403761
61456 341.338816
61577 315.291999
61708 346.144929
61831 314.527281
61963 351.351312
62086 325.985432
62223 350.127031
62350 331.270736
62479 340.152768
62602 317.605059
62734 347.662573
62859 316.723634
62981 317.239920
63102 297.711135
63232 332.534171
63361 327.315358
63493 349.224048
63619 341.971650
63748 336.721583
63882 332.593872
63996 277.583577
64110 280.703134
64240 345.398806
64357 295.772491
64485 335.903872
64615 322.107795
64742 329.369190
64871 336.494454
64991 308.241379
65123 317.427598
65257 327.445425
65391 339.570320
65523 341.658126
65659 328.232137
65788 324.196325
65924 367.530243
66059 364.714274
66196 355.410132
66325 335.505092
66458 332.331760
66595 360.741084
66733 346.930364
66869 351.978436
66990 316.917309
67124 323.545683
67256 331.666119
67388 358.807828
67520 362.189652
67654 348.398994
67784 353.343774
67908 334.987321
68045 352.511259
68177 343.632305
68308 358.322777
68440 348.238433
68567 330.671225
68701 351.775684
68836 339.839946
68967 351.999457
69088 318.272319
69210 320.060442
69341 345.504050
69474 334.587334
69593 316.401937
69730 368.212051
69866 365.418648
70001 355.450751
70144 385.336538
70274 346.427825
70406 352.816731
70542 343.258279
70678 368.993737
70823 392.595362
70949 331.251489
71084 371.147455
71214 347.456128
71349 348.352948
71484 354.946357
71616 346.369055
71760 378.276022
71898 357.637487
72032 358.263449
72171 380.910052
72308 359.437341
72447 373.369180
72583 363.919227
72719 343.501904
72850 351.878253
72989 380.109853
73123 349.497669
73261 372.741276
73395 356.396749
73532 375.669890
73665 354.881419
73802 379.931333
73942 397.928851
74077 356.181005
74213 370.735206
74353 391.200309
74491 382.178743
74628 358.562093
74767 364.298437
74904 375.071825
75041 372.358137
75187 400.566665
75322 360.678963
75451 366.944160
75594 389.882156
75736 391.861146
75879 382.892352
76017 380.455431
76156 389.958233
76291 364.316868
76431 378.777219
76573 388.876213
76710 388.925977
76848 367.831825
76989 388.949659
77122 359.787227
77252 349.735093
77392 388.780058
77528 365.148759
77667 377.996997
77812 403.881711
77945 362.011173
78091 413.741453
78230 376.596174
78375 396.440861
78506 342.408701
78648 384.954048
78790 393.621155
78926 363.633741
79069 390.262216
79216 401.197158
79353 371.259539
79488 379.628955
79632 373.267439
79767 372.339336
79906 378.779232
80046 392.381223
80177 344.776100
80313 355.735789
80453 387.213838
80601 397.632499
80740 374.919861
80887 401.614967
81026 394.629890
81168 389.137649
81308 385.253640
81445 365.569014
81584 382.808117
81720 372.360298
81856 371.068794
81989 362.620383
82130 382.756591
82264 352.636279
82405 393.167217
82551 399.856263
82690 387.841208
82833 387.665054
82970 368.548835
83118 406.728229
83261 396.870818
83400 379.590883
83543 366.771825
83681 382.906607
83823 389.541737
83957 360.528720
84100 393.741460
84241 384.297651
84382 383.956275
84525 389.002798
84661 364.156253
84809 413.411081
84954 395.451742
85097 387.155921
85243 412.929949
85374 340.705191
85514 391.722353
85653 381.986364
85794 380.620537
85935 383.389179
86069 369.218441
86211 383.567654
86353 384.530529
86495 395.501973
86633 379.979437
86776 392.596115
86909 353.479846
87053 404.245394
87194 393.505489
87333 367.313803
87476 388.047970
87617 400.584367
87765 401.199408
87904 384.258311
88034 349.829415
88178 401.870221
88321 401.263263
88466 397.203393
88611 402.050709
88746 360.687506
88890 394.848805
89028 373.364700
89168 380.865894
89318 417.827439
89451 372.287704
89594 377.355729
89737 396.808024
89882 391.999324
90019 378.648360
90161 378.805219
90297 374.145310
90441 383.724810
90617 524.673685
90758 362.202046
90897 354.567369
91057 447.500877
91198 379.782850
91344 396.521645
91487 375.830020
91626 372.109528
91776 405.442502
91919 384.228172
92062 393.669016
92209 392.006443
92356 395.249680
92512 418.564490
92660 411.214124
92800 384.854320
92949 402.365348
93093 405.982130
93235 400.523484
93376 391.017236
93522 406.681153
93668 393.362064
93803 367.020657
93942 379.111969
94076 367.169703
94224 402.266899
94414 548.977132
94554 368.892223
94702 414.755809
94869 463.928426
95012 379.311793
95157 388.360750
95308 407.070734
95444 365.820865
95605 453.975358
95746 377.268420
95895 406.592853
96058 459.889761
96202 396.034577
96238 60.517156
96378 381.227024
96523 403.603807
96664 382.895778
96819 443.655249
96956 375.192184
97117 464.906009
97276 451.233739
97439 470.226929
97589 411.477819
97730 366.532840
97872 389.712885
98015 388.424106
98155 382.500868
98332 514.860045
98477 393.119835
98640 468.318261
98799 448.379401
98944 399.300899
99095 412.942397
99255 451.706049
99402 397.393704
99585 537.264081
99744 448.007290
99884 375.610322
100032 399.284239
100193 474.038070
100344 423.362819
100489 393.552526
100638 405.776468
100784 390.578961
100946 479.994734
101109 457.884311
101257 398.963601
101413 436.473426
101561 411.082816
101736 506.038420
101911 496.363957
102067 440.419943
102244 514.228672
102384 379.648314
102544 461.260576
102689 405.622712
102837 407.181357
102984 384.137913
103126 393.838372
103159 53.344277
103302 392.215254
103472 498.098840
103629 449.460589
103792 468.744072
103988 564.202798
104144 450.104247
104209 127.484057
104374 470.327435
104529 428.969687
104715 538.052477
104860 397.021477
105030 474.578698
105217 540.500173
105376 439.076189
105544 472.568135
105734 562.581742
105912 518.572758
106076 463.319032
106224 401.954564
106397 507.541532
106564 449.245373
106744 524.556443
106912 487.710502
107060 396.196544
107244 536.821587
107403 448.977853
107592 556.465984
107790 594.726140
107971 548.714219
108132 464.645427
108329 567.127667
108515 547.674284
108724 622.206551
108898 499.526294
109079 524.280179
109238 438.449557
109422 547.812245
109586 463.190997
109746 462.029686
109931 562.541324
110132 614.044797
110328 573.872647
110488 458.843458
110677 569.085187
110858 538.390656
111019 465.212080
111173 438.629614
111323 408.730146
111531 624.139360
111708 518.546846
111892 533.427501
112084 563.525851
112281 588.775620
112440 434.417187
112622 541.997465
112791 483.969742
112957 479.271644
113141 538.946539
113351 636.922617
113545 596.784001
113740 585.096329
113915 503.530803
114094 536.510885
114274 495.031351
114457 529.782866
114638 537.158881
114849 675.048474
115043 579.123053
115209 428.646762
115418 625.065812
115625 621.787535
115788 464.436563
115959 496.561841
116145 549.468754
116332 558.257588
116521 565.157569
116716 601.188666
116902 541.583538
117107 630.290518
117318 651.984492
117519 614.308079
117725 617.602140
117934 640.999918
118118 547.942849
118302 550.767886
118465 439.707268
118667 608.469938
118864 588.294595
119066 603.529638
119274 623.625742
119471 580.973786
119672 610.041699
119877 598.277843
120095 669.204972
120279 525.355516
120482 636.029606
120681 596.737860
120897 662.971494
121104 627.726918
121302 572.389814
121511 642.713900
121701 554.749532
121913 631.099357
122112 600.041579
122326 647.550563
122536 625.969991
122753 648.826133
122972 666.481007
123183 628.841721
123400 637.050773
123608 632.643262
123799 535.235079
124020 672.157352
124231 629.396059
124486 803.446924
124700 640.861849
124899 603.036793
125152 803.586436
125383 716.955370
125589 610.550547
125819 699.987457
126029 636.755924
126234 609.045054
126438 597.005033
126649 615.857636
126865 647.096239
127105 754.892728
127311 618.662722
127502 567.755869
127722 655.295633
127920 568.286076
128135 639.857652
128378 746.009302
128635 808.769875
128834 583.706401
129042 606.862005
129249 622.583873
129453 601.110492
129660 609.315343
129873 637.065056
130076 587.018802
130282 615.844223
130529 806.943318
130740 619.857806
130945 626.288088
131208 845.109788
131475 840.432373
131669 575.092971
131876 614.818866
132114 740.150739
132364 791.900181
132600 737.942191
132864 810.718872
133067 616.351490
133274 616.469602
133491 659.266392
133701 633.652650
133901 597.345282
134118 666.354260
134341 692.804135
134551 621.488698
134758 642.016154
134966 622.395447
135171 624.131515
135362 537.997860
135566 589.496783
135769 560.608383
135979 627.938322
136183 604.798362
136429 754.012295
136637 643.731559
136842 593.679354
137031 551.211960
137234 596.024918
137443 615.202578
137703 824.718460
137911 618.117162
138108 598.927610
138375 835.339138
138574 596.362444
138796 703.071741
139001 605.138379
139273 847.038937
139479 623.954414
139747 834.756759
140000 828.333995
140213 628.026834
140461 785.054248
140724 815.032503
140957 714.811697
141218 793.926306
141484 874.436940
141694 640.334441
141728 58.032453
142002 815.684303
142215 634.955728
142483 831.025353
142512 48.445601
142766 823.423587
143022 808.673221
143289 839.660698
143553 821.290225
143799 757.807349
144002 606.157289
144144 353.773896
144420 845.286188
144682 840.444323
144926 786.010412
145197 846.595681
145405 587.815387
145688 874.193182
145909 667.996701
146180 791.451303
146446 829.071205
146667 659.892083
146877 615.231449
147101 727.884858
147353 814.315819
147618 809.821278
147900 864.313188
147931 51.371965
148179 786.217450
148389 601.260619
148668 867.727184
148919 789.146582
149206 873.587927
149460 797.054446
149668 606.288982
149924 819.612042
150193 815.312660
150488 928.192574
150763 822.893559
151043 865.704777
151314 829.260728
151579 805.635249
151784 623.276404
152067 858.354073
152270 613.050032
152304 57.374669
152569 844.123298
152845 873.687223
153126 891.917794
153366 757.666566
153574 647.881686
153774 593.666193
154052 852.203743
154267 648.473334
154520 826.047730
154726 600.278938
154996 809.114299
155232 740.439622
155509 881.963024
155793 879.150158
156029 741.544519
156294 834.877457
156557 851.545648
156768 620.335688
156977 632.463862
157227 809.035123
157503 806.346691
157706 633.108917
157895 589.103951
158100 640.160819
158367 828.796627
158629 825.232485
158679 86.869075
158955 872.371931
159228 842.234242
159486 837.440345
159747 817.814109
160009 829.340542
160271 779.676371
160556 932.945556
160646 194.785113
160920 850.682440
161162 784.381093
161370 633.140485
161581 615.562269
161825 742.003853
162090 838.558975
162358 821.005294
162636 860.136923
162890 830.045188
163121 706.668351
163391 839.061184
163593 610.099568
163879 916.896766
164160 854.161943
164439 851.864800
164724 871.493675
164969 780.469179
165232 843.663739
165487 830.256362
165754 870.491291
166025 817.035024
166299 852.157827
166581 895.358938
166853 854.115124
167157 946.121483
167426 819.040172
167717 912.994721
167986 859.070513
168246 829.335217
168292 78.083698
168562 854.240976
168800 780.415708
168853 93.825933
169133 898.083462
169395 819.467824
169643 782.760133
169924 882.866408
170195 807.844676
170465 844.159815
170740 883.592901
170876 324.890124
171138 837.439609
171382 804.373043
171651 846.014960
171888 773.265591
172153 879.383192
172360 626.660423
172613 847.747203
172840 731.554394
172876 61.643783
173102 612.249689
173133 52.966053
173434 948.519962
173478 76.660073
173740 806.587182
174006 826.562561
174056 86.331406
174327 825.891168
174559 757.390537
174767 624.108719
175043 827.993186
175313 832.035879
175588 832.001671
175859 844.434770
176129 836.420957
176397 839.029547
176665 835.041709
176926 871.662955
177171 826.153931
177446 822.190493
177702 825.084163
177977 845.632309
178264 910.683526
178309 78.751939
178580 830.951828
178855 887.537106
179134 870.493001
179354 676.623152
179631 883.271309
179888 806.854878
180163 832.692048
180431 846.360965
180710 807.912139
180913 600.965792
181181 891.734116
181430 812.132976
181697 891.822498
181959 837.583259
182232 849.399223
182491 782.824061
182767 830.617904
183042 898.621477
183305 781.716651
183580 876.665726
183858 883.252158
184142 841.317578
184410 847.770650
184615 618.265222
184892 869.380473
185149 845.926620
185427 833.943462
185681 828.183889
185951 877.351117
186224 860.022918
186460 776.764904
186732 837.558185
186939 612.817996
187213 865.632693
187460 825.429105
187708 813.645618
187978 794.998939
188242 864.417132
188511 873.972836
188770 845.122622
189003 744.825259
189276 865.038968
189547 899.903153
189781 746.322738
190056 842.155523
190329 889.733569
190603 860.288519
190836 745.420179
191113 875.002628
191390 891.264970
191664 843.899654
191938 836.854120
192166 747.268165
192378 677.886553
192651 867.017284
192891 784.192283
193112 707.462862
193366 865.424171
193614 809.419040
193857 817.547855
194141 906.452687
194364 709.469155
194643 869.476000
194839 590.058443
195049 646.491793
195252 637.130332
195515 829.068582
195799 918.459627
196006 650.912171
196285 934.131608
196560 861.592600
196837 859.964916
197095 860.795376
197304 658.393082
197507 627.822993
197771 888.020079
198013 768.944676
198228 678.778559
198430 640.165551
198712 917.769755
198997 877.554271
199264 897.293685
199470 648.078971
199745 842.770772
200006 821.914771
200296 907.818767
200578 898.569989
200855 869.203231
201145 900.079400
201425 878.014771
201704 881.780876
201986 851.627675
202265 869.461829
202552 931.531137
202833 915.868486
203036 624.630153
203321 932.189924
203605 893.981955
203887 861.878962
203931 76.473300
204162 660.627177
204388 717.666077
204594 632.607882
204861 838.713611
205144 859.253619
205383 780.101693
205657 864.166408
205915 877.859185
206191 877.044661
206401 644.158009
206689 911.955198
206971 923.297409
207252 910.564370
207530 877.477024
207811 905.287828
208103 937.174406
208380 884.125852
208660 903.685107
208938 907.744932
209197 869.838479
209472 820.787811
209774 985.463344
210072 928.170526
210363 959.829198
210643 886.315851
210932 937.889761
211228 925.655822
211503 851.408264
211786 895.194231
212019 743.995468
212265 823.946543
212562 980.977741
212849 943.217085
213182 1077.009172
213470 948.918669
213744 887.241097
214042 956.774311
214091 84.255090
214392 944.079756
214663 923.659202
214881 694.315018
215149 872.721187
215366 700.592722
215627 874.044700
215880 865.771899
216161 910.253865
216413 831.215486
216693 896.942983
216984 944.610955
217190 630.684652
217413 719.426613
217636 726.618190
217907 914.429765
218123 680.347832
218393 908.334303
218617 723.050249
218915 996.327360
219211 956.413638
219495 971.901720
219786 961.804769
220066 928.878005
220378 1009.383410
220604 712.406831
220889 960.343175
221093 651.691067
221378 948.050303
221659 953.982509
221701 72.696638
221943 809.928319
222191 824.678162
222426 775.594662
222672 822.072466
222940 906.969999
223225 947.901776
223510 928.004160
223721 672.285028
224007 962.607310
224247 794.849544
224532 960.023672
224752 693.825339
225036 971.046776
225263 749.451813
225517 876.837115
225740 704.267460
226023 913.569242
226309 888.515205
226597 949.690606
226860 897.808086
227143 907.132721
227348 624.755870
227594 822.473870
227904 1034.520245
228205 968.218613
228489 919.002316
228783 966.912302
229058 951.881466
229327 897.780400
229626 983.896510
229907 937.988529
230127 705.332199
230398 926.196398
230668 936.462999
230959 947.452217
231187 736.301431
231496 1016.509375
231790 919.803824
232103 1038.048889
232417 1044.698744
232685 911.490542
232910 728.619268
233197 941.497782
233493 963.605614
233727 776.058373
234036 1034.735577
234306 918.335334
234586 964.360024
234899 1014.624302
235179 936.531327
235467 933.082275
235769 1005.912128
236011 800.173541
236291 949.587381
236587 956.293350
236832 814.769050
237138 1001.547298
237445 1003.614697
237745 975.556263
238055 1040.778669
238353 979.594204
238667 1034.746546
238966 977.844809
239188 711.428030
239493 988.193460
239710 686.340134
240010 975.552667
240393 1308.835449
240431 66.228936
240670 778.723979
240969 966.185116
241276 963.763960
241568 942.037415
241892 1045.108347
242187 959.124491
242229 72.602338
242526 986.462356
242882 1202.962553
243189 1023.146223
243537 1153.100523
243840 977.383950
244162 1051.786898
244495 1107.346589
244796 1004.011898
245181 1193.016003
245587 1338.134896
245919 1084.003291
246223 969.064098
246556 1042.644311
246823 914.601027
247133 1011.144421
247490 1162.097960
247887 1342.832643
248267 1293.308220
248558 940.835730
248874 1047.201840
249144 921.238215
249442 984.501203
249831 1262.179605
250119 990.542897
250421 980.884129
250674 737.740849
250982 1009.716573
251294 973.739981
251342 83.255323
251637 964.357747
251938 1027.168240
252220 936.674649
252536 1011.023105
252842 1008.643305
253200 1225.581706
253518 1061.232602
253832 1035.239123
254135 999.782983
254194 107.427416
254690 1715.987232
254999 1019.695145
255303 1002.140848
255603 987.820335
255910 1010.499299
256240 1111.997776
256514 946.014532
256784 886.210711
257095 1026.111651
257417 1082.163556
257723 1018.136995
258037 1029.166965
258510 1607.392043
258843 1129.097025
259218 1273.065490
259476 875.881914
259794 1085.851442
260108 977.498877
260509 1342.238863
260945 1476.044110
261356 1322.314332
261747 1234.217974
262156 1398.607983
262551 1298.052626
262919 1245.660301
263331 1437.089010
263736 1364.742430
264138 1278.921515
264508 1190.674284
264867 1108.468465
265279 1395.879070
265620 1154.033870
265928 989.381180
266406 1614.093235
266819 1379.165924
267214 1324.543498
267725 1684.677308
267816 196.682703
268194 1278.085746
268296 223.060460
268801 1758.496408
269107 992.994987
269421 1039.796444
269731 1023.834222
270162 1419.759033
270498 1156.095975
270855 1123.197730
271226 1156.990850
271618 1342.669104
271977 1253.363717
272301 1089.416280
272784 1604.698203
273212 1356.193321
273484 806.578338
273858 1204.460151
274362 1620.055958
274830 1525.593279
275237 1330.035034
275690 1556.275120
276007 1033.813243
276320 1009.924856
277271 3312.197882
277854 1948.560232
278263 1343.595259
278687 1410.448483
279111 1384.519403
279516 1390.611980
279830 1046.717178
280340 1788.629374
280744 1262.473931
281181 1437.697011
281585 1374.047561
282173 1916.162134
282568 1337.716026
283049 1645.377427
283506 1554.430107
283861 1224.706743
284259 1356.225249
285259 3394.028303
285752 1679.609818
286201 1463.367928
286692 1567.618893
287179 1613.567994
287609 1397.567782
287653 76.223156
288014 1119.863090
288430 1324.499987
288914 1532.210502
289914 3176.383358
290914 3111.904494
291282 1099.364462
292063 2683.087479
292463 1297.910452
292876 1408.259344
293568 2314.618827
293618 86.543370
293998 1189.192379
294455 1540.494467
294980 1664.888722
295596 1959.673007
295959 1142.524800
296296 1075.689418
296976 2251.084161
297766 2563.200779
298163 1315.922834
298667 1645.227276
299143 1479.126323
299586 1483.912561
300018 1373.577109
300500 1651.127595
301213 2329.433269
301488 797.410881
302376 2924.411656
302783 1365.695678
303243 1522.405363
303781 1811.357492
304428 2008.922451
304912 1552.126852
305491 1933.511395
305541 86.702278
306304 2500.817139
306730 1422.175846
307306 1951.324292
308075 2546.744449
308929 2835.111453
309929 3171.486416
310497 1943.190998
311497 3069.682374
312497 3383.593347
313049 1849.829676
313920 2982.373549
314366 1452.935878
314736 1173.591915
315272 1783.956533
315328 100.294197
315840 1561.952187
316523 2321.895463
317347 2597.588531
317480 282.336732
318123 2182.043841
318255 278.903590
319255 3175.486512
319386 279.515970
319519 283.540197
320367 2807.500932
321059 2282.309851
321754 2179.211504
321884 270.584789
322608 2298.027213
322655 82.031579
323302 2161.910333
324302 3114.727360
324434 278.810048
325312 2916.436275
326312 3388.357812
327199 2984.286304
328129 3064.950079
328962 2850.791788
329499 1721.980258
329630 282.534677
329754 258.975402
330519 2679.329757
331170 2283.131404
331667 1665.879854
332667 3122.761655
333471 2706.530030
333516 78.684061
334516 3335.537319
335516 3090.379657
336485 3312.913123
336983 1642.432335
337983 3261.089990
338843 2875.444709
339843 3292.620614
339970 266.908847
340970 3344.579767
341681 2235.498685
342499 2702.850507
343324 2757.161874
343850 1768.722917
344507 2148.452462
345507 3232.965421
346311 2731.432895
347311 3069.393852
348311 3223.698697
349311 3033.431093
350292 3276.405712
351292 3050.988615
351420 260.014245
352420 3194.499040
353420 2998.464708
354420 3089.072161
355420 3227.494218
355545 251.648128
355676 275.702232
356676 3091.435277
357676 3107.482868
358676 3199.302686
359676 3039.965642
360676 3131.469471
360808 278.431984
361808 3229.630096
362808 3085.451517
363808 3235.228167
363854 79.626225
364854 3239.566491
365854 3298.317338
366654 2643.522554
366786 284.168147
367786 3480.712956
368786 3257.404469
369786 3306.438287
370786 3262.335491
371396 2091.617692
372396 3229.762383
373043 2191.525278
374016 3221.596031
374624 2022.878688
375624 3309.315103
375674 87.389530
376238 1844.148276
377138 3030.047750
378138 3177.418898
379138 3355.687421
379775 2154.122754
380745 3343.208234
381645 2985.169080
382304 2131.617939
382755 1521.276829
383382 2104.962221
384382 3354.978077
385087 2471.785125
385616 1831.666836
386052 1485.549192
386686 2196.508551
387216 1793.307467
387272 100.150483
388272 3318.482971
389051 2722.501212
389677 2188.544962
390351 2379.832313
390969 2142.525640
391478 1757.568047
391850 1260.506229
392830 3398.818249
393830 3412.765639
394830 3384.745335
395830 3379.646608
396830 3407.928024
397368 1855.559094
397428 108.268661
398057 2164.345758
398729 2332.391661
399354 2172.777897
400354 3375.337227
401354 3364.459922
402053 2417.179136
402577 1870.272544
403030 1530.545893
403494 1589.150992
404494 3345.722315
405111 2031.281818
405176 118.850576
406176 3266.514419
407176 3394.211838
407801 2177.411338
408791 3286.141242
409447 2250.463512
410048 2080.049877
410671 2108.298499
411671 3328.326882
412432 2609.204023
413432 3320.760321
414432 3262.554497
414970 1882.283707
415503 1710.192656
416503 3274.205244
417503 3243.886546
417963 1571.667018
418547 1997.040978
419244 2384.502614
419745 1668.716650
420690 3287.302689
421388 2402.755391
422388 3271.657167
423388 3415.469779
424388 3271.120842
424983 2037.469724
425983 3328.934118
426983 3343.582177
427714 2528.836131
428268 1906.910737
429268 3353.241698
429913 2124.981650
430843 3105.188225
431371 1802.354314
432371 3327.203126
433326 3301.648349
433845 1746.827258
434443 2116.845294
434883 1444.393204
435045 425.251531
435957 3210.283033
436411 1524.813262
436798 1197.926267
437517 2492.545944
438517 3308.912035
439286 2632.471756
439926 2108.021430
440365 1500.926721
440900 1812.413393
441034 314.264256
442034 3390.022887
443034 3244.977668
443616 1960.643312
443676 107.360202
444676 3314.867474
444767 186.502126
445707 3181.650404
446675 3299.651335
446739 117.128994
447320 1842.388171
447383 114.375970
448383 3184.905263
449088 2302.338857
449397 851.671866
449796 1170.665680
450312 1743.077725
450756 1460.963118
451756 3311.988315
452305 1853.896390
452777 1626.052401
453524 2563.429697
453969 1439.801258
454969 3271.376166
455560 1872.904332
455965 1176.493394
456965 3366.439941
457491 1696.088850
457703 576.465252
458703 3319.348911
459425 2428.357986
460066 2201.384236
460619 1826.765410
461619 3215.322674
462156 1870.434108
463156 3319.320714
463474 916.702519
464115 2098.950906
464256 347.938293
464344 174.978881
465118 2654.624764
466026 3038.316069
466496 1513.544434
467496 3272.858338
468496 3296.956446
469090 1859.920973
469594 1669.025072
470022 1340.716052
470688 2248.739625
471003 875.373048
472003 3163.985532
473003 3191.822348
474003 3208.862806
474327 902.412642
475327 3269.585498
475767 1394.469679
476230 1447.295110
476891 2102.377338
477311 1205.060818
477625 867.323030
477839 528.514066
477899 108.945989
478471 1683.107286
479471 3220.190425
480070 1851.151787
480492 1253.182148
480813 917.554808
481314 1664.180621
482314 3210.030448
483314 3345.757175
483989 2021.724165
484953 3140.576265
485559 1889.909843
485964 1143.213792
486100 309.282307
486412 855.654386
486719 871.395781
487126 1149.370678
487592 1459.859446
488112 1749.469822
489112 3271.639677
489250 339.236892
489336 170.133536
489890 1756.072980
490033 360.352765
491033 3411.179036
491765 2442.938335
492354 1753.562529
493354 3338.592847
493662 850.474888
494073 1163.246664
494382 828.116673
494695 881.888322
495092 1112.973617
495558 1558.391105
496404 2648.140549
497379 3250.540789
498300 3168.085787
498610 850.890715
499020 1203.840316
499522 1483.932603
500522 3167.600462
500835 866.291035
501148 858.401544
502083 3073.566247
503083 3340.856772
504083 3258.740785
504725 2109.148633
505317 1824.999916
505735 1275.034673
505796 109.290751
506520 2349.372893
506968 1449.203465
507454 1475.184983
508454 3172.553729
509164 2379.130238
509741 1727.265851
510176 1371.698145
510605 1359.218818
510922 884.798699
511238 880.559218
511654 1275.497862
511968 882.386190
512557 1992.833736
512869 861.814619
513282 1253.797865
513805 1711.718222
514319 1632.718024
514723 1259.438252
515126 1183.396995
515646 1817.715450
516316 2160.848714
516629 863.426309
517603 3420.768597
518109 1567.304505
519024 3242.370029
519337 866.198152
519808 1531.515542
520208 1217.973955
521011 2788.892884
521380 1096.547258
521827 1436.206736
522354 1844.011618
522827 1436.683888
523137 864.247634
523662 1676.985755
524329 2337.193667
524460 294.031765
524765 843.412906
524975 558.809763
525291 906.316209
525765 1543.085160
526080 873.115632
526566 1633.216330
527052 1434.672841
527847 2548.045084
528053 491.476663
528544 1487.995989
529107 1833.286360
529711 1840.356690
530014 815.175319
530475 1500.883311
530896 1200.036753
531101 503.579068
531712 1817.164527
531894 520.721070
532203 845.261986
532674 1632.448629
533267 2041.040571
533579 867.753068
534085 1572.161837
534590 1516.202938
535472 2754.163960
535679 508.515416
536250 1788.616392
536829 1719.271166
537501 2117.009870
538501 3499.998882
538766 874.215395
539075 876.772060
539815 2517.840567
540072 842.972945
540606 1857.413625
540735 290.766974
541358 2098.923182
541646 832.847029
542045 1229.687411
542423 1275.874458
542939 1673.155047
543411 1528.961956
544054 2123.480156
544538 1604.771642
544842 847.726609
545434 1946.568781
545793 1161.601763
546102 891.053729
547004 3103.592295
547441 1350.972274
548002 1925.105898
548309 914.150155
548765 1538.966134
549364 1967.820759
549943 2051.130984
550213 856.330421
550590 1153.273378
551590 3352.130787
552194 2100.042590
552396 527.388431
553396 3358.937582
554043 2178.165723
554249 487.541192
554920 2405.527735
555681 2600.072551
556681 3177.322997
557318 2110.389116
557682 1241.820669
558071 1352.488621
558353 935.065555
558893 1798.552269
559644 2725.482607
559776 303.338142
560389 2106.357769
560785 1327.421183
561230 1525.575885
561660 1443.316829
562523 3017.241422
563114 2053.950115
563646 1861.185124
564036 1291.520329
564670 2178.456760
565195 1770.774023
565722 1864.984504
566327 2096.795599
566788 1554.616628
567360 1938.776235
568240 3194.156567
568677 1446.257731
569262 2103.623713
570262 3496.506119
570704 1498.858775
571223 1785.550365
571933 2537.953061
572377 1538.817140
572941 1938.361393
573378 1481.562499
573718 1142.437369
574423 2501.628841
574958 1892.392153
575399 1520.926690
575844 1553.699700
576844 3452.010199
577288 1575.836242
577733 1570.065726
578158 1479.813004
578818 2319.670335
579490 2454.767567
579896 1366.603962
579979 155.361093
580758 2759.178221
581758 3581.746070
582271 1741.416544
582615 1156.646703
582966 1197.186830
583457 1730.100220
583539 157.203848
583967 1421.813999
584967 3541.199422
585659 2465.113529
586071 1404.560941
586578 1773.054501
587018 1510.390260
587281 787.708111
587701 1421.255955
588229 1826.697074
588837 2149.095051
589624 2832.265132
590067 1521.793357
590965 3175.189952
591554 2047.588366
592054 1769.321795
592572 1790.123587
593057 1622.865099
593483 1487.507241
593614 291.134993
594206 2068.506855
594719 1781.821590
595413 2367.663344
595946 1878.110673
596462 1735.578199
596895 1444.838416
597615 2543.502255
598107 1691.399623
598536 1469.775826
599536 3392.098274
600037 1719.353795
600235 453.072571
600573 1130.132090
601427 3038.774500
602062 2204.731306
602560 1726.776850
602997 1457.061903
603997 3386.071650
604987 3474.993455
605544 1949.258354
606101 1940.805285
606704 2047.780321
607542 2932.964617
607991 1511.901883
608991 3358.529168
609519 1822.020663
610186 2309.147618
610830 2174.981923
611830 3448.759056
612830 3426.258985
613306 1586.731594
613515 519.247524
614515 3449.922441
615515 3391.055861
616515 3355.178527
617437 3329.008211
618191 2609.404599
619191 3341.445169
619666 1637.346107
620666 3438.849791
621355 2395.155744
622355 3402.033331
623086 2532.036754
623966 3094.434738
624623 2253.903619
625623 3485.587502
626304 2233.768430
626925 2059.767174
627086 446.853124
627500 1410.557163
628340 2916.918887
628895 1914.541999
629592 2481.383494
630521 3391.557000
631340 2947.750352
631928 2042.765135
632343 1407.650875
633034 2415.042345
633552 1730.439895
634552 3483.775418
635552 3486.844751
635813 828.513970
636311 1727.914260
636885 2015.441398
637497 2226.960026
638103 2101.516355
638839 2591.488686
639507 2305.648123
640271 2723.686945
640820 1857.095749
641573 2585.156773
642333 2717.956903
642866 1864.758008
643231 1173.065614
643502 829.758033
643702 471.335836
644101 1393.600837
644543 1522.306488
645157 2154.854444
645674 1860.204055
646439 2769.122868
646710 799.845399
647653 3353.799863
647857 505.416061
648068 527.598865
648601 1835.192343
649001 1307.022595
649855 3030.256235
650283 1450.793026
650868 2009.916932
651383 1781.117700
651594 520.593602
651870 821.358695
652870 3439.759532
653521 2311.267198
654521 3513.603733
654954 1567.680755
655364 1356.987095
656009 2238.660639
656547 1883.810274
657058 1785.780509
657264 515.946373
657636 1212.706758
658152 1833.438988
659023 3147.044441
660023 3491.194624
660795 2582.462821
661795 3383.007032
662286 1707.153546
662641 1175.548451
663420 2668.136970
664276 3112.578615
664634 1123.737078
665477 2942.440822
665904 1468.775600
666904 3465.472980
667904 3511.068942
668904 3441.080787
669556 2324.505292
670556 3474.436241
671435 3100.750984
672435 3463.806304
673435 3491.002728
674283 3067.587366
674793 1765.939051
675416 2181.780777
676416 3482.929520
676631 666.647221
677631 3489.962498
678631 3530.533500
679302 2326.274376
680194 3188.248445
680721 1845.087443
681721 3478.988216
682721 3443.896172
683721 3472.526456
684721 3490.946202
684893 491.040639
685295 1319.752213
685840 1877.680608
686840 3585.071016
687285 1544.434203
687682 1328.748272
688427 2684.990426
689427 3457.376881
690427 3397.385970
691427 3410.557080
691601 503.483598
691746 371.218212
692632 3089.285796
692839 645.096612
693839 3545.140002
694236 1311.880803
694377 356.315558
694527 392.770087
694736 641.951475
695595 2870.424229
696595 3465.188176
697055 1451.465533
698055 3348.864852
699055 3390.178687
700055 3320.837864
701055 3421.902176
702055 3340.022196
703055 3416.423146
703782 2555.238130
704485 2450.167892
704753 782.107245
705753 3557.090821
706648 3157.360615
707323 2371.455949
707921 2076.611738
708774 3057.055562
709375 2105.001295
709909 1868.978573
710621 2504.430902
711119 1699.777205
712119 3475.046353
713119 3470.757679
713546 1448.646163
714546 3456.084892
714945 1309.082031
715314 1187.880958
715670 1120.357372
716670 3393.259259
717399 2571.648019
718399 3429.322724
719023 2161.351352
719552 1819.345234
720552 3444.660114
720736 536.368212
721736 3459.660067
722237 1708.366727
723237 3475.665750
724237 3558.249451
724857 2128.122539
725395 1954.380003
725849 1505.063462
726849 3471.175503
727849 3521.539761
728849 3559.575219
729849 3478.723502
730849 3446.051767
731849 3462.997153
732849 3475.156188
733849 3428.600109
734849 3500.715303
735849 3450.422397
736849 3468.549383
737849 3467.953036
738849 3516.891624
739849 3517.558971
740849 3466.443883
741849 3500.515489
742849 3601.798420
743849 3521.901431
744582 2629.831476
745377 2827.922192
746377 3563.458231
747377 3483.262069
747671 1011.489705
748473 2664.465763
749473 3383.391389
750473 3336.911685
751473 3388.301973
752473 3432.994195
752841 1130.156153
753353 1712.073735
753624 777.656242
754342 2412.253585
755342 3351.595646
756342 3390.723982
757342 3380.806692
758342 3383.427168
759245 3067.878485
760245 3451.345630
761245 3333.619158
762245 3309.341322
763245 3324.457133
764245 3299.843865
765245 3328.814582
766245 3298.685198
767245 3372.683853
768245 3337.671277
769245 3236.201935
770245 3442.859083
771245 3467.542160
772245 3429.938982
773245 3418.497007
773724 1499.796548
774724 3373.153899
774910 491.746439
775910 3369.817575
776910 3303.211333
777910 3384.702515
778910 3499.410129
779910 3515.810063
780910 3493.830744
781548 2233.058470
781998 1460.899585
782360 1137.617567
783360 3335.260838
784360 3533.091811
785360 3531.938902
785454 178.099186
785547 176.195271
786547 3563.834110
786731 478.832823
787729 3529.135446
788729 3459.767626
789729 3536.194478
790729 3483.435608
791361 2264.788374
792361 3406.190292
793361 3458.845439
793993 2161.199183
794993 3471.417486
795993 3494.590924
796993 3567.641538
797993 3470.094471
798993 3508.206470
799993 3558.511948
800993 3476.739884
801993 3523.942926
802993 3460.316036
803490 1725.341134
804490 3438.503067
805064 1964.614028
806064 3503.656268
806705 2202.456563
807705 3495.710660
807920 667.703300
808821 3172.049260
809821 3550.704605
810821 3541.381048
811821 3526.863295
812821 3549.500082
813821 3567.365199
814821 3508.749874
815821 3534.202467
816821 3488.869557
817821 3546.992984
818821 3478.824794
819386 1979.238952
819774 1231.222269
820529 2663.266907
821037 1758.901894
821726 2394.917646
822108 1326.376821
823108 3450.171961
823763 2274.434714
824263 1710.701659
825073 2874.790020
826073 3482.489532
826912 2979.420987
827576 2326.210686
827911 1118.125519
828277 1243.963521
828969 2464.819548
829309 1160.222856
829696 1346.737568
830204 1761.792600
830934 2539.877786
831294 1225.728748
831681 1294.606279
832081 1353.859645
832418 1123.107390
832905 1687.032358
833123 633.176714
833541 1414.902933
833880 1105.667405
834203 1062.453307
834571 1254.883958
835045 1659.608186
835286 766.135117
835617 1101.379198
835970 1192.845932
836302 1100.424644
836676 1292.357414
837497 2936.582824
837893 1362.659349
838228 1093.425441
838553 1087.713629
838957 1338.171131
839356 1387.109483
839672 1034.913408
840024 1196.518398
840733 2526.924054
841559 2947.623360
842137 2012.374651
843065 3298.426015
843641 1997.018721
844201 1982.482581
845201 3469.641600
845676 1687.906218
846676 3495.281224
847676 3459.538525
848462 2747.397158
849462 3484.560154
850462 3463.906049
851462 3463.234452
852462 3519.566512
853462 3480.659319
854462 3490.186247
855462 3520.822924
856462 3514.127383
857462 3563.095111
858462 3499.156664
859462 3449.895828
860300 2925.818132
860864 1915.384696
861864 3478.676247
862864 3508.350397
863864 3485.283949
864864 3532.628960
865864 3520.206601
866864 3501.322853
867135 817.435873
868135 3528.602590
868771 2128.817748
869771 3484.913601
870507 2513.351280
870782 804.019633
871782 3522.094221
872782 3475.241015
873782 3453.997083
874782 3475.436313
875782 3430.569516
876615 2990.118604
877477 3025.591718
878477 3504.104304
879477 3547.357358
879872 1322.317581
880872 3491.281555
881625 2559.301767
882293 2277.689002
883293 3521.407628
884293 3480.584425
885125 2862.458114
886125 3500.546468
887125 3398.244724
888125 3401.524460
889125 3430.578211
889477 1108.711607
890477 3465.631114
891477 3411.847535
892477 3494.481813
893367 3097.267689
894367 3474.885950
894726 1113.314382
895561 2958.739235
896015 1477.795612
897015 3413.780755
898015 3478.290159
899015 3469.099684
899790 2749.308228
900790 3470.461622
901274 1595.516211
901683 1370.496583
902683 3431.724493
903683 3437.893049
904683 3472.323698
905337 2233.752625
905660 988.739463
906660 3490.464912
907660 3499.075231
908660 3493.535539
909375 2409.205112
910375 3516.663393
910905 1717.775804
911833 3335.968733
912833 3522.807041
913110 828.388723
913463 1126.381402
914463 3475.245042
915463 3446.237513
916279 2910.245270
916983 2455.708536
917983 3485.558228
918983 3517.234755
919210 649.737841
920210 3528.450985
921177 3412.027773
921505 1093.716047
922505 3444.787590
922866 1224.108607
922996 291.966313
923996 3497.572934
924526 1820.512895
925526 3470.723179
926352 2909.534816
927352 3469.627930
928352 3507.290323
929076 2493.301579
930076 3473.258550
931076 3504.112890
931526 1477.151367
932115 1994.513700
933115 3499.163409
933964 2992.275226
934964 3487.884788
935964 3446.562391
936964 3417.784338
937964 3497.698552
938724 2689.023317
939724 3448.341161
940437 2394.191032
941437 3506.181655
942437 3475.429083
942771 1125.713040
943437 2292.753210
943798 1161.291056
943912 247.778519
944912 3408.684881
945317 1412.874615
946317 3487.751583
946801 1595.126355
947484 2394.849744
947761 827.841830
948761 3519.205854
949213 1462.700295
950213 3407.132421
950761 1853.213917
951197 1452.381852
951571 1211.024569
951681 232.939518
952681 3509.263920
953681 3445.021811
954221 1855.029112
955221 3531.488278
956221 3484.984383
957221 3492.550931
958221 3478.532160
959221 3476.935098
960221 3464.741966
961221 3496.815912
962221 3470.285373
963221 3474.009597
964221 3476.436479
965205 3402.747320
966205 3481.802742
967205 3515.834987
967928 2587.800616
968560 2122.465989
968823 774.644823
969823 3442.917843
970823 3470.721795
971310 1685.695502
972310 3489.244957
972931 2069.923836
973931 3486.274301
974931 3503.908953
975284 1109.809362
976243 3383.998005
977243 3466.226381
978243 3520.784227
978448 530.605720
979445 3507.513213
980313 3030.183854
981313 3560.823222
981592 825.515650
981808 542.106475
982808 3492.198675
983808 3403.937553
984808 3527.125152
985808 3532.532309
986808 3454.196140
987808 3405.354618
988808 3521.961565
989808 3408.640600
990808 3446.006694
991808 3543.400197
992797 3447.854017
992927 261.910369
993757 2839.505963
994296 1792.480604
994967 2221.513784
995356 1321.597772
996356 3482.690633
997356 3462.781059
998299 3232.742694
999182 3030.996171
1000182 3497.393107
1001028 2844.805054
1002028 3388.463583
1002430 1362.481032
1003430 3440.069365
1004430 3500.468194
1005430 3501.997768
1006430 3494.697195
1007244 2681.255430
1008244 3521.281500
1009244 3374.663434
1009657 1372.707373
1010657 3333.994918
1011657 3492.644980
1012323 2351.632756
1013323 3382.833671
1014072 2592.149509
1014200 254.779652
1015200 3432.255629
1015327 249.259786
1015803 1635.083883
1016803 3405.280052
1017803 3377.427072
1018249 1322.510554
1019249 3408.003418
1019863 2075.111656
1020107 583.118368
1020947 2852.529465
1021074 252.067696
1022005 3176.067635
1022998 3499.161942
1023884 3162.801185
1024884 3356.172741
1025770 3195.590379
1026166 1357.244346
1026395 666.217371
1026731 1109.180995
1027731 3481.846393
1028731 3477.701448
1029731 3507.258026
1030232 1715.049446
1030626 1363.477547
1031002 1291.446855
1031388 1335.251749
1031842 1456.181212
1032261 1392.604814
1033261 3490.131319
1033550 803.357376
1034550 3523.672143
1035550 3352.722952
1036550 3448.180716
1036793 601.156974
1037793 3485.501722
1038793 3493.884163
1039288 1605.337354
1039673 1312.248928
1040200 1670.108348
1041200 3463.716763
1042200 3422.712264
1043200 3451.449543
1044200 3481.365423
1044561 1229.584720
1044690 259.001743
1045628 3337.013454
1046628 3443.138474
1047133 1743.372588
1048113 3547.370970
1048570 1622.177207
1049570 3346.839795
1050570 3473.518018
1051570 3451.364931
1052075 1662.928046
1053075 3489.858568
1053487 1236.945105
1054342 2870.191933
1055342 3496.394021
1055748 1385.033207
1056748 3362.732011
1057613 3034.279938
1057741 253.910250
1058741 3466.745946
1059669 3167.132665
1060669 3392.987515
1061669 3493.118376
1062669 3416.907306
1063669 3471.332559
1064385 2508.771527
1064851 1693.901776
1065246 1376.035504
1066246 3428.550187
1067246 3403.936232
1068246 3456.472650
1068911 2315.161977
1069441 1851.238403
1069775 1071.122546
1070673 3088.764946
1071673 3511.882517
1072089 1354.206153
1073089 3402.626516
1073218 254.875115
1073628 1212.730092
1074628 3358.768250
1075362 2540.919895
1076362 3382.891915
1076598 595.415813
1077012 1395.519995
1077343 1099.130146
1078343 3484.126660
1078729 1296.020429
1079130 1350.068582
1080130 3363.809421
1080644 1761.743657
1081644 3470.761016
1082644 3497.583936
1083644 3375.174724
1084063 1406.352011
1085020 3378.283917
1085149 258.701942
1086149 3397.755237
1086522 1304.620359
1087522 3395.995538
1087652 263.595838
1088108 1518.291454
1089108 3471.185210
1089487 1307.813135
1090487 3445.221816
1091487 3439.052969
1092258 2666.332215
1092652 1317.937203
1093652 3446.396060
1094056 1367.775134
1095056 3347.982547
1095917 2978.969228
1096699 2750.180323
1097177 1697.507753
1097674 1744.722033
1098674 3492.235134
1098914 597.806510
1099469 1986.605319
1100469 3468.385082
1101469 3300.923696
1102050 1976.703919
1102614 1964.791240
1103007 1335.966702
1103575 2026.016801
1104472 3218.403308
1104918 1483.464179
1105487 2026.384124
1106487 3447.339631
1107487 3504.545192
1108230 2580.201349
1108733 1739.478187
1109306 1989.227491
1109931 2078.927680
1110332 1372.096589
1110814 1696.939576
1111306 1680.011727
1111946 2244.242842
1112785 2949.676394
1113315 1834.067037
1113730 1387.254151
1114214 1705.191578
1115214 3493.233083
1115693 1639.521296
1116260 1967.816196
1117053 2727.571005
1117946 3117.182931
1118649 2505.182231
1119093 1498.810255
1119629 1833.921178
1120087 1531.876371
1121087 3424.061209
1122087 3418.201917
1123087 3446.971574
1124087 3358.472832
1124641 1941.233976
1125641 3437.715566
1126119 1679.105077
1126620 1718.851419
1127620 3430.571280
1128286 2338.715819
1128415 257.591345
1129110 2345.252205
1130110 3400.716096
1131110 3378.371081
1131741 2234.815085
1132219 1663.172662
1133219 3378.757746
1133783 1954.056341
1134608 2879.168792
1135102 1679.393235
1136102 3402.210710
1136972 2946.955610
1137972 3357.522428
1138703 2576.546258
1139703 3400.954684
1140703 3384.903664
1141703 3403.634290
1142403 2347.891724
1142898 1620.861229
1143133 559.664096
1144133 3397.153660
1145133 3450.150934
1145262 263.156245
1146262 3368.067596
1146390 257.205690
1147390 3342.434981
1148184 2725.292086
1148795 2025.882158
1149795 3358.253439
1150400 2055.824856
1151400 3445.401148
1151804 1393.669166
1152804 3366.278566
1153804 3434.785615
1154804 3458.890379
1155804 3461.340810
1156224 1435.865227
1157224 3322.908679
1158224 3325.059690
1158718 1701.750914
1159718 3278.399551
1160718 3419.453348
1161164 1533.099121
1162164 3309.645553
1163164 3407.270084
1164164 3365.062983
1165164 3464.642058
1166164 3407.920409
1166574 1377.131162
1166964 1291.297239
1167964 3425.142955
1168964 3353.212559
1169800 2865.098972
1170800 3375.062933
1171800 3338.241816
1172800 3432.484148
1173494 2425.061153
1173729 581.434240
1173913 472.656493
1174386 1597.341498
1175386 3352.687180
1176386 3334.269930
1177386 3364.455123
1178386 3416.954862
1179386 3413.798042
1180061 2344.404649
1180558 1691.700695
1181485 3236.132148
1182485 3294.923810
1182613 245.712918
1183149 1868.882016
1184149 3361.796480
1185149 3359.848187
1185922 2659.499352
1186475 1904.850301
1187068 1990.396251
1188068 3338.532127
1188635 1928.176041
1189635 3373.363221
1190635 3358.958427
1191047 1353.529665
1191329 833.983498
1191859 1733.549775
1192345 1688.437256
1193345 3331.473136
1193733 1327.111264
1194363 2008.320167
1195196 2890.039723
1195493 836.333610
1196020 1742.052044
1197020 3382.147284
1197149 249.087124
1198149 3451.023790
1198958 2794.975159
1199958 3355.029952
1200553 2027.259876
1201074 1723.351325
1201822 2572.053387
1202405 1961.628870
1202973 1921.091405
1203679 2489.353279
1204165 1636.870250
1205165 3336.676753
1206165 3386.869593
1206723 1876.914921
1207137 1385.314703
1208137 3400.772039
1209137 3340.399201
1210137 3422.526735
1211137 3449.391636
1212137 3318.621130
1212636 1619.751597
1212923 849.244067
1213923 3290.115354
1214419 1605.788658
1214926 1632.259971
1215583 2296.700705
1216057 1658.366210
1217057 3375.943155
1218057 3437.721637
1219057 3453.243095
1219551 1687.214346
1220551 3400.299533
1220946 1325.604740
1221452 1657.644715
1222452 3374.873528
1222909 1586.205974
1223909 3275.291017
1224473 1908.442917
1225473 3411.778861
1226473 3395.945019
1227473 3305.726146
1228383 3175.805452
1229383 3338.715069
1230383 3374.106830
1231383 3383.546070
1232383 3393.837896
1233383 3487.076626
1234383 3345.571889
1235167 2786.495641
1235931 2694.419036
1236301 1263.608160
1236687 1158.554787
1237173 1659.385528
1237836 2290.022193
1238311 1654.324410
1238797 1679.852795
1239262 1610.132928
1239761 1691.750080
1240761 3547.442505
1240887 246.656829
1241887 3485.447148
1242887 3409.357347
1243311 1398.754819
1243763 1566.640726
1244295 1719.765299
1244704 1357.553771
1245191 1540.068009
1245607 1394.384592
1246063 1625.154254
1246890 2761.701341
1247890 3363.134957
1248379 1605.883777
1249379 3489.396181
1250379 3446.242735
1251379 3356.034118
1251959 2009.390301
1252959 3247.320034
1253314 897.558743
1253889 1971.381727
1254276 1098.784200
1254805 1739.498318
1255805 3423.768891
1256037 560.530541
1257037 3398.535753
1257279 577.263954
1258279 3398.982116
1259279 3418.738089
1259405 241.437035
1259530 238.454708
1259968 1517.918893
1260097 253.947881
1260597 1664.303470
1261597 3387.495049
1261878 760.414640
1262427 1714.256501
1262908 1686.874936
1263382 1663.556184
1263992 1970.980734
1264119 255.332670
1264614 1701.940911
1264843 640.758539
1265318 1615.065424
1265786 1629.785386
1266786 3392.428224
1267619 2846.257561
1268176 1919.975713
1268664 1665.515381
1268789 243.217662
1268913 238.731376
1269251 1018.136812
1269775 1732.323694
1270775 3491.770306
1270902 246.556593
1271748 2983.085487
1272209 1579.327368
1273013 2812.106292
1273884 2970.716995
1274384 1792.391927
1274721 980.991284
1275063 1014.519424
1275515 1560.289693
1276384 3052.110785
1276955 1936.360407
1277955 3297.772442
1278955 3410.929409
1279955 3319.986746
1280955 3422.339158
1281955 3292.441329
1282955 3303.522028
1283955 3401.344370
1284571 2148.979169
1284904 961.366018
1285781 2965.646322
1286781 3373.122555
1287258 1643.826316
1287815 1929.100807
1288576 2550.665139
1289502 3162.955831
1290159 2177.063115
1291159 3369.217771
1292142 3387.621156
1292757 2022.991360
1293757 3312.142239
1294624 3078.825358
1295624 3330.225450
1296624 3262.790638
1297624 3402.047557
1298564 3220.054967
1299018 1539.312654
1299606 1977.578365
1300222 2103.520235
1300814 2013.222550
1301814 3399.389325
1302155 978.043508
1302394 574.645340
1302864 1597.937545
1302991 251.093445
1303434 1477.118982
1304014 1965.370684
1305007 3465.135195
1305466 1586.968464
1306439 3493.926130
1307038 2099.055191
1307521 1659.713809
1307980 1606.959143
1308447 1623.510032
1309447 3383.602711
1310447 3405.592779
1311168 2536.233539
1311296 245.149110
1312296 3414.971236
1312901 2044.045885
1313653 2599.147200
1314653 3428.380716
1314982 990.096777
1315982 3441.896972
1316563 1981.025787
1317563 3499.005085
1318563 3326.627930
1319563 3468.091278
1320070 1800.604783
1320546 1621.155410
1321546 3398.858830
1322546 3388.320068
1323142 1998.907996
1323761 2055.110188
1324366 2146.973109
1325366 3376.032333
1326287 3217.836065
1326876 1972.578823
1327241 1218.003787
1327582 990.417056
1327708 249.636826
1327833 242.050971
1328173 949.552842
1328845 2206.564433
1329184 966.780439
1329527 971.831941
1329759 646.843099
1330356 2137.111989
1331170 2790.144222
1331672 1632.211158
1332012 967.161778
1332938 3160.378119
1333429 1668.253397
1333932 1583.598151
1334932 3455.061035
1335932 3441.062608
1336058 246.003780
1336631 1949.526998
1337116 1667.318524
1337577 1578.028052
1338413 2897.022112
1338869 1618.126197
1339869 3471.897198
1340209 1012.145065
1340692 1665.406571
1341093 1342.805204
1341547 1560.709289
1342547 3343.081663
1343016 1647.432323
1343721 2483.288231
1344721 3365.506605
1345721 3469.123095
1346193 1617.164661
1346648 1590.986628
1347648 3449.803650
1347985 994.842934
1348325 1018.794367
1348554 639.706025
1349116 1920.977404
1349351 658.299201
1349956 1999.542842
1350616 2205.906943
1351206 1965.329960
1351658 1564.328245
1351785 243.221045
1352349 1874.823343
1352848 1686.170541
1353307 1581.931603
1353786 1617.222427
1354716 3261.689096
1355048 968.772466
1355447 1351.821519
1355945 1676.791649
1356521 1945.588784
1357016 1682.952982
1357477 1598.098749
1357605 251.390755
1358325 2540.409499
1358778 1590.687288
1359015 668.851685
1359574 1906.944000
1359908 986.349031
1360491 1927.214897
1360939 1601.742045
1361414 1660.896814
1361909 1665.484538
1362321 1402.692216
1362755 1489.271076
1363153 1335.340475
1363648 1678.140234
1363775 246.946035
1364324 1926.451261
1364722 1346.514531
1365722 3395.780870
1366221 1761.450052
1366661 1525.166076
1367040 1300.503486
1367400 1259.395751
1367894 1650.588654
1368283 1335.748446
1368702 1367.909434
1369165 1537.179110
1370165 3474.984578
1370616 1574.032881
1371072 1556.785305
1371712 2224.087774
1372521 2874.002938
1372941 1390.288043
1373655 2527.606171
1374122 1596.395488
1374645 1789.381063
1375032 1304.960991
1375492 1603.562046
1375846 1226.858109
1376353 1695.925059
1376814 1613.613081
1377255 1548.776947
1377789 1869.696597
1378452 2301.645492
1379452 3503.998395
1380452 3449.854140
1381452 3415.162019
1382452 3531.419633
1383452 3292.062904
1384008 1877.649524
1384879 3094.546997
1385356 1632.421529
1386220 3062.965775
1387220 3449.085558
1388220 3387.813042
1389220 3451.504942
1390220 3399.910217
1391220 3349.233898
1392220 3356.773091
1392661 1529.013307
1393593 3299.734578
1394049 1582.466445
1394495 1508.508177
1395007 1831.477637
1395783 2638.574268
1396783 3343.791050
1397783 3357.878420
1398236 1609.700192
1399236 3389.980030
1399754 1839.971147
1400754 3380.089016
1401754 3392.180678
1402471 2528.878833
1403471 3400.726869
1404027 1950.834718
1404914 3104.807156
1405825 3184.608827
1406369 1829.807021
1407369 3423.230452
1407808 1570.206603
1408331 1861.872446
1409331 3396.616660
1409751 1464.851233
1410751 3335.955967
1411238 1688.545512
1412238 3545.532155
1412741 1702.472055
1413741 3377.012944
1414260 1793.114182
1414943 2450.536423
1415943 3425.250531
1416943 3384.568263
1417943 3352.841437
1418943 3365.947848
1419943 3404.735202
1420411 1573.925814
1420797 1349.933759
1421797 3370.102060
1422797 3391.985500
1423269 1613.678452
1424269 3419.397366
1424788 1839.833581
1425278 1705.692674
1425842 1885.466427
1426543 2459.676190
1427543 3333.233870
1428543 3397.345045
1429543 3419.722602
1430226 2471.730434
1430979 2690.272246
1431979 3446.568513
1432979 3405.331620
1433401 1413.888567
1433830 1430.030508
1434826 3437.444900
1435166 1172.851151
1435578 1439.189198
1436462 3135.852101
1436841 1285.037157
1437361 1828.877567
1437867 1760.289601
1438406 1896.401230
1439406 3429.758609
1439880 1646.188394
1440582 2452.877882
1441461 3039.577135
1441910 1548.942753
1442455 1906.597276
1443118 2281.322631
1443653 1857.420738
1444208 1934.888674
1444722 1792.150015
1445182 1590.509118
1445675 1691.840441
1446675 3449.355859
1447151 1617.969355
1448151 3475.812029
1448456 850.874420
1449456 3393.908395
1450456 3456.371555
1450868 1371.676528
1451868 3398.939602
1452679 2885.934347
1453679 3414.786458
1454277 2137.382761
1455277 3499.633028
1456277 3449.230532
1456837 1985.936978
1457743 3209.728177
1458743 3461.726787
1459743 3461.451351
1460211 1612.628903
1460761 1887.651752
1461761 3425.928914
1462761 3350.368198
1463566 2825.824295
1464566 3424.142205
1465194 2170.828876
1466194 3414.042690
1467194 3447.594170
1467668 1627.253720
1468090 1409.190207
1468535 1512.837721
1469535 3447.262990
1470054 1794.407716
1470581 1782.151661
1471402 2774.108547
1471894 1658.470155
1472113 497.559401
1472400 708.004285
1472879 1656.204088
1473351 1656.118761
1473883 1808.535924
1474298 1396.682965
1475298 3460.066763
1475917 2072.190174
1476917 3373.059031
1477453 1768.807416
1478013 1970.696655
1478415 1364.506203
1478858 1503.114755
1479858 3430.031472
1480858 3405.198366
1481858 3450.826701
1482382 1818.407315
1482698 907.890210
1483198 1700.009047
1484038 2873.412326
1484602 1958.579268
1484997 1383.632459
1485787 2815.364701
1486626 2947.673151
1487182 1987.065516
1488182 3384.803538
1488737 1898.238381
1489388 2270.096801
1490028 2183.384661
1490915 3143.246912
1491422 1691.632597
1491550 251.737097
1491971 1401.950059
1492971 3402.811260
1493453 1608.219804
1493945 1611.740444
1494532 1998.740662
1495532 3422.591659
1496091 1967.414262
1496832 2594.363248
1497704 2899.467305
1498553 2996.512865
1499400 2914.200491
1499702 796.169371
1500601 3162.703864
1501274 2246.893182
1501683 1371.273992
1502038 1097.229637
1502943 3188.653443
1503943 3320.709117
1504943 3368.414278
1505440 1681.728807
1505866 1297.727649
1506388 1708.116286
1506881 1693.342252
1507527 2278.778813
1507928 1330.756373
1508415 1711.213141
1509412 3496.875215
1510144 2586.067137
1510789 2049.435375
1511604 2906.772019
1512018 1279.729928
1512528 1641.926691
1512890 1099.346190
1513290 1368.652851
1513794 1689.014520
1514199 1410.167209
1514982 2814.586370
1515629 2282.505760
1516104 1596.052530
1516549 1515.007994
1517380 2825.781516
1517723 1082.765439
1518505 2741.981838
1518916 1342.534247
1519301 1319.152500
1519746 1535.179801
1520212 1640.214264
1520684 1654.722898
1521079 1360.953664
1521551 1635.820605
1521942 1318.407243
1522396 1569.530547
1523396 3353.544747
1523854 1566.184831
1524815 3409.257318
1525276 1510.163889
1526276 3479.663370
1526943 2310.351051
1527569 2173.535203
1528017 1444.135222
1528492 1671.274748
1528969 1639.703394
1529432 1635.832816
1529818 1344.133171
1530247 1347.096603
1530761 1741.655170
1531410 2309.134963
1532136 2557.195553
1533136 3523.839312
1534136 3432.148190
1535007 3165.348391
1535501 1680.732172
1536084 2041.015374
1537084 3475.917077
1537566 1637.653947
1538084 1807.675017
1538883 2793.747090
1539883 3409.358439
1540306 1373.545067
1541306 3406.123127
1542279 3509.965611
1543279 3394.187800
1543834 1970.892613
1544331 1683.075556
1545069 2575.541552
1545896 2924.124833
1546409 1714.770252
1546896 1697.055553
1547381 1664.371761
1548381 3493.474051
1549381 3484.029499
1550381 3431.689850
1551381 3453.529342
1552381 3446.850344
1553381 3386.140329
1553909 1871.064997
1554909 3480.323831
1555907 3513.071318
1556907 3405.807642
1557137 538.505831
1558137 3432.612772
1558406 735.890183
1559344 3170.750713
1560344 3403.531088
1561344 3372.806679
1562344 3454.517912
1563344 3412.746691
1564344 3458.503226
1565344 3426.783166
1565923 1985.282467
1566878 3255.905892
1567878 3369.103970
1568878 3335.298885
1569878 3383.022762
1570878 3344.856143
1571878 3375.570483
1572878 3448.293505
1573878 3392.662198
1574878 3393.388613
1575878 3294.145269
1576878 3382.782555
1577878 3350.864690
1578878 3389.547887
1579414 1718.905155
1580414 3379.422553
1580883 1648.282529
1581883 3450.531962
1582883 3387.161074
1583883 3489.960612
1584883 3366.957643
1585883 3329.077330
1586883 3385.180464
1587883 3356.539825
1588883 3447.418706
1589883 3349.882517
1590299 1361.912036
1591299 3464.930482
1592299 3316.732220
1592633 977.513117
1593633 3344.801257
1594633 3351.895923
1595633 3354.886695
1596633 3374.270257
1597633 3282.717921
1598633 3389.241081
1599633 3328.852397
1599843 486.580842
1600843 3298.351951
1601054 493.816741
1602054 3294.154632
1602292 555.240224
1602657 1040.252001
1603657 3293.453373
1604657 3390.188136
1605657 3335.335788
1606657 3399.159192
1606893 561.783535
1607893 3299.911556
1608131 562.348309
1608369 550.253109
1609369 3340.504246
1610369 3413.484949
1611369 3378.913738
1611494 245.832144
1612494 3456.050048
1613494 3411.427153
1613887 1293.119774
1614258 1124.656508
1615258 3410.278139
1616258 3356.422599
1617258 3361.083923
1618258 3423.353713
1618522 683.526794
1619522 3214.118301
1619790 699.734238
1619998 474.824436
1620998 3277.742416
1621266 634.850676
1621500 493.122166
1621871 1007.868757
1622388 1612.416993
1622637 530.769572
1623321 2148.218781
1623581 610.561772
1624501 2835.102385
1625501 3268.243268
1626501 3314.420170
1627151 1976.136966
1627468 714.401637
1628020 1661.629506
1628370 819.280864
1628644 625.849639
1628904 640.927710
1629904 3228.129176
1630031 245.932469
1631031 3222.277226
1631329 833.086138
1632031 2154.568214
1632407 864.264660
1632640 484.280448
1633279 2101.264315
1633574 776.764230
1634574 3293.141992
1634851 755.193593
1635851 3402.039465
1636851 3351.298338
1637851 3380.284470
1638110 669.852878
1639110 3401.412727
1639435 966.706457
1639703 618.459961
1639918 508.887256
1640918 3293.054829
1641918 3343.323492
1642130 501.610482
1643130 3368.097244
1643414 667.879517
1643739 945.557863
1644739 3374.685478
1645587 2934.269020
1646211 2065.202215
1646982 2441.780418
1647815 2895.027860
1648815 3297.283448
1649615 2633.704276
1649853 551.792373
1650081 526.382468
1650314 554.702703
1650922 1963.431466
1651243 798.827407
1651953 2317.770168
1652585 2084.196423
1652974 1074.581213
1653273 822.173223
1654273 3282.803009
1655012 2593.505795
1655510 1699.580488
1656510 3388.743396
1657239 2324.149169
1658181 3232.959260
1659181 3377.921525
1659693 1639.370088
1660359 2264.072829
1661235 3094.026214
1661917 2310.414461
1662917 3433.004825
1663917 3269.075605
1664652 2481.667605
1665284 2117.402952
1665743 1572.979808
1666181 1282.078150
1667181 3417.070078
1667774 1971.048314
1668350 1946.359706
1668960 1987.927943
1669553 1961.740426
1670406 2977.040764
1671406 3342.387521
1672059 2125.183714
1673059 3413.356961
1674059 3225.835214
1675059 3432.809724
1675271 478.524923
1676271 3035.124634
1677271 3378.820596
1678271 3393.018989
1679271 3416.473318
1680271 3463.942667
1681271 3355.017491
1682271 3346.893114
1683271 3335.960453
1683744 1570.830954
1684744 3375.145559
1685152 1074.376431
1685462 852.857397
1686462 3365.365747
1686725 662.780851
1687725 3421.051236
1687979 528.941015
1688301 775.572545
1688620 937.003327
1689620 3332.901956
1690054 1326.840377
1690355 696.794054
1690912 1794.117393
1691912 3371.312642
1692141 526.571645
1693141 3345.560979
1694141 3375.517112
1695141 3306.673104
1696141 3324.164337
1696351 478.483458
1697351 3343.883083
1698351 3415.411905
1699351 3274.688283
1700351 3330.972383
1701262 3026.043741
1701560 814.093907
1701830 673.630865
1702830 3232.235074
1703119 798.296504
1703396 747.681052
1703691 819.650277
1704082 1152.467805
1705082 3355.968140
1705338 647.337491
1705601 640.293393
1705864 677.467590
1706121 623.333789
1707121 3394.488542
1707358 482.235953
1708358 3368.841226
1708603 497.770859
1708847 492.091538
1709506 2081.129148
1710506 3189.440969
1710742 486.880906
1711265 1481.163475
1711639 1179.025864
1711899 620.838676
1712899 3233.196306
1713223 888.281946
1714223 3087.320832
1714500 759.008744
1714757 547.151633
1715127 1117.749087
1716127 3259.551749
1716403 714.006716
1716721 912.297693
1717013 827.627571
1717341 966.032987
1717666 917.067489
1717969 857.301753
1718246 729.387789
1719023 2521.617831
1719292 696.727487
1719579 657.434053
1719848 715.944570
1720333 1273.800832
1720689 1050.834235
1721112 1238.625684
1721469 962.592021
1721807 996.825369
1722807 3344.630514
1723807 3286.563873
1724807 3233.393318
1725085 732.739139
1725401 937.111388
1725602 438.065498
1725921 875.422023
1726921 3375.451260
1727187 675.630171
1727442 532.386834
1727752 871.958521
1728752 3319.107297
1729752 3261.779604
1730106 1015.361550
1731106 3250.831877
1731642 1675.453274
1732642 3313.776020
1732993 986.005346
1733993 3280.919579
1734409 1313.504990
1735409 3281.055517
1736409 3315.185482
1736994 1806.015950
1737333 972.582085
1738333 3143.561542
1739333 3267.005953
1740333 3222.597500
1740685 1021.398910
1741012 865.007775
1742012 3233.065186
1742310 827.786689
1743310 3285.776761
1744310 3318.147190
1744723 1346.569616
1745723 3321.822378
1746073 935.247067
1746847 2417.408054
1747847 3201.290961
1748229 951.069404
1748501 714.432968
1749501 3166.020102
1749784 787.957608
1750081 790.910051
1750399 884.969363
1751399 3250.836409
1752045 1876.477935
1752295 501.651748
1752579 774.640421
1752900 885.412020
1753134 470.902852
1753385 502.552711
1753687 861.486852
1754026 1034.704391
1754296 725.282221
1754545 619.244380
1754806 504.366547
1755806 3323.656247
1756030 495.204893
1757030 3304.232082
1758030 3338.735278
1758257 519.875736
1758489 511.657354
1759489 3358.409378
1760489 3324.826434
1761489 3254.671643
1761942 1304.474332
1762942 3249.489808
1763942 3251.342302
1764790 2701.384165
1765019 503.750334
1765478 1367.499185
1765714 524.152495
1765943 512.241978
1766943 3332.824070
1767943 3283.554309
1768943 3298.300065
1769943 3270.239769
1770943 3185.448517
1771943 3331.053126
1772943 3298.106566
1773943 3310.019603
1774943 3150.341156
1775943 3282.085110
1776943 3304.587307
1777943 3273.897544
1778943 3305.406089
1779943 3303.619860
1780943 3290.740513
1781943 3277.204713
1782943 3226.101966
1783943 3160.092355
1784943 3053.613553
1785341 1199.094492
1786341 3225.491201
1787341 3283.074942
1788341 3081.202566
1789327 3256.544033
1790327 3267.597324
1791327 3159.955375
1792327 3111.537145
1793327 3069.907064
1794327 3334.048433
1795327 3264.622767
1796327 3242.689222
1797327 3354.945145
1798327 3199.181367
1799255 3026.085568
1800255 3275.418370
1801255 3274.950112
1802255 3289.668236
1802767 1549.851763
1803767 3275.209427
1804638 2201.409783
1805638 2993.620813
1806638 3240.308810
1807638 3291.288862
1808638 3059.425293
1809638 3313.981401
1810638 3292.440893
1811071 1278.983344
1812071 3284.975533
1813071 3198.134610
1814071 3262.337940
1815060 3298.103231
1816060 3286.487357
1816817 2385.816746
1817080 664.474863
1818080 3217.411393
1819019 3030.294166
1820019 3262.468860
1821019 3317.059371
1821682 2066.516085
1822410 2387.212341
1823410 3266.965204
1823805 1107.653951
1824475 2172.232726
1825475 3237.057081
1826367 2983.069332
1827367 3239.971896
1828367 3248.238342
1829367 3241.804792
1830367 3230.327521
1830802 1344.509425
1831802 3335.480713
1832262 1333.894383
1833262 3223.727252
1834225 3181.631687
1835225 3265.207197
1836225 3315.311106
1837225 3291.949110
1837461 531.172490
1837826 1056.541430
1838826 3340.248560
1839826 3299.105769
1840826 3312.914468
1841704 3017.046602
1842142 1318.522264
1842943 2692.029228
1843655 2376.876096
1843921 689.502041
1844617 2317.017274
1845330 2311.558170
1845761 1279.522149
1846494 2433.071556
1847186 2279.810902
1847715 1716.687330
1848570 2889.784442
1849570 3360.865901
1850120 1763.406515
1850635 1641.748548
1851524 3021.191808
1852382 2897.812012
1852891 1537.968396
1853891 3296.440211
1854891 3370.763118
1855757 2909.192301
1856374 2002.953673
1856799 1189.153077
1857799 3256.662503
1858799 3292.445850
1859399 1980.527805
1860397 3391.393212
1861284 2956.936113
1862284 3413.985814
1863284 3336.636991
1864095 2738.573733
1864602 1657.226901
1865109 1648.571561
1866109 3264.459922
1867109 3397.985283
1867879 2538.698833
1868879 3328.239196
1869879 3363.806571
1870661 2633.787654
1871661 3373.802502
1872661 3357.436886
1873661 3323.652290
1874661 3289.811917
1875661 3368.886605
1876247 1906.901045
1877247 3402.075612
1878023 2633.019606
1879023 3343.647912
1880023 3311.427181
1881023 3271.850721
1882023 3227.339730
1882436 1159.609502
1883436 3377.082323
1884376 3132.439216
1885061 2288.803988
1886061 3394.484669
1887061 3354.928610
1888061 3412.751258
1888347 683.767433
1888770 1131.808779
1889495 2292.839311
1890495 3248.575615
1891495 3322.960632
1892401 3041.958123
1893401 3413.100480
1894232 2656.152304
1894751 1612.639765
1895751 3332.888578
1896530 2638.810810
1896796 695.364745
1897080 759.296302
1897336 491.027597
1897587 492.304811
1897858 694.418994
1898131 644.362152
1898401 690.563896
1898679 504.479467
1899679 2922.603148
1900027 1040.255677
1900256 467.940806
1900580 941.592240
1900961 1041.190739
1901466 1518.679022
1902466 2969.121067
1903466 2934.688004
1903858 1019.422470
1904106 623.996533
1905106 2987.120081
1905405 793.965073
1905664 622.447041
1906003 972.700312
1906247 593.417356
1906506 615.158490
1906766 631.843552
1907086 887.620107
1908086 2852.815582
1908389 813.987161
1908747 1083.206618
1909074 960.480789
1910074 3078.291580
1910477 1148.500768
1910781 835.462552
1911082 749.527187
1912082 2922.865210
1913082 3032.712946
1913558 1367.691408
1914472 2757.642118
1915472 3035.253556
1915803 900.510524
1916803 3208.460307
1917803 3095.915458
1918803 3105.407982
1919362 1616.512735
1919944 1453.960002
1920476 1497.311574
1921351 2620.379933
1921663 833.056449
1921975 867.729906
1922304 966.422500
1922636 981.851903
1922881 477.645458
1923256 1088.839284
1924256 3179.025335
1924568 855.959997
1925008 1269.468745
1925321 823.420982
1926321 3044.037079
1926633 853.464623
1926935 865.191031
1927935 3005.758386
1928172 575.146152
1928471 838.552965
1928785 912.656354
1929785 3093.165294
1930785 3051.534045
1931096 851.066751
1931846 2267.561412
1932108 504.296578
1932342 525.286289
1932586 590.107814
1933427 2643.258879
1934427 3198.654206
1935427 3237.910399
1936427 3162.485201
1937427 3203.995639
1938427 3172.343486
1939427 3243.666896
1940427 3268.679903
1941427 3251.139091
1942427 2993.966733
1943427 3218.759588
1944427 3204.805942
1945427 3213.848406
1946427 3255.916921
1947427 3186.203786
1948427 3236.169268
1948805 1022.346852
1949805 3127.636990
1950126 884.576360
1951126 3192.716071
1952126 3109.545276
1953126 3315.022551
1954126 3212.408086
1955126 3211.539525
1956126 3213.270996
1957126 3235.446065
1958126 3227.158234
1959126 3305.864037
1960126 3248.408423
1961126 3153.260355
1962126 3137.116293
1963126 3270.157697
1964126 3297.609516
1965126 3156.981010
1966126 3101.588457
1966520 1017.495059
1967520 3175.162969
1968520 3131.578551
1969520 3142.486427
1970520 3250.655253
1971520 3080.909680
1972520 3093.377857
1973520 3262.063282
1974520 3202.506487
1975520 3305.136525
1976520 3100.172198
1977520 3037.805224
1978520 3164.365467
1979520 3142.198245
1980520 3181.862862
1981520 3194.037430
1982520 3111.325010
1983520 3091.084968
1984520 3145.940918
1985520 3044.261210
1986520 3195.446127
1987520 3127.037835
1988520 3221.381388
1988863 936.624501
1989863 3220.554138
1990863 3096.235178
1991421 1343.433609
1992421 3244.541790
1993421 3121.885797
1994421 3150.583117
1995421 3148.593751
1996421 3107.180938
1996447 44.490325
1996474 46.313029
1996799 906.116603
1996825 45.116876
1997825 3271.472488
1998825 3252.159193
1999825 3156.302074
2000609 2597.011955
