29 28.521960
45 7.649563
57 6.411093
91 29.204252
101 7.862570
112 8.777764
125 9.324534
204 101.868406
224 10.678137
242 13.921200
260 19.544553
276 15.081798
303 21.456700
320 11.214236
330 8.391093
345 12.162446
363 13.550925
400 45.549679
413 10.376903
427 10.374368
441 8.999405
493 55.959961
504 8.045142
553 37.443002
565 5.790204
579 12.381830
603 26.210237
611 5.794184
628 15.302632
639 8.308905
664 23.338108
683 13.902117
706 27.159139
718 6.135528
772 93.966273
795 9.499317
818 12.247450
853 24.955570
898 76.018392
913 14.503057
949 9.202687
971 3.606729
979 5.237195
1015 18.631669
1034 13.782803
1066 17.929953
1083 17.067172
1098 7.687174
1115 14.133662
1144 28.730663
1158 10.298237
1197 12.231193
1223 22.438564
1244 13.552921
1261 9.341225
1270 7.316529
1282 8.272167
1298 8.887769
1312 11.693309
1355 33.743716
1367 7.258515
1402 48.088783
1417 14.054180
1429 9.665879
1447 5.922415
1462 13.433836
1486 16.006282
1514 27.539771
1537 13.206890
1546 7.143262
1559 11.640753
1583 30.733694
1598 11.653220
1607 6.705195
1626 15.666870
1652 21.310706
1671 17.844443
1699 25.155482
1716 15.602768
1738 14.347694
1756 13.716880
1786 10.032651
1806 10.798998
1839 6.588890
1872 19.080952
1908 15.551287
1931 10.308476
1958 29.281865
1973 8.874323
1999 17.530603
2013 10.069958
2027 11.137258
2053 14.705635
2070 12.021445
2120 58.359104
2131 8.272698
2149 16.603568
2182 29.578576
2201 12.950039
2220 13.571127
2233 11.973422
2247 13.813874
2266 13.508353
2278 12.430401
2289 9.287221
2301 9.379512
2322 14.564774
2382 72.837934
2401 12.373153
2431 17.364276
2452 21.976085
2496 32.290472
2521 18.260744
2537 14.656472
2574 52.031567
2620 56.483828
2648 11.522534
2672 25.845727
2691 20.509681
2725 51.471497
2741 12.001045
2758 10.672527
2775 12.060054
2806 9.099128
2857 80.165122
2869 10.352925
2898 15.872556
2944 79.779539
2969 6.665526
3001 23.225102
3012 6.348478
3032 17.932884
3060 13.524901
3079 18.354864
3100 20.909832
3120 13.962963
3172 53.053033
3202 20.436885
3218 8.692396
3241 10.061611
3263 18.718075
3285 21.967634
3311 20.830472
3324 7.300775
3347 24.574790
3369 24.450707
3384 11.984038
3434 77.792447
3461 27.652174
3478 11.367709
3494 11.327393
3511 15.783715
3537 25.720972
3550 9.683368
3576 19.963942
3592 9.568554
3642 51.729266
3689 67.581160
3729 33.629862
3749 23.121739
3764 11.200292
3788 28.064402
3811 8.508347
3839 36.424859
3854 12.169199
3885 30.776161
3916 25.159931
3947 37.834624
3998 39.668640
4038 62.703887
4057 14.166970
4089 39.461402
4143 81.027638
4157 15.470676
4216 98.860296
4263 82.046388
4296 18.397688
4325 27.795776
4382 86.152994
4407 21.853366
4457 80.401928
4495 62.899173
4554 103.976742
4602 66.651680
4626 22.008054
4649 21.613198
4690 25.991657
4740 88.886910
4777 53.652369
4813 52.117777
4864 89.561157
4896 24.435398
4950 97.640899
4981 30.774212
4996 9.617716
5020 30.250515
5036 13.930910
5057 21.740221
5081 27.409133
5156 84.898507
5174 15.679413
5233 113.451195
5294 83.424157
5361 124.575767
5383 23.157203
5417 52.341024
5437 15.313280
5516 89.147485
5548 38.572776
5570 15.852168
5580 5.084702
5611 42.408966
5629 10.661287
5648 18.691360
5710 38.132365
5744 56.380534
5802 104.323135
5838 59.973210
5862 26.744636
5876 13.055934
5947 114.987462
5994 79.122825
6013 15.885131
6056 68.179779
6075 17.234168
6104 39.719443
6118 13.224401
6133 6.520230
6199 67.478457
6256 105.467049
6315 103.442253
6325 8.447412
6378 93.753335
6396 21.713611
6439 69.179317
6484 76.126961
6536 73.659263
6574 63.669705
6611 34.766696
6643 40.774277
6707 108.588733
6751 74.778430
6779 30.753438
6837 101.942962
6921 122.494118
6975 92.260100
7093 182.718744
7161 109.445917
7248 155.130816
7353 165.526051
7381 33.016373
7418 29.342135
7482 102.017713
7520 63.679832
7560 66.882374
7653 163.127476
7693 67.628576
7731 63.791115
7774 58.402830
7795 19.059036
7844 80.471229
7874 27.207115
7902 34.711583
7957 84.513930
8033 144.790781
8058 29.687145
8118 95.934958
8158 67.044324
8214 89.028339
8248 32.265375
8321 129.252002
8360 52.475003
8398 63.584850
8422 26.790999
8462 69.295646
8506 75.768268
8558 80.652399
8638 150.679899
8676 61.742419
8782 136.629703
8820 30.776112
8862 69.577196
8893 38.976069
8931 63.026653
8982 80.812974
9039 103.604199
9068 47.621338
9094 16.475399
9149 102.959767
9193 71.115496
9227 24.559918
9272 72.582284
9326 83.146516
9385 103.424116
9437 80.019147
9467 50.959838
9489 23.527320
9505 14.458398
9528 20.326479
9550 13.204132
9630 118.599486
9663 51.242457
9682 15.612309
9722 67.502456
9819 150.296477
9886 115.271764
9925 65.095083
9953 45.896658
9970 15.098759
10015 63.627037
10082 133.020150
10141 106.084828
10190 85.778587
10229 65.538531
10305 143.011322
10359 97.374998
10406 77.437545
10458 93.438332
10558 194.643184
10648 153.286856
10777 199.808943
10800 24.891220
10862 110.878391
11008 192.906466
11057 81.857170
11095 62.575101
11134 63.891980
11179 77.101176
11238 103.836181
11360 193.653600
11442 161.070650
11511 123.526102
11582 138.076333
11638 97.530699
11694 86.561923
11755 108.110593
11793 63.804519
11840 81.653615
11922 140.855432
11971 88.772091
12009 35.849382
12086 125.521769
12161 137.347267
12213 92.567793
12273 90.466299
12338 128.988784
12430 139.982813
12479 83.670932
12556 138.166293
12614 111.048817
12684 135.878334
12734 79.086061
12779 73.003400
12842 98.493650
12909 91.717646
12967 107.429580
13009 70.750521
13059 84.500276
13130 139.204277
13197 127.493705
13245 81.066618
13287 70.417481
13330 72.550200
13382 92.042775
13481 154.309628
13526 71.305769
13577 85.490030
13651 125.336526
13693 72.548025
13743 84.871870
13819 160.892147
13898 111.823973
13930 53.511371
14002 100.966528
14091 130.141478
14133 70.873552
14166 56.334482
14221 100.225595
14276 99.115888
14338 61.293524
14378 62.841292
14465 119.381358
14589 172.454681
14632 74.192385
14716 158.232334
14780 118.808663
14847 130.861654
14903 95.662248
14941 64.149587
15035 136.857155
15140 214.902845
15238 204.286371
15299 102.431732
15442 261.304254
15521 160.981795
15575 92.923831
15633 89.196437
15755 206.401132
15829 92.854772
15876 69.402153
15957 133.986431
16046 183.779453
16125 138.180825
16208 157.230251
16255 79.904296
16340 121.108260
16388 83.912880
16420 45.300269
16529 224.460963
16609 156.564261
16700 193.968618
16739 52.226069
16787 61.056158
16882 202.596900
16926 72.980492
16995 99.277270
17104 225.227653
17136 41.686136
17237 198.592437
17278 68.086087
17342 94.416118
17360 20.177439
17439 160.480976
17531 212.440557
17602 136.660620
17665 111.060341
17705 64.574616
17753 78.897141
17782 29.674623
17814 53.168728
17860 76.488762
17901 66.278102
18010 211.559668
18043 50.241491
18152 213.767059
18235 185.214969
18290 93.700422
18419 248.895833
18518 205.473674
18573 87.366742
18671 221.463698
18772 207.902806
18870 209.962145
18979 232.118442
19041 113.016547
19128 188.569954
19219 203.894732
19281 97.476405
19408 255.407461
19488 121.668773
19592 225.497823
19690 197.661724
19847 234.539931
19910 110.132566
20043 237.328763
20098 101.149232
20202 179.562599
20324 218.848204
20406 174.835953
20464 84.285624
20560 199.504100
20696 263.399625
20794 214.336031
20890 195.462773
21004 221.256144
21045 66.606760
21145 210.064470
21251 223.612904
21364 234.528143
21504 251.866516
21553 68.379486
21638 147.220640
21737 210.994878
21833 213.083544
21981 218.350291
22027 81.080444
22127 223.730108
22219 208.381236
22288 136.786801
22463 301.079038
22590 241.413469
22686 204.151663
22782 206.593475
22875 198.637178
22985 244.733329
23045 99.281242
23161 226.715031
23281 243.522797
23373 208.059704
23472 200.525926
23579 233.812057
23680 205.362346
23787 234.067229
23891 211.688788
23990 207.614339
24087 214.839810
24202 232.715963
24318 220.338845
24409 170.137640
24513 233.411353
24616 217.633979
24720 199.230029
24796 142.107334
24893 208.599512
24956 100.369955
25065 218.577838
25103 61.838001
25169 114.258292
25267 223.750708
25372 176.151318
25480 220.325892
25575 215.140813
25673 215.461048
25766 208.147751
25879 243.023852
25989 217.395478
26080 200.358525
26143 120.273192
26231 194.637645
26316 183.645800
26423 219.636223
26517 174.219335
26624 212.782229
26717 204.746803
26773 101.328334
26860 194.698500
26960 218.792559
27011 87.739045
27101 198.772162
27208 216.932597
27299 193.043339
27398 220.473820
27501 221.944031
27590 197.857494
27676 188.277967
27774 193.760388
27876 215.305494
27977 223.242092
28066 192.542514
28164 209.620800
28261 215.350356
28371 218.692982
28444 129.835977
28536 205.190033
28642 200.364711
28732 204.516098
28830 220.617013
28938 213.763721
29027 194.837432
29117 201.201233
29204 192.802744
29310 209.593249
29402 207.139080
29506 212.000661
29606 215.615250
29703 210.618730
29810 198.400899
29899 201.409367
29987 190.478542
30087 216.480243
30175 196.725813
30266 199.682575
30360 194.730897
30456 208.120545
30545 198.268005
30644 214.912534
30734 202.205736
30829 203.916708
30916 193.086288
31008 207.130736
31111 221.645546
31206 211.789998
31296 192.567028
31385 197.100572
31478 204.055253
31569 206.124936
31668 214.946983
31760 199.765135
31831 109.295033
31929 204.977347
32022 193.374169
32110 186.417077
32199 198.870443
32290 206.324618
32394 221.108765
32477 176.849805
32566 201.333405
32655 201.453722
32743 195.611451
32838 201.892931
32935 210.244222
33023 195.201426
33111 196.263544
33203 204.178017
33301 201.239038
33392 201.438870
33488 206.059321
33593 208.972872
33692 212.004042
33779 194.673182
33869 193.804677
33973 197.908712
34067 214.819237
34184 235.760432
34222 60.067745
34312 195.941192
34414 221.414453
34508 213.296721
34603 215.599813
34703 214.605145
34791 195.057220
34883 204.564060
34972 199.626374
35072 219.537136
35171 209.138353
35264 213.434833
35353 191.116799
35452 209.884309
35558 221.877016
35653 206.038855
35747 212.071995
35838 205.369786
35929 205.404763
36021 207.815002
36114 211.159336
36203 195.810705
36289 189.774174
36395 224.707699
36490 206.997826
36585 208.432249
36687 217.742397
36786 204.823536
36882 210.267576
36970 195.459408
37063 207.736333
37152 190.429650
37252 210.322730
37347 213.548236
37437 200.497665
37552 231.628095
37639 190.534883
37737 213.250824
37834 206.878177
37940 221.970732
38026 189.026848
38119 213.464368
38218 227.897884
38310 207.218276
38409 208.993891
38516 225.498348
38625 229.779887
38733 208.351262
38834 227.043324
38927 213.102275
39038 231.731125
39144 230.090428
39245 218.051196
39340 212.372250
39440 213.897389
39534 206.007491
39628 207.530228
39722 210.011288
39814 209.220826
39918 233.877974
40009 200.708172
40114 238.651319
40232 243.653466
40330 214.066729
40424 215.522790
40525 230.884892
40620 207.982612
40733 235.705373
40843 221.705980
40943 212.811342
41040 217.281024
41139 225.640984
41242 229.527730
41344 234.851411
41470 246.764234
41565 214.623568
41657 206.049220
41760 229.498271
41874 235.908896
41974 218.941524
42064 202.642973
42170 226.529331
42263 209.417166
42375 231.175871
42475 224.969567
42574 217.605799
42688 221.596196
42783 215.674701
42885 222.797090
42989 224.727634
43087 215.023454
43189 224.137389
43301 247.389546
43401 225.308628
43504 229.438283
43605 227.083556
43697 208.918078
43796 218.251855
43894 225.023764
44019 254.600348
44116 219.121876
44222 229.655953
44330 239.492222
44429 225.384043
44533 228.577589
44631 221.902701
44732 228.359936
44833 226.478123
44926 207.277352
45037 238.573223
45147 242.022875
45251 228.174294
45370 257.354728
45475 239.354636
45602 276.996093
45722 259.474768
45824 228.957624
45927 215.332813
46037 238.980534
46141 229.696642
46242 218.250399
46340 228.191241
46463 252.378256
46562 216.819323
46667 226.028661
46767 226.858012
46873 239.328662
46968 212.373656
47079 232.634423
47185 231.461613
47292 231.673593
47403 245.199476
47518 246.944197
47639 247.418889
47757 254.095802
47869 252.347737
47972 215.837068
48079 237.584048
48187 245.495665
48301 241.438644
48439 324.218372
48550 239.356461
48652 228.780307
48762 244.300039
48895 265.798405
49010 237.129304
49111 228.873098
49244 315.401109
49385 303.781425
49524 296.064817
49636 246.991086
49767 331.213578
49896 288.701194
50005 253.566376
50108 233.383532
50225 291.577944
50330 239.718137
50458 316.880518
50582 251.224427
50690 246.328817
50861 363.952052
50991 318.862815
51097 234.013483
51223 286.864367
51346 303.527869
51459 265.407572
51597 342.294121
51703 244.446666
51837 310.606501
51957 297.437171
52096 317.149600
52224 312.147306
52357 300.434377
52513 344.157837
52635 289.479699
52749 250.420909
52889 323.522984
53055 365.669889
53181 322.725736
53325 335.820173
53471 323.831589
53602 304.965677
53769 362.765897
53903 325.075079
54050 342.741633
54211 348.092396
54342 301.080496
54480 330.676587
54614 326.229369
54727 266.770935
54869 341.830239
55000 322.956442
55152 351.676000
55289 331.943886
55420 330.596449
55558 327.304768
55702 340.907810
55829 289.895767
55987 360.620700
56112 294.713443
56238 313.980086
56374 339.601288
56515 326.453052
56649 314.591924
56797 340.581236
56941 362.558798
57078 336.896428
57207 303.862470
57353 368.950428
57484 326.585695
57603 276.183017
57749 343.001872
57888 334.630100
58020 323.369345
58169 371.684602
58314 349.785945
58448 336.824932
58578 317.274382
58726 353.452740
58872 357.177517
59004 318.698826
59124 288.823206
59269 336.298794
59415 338.500912
59554 347.847594
59696 361.608395
59839 342.984102
59989 310.623864
60136 339.210631
60269 320.646739
60412 330.191745
60562 355.726403
60720 364.478043
60867 333.824892
61006 330.672082
61150 361.389247
61290 321.949585
61434 336.904807
61562 323.386124
61707 367.870299
61843 331.206992
61982 355.304510
62130 359.278094
62266 316.184387
62407 327.215996
62546 329.170844
62697 345.380551
62842 344.623177
62984 349.649164
63126 347.328923
63274 358.269485
63416 327.287346
63558 356.098982
63706 370.552452
63855 360.259969
63999 360.661637
64145 369.569659
64289 332.120006
64428 339.437186
64567 349.080037
64702 341.290311
64836 329.758886
64980 351.849650
65120 376.060807
65266 358.616093
65412 354.432722
65547 334.125226
65690 361.079106
65836 363.577271
65986 391.914465
66128 361.465945
66267 355.460281
66403 338.292017
66542 374.679634
66688 383.102191
66829 383.265818
66962 322.651270
67101 353.816250
67237 351.645224
67374 322.130698
67514 366.548946
67655 356.233826
67791 353.459605
67924 342.366533
68067 393.941932
68205 368.501781
68347 382.407555
68489 376.773130
68618 334.597133
68761 372.832486
68901 375.349832
69042 348.215712
69186 392.519790
69324 367.399865
69457 338.545249
69600 380.948340
69743 372.774342
69888 391.901973
70034 384.638283
70167 357.989931
70312 380.175095
70448 352.677640
70589 383.992884
70733 364.012873
70869 344.872696
71006 367.270564
71147 384.420059
71296 393.175132
71434 386.624972
71576 367.895918
71718 370.613352
71861 379.282046
71998 360.748277
72144 391.524139
72283 377.350954
72427 374.569056
72567 381.573533
72705 370.150246
72848 378.552824
72991 371.265559
73133 385.555573
73264 348.116006
73408 377.878798
73551 383.159738
73696 381.015455
73829 362.413570
73967 398.028533
74104 369.212308
74256 409.367422
74385 356.015161
74522 369.383075
74669 403.400737
74811 381.276200
74953 391.965888
75094 376.709391
75239 400.203695
75372 353.408656
75506 358.393038
75644 382.819714
75781 377.173518
75918 365.599446
76056 381.050471
76189 357.045176
76321 351.384099
76451 361.217369
76600 409.859543
76740 368.446457
76893 415.535997
77033 372.674428
77170 365.734836
77315 395.517004
77454 373.049286
77590 365.197720
77733 391.010198
77876 370.122118
78021 398.964191
78162 387.674531
78301 367.813949
78441 389.326846
78589 413.221273
78731 392.423177
78878 397.772799
79017 372.940587
79155 367.684775
79294 394.575816
79435 379.641433
79587 407.392969
79734 400.727436
79866 354.643891
80009 396.116945
80161 428.651962
80315 422.587340
80459 396.567617
80608 395.139149
80748 396.629511
80877 343.660514
81021 400.993961
81156 366.593244
81282 319.549203
81424 377.898599
81572 403.428783
81714 394.800266
81860 396.781319
81999 381.810917
82144 408.325605
82280 355.748066
82421 390.601846
82564 397.210242
82709 387.536989
82851 376.289267
82987 356.271250
83128 392.526152
83268 398.743516
83407 400.119963
83550 391.075990
83693 386.721122
83836 388.264872
83984 405.538458
84134 429.596914
84277 413.123611
84422 408.601006
84561 385.180459
84698 353.267532
84832 359.126244
84970 380.980914
85120 418.127967
85265 402.249118
85416 417.465883
85570 441.571670
85714 390.233986
85837 325.977912
85979 396.859740
86124 396.174411
86267 382.549170
86417 414.296204
86554 370.959026
86706 430.715838
86869 456.144789
87010 390.883879
87150 387.419181
87295 408.378399
87447 430.327601
87593 396.788933
87736 394.011717
87859 314.020508
88000 397.407634
88142 376.386948
88280 377.621945
88427 400.340134
88580 423.930639
88719 390.819396
88860 394.783077
89004 388.191147
89147 386.824831
89285 379.205018
89429 393.679911
89580 409.436302
89727 407.323752
89869 382.243291
90009 389.797454
90147 382.672941
90299 418.673836
90462 455.628544
90624 453.498525
90765 376.577390
90913 418.474077
91057 410.340482
91216 428.493887
91363 408.026415
91512 404.320438
91663 408.535763
91827 449.185571
91968 379.028807
92134 450.468058
92285 418.951024
92436 401.939829
92590 420.157779
92724 377.122787
92886 446.932279
93064 506.645530
93203 369.641127
93340 381.135515
93493 420.252468
93648 420.850215
93801 417.906856
93947 402.492906
94090 400.879158
94249 441.936962
94388 394.723043
94533 402.434850
94686 421.594795
94836 406.714732
94999 459.089366
95152 419.666469
95303 420.182343
95472 473.853020
95628 429.797119
95776 410.199398
95944 463.696407
96088 390.917638
96235 405.464045
96390 420.431829
96563 479.714986
96710 398.777644
96860 400.795087
97005 389.664126
97160 435.879320
97321 426.015986
97484 457.718056
97630 388.197296
97783 404.082224
97935 399.853200
98084 394.250485
98250 465.865430
98397 388.926163
98568 475.459656
98713 393.039790
98871 430.875227
99015 391.542374
99169 437.060731
99312 396.604004
99467 424.351716
99625 431.817713
99777 406.994128
99935 452.885057
100235 897.768002
100399 462.591629
100555 440.001026
100711 430.683389
100867 430.077197
101019 425.841399
101176 441.278491
101328 420.137379
101486 431.912196
101637 408.065221
101850 598.518010
101984 367.870298
102142 440.897177
102289 392.941316
102451 437.136118
102619 459.648919
102795 507.514938
102946 395.305967
103098 411.302340
103247 408.592511
103410 466.165628
103555 397.593683
103768 631.327063
103989 644.170599
104130 383.765911
104284 433.260076
104434 419.843839
104656 660.667069
104828 489.496717
105028 569.840794
105252 690.938436
105410 435.548429
105621 588.655623
105823 593.824818
106069 758.653165
106232 478.924732
106416 540.543626
106578 447.117543
106767 562.902168
106987 678.891091
107144 435.901206
107408 813.099545
107557 403.809351
107769 621.795135
107943 473.377239
108171 677.829994
108322 421.609360
108505 502.527563
108542 59.676706
108694 414.433380
108919 677.119102
109116 601.884056
109332 626.582559
109542 623.325202
109794 764.106334
110012 632.952327
110171 432.446845
110451 836.369198
110624 479.498729
110767 356.655565
110928 462.969336
111116 535.325096
111346 664.953268
111559 653.679444
111786 657.748503
112001 630.812270
112163 453.338676
112416 779.102221
112657 706.887813
112889 662.401886
113158 814.715598
113403 722.862537
113652 745.049761
113882 706.458236
114109 689.138869
114365 738.779273
114626 798.667325
114873 737.951544
115151 880.277037
115456 915.164922
115654 574.013971
115879 666.886798
116110 673.540121
116372 722.770664
116658 810.312895
116941 867.268672
117237 930.270873
117441 598.288768
117659 668.153418
117921 789.937619
118163 743.596841
118447 868.884038
118479 52.900929
118681 612.190531
118944 821.922425
119239 919.969251
119545 956.921916
119812 800.286480
120042 698.451216
120345 916.712842
120623 852.744802
120837 626.348051
121141 931.819861
121319 528.417502
121543 661.115966
121642 217.532357
121866 642.044845
122087 676.178238
122307 659.932528
122558 775.778513
122595 61.145567
122805 626.748349
123090 858.322984
123302 637.877887
123524 658.381949
123740 661.557688
124015 806.442953
124263 788.770734
124518 723.093737
124702 547.340985
124962 786.948564
125199 699.966791
125475 839.088777
125751 836.164750
126027 838.752612
126307 851.288835
126497 562.704816
126759 793.886456
127009 744.946467
127267 766.318348
127482 656.187655
127777 909.362906
128057 866.353070
128335 878.164168
128610 843.589915
128816 625.829776
128856 66.640824
129066 629.424798
129341 821.716322
129630 868.228273
129933 920.792253
130186 788.701450
130388 614.648432
130691 963.544316
130992 936.250294
131236 735.297004
131544 948.620929
131818 854.709908
132088 798.536360
132306 637.597385
132518 633.730111
132785 806.107237
132997 632.886972
133330 1012.231804
133598 784.725872
133939 1020.796317
134158 650.684300
134400 699.796292
134703 891.593219
135005 875.680411
135212 605.825770
135494 882.619502
135787 879.717346
135995 624.244560
136345 1053.502774
136656 941.520890
136886 704.673190
136928 70.117479
137305 1164.987074
137607 895.140031
137833 682.526664
138116 839.564306
138418 883.147088
138689 830.360178
138974 894.375305
139254 860.416967
139553 935.928722
139844 889.812025
140135 857.458187
140379 770.271202
140661 865.598015
140896 716.430241
141088 589.936524
141377 847.913238
141663 891.467318
141867 639.219042
141910 75.636025
142126 649.731306
142212 179.849952
142479 835.552482
142687 622.568669
142832 374.279897
143098 813.173519
143381 828.029216
143428 80.764928
143723 904.997552
144094 1120.442775
144366 860.170165
144667 870.820559
144943 840.740777
145266 959.444781
145358 200.558306
145663 894.861430
145832 486.270747
146113 860.562180
146161 81.803956
146462 916.379056
146739 835.248810
146942 588.232207
147226 857.265640
147256 50.063867
147563 937.103993
147847 867.964156
148149 923.973507
148453 914.616063
148746 884.749324
149102 1093.867924
149394 882.561398
149687 870.608641
149950 768.839801
150284 1060.135689
150611 986.202645
150988 1128.550092
151341 1094.830021
151673 1026.613869
151952 851.869071
152246 873.948595
152294 82.797780
152577 882.249126
152858 869.763606
153158 847.511174
153435 835.396184
153808 1141.442751
154018 643.325621
154286 852.490053
154548 813.021165
154748 587.472960
154950 583.438811
155165 625.684524
155208 73.374139
155507 924.403025
155814 904.719243
156053 748.938275
156354 889.942819
156558 632.982830
156840 872.705231
157062 653.204028
157266 597.667575
157557 841.754785
157853 918.358331
158227 1165.111550
158431 599.338985
158610 536.826006
158902 899.537911
159178 862.153390
159382 600.187373
159684 890.619869
159976 896.389553
160183 631.177787
160402 660.393911
160671 834.298398
160784 245.293577
160996 636.919474
161281 862.869744
161485 634.299546
161768 829.675907
162039 846.821226
162245 603.804281
162547 912.117234
162867 957.853530
163099 730.448529
163358 802.900169
163546 568.762441
163814 867.878955
164023 641.144733
164276 830.725550
164476 611.230204
164763 893.564935
165049 901.674750
165351 946.532564
165562 636.388998
165770 630.269464
165988 682.174122
166355 1146.615654
166561 641.609950
166779 655.008628
167005 684.581297
167217 622.840644
167415 599.874836
167627 646.703114
167912 870.146426
168207 913.876887
168249 72.716263
168304 98.046302
168513 627.191587
168744 732.006919
169038 924.547691
169092 95.604514
169365 876.946842
169403 65.508350
169439 63.066125
169654 647.249593
169949 891.690065
170284 1081.998437
170332 82.765581
170621 876.991294
170914 855.757647
171130 659.541438
171168 65.737720
171209 71.371003
171250 70.320228
171521 911.540651
171732 653.476246
171974 760.834347
172144 514.131859
172378 751.168314
172591 662.285964
172894 955.978016
173084 568.088738
173135 88.417179
173333 609.801014
173641 999.244816
173874 747.605647
174090 693.858481
174233 397.028573
174517 925.814313
174819 979.989589
175106 896.266740
175385 910.114872
175604 672.100259
175891 893.171698
176103 665.828664
176147 76.847724
176408 856.878567
176540 304.916628
176783 802.367831
177033 796.314305
177326 933.836483
177611 892.209812
177888 872.182291
178169 893.068160
178452 906.533769
178746 918.885146
179029 870.330713
179225 584.882778
179510 893.107977
179561 89.456790
179858 933.424590
180142 889.257244
180432 901.832663
180651 662.494587
180848 600.484659
181133 866.816916
181426 896.882935
181467 70.322365
181804 1090.740747
181841 63.143739
181974 316.568905
182201 717.267060
182335 358.170959
182646 944.041873
182844 589.032156
183130 903.366847
183178 84.541955
183497 1032.041683
183793 927.326365
184068 889.164334
184361 897.534124
184558 600.569157
184776 639.551630
185066 918.087083
185294 725.066954
185522 732.370979
185807 923.395463
186085 901.792077
186294 635.218872
186523 706.502673
186818 922.933839
187105 902.038068
187368 882.194726
187659 913.475765
187954 905.706788
188210 829.843043
188401 560.280967
188631 712.757756
188910 917.180560
189184 869.561237
189453 878.832035
189714 876.497261
190006 949.103504
190164 444.341634
190455 916.448107
190725 898.712994
191053 1051.997100
191303 805.604638
191508 635.007078
191784 909.156750
192033 805.521964
192333 954.759582
192573 771.505578
192865 899.134163
193184 1047.933186
193513 1054.013567
193805 930.733442
194027 712.225037
194251 672.590894
194501 825.563135
194788 901.624313
195157 1169.554634
195390 745.186465
195691 962.001044
195984 896.109516
196279 1008.481083
196577 946.268780
196811 749.175785
197036 710.066916
197308 871.216405
197615 955.744210
197904 945.076146
198158 830.765667
198213 97.889600
198270 102.728023
198559 955.827275
198831 881.295374
199097 816.752663
199413 1065.122733
199716 981.401573
200009 920.379892
200269 868.654625
200560 931.540795
200807 794.637414
201059 837.238457
201363 951.119227
201636 890.574013
201724 190.721117
202044 1055.887552
202294 815.842101
202580 894.649599
202905 1064.656970
203107 614.540788
203412 974.814620
203658 805.211178
203962 928.104612
204273 1005.344465
204555 854.943835
204861 990.880891
205147 925.454633
205393 812.815020
205444 89.177846
205702 850.180888
205995 949.206252
206266 884.480168
206566 961.321809
206858 904.626285
207152 935.409410
207406 845.197747
207688 942.103616
207974 866.546537
208190 668.279705
208499 1003.333160
208788 925.332045
209011 707.395110
209270 855.733819
209560 943.590438
209876 1070.044774
210115 761.739285
210340 675.247353
210644 995.841905
210934 936.295545
211074 362.795469
211362 930.675119
211634 941.384672
211907 916.251413
212176 898.438592
212451 932.235723
212685 763.631013
212997 973.610467
213244 812.473819
213543 942.022105
213848 1000.224273
214053 609.232672
214339 969.033388
214589 824.053269
214897 968.402500
215202 973.236192
215499 933.355247
215794 959.324702
216025 747.620817
216181 397.931377
216444 868.057903
216736 937.935297
217009 842.470950
217335 994.737185
217564 727.114338
217858 924.441274
218144 951.299070
218441 1022.587374
218731 963.598716
219015 945.822210
219272 828.319914
219563 920.033951
219834 884.766615
220129 945.717315
220439 997.538336
220701 855.781874
220984 865.375418
221257 898.963871
221479 712.009228
221761 912.334383
222047 919.988494
222349 985.273177
222627 919.630529
222691 119.574353
222972 892.025740
223261 959.578788
223547 900.946456
223742 602.046926
224035 945.695620
224342 1022.551785
224600 855.122686
224873 894.428255
225211 1140.401026
225496 901.056118
225812 1045.481796
226097 948.498757
226235 361.456782
226557 1098.571393
226773 664.595134
227020 804.776562
227335 1054.232368
227566 669.027971
227822 839.520923
228093 902.746771
228379 929.829967
228662 946.909773
228929 908.505080
229159 737.356790
229462 960.491829
229759 957.741093
230013 851.886046
230288 912.112815
230567 942.773679
230853 926.670546
231128 922.173544
231448 1065.188858
231732 880.105763
232019 958.605591
232279 882.317571
232556 916.164417
232832 898.219506
233141 1018.674049
233436 940.285239
233721 976.948377
234024 944.798408
234314 931.876962
234375 110.730165
234656 946.456948
234948 950.355117
235251 957.555952
235554 1001.073196
235643 196.917973
235945 991.995597
236230 908.273261
236498 907.005052
236557 107.089177
236864 1060.372600
237161 1004.784305
237454 950.743784
237740 905.556628
237787 82.763704
237827 70.240791
238133 984.154979
238421 981.361662
238614 607.954736
238897 932.916970
239184 941.146943
239422 783.007450
239686 868.646737
239986 938.756153
240239 831.587389
240537 976.416711
240832 921.691116
240877 80.138494
241159 940.832312
241509 1156.069885
241562 93.467440
241845 966.943032
242173 1110.223023
242438 875.677584
242745 1032.924178
243010 886.285893
243251 798.305822
243536 927.656544
243830 966.484533
244052 757.532187
244452 1374.400203
244723 898.198756
245069 1149.307517
245323 854.594716
245641 1039.982810
245928 956.931819
245995 124.092896
246270 964.336743
246534 858.646870
246793 843.768359
247089 958.852558
247392 1033.809185
247682 960.885283
247969 959.398997
248026 101.800407
248119 175.854152
248483 1125.062609
248785 890.755929
249116 994.695887
249471 1110.048846
249786 974.666661
250127 1023.494896
250471 1073.630365
250806 1042.902109
251180 1149.292980
251535 1085.115289
251631 183.835132
251966 987.811978
252319 1095.670987
252663 1081.057353
252721 104.012354
253272 1738.625186
253333 109.133638
253786 1483.874125
254112 984.342849
254467 1099.183986
254773 891.935549
255209 1425.161666
255584 1165.595336
255933 1080.755283
256248 974.523572
256310 111.247119
256696 1189.989901
257052 1074.917451
257384 1015.877631
257816 1394.232232
257887 131.673095
257951 116.332580
258015 116.211070
258506 1570.699540
258846 1077.147657
259135 860.149484
259464 991.925816
259798 1009.806495
260119 965.479230
260552 1373.305472
260868 946.788758
261205 1059.147355
261524 964.513409
261659 298.200783
261961 924.407469
262306 1088.376720
262620 932.828632
262985 1146.563863
263281 849.746618
263800 1675.987903
264102 897.550172
264415 959.264700
264867 1449.385707
265245 1255.881820
265598 1121.281668
266067 1528.172279
266431 1131.865686
266802 1208.086689
267138 1067.880743
267525 1202.342916
267898 1153.434060
268266 1187.663769
268623 1124.155241
269024 1274.354283
269334 920.984914
269664 1034.244135
270084 1352.105705
270485 1272.033941
270861 1199.323245
271184 1022.975280
271522 1103.633900
271831 972.793771
272148 1020.524598
272472 995.619642
272849 1247.301729
273203 1156.900912
273592 1234.949554
273938 1099.742626
274308 1221.357880
274657 1116.325907
275060 1358.730644
275433 1228.710523
275822 1253.557680
276211 1229.705790
276595 1224.858233
276900 928.844112
276964 115.855245
277362 1262.625135
277670 933.132885
278055 1255.933404
278119 115.593450
278183 116.354800
278578 1271.184617
278646 125.958250
278985 1119.862076
279329 1109.212977
279737 1309.965184
279806 126.634263
280253 1477.135885
280569 948.879696
280873 915.357553
281248 1216.824060
281673 1398.971924
282003 1003.988517
282384 1259.925639
282712 998.642065
283091 1245.072106
283184 182.558134
283441 712.539579
283809 1181.279554
284358 1816.530287
284855 1654.142960
285201 1120.205396
285635 1430.490785
285700 118.648909
286103 1295.647519
286189 165.214428
286354 412.565738
286756 1334.415776
287095 1070.944937
287589 1600.068998
287923 1018.127362
288237 946.126526
288633 1290.889948
289091 1490.199389
289466 1195.648014
289597 276.497203
290053 1517.530134
290491 1462.650205
290857 1162.130053
291178 950.933204
291634 1465.849416
291954 1005.801491
292420 1553.558680
292788 1156.570346
293230 1410.635745
293596 1142.102913
294120 1701.917886
294633 1674.030998
294973 1026.510452
295319 1094.943356
295723 1302.644630
296115 1248.995346
296512 1333.927079
296972 1523.638234
297424 1439.094111
297770 1091.373064
298247 1555.012355
298583 1048.951292
298955 1178.779987
299354 1284.752217
299515 405.965665
299871 1144.509341
300328 1497.556219
300662 1049.831531
301020 1158.843352
301510 1570.274317
302032 1724.089550
302656 2044.868041
303101 1482.981522
303449 1104.835233
303849 1303.915561
304195 1065.933377
304695 1577.121772
305125 1460.387248
305214 176.585341
305582 1188.515162
306019 1409.989351
306407 1290.325869
306643 673.857383
307053 1306.533529
307502 1493.323472
307898 1270.680428
308290 1280.092413
308634 1067.250172
309260 2130.398946
309589 1037.265821
310030 1425.538651
310567 1760.053059
311004 1429.875269
311428 1481.063704
311879 1504.896031
312280 1296.453418
312671 1175.913306
313069 1269.114075
313431 1166.659138
313818 1277.829273
314209 1168.805674
314583 1224.042952
314978 1299.716489
315069 182.087460
315379 940.947842
315888 1723.939726
316239 1161.471714
316649 1362.472792
317257 2071.977341
317768 1716.560327
318426 2223.307421
318846 1369.217430
319166 995.617920
319601 1439.135697
320000 1256.755037
320418 1367.950889
320806 1290.769632
321279 1609.750041
321654 1233.598648
322091 1442.837294
322523 1458.766806
322949 1413.844692
323227 922.221098
323502 820.135163
323985 1538.838681
324475 1673.948922
324862 1249.393970
325279 1284.810036
325802 1759.422757
326156 1209.546279
326517 1121.616959
327058 1820.200892
327516 1485.746324
328049 1835.444643
328607 1900.844178
329164 1847.541816
329628 1561.672052
330109 1675.562466
330481 1253.119430
330881 1239.351442
331301 1353.596891
331790 1600.610955
332252 1482.375638
332745 1709.380334
333100 1195.075416
333493 1238.935473
333917 1438.236849
334160 807.336662
334558 1250.558982
334972 1422.425363
335310 1063.370336
335670 1191.147934
336324 2198.082540
336868 1926.332453
337237 1234.172527
337687 1554.878667
337981 982.053494
338342 1197.746953
338724 1233.998664
339203 1561.708773
339925 2526.003825
340516 1981.227198
340607 181.604130
341322 2417.791555
341756 1460.863046
342171 1393.360154
342234 114.077485
342324 181.160623
342581 853.358057
342966 1189.879969
343490 1720.556154
343944 1488.332688
344034 182.622752
344373 1088.690905
344852 1610.981421
345546 2367.161211
345747 603.961871
346213 1563.458807
346577 1220.257744
346938 1206.134875
347355 1388.437442
347782 1408.329857
348129 1152.570604
348496 1197.410790
348946 1531.179107
349318 1274.946731
349639 1100.595432
350083 1521.734638
350455 1259.988680
350829 1243.122305
351283 1538.391917
351641 1209.437238
352098 1533.014297
352377 945.026999
352811 1440.261879
353144 1184.940719
353503 1204.503353
353761 846.180330
354017 850.995785
354494 1629.265765
354839 1191.952227
355157 1118.166238
355717 1904.971269
356143 1449.985294
356419 922.539513
356955 1862.463846
357351 1328.741842
357800 1552.106171
358161 1218.226361
358803 2277.384208
359226 1434.363682
359610 1204.133397
360037 1418.734552
360479 1530.241740
361082 2055.024864
361577 1627.298888
362029 1460.548810
362492 1550.588969
362857 1244.375649
363140 962.343696
363692 1872.270519
364128 1467.188685
364460 1151.075709
364820 1199.770294
365230 1449.286450
365750 1806.768615
366028 920.569686
366405 1250.701355
366989 2025.255442
367373 1329.739926
367731 1217.234764
368230 1685.870084
368661 1476.281945
369067 1347.365160
369468 1363.554718
369936 1593.485499
370290 1188.021895
370682 1311.765375
370836 372.010666
371282 1490.595144
371604 1088.898359
372133 1802.700079
372561 1490.930001
372921 1212.931351
373499 1817.009687
374087 1966.801355
374764 2381.747383
375172 1408.011646
375585 1409.514723
376080 1639.292280
376582 1601.315663
377099 1759.690822
377166 122.137435
377515 1193.697204
377858 1144.954547
378302 1527.468120
378756 1578.021968
379192 1489.682595
379605 1421.111602
380034 1504.662319
380514 1630.117888
380925 1330.128890
381473 1855.225628
381566 188.097145
381998 1484.373117
382156 380.320287
382580 1439.187212
383027 1509.287578
383503 1629.688086
383985 1671.715483
384476 1632.880855
384895 1440.649507
385316 1452.411726
385838 1774.736071
386246 1391.885042
386792 1859.718434
387234 1519.532964
387666 1476.028454
388096 1414.747175
388490 1260.082895
388934 1535.544796
389024 176.064092
389455 1478.224877
389486 54.926276
390038 1894.595262
390569 1825.842150
390988 1447.968377
391025 66.936697
391054 51.185684
392054 3359.938350
392528 1642.238082
393054 1758.037670
393514 1544.718095
393791 826.250060
394315 1774.588407
395243 3294.416115
395655 1417.646796
396053 1351.966001
396654 2040.728536
397015 1228.352605
397413 1312.090033
397868 1581.474141
398228 1189.069452
398657 1447.297336
399084 1435.723608
399514 1479.787744
399926 1387.171514
400112 550.643158
400590 1619.988985
401177 1977.232978
401743 1946.299560
402280 1846.746289
402443 404.272786
403031 2016.110258
403549 1788.384709
404047 1692.399752
404548 1722.264794
404920 1259.843759
405514 2106.864571
406394 3032.156785
406824 1475.916132
407238 1419.207581
407755 1752.107421
408097 1172.951751
408619 1797.646272
409148 1774.139686
409597 1549.752033
410023 1474.219214
410348 1108.150616
410780 1482.979358
411242 1585.303365
411664 1444.448910
411691 48.113317
412096 1371.560872
412371 824.192575
412901 1792.617043
413366 1616.240128
413758 1269.876199
414112 1210.864281
414536 1401.913513
414987 1578.695224
415418 1472.506638
415825 1377.696170
416234 1407.849087
416749 1831.672327
417128 1300.796782
417407 943.695177
417442 62.818289
418065 2157.684963
418497 1494.810352
418528 55.633276
418799 872.698609
419397 2073.953622
419905 1728.407882
420074 464.881370
420591 1727.006241
420958 1141.867724
421322 1236.028383
421861 1887.927784
422296 1459.382257
422702 1415.392503
422977 924.005053
423397 1472.654949
423897 1762.400041
424458 1924.249856
425001 1830.235020
425599 2043.353053
426110 1763.372048
426345 785.957589
426805 1534.447456
427462 2312.322969
427993 1886.334894
428993 3356.041079
429431 1425.132367
429523 186.938181
430087 1981.308696
430679 2082.413581
431102 1402.929861
432102 3363.398863
432848 2469.677636
433330 1625.112102
433839 1723.692589
434538 2396.471476
434566 49.217011
434592 45.523545
435119 1800.913867
435152 59.229650
435179 47.448958
435612 1440.269603
435641 52.280641
436124 1647.415874
436569 1487.492052
437024 1546.669778
437286 834.697558
437954 2253.057133
438728 2734.463141
439164 1474.468488
439768 2113.499208
440370 2083.834140
440989 2099.363405
441618 2099.777515
441713 190.878287
441809 197.392573
442269 1560.920235
442899 2196.904334
443333 1510.270234
443365 58.752751
443652 953.477807
444021 1292.555575
444353 1147.471900
444901 1919.437623
445423 1750.764585
445516 194.699758
446221 2441.030448
446825 2074.365682
447825 3393.811009
448293 1586.840749
448890 2058.880587
449338 1436.356678
449957 2223.880346
450172 623.557105
450461 970.845361
450494 59.622945
450527 58.912855
450621 195.551748
451046 1458.542882
451524 1714.551239
452524 3384.001096
452749 640.327498
453198 1483.657955
454198 3331.942016
454228 53.888323
455228 3443.491110
455322 191.775521
455353 55.528034
456353 3309.601621
456388 63.141789
457388 3280.392767
458154 2622.830437
458670 1781.086799
458737 122.805968
459661 3063.227755
460205 1803.206411
460534 1162.809703
461314 2716.194451
461711 1371.873863
462201 1675.166357
463201 3433.582544
464201 3347.560016
464863 2155.657518
465413 1856.503719
465804 1303.158998
465835 55.355816
466835 3140.958883
467433 2035.109074
468433 3338.462849
469433 3159.680536
470433 3302.165078
471316 2992.460799
471827 1726.884678
472827 3307.633471
473079 783.164622
474079 3315.505320
474317 725.105736
475317 3246.014276
475848 1818.166744
476848 3383.371153
477146 1074.471971
478146 3153.157306
478882 2499.628438
479617 2446.517410
480617 3179.122469
481317 2453.705569
481981 2066.247006
482981 3250.056390
483981 3313.637681
484981 3303.784172
485071 175.333159
485436 1238.145774
485842 1371.611845
486096 802.799753
486546 1525.222524
486935 1308.139161
487935 3221.600463
488767 2766.471305
489495 2460.166807
490495 3255.203404
490936 1313.638202
491936 3180.810211
492936 3266.073945
493191 835.436502
493427 734.560123
494166 2370.209492
494965 2520.783449
495965 2999.326275
496451 1692.635936
497451 2977.226478
498054 2092.995404
499054 3109.797035
500054 3296.871398
500089 63.276274
501089 3257.055745
501180 177.102258
501209 52.358949
502209 3342.324618
503209 3244.872148
504209 3287.237298
505209 3313.743894
506209 3244.404509
506240 55.044583
506270 54.363747
506300 53.190988
506521 622.460926
506557 65.999593
506587 53.710219
507499 3222.664238
508332 2767.506003
508577 798.851767
508616 70.984553
509616 3294.909996
510616 3167.862746
510772 386.967950
511772 3255.395841
511803 56.151646
511839 65.185638
511868 51.837550
511897 52.247844
511928 55.834119
512289 1215.240260
513018 2409.341112
513619 2042.304060
514619 3191.885469
515340 2444.192595
516340 3215.392693
516370 54.133493
516693 884.772530
517453 2371.828030
517693 652.442968
517762 127.885949
518201 1437.101178
518606 1314.673490
518846 660.150387
519330 1461.087969
519880 1710.901768
520371 1449.210072
521094 2345.429137
521131 66.467652
521493 1273.767623
522013 1710.764334
522762 2517.288857
523730 3083.104513
523882 371.891816
524114 657.138292
524338 618.978705
524770 1419.754194
525641 2795.446417
526641 3059.023990
527000 1134.172908
527519 1782.121473
527947 1414.975233
528250 1047.498005
529250 3305.479298
530037 2590.197551
530487 1518.632059
530518 55.508156
530840 1116.296829
531075 672.828792
531104 51.703039
532104 3277.123837
532139 63.989333
532854 2474.453392
533200 1168.408628
533483 944.128237
534483 3224.386523
535483 3250.080062
536483 3332.702209
536827 1182.567871
537794 3193.083796
538794 3329.030989
539794 3247.630104
540071 936.824159
540375 1060.653404
541375 3175.856118
542375 3273.099751
542772 1353.616595
543031 865.096399
544031 3301.939652
545031 3238.879098
545355 1121.385665
546355 3276.216218
546624 902.378540
546917 1012.200328
546948 55.550024
547212 889.139210
548212 3217.971774
549212 3274.581007
549530 978.053532
550530 3338.921442
551530 3380.630417
552338 2640.479043
552373 63.117829
552549 520.409830
552954 1426.959312
553178 730.870568
554178 3335.875633
554463 963.372612
554739 972.026330
555221 1550.430183
555529 1087.566717
555875 1225.308577
556154 950.086157
556365 675.660643
556603 784.330264
557603 3269.857745
557874 898.007170
558276 1214.561557
558544 890.118856
558815 901.607043
559079 872.986471
559358 921.166822
559624 901.622925
559906 942.231387
560194 970.424217
560226 58.146719
561226 3328.127256
561397 442.639047
561669 928.394468
561982 1094.378667
562291 1078.025775
562564 936.910244
562847 930.149474
563137 979.935859
564137 3340.985411
564349 641.555222
564660 1073.341633
564953 994.638303
565953 3262.401101
566953 3233.739584
567559 1966.899045
567919 1223.671229
568197 941.478287
568543 1159.311585
568760 669.480797
569052 1048.324514
570052 3237.087505
570355 993.560780
570682 1127.842876
570908 733.117749
571908 3334.249313
572292 1157.177561
572507 656.226169
572609 196.059732
573609 3384.433364
574609 3252.789786
575609 3208.637235
576609 3350.765095
577609 3350.042122
578609 3248.463636
578876 891.105410
579541 2280.705697
580541 3235.576592
581541 3362.582093
582541 3334.273126
583277 2422.041804
584277 3282.410019
585277 3237.543666
586258 3350.686440
587258 3275.142875
587416 378.640881
588416 3289.431150
589416 3201.256656
590416 3243.003767
590515 183.180508
591515 3268.289067
592515 3271.840000
593252 2497.971088
593722 1684.064933
594722 3336.764964
595468 2553.414710
596468 3367.488695
597318 2963.825562
598318 3332.599060
599318 3213.182684
600318 3209.168686
601318 3375.579224
602318 3189.529442
602977 2196.014069
603977 3298.530042
604977 3352.177962
605977 3293.792829
606508 1857.248003
606831 1129.220805
607327 1658.226097
607940 2123.798638
608238 981.080840
608660 1443.567354
609022 1245.375198
609326 980.698150
610030 2434.213948
610375 1208.208668
610824 1553.051953
611069 706.939999
611515 1509.756224
612107 2011.965417
612796 2368.297073
613093 877.461469
613450 1209.466774
614156 2471.586750
615156 3333.330714
615797 2164.981243
616797 3269.867063
617305 1754.860208
617776 1679.788388
618776 3413.912142
619702 3191.702992
620321 2080.508732
620768 1540.312773
621110 1200.764880
621452 1168.978825
621903 1536.037630
622296 1332.337561
622534 792.696857
622929 1329.321628
623282 1229.461623
623890 2093.409746
624373 1577.802454
625195 2827.701157
626035 2882.140009
626902 2994.108848
626992 175.925562
627626 2142.281561
627729 199.161366
627817 174.405738
628737 3150.024467
629737 3335.069235
629824 171.903068
630311 1683.888781
630402 181.164002
630490 175.641250
631076 2021.333693
631730 2276.887720
631991 720.385194
632088 185.902440
632696 2062.200442
633574 2951.079619
633706 295.512082
634706 3268.425300
635137 1350.771912
636137 3445.447051
636412 929.592216
636932 1664.544945
637079 366.045180
638079 3311.732963
639079 3399.982884
639959 2930.969349
640842 3110.370379
641180 1186.173905
641874 2186.961189
642874 3362.521670
643032 383.749478
643521 1719.945842
643621 184.187426
644621 3320.412737
644712 180.975450
645712 3264.204047
646712 3492.881559
646798 163.774732
647119 966.606156
647217 187.854565
648217 3329.824103
648431 542.423286
649431 3419.278424
649584 366.070413
650584 3347.488742
651584 3392.158254
651800 537.081071
651898 186.314757
652526 2118.853952
653526 3444.617978
654526 3270.206132
654998 1664.924291
655369 1299.499752
655780 1401.277003
655942 388.354870
656942 3416.192716
657883 3243.385011
657982 184.714662
658858 2937.199572
658952 169.520828
659049 184.152694
659278 604.780883
660278 3361.215735
660375 180.007985
661079 2468.492188
661164 163.161962
661721 1863.471711
662721 3367.894881
662810 179.720103
662894 160.551052
663047 385.646017
664047 3363.114655
664198 365.477859
664282 158.925019
664731 1504.866911
665553 2851.760600
665650 180.043687
666650 3237.140597
667123 1596.792373
667209 168.699811
668209 3323.151863
669200 3449.271884
669288 170.360960
670288 3285.133127
671269 3350.902158
671415 372.042218
672210 2628.139558
672430 683.883877
673430 3348.740523
674430 3321.863300
675430 3391.443875
675937 1769.834636
676667 2512.849137
677667 3304.385161
678667 3228.305549
679667 3337.799939
680441 2483.137658
681441 3355.182997
681744 949.705572
681957 600.948923
682957 3442.325086
683957 3379.318895
684043 167.014228
685043 3387.668053
686037 3308.940792
687037 3205.309881
688037 3237.625623
689037 3282.036825
690037 3388.177891
690779 2545.802215
691434 2173.773509
691470 64.527216
692470 3279.972114
693470 3216.197827
694470 3213.055562
695470 3213.646746
696033 1751.227988
697033 3302.871207
698033 3273.983854
699033 3294.283578
699495 1572.395968
700495 3335.263286
700582 169.756072
701582 3254.896378
701807 715.046800
701896 172.749385
701983 170.462823
702214 650.104620
703214 3334.576495
703434 635.134998
704434 3398.706237
704501 123.177351
705501 3135.415141
706501 3102.382651
707501 3438.417510
708501 3273.765613
709501 3208.053048
709588 171.061049
710588 3262.320206
711588 3254.096602
712588 3255.664187
713588 3293.979342
713976 1337.660771
714976 3233.448194
715976 3285.310271
716180 617.763006
717180 3300.122039
718180 3295.673749
718332 369.517068
719332 3370.062749
720001 2111.194316
721001 3234.965887
721150 394.082516
721939 2723.432670
722939 3258.288802
723939 3228.004834
724939 3238.707733
725939 3261.843644
725991 93.467918
726991 3258.261169
727991 3310.420063
728991 3187.009343
729991 3277.817951
730991 3383.504798
731544 1779.553106
732544 3272.499826
733544 3300.079199
734544 3233.428429
734583 71.001384
735583 3312.107167
735668 160.827388
735818 381.308141
735966 352.563351
736966 3285.181489
737117 380.506512
738117 3228.673081
739117 3155.594246
739981 2780.165576
740600 1890.761939
741295 2198.887625
742295 3220.690791
743295 3239.515864
744295 3212.023650
745295 3199.849846
746181 2811.746146
746545 1256.160482
747545 3203.310811
747694 342.902096
747995 835.226386
748587 1815.830969
749085 1516.540023
749257 461.115497
749299 75.513342
750215 2988.738968
751215 3322.153061
752136 3124.205564
753136 3261.900522
754136 3232.912658
755136 3282.421876
756136 3317.644822
757136 3304.937930
758136 3343.588163
759136 3275.225933
759353 626.444048
760353 3350.247894
761353 3297.190271
761564 603.755419
762564 3216.632060
763041 1445.169777
763195 397.446983
764195 3239.362431
764558 1031.441917
764694 320.757024
764954 813.378211
765954 3199.199904
766954 3239.303956
767211 784.330663
767467 838.134812
768467 3123.079306
769467 3168.137290
770112 1950.974352
771112 3214.964634
771198 171.431905
772198 3181.527269
773198 3148.417210
773448 796.301162
773615 447.894278
774615 3147.684140
775615 3143.035787
775839 573.693532
776839 3200.067138
777065 703.456062
777843 2384.873930
777995 403.566684
778204 512.742209
778350 367.056474
779350 3195.310275
780113 2416.242043
780342 729.783186
781342 3184.988686
782342 3141.601824
783342 3168.566482
783892 1816.036610
784412 1592.181614
785412 3229.921741
786412 3201.352524
787412 3135.600693
787620 499.317202
787834 519.631312
788241 1151.281175
789224 3149.629062
789439 516.535081
789708 679.528288
789914 497.007617
790360 1341.481839
790575 522.092407
791458 2770.381571
792090 1954.016591
792300 497.349033
792665 1083.922662
792873 512.839373
793139 695.490117
793396 695.460831
793813 1175.383120
794415 1913.826917
795415 3250.806119
796328 2860.822908
797328 3199.725321
797588 700.883574
797737 345.672181
798737 3148.126430
799737 3159.693966
799948 510.550296
800335 1115.074002
801335 3206.183211
802308 3066.836761
803308 3213.737444
803583 767.606291
804583 3209.241808
804919 904.501692
805919 3148.221453
806919 3140.581502
807919 3051.731267
808721 2487.494244
809721 3167.904028
810721 3204.200263
810930 509.592451
811133 551.859957
811505 1088.639562
812437 2952.345318
813437 3202.424983
814003 1681.292458
815003 3149.928662
816003 3349.539721
816037 59.828650
816252 648.572840
816399 378.449046
817399 3317.120906
818399 3314.263348
819399 3341.060215
820399 3366.314054
821013 2110.238059
821173 419.350368
821329 402.145502
821421 163.191190
822200 2712.467379
822783 1959.492494
823783 3320.110900
824783 3350.717298
825586 2713.393624
826586 3385.491208
827159 1927.414867
827821 2275.457284
827968 351.909831
828968 3443.169612
829323 1105.027043
829471 366.265313
829628 410.512524
830422 2740.008985
830980 1906.853264
831497 1754.939607
832497 3365.403988
833497 3395.014479
834153 2270.640342
835153 3316.452264
835850 2384.214966
836688 2963.933533
837437 2563.881753
838437 3391.451698
839437 3476.530859
840172 2486.592649
840340 461.216347
841340 3367.231712
842069 2514.135635
842908 2881.462488
843908 3326.081928
844908 3403.709304
845908 3338.368422
846877 3306.083148
847657 2674.486950
848421 2654.123351
849216 2726.002337
850177 3305.845588
851177 3401.963454
852177 3421.539245
852749 1960.478555
853574 2890.403206
854452 3037.535996
855118 2374.822377
855663 1903.964426
856663 3417.231634
857413 2612.869107
858060 2250.733638
859060 3419.436411
859665 2069.053563
860341 2383.280950
860865 1808.825288
861443 1986.444030
861942 1719.988237
862942 3342.756441
863942 3448.551369
864611 2317.525859
865577 3305.072442
866419 2937.307879
866799 1274.224798
867596 2741.708452
867807 541.328739
868295 1621.148211
868503 502.517091
869003 1696.309555
869456 1528.359688
870260 2798.298195
871176 3151.561842
872176 3376.006251
872923 2595.953565
873006 152.446888
874006 3321.555806
874573 1889.932470
875314 2602.033939
876138 2837.983195
876388 801.178217
877388 3322.150543
878388 3325.349115
879245 3030.949553
880245 3232.336690
880326 149.201019
880537 510.348930
880939 1201.547034
881469 1784.879558
881615 347.026522
881696 151.311841
882696 3339.318786
883696 3377.700146
884696 3292.230770
885696 3438.474882
885780 157.560884
886780 3384.032298
887780 3321.585109
888780 3307.949774
889488 2442.515120
890087 2012.443820
891087 3402.225576
891965 3053.646997
892465 1665.162332
893465 3470.449409
893670 499.614423
894408 2560.557491
895181 2739.417379
896181 3448.259701
896674 1682.703098
897123 1396.605758
897723 2088.716851
898164 1404.590678
898904 2535.025886
899904 3388.789460
900904 3342.561092
901379 1587.587728
902379 3388.303464
903244 2992.055173
904244 3408.806280
905244 3408.294285
905325 150.871032
905408 155.635165
905490 155.689750
906490 3269.429598
907490 3389.654742
907973 1659.265180
908813 2892.162168
908980 403.779486
909980 3293.827230
910134 363.805033
910780 2120.954873
911551 2606.268666
911759 510.047886
912759 3239.623855
913759 3276.007351
913971 520.688719
914971 3311.141225
915971 3273.454567
916889 3023.920976
917889 3259.079534
918889 3287.610032
918921 56.626677
919921 3389.627108
920921 3240.536944
921921 3336.648501
922132 520.515512
923132 3350.439716
924132 3336.017412
924344 523.354000
924494 360.803599
925098 2044.054256
925311 539.949533
926311 3384.573165
927286 3155.271726
928286 3319.587166
928940 2285.371795
929940 3349.139962
930378 1491.577631
930536 405.882448
930578 76.077888
931578 3316.643163
932578 3366.130713
933578 3395.236306
933614 64.384577
933766 356.509366
933799 59.123873
934393 1911.128228
934538 357.846286
935481 3286.988569
935930 1510.680561
936662 2531.947925
937385 2505.942503
937940 1891.530522
938495 1911.379316
939094 1960.642830
939348 693.450081
939935 2003.833603
940478 1786.305777
941219 2536.642432
941302 153.845873
942063 2595.417618
943063 3474.452925
943724 2281.071770
944703 3463.235282
945703 3323.379782
946664 3370.166813
947126 1552.013908
947827 2437.863263
948537 2513.602277
949340 2813.733276
950071 2540.874987
950525 1527.792205
950963 1469.167007
951891 3269.138154
952891 3461.164989
953229 1056.639074
953647 1380.433616
954296 2213.902590
955296 3485.719937
956296 3466.104766
957296 3495.907680
957905 2159.936912
958864 3361.189802
959599 2563.564687
960599 3472.218423
961599 3494.076788
962066 1587.223463
963066 3456.258168
964066 3384.470608
965066 3383.119258
965292 621.710779
966292 3446.730217
967292 3436.929429
968292 3435.490518
969292 3451.578494
970292 3457.662267
971292 3481.714759
972292 3443.458603
973292 3382.708803
974292 3422.673338
975292 3458.784542
976292 3405.115157
977292 3381.435256
978292 3395.362065
979292 3416.746679
980292 3317.247499
981292 3430.484184
982292 3342.418364
983292 3420.111614
984292 3393.364124
984933 2249.309852
985933 3363.391280
986933 3385.047529
987409 1577.250999
988409 3461.586730
989409 3392.348511
990409 3475.505889
991049 2227.471597
992049 3435.361493
993049 3451.231739
993496 1520.436831
994496 3418.600348
994643 369.247448
995643 3480.669919
996643 3431.886192
997536 3213.800659
998536 3509.726614
999318 2719.171611
999625 979.814968
1000371 2572.253662
1000766 1272.907244
1001429 2325.063309
1002429 3458.391437
1002989 1933.706364
1003989 3446.927655
1004989 3499.470514
1005722 2589.834105
1006246 1818.161647
1006469 681.673352
1007469 3494.923604
1007612 356.952902
1008359 2629.159913
1009009 2286.275412
1009658 2275.108414
1009830 466.738870
1009979 374.702093
1010152 468.762894
1010301 369.134168
1010853 1904.905927
1011601 2557.465913
1012601 3529.681709
1013601 3582.467043
1014601 3484.695595
1014744 355.757966
1014891 373.679085
1015035 355.057703
1015905 3032.408085
1016674 2726.487817
1017004 1009.862835
1017160 408.583146
1017739 2020.282493
1017901 406.435970
1018898 3502.221928
1018983 163.108447
1019023 72.185824
1019582 1960.689065
1019668 162.007201
1020668 3408.302102
1021167 1725.078071
1022167 3429.920884
1022735 1990.087076
1023735 3446.796907
1024659 3241.280090
1025602 3341.623060
1026007 1330.688758
1026374 1173.158073
1027310 3310.027117
1028310 3553.037590
1029310 3473.496961
1030310 3502.154084
1031310 3386.258497
1032173 3035.397067
1033173 3367.407612
1033259 169.507821
1033970 2483.955872
1034970 3454.403270
1035970 3452.378939
1036970 3431.548165
1037970 3434.333327
1038970 3451.281858
1039970 3452.228743
1040970 3373.242061
1041970 3450.294543
1042970 3426.326762
1043970 3391.757263
1044970 3433.623290
1045367 1193.477364
1046367 3454.549363
1046583 546.655912
1047583 3372.479763
1047800 546.038990
1048800 3370.042820
1049800 3329.722384
1050800 3311.597955
1051109 851.169645
1051815 2172.646083
1051854 69.988817
1052065 535.656960
1052270 500.255092
1052475 497.501898
1052509 61.910523
1052720 528.315023
1053720 3036.670765
1054720 3093.860207
1054755 63.337020
1054967 526.564363
1055472 1513.583211
1055678 506.325243
1055895 551.702374
1056789 2681.602831
1057604 2502.910920
1058604 3094.405363
1058812 517.385000
1059812 3231.192698
1059850 68.463332
1060176 923.884920
1060925 2264.869311
1061144 563.113342
1061181 66.318121
1061399 544.793386
1062092 2102.493979
1063092 3095.155154
1063601 1526.584612
1063802 493.246473
1064009 514.353271
1064976 2942.287035
1065181 497.298409
1065625 1372.783931
1065863 715.318297
1066072 598.788099
1066314 722.532015
1066819 1520.881871
1067743 2944.535527
1068700 3012.150376
1068967 709.042392
1069281 853.358351
1069508 591.301485
1070301 2396.257625
1070707 1172.350687
1070917 509.299330
1071140 677.884704
1071848 2359.724931
1072848 3103.800036
1073848 3126.065287
1074068 654.882036
1074228 427.924575
1075127 2752.403891
1075342 547.491878
1075552 507.498744
1076552 3160.727813
1077015 1463.739473
1077226 522.885019
1077431 504.752263
1077688 803.866749
1077948 814.756665
1078845 2904.110815
1078934 170.474554
1079416 1511.926491
1079831 1179.766683
1080030 595.222322
1081030 3234.592216
1081444 1193.611848
1081652 519.756695
1082288 2063.479353
1083010 2356.321115
1083165 402.428354
1083377 532.683508
1083680 856.582181
1083888 512.991601
1084537 2154.967374
1085418 2740.174555
1085716 835.555632
1086349 1958.350267
1087055 2225.728667
1087213 400.331060
1087833 2034.972055
1088050 543.337810
1088899 2705.422522
1089604 2153.903623
1089814 519.142323
1090349 1682.443319
1090651 860.302417
1091257 1828.091425
1091637 1075.744614
1091847 506.221629
1092528 2232.188828
1092838 888.020401
1093838 3212.040988
1094816 3177.574289
1095045 651.432679
1095547 1499.798019
1095761 531.509689
1096404 2087.334378
1097164 2502.012035
1097378 531.074620
1098198 2588.797916
1098784 1815.550437
1099171 1124.089705
1099382 524.907019
1099898 1650.163594
1100450 1748.513106
1100659 512.433828
1101659 3195.944149
1102514 2965.547836
1102914 1297.219137
1103482 1835.540647
1103703 561.047630
1104254 1768.050738
1104916 2269.411037
1105916 3391.055624
1106688 2548.304315
1107393 2305.240443
1108013 2067.327192
1109013 3468.863954
1109781 2628.855147
1110308 1660.943010
1110851 1820.338835
1111604 2652.705332
1112256 2199.955707
1113256 3384.029390
1113459 600.141884
1113848 1324.811047
1114063 540.491908
1115063 3363.328610
1115518 1455.723472
1115737 685.268090
1116451 2488.886774
1117173 2343.379284
1117592 1336.999264
1117801 619.170677
1118176 1245.746559
1118391 659.889445
1119255 3006.393886
1119407 395.192703
1119621 542.316532
1120621 3439.108903
1121256 2094.466282
1121791 1839.883334
1121946 373.837615
1122854 3121.423251
1123061 629.862889
1123990 3224.649237
1124090 190.382070
1124188 185.093289
1124345 382.579343
1124797 1469.159695
1125460 2237.186224
1126328 2916.054993
1126763 1429.879292
1127212 1500.496735
1127851 2090.563178
1128608 2594.822788
1129526 3296.512224
1129744 558.830396
1130374 2192.557449
1130951 2001.400585
1131599 2290.402413
1132435 2975.796196
1132882 1514.712329
1133452 1987.679875
1134452 3500.953100
1135071 2125.050786
1136071 3419.058405
1137071 3431.557625
1137463 1333.446010
1138039 1958.548482
1138544 1672.604993
1139374 2958.529289
1140142 2712.915236
1141142 3434.377302
1141993 2981.157355
1142993 3454.558368
1143993 3499.516652
1144993 3488.682181
1145633 2241.465828
1146083 1525.257104
1147083 3494.120771
1148083 3515.714762
1148973 3070.076769
1149513 1858.775563
1150513 3440.758292
1151244 2609.107503
1152091 3011.546747
1152500 1352.498940
1153219 2487.852214
1153388 411.299873
1153443 99.177845
1153604 399.762567
1153664 109.907839
1154501 2994.913496
1155226 2513.316818
1156226 3451.904945
1157226 3456.388235
1157873 2207.639017
1158873 3457.199637
1159578 2513.893812
1160578 3399.626215
1161104 1780.631796
1162104 3433.241051
1163104 3405.643328
1163449 1072.535444
1164449 3485.631251
1165173 2566.617816
1165986 2877.681509
1166986 3456.999099
1167986 3469.397906
1168986 3400.427732
1169986 3472.227194
1170926 3291.723084
1171926 3512.320445
1172860 3339.399170
1173860 3474.502417
1174860 3452.076073
1175455 2068.585247
1176455 3460.132837
1177310 3047.072705
1178269 3297.111934
1179042 2732.356260
1180042 3521.733100
1181042 3474.384751
1182042 3512.181385
1183042 3456.833827
1183818 2743.139333
1184648 2938.780600
1185648 3460.254619
1185811 409.497829
1186811 3525.308804
1187811 3439.062605
1188811 3483.589043
1189385 1981.547039
1189418 59.657842
1189986 1968.711617
1190087 194.568938
1190792 2436.344088
1191570 2691.611965
1192356 2667.773418
1192573 674.002567
1193573 3465.374553
1194495 3281.773750
1195495 3546.804774
1195831 1119.014119
1196046 648.795091
1196965 3214.670275
1197965 3447.557105
1198951 3444.724874
1199951 3506.448508
1200951 3455.209239
1201951 3506.579225
1202047 178.957865
1203047 3498.304412
1204047 3520.666039
1205047 3523.109507
1205132 164.177844
1206016 3073.549035
1207016 3483.089645
1208016 3516.273214
1209016 3445.166392
1210016 3463.498643
1211016 3467.387738
1211833 2837.341081
1212584 2456.136071
1213045 1551.406266
1214045 3466.230539
1214569 1817.322830
1215569 3452.427873
1215787 556.015177
1216763 3454.241871
1217763 3495.291370
1218331 1950.491412
1219331 3485.440629
1220049 2554.251868
1221049 3506.052258
1222049 3470.084646
1223049 3493.538319
1224049 3448.089446
1225049 3443.702530
1225147 180.633585
1225868 2429.223173
1226082 542.356742
1227082 3481.212226
1228082 3491.833705
1229082 3520.682393
1229848 2697.483243
1230848 3495.270844
1231347 1686.372046
1232347 3425.070319
1233347 3411.246902
1234347 3473.863105
1234819 1551.826049
1235346 1781.016793
1236015 2288.233312
1236423 1335.455908
1237423 3469.932731
1237518 176.934282
1238442 3263.330986
1239442 3524.630472
1240442 3501.166440
1241442 3504.781605
1241609 417.677133
1242609 3491.216169
1243609 3512.391864
1244095 1662.732684
1245095 3473.513675
1245437 1064.716125
1246437 3445.223890
1247437 3496.260302
1247591 385.947705
1247676 161.187165
1248676 3506.564924
1249676 3522.122992
1250676 3537.479891
1251676 3469.371294
1251892 555.679921
1252892 3489.299338
1253892 3401.298188
1254892 3468.955295
1255892 3444.239794
1256355 1537.006329
1257355 3462.518120
1257871 1660.098419
1258568 2374.470140
1258838 763.702978
1259423 1955.218972
1260423 3539.449770
1261418 3484.197072
1262129 2428.772679
1263129 3497.466100
1264129 3477.735249
1265129 3509.521409
1266075 3356.594620
1267075 3463.708350
1268075 3485.276470
1269075 3463.381296
1269336 737.243340
1270336 3492.749221
1271336 3504.016006
1272336 3516.896319
1273336 3449.789094
1274336 3478.668293
1274699 1207.248466
1275699 3412.341090
1276170 1590.685066
1277170 3519.628836
1277737 1958.118406
1278386 2250.105082
1278705 980.964817
1279705 3472.070840
1280703 3539.143818
1281150 1479.182861
1282150 3469.274181
1283150 3508.256204
1283958 2725.937334
1284891 3307.587535
1285891 3523.894857
1286891 3522.080832
1287891 3482.998690
1288657 2670.114235
1288873 651.961015
1289570 2440.961358
1290570 3480.140904
1291570 3430.213760
1292570 3544.496832
1293570 3520.026440
1294111 1859.999665
1294821 2470.699539
1295821 3502.759959
1296298 1622.614497
1297155 2998.636497
1297765 2139.681047
1297799 60.953589
1298799 3476.056571
1299799 3487.898156
1300799 3484.460019
1301799 3505.954715
1302799 3541.739993
1303799 3428.665400
1304799 3512.864865
1305555 2663.133120
1305770 656.581095
1306344 1983.849282
1307344 3496.045777
1308344 3437.758559
1309062 2508.506739
1310062 3481.820392
1311062 3471.220029
1311682 2119.003176
1312682 3467.334037
1313682 3470.998449
1314271 2018.646323
1314761 1695.811780
1315087 1090.050943
1315354 768.409656
1316270 3256.828548
1317270 3461.136310
1317612 1160.807480
1318007 1307.805960
1318277 786.085769
1319277 3489.339613
1319724 1524.535204
1320724 3498.906970
1321059 1090.886320
1321542 1639.854919
1322542 3514.463335
1323301 2634.416763
1323735 1489.853333
1324735 3475.130211
1325735 3493.916992
1326735 3476.636828
1327735 3494.081831
1328259 1804.535862
1328750 1693.568677
1329750 3456.878194
1330750 3536.752241
1331750 3505.232484
1332750 3492.551230
1333750 3456.426776
1334750 3485.541031
1335750 3450.840879
1336750 3472.564661
1337750 3491.697913
1338750 3407.097872
1339750 3505.799531
1340750 3469.706333
1341750 3422.330699
1342668 3267.993508
1343668 3515.788900
1344668 3513.359132
1344841 432.973323
1345724 3076.052647
1346035 993.930168
1346391 1162.037629
1346653 786.077155
1347653 3488.298102
1348653 3509.117486
1349025 1208.352852
1350025 3432.302426
1351025 3482.970669
1351497 1570.014268
1352497 3490.388846
1352767 785.640599
1353767 3473.386221
1354767 3492.740703
1355767 3489.096577
1356244 1622.096341
1357244 3459.111569
1358244 3489.482877
1358926 2415.804198
1359926 3522.048398
1360926 3531.350637
1361926 3476.448755
1362926 3485.853873
1363926 3497.144255
1364926 3477.317132
1365926 3469.488173
1366134 503.282353
1366538 1211.360487
1367538 3315.233649
1367750 525.978377
1367959 524.829615
1368162 492.030953
1369162 3354.446151
1369369 497.955210
1370250 2920.039541
1370451 482.338026
1370839 1177.018742
1371839 3269.205266
1372043 506.710598
1372246 499.743860
1373246 3298.871543
1373443 463.234706
1373756 890.687787
1374756 3418.222463
1375756 3371.475477
1376756 3407.009032
1377756 3262.372637
1378414 2238.241410
1379414 3341.402726
1380414 3329.126982
1381026 1912.954305
1381343 926.906298
1382343 3325.302542
1382887 1787.470899
1383093 507.036742
1384093 3264.405689
1385093 3332.834326
1385291 476.384086
1385503 537.299285
1386503 3416.394928
1386706 502.857356
1386909 497.886889
1387468 1847.427865
1387864 1183.117336
1388074 517.645782
1389074 3360.151309
1389285 528.315955
1390285 3371.849020
1391285 3405.525798
1391499 550.421749
1391708 526.968156
1392708 3417.922681
1392922 553.423106
1393523 1914.847479
1394523 3354.146181
1394734 519.044165
1395734 3400.191785
1396150 1239.266919
1396366 554.780774
1397366 3353.631656
1397870 1590.523868
1398870 3375.682103
1399870 3413.825324
1400870 3396.071143
1401870 3248.821941
1402186 925.585964
1403186 3379.570703
1404186 3341.572200
1404404 556.083279
1405404 3412.144440
1406404 3355.424314
1407404 3471.121394
1408404 3392.980670
1409404 3421.701581
1410404 3453.443853
1411404 3429.825891
1412247 2808.054638
1413247 3331.604871
1414247 3438.726943
1415247 3443.588333
1415939 2262.376305
1416939 3445.218078
1417939 3320.900624
1418028 175.217749
1418534 1714.300785
1419534 3446.522842
1420534 3450.412542
1421534 3494.526248
1422534 3505.531357
1423534 3475.884570
1424534 3444.941319
1425534 3458.207239
1426225 2275.281874
1427212 3329.613417
1427420 507.596521
1428310 3006.908791
1429310 3500.424032
1430310 3407.611600
1431310 3498.529605
1432310 3467.045984
1433310 3393.667573
1434260 3278.090786
1435260 3543.225881
1436260 3430.711300
1437260 3454.626090
1438260 3361.809986
1439260 3365.713335
1440178 3269.305266
1441178 3413.768294
1442178 3430.559504
1443178 3345.623340
1444178 3396.772401
1445178 3411.171353
1446178 3353.412730
1447178 3348.215090
1448178 3410.469438
1448446 865.142941
1449446 3328.086059
1450446 3529.450849
1450587 363.672898
1451587 3390.846178
1452587 3436.321319
1452897 996.778915
1453678 2709.005383
1454678 3426.766804
1454989 1058.295140
1455989 3466.494883
1456989 3438.277927
1457989 3435.444479
1458989 3374.337900
1459263 877.005037
1459431 428.548128
1460431 3420.142953
1460825 1327.278601
1461825 3460.031698
1462825 3426.532756
1463042 555.124800
1464042 3419.718709
1465042 3442.507772
1466042 3471.488408
1467042 3429.756426
1468042 3466.172220
1469042 3444.233876
1470042 3424.296142
1470306 842.664039
1471306 3442.502387
1472306 3502.554015
1472577 879.119968
1473577 3433.526478
1474324 2562.070843
1474590 879.581822
1475590 3444.325799
1476590 3394.641232
1476875 955.262386
1477875 3295.431730
1478875 3391.055763
1479875 3506.364666
1480875 3460.258156
1481875 3467.873863
1482875 3425.673581
1483875 3458.968969
1484875 3474.909504
1485875 3501.522813
1486875 3491.730317
1487875 3477.397225
1488875 3467.218033
1489875 3470.352200
1490875 3501.767234
1491165 951.942713
1492165 3482.805733
1493165 3464.049201
1494165 3436.636500
1494553 1262.950924
1495553 3469.762131
1496553 3485.022824
1497553 3490.267655
1498553 3508.564607
1499553 3469.397028
1499826 899.882383
1500826 3454.505655
1501826 3485.660927
1502625 2793.694839
1503625 3449.406165
1504625 3426.001953
1505625 3517.909343
1506625 3492.170535
1507625 3472.441017
1508441 2869.370337
1509441 3467.809849
1510441 3468.909664
1511441 3458.622406
1511871 1439.576748
1512871 3503.991330
1513871 3456.389390
1514400 1812.097418
1515400 3460.996538
1516400 3458.318068
1516969 1968.890961
1517938 3416.552910
1518938 3468.279161
1519795 3039.414783
1520334 1873.474243
1520692 1187.380614
1521124 1462.946472
1521668 1861.499624
1522276 2153.476079
1523276 3436.595737
1524276 3474.237846
1525208 3269.943226
1526128 3246.833249
1526839 2472.818978
1527839 3483.729155
1528274 1463.194144
1529084 2819.767329
1529555 1612.686198
1529991 1480.453188
1530991 3516.405174
1531262 870.088351
1531931 2366.098170
1532322 1312.079595
1532848 1792.689421
1533848 3492.737058
1534630 2727.061754
1535630 3430.613345
1536349 2562.165355
1536822 1595.345287
1537272 1529.989143
1538272 3421.374022
1539272 3458.920031
1539993 2540.024279
1540993 3485.069107
1541523 1812.744754
1541964 1442.641070
1542964 3520.130271
1543493 1817.273645
1544016 1754.374001
1544650 2236.220778
1545650 3486.394471
1546650 3530.480116
1547650 3400.322435
1548650 3519.499138
1549403 2666.321640
1550403 3455.130078
1550913 1754.213019
1551792 3118.724977
1552792 3472.679969
1553057 847.793097
1554057 3500.172904
1555057 3467.943938
1556057 3468.772686
1557057 3476.366860
1558057 3478.108434
1559057 3509.483796
1560057 3512.159343
1561057 3486.576587
1561597 1876.855739
1562597 3452.792576
1563597 3474.051675
1564253 2319.179396
1565253 3488.362642
1566253 3477.625929
1567253 3490.744785
1568253 3468.651759
1569253 3483.000764
1569964 2500.984849
1570748 2782.627097
1571748 3530.482150
1572748 3466.499592
1573242 1722.253019
1574179 3368.199555
1574396 692.288228
1574995 2046.823583
1575697 2472.973215
1576697 3498.753302
1577681 3409.079706
1578378 2414.666112
1578876 1716.687150
1579559 2371.106860
1580310 2646.565895
1581310 3511.241728
1581879 1969.656305
1582879 3531.676924
1583879 3484.895166
1584879 3489.240671
1585879 3482.272294
1585963 160.119791
1586536 1959.922393
1587085 1912.940195
1588085 3490.370696
1589085 3402.941272
1590085 3505.271690
1591085 3497.054652
1592001 3234.013722
1593001 3477.782886
1594001 3450.152765
1595001 3457.481192
1596001 3432.259015
1597001 3496.164715
1597631 1996.559851
1598631 3451.669552
1599631 3437.507620
1600631 3446.120067
1601631 3391.146417
1602631 3459.865507
1603631 3455.369273
1604631 3433.429380
1605631 3415.118457
1606124 1666.553157
1607124 3428.030051
1608124 3365.748470
1609124 3358.943586
1609692 1899.091102
1610692 3393.581794
1611692 3356.719206
1612692 3443.527675
1613692 3428.700547
1614669 3386.213717
1615669 3413.092070
1615860 470.777034
1616860 3436.347246
1617860 3525.360825
1618860 3386.017806
1619860 3393.463909
1620860 3414.037156
1621860 3364.932432
1622860 3408.006764
1623860 3344.360234
1624860 3428.963798
1625860 3418.463453
1626860 3362.319873
1627860 3421.742913
1628860 3443.480752
1629336 1563.200715
1630336 3407.680223
1631336 3329.594488
1632336 3397.889458
1632468 266.048175
1633468 3421.939652
1634468 3414.464041
1635468 3410.076008
1636468 3430.499275
1637468 3385.086839
1638468 3439.228990
1639192 2446.801332
1640192 3460.127114
1641192 3447.344494
1642192 3477.365208
1643192 3486.064196
1643324 265.154284
1644324 3490.261572
1645324 3399.236037
1646025 2444.702470
1647025 3457.979968
1647805 2644.803889
1647902 180.576815
1648677 2725.021191
1649677 3385.113164
1650677 3404.583613
1651235 1936.201589
1651845 2095.576075
1652845 3441.502209
1653845 3403.131624
1654442 2070.898176
1655442 3428.377092
1656442 3481.964560
1657442 3462.203392
1658240 2812.044453
1659240 3447.992143
1660240 3439.225655
1661240 3473.302412
1662240 3441.046449
1663240 3443.002753
1664240 3421.179227
1665240 3444.853680
1666240 3466.397932
1667240 3438.882751
1668240 3481.176628
1669240 3455.109077
1670240 3431.313466
1671240 3425.087920
1672240 3403.728165
1673240 3418.140838
1674240 3479.872208
1675240 3400.139666
1676240 3450.751723
1677240 3436.411114
1678240 3407.473242
1678856 2149.308115
1679856 3421.777388
1680856 3452.968818
1681856 3445.924320
1682856 3444.136163
1683856 3421.685558
1684856 3470.824019
1685243 1305.424227
1686243 3439.951273
1686582 1106.805440
1687582 3467.749976
1688582 3443.983915
1689582 3440.382137
1689945 1220.332293
1690945 3460.558638
1691945 3447.902515
1692945 3456.765184
1693945 3466.543812
1694945 3469.673701
1695581 2187.015713
1696229 2190.581405
1697229 3477.976298
1697842 2176.616570
1698324 1638.619931
1699323 3566.078426
1700236 3168.089817
1701117 3046.486209
1701558 1499.851059
1702558 3518.990982
1703558 3453.382860
1703960 1365.712600
1704911 3381.421403
1705798 3170.631969
1706278 1682.329827
1706817 1912.985355
1707601 2750.407169
1708148 1903.253171
1709148 3483.688084
1709438 930.938472
1710438 3486.208641
1711072 2243.135095
1711751 2373.745393
1712486 2593.964306
1712746 900.930969
1713746 3462.189220
1714515 2715.948421
1715515 3489.554349
1716515 3446.377543
1717515 3465.108849
1718515 3491.462644
1719182 2377.590722
1720074 3182.718068
1720642 1992.648778
1721642 3494.977397
1722283 2304.389269
1723283 3479.179873
1724283 3505.786554
1725283 3482.505933
1726283 3437.174575
1727283 3466.687902
1728283 3481.442946
1729283 3481.424379
1729891 2172.435841
1730347 1601.783507
1731249 3169.391543
1732249 3485.496309
1733249 3488.626589
1733525 899.587185
1734059 1869.154776
1734782 2507.164607
1735782 3492.903908
1736560 2704.956027
1737103 1923.943426
1737879 2774.969474
1738585 2440.747287
1739585 3486.848456
1740543 3404.966653
1740996 1564.101130
1741648 2268.502247
1742155 1727.670071
1743155 3457.618572
1743529 1291.920248
1743984 1545.262330
1744984 3469.380655
1745856 3074.866542
1746218 1246.496416
1746909 2439.001017
1747407 1696.015826
1747774 1234.177503
1748127 1173.225294
1748866 2586.319509
1749319 1593.181438
1749809 1710.583037
1750809 3485.670153
1751536 2570.485433
1752536 3529.939348
1753273 2552.818752
1753919 2291.912019
1754759 2921.673843
1754996 748.714700
1755345 1161.882097
1755719 1290.371657
1756330 2147.706320
1757073 2617.338400
1757309 745.739483
1758309 3451.492291
1759309 3441.363960
1759904 2091.748421
1760904 3494.935818
1761580 2381.775181
1762318 2570.132066
1763318 3473.003405
1763969 2319.494282
1764969 3445.272329
1765476 1775.642205
1766353 3088.891721
1766766 1413.332259
1767766 3436.885626
1768766 3479.051461
1769766 3454.574890
1770766 3469.850385
1771766 3497.658257
1772766 3502.618740
1773531 2725.958935
1774531 3457.209277
1775225 2435.067238
1776225 3440.217589
1777212 3556.494424
1777459 798.152856
1778459 3422.572890
1779459 3409.488755
1780346 3075.743865
1781346 3457.732279
1782346 3495.200869
1783346 3421.621617
1784346 3398.222337
1784939 2053.987296
1785939 3419.153740
1786157 569.076703
1787157 3395.121134
1788157 3403.051319
1789157 3363.683348
1790107 3242.571727
1791107 3419.001355
1791894 2699.170129
1792894 3373.389064
1793894 3388.866585
1794894 3370.151139
1795624 2611.106930
1796624 3322.250908
1797624 3314.906116
1798612 3283.435685
1799612 3295.935793
1800612 3366.317996
1801612 3336.776460
1802612 3336.083701
1803612 3364.348087
1803828 563.444673
1804046 566.543027
1805046 3327.185737
1806046 3296.493437
1807042 3261.162254
1808042 3338.814087
1809042 3323.639566
1809963 3202.575973
1810289 899.287288
1811289 3331.526261
1811798 1612.540712
1812798 3349.943474
1813798 3302.459761
1814798 3356.611371
1815497 2374.416901
1816497 3296.679512
1817497 3365.156825
1818497 3353.224430
1819497 3353.498884
1820366 2850.114974
1821366 3349.109731
1822366 3409.693650
1823366 3335.964739
1824238 3018.124131
1824925 2169.714830
1825925 3328.646372
1826696 2612.137999
1827198 1726.556602
1828198 3417.382959
1829198 3377.716454
1830198 3420.780836
1831198 3364.666832
1832198 3380.152737
1832680 1655.129511
1833680 3369.012305
1834680 3342.694466
1835680 3399.340268
1836577 3137.056525
1837321 2524.837629
1838089 2615.784558
1839089 3315.151010
1840089 3323.428130
1841089 3313.985335
1842089 3308.330449
1843089 3398.968289
1844089 3318.465371
1844747 2262.162634
1845747 3322.323817
1846747 3391.001445
1847747 3423.273302
1848354 2017.325528
1849354 3338.068401
1850354 3378.407070
1851243 3118.659629
1852243 3333.358963
1853243 3376.102978
1854243 3352.473262
1855243 3301.607643
1856243 3420.873448
1856374 266.945510
1857352 3337.668228
1858352 3341.342220
1859352 3388.427684
1860352 3356.429250
1861352 3396.800881
1862352 3428.166187
1863352 3376.773473
1864352 3560.713981
1864994 2172.713897
1865994 3503.196481
1866994 3421.370134
1867994 3465.440968
1868994 3481.085898
1869994 3480.371631
1870656 2347.420869
1871563 3210.880975
1872130 2016.735400
1872777 2249.619999
1873292 1754.467318
1873999 2532.419852
1874999 3468.362818
1875449 1520.941279
1876174 2516.755116
1877174 3464.255256
1877834 2340.505950
1878666 2970.363809
1879666 3426.353622
1880482 2880.094164
1881037 1965.616220
1882037 3486.826150
1882600 2013.179399
1883600 3437.100149
1884600 3479.864812
1885243 2215.856731
1886243 3554.906823
1886718 1652.906919
1887718 3456.635216
1888188 1638.763451
1889188 3547.742845
1890044 3051.414799
1891044 3462.900697
1891611 1960.515816
1892241 2250.923069
1893241 3456.398020
1893719 1670.208942
1894200 1661.084066
1894776 2016.332569
1895567 2852.022553
1896567 3427.960305
1897405 2963.495002
1898072 2365.825307
1898611 1902.436758
1899611 3491.256641
1900611 3492.458427
1901611 3451.627060
1902392 2782.031377
1903392 3454.376234
1904392 3454.390215
1905392 3479.528318
1906392 3480.102585
1907392 3459.639757
1908281 3138.963139
1909281 3464.736826
1910281 3475.336690
1911229 3406.266981
1911821 2110.786319
1912490 2376.556189
1912967 1676.049554
1913436 1681.065346
1914006 2019.047854
1914710 2483.355855
1915172 1658.021684
1915986 2935.138314
1916893 3204.281822
1917893 3436.837587
1918893 3443.630918
1919893 3447.771807
1920893 3479.510838
1921523 2251.526392
1922523 3490.660444
1923464 3366.344594
1923954 1705.180800
1924954 3420.043389
1925545 2043.810115
1926075 1852.773586
1927075 3455.541488
1927820 2634.031181
1928820 3437.898595
1929820 3477.570353
1930368 1929.486184
1931368 3389.769772
1932368 3476.924488
1933368 3444.999750
1934368 3470.270073
1935368 3475.027318
1936368 3387.838060
1937096 2590.422036
1937744 2328.976254
1938744 3506.015283
1939744 3464.151772
1940744 3421.435894
1941744 3540.037678
1942224 1686.448202
1942804 2016.411464
1943297 1667.067059
1943779 1692.570961
1944247 1639.457103
1944605 1242.609541
1945431 2932.599556
1945866 1525.703480
1946251 1334.379197
1946755 1780.807745
1947187 1514.516350
1947668 1676.601446
1948318 2297.303312
1948760 1575.386659
1949100 1191.404985
1949533 1538.011785
1950226 2459.732073
1950861 2253.894357
1951660 2839.640622
1952070 1374.188589
1952644 2001.718251
1953138 1749.352918
1953707 2022.098077
1954515 2908.816397
1955072 1978.417746
1956072 3592.384755
1956748 2371.349841
1957542 2859.430676
1958391 3006.613042
1958988 2084.190066
1959261 950.125582
1960166 3270.971517
1960455 1002.787272
1961455 3529.386158
1962455 3522.115046
1963152 2488.192266
1963691 1892.419912
1964691 3528.260339
1964908 696.235672
1965908 3478.562302
1966452 1953.597301
1966951 1789.774988
1967409 1633.801547
1967897 1704.235620
1968531 2274.896479
1969531 3565.520099
1970186 2359.758432
1970643 1636.831749
1971210 2011.078885
1971662 1617.444822
1972148 1696.279214
1973148 3516.896853
1973760 2165.461483
1974053 952.470852
1974693 2289.515357
1975591 3252.320525
1975903 1088.402423
1976903 3493.686086
1977903 3500.404411
1978383 1702.563066
1979383 3482.448726
1980383 3514.533381
1981383 3493.838710
1982383 3495.326758
1982972 2087.625720
1983573 2122.839502
1984320 2636.867944
1985320 3513.847925
1986320 3474.914404
1987320 3548.550099
1987530 664.239998
1988530 3534.616634
1989087 1950.120042
1990087 3463.579786
1991087 3503.935224
1992087 3495.248381
1992562 1683.427046
1993043 1663.594018
1994043 3461.054787
1994702 2385.040344
1995702 3479.136331
1996633 3356.184499
1997380 2666.267147
1998380 3527.831050
1998575 573.249548
1998791 648.780657
1999791 3441.416160
2000689 3185.442623
